[2024-03-19 17:58:42,613][flwr][INFO] - working_dir: null
to_save_once:
- yaml
- log
- wandb
to_save_per_round:
- parameters
- rng
- history
save_frequency: 1
to_restore: []
to_clean_once:
- history
- parameters
- yaml
- log
- rng
- history
use_wandb: false
debug_clients:
  all: false
  one: true
wandb_resume: false
wandb_id: null
wandb:
  setup:
    project: template
    tags:
    - strategy_${strategy.name}
    - seed_${fed.seed}
    entity: null
    mode: online
ray_address: null
ray_redis_password: null
ray_node_ip_address: null
file_limit: 250
task:
  model_and_data: FMNIST_CNN
  train_structure: FMNIST
  fit_config:
    net_config: {}
    dataloader_config:
      batch_size: 4
    run_config:
      epochs: 1
      learning_rate: 0.001
      optimizer: adam
    extra: {}
  eval_config:
    net_config: {}
    dataloader_config:
      batch_size: 8
    run_config: {}
    extra: {}
  fed_test_config:
    net_config: {}
    dataloader_config:
      batch_size: 8
    run_config: {}
    extra: {}
  net_config_initial_parameters: {}
  fit_metrics:
  - train_loss
  - train_accuracy
  evaluate_metrics:
  - test_accuracy
fed:
  num_rounds: 50
  num_total_clients: 100
  num_clients_per_round: 20
  num_evaluate_clients_per_round: 20
  enable_resampling: false
  cpus_per_client: 2
  gpus_per_client: 0
  seed: 1337
  load_saved_state: true
  server_round: null
  parameters_folder: null
  rng_folder: null
  history_folder: null
strategy:
  name: FedAvg
  init:
    _target_: flwr.server.strategy.FedAvg
dataset:
  dataset_dir: ./data/fmnist/data
  partition_dir: ./data/fmnist/partition
  num_clients: 100
  val_ratio: 0.1
  seed: 1337
  iid: false
  power_law: false
  balance: false
  lda: true
  alpha: 100.0

[2024-03-19 17:58:42,633][flwr][INFO] - Wandb run initialized with False
[2024-03-19 17:58:42,634][flwr][INFO] - Pre-cleaning ['history', 'parameters', 'yaml', 'log', 'rng', 'history']
[2024-03-19 17:58:42,634][flwr][INFO] - Loading parameters failed from: /Users/grantwilkins/fl-final-proj/outputs/2024-03-19/17-58-42/results/state/parameters/parameters_0.bin
[2024-03-19 17:58:42,634][flwr][INFO] - Generating initial parameters with config: {}
[2024-03-19 17:58:42,634][flwr][INFO] - Generating initial parameters with config: {}
[2024-03-19 17:58:42,644][flwr][INFO] - Using RNG seed: 1337
[2024-03-19 17:58:44,594][flwr][INFO] - Fit debug fit: [536, {'train_loss': 0.35256821473142996, 'train_accuracy': 0.48134328358208955}]  and eval: (0.31283006829730536, 59, {'test_accuracy': 0.06779661016949153})
[2024-03-19 17:58:44,595][flwr][INFO] - Starting Flower simulation, config: ServerConfig(num_rounds=50, round_timeout=None)
[2024-03-19 17:58:47,150][flwr][INFO] - Flower VCE: Ray initialized with resources: {'CPU': 10.0, 'node:127.0.0.1': 1.0, 'node:__internal_head__': 1.0, 'object_store_memory': 2147483648.0, 'memory': 22646682420.0}
[2024-03-19 17:58:47,150][flwr][INFO] - Optimize your simulation with Flower VCE: https://flower.dev/docs/framework/how-to-run-simulations.html
[2024-03-19 17:58:47,150][flwr][INFO] - Flower VCE: Resources for each Virtual Client: {'num_cpus': 2, 'num_gpus': 0.0}
[2024-03-19 17:58:47,157][flwr][INFO] - Flower VCE: Creating VirtualClientEngineActorPool with 5 actors
[2024-03-19 17:58:47,157][flwr][INFO] - Initializing global parameters
[2024-03-19 17:58:47,157][flwr][INFO] - Using initial parameters provided by strategy
[2024-03-19 17:58:47,158][flwr][INFO] - Evaluating initial parameters
[2024-03-19 17:58:50,512][flwr][INFO] - initial parameters (loss, other metrics): 0.2883074324131012, {'test_accuracy': 0.0997}
[2024-03-19 17:58:50,518][flwr][INFO] - FL starting
[2024-03-19 17:58:50,518][flwr][INFO] - Sampled the following clients: ['18', '62', '29', '0', '45', '56', '26', '93', '96', '76', '83', '92', '99', '54', '43', '3', '84', '27', '37', '59']
[2024-03-19 17:58:50,519][flwr][DEBUG] - fit_round 1: strategy sampled 20 clients (out of 100)
[2024-03-19 17:58:59,095][flwr][DEBUG] - fit_round 1 received 20 results and 0 failures
[2024-03-19 17:59:02,063][flwr][INFO] - fit progress: (1, 0.22397746175527572, {'test_accuracy': 0.6835}, 11.544372458010912)
[2024-03-19 17:59:02,063][flwr][INFO] - Sampled the following clients: ['41', '72', '1', '61', '47', '80', '99', '97', '54', '10', '58', '93', '89', '30', '23', '14', '31', '68', '96', '66']
[2024-03-19 17:59:02,063][flwr][DEBUG] - evaluate_round 1: strategy sampled 20 clients (out of 100)
[2024-03-19 17:59:02,450][flwr][DEBUG] - evaluate_round 1 received 20 results and 0 failures
[2024-03-19 17:59:02,456][flwr][INFO] - Sampled the following clients: ['0', '59', '24', '71', '20', '33', '69', '36', '73', '9', '61', '14', '37', '84', '42', '27', '79', '31', '46', '53']
[2024-03-19 17:59:02,456][flwr][DEBUG] - fit_round 2: strategy sampled 20 clients (out of 100)
[2024-03-19 17:59:08,626][flwr][DEBUG] - fit_round 2 received 20 results and 0 failures
[2024-03-19 17:59:11,681][flwr][INFO] - fit progress: (2, 0.08333105103224515, {'test_accuracy': 0.7572}, 21.16243675001897)
[2024-03-19 17:59:11,681][flwr][INFO] - Sampled the following clients: ['18', '80', '54', '3', '75', '57', '0', '27', '22', '23', '99', '78', '37', '2', '51', '55', '58', '4', '44', '74']
[2024-03-19 17:59:11,681][flwr][DEBUG] - evaluate_round 2: strategy sampled 20 clients (out of 100)
[2024-03-19 17:59:12,025][flwr][DEBUG] - evaluate_round 2 received 20 results and 0 failures
[2024-03-19 17:59:12,032][flwr][INFO] - Sampled the following clients: ['40', '96', '0', '76', '54', '73', '31', '66', '72', '32', '74', '12', '75', '55', '15', '83', '56', '19', '9', '90']
[2024-03-19 17:59:12,032][flwr][DEBUG] - fit_round 3: strategy sampled 20 clients (out of 100)
[2024-03-19 17:59:18,218][flwr][DEBUG] - fit_round 3 received 20 results and 0 failures
[2024-03-19 17:59:21,207][flwr][INFO] - fit progress: (3, 0.07739248339682818, {'test_accuracy': 0.7683}, 30.68799354112707)
[2024-03-19 17:59:21,207][flwr][INFO] - Sampled the following clients: ['21', '94', '43', '95', '75', '77', '53', '41', '11', '67', '28', '84', '7', '57', '4', '91', '6', '76', '2', '25']
[2024-03-19 17:59:21,207][flwr][DEBUG] - evaluate_round 3: strategy sampled 20 clients (out of 100)
[2024-03-19 17:59:21,540][flwr][DEBUG] - evaluate_round 3 received 20 results and 0 failures
[2024-03-19 17:59:21,546][flwr][INFO] - Sampled the following clients: ['96', '98', '53', '49', '10', '18', '42', '63', '37', '88', '94', '81', '31', '56', '74', '50', '86', '25', '15', '28']
[2024-03-19 17:59:21,546][flwr][DEBUG] - fit_round 4: strategy sampled 20 clients (out of 100)
[2024-03-19 17:59:27,679][flwr][DEBUG] - fit_round 4 received 20 results and 0 failures
[2024-03-19 17:59:30,694][flwr][INFO] - fit progress: (4, 0.06932443207819015, {'test_accuracy': 0.7943}, 40.17515695816837)
[2024-03-19 17:59:30,694][flwr][INFO] - Sampled the following clients: ['36', '62', '92', '38', '75', '54', '45', '8', '26', '7', '91', '63', '43', '52', '66', '10', '83', '60', '55', '21']
[2024-03-19 17:59:30,694][flwr][DEBUG] - evaluate_round 4: strategy sampled 20 clients (out of 100)
[2024-03-19 17:59:31,044][flwr][DEBUG] - evaluate_round 4 received 20 results and 0 failures
[2024-03-19 17:59:31,050][flwr][INFO] - Sampled the following clients: ['3', '38', '10', '6', '91', '66', '41', '36', '94', '40', '8', '35', '69', '79', '27', '64', '65', '70', '59', '20']
[2024-03-19 17:59:31,051][flwr][DEBUG] - fit_round 5: strategy sampled 20 clients (out of 100)
[2024-03-19 17:59:37,183][flwr][DEBUG] - fit_round 5 received 20 results and 0 failures
[2024-03-19 17:59:40,158][flwr][INFO] - fit progress: (5, 0.06669986370559781, {'test_accuracy': 0.8028}, 49.63977158302441)
[2024-03-19 17:59:40,159][flwr][INFO] - Sampled the following clients: ['18', '81', '51', '75', '11', '66', '76', '39', '10', '89', '96', '57', '79', '50', '40', '90', '45', '46', '31', '61']
[2024-03-19 17:59:40,159][flwr][DEBUG] - evaluate_round 5: strategy sampled 20 clients (out of 100)
[2024-03-19 17:59:40,501][flwr][DEBUG] - evaluate_round 5 received 20 results and 0 failures
[2024-03-19 17:59:40,507][flwr][INFO] - Sampled the following clients: ['53', '40', '33', '94', '26', '41', '52', '3', '31', '69', '76', '81', '27', '71', '18', '91', '2', '44', '11', '84']
[2024-03-19 17:59:40,507][flwr][DEBUG] - fit_round 6: strategy sampled 20 clients (out of 100)
[2024-03-19 17:59:46,572][flwr][DEBUG] - fit_round 6 received 20 results and 0 failures
[2024-03-19 17:59:49,554][flwr][INFO] - fit progress: (6, 0.06393408125527203, {'test_accuracy': 0.8083}, 59.03504612506367)
[2024-03-19 17:59:49,554][flwr][INFO] - Sampled the following clients: ['40', '30', '61', '48', '49', '90', '2', '85', '27', '65', '80', '12', '74', '47', '39', '69', '63', '86', '87', '66']
[2024-03-19 17:59:49,554][flwr][DEBUG] - evaluate_round 6: strategy sampled 20 clients (out of 100)
[2024-03-19 17:59:49,890][flwr][DEBUG] - evaluate_round 6 received 20 results and 0 failures
[2024-03-19 17:59:49,895][flwr][INFO] - Sampled the following clients: ['63', '74', '14', '11', '58', '76', '92', '62', '73', '22', '65', '91', '47', '71', '56', '10', '40', '17', '33', '34']
[2024-03-19 17:59:49,896][flwr][DEBUG] - fit_round 7: strategy sampled 20 clients (out of 100)
[2024-03-19 17:59:55,973][flwr][DEBUG] - fit_round 7 received 20 results and 0 failures
[2024-03-19 17:59:58,957][flwr][INFO] - fit progress: (7, 0.06056091821882874, {'test_accuracy': 0.8271}, 68.43823837512173)
[2024-03-19 17:59:58,957][flwr][INFO] - Sampled the following clients: ['9', '28', '80', '42', '19', '82', '17', '84', '43', '69', '56', '15', '63', '81', '6', '64', '10', '68', '89', '12']
[2024-03-19 17:59:58,957][flwr][DEBUG] - evaluate_round 7: strategy sampled 20 clients (out of 100)
[2024-03-19 17:59:59,311][flwr][DEBUG] - evaluate_round 7 received 20 results and 0 failures
[2024-03-19 17:59:59,317][flwr][INFO] - Sampled the following clients: ['26', '65', '22', '82', '73', '93', '50', '48', '76', '3', '11', '51', '79', '90', '96', '2', '86', '25', '19', '13']
[2024-03-19 17:59:59,317][flwr][DEBUG] - fit_round 8: strategy sampled 20 clients (out of 100)
[2024-03-19 18:00:05,445][flwr][DEBUG] - fit_round 8 received 20 results and 0 failures
[2024-03-19 18:00:08,421][flwr][INFO] - fit progress: (8, 0.05893616042993963, {'test_accuracy': 0.83}, 77.90172350010835)
[2024-03-19 18:00:08,421][flwr][INFO] - Sampled the following clients: ['53', '17', '91', '18', '86', '0', '30', '80', '22', '81', '76', '61', '52', '55', '96', '68', '54', '28', '92', '64']
[2024-03-19 18:00:08,421][flwr][DEBUG] - evaluate_round 8: strategy sampled 20 clients (out of 100)
[2024-03-19 18:00:08,787][flwr][DEBUG] - evaluate_round 8 received 20 results and 0 failures
[2024-03-19 18:00:08,793][flwr][INFO] - Sampled the following clients: ['9', '90', '34', '35', '37', '31', '17', '5', '26', '19', '83', '11', '18', '8', '77', '84', '29', '3', '56', '72']
[2024-03-19 18:00:08,793][flwr][DEBUG] - fit_round 9: strategy sampled 20 clients (out of 100)
[2024-03-19 18:00:14,922][flwr][DEBUG] - fit_round 9 received 20 results and 0 failures
[2024-03-19 18:00:17,905][flwr][INFO] - fit progress: (9, 0.05855994892213494, {'test_accuracy': 0.8333}, 87.38628091616556)
[2024-03-19 18:00:17,905][flwr][INFO] - Sampled the following clients: ['99', '24', '66', '35', '3', '1', '50', '67', '13', '97', '76', '4', '75', '53', '87', '61', '98', '31', '45', '44']
[2024-03-19 18:00:17,906][flwr][DEBUG] - evaluate_round 9: strategy sampled 20 clients (out of 100)
[2024-03-19 18:00:18,237][flwr][DEBUG] - evaluate_round 9 received 20 results and 0 failures
[2024-03-19 18:00:18,253][flwr][INFO] - Sampled the following clients: ['96', '46', '99', '31', '33', '10', '4', '5', '69', '20', '60', '52', '95', '15', '47', '66', '61', '90', '85', '12']
[2024-03-19 18:00:18,253][flwr][DEBUG] - fit_round 10: strategy sampled 20 clients (out of 100)
[2024-03-19 18:00:24,419][flwr][DEBUG] - fit_round 10 received 20 results and 0 failures
[2024-03-19 18:00:27,432][flwr][INFO] - fit progress: (10, 0.05640279116220772, {'test_accuracy': 0.8395}, 96.91255200002342)
[2024-03-19 18:00:27,432][flwr][INFO] - Sampled the following clients: ['26', '40', '28', '34', '68', '46', '42', '73', '93', '84', '61', '72', '10', '78', '94', '33', '4', '11', '70', '24']
[2024-03-19 18:00:27,432][flwr][DEBUG] - evaluate_round 10: strategy sampled 20 clients (out of 100)
[2024-03-19 18:00:27,774][flwr][DEBUG] - evaluate_round 10 received 20 results and 0 failures
[2024-03-19 18:00:27,780][flwr][INFO] - Sampled the following clients: ['80', '18', '11', '61', '25', '0', '85', '30', '19', '14', '53', '90', '43', '29', '33', '36', '81', '99', '58', '5']
[2024-03-19 18:00:27,780][flwr][DEBUG] - fit_round 11: strategy sampled 20 clients (out of 100)
[2024-03-19 18:00:33,866][flwr][DEBUG] - fit_round 11 received 20 results and 0 failures
[2024-03-19 18:00:36,853][flwr][INFO] - fit progress: (11, 0.05603545064944774, {'test_accuracy': 0.8397}, 106.33382458309643)
[2024-03-19 18:00:36,853][flwr][INFO] - Sampled the following clients: ['14', '79', '10', '1', '85', '92', '80', '48', '61', '50', '25', '45', '43', '7', '15', '33', '98', '75', '97', '47']
[2024-03-19 18:00:36,853][flwr][DEBUG] - evaluate_round 11: strategy sampled 20 clients (out of 100)
[2024-03-19 18:00:37,210][flwr][DEBUG] - evaluate_round 11 received 20 results and 0 failures
[2024-03-19 18:00:37,216][flwr][INFO] - Sampled the following clients: ['41', '75', '57', '14', '91', '99', '52', '16', '44', '24', '95', '23', '80', '27', '92', '35', '55', '94', '31', '69']
[2024-03-19 18:00:37,216][flwr][DEBUG] - fit_round 12: strategy sampled 20 clients (out of 100)
[2024-03-19 18:00:43,384][flwr][DEBUG] - fit_round 12 received 20 results and 0 failures
[2024-03-19 18:00:46,485][flwr][INFO] - fit progress: (12, 0.05439881294835359, {'test_accuracy': 0.8442}, 115.96586075006053)
[2024-03-19 18:00:46,485][flwr][INFO] - Sampled the following clients: ['27', '32', '70', '96', '74', '37', '52', '39', '82', '23', '66', '7', '38', '24', '26', '79', '36', '51', '8', '58']
[2024-03-19 18:00:46,485][flwr][DEBUG] - evaluate_round 12: strategy sampled 20 clients (out of 100)
[2024-03-19 18:00:46,832][flwr][DEBUG] - evaluate_round 12 received 20 results and 0 failures
[2024-03-19 18:00:46,838][flwr][INFO] - Sampled the following clients: ['31', '22', '18', '50', '54', '26', '58', '3', '27', '2', '91', '63', '68', '87', '4', '33', '6', '42', '34', '45']
[2024-03-19 18:00:46,839][flwr][DEBUG] - fit_round 13: strategy sampled 20 clients (out of 100)
[2024-03-19 18:00:53,103][flwr][DEBUG] - fit_round 13 received 20 results and 0 failures
[2024-03-19 18:00:56,178][flwr][INFO] - fit progress: (13, 0.05357005313448608, {'test_accuracy': 0.8484}, 125.65899529098533)
[2024-03-19 18:00:56,179][flwr][INFO] - Sampled the following clients: ['21', '33', '98', '74', '92', '2', '14', '9', '67', '87', '89', '76', '32', '40', '52', '71', '75', '6', '11', '86']
[2024-03-19 18:00:56,179][flwr][DEBUG] - evaluate_round 13: strategy sampled 20 clients (out of 100)
[2024-03-19 18:00:56,529][flwr][DEBUG] - evaluate_round 13 received 20 results and 0 failures
[2024-03-19 18:00:56,535][flwr][INFO] - Sampled the following clients: ['45', '67', '28', '80', '9', '73', '94', '92', '11', '59', '61', '78', '18', '41', '64', '4', '1', '55', '57', '85']
[2024-03-19 18:00:56,535][flwr][DEBUG] - fit_round 14: strategy sampled 20 clients (out of 100)
[2024-03-19 18:01:02,689][flwr][DEBUG] - fit_round 14 received 20 results and 0 failures
[2024-03-19 18:01:05,749][flwr][INFO] - fit progress: (14, 0.052636724377051, {'test_accuracy': 0.8471}, 135.22949545807205)
[2024-03-19 18:01:05,749][flwr][INFO] - Sampled the following clients: ['66', '63', '38', '1', '49', '64', '88', '36', '51', '50', '18', '73', '56', '35', '99', '11', '44', '26', '4', '53']
[2024-03-19 18:01:05,749][flwr][DEBUG] - evaluate_round 14: strategy sampled 20 clients (out of 100)
[2024-03-19 18:01:06,165][flwr][DEBUG] - evaluate_round 14 received 20 results and 0 failures
[2024-03-19 18:01:06,172][flwr][INFO] - Sampled the following clients: ['81', '77', '91', '7', '30', '98', '69', '55', '1', '17', '73', '59', '9', '97', '2', '65', '38', '24', '6', '64']
[2024-03-19 18:01:06,172][flwr][DEBUG] - fit_round 15: strategy sampled 20 clients (out of 100)
[2024-03-19 18:01:12,334][flwr][DEBUG] - fit_round 15 received 20 results and 0 failures
[2024-03-19 18:01:15,421][flwr][INFO] - fit progress: (15, 0.05269475807715207, {'test_accuracy': 0.8483}, 144.90180220804177)
[2024-03-19 18:01:15,422][flwr][INFO] - Sampled the following clients: ['22', '29', '58', '6', '55', '69', '75', '72', '19', '17', '98', '76', '28', '67', '97', '25', '82', '31', '18', '52']
[2024-03-19 18:01:15,422][flwr][DEBUG] - evaluate_round 15: strategy sampled 20 clients (out of 100)
[2024-03-19 18:01:15,781][flwr][DEBUG] - evaluate_round 15 received 20 results and 0 failures
[2024-03-19 18:01:15,787][flwr][INFO] - Sampled the following clients: ['98', '8', '0', '77', '49', '40', '13', '33', '67', '34', '91', '54', '96', '82', '7', '60', '10', '97', '42', '83']
[2024-03-19 18:01:15,787][flwr][DEBUG] - fit_round 16: strategy sampled 20 clients (out of 100)
[2024-03-19 18:01:21,939][flwr][DEBUG] - fit_round 16 received 20 results and 0 failures
[2024-03-19 18:01:25,072][flwr][INFO] - fit progress: (16, 0.05223952157068998, {'test_accuracy': 0.8511}, 154.55250283307396)
[2024-03-19 18:01:25,072][flwr][INFO] - Sampled the following clients: ['31', '79', '78', '41', '89', '22', '94', '72', '76', '68', '75', '34', '87', '13', '39', '96', '25', '64', '69', '40']
[2024-03-19 18:01:25,072][flwr][DEBUG] - evaluate_round 16: strategy sampled 20 clients (out of 100)
[2024-03-19 18:01:25,416][flwr][DEBUG] - evaluate_round 16 received 20 results and 0 failures
[2024-03-19 18:01:25,422][flwr][INFO] - Sampled the following clients: ['43', '99', '52', '16', '65', '90', '33', '86', '37', '13', '74', '11', '88', '14', '59', '97', '3', '22', '47', '1']
[2024-03-19 18:01:25,422][flwr][DEBUG] - fit_round 17: strategy sampled 20 clients (out of 100)
[2024-03-19 18:01:31,572][flwr][DEBUG] - fit_round 17 received 20 results and 0 failures
[2024-03-19 18:01:34,594][flwr][INFO] - fit progress: (17, 0.05119653502162546, {'test_accuracy': 0.8547}, 164.0737844160758)
[2024-03-19 18:01:34,594][flwr][INFO] - Sampled the following clients: ['4', '86', '47', '48', '13', '14', '62', '94', '7', '38', '53', '95', '59', '1', '8', '27', '19', '29', '78', '41']
[2024-03-19 18:01:34,594][flwr][DEBUG] - evaluate_round 17: strategy sampled 20 clients (out of 100)
[2024-03-19 18:01:34,947][flwr][DEBUG] - evaluate_round 17 received 20 results and 0 failures
[2024-03-19 18:01:34,954][flwr][INFO] - Sampled the following clients: ['15', '59', '14', '63', '45', '24', '18', '87', '51', '70', '81', '13', '6', '55', '74', '17', '50', '48', '96', '16']
[2024-03-19 18:01:34,954][flwr][DEBUG] - fit_round 18: strategy sampled 20 clients (out of 100)
[2024-03-19 18:01:41,105][flwr][DEBUG] - fit_round 18 received 20 results and 0 failures
[2024-03-19 18:01:44,181][flwr][INFO] - fit progress: (18, 0.050479239330533894, {'test_accuracy': 0.8536}, 173.6613550831098)
[2024-03-19 18:01:44,181][flwr][INFO] - Sampled the following clients: ['22', '64', '81', '52', '47', '10', '96', '98', '34', '44', '7', '57', '62', '31', '14', '54', '90', '43', '37', '1']
[2024-03-19 18:01:44,181][flwr][DEBUG] - evaluate_round 18: strategy sampled 20 clients (out of 100)
[2024-03-19 18:01:44,513][flwr][DEBUG] - evaluate_round 18 received 20 results and 0 failures
[2024-03-19 18:01:44,520][flwr][INFO] - Sampled the following clients: ['10', '22', '16', '91', '66', '86', '77', '36', '59', '78', '83', '72', '47', '12', '40', '29', '52', '58', '65', '51']
[2024-03-19 18:01:44,520][flwr][DEBUG] - fit_round 19: strategy sampled 20 clients (out of 100)
[2024-03-19 18:01:50,875][flwr][DEBUG] - fit_round 19 received 20 results and 0 failures
[2024-03-19 18:01:54,096][flwr][INFO] - fit progress: (19, 0.05000047642542049, {'test_accuracy': 0.8551}, 183.57563875010237)
[2024-03-19 18:01:54,096][flwr][INFO] - Sampled the following clients: ['80', '46', '34', '40', '81', '49', '66', '79', '62', '29', '51', '38', '90', '85', '59', '8', '17', '10', '27', '87']
[2024-03-19 18:01:54,096][flwr][DEBUG] - evaluate_round 19: strategy sampled 20 clients (out of 100)
[2024-03-19 18:01:54,446][flwr][DEBUG] - evaluate_round 19 received 20 results and 0 failures
[2024-03-19 18:01:54,452][flwr][INFO] - Sampled the following clients: ['3', '65', '59', '57', '35', '33', '26', '96', '69', '87', '5', '1', '76', '56', '24', '58', '47', '62', '49', '9']
[2024-03-19 18:01:54,452][flwr][DEBUG] - fit_round 20: strategy sampled 20 clients (out of 100)
[2024-03-19 18:02:00,602][flwr][DEBUG] - fit_round 20 received 20 results and 0 failures
[2024-03-19 18:02:03,593][flwr][INFO] - fit progress: (20, 0.04965356988422573, {'test_accuracy': 0.8589}, 193.07299516606145)
[2024-03-19 18:02:03,593][flwr][INFO] - Sampled the following clients: ['54', '72', '45', '62', '50', '19', '92', '75', '32', '95', '20', '93', '11', '15', '98', '24', '13', '9', '4', '87']
[2024-03-19 18:02:03,593][flwr][DEBUG] - evaluate_round 20: strategy sampled 20 clients (out of 100)
[2024-03-19 18:02:03,958][flwr][DEBUG] - evaluate_round 20 received 20 results and 0 failures
[2024-03-19 18:02:03,964][flwr][INFO] - Sampled the following clients: ['89', '9', '33', '36', '47', '52', '19', '96', '10', '16', '51', '37', '26', '2', '20', '98', '79', '63', '40', '31']
[2024-03-19 18:02:03,964][flwr][DEBUG] - fit_round 21: strategy sampled 20 clients (out of 100)
[2024-03-19 18:02:10,050][flwr][DEBUG] - fit_round 21 received 20 results and 0 failures
[2024-03-19 18:02:13,235][flwr][INFO] - fit progress: (21, 0.04967126311212778, {'test_accuracy': 0.8584}, 202.71446329099126)
[2024-03-19 18:02:13,235][flwr][INFO] - Sampled the following clients: ['23', '55', '78', '82', '84', '32', '22', '15', '50', '93', '89', '69', '43', '34', '98', '37', '60', '67', '79', '40']
[2024-03-19 18:02:13,235][flwr][DEBUG] - evaluate_round 21: strategy sampled 20 clients (out of 100)
[2024-03-19 18:02:13,580][flwr][DEBUG] - evaluate_round 21 received 20 results and 0 failures
[2024-03-19 18:02:13,588][flwr][INFO] - Sampled the following clients: ['8', '82', '48', '27', '33', '75', '7', '16', '67', '53', '14', '12', '4', '22', '61', '84', '42', '59', '17', '56']
[2024-03-19 18:02:13,588][flwr][DEBUG] - fit_round 22: strategy sampled 20 clients (out of 100)
[2024-03-19 18:02:19,709][flwr][DEBUG] - fit_round 22 received 20 results and 0 failures
[2024-03-19 18:02:22,772][flwr][INFO] - fit progress: (22, 0.049591676965169605, {'test_accuracy': 0.8584}, 212.25198466610163)
[2024-03-19 18:02:22,772][flwr][INFO] - Sampled the following clients: ['15', '65', '3', '0', '82', '88', '35', '78', '71', '25', '12', '8', '10', '14', '24', '45', '21', '72', '80', '93']
[2024-03-19 18:02:22,772][flwr][DEBUG] - evaluate_round 22: strategy sampled 20 clients (out of 100)
[2024-03-19 18:02:23,105][flwr][DEBUG] - evaluate_round 22 received 20 results and 0 failures
[2024-03-19 18:02:23,111][flwr][INFO] - Sampled the following clients: ['72', '74', '69', '17', '64', '22', '25', '21', '62', '48', '36', '0', '56', '93', '39', '71', '15', '13', '40', '49']
[2024-03-19 18:02:23,111][flwr][DEBUG] - fit_round 23: strategy sampled 20 clients (out of 100)
[2024-03-19 18:02:29,286][flwr][DEBUG] - fit_round 23 received 20 results and 0 failures
[2024-03-19 18:02:32,386][flwr][INFO] - fit progress: (23, 0.04955053918156773, {'test_accuracy': 0.8604}, 221.86544449999928)
[2024-03-19 18:02:32,386][flwr][INFO] - Sampled the following clients: ['74', '51', '53', '22', '48', '35', '12', '38', '10', '85', '18', '73', '65', '19', '71', '89', '72', '44', '70', '80']
[2024-03-19 18:02:32,386][flwr][DEBUG] - evaluate_round 23: strategy sampled 20 clients (out of 100)
[2024-03-19 18:02:32,727][flwr][DEBUG] - evaluate_round 23 received 20 results and 0 failures
[2024-03-19 18:02:32,733][flwr][INFO] - Sampled the following clients: ['80', '68', '69', '42', '85', '22', '21', '86', '50', '41', '62', '96', '67', '4', '77', '39', '87', '34', '35', '98']
[2024-03-19 18:02:32,733][flwr][DEBUG] - fit_round 24: strategy sampled 20 clients (out of 100)
[2024-03-19 18:02:38,914][flwr][DEBUG] - fit_round 24 received 20 results and 0 failures
[2024-03-19 18:02:42,019][flwr][INFO] - fit progress: (24, 0.04888040569806471, {'test_accuracy': 0.8613}, 231.49885308300145)
[2024-03-19 18:02:42,019][flwr][INFO] - Sampled the following clients: ['71', '53', '49', '52', '73', '64', '56', '93', '46', '69', '19', '77', '51', '28', '23', '36', '81', '84', '50', '22']
[2024-03-19 18:02:42,019][flwr][DEBUG] - evaluate_round 24: strategy sampled 20 clients (out of 100)
[2024-03-19 18:02:42,364][flwr][DEBUG] - evaluate_round 24 received 20 results and 0 failures
[2024-03-19 18:02:42,370][flwr][INFO] - Sampled the following clients: ['4', '13', '90', '89', '72', '65', '19', '34', '54', '67', '93', '46', '23', '44', '66', '56', '2', '57', '20', '48']
[2024-03-19 18:02:42,370][flwr][DEBUG] - fit_round 25: strategy sampled 20 clients (out of 100)
[2024-03-19 18:02:48,458][flwr][DEBUG] - fit_round 25 received 20 results and 0 failures
[2024-03-19 18:02:51,461][flwr][INFO] - fit progress: (25, 0.048685479862522335, {'test_accuracy': 0.8637}, 240.94098333315924)
[2024-03-19 18:02:51,462][flwr][INFO] - Sampled the following clients: ['95', '92', '16', '83', '8', '81', '88', '20', '22', '33', '68', '1', '82', '10', '62', '23', '25', '89', '93', '97']
[2024-03-19 18:02:51,462][flwr][DEBUG] - evaluate_round 25: strategy sampled 20 clients (out of 100)
[2024-03-19 18:02:51,805][flwr][DEBUG] - evaluate_round 25 received 20 results and 0 failures
[2024-03-19 18:02:51,812][flwr][INFO] - Sampled the following clients: ['80', '30', '19', '71', '10', '52', '47', '50', '75', '21', '76', '12', '43', '8', '89', '96', '68', '26', '17', '3']
[2024-03-19 18:02:51,812][flwr][DEBUG] - fit_round 26: strategy sampled 20 clients (out of 100)
[2024-03-19 18:02:57,916][flwr][DEBUG] - fit_round 26 received 20 results and 0 failures
[2024-03-19 18:03:00,917][flwr][INFO] - fit progress: (26, 0.04916256044972688, {'test_accuracy': 0.8597}, 250.39654537499882)
[2024-03-19 18:03:00,917][flwr][INFO] - Sampled the following clients: ['78', '98', '35', '8', '97', '32', '12', '86', '47', '84', '89', '95', '14', '43', '93', '54', '80', '75', '9', '85']
[2024-03-19 18:03:00,917][flwr][DEBUG] - evaluate_round 26: strategy sampled 20 clients (out of 100)
[2024-03-19 18:03:01,260][flwr][DEBUG] - evaluate_round 26 received 20 results and 0 failures
[2024-03-19 18:03:01,266][flwr][INFO] - Sampled the following clients: ['11', '6', '37', '78', '2', '7', '8', '42', '59', '53', '98', '14', '28', '96', '56', '67', '41', '15', '30', '55']
[2024-03-19 18:03:01,266][flwr][DEBUG] - fit_round 27: strategy sampled 20 clients (out of 100)
[2024-03-19 18:03:07,371][flwr][DEBUG] - fit_round 27 received 20 results and 0 failures
[2024-03-19 18:03:10,392][flwr][INFO] - fit progress: (27, 0.048464884369447826, {'test_accuracy': 0.8612}, 259.87153354100883)
[2024-03-19 18:03:10,392][flwr][INFO] - Sampled the following clients: ['65', '68', '37', '48', '52', '95', '45', '63', '16', '38', '74', '56', '18', '3', '66', '42', '62', '5', '84', '33']
[2024-03-19 18:03:10,392][flwr][DEBUG] - evaluate_round 27: strategy sampled 20 clients (out of 100)
[2024-03-19 18:03:10,744][flwr][DEBUG] - evaluate_round 27 received 20 results and 0 failures
[2024-03-19 18:03:10,751][flwr][INFO] - Sampled the following clients: ['7', '83', '60', '6', '34', '32', '9', '97', '4', '47', '78', '48', '76', '61', '51', '13', '54', '5', '64', '87']
[2024-03-19 18:03:10,751][flwr][DEBUG] - fit_round 28: strategy sampled 20 clients (out of 100)
[2024-03-19 18:03:17,011][flwr][DEBUG] - fit_round 28 received 20 results and 0 failures
[2024-03-19 18:03:20,104][flwr][INFO] - fit progress: (28, 0.04864542080992833, {'test_accuracy': 0.8607}, 269.58362683304586)
[2024-03-19 18:03:20,104][flwr][INFO] - Sampled the following clients: ['86', '56', '65', '49', '79', '64', '26', '16', '80', '12', '45', '57', '0', '98', '31', '88', '42', '75', '24', '34']
[2024-03-19 18:03:20,104][flwr][DEBUG] - evaluate_round 28: strategy sampled 20 clients (out of 100)
[2024-03-19 18:03:20,454][flwr][DEBUG] - evaluate_round 28 received 20 results and 0 failures
[2024-03-19 18:03:20,461][flwr][INFO] - Sampled the following clients: ['55', '93', '3', '89', '74', '95', '29', '14', '83', '45', '96', '9', '36', '41', '21', '42', '71', '27', '46', '63']
[2024-03-19 18:03:20,461][flwr][DEBUG] - fit_round 29: strategy sampled 20 clients (out of 100)
[2024-03-19 18:03:26,600][flwr][DEBUG] - fit_round 29 received 20 results and 0 failures
[2024-03-19 18:03:29,667][flwr][INFO] - fit progress: (29, 0.04749913375731558, {'test_accuracy': 0.8648}, 279.1463271661196)
[2024-03-19 18:03:29,667][flwr][INFO] - Sampled the following clients: ['49', '70', '77', '4', '6', '48', '46', '63', '75', '25', '61', '66', '83', '88', '13', '85', '84', '18', '38', '39']
[2024-03-19 18:03:29,667][flwr][DEBUG] - evaluate_round 29: strategy sampled 20 clients (out of 100)
[2024-03-19 18:03:30,005][flwr][DEBUG] - evaluate_round 29 received 20 results and 0 failures
[2024-03-19 18:03:30,012][flwr][INFO] - Sampled the following clients: ['99', '18', '38', '15', '22', '59', '66', '19', '64', '96', '78', '26', '11', '5', '68', '33', '42', '62', '86', '35']
[2024-03-19 18:03:30,012][flwr][DEBUG] - fit_round 30: strategy sampled 20 clients (out of 100)
[2024-03-19 18:03:36,227][flwr][DEBUG] - fit_round 30 received 20 results and 0 failures
[2024-03-19 18:03:39,282][flwr][INFO] - fit progress: (30, 0.04736904136841186, {'test_accuracy': 0.8641}, 288.76166125014424)
[2024-03-19 18:03:39,283][flwr][INFO] - Sampled the following clients: ['74', '89', '15', '44', '54', '58', '5', '62', '63', '30', '55', '45', '56', '69', '2', '38', '67', '11', '37', '3']
[2024-03-19 18:03:39,283][flwr][DEBUG] - evaluate_round 30: strategy sampled 20 clients (out of 100)
[2024-03-19 18:03:39,627][flwr][DEBUG] - evaluate_round 30 received 20 results and 0 failures
[2024-03-19 18:03:39,635][flwr][INFO] - Sampled the following clients: ['76', '17', '34', '45', '93', '8', '25', '96', '98', '91', '18', '29', '85', '68', '55', '20', '9', '95', '14', '26']
[2024-03-19 18:03:39,635][flwr][DEBUG] - fit_round 31: strategy sampled 20 clients (out of 100)
[2024-03-19 18:03:45,871][flwr][DEBUG] - fit_round 31 received 20 results and 0 failures
[2024-03-19 18:03:48,996][flwr][INFO] - fit progress: (31, 0.04699309003716335, {'test_accuracy': 0.8645}, 298.47533812513575)
[2024-03-19 18:03:48,996][flwr][INFO] - Sampled the following clients: ['64', '36', '62', '47', '5', '75', '48', '0', '13', '25', '8', '95', '38', '18', '70', '60', '30', '72', '87', '41']
[2024-03-19 18:03:48,996][flwr][DEBUG] - evaluate_round 31: strategy sampled 20 clients (out of 100)
[2024-03-19 18:03:49,374][flwr][DEBUG] - evaluate_round 31 received 20 results and 0 failures
[2024-03-19 18:03:49,387][flwr][INFO] - Sampled the following clients: ['98', '87', '24', '22', '59', '20', '42', '80', '39', '53', '97', '67', '38', '14', '45', '48', '3', '54', '16', '62']
[2024-03-19 18:03:49,387][flwr][DEBUG] - fit_round 32: strategy sampled 20 clients (out of 100)
[2024-03-19 18:03:55,570][flwr][DEBUG] - fit_round 32 received 20 results and 0 failures
[2024-03-19 18:03:58,644][flwr][INFO] - fit progress: (32, 0.04742811807822436, {'test_accuracy': 0.8653}, 308.1234132910613)
[2024-03-19 18:03:58,645][flwr][INFO] - Sampled the following clients: ['27', '63', '8', '0', '1', '50', '59', '44', '49', '89', '64', '55', '9', '66', '71', '16', '42', '34', '87', '99']
[2024-03-19 18:03:58,645][flwr][DEBUG] - evaluate_round 32: strategy sampled 20 clients (out of 100)
[2024-03-19 18:03:58,988][flwr][DEBUG] - evaluate_round 32 received 20 results and 0 failures
[2024-03-19 18:03:59,000][flwr][INFO] - Sampled the following clients: ['14', '44', '54', '95', '61', '12', '49', '91', '7', '98', '30', '50', '72', '82', '41', '11', '52', '13', '18', '28']
[2024-03-19 18:03:59,000][flwr][DEBUG] - fit_round 33: strategy sampled 20 clients (out of 100)
[2024-03-19 18:04:05,449][flwr][DEBUG] - fit_round 33 received 20 results and 0 failures
[2024-03-19 18:04:08,637][flwr][INFO] - fit progress: (33, 0.04717062328895554, {'test_accuracy': 0.8648}, 318.1158752911724)
[2024-03-19 18:04:08,638][flwr][INFO] - Sampled the following clients: ['50', '19', '85', '14', '94', '33', '56', '68', '51', '58', '70', '16', '45', '9', '63', '11', '31', '4', '27', '22']
[2024-03-19 18:04:08,638][flwr][DEBUG] - evaluate_round 33: strategy sampled 20 clients (out of 100)
[2024-03-19 18:04:09,021][flwr][DEBUG] - evaluate_round 33 received 20 results and 0 failures
[2024-03-19 18:04:09,030][flwr][INFO] - Sampled the following clients: ['70', '39', '19', '91', '11', '40', '72', '13', '97', '71', '66', '2', '58', '4', '23', '84', '27', '16', '96', '44']
[2024-03-19 18:04:09,030][flwr][DEBUG] - fit_round 34: strategy sampled 20 clients (out of 100)
[2024-03-19 18:04:15,276][flwr][DEBUG] - fit_round 34 received 20 results and 0 failures
[2024-03-19 18:04:18,303][flwr][INFO] - fit progress: (34, 0.04757371600465849, {'test_accuracy': 0.8628}, 327.7818674161099)
[2024-03-19 18:04:18,303][flwr][INFO] - Sampled the following clients: ['54', '29', '22', '96', '66', '31', '55', '98', '79', '93', '63', '78', '50', '65', '20', '46', '64', '0', '76', '97']
[2024-03-19 18:04:18,303][flwr][DEBUG] - evaluate_round 34: strategy sampled 20 clients (out of 100)
[2024-03-19 18:04:18,646][flwr][DEBUG] - evaluate_round 34 received 20 results and 0 failures
[2024-03-19 18:04:18,658][flwr][INFO] - Sampled the following clients: ['88', '95', '18', '78', '63', '85', '26', '15', '66', '96', '6', '45', '22', '71', '79', '60', '62', '76', '32', '83']
[2024-03-19 18:04:18,658][flwr][DEBUG] - fit_round 35: strategy sampled 20 clients (out of 100)
[2024-03-19 18:04:24,832][flwr][DEBUG] - fit_round 35 received 20 results and 0 failures
[2024-03-19 18:04:27,837][flwr][INFO] - fit progress: (35, 0.04649925423865207, {'test_accuracy': 0.866}, 337.31571637513116)
[2024-03-19 18:04:27,837][flwr][INFO] - Sampled the following clients: ['45', '73', '56', '26', '59', '33', '1', '74', '49', '5', '89', '68', '35', '79', '39', '42', '70', '14', '9', '21']
[2024-03-19 18:04:27,837][flwr][DEBUG] - evaluate_round 35: strategy sampled 20 clients (out of 100)
[2024-03-19 18:04:28,192][flwr][DEBUG] - evaluate_round 35 received 20 results and 0 failures
[2024-03-19 18:04:28,207][flwr][INFO] - Sampled the following clients: ['15', '4', '63', '45', '75', '46', '90', '99', '12', '8', '60', '0', '80', '21', '54', '11', '30', '82', '22', '65']
[2024-03-19 18:04:28,207][flwr][DEBUG] - fit_round 36: strategy sampled 20 clients (out of 100)
[2024-03-19 18:04:34,364][flwr][DEBUG] - fit_round 36 received 20 results and 0 failures
[2024-03-19 18:04:37,362][flwr][INFO] - fit progress: (36, 0.04678883553957566, {'test_accuracy': 0.8686}, 346.8402213330846)
[2024-03-19 18:04:37,362][flwr][INFO] - Sampled the following clients: ['18', '16', '70', '28', '4', '48', '55', '42', '68', '11', '57', '53', '20', '59', '82', '10', '94', '5', '38', '51']
[2024-03-19 18:04:37,362][flwr][DEBUG] - evaluate_round 36: strategy sampled 20 clients (out of 100)
[2024-03-19 18:04:37,717][flwr][DEBUG] - evaluate_round 36 received 20 results and 0 failures
[2024-03-19 18:04:37,723][flwr][INFO] - Sampled the following clients: ['55', '2', '38', '34', '26', '66', '29', '63', '19', '82', '78', '25', '70', '68', '93', '52', '31', '35', '73', '41']
[2024-03-19 18:04:37,723][flwr][DEBUG] - fit_round 37: strategy sampled 20 clients (out of 100)
[2024-03-19 18:04:43,871][flwr][DEBUG] - fit_round 37 received 20 results and 0 failures
[2024-03-19 18:04:46,871][flwr][INFO] - fit progress: (37, 0.04627341150408611, {'test_accuracy': 0.868}, 356.34995625005104)
[2024-03-19 18:04:46,872][flwr][INFO] - Sampled the following clients: ['17', '3', '16', '25', '53', '66', '67', '44', '47', '41', '0', '18', '65', '76', '92', '50', '33', '22', '34', '26']
[2024-03-19 18:04:46,872][flwr][DEBUG] - evaluate_round 37: strategy sampled 20 clients (out of 100)
[2024-03-19 18:04:47,233][flwr][DEBUG] - evaluate_round 37 received 20 results and 0 failures
[2024-03-19 18:04:47,244][flwr][INFO] - Sampled the following clients: ['49', '24', '86', '91', '5', '65', '13', '54', '10', '20', '56', '95', '31', '50', '11', '34', '39', '74', '32', '52']
[2024-03-19 18:04:47,244][flwr][DEBUG] - fit_round 38: strategy sampled 20 clients (out of 100)
[2024-03-19 18:04:53,405][flwr][DEBUG] - fit_round 38 received 20 results and 0 failures
[2024-03-19 18:04:56,396][flwr][INFO] - fit progress: (38, 0.04621933510098606, {'test_accuracy': 0.87}, 365.87410291610286)
[2024-03-19 18:04:56,396][flwr][INFO] - Sampled the following clients: ['17', '93', '68', '88', '13', '28', '20', '83', '84', '87', '76', '37', '60', '64', '70', '96', '30', '95', '98', '6']
[2024-03-19 18:04:56,396][flwr][DEBUG] - evaluate_round 38: strategy sampled 20 clients (out of 100)
[2024-03-19 18:04:56,743][flwr][DEBUG] - evaluate_round 38 received 20 results and 0 failures
[2024-03-19 18:04:56,749][flwr][INFO] - Sampled the following clients: ['67', '2', '30', '74', '62', '82', '22', '35', '14', '9', '57', '8', '99', '33', '19', '90', '23', '66', '58', '37']
[2024-03-19 18:04:56,749][flwr][DEBUG] - fit_round 39: strategy sampled 20 clients (out of 100)
[2024-03-19 18:05:02,894][flwr][DEBUG] - fit_round 39 received 20 results and 0 failures
[2024-03-19 18:05:05,881][flwr][INFO] - fit progress: (39, 0.046114526925468816, {'test_accuracy': 0.8688}, 375.3592917500064)
[2024-03-19 18:05:05,881][flwr][INFO] - Sampled the following clients: ['26', '67', '91', '27', '71', '15', '41', '17', '6', '46', '59', '31', '22', '40', '83', '65', '56', '39', '80', '53']
[2024-03-19 18:05:05,881][flwr][DEBUG] - evaluate_round 39: strategy sampled 20 clients (out of 100)
[2024-03-19 18:05:06,253][flwr][DEBUG] - evaluate_round 39 received 20 results and 0 failures
[2024-03-19 18:05:06,260][flwr][INFO] - Sampled the following clients: ['61', '85', '96', '57', '44', '65', '94', '62', '39', '73', '7', '18', '74', '75', '88', '98', '16', '83', '34', '68']
[2024-03-19 18:05:06,260][flwr][DEBUG] - fit_round 40: strategy sampled 20 clients (out of 100)
[2024-03-19 18:05:12,673][flwr][DEBUG] - fit_round 40 received 20 results and 0 failures
[2024-03-19 18:05:15,965][flwr][INFO] - fit progress: (40, 0.04584951827423647, {'test_accuracy': 0.8702}, 385.4431559580844)
[2024-03-19 18:05:15,965][flwr][INFO] - Sampled the following clients: ['72', '27', '76', '82', '39', '25', '50', '61', '74', '54', '92', '46', '13', '77', '91', '90', '60', '40', '99', '71']
[2024-03-19 18:05:15,965][flwr][DEBUG] - evaluate_round 40: strategy sampled 20 clients (out of 100)
[2024-03-19 18:05:16,360][flwr][DEBUG] - evaluate_round 40 received 20 results and 0 failures
[2024-03-19 18:05:16,366][flwr][INFO] - Sampled the following clients: ['21', '93', '32', '23', '39', '55', '34', '81', '20', '88', '82', '94', '3', '87', '25', '66', '70', '99', '7', '45']
[2024-03-19 18:05:16,366][flwr][DEBUG] - fit_round 41: strategy sampled 20 clients (out of 100)
[2024-03-19 18:05:22,759][flwr][DEBUG] - fit_round 41 received 20 results and 0 failures
[2024-03-19 18:05:26,133][flwr][INFO] - fit progress: (41, 0.04587027258332819, {'test_accuracy': 0.8689}, 395.6116710000206)
[2024-03-19 18:05:26,134][flwr][INFO] - Sampled the following clients: ['38', '70', '59', '23', '24', '20', '12', '86', '73', '81', '49', '68', '51', '71', '85', '0', '80', '41', '61', '7']
[2024-03-19 18:05:26,135][flwr][DEBUG] - evaluate_round 41: strategy sampled 20 clients (out of 100)
[2024-03-19 18:05:26,476][flwr][DEBUG] - evaluate_round 41 received 20 results and 0 failures
[2024-03-19 18:05:26,483][flwr][INFO] - Sampled the following clients: ['45', '12', '91', '6', '85', '56', '8', '5', '13', '47', '43', '18', '88', '66', '29', '35', '58', '53', '34', '17']
[2024-03-19 18:05:26,483][flwr][DEBUG] - fit_round 42: strategy sampled 20 clients (out of 100)
[2024-03-19 18:05:33,040][flwr][DEBUG] - fit_round 42 received 20 results and 0 failures
[2024-03-19 18:05:36,170][flwr][INFO] - fit progress: (42, 0.04639831084106118, {'test_accuracy': 0.8682}, 405.6485041251872)
[2024-03-19 18:05:36,171][flwr][INFO] - Sampled the following clients: ['86', '7', '1', '93', '81', '61', '60', '88', '62', '40', '69', '35', '44', '90', '79', '53', '21', '50', '26', '58']
[2024-03-19 18:05:36,171][flwr][DEBUG] - evaluate_round 42: strategy sampled 20 clients (out of 100)
[2024-03-19 18:05:36,534][flwr][DEBUG] - evaluate_round 42 received 20 results and 0 failures
[2024-03-19 18:05:36,540][flwr][INFO] - Sampled the following clients: ['90', '25', '82', '35', '51', '3', '97', '84', '10', '37', '6', '15', '86', '38', '5', '85', '1', '17', '42', '29']
[2024-03-19 18:05:36,540][flwr][DEBUG] - fit_round 43: strategy sampled 20 clients (out of 100)
[2024-03-19 18:05:42,797][flwr][DEBUG] - fit_round 43 received 20 results and 0 failures
[2024-03-19 18:05:45,854][flwr][INFO] - fit progress: (43, 0.045807715245941655, {'test_accuracy': 0.871}, 415.3320878329687)
[2024-03-19 18:05:45,854][flwr][INFO] - Sampled the following clients: ['13', '44', '9', '42', '82', '12', '69', '50', '48', '21', '45', '95', '71', '34', '46', '59', '93', '22', '64', '10']
[2024-03-19 18:05:45,854][flwr][DEBUG] - evaluate_round 43: strategy sampled 20 clients (out of 100)
[2024-03-19 18:05:46,211][flwr][DEBUG] - evaluate_round 43 received 20 results and 0 failures
[2024-03-19 18:05:46,217][flwr][INFO] - Sampled the following clients: ['79', '7', '85', '69', '34', '87', '66', '25', '27', '52', '55', '38', '75', '30', '43', '91', '95', '40', '17', '35']
[2024-03-19 18:05:46,217][flwr][DEBUG] - fit_round 44: strategy sampled 20 clients (out of 100)
[2024-03-19 18:05:52,437][flwr][DEBUG] - fit_round 44 received 20 results and 0 failures
[2024-03-19 18:05:55,528][flwr][INFO] - fit progress: (44, 0.046009401147719474, {'test_accuracy': 0.8657}, 425.00636712508276)
[2024-03-19 18:05:55,529][flwr][INFO] - Sampled the following clients: ['37', '73', '34', '63', '55', '66', '58', '24', '86', '93', '80', '32', '59', '83', '88', '12', '9', '13', '29', '14']
[2024-03-19 18:05:55,529][flwr][DEBUG] - evaluate_round 44: strategy sampled 20 clients (out of 100)
[2024-03-19 18:05:55,872][flwr][DEBUG] - evaluate_round 44 received 20 results and 0 failures
[2024-03-19 18:05:55,878][flwr][INFO] - Sampled the following clients: ['87', '5', '38', '6', '65', '3', '30', '52', '29', '57', '22', '83', '70', '7', '40', '58', '8', '63', '99', '56']
[2024-03-19 18:05:55,879][flwr][DEBUG] - fit_round 45: strategy sampled 20 clients (out of 100)
[2024-03-19 18:06:02,122][flwr][DEBUG] - fit_round 45 received 20 results and 0 failures
[2024-03-19 18:06:05,366][flwr][INFO] - fit progress: (45, 0.045069676346192133, {'test_accuracy': 0.8709}, 434.8442223330494)
[2024-03-19 18:06:05,366][flwr][INFO] - Sampled the following clients: ['41', '34', '97', '31', '24', '28', '45', '16', '89', '73', '10', '43', '90', '60', '57', '32', '3', '78', '50', '40']
[2024-03-19 18:06:05,367][flwr][DEBUG] - evaluate_round 45: strategy sampled 20 clients (out of 100)
[2024-03-19 18:06:05,730][flwr][DEBUG] - evaluate_round 45 received 20 results and 0 failures
[2024-03-19 18:06:05,738][flwr][INFO] - Sampled the following clients: ['73', '34', '72', '36', '14', '39', '21', '86', '37', '3', '26', '92', '4', '24', '81', '50', '67', '52', '40', '94']
[2024-03-19 18:06:05,738][flwr][DEBUG] - fit_round 46: strategy sampled 20 clients (out of 100)
[2024-03-19 18:06:12,011][flwr][DEBUG] - fit_round 46 received 20 results and 0 failures
[2024-03-19 18:06:15,022][flwr][INFO] - fit progress: (46, 0.045397450494067744, {'test_accuracy': 0.8683}, 444.49978050007485)
[2024-03-19 18:06:15,022][flwr][INFO] - Sampled the following clients: ['67', '47', '19', '92', '73', '38', '6', '10', '61', '60', '7', '79', '93', '52', '58', '62', '56', '63', '33', '31']
[2024-03-19 18:06:15,022][flwr][DEBUG] - evaluate_round 46: strategy sampled 20 clients (out of 100)
[2024-03-19 18:06:15,361][flwr][DEBUG] - evaluate_round 46 received 20 results and 0 failures
[2024-03-19 18:06:15,371][flwr][INFO] - Sampled the following clients: ['99', '64', '61', '8', '97', '42', '88', '57', '44', '46', '32', '11', '49', '20', '28', '60', '40', '10', '69', '80']
[2024-03-19 18:06:15,371][flwr][DEBUG] - fit_round 47: strategy sampled 20 clients (out of 100)
[2024-03-19 18:06:21,544][flwr][DEBUG] - fit_round 47 received 20 results and 0 failures
[2024-03-19 18:06:24,530][flwr][INFO] - fit progress: (47, 0.04573734618090093, {'test_accuracy': 0.8717}, 454.0077738331165)
[2024-03-19 18:06:24,530][flwr][INFO] - Sampled the following clients: ['3', '31', '95', '17', '53', '18', '88', '37', '40', '64', '24', '30', '67', '85', '58', '90', '45', '74', '11', '65']
[2024-03-19 18:06:24,530][flwr][DEBUG] - evaluate_round 47: strategy sampled 20 clients (out of 100)
[2024-03-19 18:06:24,883][flwr][DEBUG] - evaluate_round 47 received 20 results and 0 failures
[2024-03-19 18:06:24,889][flwr][INFO] - Sampled the following clients: ['55', '48', '40', '10', '67', '39', '26', '58', '11', '93', '89', '3', '51', '35', '12', '59', '52', '72', '99', '53']
[2024-03-19 18:06:24,889][flwr][DEBUG] - fit_round 48: strategy sampled 20 clients (out of 100)
[2024-03-19 18:06:31,004][flwr][DEBUG] - fit_round 48 received 20 results and 0 failures
[2024-03-19 18:06:34,025][flwr][INFO] - fit progress: (48, 0.04556704736081883, {'test_accuracy': 0.8699}, 463.50272504100576)
[2024-03-19 18:06:34,025][flwr][INFO] - Sampled the following clients: ['82', '2', '84', '6', '17', '65', '46', '19', '38', '47', '85', '14', '74', '27', '43', '95', '83', '52', '49', '89']
[2024-03-19 18:06:34,025][flwr][DEBUG] - evaluate_round 48: strategy sampled 20 clients (out of 100)
[2024-03-19 18:06:34,399][flwr][DEBUG] - evaluate_round 48 received 20 results and 0 failures
[2024-03-19 18:06:34,405][flwr][INFO] - Sampled the following clients: ['20', '50', '8', '97', '24', '32', '89', '46', '63', '65', '83', '6', '40', '66', '47', '9', '68', '61', '7', '93']
[2024-03-19 18:06:34,405][flwr][DEBUG] - fit_round 49: strategy sampled 20 clients (out of 100)
[2024-03-19 18:06:40,723][flwr][DEBUG] - fit_round 49 received 20 results and 0 failures
[2024-03-19 18:06:43,910][flwr][INFO] - fit progress: (49, 0.045739221295807514, {'test_accuracy': 0.868}, 473.38738591596484)
[2024-03-19 18:06:43,911][flwr][INFO] - Sampled the following clients: ['25', '15', '92', '57', '34', '79', '41', '59', '93', '42', '4', '86', '95', '50', '71', '22', '8', '20', '17', '96']
[2024-03-19 18:06:43,911][flwr][DEBUG] - evaluate_round 49: strategy sampled 20 clients (out of 100)
[2024-03-19 18:06:44,294][flwr][DEBUG] - evaluate_round 49 received 20 results and 0 failures
[2024-03-19 18:06:44,301][flwr][INFO] - Sampled the following clients: ['48', '9', '22', '82', '71', '57', '19', '34', '15', '7', '68', '56', '89', '78', '31', '74', '18', '62', '36', '3']
[2024-03-19 18:06:44,301][flwr][DEBUG] - fit_round 50: strategy sampled 20 clients (out of 100)
[2024-03-19 18:06:50,892][flwr][DEBUG] - fit_round 50 received 20 results and 0 failures
[2024-03-19 18:06:54,239][flwr][INFO] - fit progress: (50, 0.045237721809232606, {'test_accuracy': 0.8716}, 483.7158227080945)
[2024-03-19 18:06:54,239][flwr][INFO] - Sampled the following clients: ['21', '57', '20', '99', '28', '50', '37', '66', '39', '9', '78', '35', '52', '11', '25', '77', '93', '10', '89', '56']
[2024-03-19 18:06:54,239][flwr][DEBUG] - evaluate_round 50: strategy sampled 20 clients (out of 100)
[2024-03-19 18:06:54,585][flwr][DEBUG] - evaluate_round 50 received 20 results and 0 failures
[2024-03-19 18:06:54,594][flwr][INFO] - FL finished in 484.07019187510014
[2024-03-19 18:06:54,605][flwr][INFO] - app_fit: losses_distributed [(1, 0.2435254160630501), (2, 0.09450237719436823), (3, 0.08888324755480734), (4, 0.07011421288726694), (5, 0.07078032371098712), (6, 0.07010537840236547), (7, 0.0656547312198554), (8, 0.06054169813770864), (9, 0.06498944311702655), (10, 0.057170204133174175), (11, 0.06418742880982868), (12, 0.05495135972150049), (13, 0.055694610843340216), (14, 0.05597894467902764), (15, 0.05410870102123689), (16, 0.051871342778647855), (17, 0.059385382134656786), (18, 0.05193840053437625), (19, 0.04991417510150853), (20, 0.0565265431479251), (21, 0.053856800090900415), (22, 0.05317466597120136), (23, 0.05445393200458611), (24, 0.0528301113742893), (25, 0.050310667131443394), (26, 0.059386575302519534), (27, 0.054976111304772604), (28, 0.05117219190776222), (29, 0.052747205234432624), (30, 0.04984211198890866), (31, 0.05032558814796098), (32, 0.04889456501104317), (33, 0.05189455010754577), (34, 0.05225151356278082), (35, 0.04955958497742096), (36, 0.046918430998605695), (37, 0.04689726953363141), (38, 0.05013491374803549), (39, 0.045615631779971515), (40, 0.048223637818295695), (41, 0.04865281926389089), (42, 0.04901556696237649), (43, 0.0484750739440827), (44, 0.05024716421267239), (45, 0.049692839451165774), (46, 0.049628839918838465), (47, 0.04930363084521081), (48, 0.04996408326867021), (49, 0.04843121768701506), (50, 0.0511361696082562)]
[2024-03-19 18:06:54,605][flwr][INFO] - app_fit: metrics_distributed_fit {'train_loss': [(1, 0.3376621234160687), (2, 0.23207000950277512), (3, 0.18646401765153994), (4, 0.17144030735421165), (5, 0.15942623969486744), (6, 0.15019789141982587), (7, 0.1445639670295152), (8, 0.13865747815296411), (9, 0.1364496366784275), (10, 0.13314640986110302), (11, 0.1317084563298846), (12, 0.1278456640101457), (13, 0.12455890088718816), (14, 0.12274117001634365), (15, 0.12172202839285336), (16, 0.11994587310723187), (17, 0.11734895002157271), (18, 0.11702583853496751), (19, 0.11571660813610855), (20, 0.11174507535850345), (21, 0.11122933307465925), (22, 0.10811041441094862), (23, 0.11340344010010632), (24, 0.11305043611971759), (25, 0.11039601265742911), (26, 0.10890684263627406), (27, 0.10538548916908616), (28, 0.10674964247790747), (29, 0.10657358556007682), (30, 0.10772573160238434), (31, 0.1077673223559168), (32, 0.10526943450156385), (33, 0.1040457070342227), (34, 0.10441471872604799), (35, 0.10126609886690202), (36, 0.10606838612654755), (37, 0.10450856606146829), (38, 0.10587413065122286), (39, 0.1011510731087784), (40, 0.10279066715297944), (41, 0.1023036535105447), (42, 0.10193796667635445), (43, 0.10181638837702328), (44, 0.10087195400873873), (45, 0.09877607762358401), (46, 0.10317015823540077), (47, 0.10266397763667777), (48, 0.09892962402136737), (49, 0.09918882432771703), (50, 0.09735046631554131)], 'train_accuracy': [(1, 0.517160977429584), (2, 0.6625932835820896), (3, 0.7219371092656527), (4, 0.7475519910472815), (5, 0.7635261194029851), (6, 0.7790220231429638), (7, 0.7867873472053747), (8, 0.7985450475657526), (9, 0.809839432412248), (10, 0.8058587554809217), (11, 0.8130945719082261), (12, 0.8174862368200057), (13, 0.8221517215638705), (14, 0.8299598918011379), (15, 0.8337063980600634), (16, 0.8271581894540364), (17, 0.8340794627867935), (18, 0.8344840455308826), (19, 0.8333488762473188), (20, 0.8431116500326462), (21, 0.8432835820895522), (22, 0.8475097929490767), (23, 0.8419333768778576), (24, 0.8393356969583877), (25, 0.8458092215792421), (26, 0.8498927138725627), (27, 0.8522801454816749), (28, 0.8444382232176185), (29, 0.8492818504010445), (30, 0.8514786827129397), (31, 0.8465341916223529), (32, 0.8514786827129397), (33, 0.8508256367198432), (34, 0.8528615442068901), (35, 0.8571028821938252), (36, 0.8500279798545047), (37, 0.8563030698889614), (38, 0.8482217866143937), (39, 0.8613676648941132), (40, 0.8571162096623764), (41, 0.8555161470972559), (42, 0.8552901660757604), (43, 0.853478828576758), (44, 0.8566097583729826), (45, 0.8609117180945278), (46, 0.8615542494635694), (47, 0.8542774512547813), (48, 0.8625676432170181), (49, 0.8600205166464608), (50, 0.8635133874428584)]}
[2024-03-19 18:06:54,605][flwr][INFO] - app_fit: metrics_distributed {'test_accuracy': [(1, 0.673728813559322), (2, 0.7542372881355932), (3, 0.7711864406779662), (4, 0.8161016949152542), (5, 0.8194915254237288), (6, 0.8059322033898305), (7, 0.8279661016949152), (8, 0.8466101694915255), (9, 0.8338983050847457), (10, 0.8593220338983051), (11, 0.8254237288135593), (12, 0.8516949152542372), (13, 0.8525423728813559), (14, 0.8550847457627119), (15, 0.8423728813559322), (16, 0.8533898305084746), (17, 0.8432203389830508), (18, 0.8601694915254238), (19, 0.8627118644067797), (20, 0.8542372881355932), (21, 0.8525423728813559), (22, 0.8567796610169491), (23, 0.8567796610169491), (24, 0.8576271186440678), (25, 0.8686440677966102), (26, 0.8338983050847457), (27, 0.8457627118644068), (28, 0.8601694915254238), (29, 0.8533898305084746), (30, 0.8601694915254238), (31, 0.8711864406779661), (32, 0.8694915254237288), (33, 0.8677966101694915), (34, 0.8703389830508474), (35, 0.8737288135593221), (36, 0.8830508474576271), (37, 0.8762711864406779), (38, 0.8703389830508474), (39, 0.8779661016949153), (40, 0.8830508474576271), (41, 0.8694915254237288), (42, 0.8830508474576271), (43, 0.8762711864406779), (44, 0.8593220338983051), (45, 0.8737288135593221), (46, 0.8703389830508474), (47, 0.8703389830508474), (48, 0.8686440677966102), (49, 0.8813559322033898), (50, 0.8745762711864407)]}
[2024-03-19 18:06:54,605][flwr][INFO] - app_fit: losses_centralized [(0, 0.2883074324131012), (1, 0.22397746175527572), (2, 0.08333105103224515), (3, 0.07739248339682818), (4, 0.06932443207819015), (5, 0.06669986370559781), (6, 0.06393408125527203), (7, 0.06056091821882874), (8, 0.05893616042993963), (9, 0.05855994892213494), (10, 0.05640279116220772), (11, 0.05603545064944774), (12, 0.05439881294835359), (13, 0.05357005313448608), (14, 0.052636724377051), (15, 0.05269475807715207), (16, 0.05223952157068998), (17, 0.05119653502162546), (18, 0.050479239330533894), (19, 0.05000047642542049), (20, 0.04965356988422573), (21, 0.04967126311212778), (22, 0.049591676965169605), (23, 0.04955053918156773), (24, 0.04888040569806471), (25, 0.048685479862522335), (26, 0.04916256044972688), (27, 0.048464884369447826), (28, 0.04864542080992833), (29, 0.04749913375731558), (30, 0.04736904136841186), (31, 0.04699309003716335), (32, 0.04742811807822436), (33, 0.04717062328895554), (34, 0.04757371600465849), (35, 0.04649925423865207), (36, 0.04678883553957566), (37, 0.04627341150408611), (38, 0.04621933510098606), (39, 0.046114526925468816), (40, 0.04584951827423647), (41, 0.04587027258332819), (42, 0.04639831084106118), (43, 0.045807715245941655), (44, 0.046009401147719474), (45, 0.045069676346192133), (46, 0.045397450494067744), (47, 0.04573734618090093), (48, 0.04556704736081883), (49, 0.045739221295807514), (50, 0.045237721809232606)]
[2024-03-19 18:06:54,606][flwr][INFO] - app_fit: metrics_centralized {'test_accuracy': [(0, 0.0997), (1, 0.6835), (2, 0.7572), (3, 0.7683), (4, 0.7943), (5, 0.8028), (6, 0.8083), (7, 0.8271), (8, 0.83), (9, 0.8333), (10, 0.8395), (11, 0.8397), (12, 0.8442), (13, 0.8484), (14, 0.8471), (15, 0.8483), (16, 0.8511), (17, 0.8547), (18, 0.8536), (19, 0.8551), (20, 0.8589), (21, 0.8584), (22, 0.8584), (23, 0.8604), (24, 0.8613), (25, 0.8637), (26, 0.8597), (27, 0.8612), (28, 0.8607), (29, 0.8648), (30, 0.8641), (31, 0.8645), (32, 0.8653), (33, 0.8648), (34, 0.8628), (35, 0.866), (36, 0.8686), (37, 0.868), (38, 0.87), (39, 0.8688), (40, 0.8702), (41, 0.8689), (42, 0.8682), (43, 0.871), (44, 0.8657), (45, 0.8709), (46, 0.8683), (47, 0.8717), (48, 0.8699), (49, 0.868), (50, 0.8716)]}
[2024-03-19 18:06:56,265][flwr][INFO] - Cleaned up ray temp session: /tmp/ray/session_2024-03-19_17-58-44_626286_97825 with size: 870521880576
[2024-03-19 18:06:56,265][flwr][INFO] - Saving ['yaml', 'log', 'wandb']
[2024-03-19 18:06:56,268][flwr][INFO] - Post-cleaning ['history', 'parameters', 'yaml', 'log', 'rng', 'history']
