[2024-03-21 11:31:46,740][flwr][INFO] - working_dir: null
to_save_once:
- yaml
- log
- wandb
to_save_per_round:
- parameters
- rng
- history
save_frequency: 1
to_restore: []
to_clean_once:
- history
- parameters
- yaml
- log
- rng
- history
use_wandb: false
debug_clients:
  all: false
  one: true
wandb_resume: false
wandb_id: null
wandb:
  setup:
    project: template
    tags:
    - strategy_${strategy.name}
    - seed_${fed.seed}
    entity: null
    mode: online
ray_address: null
ray_redis_password: null
ray_node_ip_address: null
file_limit: 250
task:
  model_and_data: FMNIST_CNN
  train_structure: FMNIST
  fit_config:
    net_config: {}
    dataloader_config:
      batch_size: 4
    run_config:
      epochs: 1
      learning_rate: 0.01
      optimizer: diag_exact
    extra: {}
  eval_config:
    net_config: {}
    dataloader_config:
      batch_size: 8
    run_config: {}
    extra: {}
  fed_test_config:
    net_config: {}
    dataloader_config:
      batch_size: 8
    run_config: {}
    extra: {}
  net_config_initial_parameters: {}
  fit_metrics:
  - train_loss
  - train_accuracy
  evaluate_metrics:
  - test_accuracy
fed:
  num_rounds: 50
  num_total_clients: 100
  num_clients_per_round: 20
  num_evaluate_clients_per_round: 20
  enable_resampling: false
  cpus_per_client: 2
  gpus_per_client: 0
  seed: 1337
  load_saved_state: true
  server_round: null
  parameters_folder: null
  rng_folder: null
  history_folder: null
strategy:
  name: FedAvg
  init:
    _target_: flwr.server.strategy.FedAvg
dataset:
  dataset_dir: ./data/fmnist/data
  partition_dir: ./data/fmnist/partition
  num_clients: 100
  val_ratio: 0.1
  seed: 1337
  iid: false
  power_law: false
  balance: false
  lda: true
  alpha: 0.1

[2024-03-21 11:31:46,760][flwr][INFO] - Wandb run initialized with False
[2024-03-21 11:31:46,761][flwr][INFO] - Pre-cleaning ['history', 'parameters', 'yaml', 'log', 'rng', 'history']
[2024-03-21 11:31:46,761][flwr][INFO] - Loading parameters failed from: /Users/grantwilkins/fl-final-proj/outputs/2024-03-21/11-31-46/results/state/parameters/parameters_0.bin
[2024-03-21 11:31:46,761][flwr][INFO] - Generating initial parameters with config: {}
[2024-03-21 11:31:46,761][flwr][INFO] - Generating initial parameters with config: {}
[2024-03-21 11:31:46,772][flwr][INFO] - Using RNG seed: 1337
[2024-03-21 11:31:55,587][flwr][INFO] - Fit debug fit: [566, {'train_loss': 0.11172449050780274, 'train_accuracy': 0.8321554770318021}]  and eval: (0.29952999084226545, 62, {'test_accuracy': 0.0})
[2024-03-21 11:31:55,588][flwr][INFO] - Starting Flower simulation, config: ServerConfig(num_rounds=50, round_timeout=None)
[2024-03-21 11:31:58,146][flwr][INFO] - Flower VCE: Ray initialized with resources: {'memory': 17429497447.0, 'node:__internal_head__': 1.0, 'CPU': 10.0, 'object_store_memory': 2147483648.0, 'node:127.0.0.1': 1.0}
[2024-03-21 11:31:58,146][flwr][INFO] - Optimize your simulation with Flower VCE: https://flower.dev/docs/framework/how-to-run-simulations.html
[2024-03-21 11:31:58,146][flwr][INFO] - Flower VCE: Resources for each Virtual Client: {'num_cpus': 2, 'num_gpus': 0.0}
[2024-03-21 11:31:58,153][flwr][INFO] - Flower VCE: Creating VirtualClientEngineActorPool with 5 actors
[2024-03-21 11:31:58,153][flwr][INFO] - Initializing global parameters
[2024-03-21 11:31:58,153][flwr][INFO] - Using initial parameters provided by strategy
[2024-03-21 11:31:58,153][flwr][INFO] - Evaluating initial parameters
[2024-03-21 11:32:01,397][flwr][INFO] - initial parameters (loss, other metrics): 0.28848216438293456, {'test_accuracy': 0.1004}
[2024-03-21 11:32:01,403][flwr][INFO] - FL starting
[2024-03-21 11:32:01,403][flwr][INFO] - Sampled the following clients: ['18', '62', '29', '0', '45', '56', '26', '93', '96', '76', '83', '92', '99', '54', '43', '3', '84', '27', '37', '59']
[2024-03-21 11:32:01,403][flwr][DEBUG] - fit_round 1: strategy sampled 20 clients (out of 100)
[2024-03-21 11:33:10,118][flwr][DEBUG] - fit_round 1 received 20 results and 0 failures
[2024-03-21 11:33:13,088][flwr][INFO] - fit progress: (1, 0.23651879054307937, {'test_accuracy': 0.4792}, 71.68524987483397)
[2024-03-21 11:33:13,088][flwr][INFO] - Sampled the following clients: ['41', '72', '1', '61', '47', '80', '99', '97', '54', '10', '58', '93', '89', '30', '23', '14', '31', '68', '96', '66']
[2024-03-21 11:33:13,088][flwr][DEBUG] - evaluate_round 1: strategy sampled 20 clients (out of 100)
[2024-03-21 11:33:13,687][flwr][DEBUG] - evaluate_round 1 received 20 results and 0 failures
[2024-03-21 11:33:13,693][flwr][INFO] - Sampled the following clients: ['0', '59', '24', '71', '20', '33', '69', '36', '73', '9', '61', '14', '37', '84', '42', '27', '79', '31', '46', '53']
[2024-03-21 11:33:13,693][flwr][DEBUG] - fit_round 2: strategy sampled 20 clients (out of 100)
[2024-03-21 11:34:19,191][flwr][DEBUG] - fit_round 2 received 20 results and 0 failures
[2024-03-21 11:34:22,159][flwr][INFO] - fit progress: (2, 0.1663061655163765, {'test_accuracy': 0.5405}, 140.75646224990487)
[2024-03-21 11:34:22,159][flwr][INFO] - Sampled the following clients: ['18', '80', '54', '3', '75', '57', '0', '27', '22', '23', '99', '78', '37', '2', '51', '55', '58', '4', '44', '74']
[2024-03-21 11:34:22,159][flwr][DEBUG] - evaluate_round 2: strategy sampled 20 clients (out of 100)
[2024-03-21 11:34:22,672][flwr][DEBUG] - evaluate_round 2 received 20 results and 0 failures
[2024-03-21 11:34:22,681][flwr][INFO] - Sampled the following clients: ['40', '96', '0', '76', '54', '73', '31', '66', '72', '32', '74', '12', '75', '55', '15', '83', '56', '19', '9', '90']
[2024-03-21 11:34:22,681][flwr][DEBUG] - fit_round 3: strategy sampled 20 clients (out of 100)
[2024-03-21 11:35:23,568][flwr][DEBUG] - fit_round 3 received 20 results and 0 failures
[2024-03-21 11:35:27,299][flwr][INFO] - fit progress: (3, 0.12042969631254673, {'test_accuracy': 0.6277}, 205.8962207499426)
[2024-03-21 11:35:27,299][flwr][INFO] - Sampled the following clients: ['21', '94', '43', '95', '75', '77', '53', '41', '11', '67', '28', '84', '7', '57', '4', '91', '6', '76', '2', '25']
[2024-03-21 11:35:27,299][flwr][DEBUG] - evaluate_round 3: strategy sampled 20 clients (out of 100)
[2024-03-21 11:35:27,834][flwr][DEBUG] - evaluate_round 3 received 20 results and 0 failures
[2024-03-21 11:35:27,840][flwr][INFO] - Sampled the following clients: ['96', '98', '53', '49', '10', '18', '42', '63', '37', '88', '94', '81', '31', '56', '74', '50', '86', '25', '15', '28']
[2024-03-21 11:35:27,840][flwr][DEBUG] - fit_round 4: strategy sampled 20 clients (out of 100)
[2024-03-21 11:36:32,871][flwr][DEBUG] - fit_round 4 received 20 results and 0 failures
[2024-03-21 11:36:36,177][flwr][INFO] - fit progress: (4, 0.10817144129872322, {'test_accuracy': 0.7051}, 274.774592832895)
[2024-03-21 11:36:36,177][flwr][INFO] - Sampled the following clients: ['36', '62', '92', '38', '75', '54', '45', '8', '26', '7', '91', '63', '43', '52', '66', '10', '83', '60', '55', '21']
[2024-03-21 11:36:36,177][flwr][DEBUG] - evaluate_round 4: strategy sampled 20 clients (out of 100)
[2024-03-21 11:36:36,769][flwr][DEBUG] - evaluate_round 4 received 20 results and 0 failures
[2024-03-21 11:36:36,781][flwr][INFO] - Sampled the following clients: ['3', '38', '10', '6', '91', '66', '41', '36', '94', '40', '8', '35', '69', '79', '27', '64', '65', '70', '59', '20']
[2024-03-21 11:36:36,781][flwr][DEBUG] - fit_round 5: strategy sampled 20 clients (out of 100)
[2024-03-21 11:37:38,246][flwr][DEBUG] - fit_round 5 received 20 results and 0 failures
[2024-03-21 11:37:41,384][flwr][INFO] - fit progress: (5, 0.09056090306788683, {'test_accuracy': 0.7519}, 339.9813224580139)
[2024-03-21 11:37:41,384][flwr][INFO] - Sampled the following clients: ['18', '81', '51', '75', '11', '66', '76', '39', '10', '89', '96', '57', '79', '50', '40', '90', '45', '46', '31', '61']
[2024-03-21 11:37:41,384][flwr][DEBUG] - evaluate_round 5: strategy sampled 20 clients (out of 100)
[2024-03-21 11:37:41,893][flwr][DEBUG] - evaluate_round 5 received 20 results and 0 failures
[2024-03-21 11:37:41,905][flwr][INFO] - Sampled the following clients: ['53', '40', '33', '94', '26', '41', '52', '3', '31', '69', '76', '81', '27', '71', '18', '91', '2', '44', '11', '84']
[2024-03-21 11:37:41,905][flwr][DEBUG] - fit_round 6: strategy sampled 20 clients (out of 100)
[2024-03-21 11:38:46,123][flwr][DEBUG] - fit_round 6 received 20 results and 0 failures
[2024-03-21 11:38:49,196][flwr][INFO] - fit progress: (6, 0.09161023161485791, {'test_accuracy': 0.7424}, 407.7934476668015)
[2024-03-21 11:38:49,196][flwr][INFO] - Sampled the following clients: ['40', '30', '61', '48', '49', '90', '2', '85', '27', '65', '80', '12', '74', '47', '39', '69', '63', '86', '87', '66']
[2024-03-21 11:38:49,196][flwr][DEBUG] - evaluate_round 6: strategy sampled 20 clients (out of 100)
[2024-03-21 11:38:49,701][flwr][DEBUG] - evaluate_round 6 received 20 results and 0 failures
[2024-03-21 11:38:49,711][flwr][INFO] - Sampled the following clients: ['63', '74', '14', '11', '58', '76', '92', '62', '73', '22', '65', '91', '47', '71', '56', '10', '40', '17', '33', '34']
[2024-03-21 11:38:49,711][flwr][DEBUG] - fit_round 7: strategy sampled 20 clients (out of 100)
[2024-03-21 11:39:55,918][flwr][DEBUG] - fit_round 7 received 20 results and 0 failures
[2024-03-21 11:39:59,206][flwr][INFO] - fit progress: (7, 0.07884399434961378, {'test_accuracy': 0.7697}, 477.80358845787123)
[2024-03-21 11:39:59,206][flwr][INFO] - Sampled the following clients: ['9', '28', '80', '42', '19', '82', '17', '84', '43', '69', '56', '15', '63', '81', '6', '64', '10', '68', '89', '12']
[2024-03-21 11:39:59,206][flwr][DEBUG] - evaluate_round 7: strategy sampled 20 clients (out of 100)
[2024-03-21 11:39:59,753][flwr][DEBUG] - evaluate_round 7 received 20 results and 0 failures
[2024-03-21 11:39:59,765][flwr][INFO] - Sampled the following clients: ['26', '65', '22', '82', '73', '93', '50', '48', '76', '3', '11', '51', '79', '90', '96', '2', '86', '25', '19', '13']
[2024-03-21 11:39:59,765][flwr][DEBUG] - fit_round 8: strategy sampled 20 clients (out of 100)
[2024-03-21 11:41:00,721][flwr][DEBUG] - fit_round 8 received 20 results and 0 failures
[2024-03-21 11:41:04,349][flwr][INFO] - fit progress: (8, 0.08219253478907049, {'test_accuracy': 0.7573}, 542.9471559578087)
[2024-03-21 11:41:04,349][flwr][INFO] - Sampled the following clients: ['53', '17', '91', '18', '86', '0', '30', '80', '22', '81', '76', '61', '52', '55', '96', '68', '54', '28', '92', '64']
[2024-03-21 11:41:04,349][flwr][DEBUG] - evaluate_round 8: strategy sampled 20 clients (out of 100)
[2024-03-21 11:41:04,892][flwr][DEBUG] - evaluate_round 8 received 20 results and 0 failures
[2024-03-21 11:41:04,901][flwr][INFO] - Sampled the following clients: ['9', '90', '34', '35', '37', '31', '17', '5', '26', '19', '83', '11', '18', '8', '77', '84', '29', '3', '56', '72']
[2024-03-21 11:41:04,901][flwr][DEBUG] - fit_round 9: strategy sampled 20 clients (out of 100)
[2024-03-21 11:42:10,181][flwr][DEBUG] - fit_round 9 received 20 results and 0 failures
[2024-03-21 11:42:13,762][flwr][INFO] - fit progress: (9, 0.07607071242295206, {'test_accuracy': 0.7601}, 612.3595539578237)
[2024-03-21 11:42:13,762][flwr][INFO] - Sampled the following clients: ['99', '24', '66', '35', '3', '1', '50', '67', '13', '97', '76', '4', '75', '53', '87', '61', '98', '31', '45', '44']
[2024-03-21 11:42:13,762][flwr][DEBUG] - evaluate_round 9: strategy sampled 20 clients (out of 100)
[2024-03-21 11:42:14,315][flwr][DEBUG] - evaluate_round 9 received 20 results and 0 failures
[2024-03-21 11:42:14,331][flwr][INFO] - Sampled the following clients: ['96', '46', '99', '31', '33', '10', '4', '5', '69', '20', '60', '52', '95', '15', '47', '66', '61', '90', '85', '12']
[2024-03-21 11:42:14,331][flwr][DEBUG] - fit_round 10: strategy sampled 20 clients (out of 100)
[2024-03-21 11:43:20,079][flwr][DEBUG] - fit_round 10 received 20 results and 0 failures
[2024-03-21 11:43:23,205][flwr][INFO] - fit progress: (10, 0.07637936040908098, {'test_accuracy': 0.7759}, 681.8028687499464)
[2024-03-21 11:43:23,205][flwr][INFO] - Sampled the following clients: ['26', '40', '28', '34', '68', '46', '42', '73', '93', '84', '61', '72', '10', '78', '94', '33', '4', '11', '70', '24']
[2024-03-21 11:43:23,205][flwr][DEBUG] - evaluate_round 10: strategy sampled 20 clients (out of 100)
[2024-03-21 11:43:23,727][flwr][DEBUG] - evaluate_round 10 received 20 results and 0 failures
[2024-03-21 11:43:23,741][flwr][INFO] - Sampled the following clients: ['80', '18', '11', '61', '25', '0', '85', '30', '19', '14', '53', '90', '43', '29', '33', '36', '81', '99', '58', '5']
[2024-03-21 11:43:23,741][flwr][DEBUG] - fit_round 11: strategy sampled 20 clients (out of 100)
[2024-03-21 11:44:25,404][flwr][DEBUG] - fit_round 11 received 20 results and 0 failures
[2024-03-21 11:44:28,619][flwr][INFO] - fit progress: (11, 0.07291251470297574, {'test_accuracy': 0.7764}, 747.2174021250103)
[2024-03-21 11:44:28,619][flwr][INFO] - Sampled the following clients: ['14', '79', '10', '1', '85', '92', '80', '48', '61', '50', '25', '45', '43', '7', '15', '33', '98', '75', '97', '47']
[2024-03-21 11:44:28,619][flwr][DEBUG] - evaluate_round 11: strategy sampled 20 clients (out of 100)
[2024-03-21 11:44:29,135][flwr][DEBUG] - evaluate_round 11 received 20 results and 0 failures
[2024-03-21 11:44:29,152][flwr][INFO] - Sampled the following clients: ['41', '75', '57', '14', '91', '99', '52', '16', '44', '24', '95', '23', '80', '27', '92', '35', '55', '94', '31', '69']
[2024-03-21 11:44:29,152][flwr][DEBUG] - fit_round 12: strategy sampled 20 clients (out of 100)
