[2024-03-24 12:43:37,157][flwr][INFO] - working_dir: null
to_save_once:
- yaml
- log
- wandb
to_save_per_round:
- parameters
- rng
- history
save_frequency: 1
to_restore: []
to_clean_once:
- history
- parameters
- yaml
- log
- rng
- history
use_wandb: false
debug_clients:
  all: false
  one: true
wandb_resume: false
wandb_id: null
wandb:
  setup:
    project: template
    tags:
    - strategy_${strategy.name}
    - seed_${fed.seed}
    entity: null
    mode: online
ray_address: null
ray_redis_password: null
ray_node_ip_address: null
file_limit: 250
task:
  model_and_data: FMNIST_CNN
  train_structure: FMNIST
  fit_config:
    net_config: {}
    dataloader_config:
      batch_size: 4
    run_config:
      epochs: 1
      learning_rate: 0.001
      optimizer: adam
    extra: {}
  eval_config:
    net_config: {}
    dataloader_config:
      batch_size: 8
    run_config: {}
    extra: {}
  fed_test_config:
    net_config: {}
    dataloader_config:
      batch_size: 8
    run_config: {}
    extra: {}
  net_config_initial_parameters: {}
  fit_metrics:
  - train_loss
  - train_accuracy
  evaluate_metrics:
  - test_accuracy
fed:
  num_rounds: 5
  num_total_clients: 100
  num_clients_per_round: 20
  num_evaluate_clients_per_round: 20
  enable_resampling: false
  cpus_per_client: 2
  gpus_per_client: 0
  seed: 1337
  load_saved_state: true
  server_round: null
  parameters_folder: null
  rng_folder: null
  history_folder: null
strategy:
  name: FedAvg
  init:
    _target_: flwr.server.strategy.FedAvg
dataset:
  dataset_dir: ./data/fmnist/data
  partition_dir: ./data/fmnist/partition
  num_clients: 100
  val_ratio: 0.1
  seed: 1337
  iid: false
  power_law: false
  balance: false
  lda: true
  alpha: 1.0

[2024-03-24 12:43:37,178][flwr][INFO] - Wandb run initialized with False
[2024-03-24 12:43:37,178][flwr][INFO] - Pre-cleaning ['history', 'parameters', 'yaml', 'log', 'rng', 'history']
[2024-03-24 12:43:37,178][flwr][INFO] - Loading parameters failed from: /Users/grantwilkins/fl-final-proj/outputs/2024-03-24/12-43-37/results/state/parameters/parameters_0.bin
[2024-03-24 12:43:37,178][flwr][INFO] - Generating initial parameters with config: {}
[2024-03-24 12:43:37,178][flwr][INFO] - Generating initial parameters with config: {}
[2024-03-24 12:43:37,204][flwr][INFO] - Using RNG seed: 1337
[2024-03-24 12:43:39,536][flwr][INFO] - Fit debug fit: [515, {'train_loss': 0.27185322533822753, 'train_accuracy': 0.629126213592233}]  and eval: (0.32582185142918635, 57, {'test_accuracy': 0.03508771929824561})
[2024-03-24 12:43:39,536][flwr][INFO] - Starting Flower simulation, config: ServerConfig(num_rounds=5, round_timeout=None)
[2024-03-24 12:43:42,158][flwr][INFO] - Flower VCE: Ray initialized with resources: {'memory': 15480306074.0, 'object_store_memory': 2147483648.0, 'CPU': 10.0, 'node:127.0.0.1': 1.0, 'node:__internal_head__': 1.0}
[2024-03-24 12:43:42,158][flwr][INFO] - Optimize your simulation with Flower VCE: https://flower.dev/docs/framework/how-to-run-simulations.html
[2024-03-24 12:43:42,158][flwr][INFO] - Flower VCE: Resources for each Virtual Client: {'num_cpus': 2, 'num_gpus': 0.0}
[2024-03-24 12:43:42,166][flwr][INFO] - Flower VCE: Creating VirtualClientEngineActorPool with 5 actors
[2024-03-24 12:43:42,166][flwr][INFO] - Initializing global parameters
[2024-03-24 12:43:42,166][flwr][INFO] - Using initial parameters provided by strategy
[2024-03-24 12:43:42,166][flwr][INFO] - Evaluating initial parameters
[2024-03-24 12:43:45,580][flwr][INFO] - initial parameters (loss, other metrics): 0.28839617836475373, {'test_accuracy': 0.0576}
[2024-03-24 12:43:45,589][flwr][INFO] - FL starting
[2024-03-24 12:43:45,589][flwr][INFO] - Sampled the following clients: ['18', '62', '29', '0', '45', '56', '26', '93', '96', '76', '83', '92', '99', '54', '43', '3', '84', '27', '37', '59']
[2024-03-24 12:43:45,589][flwr][DEBUG] - fit_round 1: strategy sampled 20 clients (out of 100)
[2024-03-24 12:43:54,975][flwr][DEBUG] - fit_round 1 received 20 results and 0 failures
[2024-03-24 12:43:58,503][flwr][INFO] - fit progress: (1, 0.24887181261777877, {'test_accuracy': 0.6481}, 12.91486525000073)
[2024-03-24 12:43:58,504][flwr][INFO] - Sampled the following clients: ['41', '72', '1', '61', '47', '80', '99', '97', '54', '10', '58', '93', '89', '30', '23', '14', '31', '68', '96', '66']
[2024-03-24 12:43:58,504][flwr][DEBUG] - evaluate_round 1: strategy sampled 20 clients (out of 100)
[2024-03-24 12:43:59,050][flwr][DEBUG] - evaluate_round 1 received 20 results and 0 failures
[2024-03-24 12:43:59,061][flwr][INFO] - Sampled the following clients: ['0', '59', '24', '71', '20', '33', '69', '36', '73', '9', '61', '14', '37', '84', '42', '27', '79', '31', '46', '53']
[2024-03-24 12:43:59,062][flwr][DEBUG] - fit_round 2: strategy sampled 20 clients (out of 100)
[2024-03-24 12:44:05,766][flwr][DEBUG] - fit_round 2 received 20 results and 0 failures
[2024-03-24 12:44:09,275][flwr][INFO] - fit progress: (2, 0.09974544133841991, {'test_accuracy': 0.7261}, 23.68624454201199)
[2024-03-24 12:44:09,275][flwr][INFO] - Sampled the following clients: ['18', '80', '54', '3', '75', '57', '0', '27', '22', '23', '99', '78', '37', '2', '51', '55', '58', '4', '44', '74']
[2024-03-24 12:44:09,275][flwr][DEBUG] - evaluate_round 2: strategy sampled 20 clients (out of 100)
[2024-03-24 12:44:09,714][flwr][DEBUG] - evaluate_round 2 received 20 results and 0 failures
[2024-03-24 12:44:09,725][flwr][INFO] - Sampled the following clients: ['40', '96', '0', '76', '54', '73', '31', '66', '72', '32', '74', '12', '75', '55', '15', '83', '56', '19', '9', '90']
[2024-03-24 12:44:09,726][flwr][DEBUG] - fit_round 3: strategy sampled 20 clients (out of 100)
[2024-03-24 12:44:16,022][flwr][DEBUG] - fit_round 3 received 20 results and 0 failures
[2024-03-24 12:44:19,297][flwr][INFO] - fit progress: (3, 0.08179138083681464, {'test_accuracy': 0.76}, 33.708236125065014)
[2024-03-24 12:44:19,297][flwr][INFO] - Sampled the following clients: ['21', '94', '43', '95', '75', '77', '53', '41', '11', '67', '28', '84', '7', '57', '4', '91', '6', '76', '2', '25']
[2024-03-24 12:44:19,297][flwr][DEBUG] - evaluate_round 3: strategy sampled 20 clients (out of 100)
[2024-03-24 12:44:19,684][flwr][DEBUG] - evaluate_round 3 received 20 results and 0 failures
[2024-03-24 12:44:19,693][flwr][INFO] - Sampled the following clients: ['96', '98', '53', '49', '10', '18', '42', '63', '37', '88', '94', '81', '31', '56', '74', '50', '86', '25', '15', '28']
[2024-03-24 12:44:19,693][flwr][DEBUG] - fit_round 4: strategy sampled 20 clients (out of 100)
[2024-03-24 12:44:26,111][flwr][DEBUG] - fit_round 4 received 20 results and 0 failures
[2024-03-24 12:44:29,125][flwr][INFO] - fit progress: (4, 0.074512616828084, {'test_accuracy': 0.7724}, 43.53649516706355)
[2024-03-24 12:44:29,125][flwr][INFO] - Sampled the following clients: ['36', '62', '92', '38', '75', '54', '45', '8', '26', '7', '91', '63', '43', '52', '66', '10', '83', '60', '55', '21']
[2024-03-24 12:44:29,125][flwr][DEBUG] - evaluate_round 4: strategy sampled 20 clients (out of 100)
[2024-03-24 12:44:29,498][flwr][DEBUG] - evaluate_round 4 received 20 results and 0 failures
[2024-03-24 12:44:29,512][flwr][INFO] - Sampled the following clients: ['3', '38', '10', '6', '91', '66', '41', '36', '94', '40', '8', '35', '69', '79', '27', '64', '65', '70', '59', '20']
[2024-03-24 12:44:29,512][flwr][DEBUG] - fit_round 5: strategy sampled 20 clients (out of 100)
[2024-03-24 12:44:36,306][flwr][DEBUG] - fit_round 5 received 20 results and 0 failures
[2024-03-24 12:44:39,631][flwr][INFO] - fit progress: (5, 0.07254147078841924, {'test_accuracy': 0.7839}, 54.04235329199582)
[2024-03-24 12:44:39,631][flwr][INFO] - Sampled the following clients: ['18', '81', '51', '75', '11', '66', '76', '39', '10', '89', '96', '57', '79', '50', '40', '90', '45', '46', '31', '61']
[2024-03-24 12:44:39,631][flwr][DEBUG] - evaluate_round 5: strategy sampled 20 clients (out of 100)
[2024-03-24 12:44:40,055][flwr][DEBUG] - evaluate_round 5 received 20 results and 0 failures
[2024-03-24 12:44:40,063][flwr][INFO] - FL finished in 54.4749731249176
[2024-03-24 12:44:40,077][flwr][INFO] - app_fit: losses_distributed [(1, 0.2691186045543414), (2, 0.09925963656376983), (3, 0.08704420703778906), (4, 0.07597465036411595), (5, 0.07433999954479184)]
[2024-03-24 12:44:40,078][flwr][INFO] - app_fit: metrics_distributed_fit {'train_loss': [(1, 0.26032512111137096), (2, 0.21210611861218712), (3, 0.1657615307484994), (4, 0.15805394817385868), (5, 0.1415520027636914)], 'train_accuracy': [(1, 0.6664786083685943), (2, 0.7093438272169854), (3, 0.7675028079371022), (4, 0.776332899869961), (5, 0.7923837422189675)]}
[2024-03-24 12:44:40,078][flwr][INFO] - app_fit: metrics_distributed {'test_accuracy': [(1, 0.6231884057971014), (2, 0.7322033898305085), (3, 0.735738255033557), (4, 0.7807986406117248), (5, 0.7915611814345992)]}
[2024-03-24 12:44:40,078][flwr][INFO] - app_fit: losses_centralized [(0, 0.28839617836475373), (1, 0.24887181261777877), (2, 0.09974544133841991), (3, 0.08179138083681464), (4, 0.074512616828084), (5, 0.07254147078841924)]
[2024-03-24 12:44:40,078][flwr][INFO] - app_fit: metrics_centralized {'test_accuracy': [(0, 0.0576), (1, 0.6481), (2, 0.7261), (3, 0.76), (4, 0.7724), (5, 0.7839)]}
[2024-03-24 12:44:41,680][flwr][INFO] - Cleaned up ray temp session: /tmp/ray/session_2024-03-24_12-43-39_580006_75620 with size: 911174303744
[2024-03-24 12:44:41,681][flwr][INFO] - Saving ['yaml', 'log', 'wandb']
[2024-03-24 12:44:41,684][flwr][INFO] - Post-cleaning ['history', 'parameters', 'yaml', 'log', 'rng', 'history']
