[2024-03-24 12:59:04,708][flwr][INFO] - working_dir: null
to_save_once:
- yaml
- log
- wandb
to_save_per_round:
- parameters
- rng
- history
save_frequency: 1
to_restore: []
to_clean_once:
- history
- parameters
- yaml
- log
- rng
- history
use_wandb: false
debug_clients:
  all: false
  one: true
wandb_resume: false
wandb_id: null
wandb:
  setup:
    project: template
    tags:
    - strategy_${strategy.name}
    - seed_${fed.seed}
    entity: null
    mode: online
ray_address: null
ray_redis_password: null
ray_node_ip_address: null
file_limit: 250
task:
  model_and_data: FMNIST_CNN
  train_structure: FMNIST
  fit_config:
    net_config: {}
    dataloader_config:
      batch_size: 4
    run_config:
      epochs: 1
      learning_rate: 0.01
      optimizer: block_exact
    extra: {}
  eval_config:
    net_config: {}
    dataloader_config:
      batch_size: 8
    run_config: {}
    extra: {}
  fed_test_config:
    net_config: {}
    dataloader_config:
      batch_size: 8
    run_config: {}
    extra: {}
  net_config_initial_parameters: {}
  fit_metrics:
  - train_loss
  - train_accuracy
  evaluate_metrics:
  - test_accuracy
fed:
  num_rounds: 5
  num_total_clients: 100
  num_clients_per_round: 20
  num_evaluate_clients_per_round: 20
  enable_resampling: false
  cpus_per_client: 2
  gpus_per_client: 0
  seed: 1337
  load_saved_state: true
  server_round: null
  parameters_folder: null
  rng_folder: null
  history_folder: null
strategy:
  name: FedAvg
  init:
    _target_: flwr.server.strategy.FedAvg
dataset:
  dataset_dir: ./data/fmnist/data
  partition_dir: ./data/fmnist/partition
  num_clients: 100
  val_ratio: 0.1
  seed: 1337
  iid: false
  power_law: false
  balance: false
  lda: true
  alpha: 1.0

[2024-03-24 12:59:04,728][flwr][INFO] - Wandb run initialized with False
[2024-03-24 12:59:04,728][flwr][INFO] - Pre-cleaning ['history', 'parameters', 'yaml', 'log', 'rng', 'history']
[2024-03-24 12:59:04,728][flwr][INFO] - Loading parameters failed from: /Users/grantwilkins/fl-final-proj/outputs/2024-03-24/12-59-04/results/state/parameters/parameters_0.bin
[2024-03-24 12:59:04,728][flwr][INFO] - Generating initial parameters with config: {}
[2024-03-24 12:59:04,728][flwr][INFO] - Generating initial parameters with config: {}
[2024-03-24 12:59:04,738][flwr][INFO] - Using RNG seed: 1337
[2024-03-24 12:59:27,663][flwr][INFO] - Fit debug fit: [515, {'train_loss': 0.4854604568296266, 'train_accuracy': 0.43106796116504853}]  and eval: (0.32444515144615843, 57, {'test_accuracy': 0.017543859649122806})
[2024-03-24 12:59:27,664][flwr][INFO] - Starting Flower simulation, config: ServerConfig(num_rounds=5, round_timeout=None)
[2024-03-24 12:59:30,243][flwr][INFO] - Flower VCE: Ray initialized with resources: {'node:__internal_head__': 1.0, 'object_store_memory': 2147483648.0, 'CPU': 10.0, 'node:127.0.0.1': 1.0, 'memory': 15654849741.0}
[2024-03-24 12:59:30,244][flwr][INFO] - Optimize your simulation with Flower VCE: https://flower.dev/docs/framework/how-to-run-simulations.html
[2024-03-24 12:59:30,244][flwr][INFO] - Flower VCE: Resources for each Virtual Client: {'num_cpus': 2, 'num_gpus': 0.0}
[2024-03-24 12:59:30,251][flwr][INFO] - Flower VCE: Creating VirtualClientEngineActorPool with 5 actors
[2024-03-24 12:59:30,251][flwr][INFO] - Initializing global parameters
[2024-03-24 12:59:30,251][flwr][INFO] - Using initial parameters provided by strategy
[2024-03-24 12:59:30,251][flwr][INFO] - Evaluating initial parameters
[2024-03-24 12:59:34,043][flwr][INFO] - initial parameters (loss, other metrics): 0.28848704006671905, {'test_accuracy': 0.059}
[2024-03-24 12:59:34,054][flwr][INFO] - FL starting
[2024-03-24 12:59:34,054][flwr][INFO] - Sampled the following clients: ['18', '62', '29', '0', '45', '56', '26', '93', '96', '76', '83', '92', '99', '54', '43', '3', '84', '27', '37', '59']
[2024-03-24 12:59:34,055][flwr][DEBUG] - fit_round 1: strategy sampled 20 clients (out of 100)
