[2024-03-14 15:32:15,704][flwr][INFO] - working_dir: null
to_save_once:
- yaml
- log
- wandb
to_save_per_round:
- parameters
- rng
- history
save_frequency: 1
to_restore: []
to_clean_once:
- history
- parameters
- yaml
- log
- rng
- history
use_wandb: false
debug_clients:
  all: false
  one: true
wandb_resume: false
wandb_id: null
wandb:
  setup:
    project: template
    tags:
    - strategy_${strategy.name}
    - seed_${fed.seed}
    entity: null
    mode: online
ray_address: null
ray_redis_password: null
ray_node_ip_address: null
file_limit: 250
task:
  model_and_data: CIFAR10_RESNET18
  train_structure: CIFAR10
  fit_config:
    net_config: {}
    dataloader_config:
      batch_size: 4
    run_config:
      epochs: 1
      learning_rate: 0.03
    extra: {}
  eval_config:
    net_config: {}
    dataloader_config:
      batch_size: 8
    run_config: {}
    extra: {}
  fed_test_config:
    net_config: {}
    dataloader_config:
      batch_size: 8
    run_config: {}
    extra: {}
  net_config_initial_parameters: {}
  fit_metrics:
  - train_loss
  - train_accuracy
  evaluate_metrics:
  - test_accuracy
fed:
  num_rounds: 50
  num_total_clients: 100
  num_clients_per_round: 20
  num_evaluate_clients_per_round: 10
  enable_resampling: false
  cpus_per_client: 2
  gpus_per_client: 0
  seed: 1337
  load_saved_state: true
  server_round: null
  parameters_folder: null
  rng_folder: null
  history_folder: null
strategy:
  name: FedAvg
  init:
    _target_: flwr.server.strategy.FedAvg
dataset:
  dataset_dir: ./data/cifar10/data
  partition_dir: ./data/cifar10/partition
  num_clients: 100
  val_ratio: 0.1
  seed: 1337
  iid: false
  power_law: false
  balance: false
  lda: true
  alpha: 100.0

[2024-03-14 15:32:15,724][flwr][INFO] - Wandb run initialized with False
[2024-03-14 15:32:15,724][flwr][INFO] - Pre-cleaning ['history', 'parameters', 'yaml', 'log', 'rng', 'history']
[2024-03-14 15:32:15,724][flwr][INFO] - Loading parameters failed from: /Users/grantwilkins/fl-final-proj/outputs/2024-03-14/15-32-15/results/state/parameters/parameters_0.bin
[2024-03-14 15:32:15,724][flwr][INFO] - Generating initial parameters with config: {}
[2024-03-14 15:32:15,724][flwr][INFO] - Generating initial parameters with config: {}
[2024-03-14 15:32:15,737][flwr][INFO] - Using RNG seed: 1337
[2024-03-14 15:32:23,209][flwr][INFO] - Fit debug fit: [446, {'train_loss': 0.5722319144304557, 'train_accuracy': 0.13452914798206278}]  and eval: (0.3291668599965621, 49, {'test_accuracy': 0.12244897959183673})
[2024-03-14 15:32:23,210][flwr][INFO] - Starting Flower simulation, config: ServerConfig(num_rounds=50, round_timeout=None)
[2024-03-14 15:32:25,802][flwr][INFO] - Flower VCE: Ray initialized with resources: {'memory': 15601485415.0, 'node:__internal_head__': 1.0, 'CPU': 10.0, 'object_store_memory': 2147483648.0, 'node:127.0.0.1': 1.0}
[2024-03-14 15:32:25,802][flwr][INFO] - Optimize your simulation with Flower VCE: https://flower.dev/docs/framework/how-to-run-simulations.html
[2024-03-14 15:32:25,802][flwr][INFO] - Flower VCE: Resources for each Virtual Client: {'num_cpus': 2, 'num_gpus': 0.0}
[2024-03-14 15:32:25,810][flwr][INFO] - Flower VCE: Creating VirtualClientEngineActorPool with 5 actors
[2024-03-14 15:32:25,810][flwr][INFO] - Initializing global parameters
[2024-03-14 15:32:25,810][flwr][INFO] - Using initial parameters provided by strategy
[2024-03-14 15:32:25,810][flwr][INFO] - Evaluating initial parameters
[2024-03-14 15:32:37,116][flwr][INFO] - initial parameters (loss, other metrics): 0.28809124541282655, {'test_accuracy': 0.0973}
[2024-03-14 15:32:37,183][flwr][INFO] - FL starting
[2024-03-14 15:32:37,183][flwr][INFO] - Sampled the following clients: ['18', '62', '29', '0', '45', '56', '26', '93', '96', '76', '83', '92', '99', '54', '43', '3', '84', '27', '37', '59']
[2024-03-14 15:32:37,184][flwr][DEBUG] - fit_round 1: strategy sampled 20 clients (out of 100)
[2024-03-14 15:33:11,053][flwr][DEBUG] - fit_round 1 received 20 results and 0 failures
[2024-03-14 15:33:22,846][flwr][INFO] - fit progress: (1, 0.2778188586950302, {'test_accuracy': 0.1719}, 45.66330004099291)
[2024-03-14 15:33:22,846][flwr][INFO] - Sampled the following clients: ['41', '72', '1', '61', '47', '80', '99', '97', '54', '10']
[2024-03-14 15:33:22,847][flwr][DEBUG] - evaluate_round 1: strategy sampled 10 clients (out of 100)
[2024-03-14 15:33:26,405][flwr][DEBUG] - evaluate_round 1 received 10 results and 0 failures
[2024-03-14 15:33:26,490][flwr][INFO] - Sampled the following clients: ['58', '93', '89', '30', '23', '14', '31', '41', '68', '96', '66', '0', '59', '24', '71', '20', '33', '69', '36', '73']
[2024-03-14 15:33:26,490][flwr][DEBUG] - fit_round 2: strategy sampled 20 clients (out of 100)
[2024-03-14 15:33:55,444][flwr][DEBUG] - fit_round 2 received 20 results and 0 failures
[2024-03-14 15:34:07,648][flwr][INFO] - fit progress: (2, 0.2712093402266502, {'test_accuracy': 0.1867}, 90.46559825004078)
[2024-03-14 15:34:07,648][flwr][INFO] - Sampled the following clients: ['9', '61', '14', '37', '84', '42', '27', '79', '31', '59']
[2024-03-14 15:34:07,648][flwr][DEBUG] - evaluate_round 2: strategy sampled 10 clients (out of 100)
[2024-03-14 15:34:09,795][flwr][DEBUG] - evaluate_round 2 received 10 results and 0 failures
[2024-03-14 15:34:09,884][flwr][INFO] - Sampled the following clients: ['24', '36', '46', '53', '18', '80', '54', '3', '75', '57', '0', '27', '22', '23', '99', '78', '37', '2', '51', '55']
[2024-03-14 15:34:09,884][flwr][DEBUG] - fit_round 3: strategy sampled 20 clients (out of 100)
[2024-03-14 15:34:36,145][flwr][DEBUG] - fit_round 3 received 20 results and 0 failures
[2024-03-14 15:34:47,895][flwr][INFO] - fit progress: (3, 0.26062736443281176, {'test_accuracy': 0.1992}, 130.7134865000844)
[2024-03-14 15:34:47,896][flwr][INFO] - Sampled the following clients: ['58', '4', '44', '74', '40', '96', '0', '76', '54', '73']
[2024-03-14 15:34:47,896][flwr][DEBUG] - evaluate_round 3: strategy sampled 10 clients (out of 100)
[2024-03-14 15:34:49,697][flwr][DEBUG] - evaluate_round 3 received 10 results and 0 failures
[2024-03-14 15:34:49,733][flwr][INFO] - Sampled the following clients: ['31', '66', '72', '32', '40', '74', '12', '73', '75', '55', '15', '83', '56', '19', '9', '90', '21', '94', '43', '95']
[2024-03-14 15:34:49,733][flwr][DEBUG] - fit_round 4: strategy sampled 20 clients (out of 100)
[2024-03-14 15:35:15,350][flwr][DEBUG] - fit_round 4 received 20 results and 0 failures
[2024-03-14 15:35:27,436][flwr][INFO] - fit progress: (4, 0.25097842482328414, {'test_accuracy': 0.2698}, 170.25494437501766)
[2024-03-14 15:35:27,437][flwr][INFO] - Sampled the following clients: ['75', '77', '53', '41', '11', '67', '28', '84', '7', '57']
[2024-03-14 15:35:27,437][flwr][DEBUG] - evaluate_round 4: strategy sampled 10 clients (out of 100)
[2024-03-14 15:35:29,480][flwr][DEBUG] - evaluate_round 4 received 10 results and 0 failures
[2024-03-14 15:35:29,554][flwr][INFO] - Sampled the following clients: ['77', '4', '21', '91', '57', '6', '76', '2', '25', '96', '98', '53', '49', '10', '18', '42', '63', '37', '88', '94']
[2024-03-14 15:35:29,554][flwr][DEBUG] - fit_round 5: strategy sampled 20 clients (out of 100)
[2024-03-14 15:35:55,002][flwr][DEBUG] - fit_round 5 received 20 results and 0 failures
[2024-03-14 15:36:07,218][flwr][INFO] - fit progress: (5, 0.2483378715634346, {'test_accuracy': 0.2723}, 210.03657183307223)
[2024-03-14 15:36:07,218][flwr][INFO] - Sampled the following clients: ['81', '94', '31', '56', '74', '50', '86', '25', '15', '28']
[2024-03-14 15:36:07,218][flwr][DEBUG] - evaluate_round 5: strategy sampled 10 clients (out of 100)
[2024-03-14 15:36:08,995][flwr][DEBUG] - evaluate_round 5 received 10 results and 0 failures
[2024-03-14 15:36:09,074][flwr][INFO] - Sampled the following clients: ['36', '62', '92', '38', '75', '54', '45', '8', '26', '7', '91', '63', '43', '52', '66', '10', '83', '60', '55', '21']
[2024-03-14 15:36:09,074][flwr][DEBUG] - fit_round 6: strategy sampled 20 clients (out of 100)
[2024-03-14 15:36:34,453][flwr][DEBUG] - fit_round 6 received 20 results and 0 failures
[2024-03-14 15:36:46,506][flwr][INFO] - fit progress: (6, 0.2411889701485634, {'test_accuracy': 0.283}, 249.32488679105882)
[2024-03-14 15:36:46,506][flwr][INFO] - Sampled the following clients: ['3', '38', '10', '6', '91', '66', '41', '36', '94', '40']
[2024-03-14 15:36:46,506][flwr][DEBUG] - evaluate_round 6: strategy sampled 10 clients (out of 100)
[2024-03-14 15:36:48,701][flwr][DEBUG] - evaluate_round 6 received 10 results and 0 failures
[2024-03-14 15:36:48,779][flwr][INFO] - Sampled the following clients: ['8', '35', '66', '69', '79', '27', '64', '41', '65', '70', '59', '20', '18', '81', '51', '75', '11', '76', '39', '10']
[2024-03-14 15:36:48,779][flwr][DEBUG] - fit_round 7: strategy sampled 20 clients (out of 100)
[2024-03-14 15:37:14,039][flwr][DEBUG] - fit_round 7 received 20 results and 0 failures
[2024-03-14 15:37:25,988][flwr][INFO] - fit progress: (7, 0.23510174318552018, {'test_accuracy': 0.2992}, 288.8078112080693)
[2024-03-14 15:37:25,988][flwr][INFO] - Sampled the following clients: ['89', '96', '57', '79', '50', '40', '90', '45', '46', '31']
[2024-03-14 15:37:25,988][flwr][DEBUG] - evaluate_round 7: strategy sampled 10 clients (out of 100)
[2024-03-14 15:37:27,807][flwr][DEBUG] - evaluate_round 7 received 10 results and 0 failures
[2024-03-14 15:37:27,870][flwr][INFO] - Sampled the following clients: ['61', '53', '40', '33', '94', '26', '41', '52', '3', '31', '69', '76', '81', '27', '71', '18', '91', '2', '44', '11']
[2024-03-14 15:37:27,870][flwr][DEBUG] - fit_round 8: strategy sampled 20 clients (out of 100)
[2024-03-14 15:37:52,854][flwr][DEBUG] - fit_round 8 received 20 results and 0 failures
[2024-03-14 15:38:04,821][flwr][INFO] - fit progress: (8, 0.23266324685811995, {'test_accuracy': 0.3155}, 327.64095912501216)
[2024-03-14 15:38:04,821][flwr][INFO] - Sampled the following clients: ['84', '40', '30', '61', '48', '49', '90', '2', '85', '27']
[2024-03-14 15:38:04,821][flwr][DEBUG] - evaluate_round 8: strategy sampled 10 clients (out of 100)
[2024-03-14 15:38:06,711][flwr][DEBUG] - evaluate_round 8 received 10 results and 0 failures
[2024-03-14 15:38:06,789][flwr][INFO] - Sampled the following clients: ['65', '80', '12', '85', '74', '2', '47', '61', '39', '69', '63', '86', '87', '66', '14', '11', '58', '76', '92', '62']
[2024-03-14 15:38:06,789][flwr][DEBUG] - fit_round 9: strategy sampled 20 clients (out of 100)
[2024-03-14 15:38:32,177][flwr][DEBUG] - fit_round 9 received 20 results and 0 failures
[2024-03-14 15:38:44,208][flwr][INFO] - fit progress: (9, 0.22920383356809615, {'test_accuracy': 0.3314}, 367.02839929109905)
[2024-03-14 15:38:44,208][flwr][INFO] - Sampled the following clients: ['73', '22', '65', '91', '47', '71', '56', '10', '40', '17']
[2024-03-14 15:38:44,208][flwr][DEBUG] - evaluate_round 9: strategy sampled 10 clients (out of 100)
[2024-03-14 15:38:46,002][flwr][DEBUG] - evaluate_round 9 received 10 results and 0 failures
[2024-03-14 15:38:46,082][flwr][INFO] - Sampled the following clients: ['33', '34', '9', '28', '80', '42', '19', '82', '17', '84', '43', '69', '56', '15', '63', '81', '6', '64', '10', '68']
[2024-03-14 15:38:46,083][flwr][DEBUG] - fit_round 10: strategy sampled 20 clients (out of 100)
[2024-03-14 15:39:11,423][flwr][DEBUG] - fit_round 10 received 20 results and 0 failures
[2024-03-14 15:39:23,232][flwr][INFO] - fit progress: (10, 0.2220979436159134, {'test_accuracy': 0.335}, 406.0531957910862)
[2024-03-14 15:39:23,232][flwr][INFO] - Sampled the following clients: ['89', '12', '26', '65', '22', '82', '73', '93', '50', '48']
[2024-03-14 15:39:23,232][flwr][DEBUG] - evaluate_round 10: strategy sampled 10 clients (out of 100)
[2024-03-14 15:39:24,999][flwr][DEBUG] - evaluate_round 10 received 10 results and 0 failures
[2024-03-14 15:39:25,099][flwr][INFO] - Sampled the following clients: ['76', '3', '11', '51', '79', '90', '96', '2', '86', '25', '19', '13', '53', '17', '91', '18', '0', '30', '80', '22']
[2024-03-14 15:39:25,100][flwr][DEBUG] - fit_round 11: strategy sampled 20 clients (out of 100)
[2024-03-14 15:39:50,137][flwr][DEBUG] - fit_round 11 received 20 results and 0 failures
[2024-03-14 15:40:02,031][flwr][INFO] - fit progress: (11, 0.22180847792625427, {'test_accuracy': 0.3533}, 444.85234741598833)
[2024-03-14 15:40:02,031][flwr][INFO] - Sampled the following clients: ['81', '53', '76', '61', '52', '55', '96', '68', '54', '28']
[2024-03-14 15:40:02,031][flwr][DEBUG] - evaluate_round 11: strategy sampled 10 clients (out of 100)
[2024-03-14 15:40:03,894][flwr][DEBUG] - evaluate_round 11 received 10 results and 0 failures
[2024-03-14 15:40:03,975][flwr][INFO] - Sampled the following clients: ['92', '64', '9', '90', '34', '35', '37', '31', '17', '5', '26', '19', '83', '11', '18', '8', '77', '84', '29', '3']
[2024-03-14 15:40:03,975][flwr][DEBUG] - fit_round 12: strategy sampled 20 clients (out of 100)
[2024-03-14 15:40:29,093][flwr][DEBUG] - fit_round 12 received 20 results and 0 failures
[2024-03-14 15:40:40,801][flwr][INFO] - fit progress: (12, 0.21623435144424438, {'test_accuracy': 0.3697}, 483.622516958043)
[2024-03-14 15:40:40,801][flwr][INFO] - Sampled the following clients: ['56', '31', '72', '99', '24', '66', '35', '3', '1', '50']
[2024-03-14 15:40:40,801][flwr][DEBUG] - evaluate_round 12: strategy sampled 10 clients (out of 100)
[2024-03-14 15:40:42,628][flwr][DEBUG] - evaluate_round 12 received 10 results and 0 failures
[2024-03-14 15:40:42,696][flwr][INFO] - Sampled the following clients: ['67', '13', '97', '76', '4', '75', '53', '87', '61', '98', '31', '45', '1', '3', '44', '96', '46', '99', '33', '10']
[2024-03-14 15:40:42,696][flwr][DEBUG] - fit_round 13: strategy sampled 20 clients (out of 100)
[2024-03-14 15:41:08,731][flwr][DEBUG] - fit_round 13 received 20 results and 0 failures
[2024-03-14 15:41:20,897][flwr][INFO] - fit progress: (13, 0.21356627510786055, {'test_accuracy': 0.3815}, 523.7196879580151)
[2024-03-14 15:41:20,898][flwr][INFO] - Sampled the following clients: ['4', '5', '69', '20', '60', '46', '52', '95', '15', '47']
[2024-03-14 15:41:20,898][flwr][DEBUG] - evaluate_round 13: strategy sampled 10 clients (out of 100)
[2024-03-14 15:41:22,868][flwr][DEBUG] - evaluate_round 13 received 10 results and 0 failures
[2024-03-14 15:41:22,938][flwr][INFO] - Sampled the following clients: ['66', '61', '90', '85', '99', '12', '26', '40', '28', '34', '68', '46', '42', '73', '93', '84', '72', '10', '78', '94']
[2024-03-14 15:41:22,938][flwr][DEBUG] - fit_round 14: strategy sampled 20 clients (out of 100)
[2024-03-14 15:41:49,183][flwr][DEBUG] - fit_round 14 received 20 results and 0 failures
[2024-03-14 15:42:01,346][flwr][INFO] - fit progress: (14, 0.2090938842535019, {'test_accuracy': 0.3927}, 564.1683720829897)
[2024-03-14 15:42:01,346][flwr][INFO] - Sampled the following clients: ['33', '4', '46', '11', '70', '24', '80', '18', '61', '25']
[2024-03-14 15:42:01,346][flwr][DEBUG] - evaluate_round 14: strategy sampled 10 clients (out of 100)
[2024-03-14 15:42:03,132][flwr][DEBUG] - evaluate_round 14 received 10 results and 0 failures
[2024-03-14 15:42:03,206][flwr][INFO] - Sampled the following clients: ['0', '61', '85', '30', '18', '19', '14', '53', '90', '43', '29', '33', '36', '81', '99', '58', '11', '5', '79', '10']
[2024-03-14 15:42:03,206][flwr][DEBUG] - fit_round 15: strategy sampled 20 clients (out of 100)
[2024-03-14 15:42:29,391][flwr][DEBUG] - fit_round 15 received 20 results and 0 failures
[2024-03-14 15:42:41,335][flwr][INFO] - fit progress: (15, 0.20762534343600272, {'test_accuracy': 0.4026}, 604.1583380000666)
[2024-03-14 15:42:41,335][flwr][INFO] - Sampled the following clients: ['1', '85', '92', '80', '48', '61', '50', '25', '45', '43']
[2024-03-14 15:42:41,335][flwr][DEBUG] - evaluate_round 15: strategy sampled 10 clients (out of 100)
[2024-03-14 15:42:43,151][flwr][DEBUG] - evaluate_round 15 received 10 results and 0 failures
[2024-03-14 15:42:43,235][flwr][INFO] - Sampled the following clients: ['7', '15', '33', '98', '75', '50', '97', '47', '41', '57', '14', '91', '99', '52', '16', '44', '24', '95', '23', '80']
[2024-03-14 15:42:43,235][flwr][DEBUG] - fit_round 16: strategy sampled 20 clients (out of 100)
[2024-03-14 15:43:08,688][flwr][DEBUG] - fit_round 16 received 20 results and 0 failures
[2024-03-14 15:43:20,436][flwr][INFO] - fit progress: (16, 0.20560940756201745, {'test_accuracy': 0.4013}, 643.2598278750665)
[2024-03-14 15:43:20,436][flwr][INFO] - Sampled the following clients: ['27', '92', '35', '55', '94', '31', '69', '32', '70', '96']
[2024-03-14 15:43:20,436][flwr][DEBUG] - evaluate_round 16: strategy sampled 10 clients (out of 100)
[2024-03-14 15:43:22,341][flwr][DEBUG] - evaluate_round 16 received 10 results and 0 failures
[2024-03-14 15:43:22,402][flwr][INFO] - Sampled the following clients: ['74', '37', '52', '27', '39', '82', '23', '66', '7', '38', '24', '26', '79', '36', '51', '8', '58', '31', '22', '18']
[2024-03-14 15:43:22,402][flwr][DEBUG] - fit_round 17: strategy sampled 20 clients (out of 100)
[2024-03-14 15:43:48,274][flwr][DEBUG] - fit_round 17 received 20 results and 0 failures
[2024-03-14 15:44:00,409][flwr][INFO] - fit progress: (17, 0.20299336483478547, {'test_accuracy': 0.406}, 683.232896875008)
[2024-03-14 15:44:00,409][flwr][INFO] - Sampled the following clients: ['50', '54', '26', '58', '3', '27', '2', '91', '63', '68']
[2024-03-14 15:44:00,409][flwr][DEBUG] - evaluate_round 17: strategy sampled 10 clients (out of 100)
[2024-03-14 15:44:02,261][flwr][DEBUG] - evaluate_round 17 received 10 results and 0 failures
[2024-03-14 15:44:02,336][flwr][INFO] - Sampled the following clients: ['87', '4', '33', '6', '42', '34', '45', '21', '98', '74', '92', '2', '14', '9', '67', '89', '76', '32', '40', '52']
[2024-03-14 15:44:02,336][flwr][DEBUG] - fit_round 18: strategy sampled 20 clients (out of 100)
[2024-03-14 15:44:29,558][flwr][DEBUG] - fit_round 18 received 20 results and 0 failures
[2024-03-14 15:44:42,173][flwr][INFO] - fit progress: (18, 0.2002204193174839, {'test_accuracy': 0.4168}, 724.9971510830801)
[2024-03-14 15:44:42,173][flwr][INFO] - Sampled the following clients: ['71', '75', '6', '11', '86', '45', '67', '28', '80', '9']
[2024-03-14 15:44:42,173][flwr][DEBUG] - evaluate_round 18: strategy sampled 10 clients (out of 100)
[2024-03-14 15:44:44,326][flwr][DEBUG] - evaluate_round 18 received 10 results and 0 failures
[2024-03-14 15:44:44,413][flwr][INFO] - Sampled the following clients: ['73', '94', '92', '11', '59', '61', '78', '18', '41', '64', '4', '1', '55', '28', '57', '85', '66', '63', '38', '49']
[2024-03-14 15:44:44,413][flwr][DEBUG] - fit_round 19: strategy sampled 20 clients (out of 100)
[2024-03-14 15:45:11,408][flwr][DEBUG] - fit_round 19 received 20 results and 0 failures
[2024-03-14 15:45:23,968][flwr][INFO] - fit progress: (19, 0.19693240191936492, {'test_accuracy': 0.4238}, 766.7927225830499)
[2024-03-14 15:45:23,968][flwr][INFO] - Sampled the following clients: ['64', '88', '36', '51', '50', '18', '73', '56', '35', '99']
[2024-03-14 15:45:23,968][flwr][DEBUG] - evaluate_round 19: strategy sampled 10 clients (out of 100)
[2024-03-14 15:45:26,261][flwr][DEBUG] - evaluate_round 19 received 10 results and 0 failures
[2024-03-14 15:45:26,362][flwr][INFO] - Sampled the following clients: ['11', '44', '26', '4', '36', '53', '81', '77', '91', '7', '30', '98', '69', '55', '1', '17', '73', '59', '9', '97']
[2024-03-14 15:45:26,362][flwr][DEBUG] - fit_round 20: strategy sampled 20 clients (out of 100)
[2024-03-14 15:45:53,941][flwr][DEBUG] - fit_round 20 received 20 results and 0 failures
[2024-03-14 15:46:06,616][flwr][INFO] - fit progress: (20, 0.19583818994164467, {'test_accuracy': 0.4324}, 809.4410902910167)
[2024-03-14 15:46:06,616][flwr][INFO] - Sampled the following clients: ['2', '91', '65', '38', '69', '24', '6', '64', '22', '29']
[2024-03-14 15:46:06,616][flwr][DEBUG] - evaluate_round 20: strategy sampled 10 clients (out of 100)
[2024-03-14 15:46:08,453][flwr][DEBUG] - evaluate_round 20 received 10 results and 0 failures
[2024-03-14 15:46:08,542][flwr][INFO] - Sampled the following clients: ['58', '6', '55', '69', '75', '72', '19', '17', '98', '76', '28', '67', '97', '25', '82', '31', '18', '52', '8', '0']
[2024-03-14 15:46:08,542][flwr][DEBUG] - fit_round 21: strategy sampled 20 clients (out of 100)
[2024-03-14 15:46:34,192][flwr][DEBUG] - fit_round 21 received 20 results and 0 failures
[2024-03-14 15:46:46,097][flwr][INFO] - fit progress: (21, 0.1933145588338375, {'test_accuracy': 0.4343}, 848.9226828750689)
[2024-03-14 15:46:46,097][flwr][INFO] - Sampled the following clients: ['77', '49', '40', '13', '33', '0', '67', '34', '91', '54']
[2024-03-14 15:46:46,097][flwr][DEBUG] - evaluate_round 21: strategy sampled 10 clients (out of 100)
[2024-03-14 15:46:48,221][flwr][DEBUG] - evaluate_round 21 received 10 results and 0 failures
[2024-03-14 15:46:48,307][flwr][INFO] - Sampled the following clients: ['96', '91', '82', '7', '8', '60', '77', '10', '97', '42', '83', '31', '79', '78', '41', '89', '22', '94', '72', '76']
[2024-03-14 15:46:48,307][flwr][DEBUG] - fit_round 22: strategy sampled 20 clients (out of 100)
[2024-03-14 15:47:13,995][flwr][DEBUG] - fit_round 22 received 20 results and 0 failures
[2024-03-14 15:47:25,853][flwr][INFO] - fit progress: (22, 0.19259586126208306, {'test_accuracy': 0.4393}, 888.6793395000277)
[2024-03-14 15:47:25,853][flwr][INFO] - Sampled the following clients: ['68', '75', '34', '87', '13', '39', '96', '25', '64', '69']
[2024-03-14 15:47:25,853][flwr][DEBUG] - evaluate_round 22: strategy sampled 10 clients (out of 100)
[2024-03-14 15:47:27,687][flwr][DEBUG] - evaluate_round 22 received 10 results and 0 failures
[2024-03-14 15:47:27,752][flwr][INFO] - Sampled the following clients: ['40', '43', '99', '52', '16', '65', '90', '33', '86', '37', '13', '74', '11', '88', '14', '59', '97', '3', '22', '47']
[2024-03-14 15:47:27,752][flwr][DEBUG] - fit_round 23: strategy sampled 20 clients (out of 100)
[2024-03-14 15:47:53,119][flwr][DEBUG] - fit_round 23 received 20 results and 0 failures
[2024-03-14 15:48:05,165][flwr][INFO] - fit progress: (23, 0.1893018963396549, {'test_accuracy': 0.4502}, 927.9919241660973)
[2024-03-14 15:48:05,165][flwr][INFO] - Sampled the following clients: ['1', '4', '86', '47', '48', '13', '14', '62', '94', '7']
[2024-03-14 15:48:05,165][flwr][DEBUG] - evaluate_round 23: strategy sampled 10 clients (out of 100)
[2024-03-14 15:48:07,197][flwr][DEBUG] - evaluate_round 23 received 10 results and 0 failures
[2024-03-14 15:48:07,290][flwr][INFO] - Sampled the following clients: ['38', '53', '47', '95', '59', '1', '8', '27', '19', '94', '48', '29', '78', '41', '15', '14', '63', '45', '24', '18']
[2024-03-14 15:48:07,290][flwr][DEBUG] - fit_round 24: strategy sampled 20 clients (out of 100)
[2024-03-14 15:48:32,166][flwr][DEBUG] - fit_round 24 received 20 results and 0 failures
[2024-03-14 15:48:44,114][flwr][INFO] - fit progress: (24, 0.18864153510332107, {'test_accuracy': 0.4459}, 966.9409579160856)
[2024-03-14 15:48:44,114][flwr][INFO] - Sampled the following clients: ['87', '51', '70', '81', '13', '6', '55', '74', '17', '50']
[2024-03-14 15:48:44,114][flwr][DEBUG] - evaluate_round 24: strategy sampled 10 clients (out of 100)
[2024-03-14 15:48:45,927][flwr][DEBUG] - evaluate_round 24 received 10 results and 0 failures
[2024-03-14 15:48:46,010][flwr][INFO] - Sampled the following clients: ['48', '96', '16', '22', '64', '81', '52', '47', '10', '98', '34', '44', '7', '57', '62', '31', '14', '54', '90', '43']
[2024-03-14 15:48:46,010][flwr][DEBUG] - fit_round 25: strategy sampled 20 clients (out of 100)
[2024-03-14 15:49:11,590][flwr][DEBUG] - fit_round 25 received 20 results and 0 failures
[2024-03-14 15:49:23,445][flwr][INFO] - fit progress: (25, 0.18894867616295816, {'test_accuracy': 0.4527}, 1006.2661650830414)
[2024-03-14 15:49:23,445][flwr][INFO] - Sampled the following clients: ['37', '1', '10', '22', '16', '91', '66', '86', '77', '36']
[2024-03-14 15:49:23,445][flwr][DEBUG] - evaluate_round 25: strategy sampled 10 clients (out of 100)
[2024-03-14 15:49:25,498][flwr][DEBUG] - evaluate_round 25 received 10 results and 0 failures
[2024-03-14 15:49:25,586][flwr][INFO] - Sampled the following clients: ['59', '78', '83', '72', '47', '12', '40', '29', '91', '52', '58', '65', '51', '80', '46', '34', '81', '49', '66', '79']
[2024-03-14 15:49:25,586][flwr][DEBUG] - fit_round 26: strategy sampled 20 clients (out of 100)
[2024-03-14 15:49:50,804][flwr][DEBUG] - fit_round 26 received 20 results and 0 failures
[2024-03-14 15:50:02,958][flwr][INFO] - fit progress: (26, 0.18432547021508217, {'test_accuracy': 0.4556}, 1045.7792028750991)
[2024-03-14 15:50:02,958][flwr][INFO] - Sampled the following clients: ['62', '29', '51', '38', '90', '85', '59', '8', '17', '10']
[2024-03-14 15:50:02,958][flwr][DEBUG] - evaluate_round 26: strategy sampled 10 clients (out of 100)
[2024-03-14 15:50:04,763][flwr][DEBUG] - evaluate_round 26 received 10 results and 0 failures
[2024-03-14 15:50:04,841][flwr][INFO] - Sampled the following clients: ['27', '87', '3', '65', '59', '57', '35', '33', '26', '96', '69', '5', '1', '76', '56', '24', '58', '47', '62', '49']
[2024-03-14 15:50:04,841][flwr][DEBUG] - fit_round 27: strategy sampled 20 clients (out of 100)
[2024-03-14 15:50:29,775][flwr][DEBUG] - fit_round 27 received 20 results and 0 failures
[2024-03-14 15:50:41,511][flwr][INFO] - fit progress: (27, 0.1840024239718914, {'test_accuracy': 0.4621}, 1084.332858290989)
[2024-03-14 15:50:41,512][flwr][INFO] - Sampled the following clients: ['9', '54', '72', '45', '62', '50', '19', '92', '75', '32']
[2024-03-14 15:50:41,512][flwr][DEBUG] - evaluate_round 27: strategy sampled 10 clients (out of 100)
[2024-03-14 15:50:43,556][flwr][DEBUG] - evaluate_round 27 received 10 results and 0 failures
[2024-03-14 15:50:43,634][flwr][INFO] - Sampled the following clients: ['75', '32', '95', '20', '72', '93', '11', '15', '54', '98', '24', '13', '9', '4', '87', '89', '33', '36', '47', '52']
[2024-03-14 15:50:43,634][flwr][DEBUG] - fit_round 28: strategy sampled 20 clients (out of 100)
[2024-03-14 15:51:09,242][flwr][DEBUG] - fit_round 28 received 20 results and 0 failures
[2024-03-14 15:51:21,407][flwr][INFO] - fit progress: (28, 0.1827979825913906, {'test_accuracy': 0.4673}, 1124.2292159580393)
[2024-03-14 15:51:21,408][flwr][INFO] - Sampled the following clients: ['19', '96', '10', '16', '51', '47', '37', '26', '2', '20']
[2024-03-14 15:51:21,408][flwr][DEBUG] - evaluate_round 28: strategy sampled 10 clients (out of 100)
[2024-03-14 15:51:23,282][flwr][DEBUG] - evaluate_round 28 received 10 results and 0 failures
[2024-03-14 15:51:23,376][flwr][INFO] - Sampled the following clients: ['98', '79', '63', '40', '31', '23', '55', '78', '82', '84', '32', '22', '15', '50', '93', '89', '69', '43', '34', '37']
[2024-03-14 15:51:23,376][flwr][DEBUG] - fit_round 29: strategy sampled 20 clients (out of 100)
[2024-03-14 15:51:48,391][flwr][DEBUG] - fit_round 29 received 20 results and 0 failures
[2024-03-14 15:52:00,109][flwr][INFO] - fit progress: (29, 0.18200030663013458, {'test_accuracy': 0.466}, 1162.9312331250403)
[2024-03-14 15:52:00,109][flwr][INFO] - Sampled the following clients: ['60', '67', '79', '55', '40', '8', '82', '48', '27', '33']
[2024-03-14 15:52:00,109][flwr][DEBUG] - evaluate_round 29: strategy sampled 10 clients (out of 100)
[2024-03-14 15:52:01,970][flwr][DEBUG] - evaluate_round 29 received 10 results and 0 failures
[2024-03-14 15:52:02,047][flwr][INFO] - Sampled the following clients: ['75', '7', '16', '67', '82', '53', '14', '12', '4', '22', '61', '84', '42', '59', '27', '8', '17', '56', '15', '65']
[2024-03-14 15:52:02,047][flwr][DEBUG] - fit_round 30: strategy sampled 20 clients (out of 100)
[2024-03-14 15:52:27,096][flwr][DEBUG] - fit_round 30 received 20 results and 0 failures
[2024-03-14 15:52:38,845][flwr][INFO] - fit progress: (30, 0.17979925624132156, {'test_accuracy': 0.4715}, 1201.6677030830178)
[2024-03-14 15:52:38,845][flwr][INFO] - Sampled the following clients: ['3', '0', '82', '88', '35', '78', '71', '25', '12', '8']
[2024-03-14 15:52:38,845][flwr][DEBUG] - evaluate_round 30: strategy sampled 10 clients (out of 100)
[2024-03-14 15:52:40,680][flwr][DEBUG] - evaluate_round 30 received 10 results and 0 failures
[2024-03-14 15:52:40,769][flwr][INFO] - Sampled the following clients: ['10', '14', '24', '45', '21', '72', '80', '93', '74', '69', '17', '64', '22', '25', '62', '48', '36', '0', '56', '39']
[2024-03-14 15:52:40,769][flwr][DEBUG] - fit_round 31: strategy sampled 20 clients (out of 100)
[2024-03-14 15:53:05,649][flwr][DEBUG] - fit_round 31 received 20 results and 0 failures
[2024-03-14 15:53:17,156][flwr][INFO] - fit progress: (31, 0.18041294963955878, {'test_accuracy': 0.4719}, 1239.9787358330796)
[2024-03-14 15:53:17,156][flwr][INFO] - Sampled the following clients: ['71', '15', '13', '39', '40', '49', '74', '51', '53', '22']
[2024-03-14 15:53:17,156][flwr][DEBUG] - evaluate_round 31: strategy sampled 10 clients (out of 100)
[2024-03-14 15:53:18,973][flwr][DEBUG] - evaluate_round 31 received 10 results and 0 failures
[2024-03-14 15:53:19,055][flwr][INFO] - Sampled the following clients: ['48', '35', '12', '38', '10', '85', '18', '73', '65', '19', '71', '89', '72', '44', '70', '80', '68', '69', '42', '22']
[2024-03-14 15:53:19,055][flwr][DEBUG] - fit_round 32: strategy sampled 20 clients (out of 100)
[2024-03-14 15:53:45,215][flwr][DEBUG] - fit_round 32 received 20 results and 0 failures
[2024-03-14 15:53:57,548][flwr][INFO] - fit progress: (32, 0.1783704578280449, {'test_accuracy': 0.4758}, 1280.3707876660628)
[2024-03-14 15:53:57,548][flwr][INFO] - Sampled the following clients: ['21', '86', '50', '41', '62', '96', '67', '4', '77', '39']
[2024-03-14 15:53:57,548][flwr][DEBUG] - evaluate_round 32: strategy sampled 10 clients (out of 100)
[2024-03-14 15:53:59,640][flwr][DEBUG] - evaluate_round 32 received 10 results and 0 failures
[2024-03-14 15:53:59,724][flwr][INFO] - Sampled the following clients: ['87', '34', '35', '98', '71', '53', '49', '52', '73', '64', '56', '93', '46', '69', '19', '77', '51', '28', '23', '36']
[2024-03-14 15:53:59,724][flwr][DEBUG] - fit_round 33: strategy sampled 20 clients (out of 100)
[2024-03-14 15:54:25,095][flwr][DEBUG] - fit_round 33 received 20 results and 0 failures
[2024-03-14 15:54:36,844][flwr][INFO] - fit progress: (33, 0.17701383728981018, {'test_accuracy': 0.4818}, 1319.6669804580742)
[2024-03-14 15:54:36,844][flwr][INFO] - Sampled the following clients: ['81', '84', '50', '22', '4', '13', '90', '89', '72', '65']
[2024-03-14 15:54:36,844][flwr][DEBUG] - evaluate_round 33: strategy sampled 10 clients (out of 100)
[2024-03-14 15:54:38,771][flwr][DEBUG] - evaluate_round 33 received 10 results and 0 failures
[2024-03-14 15:54:38,829][flwr][INFO] - Sampled the following clients: ['19', '34', '54', '67', '13', '93', '46', '23', '44', '66', '56', '2', '57', '20', '48', '95', '92', '16', '83', '8']
[2024-03-14 15:54:38,830][flwr][DEBUG] - fit_round 34: strategy sampled 20 clients (out of 100)
[2024-03-14 15:55:03,815][flwr][DEBUG] - fit_round 34 received 20 results and 0 failures
[2024-03-14 15:55:15,418][flwr][INFO] - fit progress: (34, 0.17478231920003892, {'test_accuracy': 0.4939}, 1358.2413447910221)
[2024-03-14 15:55:15,418][flwr][INFO] - Sampled the following clients: ['81', '88', '20', '22', '33', '68', '1', '8', '82', '10']
[2024-03-14 15:55:15,418][flwr][DEBUG] - evaluate_round 34: strategy sampled 10 clients (out of 100)
[2024-03-14 15:55:17,190][flwr][DEBUG] - evaluate_round 34 received 10 results and 0 failures
[2024-03-14 15:55:17,269][flwr][INFO] - Sampled the following clients: ['62', '23', '25', '89', '93', '97', '80', '30', '19', '71', '10', '52', '47', '50', '75', '21', '76', '12', '43', '8']
[2024-03-14 15:55:17,269][flwr][DEBUG] - fit_round 35: strategy sampled 20 clients (out of 100)
[2024-03-14 15:55:42,364][flwr][DEBUG] - fit_round 35 received 20 results and 0 failures
[2024-03-14 15:55:54,102][flwr][INFO] - fit progress: (35, 0.17455487921237944, {'test_accuracy': 0.4915}, 1396.9260215410031)
[2024-03-14 15:55:54,102][flwr][INFO] - Sampled the following clients: ['21', '89', '96', '68', '26', '17', '71', '47', '3', '78']
[2024-03-14 15:55:54,102][flwr][DEBUG] - evaluate_round 35: strategy sampled 10 clients (out of 100)
[2024-03-14 15:55:55,920][flwr][DEBUG] - evaluate_round 35 received 10 results and 0 failures
[2024-03-14 15:55:55,999][flwr][INFO] - Sampled the following clients: ['98', '35', '8', '97', '32', '12', '86', '47', '84', '89', '95', '14', '43', '93', '54', '80', '75', '9', '85', '11']
[2024-03-14 15:55:55,999][flwr][DEBUG] - fit_round 36: strategy sampled 20 clients (out of 100)
[2024-03-14 15:56:21,219][flwr][DEBUG] - fit_round 36 received 20 results and 0 failures
[2024-03-14 15:56:32,902][flwr][INFO] - fit progress: (36, 0.17300279710292815, {'test_accuracy': 0.4976}, 1435.7268392910482)
[2024-03-14 15:56:32,903][flwr][INFO] - Sampled the following clients: ['6', '37', '78', '2', '7', '8', '42', '59', '53', '98']
[2024-03-14 15:56:32,903][flwr][DEBUG] - evaluate_round 36: strategy sampled 10 clients (out of 100)
[2024-03-14 15:56:34,870][flwr][DEBUG] - evaluate_round 36 received 10 results and 0 failures
[2024-03-14 15:56:34,958][flwr][INFO] - Sampled the following clients: ['14', '28', '96', '56', '67', '41', '15', '11', '30', '55', '65', '68', '37', '48', '52', '95', '45', '63', '16', '38']
[2024-03-14 15:56:34,958][flwr][DEBUG] - fit_round 37: strategy sampled 20 clients (out of 100)
[2024-03-14 15:57:00,198][flwr][DEBUG] - fit_round 37 received 20 results and 0 failures
[2024-03-14 15:57:12,150][flwr][INFO] - fit progress: (37, 0.1728856343239546, {'test_accuracy': 0.4967}, 1474.9748655830044)
[2024-03-14 15:57:12,150][flwr][INFO] - Sampled the following clients: ['74', '56', '18', '3', '66', '42', '62', '5', '84', '33']
[2024-03-14 15:57:12,150][flwr][DEBUG] - evaluate_round 37: strategy sampled 10 clients (out of 100)
[2024-03-14 15:57:13,980][flwr][DEBUG] - evaluate_round 37 received 10 results and 0 failures
[2024-03-14 15:57:14,061][flwr][INFO] - Sampled the following clients: ['7', '83', '60', '6', '34', '32', '9', '97', '4', '47', '78', '48', '76', '61', '51', '13', '54', '5', '64', '87']
[2024-03-14 15:57:14,061][flwr][DEBUG] - fit_round 38: strategy sampled 20 clients (out of 100)
[2024-03-14 15:57:39,431][flwr][DEBUG] - fit_round 38 received 20 results and 0 failures
[2024-03-14 15:57:51,074][flwr][INFO] - fit progress: (38, 0.17188304687440395, {'test_accuracy': 0.4979}, 1513.8987687909976)
[2024-03-14 15:57:51,074][flwr][INFO] - Sampled the following clients: ['86', '56', '65', '49', '79', '64', '26', '16', '80', '12']
[2024-03-14 15:57:51,074][flwr][DEBUG] - evaluate_round 38: strategy sampled 10 clients (out of 100)
[2024-03-14 15:57:52,913][flwr][DEBUG] - evaluate_round 38 received 10 results and 0 failures
[2024-03-14 15:57:52,998][flwr][INFO] - Sampled the following clients: ['45', '12', '57', '16', '0', '98', '31', '88', '42', '75', '24', '34', '55', '93', '3', '89', '74', '95', '29', '14']
[2024-03-14 15:57:52,998][flwr][DEBUG] - fit_round 39: strategy sampled 20 clients (out of 100)
[2024-03-14 15:58:18,144][flwr][DEBUG] - fit_round 39 received 20 results and 0 failures
[2024-03-14 15:58:29,962][flwr][INFO] - fit progress: (39, 0.1716874384403229, {'test_accuracy': 0.4956}, 1552.7874268750893)
[2024-03-14 15:58:29,962][flwr][INFO] - Sampled the following clients: ['83', '45', '74', '96', '9', '36', '41', '21', '42', '71']
[2024-03-14 15:58:29,962][flwr][DEBUG] - evaluate_round 39: strategy sampled 10 clients (out of 100)
[2024-03-14 15:58:31,943][flwr][DEBUG] - evaluate_round 39 received 10 results and 0 failures
[2024-03-14 15:58:32,020][flwr][INFO] - Sampled the following clients: ['27', '46', '63', '49', '70', '77', '4', '6', '48', '75', '25', '61', '66', '83', '88', '13', '85', '84', '18', '38']
[2024-03-14 15:58:32,020][flwr][DEBUG] - fit_round 40: strategy sampled 20 clients (out of 100)
[2024-03-14 15:58:56,946][flwr][DEBUG] - fit_round 40 received 20 results and 0 failures
[2024-03-14 15:59:08,819][flwr][INFO] - fit progress: (40, 0.17060533551573753, {'test_accuracy': 0.5046}, 1591.644369791029)
[2024-03-14 15:59:08,819][flwr][INFO] - Sampled the following clients: ['39', '99', '18', '38', '15', '22', '59', '66', '19', '64']
[2024-03-14 15:59:08,819][flwr][DEBUG] - evaluate_round 40: strategy sampled 10 clients (out of 100)
[2024-03-14 15:59:10,826][flwr][DEBUG] - evaluate_round 40 received 10 results and 0 failures
[2024-03-14 15:59:10,913][flwr][INFO] - Sampled the following clients: ['96', '78', '26', '59', '11', '5', '68', '33', '42', '62', '86', '64', '22', '35', '74', '89', '15', '44', '54', '58']
[2024-03-14 15:59:10,913][flwr][DEBUG] - fit_round 41: strategy sampled 20 clients (out of 100)
[2024-03-14 15:59:36,556][flwr][DEBUG] - fit_round 41 received 20 results and 0 failures
[2024-03-14 15:59:48,670][flwr][INFO] - fit progress: (41, 0.1704548864364624, {'test_accuracy': 0.5009}, 1631.4964381660102)
[2024-03-14 15:59:48,671][flwr][INFO] - Sampled the following clients: ['5', '62', '63', '30', '55', '45', '56', '69', '2', '38']
[2024-03-14 15:59:48,671][flwr][DEBUG] - evaluate_round 41: strategy sampled 10 clients (out of 100)
[2024-03-14 15:59:50,612][flwr][DEBUG] - evaluate_round 41 received 10 results and 0 failures
[2024-03-14 15:59:50,694][flwr][INFO] - Sampled the following clients: ['67', '11', '37', '3', '76', '17', '34', '45', '93', '8', '25', '96', '98', '91', '18', '29', '85', '68', '55', '20']
[2024-03-14 15:59:50,695][flwr][DEBUG] - fit_round 42: strategy sampled 20 clients (out of 100)
[2024-03-14 16:00:15,707][flwr][DEBUG] - fit_round 42 received 20 results and 0 failures
[2024-03-14 16:00:27,643][flwr][INFO] - fit progress: (42, 0.16809606948196887, {'test_accuracy': 0.5138}, 1670.4696665410884)
[2024-03-14 16:00:27,644][flwr][INFO] - Sampled the following clients: ['9', '95', '14', '29', '18', '26', '64', '36', '62', '47']
[2024-03-14 16:00:27,644][flwr][DEBUG] - evaluate_round 42: strategy sampled 10 clients (out of 100)
[2024-03-14 16:00:29,981][flwr][DEBUG] - evaluate_round 42 received 10 results and 0 failures
[2024-03-14 16:00:30,071][flwr][INFO] - Sampled the following clients: ['5', '75', '48', '0', '13', '25', '8', '95', '38', '18', '70', '60', '30', '72', '87', '41', '98', '24', '22', '59']
[2024-03-14 16:00:30,071][flwr][DEBUG] - fit_round 43: strategy sampled 20 clients (out of 100)
[2024-03-14 16:00:55,594][flwr][DEBUG] - fit_round 43 received 20 results and 0 failures
[2024-03-14 16:01:07,874][flwr][INFO] - fit progress: (43, 0.16832976117134094, {'test_accuracy': 0.5105}, 1710.7006912910147)
[2024-03-14 16:01:07,874][flwr][INFO] - Sampled the following clients: ['20', '42', '87', '80', '39', '53', '97', '67', '38', '14']
[2024-03-14 16:01:07,874][flwr][DEBUG] - evaluate_round 43: strategy sampled 10 clients (out of 100)
[2024-03-14 16:01:09,823][flwr][DEBUG] - evaluate_round 43 received 10 results and 0 failures
[2024-03-14 16:01:09,888][flwr][INFO] - Sampled the following clients: ['45', '48', '3', '54', '16', '62', '27', '63', '8', '0', '1', '50', '59', '44', '49', '89', '64', '55', '9', '66']
[2024-03-14 16:01:09,888][flwr][DEBUG] - fit_round 44: strategy sampled 20 clients (out of 100)
[2024-03-14 16:01:34,758][flwr][DEBUG] - fit_round 44 received 20 results and 0 failures
[2024-03-14 16:01:46,490][flwr][INFO] - fit progress: (44, 0.16568112936913967, {'test_accuracy': 0.52}, 1749.3173772910377)
[2024-03-14 16:01:46,491][flwr][INFO] - Sampled the following clients: ['71', '63', '16', '42', '34', '87', '99', '14', '44', '54']
[2024-03-14 16:01:46,491][flwr][DEBUG] - evaluate_round 44: strategy sampled 10 clients (out of 100)
[2024-03-14 16:01:48,323][flwr][DEBUG] - evaluate_round 44 received 10 results and 0 failures
[2024-03-14 16:01:48,403][flwr][INFO] - Sampled the following clients: ['95', '61', '12', '49', '91', '54', '7', '98', '30', '50', '72', '82', '41', '11', '52', '13', '18', '28', '19', '85']
[2024-03-14 16:01:48,403][flwr][DEBUG] - fit_round 45: strategy sampled 20 clients (out of 100)
[2024-03-14 16:02:13,271][flwr][DEBUG] - fit_round 45 received 20 results and 0 failures
[2024-03-14 16:02:25,288][flwr][INFO] - fit progress: (45, 0.16626080872118473, {'test_accuracy': 0.5201}, 1788.1155031250091)
[2024-03-14 16:02:25,288][flwr][INFO] - Sampled the following clients: ['14', '94', '33', '19', '56', '68', '51', '58', '70', '16']
[2024-03-14 16:02:25,288][flwr][DEBUG] - evaluate_round 45: strategy sampled 10 clients (out of 100)
[2024-03-14 16:02:27,182][flwr][DEBUG] - evaluate_round 45 received 10 results and 0 failures
[2024-03-14 16:02:27,261][flwr][INFO] - Sampled the following clients: ['85', '19', '45', '9', '63', '11', '31', '4', '27', '22', '70', '39', '91', '40', '72', '13', '97', '71', '66', '2']
[2024-03-14 16:02:27,261][flwr][DEBUG] - fit_round 46: strategy sampled 20 clients (out of 100)
[2024-03-14 16:02:52,378][flwr][DEBUG] - fit_round 46 received 20 results and 0 failures
[2024-03-14 16:03:04,357][flwr][INFO] - fit progress: (46, 0.1640802436321974, {'test_accuracy': 0.525}, 1827.1850867910543)
[2024-03-14 16:03:04,358][flwr][INFO] - Sampled the following clients: ['58', '4', '23', '84', '71', '27', '16', '96', '44', '54']
[2024-03-14 16:03:04,358][flwr][DEBUG] - evaluate_round 46: strategy sampled 10 clients (out of 100)
[2024-03-14 16:03:06,141][flwr][DEBUG] - evaluate_round 46 received 10 results and 0 failures
[2024-03-14 16:03:06,213][flwr][INFO] - Sampled the following clients: ['29', '22', '96', '66', '31', '55', '98', '79', '93', '63', '78', '50', '65', '20', '46', '64', '0', '76', '97', '88']
[2024-03-14 16:03:06,213][flwr][DEBUG] - fit_round 47: strategy sampled 20 clients (out of 100)
[2024-03-14 16:03:31,427][flwr][DEBUG] - fit_round 47 received 20 results and 0 failures
[2024-03-14 16:03:43,086][flwr][INFO] - fit progress: (47, 0.16478461944460868, {'test_accuracy': 0.5246}, 1865.91385041608)
[2024-03-14 16:03:43,086][flwr][INFO] - Sampled the following clients: ['95', '18', '78', '63', '85', '26', '15', '66', '96', '6']
[2024-03-14 16:03:43,086][flwr][DEBUG] - evaluate_round 47: strategy sampled 10 clients (out of 100)
[2024-03-14 16:03:44,954][flwr][DEBUG] - evaluate_round 47 received 10 results and 0 failures
[2024-03-14 16:03:45,059][flwr][INFO] - Sampled the following clients: ['45', '22', '71', '79', '60', '62', '76', '32', '83', '73', '56', '26', '59', '33', '1', '74', '49', '5', '89', '68']
[2024-03-14 16:03:45,059][flwr][DEBUG] - fit_round 48: strategy sampled 20 clients (out of 100)
[2024-03-14 16:04:09,927][flwr][DEBUG] - fit_round 48 received 20 results and 0 failures
[2024-03-14 16:04:21,643][flwr][INFO] - fit progress: (48, 0.16552783196866513, {'test_accuracy': 0.5117}, 1904.4717050410109)
[2024-03-14 16:04:21,644][flwr][INFO] - Sampled the following clients: ['35', '79', '59', '33', '39', '42', '70', '14', '9', '21']
[2024-03-14 16:04:21,644][flwr][DEBUG] - evaluate_round 48: strategy sampled 10 clients (out of 100)
[2024-03-14 16:04:23,418][flwr][DEBUG] - evaluate_round 48 received 10 results and 0 failures
[2024-03-14 16:04:23,527][flwr][INFO] - Sampled the following clients: ['15', '4', '63', '45', '75', '46', '90', '99', '12', '8', '60', '0', '80', '21', '54', '11', '30', '82', '22', '65']
[2024-03-14 16:04:23,527][flwr][DEBUG] - fit_round 49: strategy sampled 20 clients (out of 100)
[2024-03-14 16:04:48,502][flwr][DEBUG] - fit_round 49 received 20 results and 0 failures
[2024-03-14 16:05:00,237][flwr][INFO] - fit progress: (49, 0.16357108840048312, {'test_accuracy': 0.5208}, 1943.0652939580614)
[2024-03-14 16:05:00,237][flwr][INFO] - Sampled the following clients: ['18', '16', '70', '28', '4', '48', '55', '42', '68', '11']
[2024-03-14 16:05:00,237][flwr][DEBUG] - evaluate_round 49: strategy sampled 10 clients (out of 100)
[2024-03-14 16:05:02,239][flwr][DEBUG] - evaluate_round 49 received 10 results and 0 failures
[2024-03-14 16:05:02,303][flwr][INFO] - Sampled the following clients: ['57', '53', '20', '59', '18', '82', '10', '94', '5', '38', '51', '55', '2', '34', '26', '66', '29', '63', '19', '78']
[2024-03-14 16:05:02,303][flwr][DEBUG] - fit_round 50: strategy sampled 20 clients (out of 100)
[2024-03-14 16:05:27,230][flwr][DEBUG] - fit_round 50 received 20 results and 0 failures
[2024-03-14 16:05:38,780][flwr][INFO] - fit progress: (50, 0.16282688093185424, {'test_accuracy': 0.5261}, 1981.6089645409957)
[2024-03-14 16:05:38,780][flwr][INFO] - Sampled the following clients: ['25', '70', '68', '93', '52', '31', '35', '73', '41', '17']
[2024-03-14 16:05:38,780][flwr][DEBUG] - evaluate_round 50: strategy sampled 10 clients (out of 100)
[2024-03-14 16:05:40,774][flwr][DEBUG] - evaluate_round 50 received 10 results and 0 failures
[2024-03-14 16:05:40,865][flwr][INFO] - FL finished in 1983.694300416042
[2024-03-14 16:05:40,900][flwr][INFO] - app_fit: losses_distributed [(1, 0.32027657275297206), (2, 0.3116361219055799), (3, 0.3085649512252029), (4, 0.2936169981956482), (5, 0.2906068492908867), (6, 0.27634184652445265), (7, 0.2784096236131629), (8, 0.2762604402036083), (9, 0.2794383053876916), (10, 0.26726761667095883), (11, 0.263947509502878), (12, 0.2592454856755782), (13, 0.2553234316864792), (14, 0.2582015022939565), (15, 0.24627545585437696), (16, 0.25086477119095474), (17, 0.2396216207621049), (18, 0.23650053447606612), (19, 0.24100405658994403), (20, 0.23772948396449187), (21, 0.22878478473546554), (22, 0.24001562425068446), (23, 0.2204117790776856), (24, 0.23231631444425), (25, 0.217856044307047), (26, 0.2203838945651541), (27, 0.21107711755499547), (28, 0.21715871752524862), (29, 0.21968598195484706), (30, 0.2336154741900308), (31, 0.22209164390758593), (32, 0.21243554171250792), (33, 0.21480061132080702), (34, 0.2143725561852358), (35, 0.21731435729532825), (36, 0.20941218928414948), (37, 0.21025484642203973), (38, 0.2118745191973083), (39, 0.2144126141557888), (40, 0.205254157100405), (41, 0.21294584760860522), (42, 0.1986993031842368), (43, 0.19077075938789212), (44, 0.20654144919648462), (45, 0.2008757011014588), (46, 0.1981535814246353), (47, 0.1858892041809705), (48, 0.20758602363722664), (49, 0.2065652499393541), (50, 0.20406448561318066)]
[2024-03-14 16:05:40,900][flwr][INFO] - app_fit: metrics_distributed_fit {'train_loss': [(1, 0.5733316542854925), (2, 0.5592749890410749), (3, 0.5452920597807694), (4, 0.5332456669714943), (5, 0.5234031165366241), (6, 0.5152482018333548), (7, 0.503314159662883), (8, 0.4976837656151097), (9, 0.49019158327476603), (10, 0.48232023095322246), (11, 0.47978279596135537), (12, 0.47502634036178387), (13, 0.46677453127716056), (14, 0.4612059457234478), (15, 0.4578993084715841), (16, 0.45255151711031877), (17, 0.4485796428235753), (18, 0.4396480893557205), (19, 0.43865137833327483), (20, 0.4350322592695367), (21, 0.4318410970993894), (22, 0.42781983992389944), (23, 0.4238073686426909), (24, 0.4194961707604727), (25, 0.4177273776614308), (26, 0.4118835308856893), (27, 0.4094255426673077), (28, 0.4073639022225852), (29, 0.40108001459263426), (30, 0.399826202270576), (31, 0.4028455032704591), (32, 0.3959630201036119), (33, 0.39465100591016905), (34, 0.394487812683305), (35, 0.38600278750335865), (36, 0.38597466721571333), (37, 0.3923089671160315), (38, 0.38490062516854295), (39, 0.3821418930001984), (40, 0.3817526232870687), (41, 0.3804573597756418), (42, 0.37986287746715747), (43, 0.37600887271769573), (44, 0.36859747868937237), (45, 0.37462337082601715), (46, 0.3700551701929806), (47, 0.3696999651505535), (48, 0.36600569932583976), (49, 0.3613343439478377), (50, 0.36267208319119815)], 'train_accuracy': [(1, 0.122227201434013), (2, 0.15371678439286915), (3, 0.16610663082437277), (4, 0.19049220764659716), (5, 0.20463969516978595), (6, 0.22382711902362556), (7, 0.23871906841339155), (8, 0.24523649405962789), (9, 0.25467996861338416), (10, 0.2721667974442327), (11, 0.2751933639726488), (12, 0.2787362760475017), (13, 0.3024532317687913), (14, 0.30814931061540185), (15, 0.3199955167002914), (16, 0.3292983635956064), (17, 0.3315028577832568), (18, 0.3459556352229442), (19, 0.3527105734767025), (20, 0.35205110961667785), (21, 0.3561259948436274), (22, 0.36847412054671747), (23, 0.37218424296761177), (24, 0.38447754507783627), (25, 0.38155535634244736), (26, 0.3925128894866622), (27, 0.39562780269058295), (28, 0.397175837722739), (29, 0.4162277261010871), (30, 0.4178903710346374), (31, 0.4077310924369748), (32, 0.417152466367713), (33, 0.4230338337441183), (34, 0.4158360398700862), (35, 0.4377451529754567), (36, 0.43471926482124845), (37, 0.42625153992608356), (38, 0.4298992161254199), (39, 0.44209229390681004), (40, 0.44), (41, 0.44398340248962653), (42, 0.4444942309846533), (43, 0.453679847653187), (44, 0.46230536574437103), (45, 0.4538625406435699), (46, 0.45904761904761904), (47, 0.4663827879874496), (48, 0.47119479937233805), (49, 0.47612107623318384), (50, 0.4732362821948488)]}
[2024-03-14 16:05:40,900][flwr][INFO] - app_fit: metrics_distributed {'test_accuracy': [(1, 0.1469387755102041), (2, 0.1673469387755102), (3, 0.17142857142857143), (4, 0.23061224489795917), (5, 0.2571428571428571), (6, 0.3020408163265306), (7, 0.2816326530612245), (8, 0.2755102040816326), (9, 0.2938775510204082), (10, 0.3224489795918367), (11, 0.32653061224489793), (12, 0.36122448979591837), (13, 0.3448979591836735), (14, 0.363265306122449), (15, 0.40408163265306124), (16, 0.3408163265306122), (17, 0.363265306122449), (18, 0.4204081632653061), (19, 0.39591836734693875), (20, 0.4142857142857143), (21, 0.40408163265306124), (22, 0.373469387755102), (23, 0.43673469387755104), (24, 0.4142857142857143), (25, 0.45918367346938777), (26, 0.43673469387755104), (27, 0.47346938775510206), (28, 0.4489795918367347), (29, 0.42653061224489797), (30, 0.41836734693877553), (31, 0.42653061224489797), (32, 0.4326530612244898), (33, 0.4489795918367347), (34, 0.5020408163265306), (35, 0.47959183673469385), (36, 0.45714285714285713), (37, 0.4714285714285714), (38, 0.5081632653061224), (39, 0.45918367346938777), (40, 0.47551020408163264), (41, 0.45510204081632655), (42, 0.4959183673469388), (43, 0.5183673469387755), (44, 0.4897959183673469), (45, 0.5346938775510204), (46, 0.5163265306122449), (47, 0.5469387755102041), (48, 0.4857142857142857), (49, 0.5163265306122449), (50, 0.5102040816326531)]}
[2024-03-14 16:05:40,900][flwr][INFO] - app_fit: losses_centralized [(0, 0.28809124541282655), (1, 0.2778188586950302), (2, 0.2712093402266502), (3, 0.26062736443281176), (4, 0.25097842482328414), (5, 0.2483378715634346), (6, 0.2411889701485634), (7, 0.23510174318552018), (8, 0.23266324685811995), (9, 0.22920383356809615), (10, 0.2220979436159134), (11, 0.22180847792625427), (12, 0.21623435144424438), (13, 0.21356627510786055), (14, 0.2090938842535019), (15, 0.20762534343600272), (16, 0.20560940756201745), (17, 0.20299336483478547), (18, 0.2002204193174839), (19, 0.19693240191936492), (20, 0.19583818994164467), (21, 0.1933145588338375), (22, 0.19259586126208306), (23, 0.1893018963396549), (24, 0.18864153510332107), (25, 0.18894867616295816), (26, 0.18432547021508217), (27, 0.1840024239718914), (28, 0.1827979825913906), (29, 0.18200030663013458), (30, 0.17979925624132156), (31, 0.18041294963955878), (32, 0.1783704578280449), (33, 0.17701383728981018), (34, 0.17478231920003892), (35, 0.17455487921237944), (36, 0.17300279710292815), (37, 0.1728856343239546), (38, 0.17188304687440395), (39, 0.1716874384403229), (40, 0.17060533551573753), (41, 0.1704548864364624), (42, 0.16809606948196887), (43, 0.16832976117134094), (44, 0.16568112936913967), (45, 0.16626080872118473), (46, 0.1640802436321974), (47, 0.16478461944460868), (48, 0.16552783196866513), (49, 0.16357108840048312), (50, 0.16282688093185424)]
[2024-03-14 16:05:40,900][flwr][INFO] - app_fit: metrics_centralized {'test_accuracy': [(0, 0.0973), (1, 0.1719), (2, 0.1867), (3, 0.1992), (4, 0.2698), (5, 0.2723), (6, 0.283), (7, 0.2992), (8, 0.3155), (9, 0.3314), (10, 0.335), (11, 0.3533), (12, 0.3697), (13, 0.3815), (14, 0.3927), (15, 0.4026), (16, 0.4013), (17, 0.406), (18, 0.4168), (19, 0.4238), (20, 0.4324), (21, 0.4343), (22, 0.4393), (23, 0.4502), (24, 0.4459), (25, 0.4527), (26, 0.4556), (27, 0.4621), (28, 0.4673), (29, 0.466), (30, 0.4715), (31, 0.4719), (32, 0.4758), (33, 0.4818), (34, 0.4939), (35, 0.4915), (36, 0.4976), (37, 0.4967), (38, 0.4979), (39, 0.4956), (40, 0.5046), (41, 0.5009), (42, 0.5138), (43, 0.5105), (44, 0.52), (45, 0.5201), (46, 0.525), (47, 0.5246), (48, 0.5117), (49, 0.5208), (50, 0.5261)]}
[2024-03-14 16:05:42,483][flwr][INFO] - Cleaned up ray temp session: /tmp/ray/session_2024-03-14_15-32-23_252202_97007 with size: 649868099584
[2024-03-14 16:05:42,484][flwr][INFO] - Saving ['yaml', 'log', 'wandb']
