[2024-03-24 13:32:23,062][flwr][INFO] - working_dir: null
to_save_once:
- yaml
- log
- wandb
to_save_per_round:
- parameters
- rng
- history
save_frequency: 1
to_restore: []
to_clean_once:
- history
- parameters
- yaml
- log
- rng
- history
use_wandb: false
debug_clients:
  all: false
  one: true
wandb_resume: false
wandb_id: null
wandb:
  setup:
    project: template
    tags:
    - strategy_${strategy.name}
    - seed_${fed.seed}
    entity: null
    mode: online
ray_address: null
ray_redis_password: null
ray_node_ip_address: null
file_limit: 250
task:
  model_and_data: FMNIST_CNN
  train_structure: FMNIST
  fit_config:
    net_config: {}
    dataloader_config:
      batch_size: 4
    run_config:
      epochs: 1
      learning_rate: 0.01
      optimizer: block_exact
    extra: {}
  eval_config:
    net_config: {}
    dataloader_config:
      batch_size: 8
    run_config: {}
    extra: {}
  fed_test_config:
    net_config: {}
    dataloader_config:
      batch_size: 8
    run_config: {}
    extra: {}
  net_config_initial_parameters: {}
  fit_metrics:
  - train_loss
  - train_accuracy
  evaluate_metrics:
  - test_accuracy
fed:
  num_rounds: 5
  num_total_clients: 100
  num_clients_per_round: 20
  num_evaluate_clients_per_round: 20
  enable_resampling: false
  cpus_per_client: 2
  gpus_per_client: 0
  seed: 1337
  load_saved_state: true
  server_round: null
  parameters_folder: null
  rng_folder: null
  history_folder: null
strategy:
  name: FedAvg
  init:
    _target_: flwr.server.strategy.FedAvg
dataset:
  dataset_dir: ./data/fmnist/data
  partition_dir: ./data/fmnist/partition
  num_clients: 100
  val_ratio: 0.1
  seed: 1337
  iid: false
  power_law: false
  balance: false
  lda: true
  alpha: 1.0

[2024-03-24 13:32:23,081][flwr][INFO] - Wandb run initialized with False
[2024-03-24 13:32:23,082][flwr][INFO] - Pre-cleaning ['history', 'parameters', 'yaml', 'log', 'rng', 'history']
[2024-03-24 13:32:23,082][flwr][INFO] - Loading parameters failed from: /Users/grantwilkins/fl-final-proj/outputs/2024-03-24/13-32-22/results/state/parameters/parameters_0.bin
[2024-03-24 13:32:23,082][flwr][INFO] - Generating initial parameters with config: {}
[2024-03-24 13:32:23,082][flwr][INFO] - Generating initial parameters with config: {}
[2024-03-24 13:32:23,093][flwr][INFO] - Using RNG seed: 1337
[2024-03-24 13:32:47,449][flwr][INFO] - Fit debug fit: [515, {'train_loss': 0.4776715058724857, 'train_accuracy': 0.4330097087378641}]  and eval: (0.3205396041535495, 57, {'test_accuracy': 0.03508771929824561})
[2024-03-24 13:32:47,450][flwr][INFO] - Starting Flower simulation, config: ServerConfig(num_rounds=5, round_timeout=None)
[2024-03-24 13:32:49,991][flwr][INFO] - Flower VCE: Ray initialized with resources: {'memory': 19582797415.0, 'object_store_memory': 2147483648.0, 'node:__internal_head__': 1.0, 'CPU': 10.0, 'node:127.0.0.1': 1.0}
[2024-03-24 13:32:49,991][flwr][INFO] - Optimize your simulation with Flower VCE: https://flower.dev/docs/framework/how-to-run-simulations.html
[2024-03-24 13:32:49,991][flwr][INFO] - Flower VCE: Resources for each Virtual Client: {'num_cpus': 2, 'num_gpus': 0.0}
[2024-03-24 13:32:50,000][flwr][INFO] - Flower VCE: Creating VirtualClientEngineActorPool with 5 actors
[2024-03-24 13:32:50,000][flwr][INFO] - Initializing global parameters
[2024-03-24 13:32:50,000][flwr][INFO] - Using initial parameters provided by strategy
[2024-03-24 13:32:50,000][flwr][INFO] - Evaluating initial parameters
[2024-03-24 13:32:53,565][flwr][INFO] - initial parameters (loss, other metrics): 0.28786823773384096, {'test_accuracy': 0.1035}
[2024-03-24 13:32:53,571][flwr][INFO] - FL starting
[2024-03-24 13:32:53,572][flwr][INFO] - Sampled the following clients: ['18', '62', '29', '0', '45', '56', '26', '93', '96', '76', '83', '92', '99', '54', '43', '3', '84', '27', '37', '59']
[2024-03-24 13:32:53,572][flwr][DEBUG] - fit_round 1: strategy sampled 20 clients (out of 100)
[2024-03-24 13:36:46,717][flwr][DEBUG] - fit_round 1 received 20 results and 0 failures
[2024-03-24 13:36:49,918][flwr][INFO] - fit progress: (1, 0.28133827655315397, {'test_accuracy': 0.2449}, 236.34764579194598)
[2024-03-24 13:36:49,918][flwr][INFO] - Sampled the following clients: ['41', '72', '1', '61', '47', '80', '99', '97', '54', '10', '58', '93', '89', '30', '23', '14', '31', '68', '96', '66']
[2024-03-24 13:36:49,918][flwr][DEBUG] - evaluate_round 1: strategy sampled 20 clients (out of 100)
[2024-03-24 13:36:51,027][flwr][DEBUG] - evaluate_round 1 received 20 results and 0 failures
[2024-03-24 13:36:51,040][flwr][INFO] - Sampled the following clients: ['0', '59', '24', '71', '20', '33', '69', '36', '73', '9', '61', '14', '37', '84', '42', '27', '79', '31', '46', '53']
[2024-03-24 13:36:51,041][flwr][DEBUG] - fit_round 2: strategy sampled 20 clients (out of 100)
[2024-03-24 13:40:50,228][flwr][DEBUG] - fit_round 2 received 20 results and 0 failures
[2024-03-24 13:40:53,313][flwr][INFO] - fit progress: (2, 0.27190637636184695, {'test_accuracy': 0.245}, 479.7442862498574)
[2024-03-24 13:40:53,313][flwr][INFO] - Sampled the following clients: ['18', '80', '54', '3', '75', '57', '0', '27', '22', '23', '99', '78', '37', '2', '51', '55', '58', '4', '44', '74']
[2024-03-24 13:40:53,313][flwr][DEBUG] - evaluate_round 2: strategy sampled 20 clients (out of 100)
[2024-03-24 13:40:54,326][flwr][DEBUG] - evaluate_round 2 received 20 results and 0 failures
[2024-03-24 13:40:54,338][flwr][INFO] - Sampled the following clients: ['40', '96', '0', '76', '54', '73', '31', '66', '72', '32', '74', '12', '75', '55', '15', '83', '56', '19', '9', '90']
[2024-03-24 13:40:54,338][flwr][DEBUG] - fit_round 3: strategy sampled 20 clients (out of 100)
[2024-03-24 13:44:49,742][flwr][DEBUG] - fit_round 3 received 20 results and 0 failures
[2024-03-24 13:44:53,226][flwr][INFO] - fit progress: (3, 0.2583155333042145, {'test_accuracy': 0.4893}, 719.6588558747899)
[2024-03-24 13:44:53,226][flwr][INFO] - Sampled the following clients: ['21', '94', '43', '95', '75', '77', '53', '41', '11', '67', '28', '84', '7', '57', '4', '91', '6', '76', '2', '25']
[2024-03-24 13:44:53,226][flwr][DEBUG] - evaluate_round 3: strategy sampled 20 clients (out of 100)
[2024-03-24 13:44:54,290][flwr][DEBUG] - evaluate_round 3 received 20 results and 0 failures
[2024-03-24 13:44:54,302][flwr][INFO] - Sampled the following clients: ['96', '98', '53', '49', '10', '18', '42', '63', '37', '88', '94', '81', '31', '56', '74', '50', '86', '25', '15', '28']
[2024-03-24 13:44:54,302][flwr][DEBUG] - fit_round 4: strategy sampled 20 clients (out of 100)
[2024-03-24 13:48:51,610][flwr][DEBUG] - fit_round 4 received 20 results and 0 failures
[2024-03-24 13:48:54,821][flwr][INFO] - fit progress: (4, 0.24181022297143936, {'test_accuracy': 0.6021}, 961.2559960829094)
[2024-03-24 13:48:54,821][flwr][INFO] - Sampled the following clients: ['36', '62', '92', '38', '75', '54', '45', '8', '26', '7', '91', '63', '43', '52', '66', '10', '83', '60', '55', '21']
[2024-03-24 13:48:54,822][flwr][DEBUG] - evaluate_round 4: strategy sampled 20 clients (out of 100)
[2024-03-24 13:48:55,910][flwr][DEBUG] - evaluate_round 4 received 20 results and 0 failures
[2024-03-24 13:48:55,934][flwr][INFO] - Sampled the following clients: ['3', '38', '10', '6', '91', '66', '41', '36', '94', '40', '8', '35', '69', '79', '27', '64', '65', '70', '59', '20']
[2024-03-24 13:48:55,934][flwr][DEBUG] - fit_round 5: strategy sampled 20 clients (out of 100)
[2024-03-24 13:52:56,955][flwr][DEBUG] - fit_round 5 received 20 results and 0 failures
[2024-03-24 13:53:00,038][flwr][INFO] - fit progress: (5, 0.2234063930273056, {'test_accuracy': 0.5401}, 1206.4311213328037)
[2024-03-24 13:53:00,038][flwr][INFO] - Sampled the following clients: ['18', '81', '51', '75', '11', '66', '76', '39', '10', '89', '96', '57', '79', '50', '40', '90', '45', '46', '31', '61']
[2024-03-24 13:53:00,038][flwr][DEBUG] - evaluate_round 5: strategy sampled 20 clients (out of 100)
[2024-03-24 13:53:01,071][flwr][DEBUG] - evaluate_round 5 received 20 results and 0 failures
[2024-03-24 13:53:01,106][flwr][INFO] - FL finished in 1207.4994522919878
[2024-03-24 13:53:01,116][flwr][INFO] - app_fit: losses_distributed [(1, 0.3048344394231798), (2, 0.2886046174219099), (3, 0.27317189460232755), (4, 0.2589302479258613), (5, 0.2372156074781458)]
[2024-03-24 13:53:01,116][flwr][INFO] - app_fit: metrics_distributed_fit {'train_loss': [(1, 0.5122969364077483), (2, 0.4970438720006743), (3, 0.47366432186727975), (4, 0.45813719885911325), (5, 0.4028815537451039)], 'train_accuracy': [(1, 0.3149036201222379), (2, 0.3713736615722522), (3, 0.4435604642456009), (4, 0.48495262864573657), (5, 0.5839436103991212)]}
[2024-03-24 13:53:01,116][flwr][INFO] - app_fit: metrics_distributed {'test_accuracy': [(1, 0.2020460358056266), (2, 0.24491525423728813), (3, 0.5100671140939598), (4, 0.6312659303313509), (5, 0.5594936708860759)]}
[2024-03-24 13:53:01,116][flwr][INFO] - app_fit: losses_centralized [(0, 0.28786823773384096), (1, 0.28133827655315397), (2, 0.27190637636184695), (3, 0.2583155333042145), (4, 0.24181022297143936), (5, 0.2234063930273056)]
[2024-03-24 13:53:01,116][flwr][INFO] - app_fit: metrics_centralized {'test_accuracy': [(0, 0.1035), (1, 0.2449), (2, 0.245), (3, 0.4893), (4, 0.6021), (5, 0.5401)]}
[2024-03-24 13:53:02,897][flwr][INFO] - Cleaned up ray temp session: /tmp/ray/session_2024-03-24_13-32-47_505171_77524 with size: 912501960704
[2024-03-24 13:53:02,897][flwr][INFO] - Saving ['yaml', 'log', 'wandb']
[2024-03-24 13:53:02,900][flwr][INFO] - Post-cleaning ['history', 'parameters', 'yaml', 'log', 'rng', 'history']
