[2024-03-24 13:03:16,180][flwr][INFO] - working_dir: null
to_save_once:
- yaml
- log
- wandb
to_save_per_round:
- parameters
- rng
- history
save_frequency: 1
to_restore: []
to_clean_once:
- history
- parameters
- yaml
- log
- rng
- history
use_wandb: false
debug_clients:
  all: false
  one: true
wandb_resume: false
wandb_id: null
wandb:
  setup:
    project: template
    tags:
    - strategy_${strategy.name}
    - seed_${fed.seed}
    entity: null
    mode: online
ray_address: null
ray_redis_password: null
ray_node_ip_address: null
file_limit: 250
task:
  model_and_data: FMNIST_CNN
  train_structure: FMNIST
  fit_config:
    net_config: {}
    dataloader_config:
      batch_size: 4
    run_config:
      epochs: 1
      learning_rate: 0.01
      optimizer: diag_mc
    extra: {}
  eval_config:
    net_config: {}
    dataloader_config:
      batch_size: 8
    run_config: {}
    extra: {}
  fed_test_config:
    net_config: {}
    dataloader_config:
      batch_size: 8
    run_config: {}
    extra: {}
  net_config_initial_parameters: {}
  fit_metrics:
  - train_loss
  - train_accuracy
  evaluate_metrics:
  - test_accuracy
fed:
  num_rounds: 5
  num_total_clients: 100
  num_clients_per_round: 20
  num_evaluate_clients_per_round: 20
  enable_resampling: false
  cpus_per_client: 2
  gpus_per_client: 0
  seed: 1337
  load_saved_state: true
  server_round: null
  parameters_folder: null
  rng_folder: null
  history_folder: null
strategy:
  name: FedAvg
  init:
    _target_: flwr.server.strategy.FedAvg
dataset:
  dataset_dir: ./data/fmnist/data
  partition_dir: ./data/fmnist/partition
  num_clients: 100
  val_ratio: 0.1
  seed: 1337
  iid: false
  power_law: false
  balance: false
  lda: true
  alpha: 1.0

[2024-03-24 13:03:16,200][flwr][INFO] - Wandb run initialized with False
[2024-03-24 13:03:16,200][flwr][INFO] - Pre-cleaning ['history', 'parameters', 'yaml', 'log', 'rng', 'history']
[2024-03-24 13:03:16,200][flwr][INFO] - Loading parameters failed from: /Users/grantwilkins/fl-final-proj/outputs/2024-03-24/13-03-16/results/state/parameters/parameters_0.bin
[2024-03-24 13:03:16,200][flwr][INFO] - Generating initial parameters with config: {}
[2024-03-24 13:03:16,200][flwr][INFO] - Generating initial parameters with config: {}
[2024-03-24 13:03:16,216][flwr][INFO] - Using RNG seed: 1337
[2024-03-24 13:03:20,427][flwr][INFO] - Fit debug fit: [515, {'train_loss': 0.31843405802128383, 'train_accuracy': 0.574757281553398}]  and eval: (0.3195325115270782, 57, {'test_accuracy': 0.3333333333333333})
[2024-03-24 13:03:20,427][flwr][INFO] - Starting Flower simulation, config: ServerConfig(num_rounds=5, round_timeout=None)
[2024-03-24 13:03:23,138][flwr][INFO] - Flower VCE: Ray initialized with resources: {'memory': 19927549543.0, 'node:__internal_head__': 1.0, 'CPU': 10.0, 'node:127.0.0.1': 1.0, 'object_store_memory': 2147483648.0}
[2024-03-24 13:03:23,138][flwr][INFO] - Optimize your simulation with Flower VCE: https://flower.dev/docs/framework/how-to-run-simulations.html
[2024-03-24 13:03:23,138][flwr][INFO] - Flower VCE: Resources for each Virtual Client: {'num_cpus': 2, 'num_gpus': 0.0}
[2024-03-24 13:03:23,146][flwr][INFO] - Flower VCE: Creating VirtualClientEngineActorPool with 5 actors
[2024-03-24 13:03:23,146][flwr][INFO] - Initializing global parameters
[2024-03-24 13:03:23,146][flwr][INFO] - Using initial parameters provided by strategy
[2024-03-24 13:03:23,146][flwr][INFO] - Evaluating initial parameters
[2024-03-24 13:03:26,813][flwr][INFO] - initial parameters (loss, other metrics): 0.28822580425739286, {'test_accuracy': 0.0911}
[2024-03-24 13:03:26,827][flwr][INFO] - FL starting
[2024-03-24 13:03:26,827][flwr][INFO] - Sampled the following clients: ['18', '62', '29', '0', '45', '56', '26', '93', '96', '76', '83', '92', '99', '54', '43', '3', '84', '27', '37', '59']
[2024-03-24 13:03:26,828][flwr][DEBUG] - fit_round 1: strategy sampled 20 clients (out of 100)
[2024-03-24 13:03:45,957][flwr][DEBUG] - fit_round 1 received 20 results and 0 failures
[2024-03-24 13:03:49,209][flwr][INFO] - fit progress: (1, 0.1622998189151287, {'test_accuracy': 0.6177}, 22.381131750065833)
[2024-03-24 13:03:49,209][flwr][INFO] - Sampled the following clients: ['41', '72', '1', '61', '47', '80', '99', '97', '54', '10', '58', '93', '89', '30', '23', '14', '31', '68', '96', '66']
[2024-03-24 13:03:49,209][flwr][DEBUG] - evaluate_round 1: strategy sampled 20 clients (out of 100)
[2024-03-24 13:03:49,803][flwr][DEBUG] - evaluate_round 1 received 20 results and 0 failures
[2024-03-24 13:03:49,818][flwr][INFO] - Sampled the following clients: ['0', '59', '24', '71', '20', '33', '69', '36', '73', '9', '61', '14', '37', '84', '42', '27', '79', '31', '46', '53']
[2024-03-24 13:03:49,818][flwr][DEBUG] - fit_round 2: strategy sampled 20 clients (out of 100)
[2024-03-24 13:04:07,163][flwr][DEBUG] - fit_round 2 received 20 results and 0 failures
[2024-03-24 13:04:11,052][flwr][INFO] - fit progress: (2, 0.09708697424083948, {'test_accuracy': 0.7088}, 44.22452308307402)
[2024-03-24 13:04:11,052][flwr][INFO] - Sampled the following clients: ['18', '80', '54', '3', '75', '57', '0', '27', '22', '23', '99', '78', '37', '2', '51', '55', '58', '4', '44', '74']
[2024-03-24 13:04:11,052][flwr][DEBUG] - evaluate_round 2: strategy sampled 20 clients (out of 100)
[2024-03-24 13:04:11,642][flwr][DEBUG] - evaluate_round 2 received 20 results and 0 failures
[2024-03-24 13:04:11,656][flwr][INFO] - Sampled the following clients: ['40', '96', '0', '76', '54', '73', '31', '66', '72', '32', '74', '12', '75', '55', '15', '83', '56', '19', '9', '90']
[2024-03-24 13:04:11,656][flwr][DEBUG] - fit_round 3: strategy sampled 20 clients (out of 100)
[2024-03-24 13:04:27,839][flwr][DEBUG] - fit_round 3 received 20 results and 0 failures
[2024-03-24 13:04:31,314][flwr][INFO] - fit progress: (3, 0.08092194691598416, {'test_accuracy': 0.7638}, 64.48711400013417)
[2024-03-24 13:04:31,315][flwr][INFO] - Sampled the following clients: ['21', '94', '43', '95', '75', '77', '53', '41', '11', '67', '28', '84', '7', '57', '4', '91', '6', '76', '2', '25']
[2024-03-24 13:04:31,315][flwr][DEBUG] - evaluate_round 3: strategy sampled 20 clients (out of 100)
[2024-03-24 13:04:31,870][flwr][DEBUG] - evaluate_round 3 received 20 results and 0 failures
[2024-03-24 13:04:31,884][flwr][INFO] - Sampled the following clients: ['96', '98', '53', '49', '10', '18', '42', '63', '37', '88', '94', '81', '31', '56', '74', '50', '86', '25', '15', '28']
[2024-03-24 13:04:31,884][flwr][DEBUG] - fit_round 4: strategy sampled 20 clients (out of 100)
[2024-03-24 13:04:48,078][flwr][DEBUG] - fit_round 4 received 20 results and 0 failures
[2024-03-24 13:04:51,353][flwr][INFO] - fit progress: (4, 0.0734708560578525, {'test_accuracy': 0.7827}, 84.52558979205787)
[2024-03-24 13:04:51,353][flwr][INFO] - Sampled the following clients: ['36', '62', '92', '38', '75', '54', '45', '8', '26', '7', '91', '63', '43', '52', '66', '10', '83', '60', '55', '21']
[2024-03-24 13:04:51,353][flwr][DEBUG] - evaluate_round 4: strategy sampled 20 clients (out of 100)
[2024-03-24 13:04:51,898][flwr][DEBUG] - evaluate_round 4 received 20 results and 0 failures
[2024-03-24 13:04:51,907][flwr][INFO] - Sampled the following clients: ['3', '38', '10', '6', '91', '66', '41', '36', '94', '40', '8', '35', '69', '79', '27', '64', '65', '70', '59', '20']
[2024-03-24 13:04:51,907][flwr][DEBUG] - fit_round 5: strategy sampled 20 clients (out of 100)
[2024-03-24 13:05:08,173][flwr][DEBUG] - fit_round 5 received 20 results and 0 failures
[2024-03-24 13:05:11,434][flwr][INFO] - fit progress: (5, 0.06801760123614221, {'test_accuracy': 0.7999}, 104.60635087499395)
[2024-03-24 13:05:11,434][flwr][INFO] - Sampled the following clients: ['18', '81', '51', '75', '11', '66', '76', '39', '10', '89', '96', '57', '79', '50', '40', '90', '45', '46', '31', '61']
[2024-03-24 13:05:11,434][flwr][DEBUG] - evaluate_round 5: strategy sampled 20 clients (out of 100)
[2024-03-24 13:05:11,932][flwr][DEBUG] - evaluate_round 5 received 20 results and 0 failures
[2024-03-24 13:05:11,949][flwr][INFO] - FL finished in 105.12216304196045
[2024-03-24 13:05:11,959][flwr][INFO] - app_fit: losses_distributed [(1, 0.17968902446628124), (2, 0.0984362911748684), (3, 0.08630255746558284), (4, 0.07550164123288117), (5, 0.06848627831246547)]
[2024-03-24 13:05:11,959][flwr][INFO] - app_fit: metrics_distributed_fit {'train_loss': [(1, 0.3146880555095359), (2, 0.21970140658318316), (3, 0.1668956090883693), (4, 0.15869311239832232), (5, 0.13652175474550524)], 'train_accuracy': [(1, 0.577150916784203), (2, 0.6903084103596595), (3, 0.7632909022837888), (4, 0.7749396247445662), (5, 0.7981508604906628)]}
[2024-03-24 13:05:11,959][flwr][INFO] - app_fit: metrics_distributed {'test_accuracy': [(1, 0.6086956521739131), (2, 0.7050847457627119), (3, 0.74748322147651), (4, 0.7960917587085812), (5, 0.8151898734177215)]}
[2024-03-24 13:05:11,959][flwr][INFO] - app_fit: losses_centralized [(0, 0.28822580425739286), (1, 0.1622998189151287), (2, 0.09708697424083948), (3, 0.08092194691598416), (4, 0.0734708560578525), (5, 0.06801760123614221)]
[2024-03-24 13:05:11,959][flwr][INFO] - app_fit: metrics_centralized {'test_accuracy': [(0, 0.0911), (1, 0.6177), (2, 0.7088), (3, 0.7638), (4, 0.7827), (5, 0.7999)]}
[2024-03-24 13:05:13,727][flwr][INFO] - Cleaned up ray temp session: /tmp/ray/session_2024-03-24_13-03-20_480636_76901 with size: 911598149632
[2024-03-24 13:05:13,727][flwr][INFO] - Saving ['yaml', 'log', 'wandb']
[2024-03-24 13:05:13,730][flwr][INFO] - Post-cleaning ['history', 'parameters', 'yaml', 'log', 'rng', 'history']
