[2024-03-19 18:07:00,391][flwr][INFO] - working_dir: null
to_save_once:
- yaml
- log
- wandb
to_save_per_round:
- parameters
- rng
- history
save_frequency: 1
to_restore: []
to_clean_once:
- history
- parameters
- yaml
- log
- rng
- history
use_wandb: false
debug_clients:
  all: false
  one: true
wandb_resume: false
wandb_id: null
wandb:
  setup:
    project: template
    tags:
    - strategy_${strategy.name}
    - seed_${fed.seed}
    entity: null
    mode: online
ray_address: null
ray_redis_password: null
ray_node_ip_address: null
file_limit: 250
task:
  model_and_data: FMNIST_CNN
  train_structure: FMNIST
  fit_config:
    net_config: {}
    dataloader_config:
      batch_size: 4
    run_config:
      epochs: 1
      learning_rate: 0.01
      optimizer: diag_mc
    extra: {}
  eval_config:
    net_config: {}
    dataloader_config:
      batch_size: 8
    run_config: {}
    extra: {}
  fed_test_config:
    net_config: {}
    dataloader_config:
      batch_size: 8
    run_config: {}
    extra: {}
  net_config_initial_parameters: {}
  fit_metrics:
  - train_loss
  - train_accuracy
  evaluate_metrics:
  - test_accuracy
fed:
  num_rounds: 50
  num_total_clients: 100
  num_clients_per_round: 20
  num_evaluate_clients_per_round: 20
  enable_resampling: false
  cpus_per_client: 2
  gpus_per_client: 0
  seed: 1337
  load_saved_state: true
  server_round: null
  parameters_folder: null
  rng_folder: null
  history_folder: null
strategy:
  name: FedAvg
  init:
    _target_: flwr.server.strategy.FedAvg
dataset:
  dataset_dir: ./data/fmnist/data
  partition_dir: ./data/fmnist/partition
  num_clients: 100
  val_ratio: 0.1
  seed: 1337
  iid: false
  power_law: false
  balance: false
  lda: true
  alpha: 100.0

[2024-03-19 18:07:00,411][flwr][INFO] - Wandb run initialized with False
[2024-03-19 18:07:00,411][flwr][INFO] - Pre-cleaning ['history', 'parameters', 'yaml', 'log', 'rng', 'history']
[2024-03-19 18:07:00,411][flwr][INFO] - Loading parameters failed from: /Users/grantwilkins/fl-final-proj/outputs/2024-03-19/18-07-00/results/state/parameters/parameters_0.bin
[2024-03-19 18:07:00,412][flwr][INFO] - Generating initial parameters with config: {}
[2024-03-19 18:07:00,412][flwr][INFO] - Generating initial parameters with config: {}
[2024-03-19 18:07:00,427][flwr][INFO] - Using RNG seed: 1337
[2024-03-19 18:07:03,798][flwr][INFO] - Fit debug fit: [536, {'train_loss': 0.407314234593911, 'train_accuracy': 0.40111940298507465}]  and eval: (0.3118968858557232, 59, {'test_accuracy': 0.2033898305084746})
[2024-03-19 18:07:03,799][flwr][INFO] - Starting Flower simulation, config: ServerConfig(num_rounds=50, round_timeout=None)
[2024-03-19 18:07:07,266][flwr][INFO] - Flower VCE: Ray initialized with resources: {'memory': 20529243751.0, 'node:127.0.0.1': 1.0, 'node:__internal_head__': 1.0, 'object_store_memory': 2147483648.0, 'CPU': 10.0}
[2024-03-19 18:07:07,266][flwr][INFO] - Optimize your simulation with Flower VCE: https://flower.dev/docs/framework/how-to-run-simulations.html
[2024-03-19 18:07:07,266][flwr][INFO] - Flower VCE: Resources for each Virtual Client: {'num_cpus': 2, 'num_gpus': 0.0}
[2024-03-19 18:07:07,274][flwr][INFO] - Flower VCE: Creating VirtualClientEngineActorPool with 5 actors
[2024-03-19 18:07:07,274][flwr][INFO] - Initializing global parameters
[2024-03-19 18:07:07,274][flwr][INFO] - Using initial parameters provided by strategy
[2024-03-19 18:07:07,274][flwr][INFO] - Evaluating initial parameters
[2024-03-19 18:07:10,804][flwr][INFO] - initial parameters (loss, other metrics): 0.2879017802715301, {'test_accuracy': 0.1014}
[2024-03-19 18:07:10,812][flwr][INFO] - FL starting
[2024-03-19 18:07:10,812][flwr][INFO] - Sampled the following clients: ['18', '62', '29', '0', '45', '56', '26', '93', '96', '76', '83', '92', '99', '54', '43', '3', '84', '27', '37', '59']
[2024-03-19 18:07:10,812][flwr][DEBUG] - fit_round 1: strategy sampled 20 clients (out of 100)
[2024-03-19 18:07:24,713][flwr][DEBUG] - fit_round 1 received 20 results and 0 failures
[2024-03-19 18:07:27,778][flwr][INFO] - fit progress: (1, 0.1220480675816536, {'test_accuracy': 0.7114}, 16.96429695910774)
[2024-03-19 18:07:27,779][flwr][INFO] - Sampled the following clients: ['41', '72', '1', '61', '47', '80', '99', '97', '54', '10', '58', '93', '89', '30', '23', '14', '31', '68', '96', '66']
[2024-03-19 18:07:27,779][flwr][DEBUG] - evaluate_round 1: strategy sampled 20 clients (out of 100)
[2024-03-19 18:07:28,285][flwr][DEBUG] - evaluate_round 1 received 20 results and 0 failures
[2024-03-19 18:07:28,291][flwr][INFO] - Sampled the following clients: ['0', '59', '24', '71', '20', '33', '69', '36', '73', '9', '61', '14', '37', '84', '42', '27', '79', '31', '46', '53']
[2024-03-19 18:07:28,292][flwr][DEBUG] - fit_round 2: strategy sampled 20 clients (out of 100)
[2024-03-19 18:07:39,935][flwr][DEBUG] - fit_round 2 received 20 results and 0 failures
[2024-03-19 18:07:43,175][flwr][INFO] - fit progress: (2, 0.0845607739545405, {'test_accuracy': 0.7391}, 32.36053658393212)
[2024-03-19 18:07:43,176][flwr][INFO] - Sampled the following clients: ['18', '80', '54', '3', '75', '57', '0', '27', '22', '23', '99', '78', '37', '2', '51', '55', '58', '4', '44', '74']
[2024-03-19 18:07:43,176][flwr][DEBUG] - evaluate_round 2: strategy sampled 20 clients (out of 100)
[2024-03-19 18:07:43,643][flwr][DEBUG] - evaluate_round 2 received 20 results and 0 failures
[2024-03-19 18:07:43,649][flwr][INFO] - Sampled the following clients: ['40', '96', '0', '76', '54', '73', '31', '66', '72', '32', '74', '12', '75', '55', '15', '83', '56', '19', '9', '90']
[2024-03-19 18:07:43,649][flwr][DEBUG] - fit_round 3: strategy sampled 20 clients (out of 100)
[2024-03-19 18:07:54,896][flwr][DEBUG] - fit_round 3 received 20 results and 0 failures
[2024-03-19 18:07:58,168][flwr][INFO] - fit progress: (3, 0.07631884922869503, {'test_accuracy': 0.768}, 47.35307774995454)
[2024-03-19 18:07:58,168][flwr][INFO] - Sampled the following clients: ['21', '94', '43', '95', '75', '77', '53', '41', '11', '67', '28', '84', '7', '57', '4', '91', '6', '76', '2', '25']
[2024-03-19 18:07:58,168][flwr][DEBUG] - evaluate_round 3: strategy sampled 20 clients (out of 100)
[2024-03-19 18:07:58,618][flwr][DEBUG] - evaluate_round 3 received 20 results and 0 failures
[2024-03-19 18:07:58,624][flwr][INFO] - Sampled the following clients: ['96', '98', '53', '49', '10', '18', '42', '63', '37', '88', '94', '81', '31', '56', '74', '50', '86', '25', '15', '28']
[2024-03-19 18:07:58,624][flwr][DEBUG] - fit_round 4: strategy sampled 20 clients (out of 100)
[2024-03-19 18:08:10,404][flwr][DEBUG] - fit_round 4 received 20 results and 0 failures
[2024-03-19 18:08:13,851][flwr][INFO] - fit progress: (4, 0.06904931485392153, {'test_accuracy': 0.7926}, 63.03528720908798)
[2024-03-19 18:08:13,851][flwr][INFO] - Sampled the following clients: ['36', '62', '92', '38', '75', '54', '45', '8', '26', '7', '91', '63', '43', '52', '66', '10', '83', '60', '55', '21']
[2024-03-19 18:08:13,851][flwr][DEBUG] - evaluate_round 4: strategy sampled 20 clients (out of 100)
[2024-03-19 18:08:14,333][flwr][DEBUG] - evaluate_round 4 received 20 results and 0 failures
[2024-03-19 18:08:14,340][flwr][INFO] - Sampled the following clients: ['3', '38', '10', '6', '91', '66', '41', '36', '94', '40', '8', '35', '69', '79', '27', '64', '65', '70', '59', '20']
[2024-03-19 18:08:14,340][flwr][DEBUG] - fit_round 5: strategy sampled 20 clients (out of 100)
[2024-03-19 18:08:26,324][flwr][DEBUG] - fit_round 5 received 20 results and 0 failures
[2024-03-19 18:08:30,008][flwr][INFO] - fit progress: (5, 0.06473858924573288, {'test_accuracy': 0.7999}, 79.19220912503079)
[2024-03-19 18:08:30,008][flwr][INFO] - Sampled the following clients: ['18', '81', '51', '75', '11', '66', '76', '39', '10', '89', '96', '57', '79', '50', '40', '90', '45', '46', '31', '61']
[2024-03-19 18:08:30,008][flwr][DEBUG] - evaluate_round 5: strategy sampled 20 clients (out of 100)
[2024-03-19 18:08:30,441][flwr][DEBUG] - evaluate_round 5 received 20 results and 0 failures
[2024-03-19 18:08:30,447][flwr][INFO] - Sampled the following clients: ['53', '40', '33', '94', '26', '41', '52', '3', '31', '69', '76', '81', '27', '71', '18', '91', '2', '44', '11', '84']
[2024-03-19 18:08:30,448][flwr][DEBUG] - fit_round 6: strategy sampled 20 clients (out of 100)
[2024-03-19 18:08:42,478][flwr][DEBUG] - fit_round 6 received 20 results and 0 failures
[2024-03-19 18:08:45,994][flwr][INFO] - fit progress: (6, 0.06222108989339322, {'test_accuracy': 0.8096}, 95.1778673750814)
[2024-03-19 18:08:45,994][flwr][INFO] - Sampled the following clients: ['40', '30', '61', '48', '49', '90', '2', '85', '27', '65', '80', '12', '74', '47', '39', '69', '63', '86', '87', '66']
[2024-03-19 18:08:45,994][flwr][DEBUG] - evaluate_round 6: strategy sampled 20 clients (out of 100)
[2024-03-19 18:08:46,463][flwr][DEBUG] - evaluate_round 6 received 20 results and 0 failures
[2024-03-19 18:08:46,487][flwr][INFO] - Sampled the following clients: ['63', '74', '14', '11', '58', '76', '92', '62', '73', '22', '65', '91', '47', '71', '56', '10', '40', '17', '33', '34']
[2024-03-19 18:08:46,487][flwr][DEBUG] - fit_round 7: strategy sampled 20 clients (out of 100)
[2024-03-19 18:08:58,227][flwr][DEBUG] - fit_round 7 received 20 results and 0 failures
[2024-03-19 18:09:01,387][flwr][INFO] - fit progress: (7, 0.05975121135413647, {'test_accuracy': 0.8258}, 110.5704222091008)
[2024-03-19 18:09:01,387][flwr][INFO] - Sampled the following clients: ['9', '28', '80', '42', '19', '82', '17', '84', '43', '69', '56', '15', '63', '81', '6', '64', '10', '68', '89', '12']
[2024-03-19 18:09:01,387][flwr][DEBUG] - evaluate_round 7: strategy sampled 20 clients (out of 100)
[2024-03-19 18:09:01,814][flwr][DEBUG] - evaluate_round 7 received 20 results and 0 failures
[2024-03-19 18:09:01,820][flwr][INFO] - Sampled the following clients: ['26', '65', '22', '82', '73', '93', '50', '48', '76', '3', '11', '51', '79', '90', '96', '2', '86', '25', '19', '13']
[2024-03-19 18:09:01,820][flwr][DEBUG] - fit_round 8: strategy sampled 20 clients (out of 100)
[2024-03-19 18:09:13,675][flwr][DEBUG] - fit_round 8 received 20 results and 0 failures
[2024-03-19 18:09:17,332][flwr][INFO] - fit progress: (8, 0.05630755211487413, {'test_accuracy': 0.8327}, 126.5153731671162)
[2024-03-19 18:09:17,332][flwr][INFO] - Sampled the following clients: ['53', '17', '91', '18', '86', '0', '30', '80', '22', '81', '76', '61', '52', '55', '96', '68', '54', '28', '92', '64']
[2024-03-19 18:09:17,332][flwr][DEBUG] - evaluate_round 8: strategy sampled 20 clients (out of 100)
[2024-03-19 18:09:17,814][flwr][DEBUG] - evaluate_round 8 received 20 results and 0 failures
[2024-03-19 18:09:17,821][flwr][INFO] - Sampled the following clients: ['9', '90', '34', '35', '37', '31', '17', '5', '26', '19', '83', '11', '18', '8', '77', '84', '29', '3', '56', '72']
[2024-03-19 18:09:17,821][flwr][DEBUG] - fit_round 9: strategy sampled 20 clients (out of 100)
[2024-03-19 18:09:30,320][flwr][DEBUG] - fit_round 9 received 20 results and 0 failures
[2024-03-19 18:09:34,621][flwr][INFO] - fit progress: (9, 0.05470726961148903, {'test_accuracy': 0.8402}, 143.80450795893557)
[2024-03-19 18:09:34,621][flwr][INFO] - Sampled the following clients: ['99', '24', '66', '35', '3', '1', '50', '67', '13', '97', '76', '4', '75', '53', '87', '61', '98', '31', '45', '44']
[2024-03-19 18:09:34,621][flwr][DEBUG] - evaluate_round 9: strategy sampled 20 clients (out of 100)
[2024-03-19 18:09:35,207][flwr][DEBUG] - evaluate_round 9 received 20 results and 0 failures
[2024-03-19 18:09:35,214][flwr][INFO] - Sampled the following clients: ['96', '46', '99', '31', '33', '10', '4', '5', '69', '20', '60', '52', '95', '15', '47', '66', '61', '90', '85', '12']
[2024-03-19 18:09:35,214][flwr][DEBUG] - fit_round 10: strategy sampled 20 clients (out of 100)
[2024-03-19 18:09:47,549][flwr][DEBUG] - fit_round 10 received 20 results and 0 failures
[2024-03-19 18:09:51,967][flwr][INFO] - fit progress: (10, 0.0535263489510864, {'test_accuracy': 0.8439}, 161.14985629194416)
[2024-03-19 18:09:51,968][flwr][INFO] - Sampled the following clients: ['26', '40', '28', '34', '68', '46', '42', '73', '93', '84', '61', '72', '10', '78', '94', '33', '4', '11', '70', '24']
[2024-03-19 18:09:51,968][flwr][DEBUG] - evaluate_round 10: strategy sampled 20 clients (out of 100)
[2024-03-19 18:09:52,490][flwr][DEBUG] - evaluate_round 10 received 20 results and 0 failures
[2024-03-19 18:09:52,497][flwr][INFO] - Sampled the following clients: ['80', '18', '11', '61', '25', '0', '85', '30', '19', '14', '53', '90', '43', '29', '33', '36', '81', '99', '58', '5']
[2024-03-19 18:09:52,497][flwr][DEBUG] - fit_round 11: strategy sampled 20 clients (out of 100)
[2024-03-19 18:10:05,025][flwr][DEBUG] - fit_round 11 received 20 results and 0 failures
[2024-03-19 18:10:09,534][flwr][INFO] - fit progress: (11, 0.05134524366972037, {'test_accuracy': 0.8504}, 178.71746220905334)
[2024-03-19 18:10:09,535][flwr][INFO] - Sampled the following clients: ['14', '79', '10', '1', '85', '92', '80', '48', '61', '50', '25', '45', '43', '7', '15', '33', '98', '75', '97', '47']
[2024-03-19 18:10:09,535][flwr][DEBUG] - evaluate_round 11: strategy sampled 20 clients (out of 100)
[2024-03-19 18:10:10,134][flwr][DEBUG] - evaluate_round 11 received 20 results and 0 failures
[2024-03-19 18:10:10,141][flwr][INFO] - Sampled the following clients: ['41', '75', '57', '14', '91', '99', '52', '16', '44', '24', '95', '23', '80', '27', '92', '35', '55', '94', '31', '69']
[2024-03-19 18:10:10,141][flwr][DEBUG] - fit_round 12: strategy sampled 20 clients (out of 100)
[2024-03-19 18:10:22,042][flwr][DEBUG] - fit_round 12 received 20 results and 0 failures
[2024-03-19 18:10:25,112][flwr][INFO] - fit progress: (12, 0.050799855336453766, {'test_accuracy': 0.8527}, 194.29505733400583)
[2024-03-19 18:10:25,112][flwr][INFO] - Sampled the following clients: ['27', '32', '70', '96', '74', '37', '52', '39', '82', '23', '66', '7', '38', '24', '26', '79', '36', '51', '8', '58']
[2024-03-19 18:10:25,112][flwr][DEBUG] - evaluate_round 12: strategy sampled 20 clients (out of 100)
[2024-03-19 18:10:25,550][flwr][DEBUG] - evaluate_round 12 received 20 results and 0 failures
[2024-03-19 18:10:25,556][flwr][INFO] - Sampled the following clients: ['31', '22', '18', '50', '54', '26', '58', '3', '27', '2', '91', '63', '68', '87', '4', '33', '6', '42', '34', '45']
[2024-03-19 18:10:25,556][flwr][DEBUG] - fit_round 13: strategy sampled 20 clients (out of 100)
[2024-03-19 18:10:37,147][flwr][DEBUG] - fit_round 13 received 20 results and 0 failures
[2024-03-19 18:10:40,376][flwr][INFO] - fit progress: (13, 0.04968142721727491, {'test_accuracy': 0.8582}, 209.55869787512347)
[2024-03-19 18:10:40,376][flwr][INFO] - Sampled the following clients: ['21', '33', '98', '74', '92', '2', '14', '9', '67', '87', '89', '76', '32', '40', '52', '71', '75', '6', '11', '86']
[2024-03-19 18:10:40,376][flwr][DEBUG] - evaluate_round 13: strategy sampled 20 clients (out of 100)
[2024-03-19 18:10:40,857][flwr][DEBUG] - evaluate_round 13 received 20 results and 0 failures
[2024-03-19 18:10:40,863][flwr][INFO] - Sampled the following clients: ['45', '67', '28', '80', '9', '73', '94', '92', '11', '59', '61', '78', '18', '41', '64', '4', '1', '55', '57', '85']
[2024-03-19 18:10:40,863][flwr][DEBUG] - fit_round 14: strategy sampled 20 clients (out of 100)
[2024-03-19 18:10:52,181][flwr][DEBUG] - fit_round 14 received 20 results and 0 failures
[2024-03-19 18:10:55,280][flwr][INFO] - fit progress: (14, 0.04796574559151195, {'test_accuracy': 0.8607}, 224.4620775000658)
[2024-03-19 18:10:55,280][flwr][INFO] - Sampled the following clients: ['66', '63', '38', '1', '49', '64', '88', '36', '51', '50', '18', '73', '56', '35', '99', '11', '44', '26', '4', '53']
[2024-03-19 18:10:55,280][flwr][DEBUG] - evaluate_round 14: strategy sampled 20 clients (out of 100)
[2024-03-19 18:10:55,741][flwr][DEBUG] - evaluate_round 14 received 20 results and 0 failures
[2024-03-19 18:10:55,751][flwr][INFO] - Sampled the following clients: ['81', '77', '91', '7', '30', '98', '69', '55', '1', '17', '73', '59', '9', '97', '2', '65', '38', '24', '6', '64']
[2024-03-19 18:10:55,752][flwr][DEBUG] - fit_round 15: strategy sampled 20 clients (out of 100)
[2024-03-19 18:11:07,097][flwr][DEBUG] - fit_round 15 received 20 results and 0 failures
[2024-03-19 18:11:10,301][flwr][INFO] - fit progress: (15, 0.04682348722689785, {'test_accuracy': 0.8638}, 239.48323508398607)
[2024-03-19 18:11:10,301][flwr][INFO] - Sampled the following clients: ['22', '29', '58', '6', '55', '69', '75', '72', '19', '17', '98', '76', '28', '67', '97', '25', '82', '31', '18', '52']
[2024-03-19 18:11:10,301][flwr][DEBUG] - evaluate_round 15: strategy sampled 20 clients (out of 100)
[2024-03-19 18:11:10,785][flwr][DEBUG] - evaluate_round 15 received 20 results and 0 failures
[2024-03-19 18:11:10,791][flwr][INFO] - Sampled the following clients: ['98', '8', '0', '77', '49', '40', '13', '33', '67', '34', '91', '54', '96', '82', '7', '60', '10', '97', '42', '83']
[2024-03-19 18:11:10,791][flwr][DEBUG] - fit_round 16: strategy sampled 20 clients (out of 100)
[2024-03-19 18:11:22,134][flwr][DEBUG] - fit_round 16 received 20 results and 0 failures
[2024-03-19 18:11:25,164][flwr][INFO] - fit progress: (16, 0.04667109582601115, {'test_accuracy': 0.8668}, 254.34642424993217)
[2024-03-19 18:11:25,164][flwr][INFO] - Sampled the following clients: ['31', '79', '78', '41', '89', '22', '94', '72', '76', '68', '75', '34', '87', '13', '39', '96', '25', '64', '69', '40']
[2024-03-19 18:11:25,164][flwr][DEBUG] - evaluate_round 16: strategy sampled 20 clients (out of 100)
[2024-03-19 18:11:25,630][flwr][DEBUG] - evaluate_round 16 received 20 results and 0 failures
[2024-03-19 18:11:25,636][flwr][INFO] - Sampled the following clients: ['43', '99', '52', '16', '65', '90', '33', '86', '37', '13', '74', '11', '88', '14', '59', '97', '3', '22', '47', '1']
[2024-03-19 18:11:25,636][flwr][DEBUG] - fit_round 17: strategy sampled 20 clients (out of 100)
[2024-03-19 18:11:37,258][flwr][DEBUG] - fit_round 17 received 20 results and 0 failures
[2024-03-19 18:11:40,681][flwr][INFO] - fit progress: (17, 0.04533911916059442, {'test_accuracy': 0.8701}, 269.8631597091444)
[2024-03-19 18:11:40,681][flwr][INFO] - Sampled the following clients: ['4', '86', '47', '48', '13', '14', '62', '94', '7', '38', '53', '95', '59', '1', '8', '27', '19', '29', '78', '41']
[2024-03-19 18:11:40,681][flwr][DEBUG] - evaluate_round 17: strategy sampled 20 clients (out of 100)
[2024-03-19 18:11:41,269][flwr][DEBUG] - evaluate_round 17 received 20 results and 0 failures
[2024-03-19 18:11:41,276][flwr][INFO] - Sampled the following clients: ['15', '59', '14', '63', '45', '24', '18', '87', '51', '70', '81', '13', '6', '55', '74', '17', '50', '48', '96', '16']
[2024-03-19 18:11:41,276][flwr][DEBUG] - fit_round 18: strategy sampled 20 clients (out of 100)
[2024-03-19 18:11:52,964][flwr][DEBUG] - fit_round 18 received 20 results and 0 failures
[2024-03-19 18:11:56,032][flwr][INFO] - fit progress: (18, 0.044531614051340145, {'test_accuracy': 0.8729}, 285.2141537091229)
[2024-03-19 18:11:56,033][flwr][INFO] - Sampled the following clients: ['22', '64', '81', '52', '47', '10', '96', '98', '34', '44', '7', '57', '62', '31', '14', '54', '90', '43', '37', '1']
[2024-03-19 18:11:56,033][flwr][DEBUG] - evaluate_round 18: strategy sampled 20 clients (out of 100)
[2024-03-19 18:11:56,456][flwr][DEBUG] - evaluate_round 18 received 20 results and 0 failures
[2024-03-19 18:11:56,462][flwr][INFO] - Sampled the following clients: ['10', '22', '16', '91', '66', '86', '77', '36', '59', '78', '83', '72', '47', '12', '40', '29', '52', '58', '65', '51']
[2024-03-19 18:11:56,462][flwr][DEBUG] - fit_round 19: strategy sampled 20 clients (out of 100)
[2024-03-19 18:12:07,707][flwr][DEBUG] - fit_round 19 received 20 results and 0 failures
[2024-03-19 18:12:10,762][flwr][INFO] - fit progress: (19, 0.043977690999489276, {'test_accuracy': 0.8736}, 299.9436522501055)
[2024-03-19 18:12:10,762][flwr][INFO] - Sampled the following clients: ['80', '46', '34', '40', '81', '49', '66', '79', '62', '29', '51', '38', '90', '85', '59', '8', '17', '10', '27', '87']
[2024-03-19 18:12:10,762][flwr][DEBUG] - evaluate_round 19: strategy sampled 20 clients (out of 100)
[2024-03-19 18:12:11,247][flwr][DEBUG] - evaluate_round 19 received 20 results and 0 failures
[2024-03-19 18:12:11,254][flwr][INFO] - Sampled the following clients: ['3', '65', '59', '57', '35', '33', '26', '96', '69', '87', '5', '1', '76', '56', '24', '58', '47', '62', '49', '9']
[2024-03-19 18:12:11,254][flwr][DEBUG] - fit_round 20: strategy sampled 20 clients (out of 100)
[2024-03-19 18:12:22,508][flwr][DEBUG] - fit_round 20 received 20 results and 0 failures
[2024-03-19 18:12:25,574][flwr][INFO] - fit progress: (20, 0.043336613565683364, {'test_accuracy': 0.8764}, 314.75518841692246)
[2024-03-19 18:12:25,574][flwr][INFO] - Sampled the following clients: ['54', '72', '45', '62', '50', '19', '92', '75', '32', '95', '20', '93', '11', '15', '98', '24', '13', '9', '4', '87']
[2024-03-19 18:12:25,574][flwr][DEBUG] - evaluate_round 20: strategy sampled 20 clients (out of 100)
[2024-03-19 18:12:26,014][flwr][DEBUG] - evaluate_round 20 received 20 results and 0 failures
[2024-03-19 18:12:26,021][flwr][INFO] - Sampled the following clients: ['89', '9', '33', '36', '47', '52', '19', '96', '10', '16', '51', '37', '26', '2', '20', '98', '79', '63', '40', '31']
[2024-03-19 18:12:26,021][flwr][DEBUG] - fit_round 21: strategy sampled 20 clients (out of 100)
[2024-03-19 18:12:37,301][flwr][DEBUG] - fit_round 21 received 20 results and 0 failures
[2024-03-19 18:12:40,349][flwr][INFO] - fit progress: (21, 0.04286487883916125, {'test_accuracy': 0.8765}, 329.53014145907946)
[2024-03-19 18:12:40,349][flwr][INFO] - Sampled the following clients: ['23', '55', '78', '82', '84', '32', '22', '15', '50', '93', '89', '69', '43', '34', '98', '37', '60', '67', '79', '40']
[2024-03-19 18:12:40,349][flwr][DEBUG] - evaluate_round 21: strategy sampled 20 clients (out of 100)
[2024-03-19 18:12:40,845][flwr][DEBUG] - evaluate_round 21 received 20 results and 0 failures
[2024-03-19 18:12:40,852][flwr][INFO] - Sampled the following clients: ['8', '82', '48', '27', '33', '75', '7', '16', '67', '53', '14', '12', '4', '22', '61', '84', '42', '59', '17', '56']
[2024-03-19 18:12:40,852][flwr][DEBUG] - fit_round 22: strategy sampled 20 clients (out of 100)
[2024-03-19 18:12:52,171][flwr][DEBUG] - fit_round 22 received 20 results and 0 failures
[2024-03-19 18:12:55,200][flwr][INFO] - fit progress: (22, 0.04269739054804668, {'test_accuracy': 0.8776}, 344.38110450003296)
[2024-03-19 18:12:55,200][flwr][INFO] - Sampled the following clients: ['15', '65', '3', '0', '82', '88', '35', '78', '71', '25', '12', '8', '10', '14', '24', '45', '21', '72', '80', '93']
[2024-03-19 18:12:55,200][flwr][DEBUG] - evaluate_round 22: strategy sampled 20 clients (out of 100)
[2024-03-19 18:12:55,672][flwr][DEBUG] - evaluate_round 22 received 20 results and 0 failures
[2024-03-19 18:12:55,683][flwr][INFO] - Sampled the following clients: ['72', '74', '69', '17', '64', '22', '25', '21', '62', '48', '36', '0', '56', '93', '39', '71', '15', '13', '40', '49']
[2024-03-19 18:12:55,683][flwr][DEBUG] - fit_round 23: strategy sampled 20 clients (out of 100)
[2024-03-19 18:13:07,258][flwr][DEBUG] - fit_round 23 received 20 results and 0 failures
[2024-03-19 18:13:10,291][flwr][INFO] - fit progress: (23, 0.04219673093487509, {'test_accuracy': 0.879}, 359.4718794589862)
[2024-03-19 18:13:10,291][flwr][INFO] - Sampled the following clients: ['74', '51', '53', '22', '48', '35', '12', '38', '10', '85', '18', '73', '65', '19', '71', '89', '72', '44', '70', '80']
[2024-03-19 18:13:10,291][flwr][DEBUG] - evaluate_round 23: strategy sampled 20 clients (out of 100)
[2024-03-19 18:13:10,774][flwr][DEBUG] - evaluate_round 23 received 20 results and 0 failures
[2024-03-19 18:13:10,784][flwr][INFO] - Sampled the following clients: ['80', '68', '69', '42', '85', '22', '21', '86', '50', '41', '62', '96', '67', '4', '77', '39', '87', '34', '35', '98']
[2024-03-19 18:13:10,784][flwr][DEBUG] - fit_round 24: strategy sampled 20 clients (out of 100)
[2024-03-19 18:13:22,230][flwr][DEBUG] - fit_round 24 received 20 results and 0 failures
[2024-03-19 18:13:25,273][flwr][INFO] - fit progress: (24, 0.041427636012109, {'test_accuracy': 0.8812}, 374.45353133394383)
[2024-03-19 18:13:25,273][flwr][INFO] - Sampled the following clients: ['71', '53', '49', '52', '73', '64', '56', '93', '46', '69', '19', '77', '51', '28', '23', '36', '81', '84', '50', '22']
[2024-03-19 18:13:25,273][flwr][DEBUG] - evaluate_round 24: strategy sampled 20 clients (out of 100)
[2024-03-19 18:13:25,725][flwr][DEBUG] - evaluate_round 24 received 20 results and 0 failures
[2024-03-19 18:13:25,734][flwr][INFO] - Sampled the following clients: ['4', '13', '90', '89', '72', '65', '19', '34', '54', '67', '93', '46', '23', '44', '66', '56', '2', '57', '20', '48']
[2024-03-19 18:13:25,734][flwr][DEBUG] - fit_round 25: strategy sampled 20 clients (out of 100)
[2024-03-19 18:13:37,126][flwr][DEBUG] - fit_round 25 received 20 results and 0 failures
[2024-03-19 18:13:40,165][flwr][INFO] - fit progress: (25, 0.041040528961177915, {'test_accuracy': 0.8836}, 389.3454914591275)
[2024-03-19 18:13:40,165][flwr][INFO] - Sampled the following clients: ['95', '92', '16', '83', '8', '81', '88', '20', '22', '33', '68', '1', '82', '10', '62', '23', '25', '89', '93', '97']
[2024-03-19 18:13:40,165][flwr][DEBUG] - evaluate_round 25: strategy sampled 20 clients (out of 100)
[2024-03-19 18:13:40,656][flwr][DEBUG] - evaluate_round 25 received 20 results and 0 failures
[2024-03-19 18:13:40,662][flwr][INFO] - Sampled the following clients: ['80', '30', '19', '71', '10', '52', '47', '50', '75', '21', '76', '12', '43', '8', '89', '96', '68', '26', '17', '3']
[2024-03-19 18:13:40,662][flwr][DEBUG] - fit_round 26: strategy sampled 20 clients (out of 100)
[2024-03-19 18:13:52,078][flwr][DEBUG] - fit_round 26 received 20 results and 0 failures
[2024-03-19 18:13:55,112][flwr][INFO] - fit progress: (26, 0.040960018430603665, {'test_accuracy': 0.8829}, 404.2927339170128)
[2024-03-19 18:13:55,113][flwr][INFO] - Sampled the following clients: ['78', '98', '35', '8', '97', '32', '12', '86', '47', '84', '89', '95', '14', '43', '93', '54', '80', '75', '9', '85']
[2024-03-19 18:13:55,113][flwr][DEBUG] - evaluate_round 26: strategy sampled 20 clients (out of 100)
[2024-03-19 18:13:55,570][flwr][DEBUG] - evaluate_round 26 received 20 results and 0 failures
[2024-03-19 18:13:55,576][flwr][INFO] - Sampled the following clients: ['11', '6', '37', '78', '2', '7', '8', '42', '59', '53', '98', '14', '28', '96', '56', '67', '41', '15', '30', '55']
[2024-03-19 18:13:55,576][flwr][DEBUG] - fit_round 27: strategy sampled 20 clients (out of 100)
[2024-03-19 18:14:07,181][flwr][DEBUG] - fit_round 27 received 20 results and 0 failures
[2024-03-19 18:14:10,220][flwr][INFO] - fit progress: (27, 0.04021215025961865, {'test_accuracy': 0.8847}, 419.39984604204074)
[2024-03-19 18:14:10,220][flwr][INFO] - Sampled the following clients: ['65', '68', '37', '48', '52', '95', '45', '63', '16', '38', '74', '56', '18', '3', '66', '42', '62', '5', '84', '33']
[2024-03-19 18:14:10,220][flwr][DEBUG] - evaluate_round 27: strategy sampled 20 clients (out of 100)
[2024-03-19 18:14:10,703][flwr][DEBUG] - evaluate_round 27 received 20 results and 0 failures
[2024-03-19 18:14:10,718][flwr][INFO] - Sampled the following clients: ['7', '83', '60', '6', '34', '32', '9', '97', '4', '47', '78', '48', '76', '61', '51', '13', '54', '5', '64', '87']
[2024-03-19 18:14:10,718][flwr][DEBUG] - fit_round 28: strategy sampled 20 clients (out of 100)
[2024-03-19 18:14:22,192][flwr][DEBUG] - fit_round 28 received 20 results and 0 failures
[2024-03-19 18:14:25,227][flwr][INFO] - fit progress: (28, 0.04010306903682649, {'test_accuracy': 0.8855}, 434.40692241699435)
[2024-03-19 18:14:25,227][flwr][INFO] - Sampled the following clients: ['86', '56', '65', '49', '79', '64', '26', '16', '80', '12', '45', '57', '0', '98', '31', '88', '42', '75', '24', '34']
[2024-03-19 18:14:25,227][flwr][DEBUG] - evaluate_round 28: strategy sampled 20 clients (out of 100)
[2024-03-19 18:14:25,668][flwr][DEBUG] - evaluate_round 28 received 20 results and 0 failures
[2024-03-19 18:14:25,680][flwr][INFO] - Sampled the following clients: ['55', '93', '3', '89', '74', '95', '29', '14', '83', '45', '96', '9', '36', '41', '21', '42', '71', '27', '46', '63']
[2024-03-19 18:14:25,680][flwr][DEBUG] - fit_round 29: strategy sampled 20 clients (out of 100)
[2024-03-19 18:14:37,270][flwr][DEBUG] - fit_round 29 received 20 results and 0 failures
[2024-03-19 18:14:40,323][flwr][INFO] - fit progress: (29, 0.03931510529024526, {'test_accuracy': 0.8883}, 449.5030535000842)
[2024-03-19 18:14:40,323][flwr][INFO] - Sampled the following clients: ['49', '70', '77', '4', '6', '48', '46', '63', '75', '25', '61', '66', '83', '88', '13', '85', '84', '18', '38', '39']
[2024-03-19 18:14:40,323][flwr][DEBUG] - evaluate_round 29: strategy sampled 20 clients (out of 100)
[2024-03-19 18:14:40,817][flwr][DEBUG] - evaluate_round 29 received 20 results and 0 failures
[2024-03-19 18:14:40,825][flwr][INFO] - Sampled the following clients: ['99', '18', '38', '15', '22', '59', '66', '19', '64', '96', '78', '26', '11', '5', '68', '33', '42', '62', '86', '35']
[2024-03-19 18:14:40,825][flwr][DEBUG] - fit_round 30: strategy sampled 20 clients (out of 100)
[2024-03-19 18:14:52,351][flwr][DEBUG] - fit_round 30 received 20 results and 0 failures
[2024-03-19 18:14:55,378][flwr][INFO] - fit progress: (30, 0.03895481533294078, {'test_accuracy': 0.8884}, 464.5572785420809)
[2024-03-19 18:14:55,378][flwr][INFO] - Sampled the following clients: ['74', '89', '15', '44', '54', '58', '5', '62', '63', '30', '55', '45', '56', '69', '2', '38', '67', '11', '37', '3']
[2024-03-19 18:14:55,378][flwr][DEBUG] - evaluate_round 30: strategy sampled 20 clients (out of 100)
[2024-03-19 18:14:55,851][flwr][DEBUG] - evaluate_round 30 received 20 results and 0 failures
[2024-03-19 18:14:55,857][flwr][INFO] - Sampled the following clients: ['76', '17', '34', '45', '93', '8', '25', '96', '98', '91', '18', '29', '85', '68', '55', '20', '9', '95', '14', '26']
[2024-03-19 18:14:55,857][flwr][DEBUG] - fit_round 31: strategy sampled 20 clients (out of 100)
[2024-03-19 18:15:07,401][flwr][DEBUG] - fit_round 31 received 20 results and 0 failures
[2024-03-19 18:15:10,512][flwr][INFO] - fit progress: (31, 0.0386690561986994, {'test_accuracy': 0.8884}, 479.69138020905666)
[2024-03-19 18:15:10,512][flwr][INFO] - Sampled the following clients: ['64', '36', '62', '47', '5', '75', '48', '0', '13', '25', '8', '95', '38', '18', '70', '60', '30', '72', '87', '41']
[2024-03-19 18:15:10,512][flwr][DEBUG] - evaluate_round 31: strategy sampled 20 clients (out of 100)
[2024-03-19 18:15:11,030][flwr][DEBUG] - evaluate_round 31 received 20 results and 0 failures
[2024-03-19 18:15:11,040][flwr][INFO] - Sampled the following clients: ['98', '87', '24', '22', '59', '20', '42', '80', '39', '53', '97', '67', '38', '14', '45', '48', '3', '54', '16', '62']
[2024-03-19 18:15:11,041][flwr][DEBUG] - fit_round 32: strategy sampled 20 clients (out of 100)
[2024-03-19 18:15:22,515][flwr][DEBUG] - fit_round 32 received 20 results and 0 failures
[2024-03-19 18:15:25,705][flwr][INFO] - fit progress: (32, 0.038313619032502175, {'test_accuracy': 0.892}, 494.8841624590568)
[2024-03-19 18:15:25,705][flwr][INFO] - Sampled the following clients: ['27', '63', '8', '0', '1', '50', '59', '44', '49', '89', '64', '55', '9', '66', '71', '16', '42', '34', '87', '99']
[2024-03-19 18:15:25,705][flwr][DEBUG] - evaluate_round 32: strategy sampled 20 clients (out of 100)
[2024-03-19 18:15:26,152][flwr][DEBUG] - evaluate_round 32 received 20 results and 0 failures
[2024-03-19 18:15:26,163][flwr][INFO] - Sampled the following clients: ['14', '44', '54', '95', '61', '12', '49', '91', '7', '98', '30', '50', '72', '82', '41', '11', '52', '13', '18', '28']
[2024-03-19 18:15:26,163][flwr][DEBUG] - fit_round 33: strategy sampled 20 clients (out of 100)
[2024-03-19 18:15:37,762][flwr][DEBUG] - fit_round 33 received 20 results and 0 failures
[2024-03-19 18:15:40,861][flwr][INFO] - fit progress: (33, 0.03811448557348922, {'test_accuracy': 0.8901}, 510.0404061670415)
[2024-03-19 18:15:40,862][flwr][INFO] - Sampled the following clients: ['50', '19', '85', '14', '94', '33', '56', '68', '51', '58', '70', '16', '45', '9', '63', '11', '31', '4', '27', '22']
[2024-03-19 18:15:40,862][flwr][DEBUG] - evaluate_round 33: strategy sampled 20 clients (out of 100)
[2024-03-19 18:15:41,345][flwr][DEBUG] - evaluate_round 33 received 20 results and 0 failures
[2024-03-19 18:15:41,358][flwr][INFO] - Sampled the following clients: ['70', '39', '19', '91', '11', '40', '72', '13', '97', '71', '66', '2', '58', '4', '23', '84', '27', '16', '96', '44']
[2024-03-19 18:15:41,358][flwr][DEBUG] - fit_round 34: strategy sampled 20 clients (out of 100)
[2024-03-19 18:15:52,776][flwr][DEBUG] - fit_round 34 received 20 results and 0 failures
[2024-03-19 18:15:55,832][flwr][INFO] - fit progress: (34, 0.037879508712282406, {'test_accuracy': 0.891}, 525.0112926671281)
[2024-03-19 18:15:55,833][flwr][INFO] - Sampled the following clients: ['54', '29', '22', '96', '66', '31', '55', '98', '79', '93', '63', '78', '50', '65', '20', '46', '64', '0', '76', '97']
[2024-03-19 18:15:55,833][flwr][DEBUG] - evaluate_round 34: strategy sampled 20 clients (out of 100)
[2024-03-19 18:15:56,272][flwr][DEBUG] - evaluate_round 34 received 20 results and 0 failures
[2024-03-19 18:15:56,280][flwr][INFO] - Sampled the following clients: ['88', '95', '18', '78', '63', '85', '26', '15', '66', '96', '6', '45', '22', '71', '79', '60', '62', '76', '32', '83']
[2024-03-19 18:15:56,281][flwr][DEBUG] - fit_round 35: strategy sampled 20 clients (out of 100)
[2024-03-19 18:16:07,799][flwr][DEBUG] - fit_round 35 received 20 results and 0 failures
[2024-03-19 18:16:10,865][flwr][INFO] - fit progress: (35, 0.03773680004744092, {'test_accuracy': 0.8918}, 540.0434627090581)
[2024-03-19 18:16:10,865][flwr][INFO] - Sampled the following clients: ['45', '73', '56', '26', '59', '33', '1', '74', '49', '5', '89', '68', '35', '79', '39', '42', '70', '14', '9', '21']
[2024-03-19 18:16:10,865][flwr][DEBUG] - evaluate_round 35: strategy sampled 20 clients (out of 100)
[2024-03-19 18:16:11,334][flwr][DEBUG] - evaluate_round 35 received 20 results and 0 failures
[2024-03-19 18:16:11,345][flwr][INFO] - Sampled the following clients: ['15', '4', '63', '45', '75', '46', '90', '99', '12', '8', '60', '0', '80', '21', '54', '11', '30', '82', '22', '65']
[2024-03-19 18:16:11,345][flwr][DEBUG] - fit_round 36: strategy sampled 20 clients (out of 100)
[2024-03-19 18:16:22,818][flwr][DEBUG] - fit_round 36 received 20 results and 0 failures
[2024-03-19 18:16:25,873][flwr][INFO] - fit progress: (36, 0.03761971220341511, {'test_accuracy': 0.8928}, 555.0516362499911)
[2024-03-19 18:16:25,873][flwr][INFO] - Sampled the following clients: ['18', '16', '70', '28', '4', '48', '55', '42', '68', '11', '57', '53', '20', '59', '82', '10', '94', '5', '38', '51']
[2024-03-19 18:16:25,873][flwr][DEBUG] - evaluate_round 36: strategy sampled 20 clients (out of 100)
[2024-03-19 18:16:26,322][flwr][DEBUG] - evaluate_round 36 received 20 results and 0 failures
[2024-03-19 18:16:26,334][flwr][INFO] - Sampled the following clients: ['55', '2', '38', '34', '26', '66', '29', '63', '19', '82', '78', '25', '70', '68', '93', '52', '31', '35', '73', '41']
[2024-03-19 18:16:26,334][flwr][DEBUG] - fit_round 37: strategy sampled 20 clients (out of 100)
[2024-03-19 18:16:37,835][flwr][DEBUG] - fit_round 37 received 20 results and 0 failures
[2024-03-19 18:16:40,975][flwr][INFO] - fit progress: (37, 0.037193510375614275, {'test_accuracy': 0.8946}, 570.153376000002)
[2024-03-19 18:16:40,975][flwr][INFO] - Sampled the following clients: ['17', '3', '16', '25', '53', '66', '67', '44', '47', '41', '0', '18', '65', '76', '92', '50', '33', '22', '34', '26']
[2024-03-19 18:16:40,975][flwr][DEBUG] - evaluate_round 37: strategy sampled 20 clients (out of 100)
[2024-03-19 18:16:41,452][flwr][DEBUG] - evaluate_round 37 received 20 results and 0 failures
[2024-03-19 18:16:41,463][flwr][INFO] - Sampled the following clients: ['49', '24', '86', '91', '5', '65', '13', '54', '10', '20', '56', '95', '31', '50', '11', '34', '39', '74', '32', '52']
[2024-03-19 18:16:41,463][flwr][DEBUG] - fit_round 38: strategy sampled 20 clients (out of 100)
[2024-03-19 18:16:53,020][flwr][DEBUG] - fit_round 38 received 20 results and 0 failures
[2024-03-19 18:16:56,053][flwr][INFO] - fit progress: (38, 0.036959016440808776, {'test_accuracy': 0.8932}, 585.2309360001236)
[2024-03-19 18:16:56,053][flwr][INFO] - Sampled the following clients: ['17', '93', '68', '88', '13', '28', '20', '83', '84', '87', '76', '37', '60', '64', '70', '96', '30', '95', '98', '6']
[2024-03-19 18:16:56,053][flwr][DEBUG] - evaluate_round 38: strategy sampled 20 clients (out of 100)
[2024-03-19 18:16:56,506][flwr][DEBUG] - evaluate_round 38 received 20 results and 0 failures
[2024-03-19 18:16:56,523][flwr][INFO] - Sampled the following clients: ['67', '2', '30', '74', '62', '82', '22', '35', '14', '9', '57', '8', '99', '33', '19', '90', '23', '66', '58', '37']
[2024-03-19 18:16:56,523][flwr][DEBUG] - fit_round 39: strategy sampled 20 clients (out of 100)
[2024-03-19 18:17:08,123][flwr][DEBUG] - fit_round 39 received 20 results and 0 failures
[2024-03-19 18:17:11,178][flwr][INFO] - fit progress: (39, 0.03671826682363171, {'test_accuracy': 0.8937}, 600.3557025841437)
[2024-03-19 18:17:11,178][flwr][INFO] - Sampled the following clients: ['26', '67', '91', '27', '71', '15', '41', '17', '6', '46', '59', '31', '22', '40', '83', '65', '56', '39', '80', '53']
[2024-03-19 18:17:11,178][flwr][DEBUG] - evaluate_round 39: strategy sampled 20 clients (out of 100)
[2024-03-19 18:17:11,664][flwr][DEBUG] - evaluate_round 39 received 20 results and 0 failures
[2024-03-19 18:17:11,681][flwr][INFO] - Sampled the following clients: ['61', '85', '96', '57', '44', '65', '94', '62', '39', '73', '7', '18', '74', '75', '88', '98', '16', '83', '34', '68']
[2024-03-19 18:17:11,681][flwr][DEBUG] - fit_round 40: strategy sampled 20 clients (out of 100)
[2024-03-19 18:17:23,262][flwr][DEBUG] - fit_round 40 received 20 results and 0 failures
[2024-03-19 18:17:26,291][flwr][INFO] - fit progress: (40, 0.03652993872438092, {'test_accuracy': 0.8949}, 615.4688567500561)
[2024-03-19 18:17:26,291][flwr][INFO] - Sampled the following clients: ['72', '27', '76', '82', '39', '25', '50', '61', '74', '54', '92', '46', '13', '77', '91', '90', '60', '40', '99', '71']
[2024-03-19 18:17:26,291][flwr][DEBUG] - evaluate_round 40: strategy sampled 20 clients (out of 100)
[2024-03-19 18:17:26,722][flwr][DEBUG] - evaluate_round 40 received 20 results and 0 failures
[2024-03-19 18:17:26,732][flwr][INFO] - Sampled the following clients: ['21', '93', '32', '23', '39', '55', '34', '81', '20', '88', '82', '94', '3', '87', '25', '66', '70', '99', '7', '45']
[2024-03-19 18:17:26,732][flwr][DEBUG] - fit_round 41: strategy sampled 20 clients (out of 100)
[2024-03-19 18:17:38,199][flwr][DEBUG] - fit_round 41 received 20 results and 0 failures
[2024-03-19 18:17:41,290][flwr][INFO] - fit progress: (41, 0.036322304816520774, {'test_accuracy': 0.8959}, 630.468040500069)
[2024-03-19 18:17:41,291][flwr][INFO] - Sampled the following clients: ['38', '70', '59', '23', '24', '20', '12', '86', '73', '81', '49', '68', '51', '71', '85', '0', '80', '41', '61', '7']
[2024-03-19 18:17:41,291][flwr][DEBUG] - evaluate_round 41: strategy sampled 20 clients (out of 100)
[2024-03-19 18:17:41,799][flwr][DEBUG] - evaluate_round 41 received 20 results and 0 failures
[2024-03-19 18:17:41,806][flwr][INFO] - Sampled the following clients: ['45', '12', '91', '6', '85', '56', '8', '5', '13', '47', '43', '18', '88', '66', '29', '35', '58', '53', '34', '17']
[2024-03-19 18:17:41,806][flwr][DEBUG] - fit_round 42: strategy sampled 20 clients (out of 100)
[2024-03-19 18:17:53,460][flwr][DEBUG] - fit_round 42 received 20 results and 0 failures
[2024-03-19 18:17:56,568][flwr][INFO] - fit progress: (42, 0.03641527318267617, {'test_accuracy': 0.8956}, 645.7457527499646)
[2024-03-19 18:17:56,569][flwr][INFO] - Sampled the following clients: ['86', '7', '1', '93', '81', '61', '60', '88', '62', '40', '69', '35', '44', '90', '79', '53', '21', '50', '26', '58']
[2024-03-19 18:17:56,569][flwr][DEBUG] - evaluate_round 42: strategy sampled 20 clients (out of 100)
[2024-03-19 18:17:57,007][flwr][DEBUG] - evaluate_round 42 received 20 results and 0 failures
[2024-03-19 18:17:57,022][flwr][INFO] - Sampled the following clients: ['90', '25', '82', '35', '51', '3', '97', '84', '10', '37', '6', '15', '86', '38', '5', '85', '1', '17', '42', '29']
[2024-03-19 18:17:57,022][flwr][DEBUG] - fit_round 43: strategy sampled 20 clients (out of 100)
[2024-03-19 18:18:08,574][flwr][DEBUG] - fit_round 43 received 20 results and 0 failures
[2024-03-19 18:18:11,651][flwr][INFO] - fit progress: (43, 0.03598920128087048, {'test_accuracy': 0.8949}, 660.8286656250712)
[2024-03-19 18:18:11,652][flwr][INFO] - Sampled the following clients: ['13', '44', '9', '42', '82', '12', '69', '50', '48', '21', '45', '95', '71', '34', '46', '59', '93', '22', '64', '10']
[2024-03-19 18:18:11,652][flwr][DEBUG] - evaluate_round 43: strategy sampled 20 clients (out of 100)
[2024-03-19 18:18:12,123][flwr][DEBUG] - evaluate_round 43 received 20 results and 0 failures
[2024-03-19 18:18:12,133][flwr][INFO] - Sampled the following clients: ['79', '7', '85', '69', '34', '87', '66', '25', '27', '52', '55', '38', '75', '30', '43', '91', '95', '40', '17', '35']
[2024-03-19 18:18:12,133][flwr][DEBUG] - fit_round 44: strategy sampled 20 clients (out of 100)
[2024-03-19 18:18:23,587][flwr][DEBUG] - fit_round 44 received 20 results and 0 failures
[2024-03-19 18:18:26,606][flwr][INFO] - fit progress: (44, 0.0362723813634715, {'test_accuracy': 0.8939}, 675.7832867091056)
[2024-03-19 18:18:26,606][flwr][INFO] - Sampled the following clients: ['37', '73', '34', '63', '55', '66', '58', '24', '86', '93', '80', '32', '59', '83', '88', '12', '9', '13', '29', '14']
[2024-03-19 18:18:26,606][flwr][DEBUG] - evaluate_round 44: strategy sampled 20 clients (out of 100)
[2024-03-19 18:18:27,055][flwr][DEBUG] - evaluate_round 44 received 20 results and 0 failures
[2024-03-19 18:18:27,066][flwr][INFO] - Sampled the following clients: ['87', '5', '38', '6', '65', '3', '30', '52', '29', '57', '22', '83', '70', '7', '40', '58', '8', '63', '99', '56']
[2024-03-19 18:18:27,066][flwr][DEBUG] - fit_round 45: strategy sampled 20 clients (out of 100)
[2024-03-19 18:18:38,627][flwr][DEBUG] - fit_round 45 received 20 results and 0 failures
[2024-03-19 18:18:41,659][flwr][INFO] - fit progress: (45, 0.03563744634171016, {'test_accuracy': 0.8959}, 690.8361233340111)
[2024-03-19 18:18:41,659][flwr][INFO] - Sampled the following clients: ['41', '34', '97', '31', '24', '28', '45', '16', '89', '73', '10', '43', '90', '60', '57', '32', '3', '78', '50', '40']
[2024-03-19 18:18:41,659][flwr][DEBUG] - evaluate_round 45: strategy sampled 20 clients (out of 100)
[2024-03-19 18:18:42,133][flwr][DEBUG] - evaluate_round 45 received 20 results and 0 failures
[2024-03-19 18:18:42,144][flwr][INFO] - Sampled the following clients: ['73', '34', '72', '36', '14', '39', '21', '86', '37', '3', '26', '92', '4', '24', '81', '50', '67', '52', '40', '94']
[2024-03-19 18:18:42,144][flwr][DEBUG] - fit_round 46: strategy sampled 20 clients (out of 100)
[2024-03-19 18:18:53,587][flwr][DEBUG] - fit_round 46 received 20 results and 0 failures
[2024-03-19 18:18:56,629][flwr][INFO] - fit progress: (46, 0.03534399429106852, {'test_accuracy': 0.897}, 705.8060497089755)
[2024-03-19 18:18:56,630][flwr][INFO] - Sampled the following clients: ['67', '47', '19', '92', '73', '38', '6', '10', '61', '60', '7', '79', '93', '52', '58', '62', '56', '63', '33', '31']
[2024-03-19 18:18:56,630][flwr][DEBUG] - evaluate_round 46: strategy sampled 20 clients (out of 100)
[2024-03-19 18:18:57,071][flwr][DEBUG] - evaluate_round 46 received 20 results and 0 failures
[2024-03-19 18:18:57,084][flwr][INFO] - Sampled the following clients: ['99', '64', '61', '8', '97', '42', '88', '57', '44', '46', '32', '11', '49', '20', '28', '60', '40', '10', '69', '80']
[2024-03-19 18:18:57,084][flwr][DEBUG] - fit_round 47: strategy sampled 20 clients (out of 100)
[2024-03-19 18:19:08,642][flwr][DEBUG] - fit_round 47 received 20 results and 0 failures
[2024-03-19 18:19:11,721][flwr][INFO] - fit progress: (47, 0.03550685614204267, {'test_accuracy': 0.899}, 720.8976928340271)
[2024-03-19 18:19:11,722][flwr][INFO] - Sampled the following clients: ['3', '31', '95', '17', '53', '18', '88', '37', '40', '64', '24', '30', '67', '85', '58', '90', '45', '74', '11', '65']
[2024-03-19 18:19:11,722][flwr][DEBUG] - evaluate_round 47: strategy sampled 20 clients (out of 100)
[2024-03-19 18:19:12,199][flwr][DEBUG] - evaluate_round 47 received 20 results and 0 failures
[2024-03-19 18:19:12,210][flwr][INFO] - Sampled the following clients: ['55', '48', '40', '10', '67', '39', '26', '58', '11', '93', '89', '3', '51', '35', '12', '59', '52', '72', '99', '53']
[2024-03-19 18:19:12,210][flwr][DEBUG] - fit_round 48: strategy sampled 20 clients (out of 100)
[2024-03-19 18:19:23,605][flwr][DEBUG] - fit_round 48 received 20 results and 0 failures
[2024-03-19 18:19:26,651][flwr][INFO] - fit progress: (48, 0.03529771911529824, {'test_accuracy': 0.8982}, 735.8275227090344)
[2024-03-19 18:19:26,651][flwr][INFO] - Sampled the following clients: ['82', '2', '84', '6', '17', '65', '46', '19', '38', '47', '85', '14', '74', '27', '43', '95', '83', '52', '49', '89']
[2024-03-19 18:19:26,651][flwr][DEBUG] - evaluate_round 48: strategy sampled 20 clients (out of 100)
[2024-03-19 18:19:27,103][flwr][DEBUG] - evaluate_round 48 received 20 results and 0 failures
[2024-03-19 18:19:27,116][flwr][INFO] - Sampled the following clients: ['20', '50', '8', '97', '24', '32', '89', '46', '63', '65', '83', '6', '40', '66', '47', '9', '68', '61', '7', '93']
[2024-03-19 18:19:27,116][flwr][DEBUG] - fit_round 49: strategy sampled 20 clients (out of 100)
[2024-03-19 18:19:38,568][flwr][DEBUG] - fit_round 49 received 20 results and 0 failures
[2024-03-19 18:19:41,674][flwr][INFO] - fit progress: (49, 0.03507008892548038, {'test_accuracy': 0.8995}, 750.8505180419888)
[2024-03-19 18:19:41,675][flwr][INFO] - Sampled the following clients: ['25', '15', '92', '57', '34', '79', '41', '59', '93', '42', '4', '86', '95', '50', '71', '22', '8', '20', '17', '96']
[2024-03-19 18:19:41,675][flwr][DEBUG] - evaluate_round 49: strategy sampled 20 clients (out of 100)
[2024-03-19 18:19:42,188][flwr][DEBUG] - evaluate_round 49 received 20 results and 0 failures
[2024-03-19 18:19:42,204][flwr][INFO] - Sampled the following clients: ['48', '9', '22', '82', '71', '57', '19', '34', '15', '7', '68', '56', '89', '78', '31', '74', '18', '62', '36', '3']
[2024-03-19 18:19:42,204][flwr][DEBUG] - fit_round 50: strategy sampled 20 clients (out of 100)
[2024-03-19 18:19:53,549][flwr][DEBUG] - fit_round 50 received 20 results and 0 failures
[2024-03-19 18:19:56,591][flwr][INFO] - fit progress: (50, 0.034820077366079207, {'test_accuracy': 0.8991}, 765.7664279169403)
[2024-03-19 18:19:56,591][flwr][INFO] - Sampled the following clients: ['21', '57', '20', '99', '28', '50', '37', '66', '39', '9', '78', '35', '52', '11', '25', '77', '93', '10', '89', '56']
[2024-03-19 18:19:56,591][flwr][DEBUG] - evaluate_round 50: strategy sampled 20 clients (out of 100)
[2024-03-19 18:19:57,030][flwr][DEBUG] - evaluate_round 50 received 20 results and 0 failures
[2024-03-19 18:19:57,043][flwr][INFO] - FL finished in 766.2185444170609
[2024-03-19 18:19:57,046][flwr][INFO] - app_fit: losses_distributed [(1, 0.1313389702873715), (2, 0.09470697528351162), (3, 0.08673413432187448), (4, 0.0678244329073419), (5, 0.06558217330504272), (6, 0.06830518268269756), (7, 0.0627712226962134), (8, 0.056563076159080204), (9, 0.060737463303889), (10, 0.05216010973110037), (11, 0.056168837337044336), (12, 0.05054730191053349), (13, 0.0515175767613859), (14, 0.05084333210074643), (15, 0.048491325630348615), (16, 0.045948438673138116), (17, 0.05015058847207387), (18, 0.04447418391878196), (19, 0.043169830533502214), (20, 0.0470866341976512), (21, 0.04609101441515199), (22, 0.045757368679347814), (23, 0.04794439158828582), (24, 0.047742182003744575), (25, 0.04100424768797801), (26, 0.049493493818898955), (27, 0.04421224477266798), (28, 0.04169920969328259), (29, 0.04336611005651244), (30, 0.04103417613512), (31, 0.04035712789381081), (32, 0.03928739164729743), (33, 0.041016365880821436), (34, 0.040253926324263466), (35, 0.03994839032372002), (36, 0.03570585113760652), (37, 0.03692122417713231), (38, 0.04018721976593705), (39, 0.03522644860835714), (40, 0.037805880429516686), (41, 0.03957402108610071), (42, 0.03701849684417169), (43, 0.03682222555616429), (44, 0.03883014678603859), (45, 0.03995825668887661), (46, 0.04203953717571833), (47, 0.03617243854115891), (48, 0.03842048164046669), (49, 0.036015929778449834), (50, 0.04209301120172313)]
[2024-03-19 18:19:57,046][flwr][INFO] - app_fit: metrics_distributed_fit {'train_loss': [(1, 0.3970238509883444), (2, 0.23549447522860076), (3, 0.19438632082119703), (4, 0.17372851095648903), (5, 0.15945146079158884), (6, 0.15018886701308956), (7, 0.1447244110363038), (8, 0.1336695018207282), (9, 0.13075402503987887), (10, 0.12711096687661988), (11, 0.12251600281435421), (12, 0.12050568182616546), (13, 0.11517598769907812), (14, 0.11198534369942016), (15, 0.10912340283409087), (16, 0.10843616546495312), (17, 0.10443438215923506), (18, 0.10244692537689738), (19, 0.10093067740220361), (20, 0.09706164024340745), (21, 0.09554015595383403), (22, 0.09202887898327368), (23, 0.09622566541542098), (24, 0.09502754718357077), (25, 0.09306819905909612), (26, 0.0896171148996785), (27, 0.0832449773909158), (28, 0.09002488518672358), (29, 0.08645493130654439), (30, 0.08431282112185307), (31, 0.08389829317737517), (32, 0.08228250270878532), (33, 0.0813937078369178), (34, 0.08290027029878923), (35, 0.07957550958385526), (36, 0.08253586611482869), (37, 0.07857009753522151), (38, 0.07960691244342372), (39, 0.0743158514962803), (40, 0.07769402563257496), (41, 0.07662187730393896), (42, 0.07457491255669875), (43, 0.0742365352113145), (44, 0.07355407696704498), (45, 0.06978221686177741), (46, 0.0744504366549733), (47, 0.07492439600095349), (48, 0.06839473434094108), (49, 0.07058097048021512), (50, 0.0697825928625701)], 'train_accuracy': [(1, 0.41783249393769817), (2, 0.6469216417910447), (3, 0.7027153121209294), (4, 0.7375734402685815), (5, 0.7559701492537313), (6, 0.7702500933184024), (7, 0.7852010823924606), (8, 0.8008767021078157), (9, 0.8051717699775952), (10, 0.8092172777311316), (11, 0.8220481253497481), (12, 0.8206587664458337), (13, 0.8291499486796678), (14, 0.8360227590709822), (15, 0.840421563141205), (16, 0.8417172188520765), (17, 0.8481626562208543), (18, 0.8500653106922933), (19, 0.8522801454816749), (20, 0.8560768585020054), (21, 0.8620335820895523), (22, 0.8640179071068831), (23, 0.8587291219557712), (24, 0.8614480313491323), (25, 0.8621429904797461), (26, 0.871536523929471), (27, 0.8786720134290776), (28, 0.8673012318029115), (29, 0.8714792016414848), (30, 0.8793730758466275), (31, 0.875081630749137), (32, 0.8783468607146189), (33, 0.8760145535964176), (34, 0.8779759126132014), (35, 0.8821938252028728), (36, 0.8753031150904682), (37, 0.8844825977419054), (38, 0.8823858863063567), (39, 0.887209627763784), (40, 0.8840701361686253), (41, 0.8866903117416465), (42, 0.8876656092554581), (43, 0.8876142510725611), (44, 0.8896352271667133), (45, 0.8959634566980517), (46, 0.8895419348819853), (47, 0.8894486425972572), (48, 0.8966225041985445), (49, 0.8951785880816936), (50, 0.8961656870976771)]}
[2024-03-19 18:19:57,046][flwr][INFO] - app_fit: metrics_distributed {'test_accuracy': [(1, 0.7076271186440678), (2, 0.7322033898305085), (3, 0.7669491525423728), (4, 0.8194915254237288), (5, 0.8144067796610169), (6, 0.8076271186440678), (7, 0.823728813559322), (8, 0.85), (9, 0.8389830508474576), (10, 0.8694915254237288), (11, 0.8432203389830508), (12, 0.8593220338983051), (13, 0.8635593220338983), (14, 0.8711864406779661), (15, 0.8610169491525423), (16, 0.8703389830508474), (17, 0.8576271186440678), (18, 0.8745762711864407), (19, 0.8822033898305085), (20, 0.8796610169491526), (21, 0.8720338983050847), (22, 0.8822033898305085), (23, 0.8720338983050847), (24, 0.864406779661017), (25, 0.8889830508474577), (26, 0.8677966101694915), (27, 0.8788135593220339), (28, 0.888135593220339), (29, 0.8754237288135593), (30, 0.8949152542372881), (31, 0.8864406779661017), (32, 0.8983050847457628), (33, 0.8983050847457628), (34, 0.8991525423728813), (35, 0.8872881355932203), (36, 0.9059322033898305), (37, 0.8949152542372881), (38, 0.8991525423728813), (39, 0.9135593220338983), (40, 0.9033898305084745), (41, 0.8915254237288136), (42, 0.9016949152542373), (43, 0.8966101694915254), (44, 0.888135593220339), (45, 0.8932203389830509), (46, 0.8847457627118644), (47, 0.902542372881356), (48, 0.8915254237288136), (49, 0.9101694915254237), (50, 0.8940677966101694)]}
[2024-03-19 18:19:57,047][flwr][INFO] - app_fit: losses_centralized [(0, 0.2879017802715301), (1, 0.1220480675816536), (2, 0.0845607739545405), (3, 0.07631884922869503), (4, 0.06904931485392153), (5, 0.06473858924573288), (6, 0.06222108989339322), (7, 0.05975121135413647), (8, 0.05630755211487413), (9, 0.05470726961148903), (10, 0.0535263489510864), (11, 0.05134524366972037), (12, 0.050799855336453766), (13, 0.04968142721727491), (14, 0.04796574559151195), (15, 0.04682348722689785), (16, 0.04667109582601115), (17, 0.04533911916059442), (18, 0.044531614051340145), (19, 0.043977690999489276), (20, 0.043336613565683364), (21, 0.04286487883916125), (22, 0.04269739054804668), (23, 0.04219673093487509), (24, 0.041427636012109), (25, 0.041040528961177915), (26, 0.040960018430603665), (27, 0.04021215025961865), (28, 0.04010306903682649), (29, 0.03931510529024526), (30, 0.03895481533294078), (31, 0.0386690561986994), (32, 0.038313619032502175), (33, 0.03811448557348922), (34, 0.037879508712282406), (35, 0.03773680004744092), (36, 0.03761971220341511), (37, 0.037193510375614275), (38, 0.036959016440808776), (39, 0.03671826682363171), (40, 0.03652993872438092), (41, 0.036322304816520774), (42, 0.03641527318267617), (43, 0.03598920128087048), (44, 0.0362723813634715), (45, 0.03563744634171016), (46, 0.03534399429106852), (47, 0.03550685614204267), (48, 0.03529771911529824), (49, 0.03507008892548038), (50, 0.034820077366079207)]
[2024-03-19 18:19:57,047][flwr][INFO] - app_fit: metrics_centralized {'test_accuracy': [(0, 0.1014), (1, 0.7114), (2, 0.7391), (3, 0.768), (4, 0.7926), (5, 0.7999), (6, 0.8096), (7, 0.8258), (8, 0.8327), (9, 0.8402), (10, 0.8439), (11, 0.8504), (12, 0.8527), (13, 0.8582), (14, 0.8607), (15, 0.8638), (16, 0.8668), (17, 0.8701), (18, 0.8729), (19, 0.8736), (20, 0.8764), (21, 0.8765), (22, 0.8776), (23, 0.879), (24, 0.8812), (25, 0.8836), (26, 0.8829), (27, 0.8847), (28, 0.8855), (29, 0.8883), (30, 0.8884), (31, 0.8884), (32, 0.892), (33, 0.8901), (34, 0.891), (35, 0.8918), (36, 0.8928), (37, 0.8946), (38, 0.8932), (39, 0.8937), (40, 0.8949), (41, 0.8959), (42, 0.8956), (43, 0.8949), (44, 0.8939), (45, 0.8959), (46, 0.897), (47, 0.899), (48, 0.8982), (49, 0.8995), (50, 0.8991)]}
[2024-03-19 18:19:58,813][flwr][INFO] - Cleaned up ray temp session: /tmp/ray/session_2024-03-19_18-07-03_837202_97996 with size: 871012372480
[2024-03-19 18:19:58,813][flwr][INFO] - Saving ['yaml', 'log', 'wandb']
