[2024-03-22 10:08:40,362][flwr][INFO] - working_dir: null
to_save_once:
- yaml
- log
- wandb
to_save_per_round:
- parameters
- rng
- history
save_frequency: 1
to_restore: []
to_clean_once:
- history
- parameters
- yaml
- log
- rng
- history
use_wandb: false
debug_clients:
  all: false
  one: true
wandb_resume: false
wandb_id: null
wandb:
  setup:
    project: template
    tags:
    - strategy_${strategy.name}
    - seed_${fed.seed}
    entity: null
    mode: online
ray_address: null
ray_redis_password: null
ray_node_ip_address: null
file_limit: 250
task:
  model_and_data: CIFAR10_CNN
  train_structure: CIFAR10
  fit_config:
    net_config: {}
    dataloader_config:
      batch_size: 4
    run_config:
      epochs: 1
      learning_rate: 0.01
      optimizer: sgd
    extra: {}
  eval_config:
    net_config: {}
    dataloader_config:
      batch_size: 8
    run_config: {}
    extra: {}
  fed_test_config:
    net_config: {}
    dataloader_config:
      batch_size: 8
    run_config: {}
    extra: {}
  net_config_initial_parameters: {}
  fit_metrics:
  - train_loss
  - train_accuracy
  evaluate_metrics:
  - test_accuracy
fed:
  num_rounds: 25
  num_total_clients: 100
  num_clients_per_round: 20
  num_evaluate_clients_per_round: 20
  enable_resampling: false
  cpus_per_client: 2
  gpus_per_client: 0
  seed: 1337
  load_saved_state: true
  server_round: null
  parameters_folder: null
  rng_folder: null
  history_folder: null
strategy:
  name: FedAvg
  init:
    _target_: flwr.server.strategy.FedAvg
dataset:
  dataset_dir: ./data/cifar10/data
  partition_dir: ./data/cifar10/partition
  num_clients: 100
  val_ratio: 0.1
  seed: 1337
  iid: false
  power_law: false
  balance: false
  lda: true
  alpha: 1.0

[2024-03-22 10:08:40,382][flwr][INFO] - Wandb run initialized with False
[2024-03-22 10:08:40,383][flwr][INFO] - Pre-cleaning ['history', 'parameters', 'yaml', 'log', 'rng', 'history']
[2024-03-22 10:08:40,383][flwr][INFO] - Loading parameters failed from: /Users/grantwilkins/fl-final-proj/outputs/2024-03-22/10-08-40/results/state/parameters/parameters_0.bin
[2024-03-22 10:08:40,383][flwr][INFO] - Generating initial parameters with config: {}
[2024-03-22 10:08:40,383][flwr][INFO] - Generating initial parameters with config: {}
[2024-03-22 10:08:40,393][flwr][INFO] - Using RNG seed: 1337
[2024-03-22 10:08:43,934][flwr][INFO] - Fit debug fit: [427, {'train_loss': 0.5517304622038187, 'train_accuracy': 0.44028103044496486}]  and eval: (0.2923372857114102, 47, {'test_accuracy': 0.48936170212765956})
[2024-03-22 10:08:43,936][flwr][INFO] - Starting Flower simulation, config: ServerConfig(num_rounds=25, round_timeout=None)
[2024-03-22 10:08:46,537][flwr][INFO] - Flower VCE: Ray initialized with resources: {'memory': 14299699610.0, 'object_store_memory': 2147483648.0, 'CPU': 10.0, 'node:__internal_head__': 1.0, 'node:127.0.0.1': 1.0}
[2024-03-22 10:08:46,537][flwr][INFO] - Optimize your simulation with Flower VCE: https://flower.dev/docs/framework/how-to-run-simulations.html
[2024-03-22 10:08:46,537][flwr][INFO] - Flower VCE: Resources for each Virtual Client: {'num_cpus': 2, 'num_gpus': 0.0}
[2024-03-22 10:08:46,546][flwr][INFO] - Flower VCE: Creating VirtualClientEngineActorPool with 5 actors
[2024-03-22 10:08:46,546][flwr][INFO] - Initializing global parameters
[2024-03-22 10:08:46,546][flwr][INFO] - Using initial parameters provided by strategy
[2024-03-22 10:08:46,546][flwr][INFO] - Evaluating initial parameters
[2024-03-22 10:08:53,538][flwr][INFO] - initial parameters (loss, other metrics): 0.2878529378652573, {'test_accuracy': 0.1}
[2024-03-22 10:08:53,562][flwr][INFO] - FL starting
[2024-03-22 10:08:53,562][flwr][INFO] - Sampled the following clients: ['18', '62', '29', '0', '45', '56', '26', '93', '96', '76', '83', '92', '99', '54', '43', '3', '84', '27', '37', '59']
[2024-03-22 10:08:53,563][flwr][DEBUG] - fit_round 1: strategy sampled 20 clients (out of 100)
[2024-03-22 10:09:07,788][flwr][DEBUG] - fit_round 1 received 20 results and 0 failures
[2024-03-22 10:09:16,662][flwr][INFO] - fit progress: (1, 0.2879133015394211, {'test_accuracy': 0.1}, 23.09908137493767)
[2024-03-22 10:09:16,662][flwr][INFO] - Sampled the following clients: ['41', '72', '1', '61', '47', '80', '99', '97', '54', '10', '58', '93', '89', '30', '23', '14', '31', '68', '96', '66']
[2024-03-22 10:09:16,662][flwr][DEBUG] - evaluate_round 1: strategy sampled 20 clients (out of 100)
[2024-03-22 10:09:19,680][flwr][DEBUG] - evaluate_round 1 received 20 results and 0 failures
[2024-03-22 10:09:19,710][flwr][INFO] - Sampled the following clients: ['0', '59', '24', '71', '20', '33', '69', '36', '73', '9', '61', '14', '37', '84', '42', '27', '79', '31', '46', '53']
[2024-03-22 10:09:19,710][flwr][DEBUG] - fit_round 2: strategy sampled 20 clients (out of 100)
[2024-03-22 10:09:30,208][flwr][DEBUG] - fit_round 2 received 20 results and 0 failures
[2024-03-22 10:09:39,194][flwr][INFO] - fit progress: (2, 0.28791982555389406, {'test_accuracy': 0.1}, 45.631803791970015)
[2024-03-22 10:09:39,194][flwr][INFO] - Sampled the following clients: ['18', '80', '54', '3', '75', '57', '0', '27', '22', '23', '99', '78', '37', '2', '51', '55', '58', '4', '44', '74']
[2024-03-22 10:09:39,194][flwr][DEBUG] - evaluate_round 2: strategy sampled 20 clients (out of 100)
[2024-03-22 10:09:41,621][flwr][DEBUG] - evaluate_round 2 received 20 results and 0 failures
[2024-03-22 10:09:41,653][flwr][INFO] - Sampled the following clients: ['40', '96', '0', '76', '54', '73', '31', '66', '72', '32', '74', '12', '75', '55', '15', '83', '56', '19', '9', '90']
[2024-03-22 10:09:41,653][flwr][DEBUG] - fit_round 3: strategy sampled 20 clients (out of 100)
[2024-03-22 10:09:51,698][flwr][DEBUG] - fit_round 3 received 20 results and 0 failures
[2024-03-22 10:10:00,584][flwr][INFO] - fit progress: (3, 0.28791938438415526, {'test_accuracy': 0.1}, 67.02170879184268)
[2024-03-22 10:10:00,585][flwr][INFO] - Sampled the following clients: ['21', '94', '43', '95', '75', '77', '53', '41', '11', '67', '28', '84', '7', '57', '4', '91', '6', '76', '2', '25']
[2024-03-22 10:10:00,585][flwr][DEBUG] - evaluate_round 3: strategy sampled 20 clients (out of 100)
[2024-03-22 10:10:02,917][flwr][DEBUG] - evaluate_round 3 received 20 results and 0 failures
[2024-03-22 10:10:02,968][flwr][INFO] - Sampled the following clients: ['96', '98', '53', '49', '10', '18', '42', '63', '37', '88', '94', '81', '31', '56', '74', '50', '86', '25', '15', '28']
[2024-03-22 10:10:02,968][flwr][DEBUG] - fit_round 4: strategy sampled 20 clients (out of 100)
[2024-03-22 10:10:12,897][flwr][DEBUG] - fit_round 4 received 20 results and 0 failures
[2024-03-22 10:10:22,279][flwr][INFO] - fit progress: (4, 0.287873783993721, {'test_accuracy': 0.1002}, 88.71619304199703)
[2024-03-22 10:10:22,279][flwr][INFO] - Sampled the following clients: ['36', '62', '92', '38', '75', '54', '45', '8', '26', '7', '91', '63', '43', '52', '66', '10', '83', '60', '55', '21']
[2024-03-22 10:10:22,279][flwr][DEBUG] - evaluate_round 4: strategy sampled 20 clients (out of 100)
[2024-03-22 10:10:24,569][flwr][DEBUG] - evaluate_round 4 received 20 results and 0 failures
[2024-03-22 10:10:24,614][flwr][INFO] - Sampled the following clients: ['3', '38', '10', '6', '91', '66', '41', '36', '94', '40', '8', '35', '69', '79', '27', '64', '65', '70', '59', '20']
[2024-03-22 10:10:24,614][flwr][DEBUG] - fit_round 5: strategy sampled 20 clients (out of 100)
[2024-03-22 10:10:34,617][flwr][DEBUG] - fit_round 5 received 20 results and 0 failures
[2024-03-22 10:10:43,961][flwr][INFO] - fit progress: (5, 0.2880136909008026, {'test_accuracy': 0.1}, 110.39839012501761)
[2024-03-22 10:10:43,961][flwr][INFO] - Sampled the following clients: ['18', '81', '51', '75', '11', '66', '76', '39', '10', '89', '96', '57', '79', '50', '40', '90', '45', '46', '31', '61']
[2024-03-22 10:10:43,962][flwr][DEBUG] - evaluate_round 5: strategy sampled 20 clients (out of 100)
[2024-03-22 10:10:46,328][flwr][DEBUG] - evaluate_round 5 received 20 results and 0 failures
[2024-03-22 10:10:46,365][flwr][INFO] - Sampled the following clients: ['53', '40', '33', '94', '26', '41', '52', '3', '31', '69', '76', '81', '27', '71', '18', '91', '2', '44', '11', '84']
[2024-03-22 10:10:46,365][flwr][DEBUG] - fit_round 6: strategy sampled 20 clients (out of 100)
[2024-03-22 10:10:56,373][flwr][DEBUG] - fit_round 6 received 20 results and 0 failures
[2024-03-22 10:11:05,450][flwr][INFO] - fit progress: (6, 0.288604838681221, {'test_accuracy': 0.1382}, 131.88681845902465)
[2024-03-22 10:11:05,450][flwr][INFO] - Sampled the following clients: ['40', '30', '61', '48', '49', '90', '2', '85', '27', '65', '80', '12', '74', '47', '39', '69', '63', '86', '87', '66']
[2024-03-22 10:11:05,450][flwr][DEBUG] - evaluate_round 6: strategy sampled 20 clients (out of 100)
[2024-03-22 10:11:07,871][flwr][DEBUG] - evaluate_round 6 received 20 results and 0 failures
[2024-03-22 10:11:07,906][flwr][INFO] - Sampled the following clients: ['63', '74', '14', '11', '58', '76', '92', '62', '73', '22', '65', '91', '47', '71', '56', '10', '40', '17', '33', '34']
[2024-03-22 10:11:07,907][flwr][DEBUG] - fit_round 7: strategy sampled 20 clients (out of 100)
[2024-03-22 10:11:17,787][flwr][DEBUG] - fit_round 7 received 20 results and 0 failures
[2024-03-22 10:11:26,794][flwr][INFO] - fit progress: (7, 0.28857708766460416, {'test_accuracy': 0.1}, 153.23120454186574)
[2024-03-22 10:11:26,794][flwr][INFO] - Sampled the following clients: ['9', '28', '80', '42', '19', '82', '17', '84', '43', '69', '56', '15', '63', '81', '6', '64', '10', '68', '89', '12']
[2024-03-22 10:11:26,794][flwr][DEBUG] - evaluate_round 7: strategy sampled 20 clients (out of 100)
[2024-03-22 10:11:29,211][flwr][DEBUG] - evaluate_round 7 received 20 results and 0 failures
[2024-03-22 10:11:29,261][flwr][INFO] - Sampled the following clients: ['26', '65', '22', '82', '73', '93', '50', '48', '76', '3', '11', '51', '79', '90', '96', '2', '86', '25', '19', '13']
[2024-03-22 10:11:29,261][flwr][DEBUG] - fit_round 8: strategy sampled 20 clients (out of 100)
[2024-03-22 10:11:39,357][flwr][DEBUG] - fit_round 8 received 20 results and 0 failures
[2024-03-22 10:11:48,421][flwr][INFO] - fit progress: (8, 0.28808962156772616, {'test_accuracy': 0.101}, 174.85780020896345)
[2024-03-22 10:11:48,421][flwr][INFO] - Sampled the following clients: ['53', '17', '91', '18', '86', '0', '30', '80', '22', '81', '76', '61', '52', '55', '96', '68', '54', '28', '92', '64']
[2024-03-22 10:11:48,421][flwr][DEBUG] - evaluate_round 8: strategy sampled 20 clients (out of 100)
[2024-03-22 10:11:50,672][flwr][DEBUG] - evaluate_round 8 received 20 results and 0 failures
[2024-03-22 10:11:50,732][flwr][INFO] - Sampled the following clients: ['9', '90', '34', '35', '37', '31', '17', '5', '26', '19', '83', '11', '18', '8', '77', '84', '29', '3', '56', '72']
[2024-03-22 10:11:50,732][flwr][DEBUG] - fit_round 9: strategy sampled 20 clients (out of 100)
[2024-03-22 10:12:00,855][flwr][DEBUG] - fit_round 9 received 20 results and 0 failures
[2024-03-22 10:12:09,288][flwr][INFO] - fit progress: (9, 0.2879027140378952, {'test_accuracy': 0.1462}, 195.7249960419722)
[2024-03-22 10:12:09,288][flwr][INFO] - Sampled the following clients: ['99', '24', '66', '35', '3', '1', '50', '67', '13', '97', '76', '4', '75', '53', '87', '61', '98', '31', '45', '44']
[2024-03-22 10:12:09,288][flwr][DEBUG] - evaluate_round 9: strategy sampled 20 clients (out of 100)
[2024-03-22 10:12:11,675][flwr][DEBUG] - evaluate_round 9 received 20 results and 0 failures
[2024-03-22 10:12:11,734][flwr][INFO] - Sampled the following clients: ['96', '46', '99', '31', '33', '10', '4', '5', '69', '20', '60', '52', '95', '15', '47', '66', '61', '90', '85', '12']
[2024-03-22 10:12:11,734][flwr][DEBUG] - fit_round 10: strategy sampled 20 clients (out of 100)
[2024-03-22 10:12:21,827][flwr][DEBUG] - fit_round 10 received 20 results and 0 failures
[2024-03-22 10:12:31,189][flwr][INFO] - fit progress: (10, 0.28712852447032927, {'test_accuracy': 0.1251}, 217.62558604194783)
[2024-03-22 10:12:31,189][flwr][INFO] - Sampled the following clients: ['26', '40', '28', '34', '68', '46', '42', '73', '93', '84', '61', '72', '10', '78', '94', '33', '4', '11', '70', '24']
[2024-03-22 10:12:31,189][flwr][DEBUG] - evaluate_round 10: strategy sampled 20 clients (out of 100)
[2024-03-22 10:12:33,431][flwr][DEBUG] - evaluate_round 10 received 20 results and 0 failures
[2024-03-22 10:12:33,484][flwr][INFO] - Sampled the following clients: ['80', '18', '11', '61', '25', '0', '85', '30', '19', '14', '53', '90', '43', '29', '33', '36', '81', '99', '58', '5']
[2024-03-22 10:12:33,484][flwr][DEBUG] - fit_round 11: strategy sampled 20 clients (out of 100)
[2024-03-22 10:12:43,835][flwr][DEBUG] - fit_round 11 received 20 results and 0 failures
[2024-03-22 10:12:52,586][flwr][INFO] - fit progress: (11, 0.286633008480072, {'test_accuracy': 0.1147}, 239.02317516691983)
[2024-03-22 10:12:52,587][flwr][INFO] - Sampled the following clients: ['14', '79', '10', '1', '85', '92', '80', '48', '61', '50', '25', '45', '43', '7', '15', '33', '98', '75', '97', '47']
[2024-03-22 10:12:52,587][flwr][DEBUG] - evaluate_round 11: strategy sampled 20 clients (out of 100)
[2024-03-22 10:12:54,912][flwr][DEBUG] - evaluate_round 11 received 20 results and 0 failures
[2024-03-22 10:12:54,962][flwr][INFO] - Sampled the following clients: ['41', '75', '57', '14', '91', '99', '52', '16', '44', '24', '95', '23', '80', '27', '92', '35', '55', '94', '31', '69']
[2024-03-22 10:12:54,962][flwr][DEBUG] - fit_round 12: strategy sampled 20 clients (out of 100)
[2024-03-22 10:13:05,678][flwr][DEBUG] - fit_round 12 received 20 results and 0 failures
[2024-03-22 10:13:15,309][flwr][INFO] - fit progress: (12, 0.28619609398841855, {'test_accuracy': 0.1003}, 261.74549841694534)
[2024-03-22 10:13:15,309][flwr][INFO] - Sampled the following clients: ['27', '32', '70', '96', '74', '37', '52', '39', '82', '23', '66', '7', '38', '24', '26', '79', '36', '51', '8', '58']
[2024-03-22 10:13:15,309][flwr][DEBUG] - evaluate_round 12: strategy sampled 20 clients (out of 100)
[2024-03-22 10:13:18,174][flwr][DEBUG] - evaluate_round 12 received 20 results and 0 failures
[2024-03-22 10:13:18,231][flwr][INFO] - Sampled the following clients: ['31', '22', '18', '50', '54', '26', '58', '3', '27', '2', '91', '63', '68', '87', '4', '33', '6', '42', '34', '45']
[2024-03-22 10:13:18,231][flwr][DEBUG] - fit_round 13: strategy sampled 20 clients (out of 100)
[2024-03-22 10:13:28,669][flwr][DEBUG] - fit_round 13 received 20 results and 0 failures
[2024-03-22 10:13:38,090][flwr][INFO] - fit progress: (13, 0.28533128502368926, {'test_accuracy': 0.1782}, 284.52731991698965)
[2024-03-22 10:13:38,091][flwr][INFO] - Sampled the following clients: ['21', '33', '98', '74', '92', '2', '14', '9', '67', '87', '89', '76', '32', '40', '52', '71', '75', '6', '11', '86']
[2024-03-22 10:13:38,091][flwr][DEBUG] - evaluate_round 13: strategy sampled 20 clients (out of 100)
[2024-03-22 10:13:41,088][flwr][DEBUG] - evaluate_round 13 received 20 results and 0 failures
[2024-03-22 10:13:41,140][flwr][INFO] - Sampled the following clients: ['45', '67', '28', '80', '9', '73', '94', '92', '11', '59', '61', '78', '18', '41', '64', '4', '1', '55', '57', '85']
[2024-03-22 10:13:41,140][flwr][DEBUG] - fit_round 14: strategy sampled 20 clients (out of 100)
[2024-03-22 10:13:52,311][flwr][DEBUG] - fit_round 14 received 20 results and 0 failures
[2024-03-22 10:14:00,716][flwr][INFO] - fit progress: (14, 0.2863518411159515, {'test_accuracy': 0.1238}, 307.1525993340183)
[2024-03-22 10:14:00,717][flwr][INFO] - Sampled the following clients: ['66', '63', '38', '1', '49', '64', '88', '36', '51', '50', '18', '73', '56', '35', '99', '11', '44', '26', '4', '53']
[2024-03-22 10:14:00,718][flwr][DEBUG] - evaluate_round 14: strategy sampled 20 clients (out of 100)
[2024-03-22 10:14:03,735][flwr][DEBUG] - evaluate_round 14 received 20 results and 0 failures
[2024-03-22 10:14:03,795][flwr][INFO] - Sampled the following clients: ['81', '77', '91', '7', '30', '98', '69', '55', '1', '17', '73', '59', '9', '97', '2', '65', '38', '24', '6', '64']
[2024-03-22 10:14:03,795][flwr][DEBUG] - fit_round 15: strategy sampled 20 clients (out of 100)
[2024-03-22 10:14:15,159][flwr][DEBUG] - fit_round 15 received 20 results and 0 failures
[2024-03-22 10:14:24,050][flwr][INFO] - fit progress: (15, 0.2822499008178711, {'test_accuracy': 0.1713}, 330.48660129192285)
[2024-03-22 10:14:24,050][flwr][INFO] - Sampled the following clients: ['22', '29', '58', '6', '55', '69', '75', '72', '19', '17', '98', '76', '28', '67', '97', '25', '82', '31', '18', '52']
[2024-03-22 10:14:24,050][flwr][DEBUG] - evaluate_round 15: strategy sampled 20 clients (out of 100)
[2024-03-22 10:14:26,953][flwr][DEBUG] - evaluate_round 15 received 20 results and 0 failures
[2024-03-22 10:14:27,012][flwr][INFO] - Sampled the following clients: ['98', '8', '0', '77', '49', '40', '13', '33', '67', '34', '91', '54', '96', '82', '7', '60', '10', '97', '42', '83']
[2024-03-22 10:14:27,012][flwr][DEBUG] - fit_round 16: strategy sampled 20 clients (out of 100)
[2024-03-22 10:14:37,619][flwr][DEBUG] - fit_round 16 received 20 results and 0 failures
[2024-03-22 10:14:46,519][flwr][INFO] - fit progress: (16, 0.27930359556674955, {'test_accuracy': 0.1595}, 352.9559062088374)
[2024-03-22 10:14:46,520][flwr][INFO] - Sampled the following clients: ['31', '79', '78', '41', '89', '22', '94', '72', '76', '68', '75', '34', '87', '13', '39', '96', '25', '64', '69', '40']
[2024-03-22 10:14:46,520][flwr][DEBUG] - evaluate_round 16: strategy sampled 20 clients (out of 100)
[2024-03-22 10:14:49,111][flwr][DEBUG] - evaluate_round 16 received 20 results and 0 failures
[2024-03-22 10:14:49,169][flwr][INFO] - Sampled the following clients: ['43', '99', '52', '16', '65', '90', '33', '86', '37', '13', '74', '11', '88', '14', '59', '97', '3', '22', '47', '1']
[2024-03-22 10:14:49,169][flwr][DEBUG] - fit_round 17: strategy sampled 20 clients (out of 100)
[2024-03-22 10:14:59,571][flwr][DEBUG] - fit_round 17 received 20 results and 0 failures
[2024-03-22 10:15:08,994][flwr][INFO] - fit progress: (17, 0.27488340468406675, {'test_accuracy': 0.1624}, 375.4307579998858)
[2024-03-22 10:15:08,995][flwr][INFO] - Sampled the following clients: ['4', '86', '47', '48', '13', '14', '62', '94', '7', '38', '53', '95', '59', '1', '8', '27', '19', '29', '78', '41']
[2024-03-22 10:15:08,995][flwr][DEBUG] - evaluate_round 17: strategy sampled 20 clients (out of 100)
[2024-03-22 10:15:11,530][flwr][DEBUG] - evaluate_round 17 received 20 results and 0 failures
[2024-03-22 10:15:11,585][flwr][INFO] - Sampled the following clients: ['15', '59', '14', '63', '45', '24', '18', '87', '51', '70', '81', '13', '6', '55', '74', '17', '50', '48', '96', '16']
[2024-03-22 10:15:11,585][flwr][DEBUG] - fit_round 18: strategy sampled 20 clients (out of 100)
[2024-03-22 10:15:22,479][flwr][DEBUG] - fit_round 18 received 20 results and 0 failures
[2024-03-22 10:15:32,324][flwr][INFO] - fit progress: (18, 0.2691680292129517, {'test_accuracy': 0.196}, 398.76003274996765)
[2024-03-22 10:15:32,324][flwr][INFO] - Sampled the following clients: ['22', '64', '81', '52', '47', '10', '96', '98', '34', '44', '7', '57', '62', '31', '14', '54', '90', '43', '37', '1']
[2024-03-22 10:15:32,324][flwr][DEBUG] - evaluate_round 18: strategy sampled 20 clients (out of 100)
[2024-03-22 10:15:34,938][flwr][DEBUG] - evaluate_round 18 received 20 results and 0 failures
[2024-03-22 10:15:34,992][flwr][INFO] - Sampled the following clients: ['10', '22', '16', '91', '66', '86', '77', '36', '59', '78', '83', '72', '47', '12', '40', '29', '52', '58', '65', '51']
[2024-03-22 10:15:34,992][flwr][DEBUG] - fit_round 19: strategy sampled 20 clients (out of 100)
[2024-03-22 10:15:45,647][flwr][DEBUG] - fit_round 19 received 20 results and 0 failures
[2024-03-22 10:15:54,672][flwr][INFO] - fit progress: (19, 0.2657180309295654, {'test_accuracy': 0.2223}, 421.11756845889613)
[2024-03-22 10:15:54,673][flwr][INFO] - Sampled the following clients: ['80', '46', '34', '40', '81', '49', '66', '79', '62', '29', '51', '38', '90', '85', '59', '8', '17', '10', '27', '87']
[2024-03-22 10:15:54,673][flwr][DEBUG] - evaluate_round 19: strategy sampled 20 clients (out of 100)
[2024-03-22 10:15:57,268][flwr][DEBUG] - evaluate_round 19 received 20 results and 0 failures
[2024-03-22 10:15:57,320][flwr][INFO] - Sampled the following clients: ['3', '65', '59', '57', '35', '33', '26', '96', '69', '87', '5', '1', '76', '56', '24', '58', '47', '62', '49', '9']
[2024-03-22 10:15:57,320][flwr][DEBUG] - fit_round 20: strategy sampled 20 clients (out of 100)
[2024-03-22 10:16:07,747][flwr][DEBUG] - fit_round 20 received 20 results and 0 failures
[2024-03-22 10:16:16,571][flwr][INFO] - fit progress: (20, 0.2591125584959984, {'test_accuracy': 0.2232}, 443.02346808393486)
[2024-03-22 10:16:16,571][flwr][INFO] - Sampled the following clients: ['54', '72', '45', '62', '50', '19', '92', '75', '32', '95', '20', '93', '11', '15', '98', '24', '13', '9', '4', '87']
[2024-03-22 10:16:16,571][flwr][DEBUG] - evaluate_round 20: strategy sampled 20 clients (out of 100)
[2024-03-22 10:16:19,182][flwr][DEBUG] - evaluate_round 20 received 20 results and 0 failures
[2024-03-22 10:16:19,238][flwr][INFO] - Sampled the following clients: ['89', '9', '33', '36', '47', '52', '19', '96', '10', '16', '51', '37', '26', '2', '20', '98', '79', '63', '40', '31']
[2024-03-22 10:16:19,238][flwr][DEBUG] - fit_round 21: strategy sampled 20 clients (out of 100)
[2024-03-22 10:16:29,822][flwr][DEBUG] - fit_round 21 received 20 results and 0 failures
[2024-03-22 10:16:39,006][flwr][INFO] - fit progress: (21, 0.2536830138921738, {'test_accuracy': 0.2473}, 465.45993037498556)
[2024-03-22 10:16:39,006][flwr][INFO] - Sampled the following clients: ['23', '55', '78', '82', '84', '32', '22', '15', '50', '93', '89', '69', '43', '34', '98', '37', '60', '67', '79', '40']
[2024-03-22 10:16:39,006][flwr][DEBUG] - evaluate_round 21: strategy sampled 20 clients (out of 100)
[2024-03-22 10:16:41,698][flwr][DEBUG] - evaluate_round 21 received 20 results and 0 failures
[2024-03-22 10:16:41,757][flwr][INFO] - Sampled the following clients: ['8', '82', '48', '27', '33', '75', '7', '16', '67', '53', '14', '12', '4', '22', '61', '84', '42', '59', '17', '56']
[2024-03-22 10:16:41,757][flwr][DEBUG] - fit_round 22: strategy sampled 20 clients (out of 100)
[2024-03-22 10:16:52,580][flwr][DEBUG] - fit_round 22 received 20 results and 0 failures
[2024-03-22 10:17:01,507][flwr][INFO] - fit progress: (22, 0.249727599132061, {'test_accuracy': 0.2696}, 487.96221199980937)
[2024-03-22 10:17:01,508][flwr][INFO] - Sampled the following clients: ['15', '65', '3', '0', '82', '88', '35', '78', '71', '25', '12', '8', '10', '14', '24', '45', '21', '72', '80', '93']
[2024-03-22 10:17:01,508][flwr][DEBUG] - evaluate_round 22: strategy sampled 20 clients (out of 100)
[2024-03-22 10:17:04,140][flwr][DEBUG] - evaluate_round 22 received 20 results and 0 failures
[2024-03-22 10:17:04,196][flwr][INFO] - Sampled the following clients: ['72', '74', '69', '17', '64', '22', '25', '21', '62', '48', '36', '0', '56', '93', '39', '71', '15', '13', '40', '49']
[2024-03-22 10:17:04,197][flwr][DEBUG] - fit_round 23: strategy sampled 20 clients (out of 100)
[2024-03-22 10:17:14,898][flwr][DEBUG] - fit_round 23 received 20 results and 0 failures
[2024-03-22 10:17:24,674][flwr][INFO] - fit progress: (23, 0.24855620164871217, {'test_accuracy': 0.2554}, 511.1295079169795)
[2024-03-22 10:17:24,675][flwr][INFO] - Sampled the following clients: ['74', '51', '53', '22', '48', '35', '12', '38', '10', '85', '18', '73', '65', '19', '71', '89', '72', '44', '70', '80']
[2024-03-22 10:17:24,675][flwr][DEBUG] - evaluate_round 23: strategy sampled 20 clients (out of 100)
[2024-03-22 10:17:27,670][flwr][DEBUG] - evaluate_round 23 received 20 results and 0 failures
[2024-03-22 10:17:27,718][flwr][INFO] - Sampled the following clients: ['80', '68', '69', '42', '85', '22', '21', '86', '50', '41', '62', '96', '67', '4', '77', '39', '87', '34', '35', '98']
[2024-03-22 10:17:27,718][flwr][DEBUG] - fit_round 24: strategy sampled 20 clients (out of 100)
[2024-03-22 10:17:38,188][flwr][DEBUG] - fit_round 24 received 20 results and 0 failures
[2024-03-22 10:17:46,931][flwr][INFO] - fit progress: (24, 0.24896528924703598, {'test_accuracy': 0.2423}, 533.3863782088738)
[2024-03-22 10:17:46,931][flwr][INFO] - Sampled the following clients: ['71', '53', '49', '52', '73', '64', '56', '93', '46', '69', '19', '77', '51', '28', '23', '36', '81', '84', '50', '22']
[2024-03-22 10:17:46,931][flwr][DEBUG] - evaluate_round 24: strategy sampled 20 clients (out of 100)
[2024-03-22 10:17:49,647][flwr][DEBUG] - evaluate_round 24 received 20 results and 0 failures
[2024-03-22 10:17:49,705][flwr][INFO] - Sampled the following clients: ['4', '13', '90', '89', '72', '65', '19', '34', '54', '67', '93', '46', '23', '44', '66', '56', '2', '57', '20', '48']
[2024-03-22 10:17:49,705][flwr][DEBUG] - fit_round 25: strategy sampled 20 clients (out of 100)
[2024-03-22 10:18:00,031][flwr][DEBUG] - fit_round 25 received 20 results and 0 failures
[2024-03-22 10:18:09,749][flwr][INFO] - fit progress: (25, 0.2447005607008934, {'test_accuracy': 0.2652}, 556.2043880419806)
[2024-03-22 10:18:09,750][flwr][INFO] - Sampled the following clients: ['95', '92', '16', '83', '8', '81', '88', '20', '22', '33', '68', '1', '82', '10', '62', '23', '25', '89', '93', '97']
[2024-03-22 10:18:09,750][flwr][DEBUG] - evaluate_round 25: strategy sampled 20 clients (out of 100)
[2024-03-22 10:18:12,299][flwr][DEBUG] - evaluate_round 25 received 20 results and 0 failures
[2024-03-22 10:18:12,347][flwr][INFO] - FL finished in 558.80197170889
[2024-03-22 10:18:12,358][flwr][INFO] - app_fit: losses_distributed [(1, 0.30328066596514397), (2, 0.3092249839254944), (3, 0.30863911033638064), (4, 0.30441861758466626), (5, 0.30713014612362805), (6, 0.30802828661665427), (7, 0.30668439060808667), (8, 0.3077070060605799), (9, 0.3059537811337566), (10, 0.30524633971394083), (11, 0.3055481014814979), (12, 0.30610021174136287), (13, 0.2993909290504257), (14, 0.30924318837051235), (15, 0.297761054208436), (16, 0.29568695285146757), (17, 0.28818232892465984), (18, 0.28512229522069293), (19, 0.2796864449253932), (20, 0.26967052679795483), (21, 0.2730995246513405), (22, 0.26697516760546197), (23, 0.2719296550264164), (24, 0.26236237812042235), (25, 0.2597612557362537)]
[2024-03-22 10:18:12,361][flwr][INFO] - app_fit: metrics_distributed_fit {'train_loss': [(1, 0.5633687153820642), (2, 0.5627689114525405), (3, 0.5630761869692069), (4, 0.5661350045816965), (5, 0.5566331960019786), (6, 0.5303990039411273), (7, 0.5064723727899211), (8, 0.49494493491669056), (9, 0.5123668286116427), (10, 0.48510673887735833), (11, 0.4993513935495276), (12, 0.4882278588859819), (13, 0.5046940312034228), (14, 0.5001741250794437), (15, 0.48522143863936595), (16, 0.49197033860346473), (17, 0.48107543457640584), (18, 0.484198982975146), (19, 0.46974527968952207), (20, 0.4590125907863993), (21, 0.46806409592365117), (22, 0.44868366592493486), (23, 0.4440719925399038), (24, 0.43268096153680485), (25, 0.4407566464953192)], 'train_accuracy': [(1, 0.2743812860210193), (2, 0.2615773842261577), (3, 0.25059101654846333), (4, 0.2212182061579652), (5, 0.2689852520360995), (6, 0.2910855740265536), (7, 0.28008157715839566), (8, 0.27960709900658554), (9, 0.2511821661787886), (10, 0.30624223953042107), (11, 0.28566576086956524), (12, 0.2927181767648694), (13, 0.26498002663115844), (14, 0.29302736098852605), (15, 0.32288228822882287), (16, 0.31362325271799424), (17, 0.3233099706081845), (18, 0.33359648133528813), (19, 0.3652193577566712), (20, 0.36347298663371896), (21, 0.34721598563089356), (22, 0.3800111669458403), (23, 0.3844856661045531), (24, 0.404401194293929), (25, 0.38179347826086957)]}
[2024-03-22 10:18:12,362][flwr][INFO] - app_fit: metrics_distributed {'test_accuracy': [(1, 0.07810894141829394), (2, 0.12207527975584945), (3, 0.09274193548387097), (4, 0.10553278688524591), (5, 0.07934893184130214), (6, 0.13021363173957273), (7, 0.08734939759036145), (8, 0.14852492370295015), (9, 0.16089613034623218), (10, 0.13217213114754098), (11, 0.08655804480651731), (12, 0.08154943934760449), (13, 0.1331945889698231), (14, 0.14969450101832993), (15, 0.1949238578680203), (16, 0.1674975074775673), (17, 0.1590909090909091), (18, 0.19047619047619047), (19, 0.19534412955465588), (20, 0.2246153846153846), (21, 0.23417085427135678), (22, 0.24407826982492276), (23, 0.2173469387755102), (24, 0.272), (25, 0.2571428571428571)]}
[2024-03-22 10:18:12,370][flwr][INFO] - app_fit: losses_centralized [(0, 0.2878529378652573), (1, 0.2879133015394211), (2, 0.28791982555389406), (3, 0.28791938438415526), (4, 0.287873783993721), (5, 0.2880136909008026), (6, 0.288604838681221), (7, 0.28857708766460416), (8, 0.28808962156772616), (9, 0.2879027140378952), (10, 0.28712852447032927), (11, 0.286633008480072), (12, 0.28619609398841855), (13, 0.28533128502368926), (14, 0.2863518411159515), (15, 0.2822499008178711), (16, 0.27930359556674955), (17, 0.27488340468406675), (18, 0.2691680292129517), (19, 0.2657180309295654), (20, 0.2591125584959984), (21, 0.2536830138921738), (22, 0.249727599132061), (23, 0.24855620164871217), (24, 0.24896528924703598), (25, 0.2447005607008934)]
[2024-03-22 10:18:12,370][flwr][INFO] - app_fit: metrics_centralized {'test_accuracy': [(0, 0.1), (1, 0.1), (2, 0.1), (3, 0.1), (4, 0.1002), (5, 0.1), (6, 0.1382), (7, 0.1), (8, 0.101), (9, 0.1462), (10, 0.1251), (11, 0.1147), (12, 0.1003), (13, 0.1782), (14, 0.1238), (15, 0.1713), (16, 0.1595), (17, 0.1624), (18, 0.196), (19, 0.2223), (20, 0.2232), (21, 0.2473), (22, 0.2696), (23, 0.2554), (24, 0.2423), (25, 0.2652)]}
[2024-03-22 10:18:14,947][flwr][INFO] - Cleaned up ray temp session: /tmp/ray/session_2024-03-22_10-08-43_983035_59553 with size: 905370275840
[2024-03-22 10:18:14,947][flwr][INFO] - Saving ['yaml', 'log', 'wandb']
