[2024-03-24 13:05:16,752][flwr][INFO] - working_dir: null
to_save_once:
- yaml
- log
- wandb
to_save_per_round:
- parameters
- rng
- history
save_frequency: 1
to_restore: []
to_clean_once:
- history
- parameters
- yaml
- log
- rng
- history
use_wandb: false
debug_clients:
  all: false
  one: true
wandb_resume: false
wandb_id: null
wandb:
  setup:
    project: template
    tags:
    - strategy_${strategy.name}
    - seed_${fed.seed}
    entity: null
    mode: online
ray_address: null
ray_redis_password: null
ray_node_ip_address: null
file_limit: 250
task:
  model_and_data: FMNIST_CNN
  train_structure: FMNIST
  fit_config:
    net_config: {}
    dataloader_config:
      batch_size: 4
    run_config:
      epochs: 1
      learning_rate: 0.01
      optimizer: diag_exact
    extra: {}
  eval_config:
    net_config: {}
    dataloader_config:
      batch_size: 8
    run_config: {}
    extra: {}
  fed_test_config:
    net_config: {}
    dataloader_config:
      batch_size: 8
    run_config: {}
    extra: {}
  net_config_initial_parameters: {}
  fit_metrics:
  - train_loss
  - train_accuracy
  evaluate_metrics:
  - test_accuracy
fed:
  num_rounds: 5
  num_total_clients: 100
  num_clients_per_round: 20
  num_evaluate_clients_per_round: 20
  enable_resampling: false
  cpus_per_client: 2
  gpus_per_client: 0
  seed: 1337
  load_saved_state: true
  server_round: null
  parameters_folder: null
  rng_folder: null
  history_folder: null
strategy:
  name: FedAvg
  init:
    _target_: flwr.server.strategy.FedAvg
dataset:
  dataset_dir: ./data/fmnist/data
  partition_dir: ./data/fmnist/partition
  num_clients: 100
  val_ratio: 0.1
  seed: 1337
  iid: false
  power_law: false
  balance: false
  lda: true
  alpha: 1.0

[2024-03-24 13:05:16,772][flwr][INFO] - Wandb run initialized with False
[2024-03-24 13:05:16,772][flwr][INFO] - Pre-cleaning ['history', 'parameters', 'yaml', 'log', 'rng', 'history']
[2024-03-24 13:05:16,772][flwr][INFO] - Loading parameters failed from: /Users/grantwilkins/fl-final-proj/outputs/2024-03-24/13-05-16/results/state/parameters/parameters_0.bin
[2024-03-24 13:05:16,772][flwr][INFO] - Generating initial parameters with config: {}
[2024-03-24 13:05:16,772][flwr][INFO] - Generating initial parameters with config: {}
[2024-03-24 13:05:16,785][flwr][INFO] - Using RNG seed: 1337
[2024-03-24 13:05:25,366][flwr][INFO] - Fit debug fit: [515, {'train_loss': 0.3146677807335136, 'train_accuracy': 0.5592233009708738}]  and eval: (0.3232341691067344, 57, {'test_accuracy': 0.05263157894736842})
[2024-03-24 13:05:25,367][flwr][INFO] - Starting Flower simulation, config: ServerConfig(num_rounds=5, round_timeout=None)
[2024-03-24 13:05:27,972][flwr][INFO] - Flower VCE: Ray initialized with resources: {'memory': 18319217460.0, 'object_store_memory': 2147483648.0, 'CPU': 10.0, 'node:127.0.0.1': 1.0, 'node:__internal_head__': 1.0}
[2024-03-24 13:05:27,972][flwr][INFO] - Optimize your simulation with Flower VCE: https://flower.dev/docs/framework/how-to-run-simulations.html
[2024-03-24 13:05:27,972][flwr][INFO] - Flower VCE: Resources for each Virtual Client: {'num_cpus': 2, 'num_gpus': 0.0}
[2024-03-24 13:05:27,980][flwr][INFO] - Flower VCE: Creating VirtualClientEngineActorPool with 5 actors
[2024-03-24 13:05:27,980][flwr][INFO] - Initializing global parameters
[2024-03-24 13:05:27,980][flwr][INFO] - Using initial parameters provided by strategy
[2024-03-24 13:05:27,980][flwr][INFO] - Evaluating initial parameters
[2024-03-24 13:05:31,878][flwr][INFO] - initial parameters (loss, other metrics): 0.28744675827026367, {'test_accuracy': 0.0948}
[2024-03-24 13:05:31,887][flwr][INFO] - FL starting
[2024-03-24 13:05:31,887][flwr][INFO] - Sampled the following clients: ['18', '62', '29', '0', '45', '56', '26', '93', '96', '76', '83', '92', '99', '54', '43', '3', '84', '27', '37', '59']
[2024-03-24 13:05:31,887][flwr][DEBUG] - fit_round 1: strategy sampled 20 clients (out of 100)
[2024-03-24 13:06:36,619][flwr][DEBUG] - fit_round 1 received 20 results and 0 failures
[2024-03-24 13:06:39,537][flwr][INFO] - fit progress: (1, 0.16420207419991492, {'test_accuracy': 0.6203}, 67.64977679098956)
[2024-03-24 13:06:39,537][flwr][INFO] - Sampled the following clients: ['41', '72', '1', '61', '47', '80', '99', '97', '54', '10', '58', '93', '89', '30', '23', '14', '31', '68', '96', '66']
[2024-03-24 13:06:39,537][flwr][DEBUG] - evaluate_round 1: strategy sampled 20 clients (out of 100)
[2024-03-24 13:06:40,094][flwr][DEBUG] - evaluate_round 1 received 20 results and 0 failures
[2024-03-24 13:06:40,108][flwr][INFO] - Sampled the following clients: ['0', '59', '24', '71', '20', '33', '69', '36', '73', '9', '61', '14', '37', '84', '42', '27', '79', '31', '46', '53']
[2024-03-24 13:06:40,108][flwr][DEBUG] - fit_round 2: strategy sampled 20 clients (out of 100)
[2024-03-24 13:07:44,687][flwr][DEBUG] - fit_round 2 received 20 results and 0 failures
[2024-03-24 13:07:47,682][flwr][INFO] - fit progress: (2, 0.09728742031157017, {'test_accuracy': 0.7028}, 135.7951042081695)
[2024-03-24 13:07:47,682][flwr][INFO] - Sampled the following clients: ['18', '80', '54', '3', '75', '57', '0', '27', '22', '23', '99', '78', '37', '2', '51', '55', '58', '4', '44', '74']
[2024-03-24 13:07:47,682][flwr][DEBUG] - evaluate_round 2: strategy sampled 20 clients (out of 100)
[2024-03-24 13:07:48,218][flwr][DEBUG] - evaluate_round 2 received 20 results and 0 failures
[2024-03-24 13:07:48,229][flwr][INFO] - Sampled the following clients: ['40', '96', '0', '76', '54', '73', '31', '66', '72', '32', '74', '12', '75', '55', '15', '83', '56', '19', '9', '90']
[2024-03-24 13:07:48,229][flwr][DEBUG] - fit_round 3: strategy sampled 20 clients (out of 100)
[2024-03-24 13:08:53,832][flwr][DEBUG] - fit_round 3 received 20 results and 0 failures
[2024-03-24 13:08:56,829][flwr][INFO] - fit progress: (3, 0.08189434052035212, {'test_accuracy': 0.7564}, 204.9420083751902)
[2024-03-24 13:08:56,829][flwr][INFO] - Sampled the following clients: ['21', '94', '43', '95', '75', '77', '53', '41', '11', '67', '28', '84', '7', '57', '4', '91', '6', '76', '2', '25']
[2024-03-24 13:08:56,829][flwr][DEBUG] - evaluate_round 3: strategy sampled 20 clients (out of 100)
[2024-03-24 13:08:57,319][flwr][DEBUG] - evaluate_round 3 received 20 results and 0 failures
[2024-03-24 13:08:57,333][flwr][INFO] - Sampled the following clients: ['96', '98', '53', '49', '10', '18', '42', '63', '37', '88', '94', '81', '31', '56', '74', '50', '86', '25', '15', '28']
[2024-03-24 13:08:57,333][flwr][DEBUG] - fit_round 4: strategy sampled 20 clients (out of 100)
[2024-03-24 13:10:01,099][flwr][DEBUG] - fit_round 4 received 20 results and 0 failures
[2024-03-24 13:10:04,390][flwr][INFO] - fit progress: (4, 0.07408592313602566, {'test_accuracy': 0.7795}, 272.5035212910734)
[2024-03-24 13:10:04,390][flwr][INFO] - Sampled the following clients: ['36', '62', '92', '38', '75', '54', '45', '8', '26', '7', '91', '63', '43', '52', '66', '10', '83', '60', '55', '21']
[2024-03-24 13:10:04,390][flwr][DEBUG] - evaluate_round 4: strategy sampled 20 clients (out of 100)
[2024-03-24 13:10:04,923][flwr][DEBUG] - evaluate_round 4 received 20 results and 0 failures
[2024-03-24 13:10:04,933][flwr][INFO] - Sampled the following clients: ['3', '38', '10', '6', '91', '66', '41', '36', '94', '40', '8', '35', '69', '79', '27', '64', '65', '70', '59', '20']
[2024-03-24 13:10:04,933][flwr][DEBUG] - fit_round 5: strategy sampled 20 clients (out of 100)
[2024-03-24 13:11:09,279][flwr][DEBUG] - fit_round 5 received 20 results and 0 failures
[2024-03-24 13:11:12,188][flwr][INFO] - fit progress: (5, 0.06892378441505134, {'test_accuracy': 0.7981}, 340.3013099161908)
[2024-03-24 13:11:12,188][flwr][INFO] - Sampled the following clients: ['18', '81', '51', '75', '11', '66', '76', '39', '10', '89', '96', '57', '79', '50', '40', '90', '45', '46', '31', '61']
[2024-03-24 13:11:12,188][flwr][DEBUG] - evaluate_round 5: strategy sampled 20 clients (out of 100)
[2024-03-24 13:11:12,673][flwr][DEBUG] - evaluate_round 5 received 20 results and 0 failures
[2024-03-24 13:11:12,688][flwr][INFO] - FL finished in 340.8015430001542
[2024-03-24 13:11:12,698][flwr][INFO] - app_fit: losses_distributed [(1, 0.18157670417608407), (2, 0.09978600895758402), (3, 0.08718013228229779), (4, 0.07559435469547038), (5, 0.06968932757409534)]
[2024-03-24 13:11:12,698][flwr][INFO] - app_fit: metrics_distributed_fit {'train_loss': [(1, 0.3158897661588224), (2, 0.22266369719966245), (3, 0.1696549499602063), (4, 0.1602783379811609), (5, 0.1370104214256718)], 'train_accuracy': [(1, 0.5763986835919135), (2, 0.6850919740093346), (3, 0.755054286783976), (4, 0.7701096043098644), (5, 0.7946722812156719)]}
[2024-03-24 13:11:12,699][flwr][INFO] - app_fit: metrics_distributed {'test_accuracy': [(1, 0.6018755328218244), (2, 0.6940677966101695), (3, 0.74748322147651), (4, 0.7909940526762956), (5, 0.8050632911392405)]}
[2024-03-24 13:11:12,699][flwr][INFO] - app_fit: losses_centralized [(0, 0.28744675827026367), (1, 0.16420207419991492), (2, 0.09728742031157017), (3, 0.08189434052035212), (4, 0.07408592313602566), (5, 0.06892378441505134)]
[2024-03-24 13:11:12,699][flwr][INFO] - app_fit: metrics_centralized {'test_accuracy': [(0, 0.0948), (1, 0.6203), (2, 0.7028), (3, 0.7564), (4, 0.7795), (5, 0.7981)]}
[2024-03-24 13:11:14,406][flwr][INFO] - Cleaned up ray temp session: /tmp/ray/session_2024-03-24_13-05-25_406330_77013 with size: 911661850624
[2024-03-24 13:11:14,406][flwr][INFO] - Saving ['yaml', 'log', 'wandb']
[2024-03-24 13:11:14,409][flwr][INFO] - Post-cleaning ['history', 'parameters', 'yaml', 'log', 'rng', 'history']
