[2024-03-22 12:34:51,292][flwr][INFO] - working_dir: null
to_save_once:
- yaml
- log
- wandb
to_save_per_round:
- parameters
- rng
- history
save_frequency: 1
to_restore: []
to_clean_once:
- history
- parameters
- yaml
- log
- rng
- history
use_wandb: false
debug_clients:
  all: false
  one: true
wandb_resume: false
wandb_id: null
wandb:
  setup:
    project: template
    tags:
    - strategy_${strategy.name}
    - seed_${fed.seed}
    entity: null
    mode: online
ray_address: null
ray_redis_password: null
ray_node_ip_address: null
file_limit: 250
task:
  model_and_data: CIFAR10_CNN
  train_structure: CIFAR10
  fit_config:
    net_config: {}
    dataloader_config:
      batch_size: 4
    run_config:
      epochs: 1
      learning_rate: 0.01
      optimizer: block_mc
    extra: {}
  eval_config:
    net_config: {}
    dataloader_config:
      batch_size: 8
    run_config: {}
    extra: {}
  fed_test_config:
    net_config: {}
    dataloader_config:
      batch_size: 8
    run_config: {}
    extra: {}
  net_config_initial_parameters: {}
  fit_metrics:
  - train_loss
  - train_accuracy
  evaluate_metrics:
  - test_accuracy
fed:
  num_rounds: 25
  num_total_clients: 100
  num_clients_per_round: 20
  num_evaluate_clients_per_round: 20
  enable_resampling: false
  cpus_per_client: 2
  gpus_per_client: 0
  seed: 1337
  load_saved_state: true
  server_round: null
  parameters_folder: null
  rng_folder: null
  history_folder: null
strategy:
  name: FedAvg
  init:
    _target_: flwr.server.strategy.FedAvg
dataset:
  dataset_dir: ./data/cifar10/data
  partition_dir: ./data/cifar10/partition
  num_clients: 100
  val_ratio: 0.1
  seed: 1337
  iid: false
  power_law: false
  balance: false
  lda: true
  alpha: 1.0

[2024-03-22 12:34:51,313][flwr][INFO] - Wandb run initialized with False
[2024-03-22 12:34:51,313][flwr][INFO] - Pre-cleaning ['history', 'parameters', 'yaml', 'log', 'rng', 'history']
[2024-03-22 12:34:51,313][flwr][INFO] - Loading parameters failed from: /Users/grantwilkins/fl-final-proj/outputs/2024-03-22/12-34-51/results/state/parameters/parameters_0.bin
[2024-03-22 12:34:51,313][flwr][INFO] - Generating initial parameters with config: {}
[2024-03-22 12:34:51,313][flwr][INFO] - Generating initial parameters with config: {}
[2024-03-22 12:34:51,336][flwr][INFO] - Using RNG seed: 1337
[2024-03-22 12:35:47,877][flwr][INFO] - Fit debug fit: [427, {'train_loss': 0.5139185131573286, 'train_accuracy': 0.42857142857142855}]  and eval: (0.2941418657911585, 47, {'test_accuracy': 0.02127659574468085})
[2024-03-22 12:35:47,878][flwr][INFO] - Starting Flower simulation, config: ServerConfig(num_rounds=25, round_timeout=None)
[2024-03-22 12:35:50,617][flwr][INFO] - Flower VCE: Ray initialized with resources: {'memory': 19983007744.0, 'node:__internal_head__': 1.0, 'node:127.0.0.1': 1.0, 'object_store_memory': 2147483648.0, 'CPU': 10.0}
[2024-03-22 12:35:50,617][flwr][INFO] - Optimize your simulation with Flower VCE: https://flower.dev/docs/framework/how-to-run-simulations.html
[2024-03-22 12:35:50,617][flwr][INFO] - Flower VCE: Resources for each Virtual Client: {'num_cpus': 2, 'num_gpus': 0.0}
[2024-03-22 12:35:50,626][flwr][INFO] - Flower VCE: Creating VirtualClientEngineActorPool with 5 actors
[2024-03-22 12:35:50,626][flwr][INFO] - Initializing global parameters
[2024-03-22 12:35:50,626][flwr][INFO] - Using initial parameters provided by strategy
[2024-03-22 12:35:50,627][flwr][INFO] - Evaluating initial parameters
[2024-03-22 12:35:58,070][flwr][INFO] - initial parameters (loss, other metrics): 0.2878586367368698, {'test_accuracy': 0.1}
[2024-03-22 12:35:58,091][flwr][INFO] - FL starting
[2024-03-22 12:35:58,091][flwr][INFO] - Sampled the following clients: ['18', '62', '29', '0', '45', '56', '26', '93', '96', '76', '83', '92', '99', '54', '43', '3', '84', '27', '37', '59']
[2024-03-22 12:35:58,091][flwr][DEBUG] - fit_round 1: strategy sampled 20 clients (out of 100)
[2024-03-22 12:45:36,083][flwr][DEBUG] - fit_round 1 received 20 results and 0 failures
[2024-03-22 12:45:43,110][flwr][INFO] - fit progress: (1, 0.28833539304733274, {'test_accuracy': 0.1}, 585.0311842919327)
[2024-03-22 12:45:43,110][flwr][INFO] - Sampled the following clients: ['41', '72', '1', '61', '47', '80', '99', '97', '54', '10', '58', '93', '89', '30', '23', '14', '31', '68', '96', '66']
[2024-03-22 12:45:43,111][flwr][DEBUG] - evaluate_round 1: strategy sampled 20 clients (out of 100)
[2024-03-22 12:45:47,280][flwr][DEBUG] - evaluate_round 1 received 20 results and 0 failures
[2024-03-22 12:45:47,330][flwr][INFO] - Sampled the following clients: ['0', '59', '24', '71', '20', '33', '69', '36', '73', '9', '61', '14', '37', '84', '42', '27', '79', '31', '46', '53']
[2024-03-22 12:45:47,330][flwr][DEBUG] - fit_round 2: strategy sampled 20 clients (out of 100)
[2024-03-22 12:55:40,186][flwr][DEBUG] - fit_round 2 received 20 results and 0 failures
[2024-03-22 12:55:47,228][flwr][INFO] - fit progress: (2, 0.2883557037353516, {'test_accuracy': 0.1}, 1189.161184208002)
[2024-03-22 12:55:47,228][flwr][INFO] - Sampled the following clients: ['18', '80', '54', '3', '75', '57', '0', '27', '22', '23', '99', '78', '37', '2', '51', '55', '58', '4', '44', '74']
[2024-03-22 12:55:47,228][flwr][DEBUG] - evaluate_round 2: strategy sampled 20 clients (out of 100)
[2024-03-22 12:55:51,988][flwr][DEBUG] - evaluate_round 2 received 20 results and 0 failures
[2024-03-22 12:55:52,067][flwr][INFO] - Sampled the following clients: ['40', '96', '0', '76', '54', '73', '31', '66', '72', '32', '74', '12', '75', '55', '15', '83', '56', '19', '9', '90']
[2024-03-22 12:55:52,067][flwr][DEBUG] - fit_round 3: strategy sampled 20 clients (out of 100)
[2024-03-22 13:05:32,239][flwr][DEBUG] - fit_round 3 received 20 results and 0 failures
[2024-03-22 13:05:41,921][flwr][INFO] - fit progress: (3, 0.28813852417469027, {'test_accuracy': 0.1}, 1783.8659886249807)
[2024-03-22 13:05:41,922][flwr][INFO] - Sampled the following clients: ['21', '94', '43', '95', '75', '77', '53', '41', '11', '67', '28', '84', '7', '57', '4', '91', '6', '76', '2', '25']
[2024-03-22 13:05:41,922][flwr][DEBUG] - evaluate_round 3: strategy sampled 20 clients (out of 100)
[2024-03-22 13:05:46,291][flwr][DEBUG] - evaluate_round 3 received 20 results and 0 failures
[2024-03-22 13:05:46,367][flwr][INFO] - Sampled the following clients: ['96', '98', '53', '49', '10', '18', '42', '63', '37', '88', '94', '81', '31', '56', '74', '50', '86', '25', '15', '28']
[2024-03-22 13:05:46,367][flwr][DEBUG] - fit_round 4: strategy sampled 20 clients (out of 100)
[2024-03-22 13:16:06,806][flwr][DEBUG] - fit_round 4 received 20 results and 0 failures
[2024-03-22 13:16:15,746][flwr][INFO] - fit progress: (4, 0.2881303465127945, {'test_accuracy': 0.1}, 2417.527253750013)
[2024-03-22 13:16:15,746][flwr][INFO] - Sampled the following clients: ['36', '62', '92', '38', '75', '54', '45', '8', '26', '7', '91', '63', '43', '52', '66', '10', '83', '60', '55', '21']
[2024-03-22 13:16:15,746][flwr][DEBUG] - evaluate_round 4: strategy sampled 20 clients (out of 100)
[2024-03-22 13:16:21,489][flwr][DEBUG] - evaluate_round 4 received 20 results and 0 failures
[2024-03-22 13:16:21,562][flwr][INFO] - Sampled the following clients: ['3', '38', '10', '6', '91', '66', '41', '36', '94', '40', '8', '35', '69', '79', '27', '64', '65', '70', '59', '20']
[2024-03-22 13:16:21,562][flwr][DEBUG] - fit_round 5: strategy sampled 20 clients (out of 100)
[2024-03-22 13:26:56,881][flwr][DEBUG] - fit_round 5 received 20 results and 0 failures
[2024-03-22 13:27:06,491][flwr][INFO] - fit progress: (5, 0.2885070403814316, {'test_accuracy': 0.1}, 3068.2580008329824)
[2024-03-22 13:27:06,491][flwr][INFO] - Sampled the following clients: ['18', '81', '51', '75', '11', '66', '76', '39', '10', '89', '96', '57', '79', '50', '40', '90', '45', '46', '31', '61']
[2024-03-22 13:27:06,491][flwr][DEBUG] - evaluate_round 5: strategy sampled 20 clients (out of 100)
[2024-03-22 13:27:12,098][flwr][DEBUG] - evaluate_round 5 received 20 results and 0 failures
[2024-03-22 13:27:12,185][flwr][INFO] - Sampled the following clients: ['53', '40', '33', '94', '26', '41', '52', '3', '31', '69', '76', '81', '27', '71', '18', '91', '2', '44', '11', '84']
[2024-03-22 13:27:12,185][flwr][DEBUG] - fit_round 6: strategy sampled 20 clients (out of 100)
[2024-03-22 13:37:39,311][flwr][DEBUG] - fit_round 6 received 20 results and 0 failures
[2024-03-22 13:37:48,362][flwr][INFO] - fit progress: (6, 0.28837974445819853, {'test_accuracy': 0.1}, 3710.1144873329904)
[2024-03-22 13:37:48,362][flwr][INFO] - Sampled the following clients: ['40', '30', '61', '48', '49', '90', '2', '85', '27', '65', '80', '12', '74', '47', '39', '69', '63', '86', '87', '66']
[2024-03-22 13:37:48,362][flwr][DEBUG] - evaluate_round 6: strategy sampled 20 clients (out of 100)
[2024-03-22 13:37:53,428][flwr][DEBUG] - evaluate_round 6 received 20 results and 0 failures
[2024-03-22 13:37:53,508][flwr][INFO] - Sampled the following clients: ['63', '74', '14', '11', '58', '76', '92', '62', '73', '22', '65', '91', '47', '71', '56', '10', '40', '17', '33', '34']
[2024-03-22 13:37:53,508][flwr][DEBUG] - fit_round 7: strategy sampled 20 clients (out of 100)
[2024-03-22 13:48:22,658][flwr][DEBUG] - fit_round 7 received 20 results and 0 failures
[2024-03-22 13:48:31,699][flwr][INFO] - fit progress: (7, 0.28858932950496674, {'test_accuracy': 0.1}, 4353.43602683302)
[2024-03-22 13:48:31,699][flwr][INFO] - Sampled the following clients: ['9', '28', '80', '42', '19', '82', '17', '84', '43', '69', '56', '15', '63', '81', '6', '64', '10', '68', '89', '12']
[2024-03-22 13:48:31,699][flwr][DEBUG] - evaluate_round 7: strategy sampled 20 clients (out of 100)
[2024-03-22 13:48:36,462][flwr][DEBUG] - evaluate_round 7 received 20 results and 0 failures
[2024-03-22 13:48:36,536][flwr][INFO] - Sampled the following clients: ['26', '65', '22', '82', '73', '93', '50', '48', '76', '3', '11', '51', '79', '90', '96', '2', '86', '25', '19', '13']
[2024-03-22 13:48:36,536][flwr][DEBUG] - fit_round 8: strategy sampled 20 clients (out of 100)
[2024-03-22 13:59:30,773][flwr][DEBUG] - fit_round 8 received 20 results and 0 failures
[2024-03-22 13:59:39,989][flwr][INFO] - fit progress: (8, 0.2884364636182785, {'test_accuracy': 0.1}, 5021.711412166944)
[2024-03-22 13:59:39,990][flwr][INFO] - Sampled the following clients: ['53', '17', '91', '18', '86', '0', '30', '80', '22', '81', '76', '61', '52', '55', '96', '68', '54', '28', '92', '64']
[2024-03-22 13:59:39,990][flwr][DEBUG] - evaluate_round 8: strategy sampled 20 clients (out of 100)
[2024-03-22 13:59:45,051][flwr][DEBUG] - evaluate_round 8 received 20 results and 0 failures
[2024-03-22 13:59:45,123][flwr][INFO] - Sampled the following clients: ['9', '90', '34', '35', '37', '31', '17', '5', '26', '19', '83', '11', '18', '8', '77', '84', '29', '3', '56', '72']
[2024-03-22 13:59:45,123][flwr][DEBUG] - fit_round 9: strategy sampled 20 clients (out of 100)
[2024-03-22 14:10:27,877][flwr][DEBUG] - fit_round 9 received 20 results and 0 failures
[2024-03-22 14:10:37,364][flwr][INFO] - fit progress: (9, 0.2883117805480957, {'test_accuracy': 0.1}, 5679.071275624912)
[2024-03-22 14:10:37,366][flwr][INFO] - Sampled the following clients: ['99', '24', '66', '35', '3', '1', '50', '67', '13', '97', '76', '4', '75', '53', '87', '61', '98', '31', '45', '44']
[2024-03-22 14:10:37,366][flwr][DEBUG] - evaluate_round 9: strategy sampled 20 clients (out of 100)
[2024-03-22 14:10:42,708][flwr][DEBUG] - evaluate_round 9 received 20 results and 0 failures
[2024-03-22 14:10:42,775][flwr][INFO] - Sampled the following clients: ['96', '46', '99', '31', '33', '10', '4', '5', '69', '20', '60', '52', '95', '15', '47', '66', '61', '90', '85', '12']
[2024-03-22 14:10:42,775][flwr][DEBUG] - fit_round 10: strategy sampled 20 clients (out of 100)
[2024-03-22 14:21:03,179][flwr][DEBUG] - fit_round 10 received 20 results and 0 failures
[2024-03-22 14:21:12,645][flwr][INFO] - fit progress: (10, 0.2885292760133743, {'test_accuracy': 0.1}, 6314.412267250009)
[2024-03-22 14:21:12,646][flwr][INFO] - Sampled the following clients: ['26', '40', '28', '34', '68', '46', '42', '73', '93', '84', '61', '72', '10', '78', '94', '33', '4', '11', '70', '24']
[2024-03-22 14:21:12,646][flwr][DEBUG] - evaluate_round 10: strategy sampled 20 clients (out of 100)
[2024-03-22 14:21:17,838][flwr][DEBUG] - evaluate_round 10 received 20 results and 0 failures
[2024-03-22 14:21:17,901][flwr][INFO] - Sampled the following clients: ['80', '18', '11', '61', '25', '0', '85', '30', '19', '14', '53', '90', '43', '29', '33', '36', '81', '99', '58', '5']
[2024-03-22 14:21:17,901][flwr][DEBUG] - fit_round 11: strategy sampled 20 clients (out of 100)
[2024-03-22 14:31:52,423][flwr][DEBUG] - fit_round 11 received 20 results and 0 failures
[2024-03-22 14:32:01,748][flwr][INFO] - fit progress: (11, 0.28879350328445436, {'test_accuracy': 0.1}, 6963.518258499913)
[2024-03-22 14:32:01,750][flwr][INFO] - Sampled the following clients: ['14', '79', '10', '1', '85', '92', '80', '48', '61', '50', '25', '45', '43', '7', '15', '33', '98', '75', '97', '47']
[2024-03-22 14:32:01,750][flwr][DEBUG] - evaluate_round 11: strategy sampled 20 clients (out of 100)
[2024-03-22 14:32:07,111][flwr][DEBUG] - evaluate_round 11 received 20 results and 0 failures
[2024-03-22 14:32:07,177][flwr][INFO] - Sampled the following clients: ['41', '75', '57', '14', '91', '99', '52', '16', '44', '24', '95', '23', '80', '27', '92', '35', '55', '94', '31', '69']
[2024-03-22 14:32:07,177][flwr][DEBUG] - fit_round 12: strategy sampled 20 clients (out of 100)
[2024-03-22 14:44:21,159][flwr][DEBUG] - fit_round 12 received 20 results and 0 failures
[2024-03-22 14:44:30,528][flwr][INFO] - fit progress: (12, 0.2883487053871155, {'test_accuracy': 0.1}, 7712.300625249976)
[2024-03-22 14:44:30,531][flwr][INFO] - Sampled the following clients: ['27', '32', '70', '96', '74', '37', '52', '39', '82', '23', '66', '7', '38', '24', '26', '79', '36', '51', '8', '58']
[2024-03-22 14:44:30,531][flwr][DEBUG] - evaluate_round 12: strategy sampled 20 clients (out of 100)
[2024-03-22 14:44:35,738][flwr][DEBUG] - evaluate_round 12 received 20 results and 0 failures
[2024-03-22 14:44:35,801][flwr][INFO] - Sampled the following clients: ['31', '22', '18', '50', '54', '26', '58', '3', '27', '2', '91', '63', '68', '87', '4', '33', '6', '42', '34', '45']
[2024-03-22 14:44:35,801][flwr][DEBUG] - fit_round 13: strategy sampled 20 clients (out of 100)
[2024-03-22 14:58:32,644][flwr][DEBUG] - fit_round 13 received 20 results and 0 failures
[2024-03-22 14:58:40,752][flwr][INFO] - fit progress: (13, 0.2882121938467026, {'test_accuracy': 0.1}, 8562.477265374968)
[2024-03-22 14:58:40,753][flwr][INFO] - Sampled the following clients: ['21', '33', '98', '74', '92', '2', '14', '9', '67', '87', '89', '76', '32', '40', '52', '71', '75', '6', '11', '86']
[2024-03-22 14:58:40,753][flwr][DEBUG] - evaluate_round 13: strategy sampled 20 clients (out of 100)
[2024-03-22 14:58:46,149][flwr][DEBUG] - evaluate_round 13 received 20 results and 0 failures
[2024-03-22 14:58:46,220][flwr][INFO] - Sampled the following clients: ['45', '67', '28', '80', '9', '73', '94', '92', '11', '59', '61', '78', '18', '41', '64', '4', '1', '55', '57', '85']
[2024-03-22 14:58:46,220][flwr][DEBUG] - fit_round 14: strategy sampled 20 clients (out of 100)
[2024-03-22 15:14:08,632][flwr][DEBUG] - fit_round 14 received 20 results and 0 failures
[2024-03-22 15:14:18,639][flwr][INFO] - fit progress: (14, 0.28877757618427274, {'test_accuracy': 0.1}, 9500.35011379188)
[2024-03-22 15:14:18,643][flwr][INFO] - Sampled the following clients: ['66', '63', '38', '1', '49', '64', '88', '36', '51', '50', '18', '73', '56', '35', '99', '11', '44', '26', '4', '53']
[2024-03-22 15:14:18,643][flwr][DEBUG] - evaluate_round 14: strategy sampled 20 clients (out of 100)
[2024-03-22 15:14:23,926][flwr][DEBUG] - evaluate_round 14 received 20 results and 0 failures
[2024-03-22 15:14:24,017][flwr][INFO] - Sampled the following clients: ['81', '77', '91', '7', '30', '98', '69', '55', '1', '17', '73', '59', '9', '97', '2', '65', '38', '24', '6', '64']
[2024-03-22 15:14:24,017][flwr][DEBUG] - fit_round 15: strategy sampled 20 clients (out of 100)
[2024-03-22 15:29:11,859][flwr][DEBUG] - fit_round 15 received 20 results and 0 failures
[2024-03-22 15:29:21,186][flwr][INFO] - fit progress: (15, 0.2885819000720978, {'test_accuracy': 0.1}, 10402.906443167012)
[2024-03-22 15:29:21,188][flwr][INFO] - Sampled the following clients: ['22', '29', '58', '6', '55', '69', '75', '72', '19', '17', '98', '76', '28', '67', '97', '25', '82', '31', '18', '52']
[2024-03-22 15:29:21,188][flwr][DEBUG] - evaluate_round 15: strategy sampled 20 clients (out of 100)
[2024-03-22 15:29:26,311][flwr][DEBUG] - evaluate_round 15 received 20 results and 0 failures
[2024-03-22 15:29:26,395][flwr][INFO] - Sampled the following clients: ['98', '8', '0', '77', '49', '40', '13', '33', '67', '34', '91', '54', '96', '82', '7', '60', '10', '97', '42', '83']
[2024-03-22 15:29:26,395][flwr][DEBUG] - fit_round 16: strategy sampled 20 clients (out of 100)
[2024-03-22 15:47:38,586][flwr][DEBUG] - fit_round 16 received 20 results and 0 failures
[2024-03-22 15:47:48,360][flwr][INFO] - fit progress: (16, 0.288622558927536, {'test_accuracy': 0.1}, 11510.073128291871)
[2024-03-22 15:47:48,361][flwr][INFO] - Sampled the following clients: ['31', '79', '78', '41', '89', '22', '94', '72', '76', '68', '75', '34', '87', '13', '39', '96', '25', '64', '69', '40']
[2024-03-22 15:47:48,361][flwr][DEBUG] - evaluate_round 16: strategy sampled 20 clients (out of 100)
[2024-03-22 15:47:53,482][flwr][DEBUG] - evaluate_round 16 received 20 results and 0 failures
[2024-03-22 15:47:53,572][flwr][INFO] - Sampled the following clients: ['43', '99', '52', '16', '65', '90', '33', '86', '37', '13', '74', '11', '88', '14', '59', '97', '3', '22', '47', '1']
[2024-03-22 15:47:53,572][flwr][DEBUG] - fit_round 17: strategy sampled 20 clients (out of 100)
[2024-03-22 16:16:13,978][flwr][DEBUG] - fit_round 17 received 20 results and 0 failures
[2024-03-22 16:16:23,463][flwr][INFO] - fit progress: (17, 0.2884817275285721, {'test_accuracy': 0.1}, 12783.061976667028)
[2024-03-22 16:16:23,467][flwr][INFO] - Sampled the following clients: ['4', '86', '47', '48', '13', '14', '62', '94', '7', '38', '53', '95', '59', '1', '8', '27', '19', '29', '78', '41']
[2024-03-22 16:16:23,467][flwr][DEBUG] - evaluate_round 17: strategy sampled 20 clients (out of 100)
[2024-03-22 16:16:28,660][flwr][DEBUG] - evaluate_round 17 received 20 results and 0 failures
[2024-03-22 16:16:28,746][flwr][INFO] - Sampled the following clients: ['15', '59', '14', '63', '45', '24', '18', '87', '51', '70', '81', '13', '6', '55', '74', '17', '50', '48', '96', '16']
[2024-03-22 16:16:28,746][flwr][DEBUG] - fit_round 18: strategy sampled 20 clients (out of 100)
[2024-03-22 16:36:25,496][flwr][DEBUG] - fit_round 18 received 20 results and 0 failures
[2024-03-22 16:36:41,586][flwr][INFO] - fit progress: (18, 0.2880928321838379, {'test_accuracy': 0.1}, 13993.76640274981)
[2024-03-22 16:36:41,588][flwr][INFO] - Sampled the following clients: ['22', '64', '81', '52', '47', '10', '96', '98', '34', '44', '7', '57', '62', '31', '14', '54', '90', '43', '37', '1']
[2024-03-22 16:36:41,588][flwr][DEBUG] - evaluate_round 18: strategy sampled 20 clients (out of 100)
[2024-03-22 16:37:56,242][flwr][DEBUG] - evaluate_round 18 received 20 results and 0 failures
[2024-03-22 16:37:56,316][flwr][INFO] - Sampled the following clients: ['10', '22', '16', '91', '66', '86', '77', '36', '59', '78', '83', '72', '47', '12', '40', '29', '52', '58', '65', '51']
[2024-03-22 16:37:56,316][flwr][DEBUG] - fit_round 19: strategy sampled 20 clients (out of 100)
[2024-03-22 20:33:54,760][flwr][DEBUG] - fit_round 19 received 20 results and 0 failures
[2024-03-22 20:36:05,295][flwr][INFO] - fit progress: (19, 0.2884814980983734, {'test_accuracy': 0.1}, 15315.737806541845)
[2024-03-22 20:36:05,295][flwr][INFO] - Sampled the following clients: ['80', '46', '34', '40', '81', '49', '66', '79', '62', '29', '51', '38', '90', '85', '59', '8', '17', '10', '27', '87']
[2024-03-22 20:36:05,295][flwr][DEBUG] - evaluate_round 19: strategy sampled 20 clients (out of 100)
[2024-03-22 20:38:33,441][flwr][DEBUG] - evaluate_round 19 received 20 results and 0 failures
[2024-03-22 20:38:33,511][flwr][INFO] - Sampled the following clients: ['3', '65', '59', '57', '35', '33', '26', '96', '69', '87', '5', '1', '76', '56', '24', '58', '47', '62', '49', '9']
[2024-03-22 20:38:33,511][flwr][DEBUG] - fit_round 20: strategy sampled 20 clients (out of 100)
[2024-03-23 02:05:32,740][flwr][DEBUG] - fit_round 20 received 20 results and 0 failures
[2024-03-23 02:06:35,700][flwr][INFO] - fit progress: (20, 0.2887626448392868, {'test_accuracy': 0.1}, 16676.275558457943)
[2024-03-23 02:06:35,700][flwr][INFO] - Sampled the following clients: ['54', '72', '45', '62', '50', '19', '92', '75', '32', '95', '20', '93', '11', '15', '98', '24', '13', '9', '4', '87']
[2024-03-23 02:06:35,700][flwr][DEBUG] - evaluate_round 20: strategy sampled 20 clients (out of 100)
[2024-03-23 02:08:13,650][flwr][DEBUG] - evaluate_round 20 received 20 results and 0 failures
[2024-03-23 02:08:13,715][flwr][INFO] - Sampled the following clients: ['89', '9', '33', '36', '47', '52', '19', '96', '10', '16', '51', '37', '26', '2', '20', '98', '79', '63', '40', '31']
[2024-03-23 02:08:13,715][flwr][DEBUG] - fit_round 21: strategy sampled 20 clients (out of 100)
[2024-03-23 11:41:33,414][flwr][DEBUG] - fit_round 21 received 20 results and 0 failures
[2024-03-23 11:43:19,314][flwr][INFO] - fit progress: (21, 0.28841530475616456, {'test_accuracy': 0.1}, 18168.23121041688)
[2024-03-23 11:43:19,314][flwr][INFO] - Sampled the following clients: ['23', '55', '78', '82', '84', '32', '22', '15', '50', '93', '89', '69', '43', '34', '98', '37', '60', '67', '79', '40']
[2024-03-23 11:43:19,314][flwr][DEBUG] - evaluate_round 21: strategy sampled 20 clients (out of 100)
[2024-03-23 11:53:24,177][flwr][DEBUG] - evaluate_round 21 received 20 results and 0 failures
[2024-03-23 11:53:24,263][flwr][INFO] - Sampled the following clients: ['8', '82', '48', '27', '33', '75', '7', '16', '67', '53', '14', '12', '4', '22', '61', '84', '42', '59', '17', '56']
[2024-03-23 11:53:24,263][flwr][DEBUG] - fit_round 22: strategy sampled 20 clients (out of 100)
