[2024-03-17 11:10:55,060][flwr][INFO] - working_dir: null
to_save_once:
- yaml
- log
- wandb
to_save_per_round:
- parameters
- rng
- history
save_frequency: 1
to_restore: []
to_clean_once:
- history
- parameters
- yaml
- log
- rng
- history
use_wandb: false
debug_clients:
  all: false
  one: true
wandb_resume: false
wandb_id: null
wandb:
  setup:
    project: template
    tags:
    - strategy_${strategy.name}
    - seed_${fed.seed}
    entity: null
    mode: online
ray_address: null
ray_redis_password: null
ray_node_ip_address: null
file_limit: 250
task:
  model_and_data: CIFAR10_RESNET18
  train_structure: CIFAR10
  fit_config:
    net_config: {}
    dataloader_config:
      batch_size: 4
    run_config:
      epochs: 5
      learning_rate: 0.001
      optimizer: adam
    extra: {}
  eval_config:
    net_config: {}
    dataloader_config:
      batch_size: 8
    run_config: {}
    extra: {}
  fed_test_config:
    net_config: {}
    dataloader_config:
      batch_size: 8
    run_config: {}
    extra: {}
  net_config_initial_parameters: {}
  fit_metrics:
  - train_loss
  - train_accuracy
  evaluate_metrics:
  - test_accuracy
fed:
  num_rounds: 50
  num_total_clients: 100
  num_clients_per_round: 20
  num_evaluate_clients_per_round: 20
  enable_resampling: false
  cpus_per_client: 2
  gpus_per_client: 0
  seed: 1337
  load_saved_state: true
  server_round: null
  parameters_folder: null
  rng_folder: null
  history_folder: null
strategy:
  name: FedAvg
  init:
    _target_: flwr.server.strategy.FedAvg
dataset:
  dataset_dir: ./data/cifar10/data
  partition_dir: ./data/cifar10/partition
  num_clients: 100
  val_ratio: 0.1
  seed: 1337
  iid: false
  power_law: false
  balance: false
  lda: true
  alpha: 100.0

[2024-03-17 11:10:55,080][flwr][INFO] - Wandb run initialized with False
[2024-03-17 11:10:55,080][flwr][INFO] - Pre-cleaning ['history', 'parameters', 'yaml', 'log', 'rng', 'history']
[2024-03-17 11:10:55,081][flwr][INFO] - Loading parameters failed from: /Users/grantwilkins/fl-final-proj/outputs/2024-03-17/11-10-55/results/state/parameters/parameters_0.bin
[2024-03-17 11:10:55,081][flwr][INFO] - Generating initial parameters with config: {}
[2024-03-17 11:10:55,081][flwr][INFO] - Generating initial parameters with config: {}
[2024-03-17 11:10:55,104][flwr][INFO] - Using RNG seed: 1337
[2024-03-17 11:11:26,091][flwr][INFO] - Fit debug fit: [446, {'train_loss': 0.5292589782064806, 'train_accuracy': 0.21524663677130046}]  and eval: (0.3298302037375314, 49, {'test_accuracy': 0.08163265306122448})
[2024-03-17 11:11:26,092][flwr][INFO] - Starting Flower simulation, config: ServerConfig(num_rounds=50, round_timeout=None)
[2024-03-17 11:11:28,741][flwr][INFO] - Flower VCE: Ray initialized with resources: {'memory': 20903206912.0, 'node:127.0.0.1': 1.0, 'node:__internal_head__': 1.0, 'CPU': 10.0, 'object_store_memory': 2147483648.0}
[2024-03-17 11:11:28,741][flwr][INFO] - Optimize your simulation with Flower VCE: https://flower.dev/docs/framework/how-to-run-simulations.html
[2024-03-17 11:11:28,741][flwr][INFO] - Flower VCE: Resources for each Virtual Client: {'num_cpus': 2, 'num_gpus': 0.0}
[2024-03-17 11:11:28,748][flwr][INFO] - Flower VCE: Creating VirtualClientEngineActorPool with 5 actors
[2024-03-17 11:11:28,752][flwr][INFO] - Initializing global parameters
[2024-03-17 11:11:28,752][flwr][INFO] - Using initial parameters provided by strategy
[2024-03-17 11:11:28,752][flwr][INFO] - Evaluating initial parameters
[2024-03-17 11:11:40,127][flwr][INFO] - initial parameters (loss, other metrics): 0.2876619910955429, {'test_accuracy': 0.0966}
[2024-03-17 11:11:40,162][flwr][INFO] - FL starting
[2024-03-17 11:11:40,162][flwr][INFO] - Sampled the following clients: ['18', '62', '29', '0', '45', '56', '26', '93', '96', '76', '83', '92', '99', '54', '43', '3', '84', '27', '37', '59']
[2024-03-17 11:11:40,162][flwr][DEBUG] - fit_round 1: strategy sampled 20 clients (out of 100)
[2024-03-17 11:16:03,774][flwr][DEBUG] - fit_round 1 received 20 results and 0 failures
[2024-03-17 11:16:15,657][flwr][INFO] - fit progress: (1, 0.28726382105350495, {'test_accuracy': 0.1}, 275.49435545899905)
[2024-03-17 11:16:15,657][flwr][INFO] - Sampled the following clients: ['41', '72', '1', '61', '47', '80', '99', '97', '54', '10', '58', '93', '89', '30', '23', '14', '31', '68', '96', '66']
[2024-03-17 11:16:15,658][flwr][DEBUG] - evaluate_round 1: strategy sampled 20 clients (out of 100)
[2024-03-17 11:16:18,798][flwr][DEBUG] - evaluate_round 1 received 20 results and 0 failures
[2024-03-17 11:16:18,873][flwr][INFO] - Sampled the following clients: ['0', '59', '24', '71', '20', '33', '69', '36', '73', '9', '61', '14', '37', '84', '42', '27', '79', '31', '46', '53']
[2024-03-17 11:16:18,873][flwr][DEBUG] - fit_round 2: strategy sampled 20 clients (out of 100)
[2024-03-17 11:20:55,674][flwr][DEBUG] - fit_round 2 received 20 results and 0 failures
[2024-03-17 11:21:07,394][flwr][INFO] - fit progress: (2, 0.2702098489046097, {'test_accuracy': 0.1661}, 567.2296409999253)
[2024-03-17 11:21:07,394][flwr][INFO] - Sampled the following clients: ['18', '80', '54', '3', '75', '57', '0', '27', '22', '23', '99', '78', '37', '2', '51', '55', '58', '4', '44', '74']
[2024-03-17 11:21:07,394][flwr][DEBUG] - evaluate_round 2: strategy sampled 20 clients (out of 100)
[2024-03-17 11:21:10,395][flwr][DEBUG] - evaluate_round 2 received 20 results and 0 failures
[2024-03-17 11:21:10,472][flwr][INFO] - Sampled the following clients: ['40', '96', '0', '76', '54', '73', '31', '66', '72', '32', '74', '12', '75', '55', '15', '83', '56', '19', '9', '90']
[2024-03-17 11:21:10,472][flwr][DEBUG] - fit_round 3: strategy sampled 20 clients (out of 100)
[2024-03-17 11:25:52,334][flwr][DEBUG] - fit_round 3 received 20 results and 0 failures
[2024-03-17 11:26:04,379][flwr][INFO] - fit progress: (3, 0.24630646320581437, {'test_accuracy': 0.1976}, 864.2140789169353)
[2024-03-17 11:26:04,379][flwr][INFO] - Sampled the following clients: ['21', '94', '43', '95', '75', '77', '53', '41', '11', '67', '28', '84', '7', '57', '4', '91', '6', '76', '2', '25']
[2024-03-17 11:26:04,379][flwr][DEBUG] - evaluate_round 3: strategy sampled 20 clients (out of 100)
[2024-03-17 11:26:07,459][flwr][DEBUG] - evaluate_round 3 received 20 results and 0 failures
[2024-03-17 11:26:07,539][flwr][INFO] - Sampled the following clients: ['96', '98', '53', '49', '10', '18', '42', '63', '37', '88', '94', '81', '31', '56', '74', '50', '86', '25', '15', '28']
[2024-03-17 11:26:07,539][flwr][DEBUG] - fit_round 4: strategy sampled 20 clients (out of 100)
[2024-03-17 11:30:16,906][flwr][DEBUG] - fit_round 4 received 20 results and 0 failures
[2024-03-17 11:30:28,868][flwr][INFO] - fit progress: (4, 0.23977306591272354, {'test_accuracy': 0.2177}, 1128.7021932089701)
[2024-03-17 11:30:28,868][flwr][INFO] - Sampled the following clients: ['36', '62', '92', '38', '75', '54', '45', '8', '26', '7', '91', '63', '43', '52', '66', '10', '83', '60', '55', '21']
[2024-03-17 11:30:28,868][flwr][DEBUG] - evaluate_round 4: strategy sampled 20 clients (out of 100)
[2024-03-17 11:30:31,868][flwr][DEBUG] - evaluate_round 4 received 20 results and 0 failures
[2024-03-17 11:30:31,964][flwr][INFO] - Sampled the following clients: ['3', '38', '10', '6', '91', '66', '41', '36', '94', '40', '8', '35', '69', '79', '27', '64', '65', '70', '59', '20']
[2024-03-17 11:30:31,964][flwr][DEBUG] - fit_round 5: strategy sampled 20 clients (out of 100)
[2024-03-17 11:35:16,236][flwr][DEBUG] - fit_round 5 received 20 results and 0 failures
[2024-03-17 11:35:28,249][flwr][INFO] - fit progress: (5, 0.23508537558317186, {'test_accuracy': 0.2509}, 1428.0824037089478)
[2024-03-17 11:35:28,249][flwr][INFO] - Sampled the following clients: ['18', '81', '51', '75', '11', '66', '76', '39', '10', '89', '96', '57', '79', '50', '40', '90', '45', '46', '31', '61']
[2024-03-17 11:35:28,249][flwr][DEBUG] - evaluate_round 5: strategy sampled 20 clients (out of 100)
[2024-03-17 11:35:31,246][flwr][DEBUG] - evaluate_round 5 received 20 results and 0 failures
[2024-03-17 11:35:31,340][flwr][INFO] - Sampled the following clients: ['53', '40', '33', '94', '26', '41', '52', '3', '31', '69', '76', '81', '27', '71', '18', '91', '2', '44', '11', '84']
[2024-03-17 11:35:31,340][flwr][DEBUG] - fit_round 6: strategy sampled 20 clients (out of 100)
[2024-03-17 11:40:32,010][flwr][DEBUG] - fit_round 6 received 20 results and 0 failures
[2024-03-17 11:40:44,190][flwr][INFO] - fit progress: (6, 0.2320090792775154, {'test_accuracy': 0.2554}, 1744.0225364589132)
[2024-03-17 11:40:44,191][flwr][INFO] - Sampled the following clients: ['40', '30', '61', '48', '49', '90', '2', '85', '27', '65', '80', '12', '74', '47', '39', '69', '63', '86', '87', '66']
[2024-03-17 11:40:44,191][flwr][DEBUG] - evaluate_round 6: strategy sampled 20 clients (out of 100)
[2024-03-17 11:40:47,308][flwr][DEBUG] - evaluate_round 6 received 20 results and 0 failures
[2024-03-17 11:40:47,405][flwr][INFO] - Sampled the following clients: ['63', '74', '14', '11', '58', '76', '92', '62', '73', '22', '65', '91', '47', '71', '56', '10', '40', '17', '33', '34']
[2024-03-17 11:40:47,405][flwr][DEBUG] - fit_round 7: strategy sampled 20 clients (out of 100)
[2024-03-17 11:44:56,082][flwr][DEBUG] - fit_round 7 received 20 results and 0 failures
[2024-03-17 11:45:08,344][flwr][INFO] - fit progress: (7, 0.22831216193437576, {'test_accuracy': 0.2697}, 2008.179309124942)
[2024-03-17 11:45:08,345][flwr][INFO] - Sampled the following clients: ['9', '28', '80', '42', '19', '82', '17', '84', '43', '69', '56', '15', '63', '81', '6', '64', '10', '68', '89', '12']
[2024-03-17 11:45:08,345][flwr][DEBUG] - evaluate_round 7: strategy sampled 20 clients (out of 100)
[2024-03-17 11:45:11,616][flwr][DEBUG] - evaluate_round 7 received 20 results and 0 failures
[2024-03-17 11:45:11,718][flwr][INFO] - Sampled the following clients: ['26', '65', '22', '82', '73', '93', '50', '48', '76', '3', '11', '51', '79', '90', '96', '2', '86', '25', '19', '13']
[2024-03-17 11:45:11,718][flwr][DEBUG] - fit_round 8: strategy sampled 20 clients (out of 100)
[2024-03-17 11:49:23,481][flwr][DEBUG] - fit_round 8 received 20 results and 0 failures
[2024-03-17 11:49:35,628][flwr][INFO] - fit progress: (8, 0.22547519824504852, {'test_accuracy': 0.2843}, 2275.4639250839828)
[2024-03-17 11:49:35,628][flwr][INFO] - Sampled the following clients: ['53', '17', '91', '18', '86', '0', '30', '80', '22', '81', '76', '61', '52', '55', '96', '68', '54', '28', '92', '64']
[2024-03-17 11:49:35,628][flwr][DEBUG] - evaluate_round 8: strategy sampled 20 clients (out of 100)
[2024-03-17 11:49:38,653][flwr][DEBUG] - evaluate_round 8 received 20 results and 0 failures
[2024-03-17 11:49:38,754][flwr][INFO] - Sampled the following clients: ['9', '90', '34', '35', '37', '31', '17', '5', '26', '19', '83', '11', '18', '8', '77', '84', '29', '3', '56', '72']
[2024-03-17 11:49:38,754][flwr][DEBUG] - fit_round 9: strategy sampled 20 clients (out of 100)
[2024-03-17 11:53:48,332][flwr][DEBUG] - fit_round 9 received 20 results and 0 failures
[2024-03-17 11:54:00,320][flwr][INFO] - fit progress: (9, 0.22176258527040482, {'test_accuracy': 0.2948}, 2540.1557683749124)
[2024-03-17 11:54:00,320][flwr][INFO] - Sampled the following clients: ['99', '24', '66', '35', '3', '1', '50', '67', '13', '97', '76', '4', '75', '53', '87', '61', '98', '31', '45', '44']
[2024-03-17 11:54:00,320][flwr][DEBUG] - evaluate_round 9: strategy sampled 20 clients (out of 100)
[2024-03-17 11:54:03,467][flwr][DEBUG] - evaluate_round 9 received 20 results and 0 failures
[2024-03-17 11:54:03,574][flwr][INFO] - Sampled the following clients: ['96', '46', '99', '31', '33', '10', '4', '5', '69', '20', '60', '52', '95', '15', '47', '66', '61', '90', '85', '12']
[2024-03-17 11:54:03,574][flwr][DEBUG] - fit_round 10: strategy sampled 20 clients (out of 100)
[2024-03-17 11:58:32,987][flwr][DEBUG] - fit_round 10 received 20 results and 0 failures
[2024-03-17 11:58:44,979][flwr][INFO] - fit progress: (10, 0.21977638385295867, {'test_accuracy': 0.306}, 2824.814903208986)
[2024-03-17 11:58:44,979][flwr][INFO] - Sampled the following clients: ['26', '40', '28', '34', '68', '46', '42', '73', '93', '84', '61', '72', '10', '78', '94', '33', '4', '11', '70', '24']
[2024-03-17 11:58:44,979][flwr][DEBUG] - evaluate_round 10: strategy sampled 20 clients (out of 100)
[2024-03-17 11:58:48,062][flwr][DEBUG] - evaluate_round 10 received 20 results and 0 failures
[2024-03-17 11:58:48,161][flwr][INFO] - Sampled the following clients: ['80', '18', '11', '61', '25', '0', '85', '30', '19', '14', '53', '90', '43', '29', '33', '36', '81', '99', '58', '5']
[2024-03-17 11:58:48,161][flwr][DEBUG] - fit_round 11: strategy sampled 20 clients (out of 100)
[2024-03-17 12:02:58,238][flwr][DEBUG] - fit_round 11 received 20 results and 0 failures
[2024-03-17 12:03:10,327][flwr][INFO] - fit progress: (11, 0.2160690011739731, {'test_accuracy': 0.3217}, 3090.162215874996)
[2024-03-17 12:03:10,327][flwr][INFO] - Sampled the following clients: ['14', '79', '10', '1', '85', '92', '80', '48', '61', '50', '25', '45', '43', '7', '15', '33', '98', '75', '97', '47']
[2024-03-17 12:03:10,327][flwr][DEBUG] - evaluate_round 11: strategy sampled 20 clients (out of 100)
[2024-03-17 12:03:13,416][flwr][DEBUG] - evaluate_round 11 received 20 results and 0 failures
[2024-03-17 12:03:13,481][flwr][INFO] - Sampled the following clients: ['41', '75', '57', '14', '91', '99', '52', '16', '44', '24', '95', '23', '80', '27', '92', '35', '55', '94', '31', '69']
[2024-03-17 12:03:13,481][flwr][DEBUG] - fit_round 12: strategy sampled 20 clients (out of 100)
[2024-03-17 12:08:14,110][flwr][DEBUG] - fit_round 12 received 20 results and 0 failures
[2024-03-17 12:08:26,287][flwr][INFO] - fit progress: (12, 0.21188662462830543, {'test_accuracy': 0.3389}, 3406.1219427499454)
[2024-03-17 12:08:26,287][flwr][INFO] - Sampled the following clients: ['27', '32', '70', '96', '74', '37', '52', '39', '82', '23', '66', '7', '38', '24', '26', '79', '36', '51', '8', '58']
[2024-03-17 12:08:26,287][flwr][DEBUG] - evaluate_round 12: strategy sampled 20 clients (out of 100)
[2024-03-17 12:08:29,334][flwr][DEBUG] - evaluate_round 12 received 20 results and 0 failures
[2024-03-17 12:08:29,410][flwr][INFO] - Sampled the following clients: ['31', '22', '18', '50', '54', '26', '58', '3', '27', '2', '91', '63', '68', '87', '4', '33', '6', '42', '34', '45']
[2024-03-17 12:08:29,410][flwr][DEBUG] - fit_round 13: strategy sampled 20 clients (out of 100)
[2024-03-17 12:13:03,564][flwr][DEBUG] - fit_round 13 received 20 results and 0 failures
[2024-03-17 12:13:15,481][flwr][INFO] - fit progress: (13, 0.2063113375365734, {'test_accuracy': 0.3597}, 3695.3156259589596)
[2024-03-17 12:13:15,481][flwr][INFO] - Sampled the following clients: ['21', '33', '98', '74', '92', '2', '14', '9', '67', '87', '89', '76', '32', '40', '52', '71', '75', '6', '11', '86']
[2024-03-17 12:13:15,481][flwr][DEBUG] - evaluate_round 13: strategy sampled 20 clients (out of 100)
[2024-03-17 12:13:18,491][flwr][DEBUG] - evaluate_round 13 received 20 results and 0 failures
[2024-03-17 12:13:18,573][flwr][INFO] - Sampled the following clients: ['45', '67', '28', '80', '9', '73', '94', '92', '11', '59', '61', '78', '18', '41', '64', '4', '1', '55', '57', '85']
[2024-03-17 12:13:18,573][flwr][DEBUG] - fit_round 14: strategy sampled 20 clients (out of 100)
[2024-03-17 12:18:34,854][flwr][DEBUG] - fit_round 14 received 20 results and 0 failures
[2024-03-17 12:18:47,093][flwr][INFO] - fit progress: (14, 0.20130926926136017, {'test_accuracy': 0.3878}, 4026.927008166909)
[2024-03-17 12:18:47,093][flwr][INFO] - Sampled the following clients: ['66', '63', '38', '1', '49', '64', '88', '36', '51', '50', '18', '73', '56', '35', '99', '11', '44', '26', '4', '53']
[2024-03-17 12:18:47,093][flwr][DEBUG] - evaluate_round 14: strategy sampled 20 clients (out of 100)
[2024-03-17 12:18:50,084][flwr][DEBUG] - evaluate_round 14 received 20 results and 0 failures
[2024-03-17 12:18:50,192][flwr][INFO] - Sampled the following clients: ['81', '77', '91', '7', '30', '98', '69', '55', '1', '17', '73', '59', '9', '97', '2', '65', '38', '24', '6', '64']
[2024-03-17 12:18:50,193][flwr][DEBUG] - fit_round 15: strategy sampled 20 clients (out of 100)
[2024-03-17 12:23:20,512][flwr][DEBUG] - fit_round 15 received 20 results and 0 failures
[2024-03-17 12:23:32,728][flwr][INFO] - fit progress: (15, 0.19850002789795398, {'test_accuracy': 0.4034}, 4312.549687583931)
[2024-03-17 12:23:32,728][flwr][INFO] - Sampled the following clients: ['22', '29', '58', '6', '55', '69', '75', '72', '19', '17', '98', '76', '28', '67', '97', '25', '82', '31', '18', '52']
[2024-03-17 12:23:32,728][flwr][DEBUG] - evaluate_round 15: strategy sampled 20 clients (out of 100)
[2024-03-17 12:23:35,718][flwr][DEBUG] - evaluate_round 15 received 20 results and 0 failures
[2024-03-17 12:23:35,826][flwr][INFO] - Sampled the following clients: ['98', '8', '0', '77', '49', '40', '13', '33', '67', '34', '91', '54', '96', '82', '7', '60', '10', '97', '42', '83']
[2024-03-17 12:23:35,826][flwr][DEBUG] - fit_round 16: strategy sampled 20 clients (out of 100)
[2024-03-17 12:27:47,943][flwr][DEBUG] - fit_round 16 received 20 results and 0 failures
[2024-03-17 12:27:59,969][flwr][INFO] - fit progress: (16, 0.1948395955234766, {'test_accuracy': 0.4165}, 4579.788573458907)
[2024-03-17 12:27:59,969][flwr][INFO] - Sampled the following clients: ['31', '79', '78', '41', '89', '22', '94', '72', '76', '68', '75', '34', '87', '13', '39', '96', '25', '64', '69', '40']
[2024-03-17 12:27:59,969][flwr][DEBUG] - evaluate_round 16: strategy sampled 20 clients (out of 100)
[2024-03-17 12:28:03,095][flwr][DEBUG] - evaluate_round 16 received 20 results and 0 failures
[2024-03-17 12:28:03,183][flwr][INFO] - Sampled the following clients: ['43', '99', '52', '16', '65', '90', '33', '86', '37', '13', '74', '11', '88', '14', '59', '97', '3', '22', '47', '1']
[2024-03-17 12:28:03,184][flwr][DEBUG] - fit_round 17: strategy sampled 20 clients (out of 100)
[2024-03-17 12:32:41,959][flwr][DEBUG] - fit_round 17 received 20 results and 0 failures
[2024-03-17 12:32:54,208][flwr][INFO] - fit progress: (17, 0.1923916409164667, {'test_accuracy': 0.4356}, 4874.0267317920225)
[2024-03-17 12:32:54,209][flwr][INFO] - Sampled the following clients: ['4', '86', '47', '48', '13', '14', '62', '94', '7', '38', '53', '95', '59', '1', '8', '27', '19', '29', '78', '41']
[2024-03-17 12:32:54,209][flwr][DEBUG] - evaluate_round 17: strategy sampled 20 clients (out of 100)
[2024-03-17 12:32:57,253][flwr][DEBUG] - evaluate_round 17 received 20 results and 0 failures
[2024-03-17 12:32:57,356][flwr][INFO] - Sampled the following clients: ['15', '59', '14', '63', '45', '24', '18', '87', '51', '70', '81', '13', '6', '55', '74', '17', '50', '48', '96', '16']
[2024-03-17 12:32:57,356][flwr][DEBUG] - fit_round 18: strategy sampled 20 clients (out of 100)
[2024-03-17 12:37:32,173][flwr][DEBUG] - fit_round 18 received 20 results and 0 failures
[2024-03-17 12:37:44,359][flwr][INFO] - fit progress: (18, 0.19059037517309188, {'test_accuracy': 0.4459}, 5164.175365792005)
[2024-03-17 12:37:44,359][flwr][INFO] - Sampled the following clients: ['22', '64', '81', '52', '47', '10', '96', '98', '34', '44', '7', '57', '62', '31', '14', '54', '90', '43', '37', '1']
[2024-03-17 12:37:44,359][flwr][DEBUG] - evaluate_round 18: strategy sampled 20 clients (out of 100)
[2024-03-17 12:37:47,518][flwr][DEBUG] - evaluate_round 18 received 20 results and 0 failures
[2024-03-17 12:37:47,617][flwr][INFO] - Sampled the following clients: ['10', '22', '16', '91', '66', '86', '77', '36', '59', '78', '83', '72', '47', '12', '40', '29', '52', '58', '65', '51']
[2024-03-17 12:37:47,617][flwr][DEBUG] - fit_round 19: strategy sampled 20 clients (out of 100)
[2024-03-17 12:41:57,616][flwr][DEBUG] - fit_round 19 received 20 results and 0 failures
[2024-03-17 12:42:09,729][flwr][INFO] - fit progress: (19, 0.19041484202444553, {'test_accuracy': 0.4552}, 5429.5444180839695)
[2024-03-17 12:42:09,729][flwr][INFO] - Sampled the following clients: ['80', '46', '34', '40', '81', '49', '66', '79', '62', '29', '51', '38', '90', '85', '59', '8', '17', '10', '27', '87']
[2024-03-17 12:42:09,729][flwr][DEBUG] - evaluate_round 19: strategy sampled 20 clients (out of 100)
[2024-03-17 12:42:12,795][flwr][DEBUG] - evaluate_round 19 received 20 results and 0 failures
[2024-03-17 12:42:12,895][flwr][INFO] - Sampled the following clients: ['3', '65', '59', '57', '35', '33', '26', '96', '69', '87', '5', '1', '76', '56', '24', '58', '47', '62', '49', '9']
[2024-03-17 12:42:12,895][flwr][DEBUG] - fit_round 20: strategy sampled 20 clients (out of 100)
[2024-03-17 12:46:28,038][flwr][DEBUG] - fit_round 20 received 20 results and 0 failures
[2024-03-17 12:46:39,976][flwr][INFO] - fit progress: (20, 0.18805524849295616, {'test_accuracy': 0.4708}, 5699.789961041999)
[2024-03-17 12:46:39,977][flwr][INFO] - Sampled the following clients: ['54', '72', '45', '62', '50', '19', '92', '75', '32', '95', '20', '93', '11', '15', '98', '24', '13', '9', '4', '87']
[2024-03-17 12:46:39,977][flwr][DEBUG] - evaluate_round 20: strategy sampled 20 clients (out of 100)
[2024-03-17 12:46:43,052][flwr][DEBUG] - evaluate_round 20 received 20 results and 0 failures
[2024-03-17 12:46:43,154][flwr][INFO] - Sampled the following clients: ['89', '9', '33', '36', '47', '52', '19', '96', '10', '16', '51', '37', '26', '2', '20', '98', '79', '63', '40', '31']
[2024-03-17 12:46:43,154][flwr][DEBUG] - fit_round 21: strategy sampled 20 clients (out of 100)
[2024-03-17 12:51:41,803][flwr][DEBUG] - fit_round 21 received 20 results and 0 failures
[2024-03-17 12:51:53,880][flwr][INFO] - fit progress: (21, 0.18938060873001814, {'test_accuracy': 0.4721}, 6013.691771999933)
[2024-03-17 12:51:53,880][flwr][INFO] - Sampled the following clients: ['23', '55', '78', '82', '84', '32', '22', '15', '50', '93', '89', '69', '43', '34', '98', '37', '60', '67', '79', '40']
[2024-03-17 12:51:53,880][flwr][DEBUG] - evaluate_round 21: strategy sampled 20 clients (out of 100)
[2024-03-17 12:51:56,898][flwr][DEBUG] - evaluate_round 21 received 20 results and 0 failures
[2024-03-17 12:51:57,002][flwr][INFO] - Sampled the following clients: ['8', '82', '48', '27', '33', '75', '7', '16', '67', '53', '14', '12', '4', '22', '61', '84', '42', '59', '17', '56']
[2024-03-17 12:51:57,002][flwr][DEBUG] - fit_round 22: strategy sampled 20 clients (out of 100)
[2024-03-17 12:56:29,560][flwr][DEBUG] - fit_round 22 received 20 results and 0 failures
[2024-03-17 12:56:41,613][flwr][INFO] - fit progress: (22, 0.18752007414251565, {'test_accuracy': 0.484}, 6301.414266749984)
[2024-03-17 12:56:41,613][flwr][INFO] - Sampled the following clients: ['15', '65', '3', '0', '82', '88', '35', '78', '71', '25', '12', '8', '10', '14', '24', '45', '21', '72', '80', '93']
[2024-03-17 12:56:41,614][flwr][DEBUG] - evaluate_round 22: strategy sampled 20 clients (out of 100)
[2024-03-17 12:56:44,676][flwr][DEBUG] - evaluate_round 22 received 20 results and 0 failures
[2024-03-17 12:56:44,784][flwr][INFO] - Sampled the following clients: ['72', '74', '69', '17', '64', '22', '25', '21', '62', '48', '36', '0', '56', '93', '39', '71', '15', '13', '40', '49']
[2024-03-17 12:56:44,784][flwr][DEBUG] - fit_round 23: strategy sampled 20 clients (out of 100)
[2024-03-17 13:00:54,700][flwr][DEBUG] - fit_round 23 received 20 results and 0 failures
[2024-03-17 13:01:06,639][flwr][INFO] - fit progress: (23, 0.1876927020072937, {'test_accuracy': 0.4881}, 6566.43725841702)
[2024-03-17 13:01:06,639][flwr][INFO] - Sampled the following clients: ['74', '51', '53', '22', '48', '35', '12', '38', '10', '85', '18', '73', '65', '19', '71', '89', '72', '44', '70', '80']
[2024-03-17 13:01:06,639][flwr][DEBUG] - evaluate_round 23: strategy sampled 20 clients (out of 100)
[2024-03-17 13:01:09,715][flwr][DEBUG] - evaluate_round 23 received 20 results and 0 failures
[2024-03-17 13:01:09,815][flwr][INFO] - Sampled the following clients: ['80', '68', '69', '42', '85', '22', '21', '86', '50', '41', '62', '96', '67', '4', '77', '39', '87', '34', '35', '98']
[2024-03-17 13:01:09,815][flwr][DEBUG] - fit_round 24: strategy sampled 20 clients (out of 100)
[2024-03-17 13:05:37,679][flwr][DEBUG] - fit_round 24 received 20 results and 0 failures
[2024-03-17 13:05:49,653][flwr][INFO] - fit progress: (24, 0.18626069440096615, {'test_accuracy': 0.4956}, 6849.4492098749615)
[2024-03-17 13:05:49,653][flwr][INFO] - Sampled the following clients: ['71', '53', '49', '52', '73', '64', '56', '93', '46', '69', '19', '77', '51', '28', '23', '36', '81', '84', '50', '22']
[2024-03-17 13:05:49,653][flwr][DEBUG] - evaluate_round 24: strategy sampled 20 clients (out of 100)
[2024-03-17 13:05:52,643][flwr][DEBUG] - evaluate_round 24 received 20 results and 0 failures
[2024-03-17 13:05:52,742][flwr][INFO] - Sampled the following clients: ['4', '13', '90', '89', '72', '65', '19', '34', '54', '67', '93', '46', '23', '44', '66', '56', '2', '57', '20', '48']
[2024-03-17 13:05:52,742][flwr][DEBUG] - fit_round 25: strategy sampled 20 clients (out of 100)
[2024-03-17 13:10:44,971][flwr][DEBUG] - fit_round 25 received 20 results and 0 failures
[2024-03-17 13:10:56,907][flwr][INFO] - fit progress: (25, 0.18685621368587016, {'test_accuracy': 0.4992}, 7156.700351584004)
[2024-03-17 13:10:56,907][flwr][INFO] - Sampled the following clients: ['95', '92', '16', '83', '8', '81', '88', '20', '22', '33', '68', '1', '82', '10', '62', '23', '25', '89', '93', '97']
[2024-03-17 13:10:56,907][flwr][DEBUG] - evaluate_round 25: strategy sampled 20 clients (out of 100)
[2024-03-17 13:10:59,990][flwr][DEBUG] - evaluate_round 25 received 20 results and 0 failures
[2024-03-17 13:11:00,048][flwr][INFO] - Sampled the following clients: ['80', '30', '19', '71', '10', '52', '47', '50', '75', '21', '76', '12', '43', '8', '89', '96', '68', '26', '17', '3']
[2024-03-17 13:11:00,049][flwr][DEBUG] - fit_round 26: strategy sampled 20 clients (out of 100)
[2024-03-17 13:15:36,222][flwr][DEBUG] - fit_round 26 received 20 results and 0 failures
[2024-03-17 13:15:48,227][flwr][INFO] - fit progress: (26, 0.18565493273735045, {'test_accuracy': 0.5042}, 7448.017461958923)
[2024-03-17 13:15:48,227][flwr][INFO] - Sampled the following clients: ['78', '98', '35', '8', '97', '32', '12', '86', '47', '84', '89', '95', '14', '43', '93', '54', '80', '75', '9', '85']
[2024-03-17 13:15:48,227][flwr][DEBUG] - evaluate_round 26: strategy sampled 20 clients (out of 100)
[2024-03-17 13:15:51,421][flwr][DEBUG] - evaluate_round 26 received 20 results and 0 failures
[2024-03-17 13:15:51,504][flwr][INFO] - Sampled the following clients: ['11', '6', '37', '78', '2', '7', '8', '42', '59', '53', '98', '14', '28', '96', '56', '67', '41', '15', '30', '55']
[2024-03-17 13:15:51,504][flwr][DEBUG] - fit_round 27: strategy sampled 20 clients (out of 100)
[2024-03-17 13:20:46,818][flwr][DEBUG] - fit_round 27 received 20 results and 0 failures
[2024-03-17 13:20:58,758][flwr][INFO] - fit progress: (27, 0.18690653129667043, {'test_accuracy': 0.5083}, 7758.545388916973)
[2024-03-17 13:20:58,758][flwr][INFO] - Sampled the following clients: ['65', '68', '37', '48', '52', '95', '45', '63', '16', '38', '74', '56', '18', '3', '66', '42', '62', '5', '84', '33']
[2024-03-17 13:20:58,758][flwr][DEBUG] - evaluate_round 27: strategy sampled 20 clients (out of 100)
[2024-03-17 13:21:01,778][flwr][DEBUG] - evaluate_round 27 received 20 results and 0 failures
[2024-03-17 13:21:01,854][flwr][INFO] - Sampled the following clients: ['7', '83', '60', '6', '34', '32', '9', '97', '4', '47', '78', '48', '76', '61', '51', '13', '54', '5', '64', '87']
[2024-03-17 13:21:01,854][flwr][DEBUG] - fit_round 28: strategy sampled 20 clients (out of 100)
[2024-03-17 13:25:17,404][flwr][DEBUG] - fit_round 28 received 20 results and 0 failures
[2024-03-17 13:25:29,469][flwr][INFO] - fit progress: (28, 0.1887020065203309, {'test_accuracy': 0.5164}, 8029.253901834018)
[2024-03-17 13:25:29,469][flwr][INFO] - Sampled the following clients: ['86', '56', '65', '49', '79', '64', '26', '16', '80', '12', '45', '57', '0', '98', '31', '88', '42', '75', '24', '34']
[2024-03-17 13:25:29,469][flwr][DEBUG] - evaluate_round 28: strategy sampled 20 clients (out of 100)
[2024-03-17 13:25:32,558][flwr][DEBUG] - evaluate_round 28 received 20 results and 0 failures
[2024-03-17 13:25:32,641][flwr][INFO] - Sampled the following clients: ['55', '93', '3', '89', '74', '95', '29', '14', '83', '45', '96', '9', '36', '41', '21', '42', '71', '27', '46', '63']
[2024-03-17 13:25:32,641][flwr][DEBUG] - fit_round 29: strategy sampled 20 clients (out of 100)
[2024-03-17 13:29:59,760][flwr][DEBUG] - fit_round 29 received 20 results and 0 failures
[2024-03-17 13:30:11,866][flwr][INFO] - fit progress: (29, 0.18891849374249578, {'test_accuracy': 0.5138}, 8311.649100666982)
[2024-03-17 13:30:11,866][flwr][INFO] - Sampled the following clients: ['49', '70', '77', '4', '6', '48', '46', '63', '75', '25', '61', '66', '83', '88', '13', '85', '84', '18', '38', '39']
[2024-03-17 13:30:11,867][flwr][DEBUG] - evaluate_round 29: strategy sampled 20 clients (out of 100)
[2024-03-17 13:30:14,957][flwr][DEBUG] - evaluate_round 29 received 20 results and 0 failures
[2024-03-17 13:30:15,061][flwr][INFO] - Sampled the following clients: ['99', '18', '38', '15', '22', '59', '66', '19', '64', '96', '78', '26', '11', '5', '68', '33', '42', '62', '86', '35']
[2024-03-17 13:30:15,061][flwr][DEBUG] - fit_round 30: strategy sampled 20 clients (out of 100)
[2024-03-17 13:35:12,118][flwr][DEBUG] - fit_round 30 received 20 results and 0 failures
[2024-03-17 13:35:24,073][flwr][INFO] - fit progress: (30, 0.1890564971551299, {'test_accuracy': 0.5191}, 8623.875411209068)
[2024-03-17 13:35:24,073][flwr][INFO] - Sampled the following clients: ['74', '89', '15', '44', '54', '58', '5', '62', '63', '30', '55', '45', '56', '69', '2', '38', '67', '11', '37', '3']
[2024-03-17 13:35:24,073][flwr][DEBUG] - evaluate_round 30: strategy sampled 20 clients (out of 100)
[2024-03-17 13:35:27,149][flwr][DEBUG] - evaluate_round 30 received 20 results and 0 failures
[2024-03-17 13:35:27,256][flwr][INFO] - Sampled the following clients: ['76', '17', '34', '45', '93', '8', '25', '96', '98', '91', '18', '29', '85', '68', '55', '20', '9', '95', '14', '26']
[2024-03-17 13:35:27,256][flwr][DEBUG] - fit_round 31: strategy sampled 20 clients (out of 100)
[2024-03-17 13:40:26,553][flwr][DEBUG] - fit_round 31 received 20 results and 0 failures
[2024-03-17 13:40:38,517][flwr][INFO] - fit progress: (31, 0.18930774048119783, {'test_accuracy': 0.5263}, 8938.3193252919)
[2024-03-17 13:40:38,517][flwr][INFO] - Sampled the following clients: ['64', '36', '62', '47', '5', '75', '48', '0', '13', '25', '8', '95', '38', '18', '70', '60', '30', '72', '87', '41']
[2024-03-17 13:40:38,517][flwr][DEBUG] - evaluate_round 31: strategy sampled 20 clients (out of 100)
[2024-03-17 13:40:41,535][flwr][DEBUG] - evaluate_round 31 received 20 results and 0 failures
[2024-03-17 13:40:41,641][flwr][INFO] - Sampled the following clients: ['98', '87', '24', '22', '59', '20', '42', '80', '39', '53', '97', '67', '38', '14', '45', '48', '3', '54', '16', '62']
[2024-03-17 13:40:41,641][flwr][DEBUG] - fit_round 32: strategy sampled 20 clients (out of 100)
[2024-03-17 13:45:21,413][flwr][DEBUG] - fit_round 32 received 20 results and 0 failures
[2024-03-17 13:45:33,411][flwr][INFO] - fit progress: (32, 0.18983214921653271, {'test_accuracy': 0.5274}, 9233.212561542052)
[2024-03-17 13:45:33,411][flwr][INFO] - Sampled the following clients: ['27', '63', '8', '0', '1', '50', '59', '44', '49', '89', '64', '55', '9', '66', '71', '16', '42', '34', '87', '99']
[2024-03-17 13:45:33,411][flwr][DEBUG] - evaluate_round 32: strategy sampled 20 clients (out of 100)
[2024-03-17 13:45:36,442][flwr][DEBUG] - evaluate_round 32 received 20 results and 0 failures
[2024-03-17 13:45:36,558][flwr][INFO] - Sampled the following clients: ['14', '44', '54', '95', '61', '12', '49', '91', '7', '98', '30', '50', '72', '82', '41', '11', '52', '13', '18', '28']
[2024-03-17 13:45:36,558][flwr][DEBUG] - fit_round 33: strategy sampled 20 clients (out of 100)
[2024-03-17 13:50:20,560][flwr][DEBUG] - fit_round 33 received 20 results and 0 failures
[2024-03-17 13:50:32,761][flwr][INFO] - fit progress: (33, 0.19243991655409337, {'test_accuracy': 0.5248}, 9532.562432834064)
[2024-03-17 13:50:32,761][flwr][INFO] - Sampled the following clients: ['50', '19', '85', '14', '94', '33', '56', '68', '51', '58', '70', '16', '45', '9', '63', '11', '31', '4', '27', '22']
[2024-03-17 13:50:32,761][flwr][DEBUG] - evaluate_round 33: strategy sampled 20 clients (out of 100)
[2024-03-17 13:50:35,878][flwr][DEBUG] - evaluate_round 33 received 20 results and 0 failures
[2024-03-17 13:50:35,980][flwr][INFO] - Sampled the following clients: ['70', '39', '19', '91', '11', '40', '72', '13', '97', '71', '66', '2', '58', '4', '23', '84', '27', '16', '96', '44']
[2024-03-17 13:50:35,980][flwr][DEBUG] - fit_round 34: strategy sampled 20 clients (out of 100)
[2024-03-17 13:54:46,585][flwr][DEBUG] - fit_round 34 received 20 results and 0 failures
[2024-03-17 13:54:58,589][flwr][INFO] - fit progress: (34, 0.19115636345893144, {'test_accuracy': 0.5328}, 9798.390392250032)
[2024-03-17 13:54:58,589][flwr][INFO] - Sampled the following clients: ['54', '29', '22', '96', '66', '31', '55', '98', '79', '93', '63', '78', '50', '65', '20', '46', '64', '0', '76', '97']
[2024-03-17 13:54:58,589][flwr][DEBUG] - evaluate_round 34: strategy sampled 20 clients (out of 100)
[2024-03-17 13:55:01,589][flwr][DEBUG] - evaluate_round 34 received 20 results and 0 failures
[2024-03-17 13:55:01,683][flwr][INFO] - Sampled the following clients: ['88', '95', '18', '78', '63', '85', '26', '15', '66', '96', '6', '45', '22', '71', '79', '60', '62', '76', '32', '83']
[2024-03-17 13:55:01,683][flwr][DEBUG] - fit_round 35: strategy sampled 20 clients (out of 100)
[2024-03-17 13:59:52,742][flwr][DEBUG] - fit_round 35 received 20 results and 0 failures
[2024-03-17 14:00:04,730][flwr][INFO] - fit progress: (35, 0.18979773947745562, {'test_accuracy': 0.5286}, 10104.531150083872)
[2024-03-17 14:00:04,730][flwr][INFO] - Sampled the following clients: ['45', '73', '56', '26', '59', '33', '1', '74', '49', '5', '89', '68', '35', '79', '39', '42', '70', '14', '9', '21']
[2024-03-17 14:00:04,730][flwr][DEBUG] - evaluate_round 35: strategy sampled 20 clients (out of 100)
[2024-03-17 14:00:07,756][flwr][DEBUG] - evaluate_round 35 received 20 results and 0 failures
[2024-03-17 14:00:07,857][flwr][INFO] - Sampled the following clients: ['15', '4', '63', '45', '75', '46', '90', '99', '12', '8', '60', '0', '80', '21', '54', '11', '30', '82', '22', '65']
[2024-03-17 14:00:07,857][flwr][DEBUG] - fit_round 36: strategy sampled 20 clients (out of 100)
[2024-03-17 14:05:11,339][flwr][DEBUG] - fit_round 36 received 20 results and 0 failures
[2024-03-17 14:05:23,293][flwr][INFO] - fit progress: (36, 0.19084704419970513, {'test_accuracy': 0.5313}, 10423.093577416963)
[2024-03-17 14:05:23,293][flwr][INFO] - Sampled the following clients: ['18', '16', '70', '28', '4', '48', '55', '42', '68', '11', '57', '53', '20', '59', '82', '10', '94', '5', '38', '51']
[2024-03-17 14:05:23,293][flwr][DEBUG] - evaluate_round 36: strategy sampled 20 clients (out of 100)
[2024-03-17 14:05:26,305][flwr][DEBUG] - evaluate_round 36 received 20 results and 0 failures
[2024-03-17 14:05:26,417][flwr][INFO] - Sampled the following clients: ['55', '2', '38', '34', '26', '66', '29', '63', '19', '82', '78', '25', '70', '68', '93', '52', '31', '35', '73', '41']
[2024-03-17 14:05:26,418][flwr][DEBUG] - fit_round 37: strategy sampled 20 clients (out of 100)
[2024-03-17 14:09:59,367][flwr][DEBUG] - fit_round 37 received 20 results and 0 failures
[2024-03-17 14:10:11,338][flwr][INFO] - fit progress: (37, 0.19389347010180355, {'test_accuracy': 0.5364}, 10711.098915292067)
[2024-03-17 14:10:11,339][flwr][INFO] - Sampled the following clients: ['17', '3', '16', '25', '53', '66', '67', '44', '47', '41', '0', '18', '65', '76', '92', '50', '33', '22', '34', '26']
[2024-03-17 14:10:11,339][flwr][DEBUG] - evaluate_round 37: strategy sampled 20 clients (out of 100)
[2024-03-17 14:10:14,324][flwr][DEBUG] - evaluate_round 37 received 20 results and 0 failures
[2024-03-17 14:10:14,431][flwr][INFO] - Sampled the following clients: ['49', '24', '86', '91', '5', '65', '13', '54', '10', '20', '56', '95', '31', '50', '11', '34', '39', '74', '32', '52']
[2024-03-17 14:10:14,432][flwr][DEBUG] - fit_round 38: strategy sampled 20 clients (out of 100)
[2024-03-17 14:15:03,133][flwr][DEBUG] - fit_round 38 received 20 results and 0 failures
[2024-03-17 14:15:15,139][flwr][INFO] - fit progress: (38, 0.1942125058606267, {'test_accuracy': 0.5386}, 11014.894609166891)
[2024-03-17 14:15:15,139][flwr][INFO] - Sampled the following clients: ['17', '93', '68', '88', '13', '28', '20', '83', '84', '87', '76', '37', '60', '64', '70', '96', '30', '95', '98', '6']
[2024-03-17 14:15:15,139][flwr][DEBUG] - evaluate_round 38: strategy sampled 20 clients (out of 100)
[2024-03-17 14:15:18,152][flwr][DEBUG] - evaluate_round 38 received 20 results and 0 failures
[2024-03-17 14:15:18,258][flwr][INFO] - Sampled the following clients: ['67', '2', '30', '74', '62', '82', '22', '35', '14', '9', '57', '8', '99', '33', '19', '90', '23', '66', '58', '37']
[2024-03-17 14:15:18,258][flwr][DEBUG] - fit_round 39: strategy sampled 20 clients (out of 100)
[2024-03-17 14:20:04,111][flwr][DEBUG] - fit_round 39 received 20 results and 0 failures
[2024-03-17 14:20:17,410][flwr][INFO] - fit progress: (39, 0.19389395186789335, {'test_accuracy': 0.5355}, 11317.161369708949)
[2024-03-17 14:20:17,411][flwr][INFO] - Sampled the following clients: ['26', '67', '91', '27', '71', '15', '41', '17', '6', '46', '59', '31', '22', '40', '83', '65', '56', '39', '80', '53']
[2024-03-17 14:20:17,411][flwr][DEBUG] - evaluate_round 39: strategy sampled 20 clients (out of 100)
[2024-03-17 14:20:20,898][flwr][DEBUG] - evaluate_round 39 received 20 results and 0 failures
[2024-03-17 14:20:21,000][flwr][INFO] - Sampled the following clients: ['61', '85', '96', '57', '44', '65', '94', '62', '39', '73', '7', '18', '74', '75', '88', '98', '16', '83', '34', '68']
[2024-03-17 14:20:21,000][flwr][DEBUG] - fit_round 40: strategy sampled 20 clients (out of 100)
[2024-03-17 14:24:35,612][flwr][DEBUG] - fit_round 40 received 20 results and 0 failures
[2024-03-17 14:24:49,050][flwr][INFO] - fit progress: (40, 0.19136150866895915, {'test_accuracy': 0.5402}, 11588.797076542047)
[2024-03-17 14:24:49,050][flwr][INFO] - Sampled the following clients: ['72', '27', '76', '82', '39', '25', '50', '61', '74', '54', '92', '46', '13', '77', '91', '90', '60', '40', '99', '71']
[2024-03-17 14:24:49,050][flwr][DEBUG] - evaluate_round 40: strategy sampled 20 clients (out of 100)
[2024-03-17 14:24:52,166][flwr][DEBUG] - evaluate_round 40 received 20 results and 0 failures
[2024-03-17 14:24:52,268][flwr][INFO] - Sampled the following clients: ['21', '93', '32', '23', '39', '55', '34', '81', '20', '88', '82', '94', '3', '87', '25', '66', '70', '99', '7', '45']
[2024-03-17 14:24:52,268][flwr][DEBUG] - fit_round 41: strategy sampled 20 clients (out of 100)
[2024-03-17 14:29:21,729][flwr][DEBUG] - fit_round 41 received 20 results and 0 failures
[2024-03-17 14:29:36,285][flwr][INFO] - fit progress: (41, 0.19355917540863157, {'test_accuracy': 0.5392}, 11876.027644584072)
[2024-03-17 14:29:36,286][flwr][INFO] - Sampled the following clients: ['38', '70', '59', '23', '24', '20', '12', '86', '73', '81', '49', '68', '51', '71', '85', '0', '80', '41', '61', '7']
[2024-03-17 14:29:36,286][flwr][DEBUG] - evaluate_round 41: strategy sampled 20 clients (out of 100)
[2024-03-17 14:29:39,849][flwr][DEBUG] - evaluate_round 41 received 20 results and 0 failures
[2024-03-17 14:29:39,941][flwr][INFO] - Sampled the following clients: ['45', '12', '91', '6', '85', '56', '8', '5', '13', '47', '43', '18', '88', '66', '29', '35', '58', '53', '34', '17']
[2024-03-17 14:29:39,941][flwr][DEBUG] - fit_round 42: strategy sampled 20 clients (out of 100)
[2024-03-17 14:34:21,525][flwr][DEBUG] - fit_round 42 received 20 results and 0 failures
[2024-03-17 14:34:34,712][flwr][INFO] - fit progress: (42, 0.19520890052840115, {'test_accuracy': 0.5453}, 12174.449601666885)
[2024-03-17 14:34:34,712][flwr][INFO] - Sampled the following clients: ['86', '7', '1', '93', '81', '61', '60', '88', '62', '40', '69', '35', '44', '90', '79', '53', '21', '50', '26', '58']
[2024-03-17 14:34:34,712][flwr][DEBUG] - evaluate_round 42: strategy sampled 20 clients (out of 100)
[2024-03-17 14:34:37,975][flwr][DEBUG] - evaluate_round 42 received 20 results and 0 failures
[2024-03-17 14:34:38,049][flwr][INFO] - Sampled the following clients: ['90', '25', '82', '35', '51', '3', '97', '84', '10', '37', '6', '15', '86', '38', '5', '85', '1', '17', '42', '29']
[2024-03-17 14:34:38,049][flwr][DEBUG] - fit_round 43: strategy sampled 20 clients (out of 100)
[2024-03-17 14:39:11,428][flwr][DEBUG] - fit_round 43 received 20 results and 0 failures
[2024-03-17 14:39:25,839][flwr][INFO] - fit progress: (43, 0.19831336642764508, {'test_accuracy': 0.545}, 12465.572339083883)
[2024-03-17 14:39:25,839][flwr][INFO] - Sampled the following clients: ['13', '44', '9', '42', '82', '12', '69', '50', '48', '21', '45', '95', '71', '34', '46', '59', '93', '22', '64', '10']
[2024-03-17 14:39:25,839][flwr][DEBUG] - evaluate_round 43: strategy sampled 20 clients (out of 100)
[2024-03-17 14:39:29,351][flwr][DEBUG] - evaluate_round 43 received 20 results and 0 failures
[2024-03-17 14:39:29,462][flwr][INFO] - Sampled the following clients: ['79', '7', '85', '69', '34', '87', '66', '25', '27', '52', '55', '38', '75', '30', '43', '91', '95', '40', '17', '35']
[2024-03-17 14:39:29,462][flwr][DEBUG] - fit_round 44: strategy sampled 20 clients (out of 100)
[2024-03-17 14:43:44,296][flwr][DEBUG] - fit_round 44 received 20 results and 0 failures
[2024-03-17 14:43:56,673][flwr][INFO] - fit progress: (44, 0.19860119038000704, {'test_accuracy': 0.5448}, 12736.435144791962)
[2024-03-17 14:43:56,673][flwr][INFO] - Sampled the following clients: ['37', '73', '34', '63', '55', '66', '58', '24', '86', '93', '80', '32', '59', '83', '88', '12', '9', '13', '29', '14']
[2024-03-17 14:43:56,674][flwr][DEBUG] - evaluate_round 44: strategy sampled 20 clients (out of 100)
[2024-03-17 14:43:59,798][flwr][DEBUG] - evaluate_round 44 received 20 results and 0 failures
[2024-03-17 14:43:59,889][flwr][INFO] - Sampled the following clients: ['87', '5', '38', '6', '65', '3', '30', '52', '29', '57', '22', '83', '70', '7', '40', '58', '8', '63', '99', '56']
[2024-03-17 14:43:59,889][flwr][DEBUG] - fit_round 45: strategy sampled 20 clients (out of 100)
[2024-03-17 14:48:09,595][flwr][DEBUG] - fit_round 45 received 20 results and 0 failures
[2024-03-17 14:48:21,488][flwr][INFO] - fit progress: (45, 0.20226218175441027, {'test_accuracy': 0.546}, 13001.248947291984)
[2024-03-17 14:48:21,488][flwr][INFO] - Sampled the following clients: ['41', '34', '97', '31', '24', '28', '45', '16', '89', '73', '10', '43', '90', '60', '57', '32', '3', '78', '50', '40']
[2024-03-17 14:48:21,488][flwr][DEBUG] - evaluate_round 45: strategy sampled 20 clients (out of 100)
[2024-03-17 14:48:24,662][flwr][DEBUG] - evaluate_round 45 received 20 results and 0 failures
[2024-03-17 14:48:24,720][flwr][INFO] - Sampled the following clients: ['73', '34', '72', '36', '14', '39', '21', '86', '37', '3', '26', '92', '4', '24', '81', '50', '67', '52', '40', '94']
[2024-03-17 14:48:24,720][flwr][DEBUG] - fit_round 46: strategy sampled 20 clients (out of 100)
[2024-03-17 14:52:35,105][flwr][DEBUG] - fit_round 46 received 20 results and 0 failures
[2024-03-17 14:52:47,004][flwr][INFO] - fit progress: (46, 0.19762636271491646, {'test_accuracy': 0.5495}, 13266.76409354189)
[2024-03-17 14:52:47,004][flwr][INFO] - Sampled the following clients: ['67', '47', '19', '92', '73', '38', '6', '10', '61', '60', '7', '79', '93', '52', '58', '62', '56', '63', '33', '31']
[2024-03-17 14:52:47,004][flwr][DEBUG] - evaluate_round 46: strategy sampled 20 clients (out of 100)
[2024-03-17 14:52:50,004][flwr][DEBUG] - evaluate_round 46 received 20 results and 0 failures
[2024-03-17 14:52:50,062][flwr][INFO] - Sampled the following clients: ['99', '64', '61', '8', '97', '42', '88', '57', '44', '46', '32', '11', '49', '20', '28', '60', '40', '10', '69', '80']
[2024-03-17 14:52:50,062][flwr][DEBUG] - fit_round 47: strategy sampled 20 clients (out of 100)
[2024-03-17 14:57:04,325][flwr][DEBUG] - fit_round 47 received 20 results and 0 failures
[2024-03-17 14:57:17,247][flwr][INFO] - fit progress: (47, 0.19465268699321897, {'test_accuracy': 0.5499}, 13537.00563166698)
[2024-03-17 14:57:17,247][flwr][INFO] - Sampled the following clients: ['3', '31', '95', '17', '53', '18', '88', '37', '40', '64', '24', '30', '67', '85', '58', '90', '45', '74', '11', '65']
[2024-03-17 14:57:17,247][flwr][DEBUG] - evaluate_round 47: strategy sampled 20 clients (out of 100)
[2024-03-17 14:57:20,476][flwr][DEBUG] - evaluate_round 47 received 20 results and 0 failures
[2024-03-17 14:57:20,553][flwr][INFO] - Sampled the following clients: ['55', '48', '40', '10', '67', '39', '26', '58', '11', '93', '89', '3', '51', '35', '12', '59', '52', '72', '99', '53']
[2024-03-17 14:57:20,553][flwr][DEBUG] - fit_round 48: strategy sampled 20 clients (out of 100)
[2024-03-17 15:01:35,265][flwr][DEBUG] - fit_round 48 received 20 results and 0 failures
[2024-03-17 15:01:47,053][flwr][INFO] - fit progress: (48, 0.20026441885102542, {'test_accuracy': 0.5505}, 13806.810745666851)
[2024-03-17 15:01:47,053][flwr][INFO] - Sampled the following clients: ['82', '2', '84', '6', '17', '65', '46', '19', '38', '47', '85', '14', '74', '27', '43', '95', '83', '52', '49', '89']
[2024-03-17 15:01:47,053][flwr][DEBUG] - evaluate_round 48: strategy sampled 20 clients (out of 100)
[2024-03-17 15:01:50,171][flwr][DEBUG] - evaluate_round 48 received 20 results and 0 failures
[2024-03-17 15:01:50,241][flwr][INFO] - Sampled the following clients: ['20', '50', '8', '97', '24', '32', '89', '46', '63', '65', '83', '6', '40', '66', '47', '9', '68', '61', '7', '93']
[2024-03-17 15:01:50,242][flwr][DEBUG] - fit_round 49: strategy sampled 20 clients (out of 100)
[2024-03-17 15:06:22,146][flwr][DEBUG] - fit_round 49 received 20 results and 0 failures
[2024-03-17 15:06:34,018][flwr][INFO] - fit progress: (49, 0.20184757644385098, {'test_accuracy': 0.5493}, 14093.775567708886)
[2024-03-17 15:06:34,019][flwr][INFO] - Sampled the following clients: ['25', '15', '92', '57', '34', '79', '41', '59', '93', '42', '4', '86', '95', '50', '71', '22', '8', '20', '17', '96']
[2024-03-17 15:06:34,019][flwr][DEBUG] - evaluate_round 49: strategy sampled 20 clients (out of 100)
[2024-03-17 15:06:37,051][flwr][DEBUG] - evaluate_round 49 received 20 results and 0 failures
[2024-03-17 15:06:37,131][flwr][INFO] - Sampled the following clients: ['48', '9', '22', '82', '71', '57', '19', '34', '15', '7', '68', '56', '89', '78', '31', '74', '18', '62', '36', '3']
[2024-03-17 15:06:37,131][flwr][DEBUG] - fit_round 50: strategy sampled 20 clients (out of 100)
[2024-03-17 15:10:42,995][flwr][DEBUG] - fit_round 50 received 20 results and 0 failures
[2024-03-17 15:10:54,733][flwr][INFO] - fit progress: (50, 0.19814742800798268, {'test_accuracy': 0.5544}, 14354.489129874972)
[2024-03-17 15:10:54,733][flwr][INFO] - Sampled the following clients: ['21', '57', '20', '99', '28', '50', '37', '66', '39', '9', '78', '35', '52', '11', '25', '77', '93', '10', '89', '56']
[2024-03-17 15:10:54,733][flwr][DEBUG] - evaluate_round 50: strategy sampled 20 clients (out of 100)
[2024-03-17 15:10:57,802][flwr][DEBUG] - evaluate_round 50 received 20 results and 0 failures
[2024-03-17 15:10:57,907][flwr][INFO] - FL finished in 14357.662832124974
[2024-03-17 15:10:57,937][flwr][INFO] - app_fit: losses_distributed [(1, 0.3282856980148627), (2, 0.31096923545915256), (3, 0.28413731662594544), (4, 0.27756056055730705), (5, 0.27217307431357246), (6, 0.2667636411530631), (7, 0.27051389874244225), (8, 0.2612105961965055), (9, 0.2556832714956634), (10, 0.2539846757236792), (11, 0.24934930132359875), (12, 0.24903634981233247), (13, 0.24164111042509273), (14, 0.24626624048972617), (15, 0.22607814249943714), (16, 0.23414352615268863), (17, 0.217642181990098), (18, 0.22828447496404453), (19, 0.22162481065915554), (20, 0.21327536417817583), (21, 0.2286362235035215), (22, 0.2252291518206499), (23, 0.22967265710538748), (24, 0.23672762014427964), (25, 0.22322408722675577), (26, 0.2056190497565026), (27, 0.21305589800586505), (28, 0.23811188367556552), (29, 0.22564163110694108), (30, 0.22368842491081783), (31, 0.2306149849173974), (32, 0.23064605234837046), (33, 0.23478253999230814), (34, 0.2227620099119994), (35, 0.22925830215823895), (36, 0.23702099444914837), (37, 0.23347728504818313), (38, 0.22908479074130253), (39, 0.22186759371234446), (40, 0.23467758734311375), (41, 0.23138705446403854), (42, 0.2575876334644094), (43, 0.2513284032746237), (44, 0.23858481892289557), (45, 0.2619033374272439), (46, 0.24632821914036662), (47, 0.2387804442522477), (48, 0.21935263695005253), (49, 0.24354254395073774), (50, 0.2579259873044734)]
[2024-03-17 15:10:57,937][flwr][INFO] - app_fit: metrics_distributed_fit {'train_loss': [(1, 0.5318531699039571), (2, 0.5188643747196771), (3, 0.4922265884601245), (4, 0.4749809154141851), (5, 0.4626247382399002), (6, 0.4551766903858446), (7, 0.44617140734612487), (8, 0.4401271955786224), (9, 0.4310458067926469), (10, 0.4199162172469772), (11, 0.40148303730788854), (12, 0.38491922576224996), (13, 0.36504699894568304), (14, 0.34595942887851794), (15, 0.3327098397336857), (16, 0.3207464338607533), (17, 0.30089372733006214), (18, 0.2865507881159917), (19, 0.2738736141258046), (20, 0.2583518813748787), (21, 0.24206072659158862), (22, 0.2375276374542206), (23, 0.2245907519514211), (24, 0.20990359486151705), (25, 0.1987075355861558), (26, 0.19175185668975037), (27, 0.18204654295567782), (28, 0.16700601449688898), (29, 0.16403397385509527), (30, 0.1558318456090094), (31, 0.14743823368623343), (32, 0.14320678566071357), (33, 0.13562649943731028), (34, 0.1274121605027774), (35, 0.12825656012698514), (36, 0.12179254415574757), (37, 0.11328797707743442), (38, 0.10972536749467716), (39, 0.10524320428898251), (40, 0.10831751834807544), (41, 0.09929161117365276), (42, 0.09237190622089143), (43, 0.0878908071056271), (44, 0.08465918753699697), (45, 0.08069929263881293), (46, 0.08076940756366796), (47, 0.08425361123734719), (48, 0.07586841778270208), (49, 0.06941003950074476), (50, 0.07165608598979203)], 'train_accuracy': [(1, 0.18003585032489358), (2, 0.18870461676378306), (3, 0.19224302208272614), (4, 0.21165266106442576), (5, 0.2288306451612903), (6, 0.25005604124635733), (7, 0.27476467951591216), (8, 0.28246243552366), (9, 0.30770954728821154), (10, 0.32829131652661064), (11, 0.3648800179412424), (12, 0.3898722832175667), (13, 0.42144218907704384), (14, 0.46006497143497255), (15, 0.47848498431196773), (16, 0.5056569956312311), (17, 0.5394530374355526), (18, 0.5686120757253277), (19, 0.5906085397287908), (20, 0.6115035317860746), (21, 0.6337144138085631), (22, 0.6380450622127564), (23, 0.6675260621006613), (24, 0.697085201793722), (25, 0.708650829224563), (26, 0.7238479650184998), (27, 0.7367006383693583), (28, 0.7645016797312431), (29, 0.7602195094635458), (30, 0.784801613987895), (31, 0.7949120251036647), (32, 0.7997311827956989), (33, 0.8151138019957395), (34, 0.823483234271616), (35, 0.8227848101265823), (36, 0.8323991031390134), (37, 0.851457399103139), (38, 0.8561666853366192), (39, 0.861643682027133), (40, 0.855668946955254), (41, 0.8696334491648918), (42, 0.8831110613022526), (43, 0.8910170250896058), (44, 0.897165901198611), (45, 0.9024991594755127), (46, 0.9006273806856374), (47, 0.8980506385839122), (48, 0.9105062724014337), (49, 0.915396683101748), (50, 0.9152751316821697)]}
[2024-03-17 15:10:57,937][flwr][INFO] - app_fit: metrics_distributed {'test_accuracy': [(1, 0.09591836734693877), (2, 0.11122448979591837), (3, 0.15918367346938775), (4, 0.17653061224489797), (5, 0.2336734693877551), (6, 0.2316326530612245), (7, 0.23877551020408164), (8, 0.2857142857142857), (9, 0.29183673469387755), (10, 0.31326530612244896), (11, 0.3173469387755102), (12, 0.3469387755102041), (13, 0.3673469387755102), (14, 0.39081632653061227), (15, 0.4204081632653061), (16, 0.4142857142857143), (17, 0.45), (18, 0.4316326530612245), (19, 0.46224489795918366), (20, 0.47346938775510206), (21, 0.43979591836734694), (22, 0.4673469387755102), (23, 0.4775510204081633), (24, 0.4826530612244898), (25, 0.5020408163265306), (26, 0.5112244897959184), (27, 0.5040816326530613), (28, 0.49387755102040815), (29, 0.5), (30, 0.49081632653061225), (31, 0.503061224489796), (32, 0.5112244897959184), (33, 0.5071428571428571), (34, 0.5275510204081633), (35, 0.5051020408163265), (36, 0.5061224489795918), (37, 0.5142857142857142), (38, 0.523469387755102), (39, 0.5387755102040817), (40, 0.5193877551020408), (41, 0.5357142857142857), (42, 0.5122448979591837), (43, 0.49795918367346936), (44, 0.5), (45, 0.5163265306122449), (46, 0.5295918367346939), (47, 0.5326530612244897), (48, 0.5551020408163265), (49, 0.536734693877551), (50, 0.5408163265306123)]}
[2024-03-17 15:10:57,940][flwr][INFO] - app_fit: losses_centralized [(0, 0.2876619910955429), (1, 0.28726382105350495), (2, 0.2702098489046097), (3, 0.24630646320581437), (4, 0.23977306591272354), (5, 0.23508537558317186), (6, 0.2320090792775154), (7, 0.22831216193437576), (8, 0.22547519824504852), (9, 0.22176258527040482), (10, 0.21977638385295867), (11, 0.2160690011739731), (12, 0.21188662462830543), (13, 0.2063113375365734), (14, 0.20130926926136017), (15, 0.19850002789795398), (16, 0.1948395955234766), (17, 0.1923916409164667), (18, 0.19059037517309188), (19, 0.19041484202444553), (20, 0.18805524849295616), (21, 0.18938060873001814), (22, 0.18752007414251565), (23, 0.1876927020072937), (24, 0.18626069440096615), (25, 0.18685621368587016), (26, 0.18565493273735045), (27, 0.18690653129667043), (28, 0.1887020065203309), (29, 0.18891849374249578), (30, 0.1890564971551299), (31, 0.18930774048119783), (32, 0.18983214921653271), (33, 0.19243991655409337), (34, 0.19115636345893144), (35, 0.18979773947745562), (36, 0.19084704419970513), (37, 0.19389347010180355), (38, 0.1942125058606267), (39, 0.19389395186789335), (40, 0.19136150866895915), (41, 0.19355917540863157), (42, 0.19520890052840115), (43, 0.19831336642764508), (44, 0.19860119038000704), (45, 0.20226218175441027), (46, 0.19762636271491646), (47, 0.19465268699321897), (48, 0.20026441885102542), (49, 0.20184757644385098), (50, 0.19814742800798268)]
[2024-03-17 15:10:57,941][flwr][INFO] - app_fit: metrics_centralized {'test_accuracy': [(0, 0.0966), (1, 0.1), (2, 0.1661), (3, 0.1976), (4, 0.2177), (5, 0.2509), (6, 0.2554), (7, 0.2697), (8, 0.2843), (9, 0.2948), (10, 0.306), (11, 0.3217), (12, 0.3389), (13, 0.3597), (14, 0.3878), (15, 0.4034), (16, 0.4165), (17, 0.4356), (18, 0.4459), (19, 0.4552), (20, 0.4708), (21, 0.4721), (22, 0.484), (23, 0.4881), (24, 0.4956), (25, 0.4992), (26, 0.5042), (27, 0.5083), (28, 0.5164), (29, 0.5138), (30, 0.5191), (31, 0.5263), (32, 0.5274), (33, 0.5248), (34, 0.5328), (35, 0.5286), (36, 0.5313), (37, 0.5364), (38, 0.5386), (39, 0.5355), (40, 0.5402), (41, 0.5392), (42, 0.5453), (43, 0.545), (44, 0.5448), (45, 0.546), (46, 0.5495), (47, 0.5499), (48, 0.5505), (49, 0.5493), (50, 0.5544)]}
[2024-03-17 15:10:59,595][flwr][INFO] - Cleaned up ray temp session: /tmp/ray/session_2024-03-17_11-11-26_144493_30618 with size: 717831065600
[2024-03-17 15:10:59,595][flwr][INFO] - Saving ['yaml', 'log', 'wandb']
