[2024-03-21 14:57:32,196][flwr][INFO] - working_dir: null
to_save_once:
- yaml
- log
- wandb
to_save_per_round:
- parameters
- rng
- history
save_frequency: 1
to_restore: []
to_clean_once:
- history
- parameters
- yaml
- log
- rng
- history
use_wandb: false
debug_clients:
  all: false
  one: true
wandb_resume: false
wandb_id: null
wandb:
  setup:
    project: template
    tags:
    - strategy_${strategy.name}
    - seed_${fed.seed}
    entity: null
    mode: online
ray_address: null
ray_redis_password: null
ray_node_ip_address: null
file_limit: 250
task:
  model_and_data: FMNIST_CNN
  train_structure: FMNIST
  fit_config:
    net_config: {}
    dataloader_config:
      batch_size: 4
    run_config:
      epochs: 1
      learning_rate: 0.01
      optimizer: block_mc
    extra: {}
  eval_config:
    net_config: {}
    dataloader_config:
      batch_size: 8
    run_config: {}
    extra: {}
  fed_test_config:
    net_config: {}
    dataloader_config:
      batch_size: 8
    run_config: {}
    extra: {}
  net_config_initial_parameters: {}
  fit_metrics:
  - train_loss
  - train_accuracy
  evaluate_metrics:
  - test_accuracy
fed:
  num_rounds: 50
  num_total_clients: 100
  num_clients_per_round: 20
  num_evaluate_clients_per_round: 20
  enable_resampling: false
  cpus_per_client: 2
  gpus_per_client: 0
  seed: 1337
  load_saved_state: true
  server_round: null
  parameters_folder: null
  rng_folder: null
  history_folder: null
strategy:
  name: FedAvg
  init:
    _target_: flwr.server.strategy.FedAvg
dataset:
  dataset_dir: ./data/fmnist/data
  partition_dir: ./data/fmnist/partition
  num_clients: 100
  val_ratio: 0.1
  seed: 1337
  iid: false
  power_law: false
  balance: false
  lda: true
  alpha: 0.1

[2024-03-21 14:57:32,217][flwr][INFO] - Wandb run initialized with False
[2024-03-21 14:57:32,217][flwr][INFO] - Pre-cleaning ['history', 'parameters', 'yaml', 'log', 'rng', 'history']
[2024-03-21 14:57:32,217][flwr][INFO] - Loading parameters failed from: /Users/grantwilkins/fl-final-proj/outputs/2024-03-21/14-57-32/results/state/parameters/parameters_0.bin
[2024-03-21 14:57:32,217][flwr][INFO] - Generating initial parameters with config: {}
[2024-03-21 14:57:32,217][flwr][INFO] - Generating initial parameters with config: {}
[2024-03-21 14:57:32,229][flwr][INFO] - Using RNG seed: 1337
[2024-03-21 14:57:59,035][flwr][INFO] - Fit debug fit: [566, {'train_loss': 0.3195159912319992, 'train_accuracy': 0.5971731448763251}]  and eval: (0.29866564658380323, 62, {'test_accuracy': 0.0})
[2024-03-21 14:57:59,036][flwr][INFO] - Starting Flower simulation, config: ServerConfig(num_rounds=50, round_timeout=None)
[2024-03-21 14:58:03,196][flwr][INFO] - Flower VCE: Ray initialized with resources: {'memory': 14416868148.0, 'CPU': 10.0, 'node:127.0.0.1': 1.0, 'object_store_memory': 2147483648.0, 'node:__internal_head__': 1.0}
[2024-03-21 14:58:03,196][flwr][INFO] - Optimize your simulation with Flower VCE: https://flower.dev/docs/framework/how-to-run-simulations.html
[2024-03-21 14:58:03,196][flwr][INFO] - Flower VCE: Resources for each Virtual Client: {'num_cpus': 2, 'num_gpus': 0.0}
[2024-03-21 14:58:03,205][flwr][INFO] - Flower VCE: Creating VirtualClientEngineActorPool with 5 actors
[2024-03-21 14:58:03,205][flwr][INFO] - Initializing global parameters
[2024-03-21 14:58:03,205][flwr][INFO] - Using initial parameters provided by strategy
[2024-03-21 14:58:03,205][flwr][INFO] - Evaluating initial parameters
[2024-03-21 14:58:07,178][flwr][INFO] - initial parameters (loss, other metrics): 0.2882088238239288, {'test_accuracy': 0.073}
[2024-03-21 14:58:07,192][flwr][INFO] - FL starting
[2024-03-21 14:58:07,192][flwr][INFO] - Sampled the following clients: ['18', '62', '29', '0', '45', '56', '26', '93', '96', '76', '83', '92', '99', '54', '43', '3', '84', '27', '37', '59']
[2024-03-21 14:58:07,192][flwr][DEBUG] - fit_round 1: strategy sampled 20 clients (out of 100)
[2024-03-21 15:02:19,725][flwr][DEBUG] - fit_round 1 received 20 results and 0 failures
[2024-03-21 15:02:23,089][flwr][INFO] - fit progress: (1, 0.2863540282845497, {'test_accuracy': 0.1}, 255.89331095805392)
[2024-03-21 15:02:23,089][flwr][INFO] - Sampled the following clients: ['41', '72', '1', '61', '47', '80', '99', '97', '54', '10', '58', '93', '89', '30', '23', '14', '31', '68', '96', '66']
[2024-03-21 15:02:23,089][flwr][DEBUG] - evaluate_round 1: strategy sampled 20 clients (out of 100)
[2024-03-21 15:02:24,301][flwr][DEBUG] - evaluate_round 1 received 20 results and 0 failures
[2024-03-21 15:02:24,308][flwr][INFO] - Sampled the following clients: ['0', '59', '24', '71', '20', '33', '69', '36', '73', '9', '61', '14', '37', '84', '42', '27', '79', '31', '46', '53']
[2024-03-21 15:02:24,308][flwr][DEBUG] - fit_round 2: strategy sampled 20 clients (out of 100)
[2024-03-21 15:06:45,743][flwr][DEBUG] - fit_round 2 received 20 results and 0 failures
[2024-03-21 15:06:49,174][flwr][INFO] - fit progress: (2, 0.2835531271457672, {'test_accuracy': 0.1625}, 521.9744299999438)
[2024-03-21 15:06:49,174][flwr][INFO] - Sampled the following clients: ['18', '80', '54', '3', '75', '57', '0', '27', '22', '23', '99', '78', '37', '2', '51', '55', '58', '4', '44', '74']
[2024-03-21 15:06:49,174][flwr][DEBUG] - evaluate_round 2: strategy sampled 20 clients (out of 100)
[2024-03-21 15:06:50,687][flwr][DEBUG] - evaluate_round 2 received 20 results and 0 failures
[2024-03-21 15:06:50,708][flwr][INFO] - Sampled the following clients: ['40', '96', '0', '76', '54', '73', '31', '66', '72', '32', '74', '12', '75', '55', '15', '83', '56', '19', '9', '90']
[2024-03-21 15:06:50,708][flwr][DEBUG] - fit_round 3: strategy sampled 20 clients (out of 100)
[2024-03-21 15:10:49,372][flwr][DEBUG] - fit_round 3 received 20 results and 0 failures
[2024-03-21 15:10:52,748][flwr][INFO] - fit progress: (3, 0.2738096193909645, {'test_accuracy': 0.3877}, 765.5456156248692)
[2024-03-21 15:10:52,749][flwr][INFO] - Sampled the following clients: ['21', '94', '43', '95', '75', '77', '53', '41', '11', '67', '28', '84', '7', '57', '4', '91', '6', '76', '2', '25']
[2024-03-21 15:10:52,749][flwr][DEBUG] - evaluate_round 3: strategy sampled 20 clients (out of 100)
[2024-03-21 15:10:54,232][flwr][DEBUG] - evaluate_round 3 received 20 results and 0 failures
[2024-03-21 15:10:54,240][flwr][INFO] - Sampled the following clients: ['96', '98', '53', '49', '10', '18', '42', '63', '37', '88', '94', '81', '31', '56', '74', '50', '86', '25', '15', '28']
[2024-03-21 15:10:54,240][flwr][DEBUG] - fit_round 4: strategy sampled 20 clients (out of 100)
[2024-03-21 15:14:55,731][flwr][DEBUG] - fit_round 4 received 20 results and 0 failures
[2024-03-21 15:14:58,949][flwr][INFO] - fit progress: (4, 0.26604439554214476, {'test_accuracy': 0.3672}, 1011.742266291054)
[2024-03-21 15:14:58,949][flwr][INFO] - Sampled the following clients: ['36', '62', '92', '38', '75', '54', '45', '8', '26', '7', '91', '63', '43', '52', '66', '10', '83', '60', '55', '21']
[2024-03-21 15:14:58,949][flwr][DEBUG] - evaluate_round 4: strategy sampled 20 clients (out of 100)
[2024-03-21 15:15:00,062][flwr][DEBUG] - evaluate_round 4 received 20 results and 0 failures
[2024-03-21 15:15:00,077][flwr][INFO] - Sampled the following clients: ['3', '38', '10', '6', '91', '66', '41', '36', '94', '40', '8', '35', '69', '79', '27', '64', '65', '70', '59', '20']
[2024-03-21 15:15:00,077][flwr][DEBUG] - fit_round 5: strategy sampled 20 clients (out of 100)
[2024-03-21 15:18:55,631][flwr][DEBUG] - fit_round 5 received 20 results and 0 failures
[2024-03-21 15:18:59,120][flwr][INFO] - fit progress: (5, 0.25583261017799375, {'test_accuracy': 0.5213}, 1251.9097710410133)
[2024-03-21 15:18:59,120][flwr][INFO] - Sampled the following clients: ['18', '81', '51', '75', '11', '66', '76', '39', '10', '89', '96', '57', '79', '50', '40', '90', '45', '46', '31', '61']
[2024-03-21 15:18:59,120][flwr][DEBUG] - evaluate_round 5: strategy sampled 20 clients (out of 100)
[2024-03-21 15:19:00,213][flwr][DEBUG] - evaluate_round 5 received 20 results and 0 failures
[2024-03-21 15:19:00,227][flwr][INFO] - Sampled the following clients: ['53', '40', '33', '94', '26', '41', '52', '3', '31', '69', '76', '81', '27', '71', '18', '91', '2', '44', '11', '84']
[2024-03-21 15:19:00,227][flwr][DEBUG] - fit_round 6: strategy sampled 20 clients (out of 100)
[2024-03-21 15:23:01,240][flwr][DEBUG] - fit_round 6 received 20 results and 0 failures
[2024-03-21 15:23:04,621][flwr][INFO] - fit progress: (6, 0.24842454167604447, {'test_accuracy': 0.3682}, 1497.433420915855)
[2024-03-21 15:23:04,622][flwr][INFO] - Sampled the following clients: ['40', '30', '61', '48', '49', '90', '2', '85', '27', '65', '80', '12', '74', '47', '39', '69', '63', '86', '87', '66']
[2024-03-21 15:23:04,622][flwr][DEBUG] - evaluate_round 6: strategy sampled 20 clients (out of 100)
[2024-03-21 15:23:05,706][flwr][DEBUG] - evaluate_round 6 received 20 results and 0 failures
[2024-03-21 15:23:05,714][flwr][INFO] - Sampled the following clients: ['63', '74', '14', '11', '58', '76', '92', '62', '73', '22', '65', '91', '47', '71', '56', '10', '40', '17', '33', '34']
[2024-03-21 15:23:05,714][flwr][DEBUG] - fit_round 7: strategy sampled 20 clients (out of 100)
[2024-03-21 15:27:10,268][flwr][DEBUG] - fit_round 7 received 20 results and 0 failures
[2024-03-21 15:27:13,689][flwr][INFO] - fit progress: (7, 0.23646875165700912, {'test_accuracy': 0.4322}, 1746.4992608749308)
[2024-03-21 15:27:13,690][flwr][INFO] - Sampled the following clients: ['9', '28', '80', '42', '19', '82', '17', '84', '43', '69', '56', '15', '63', '81', '6', '64', '10', '68', '89', '12']
[2024-03-21 15:27:13,690][flwr][DEBUG] - evaluate_round 7: strategy sampled 20 clients (out of 100)
[2024-03-21 15:27:14,830][flwr][DEBUG] - evaluate_round 7 received 20 results and 0 failures
[2024-03-21 15:27:14,843][flwr][INFO] - Sampled the following clients: ['26', '65', '22', '82', '73', '93', '50', '48', '76', '3', '11', '51', '79', '90', '96', '2', '86', '25', '19', '13']
[2024-03-21 15:27:14,843][flwr][DEBUG] - fit_round 8: strategy sampled 20 clients (out of 100)
[2024-03-21 15:31:03,427][flwr][DEBUG] - fit_round 8 received 20 results and 0 failures
[2024-03-21 15:31:06,866][flwr][INFO] - fit progress: (8, 0.2274019090771675, {'test_accuracy': 0.5976}, 1979.673765833024)
[2024-03-21 15:31:06,866][flwr][INFO] - Sampled the following clients: ['53', '17', '91', '18', '86', '0', '30', '80', '22', '81', '76', '61', '52', '55', '96', '68', '54', '28', '92', '64']
[2024-03-21 15:31:06,866][flwr][DEBUG] - evaluate_round 8: strategy sampled 20 clients (out of 100)
[2024-03-21 15:31:08,066][flwr][DEBUG] - evaluate_round 8 received 20 results and 0 failures
[2024-03-21 15:31:08,084][flwr][INFO] - Sampled the following clients: ['9', '90', '34', '35', '37', '31', '17', '5', '26', '19', '83', '11', '18', '8', '77', '84', '29', '3', '56', '72']
[2024-03-21 15:31:08,084][flwr][DEBUG] - fit_round 9: strategy sampled 20 clients (out of 100)
[2024-03-21 15:35:09,934][flwr][DEBUG] - fit_round 9 received 20 results and 0 failures
[2024-03-21 15:35:13,348][flwr][INFO] - fit progress: (9, 0.21959518842697143, {'test_accuracy': 0.399}, 2226.1537187909707)
[2024-03-21 15:35:13,348][flwr][INFO] - Sampled the following clients: ['99', '24', '66', '35', '3', '1', '50', '67', '13', '97', '76', '4', '75', '53', '87', '61', '98', '31', '45', '44']
[2024-03-21 15:35:13,348][flwr][DEBUG] - evaluate_round 9: strategy sampled 20 clients (out of 100)
[2024-03-21 15:35:14,504][flwr][DEBUG] - evaluate_round 9 received 20 results and 0 failures
[2024-03-21 15:35:14,518][flwr][INFO] - Sampled the following clients: ['96', '46', '99', '31', '33', '10', '4', '5', '69', '20', '60', '52', '95', '15', '47', '66', '61', '90', '85', '12']
[2024-03-21 15:35:14,518][flwr][DEBUG] - fit_round 10: strategy sampled 20 clients (out of 100)
[2024-03-21 15:39:32,995][flwr][DEBUG] - fit_round 10 received 20 results and 0 failures
[2024-03-21 15:39:36,294][flwr][INFO] - fit progress: (10, 0.20891223602294923, {'test_accuracy': 0.4962}, 2489.0973922910634)
[2024-03-21 15:39:36,294][flwr][INFO] - Sampled the following clients: ['26', '40', '28', '34', '68', '46', '42', '73', '93', '84', '61', '72', '10', '78', '94', '33', '4', '11', '70', '24']
[2024-03-21 15:39:36,294][flwr][DEBUG] - evaluate_round 10: strategy sampled 20 clients (out of 100)
[2024-03-21 15:39:37,682][flwr][DEBUG] - evaluate_round 10 received 20 results and 0 failures
[2024-03-21 15:39:37,715][flwr][INFO] - Sampled the following clients: ['80', '18', '11', '61', '25', '0', '85', '30', '19', '14', '53', '90', '43', '29', '33', '36', '81', '99', '58', '5']
[2024-03-21 15:39:37,715][flwr][DEBUG] - fit_round 11: strategy sampled 20 clients (out of 100)
[2024-03-21 15:43:31,571][flwr][DEBUG] - fit_round 11 received 20 results and 0 failures
[2024-03-21 15:43:34,542][flwr][INFO] - fit progress: (11, 0.19976644155979156, {'test_accuracy': 0.5472}, 2727.3439815409947)
[2024-03-21 15:43:34,542][flwr][INFO] - Sampled the following clients: ['14', '79', '10', '1', '85', '92', '80', '48', '61', '50', '25', '45', '43', '7', '15', '33', '98', '75', '97', '47']
[2024-03-21 15:43:34,542][flwr][DEBUG] - evaluate_round 11: strategy sampled 20 clients (out of 100)
[2024-03-21 15:43:35,799][flwr][DEBUG] - evaluate_round 11 received 20 results and 0 failures
[2024-03-21 15:43:35,828][flwr][INFO] - Sampled the following clients: ['41', '75', '57', '14', '91', '99', '52', '16', '44', '24', '95', '23', '80', '27', '92', '35', '55', '94', '31', '69']
[2024-03-21 15:43:35,828][flwr][DEBUG] - fit_round 12: strategy sampled 20 clients (out of 100)
[2024-03-21 15:47:31,816][flwr][DEBUG] - fit_round 12 received 20 results and 0 failures
[2024-03-21 15:47:34,704][flwr][INFO] - fit progress: (12, 0.18764093276262284, {'test_accuracy': 0.5976}, 2967.503917041002)
[2024-03-21 15:47:34,704][flwr][INFO] - Sampled the following clients: ['27', '32', '70', '96', '74', '37', '52', '39', '82', '23', '66', '7', '38', '24', '26', '79', '36', '51', '8', '58']
[2024-03-21 15:47:34,704][flwr][DEBUG] - evaluate_round 12: strategy sampled 20 clients (out of 100)
[2024-03-21 15:47:36,095][flwr][DEBUG] - evaluate_round 12 received 20 results and 0 failures
[2024-03-21 15:47:36,117][flwr][INFO] - Sampled the following clients: ['31', '22', '18', '50', '54', '26', '58', '3', '27', '2', '91', '63', '68', '87', '4', '33', '6', '42', '34', '45']
[2024-03-21 15:47:36,117][flwr][DEBUG] - fit_round 13: strategy sampled 20 clients (out of 100)
[2024-03-21 15:51:28,849][flwr][DEBUG] - fit_round 13 received 20 results and 0 failures
[2024-03-21 15:51:31,786][flwr][INFO] - fit progress: (13, 0.18514829264879226, {'test_accuracy': 0.4911}, 3204.583652707981)
[2024-03-21 15:51:31,786][flwr][INFO] - Sampled the following clients: ['21', '33', '98', '74', '92', '2', '14', '9', '67', '87', '89', '76', '32', '40', '52', '71', '75', '6', '11', '86']
[2024-03-21 15:51:31,786][flwr][DEBUG] - evaluate_round 13: strategy sampled 20 clients (out of 100)
[2024-03-21 15:51:32,852][flwr][DEBUG] - evaluate_round 13 received 20 results and 0 failures
[2024-03-21 15:51:32,863][flwr][INFO] - Sampled the following clients: ['45', '67', '28', '80', '9', '73', '94', '92', '11', '59', '61', '78', '18', '41', '64', '4', '1', '55', '57', '85']
[2024-03-21 15:51:32,863][flwr][DEBUG] - fit_round 14: strategy sampled 20 clients (out of 100)
[2024-03-21 15:55:36,847][flwr][DEBUG] - fit_round 14 received 20 results and 0 failures
[2024-03-21 15:55:39,729][flwr][INFO] - fit progress: (14, 0.17502166252732276, {'test_accuracy': 0.6451}, 3452.5838824580424)
[2024-03-21 15:55:39,730][flwr][INFO] - Sampled the following clients: ['66', '63', '38', '1', '49', '64', '88', '36', '51', '50', '18', '73', '56', '35', '99', '11', '44', '26', '4', '53']
[2024-03-21 15:55:39,730][flwr][DEBUG] - evaluate_round 14: strategy sampled 20 clients (out of 100)
[2024-03-21 15:55:41,210][flwr][DEBUG] - evaluate_round 14 received 20 results and 0 failures
[2024-03-21 15:55:41,261][flwr][INFO] - Sampled the following clients: ['81', '77', '91', '7', '30', '98', '69', '55', '1', '17', '73', '59', '9', '97', '2', '65', '38', '24', '6', '64']
[2024-03-21 15:55:41,261][flwr][DEBUG] - fit_round 15: strategy sampled 20 clients (out of 100)
[2024-03-21 15:59:37,130][flwr][DEBUG] - fit_round 15 received 20 results and 0 failures
[2024-03-21 15:59:40,008][flwr][INFO] - fit progress: (15, 0.17031727727651597, {'test_accuracy': 0.6347}, 3692.86602950003)
[2024-03-21 15:59:40,008][flwr][INFO] - Sampled the following clients: ['22', '29', '58', '6', '55', '69', '75', '72', '19', '17', '98', '76', '28', '67', '97', '25', '82', '31', '18', '52']
[2024-03-21 15:59:40,008][flwr][DEBUG] - evaluate_round 15: strategy sampled 20 clients (out of 100)
[2024-03-21 15:59:41,629][flwr][DEBUG] - evaluate_round 15 received 20 results and 0 failures
[2024-03-21 15:59:41,648][flwr][INFO] - Sampled the following clients: ['98', '8', '0', '77', '49', '40', '13', '33', '67', '34', '91', '54', '96', '82', '7', '60', '10', '97', '42', '83']
[2024-03-21 15:59:41,648][flwr][DEBUG] - fit_round 16: strategy sampled 20 clients (out of 100)
[2024-03-21 16:03:38,698][flwr][DEBUG] - fit_round 16 received 20 results and 0 failures
[2024-03-21 16:03:41,608][flwr][INFO] - fit progress: (16, 0.16731482787132262, {'test_accuracy': 0.6095}, 3934.469840165926)
[2024-03-21 16:03:41,608][flwr][INFO] - Sampled the following clients: ['31', '79', '78', '41', '89', '22', '94', '72', '76', '68', '75', '34', '87', '13', '39', '96', '25', '64', '69', '40']
[2024-03-21 16:03:41,608][flwr][DEBUG] - evaluate_round 16: strategy sampled 20 clients (out of 100)
[2024-03-21 16:03:43,103][flwr][DEBUG] - evaluate_round 16 received 20 results and 0 failures
[2024-03-21 16:03:43,126][flwr][INFO] - Sampled the following clients: ['43', '99', '52', '16', '65', '90', '33', '86', '37', '13', '74', '11', '88', '14', '59', '97', '3', '22', '47', '1']
[2024-03-21 16:03:43,126][flwr][DEBUG] - fit_round 17: strategy sampled 20 clients (out of 100)
[2024-03-21 16:07:34,270][flwr][DEBUG] - fit_round 17 received 20 results and 0 failures
[2024-03-21 16:07:37,182][flwr][INFO] - fit progress: (17, 0.15913119156360625, {'test_accuracy': 0.6268}, 4170.047507625073)
[2024-03-21 16:07:37,182][flwr][INFO] - Sampled the following clients: ['4', '86', '47', '48', '13', '14', '62', '94', '7', '38', '53', '95', '59', '1', '8', '27', '19', '29', '78', '41']
[2024-03-21 16:07:37,182][flwr][DEBUG] - evaluate_round 17: strategy sampled 20 clients (out of 100)
[2024-03-21 16:07:38,627][flwr][DEBUG] - evaluate_round 17 received 20 results and 0 failures
[2024-03-21 16:07:38,645][flwr][INFO] - Sampled the following clients: ['15', '59', '14', '63', '45', '24', '18', '87', '51', '70', '81', '13', '6', '55', '74', '17', '50', '48', '96', '16']
[2024-03-21 16:07:38,645][flwr][DEBUG] - fit_round 18: strategy sampled 20 clients (out of 100)
[2024-03-21 16:11:30,867][flwr][DEBUG] - fit_round 18 received 20 results and 0 failures
[2024-03-21 16:11:33,758][flwr][INFO] - fit progress: (18, 0.15744467730522155, {'test_accuracy': 0.6329}, 4406.626794457901)
[2024-03-21 16:11:33,758][flwr][INFO] - Sampled the following clients: ['22', '64', '81', '52', '47', '10', '96', '98', '34', '44', '7', '57', '62', '31', '14', '54', '90', '43', '37', '1']
[2024-03-21 16:11:33,758][flwr][DEBUG] - evaluate_round 18: strategy sampled 20 clients (out of 100)
[2024-03-21 16:11:35,316][flwr][DEBUG] - evaluate_round 18 received 20 results and 0 failures
[2024-03-21 16:11:35,346][flwr][INFO] - Sampled the following clients: ['10', '22', '16', '91', '66', '86', '77', '36', '59', '78', '83', '72', '47', '12', '40', '29', '52', '58', '65', '51']
[2024-03-21 16:11:35,346][flwr][DEBUG] - fit_round 19: strategy sampled 20 clients (out of 100)
[2024-03-21 16:15:17,175][flwr][DEBUG] - fit_round 19 received 20 results and 0 failures
[2024-03-21 16:15:20,090][flwr][INFO] - fit progress: (19, 0.14970647780299187, {'test_accuracy': 0.6596}, 4632.962842666078)
[2024-03-21 16:15:20,091][flwr][INFO] - Sampled the following clients: ['80', '46', '34', '40', '81', '49', '66', '79', '62', '29', '51', '38', '90', '85', '59', '8', '17', '10', '27', '87']
[2024-03-21 16:15:20,091][flwr][DEBUG] - evaluate_round 19: strategy sampled 20 clients (out of 100)
[2024-03-21 16:15:21,625][flwr][DEBUG] - evaluate_round 19 received 20 results and 0 failures
[2024-03-21 16:15:21,640][flwr][INFO] - Sampled the following clients: ['3', '65', '59', '57', '35', '33', '26', '96', '69', '87', '5', '1', '76', '56', '24', '58', '47', '62', '49', '9']
[2024-03-21 16:15:21,640][flwr][DEBUG] - fit_round 20: strategy sampled 20 clients (out of 100)
[2024-03-21 16:19:05,879][flwr][DEBUG] - fit_round 20 received 20 results and 0 failures
[2024-03-21 16:19:08,743][flwr][INFO] - fit progress: (20, 0.14856947448849678, {'test_accuracy': 0.6551}, 4861.618816999951)
[2024-03-21 16:19:08,743][flwr][INFO] - Sampled the following clients: ['54', '72', '45', '62', '50', '19', '92', '75', '32', '95', '20', '93', '11', '15', '98', '24', '13', '9', '4', '87']
[2024-03-21 16:19:08,743][flwr][DEBUG] - evaluate_round 20: strategy sampled 20 clients (out of 100)
[2024-03-21 16:19:10,137][flwr][DEBUG] - evaluate_round 20 received 20 results and 0 failures
[2024-03-21 16:19:10,153][flwr][INFO] - Sampled the following clients: ['89', '9', '33', '36', '47', '52', '19', '96', '10', '16', '51', '37', '26', '2', '20', '98', '79', '63', '40', '31']
[2024-03-21 16:19:10,153][flwr][DEBUG] - fit_round 21: strategy sampled 20 clients (out of 100)
[2024-03-21 16:23:03,492][flwr][DEBUG] - fit_round 21 received 20 results and 0 failures
[2024-03-21 16:23:06,400][flwr][INFO] - fit progress: (21, 0.14609451927542685, {'test_accuracy': 0.6632}, 5099.279321416048)
[2024-03-21 16:23:06,400][flwr][INFO] - Sampled the following clients: ['23', '55', '78', '82', '84', '32', '22', '15', '50', '93', '89', '69', '43', '34', '98', '37', '60', '67', '79', '40']
[2024-03-21 16:23:06,401][flwr][DEBUG] - evaluate_round 21: strategy sampled 20 clients (out of 100)
[2024-03-21 16:23:07,735][flwr][DEBUG] - evaluate_round 21 received 20 results and 0 failures
[2024-03-21 16:23:07,756][flwr][INFO] - Sampled the following clients: ['8', '82', '48', '27', '33', '75', '7', '16', '67', '53', '14', '12', '4', '22', '61', '84', '42', '59', '17', '56']
[2024-03-21 16:23:07,756][flwr][DEBUG] - fit_round 22: strategy sampled 20 clients (out of 100)
[2024-03-21 16:26:52,456][flwr][DEBUG] - fit_round 22 received 20 results and 0 failures
[2024-03-21 16:26:55,491][flwr][INFO] - fit progress: (22, 0.13959366689920424, {'test_accuracy': 0.6873}, 5328.315446624998)
[2024-03-21 16:26:55,491][flwr][INFO] - Sampled the following clients: ['15', '65', '3', '0', '82', '88', '35', '78', '71', '25', '12', '8', '10', '14', '24', '45', '21', '72', '80', '93']
[2024-03-21 16:26:55,491][flwr][DEBUG] - evaluate_round 22: strategy sampled 20 clients (out of 100)
[2024-03-21 16:26:57,027][flwr][DEBUG] - evaluate_round 22 received 20 results and 0 failures
[2024-03-21 16:26:57,054][flwr][INFO] - Sampled the following clients: ['72', '74', '69', '17', '64', '22', '25', '21', '62', '48', '36', '0', '56', '93', '39', '71', '15', '13', '40', '49']
[2024-03-21 16:26:57,054][flwr][DEBUG] - fit_round 23: strategy sampled 20 clients (out of 100)
[2024-03-21 16:30:47,966][flwr][DEBUG] - fit_round 23 received 20 results and 0 failures
[2024-03-21 16:30:50,845][flwr][INFO] - fit progress: (23, 0.13736292494535446, {'test_accuracy': 0.6944}, 5563.671916082967)
[2024-03-21 16:30:50,846][flwr][INFO] - Sampled the following clients: ['74', '51', '53', '22', '48', '35', '12', '38', '10', '85', '18', '73', '65', '19', '71', '89', '72', '44', '70', '80']
[2024-03-21 16:30:50,846][flwr][DEBUG] - evaluate_round 23: strategy sampled 20 clients (out of 100)
[2024-03-21 16:30:52,185][flwr][DEBUG] - evaluate_round 23 received 20 results and 0 failures
[2024-03-21 16:30:52,209][flwr][INFO] - Sampled the following clients: ['80', '68', '69', '42', '85', '22', '21', '86', '50', '41', '62', '96', '67', '4', '77', '39', '87', '34', '35', '98']
[2024-03-21 16:30:52,209][flwr][DEBUG] - fit_round 24: strategy sampled 20 clients (out of 100)
[2024-03-21 16:34:37,288][flwr][DEBUG] - fit_round 24 received 20 results and 0 failures
[2024-03-21 16:34:40,228][flwr][INFO] - fit progress: (24, 0.13669042845368384, {'test_accuracy': 0.6948}, 5793.0532969578635)
[2024-03-21 16:34:40,228][flwr][INFO] - Sampled the following clients: ['71', '53', '49', '52', '73', '64', '56', '93', '46', '69', '19', '77', '51', '28', '23', '36', '81', '84', '50', '22']
[2024-03-21 16:34:40,228][flwr][DEBUG] - evaluate_round 24: strategy sampled 20 clients (out of 100)
[2024-03-21 16:34:41,858][flwr][DEBUG] - evaluate_round 24 received 20 results and 0 failures
[2024-03-21 16:34:41,885][flwr][INFO] - Sampled the following clients: ['4', '13', '90', '89', '72', '65', '19', '34', '54', '67', '93', '46', '23', '44', '66', '56', '2', '57', '20', '48']
[2024-03-21 16:34:41,885][flwr][DEBUG] - fit_round 25: strategy sampled 20 clients (out of 100)
[2024-03-21 16:38:30,444][flwr][DEBUG] - fit_round 25 received 20 results and 0 failures
[2024-03-21 16:38:33,321][flwr][INFO] - fit progress: (25, 0.13529395753145218, {'test_accuracy': 0.6768}, 6026.14520537504)
[2024-03-21 16:38:33,322][flwr][INFO] - Sampled the following clients: ['95', '92', '16', '83', '8', '81', '88', '20', '22', '33', '68', '1', '82', '10', '62', '23', '25', '89', '93', '97']
[2024-03-21 16:38:33,322][flwr][DEBUG] - evaluate_round 25: strategy sampled 20 clients (out of 100)
[2024-03-21 16:38:34,803][flwr][DEBUG] - evaluate_round 25 received 20 results and 0 failures
[2024-03-21 16:38:34,830][flwr][INFO] - Sampled the following clients: ['80', '30', '19', '71', '10', '52', '47', '50', '75', '21', '76', '12', '43', '8', '89', '96', '68', '26', '17', '3']
[2024-03-21 16:38:34,830][flwr][DEBUG] - fit_round 26: strategy sampled 20 clients (out of 100)
[2024-03-21 16:42:12,429][flwr][DEBUG] - fit_round 26 received 20 results and 0 failures
[2024-03-21 16:42:15,313][flwr][INFO] - fit progress: (26, 0.13435145549178124, {'test_accuracy': 0.6676}, 6248.13557954086)
[2024-03-21 16:42:15,315][flwr][INFO] - Sampled the following clients: ['78', '98', '35', '8', '97', '32', '12', '86', '47', '84', '89', '95', '14', '43', '93', '54', '80', '75', '9', '85']
[2024-03-21 16:42:15,315][flwr][DEBUG] - evaluate_round 26: strategy sampled 20 clients (out of 100)
[2024-03-21 16:42:16,591][flwr][DEBUG] - evaluate_round 26 received 20 results and 0 failures
[2024-03-21 16:42:16,617][flwr][INFO] - Sampled the following clients: ['11', '6', '37', '78', '2', '7', '8', '42', '59', '53', '98', '14', '28', '96', '56', '67', '41', '15', '30', '55']
[2024-03-21 16:42:16,618][flwr][DEBUG] - fit_round 27: strategy sampled 20 clients (out of 100)
[2024-03-21 16:45:58,207][flwr][DEBUG] - fit_round 27 received 20 results and 0 failures
[2024-03-21 16:46:01,080][flwr][INFO] - fit progress: (27, 0.13079046278595924, {'test_accuracy': 0.6789}, 6473.900964082917)
[2024-03-21 16:46:01,080][flwr][INFO] - Sampled the following clients: ['65', '68', '37', '48', '52', '95', '45', '63', '16', '38', '74', '56', '18', '3', '66', '42', '62', '5', '84', '33']
[2024-03-21 16:46:01,080][flwr][DEBUG] - evaluate_round 27: strategy sampled 20 clients (out of 100)
[2024-03-21 16:46:02,377][flwr][DEBUG] - evaluate_round 27 received 20 results and 0 failures
[2024-03-21 16:46:02,405][flwr][INFO] - Sampled the following clients: ['7', '83', '60', '6', '34', '32', '9', '97', '4', '47', '78', '48', '76', '61', '51', '13', '54', '5', '64', '87']
[2024-03-21 16:46:02,405][flwr][DEBUG] - fit_round 28: strategy sampled 20 clients (out of 100)
[2024-03-21 16:49:54,926][flwr][DEBUG] - fit_round 28 received 20 results and 0 failures
[2024-03-21 16:49:57,780][flwr][INFO] - fit progress: (28, 0.12925599328875542, {'test_accuracy': 0.6804}, 6710.599893958075)
[2024-03-21 16:49:57,780][flwr][INFO] - Sampled the following clients: ['86', '56', '65', '49', '79', '64', '26', '16', '80', '12', '45', '57', '0', '98', '31', '88', '42', '75', '24', '34']
[2024-03-21 16:49:57,780][flwr][DEBUG] - evaluate_round 28: strategy sampled 20 clients (out of 100)
[2024-03-21 16:49:59,281][flwr][DEBUG] - evaluate_round 28 received 20 results and 0 failures
[2024-03-21 16:49:59,306][flwr][INFO] - Sampled the following clients: ['55', '93', '3', '89', '74', '95', '29', '14', '83', '45', '96', '9', '36', '41', '21', '42', '71', '27', '46', '63']
[2024-03-21 16:49:59,306][flwr][DEBUG] - fit_round 29: strategy sampled 20 clients (out of 100)
[2024-03-21 16:53:51,419][flwr][DEBUG] - fit_round 29 received 20 results and 0 failures
[2024-03-21 16:53:54,413][flwr][INFO] - fit progress: (29, 0.12981109259426593, {'test_accuracy': 0.6487}, 6947.2320419999305)
[2024-03-21 16:53:54,414][flwr][INFO] - Sampled the following clients: ['49', '70', '77', '4', '6', '48', '46', '63', '75', '25', '61', '66', '83', '88', '13', '85', '84', '18', '38', '39']
[2024-03-21 16:53:54,414][flwr][DEBUG] - evaluate_round 29: strategy sampled 20 clients (out of 100)
[2024-03-21 16:53:55,935][flwr][DEBUG] - evaluate_round 29 received 20 results and 0 failures
[2024-03-21 16:53:55,961][flwr][INFO] - Sampled the following clients: ['99', '18', '38', '15', '22', '59', '66', '19', '64', '96', '78', '26', '11', '5', '68', '33', '42', '62', '86', '35']
[2024-03-21 16:53:55,961][flwr][DEBUG] - fit_round 30: strategy sampled 20 clients (out of 100)
[2024-03-21 16:57:55,315][flwr][DEBUG] - fit_round 30 received 20 results and 0 failures
[2024-03-21 16:57:58,202][flwr][INFO] - fit progress: (30, 0.12409572722017766, {'test_accuracy': 0.691}, 7191.018898790935)
[2024-03-21 16:57:58,202][flwr][INFO] - Sampled the following clients: ['74', '89', '15', '44', '54', '58', '5', '62', '63', '30', '55', '45', '56', '69', '2', '38', '67', '11', '37', '3']
[2024-03-21 16:57:58,202][flwr][DEBUG] - evaluate_round 30: strategy sampled 20 clients (out of 100)
[2024-03-21 16:57:59,676][flwr][DEBUG] - evaluate_round 30 received 20 results and 0 failures
[2024-03-21 16:57:59,702][flwr][INFO] - Sampled the following clients: ['76', '17', '34', '45', '93', '8', '25', '96', '98', '91', '18', '29', '85', '68', '55', '20', '9', '95', '14', '26']
[2024-03-21 16:57:59,702][flwr][DEBUG] - fit_round 31: strategy sampled 20 clients (out of 100)
[2024-03-21 17:01:59,617][flwr][DEBUG] - fit_round 31 received 20 results and 0 failures
[2024-03-21 17:02:02,420][flwr][INFO] - fit progress: (31, 0.12508829302191735, {'test_accuracy': 0.6698}, 7435.235934416065)
[2024-03-21 17:02:02,420][flwr][INFO] - Sampled the following clients: ['64', '36', '62', '47', '5', '75', '48', '0', '13', '25', '8', '95', '38', '18', '70', '60', '30', '72', '87', '41']
[2024-03-21 17:02:02,421][flwr][DEBUG] - evaluate_round 31: strategy sampled 20 clients (out of 100)
[2024-03-21 17:02:04,107][flwr][DEBUG] - evaluate_round 31 received 20 results and 0 failures
[2024-03-21 17:02:04,130][flwr][INFO] - Sampled the following clients: ['98', '87', '24', '22', '59', '20', '42', '80', '39', '53', '97', '67', '38', '14', '45', '48', '3', '54', '16', '62']
[2024-03-21 17:02:04,130][flwr][DEBUG] - fit_round 32: strategy sampled 20 clients (out of 100)
[2024-03-21 17:05:53,765][flwr][DEBUG] - fit_round 32 received 20 results and 0 failures
[2024-03-21 17:05:56,706][flwr][INFO] - fit progress: (32, 0.12390464902520179, {'test_accuracy': 0.6761}, 7669.515581625048)
[2024-03-21 17:05:56,706][flwr][INFO] - Sampled the following clients: ['27', '63', '8', '0', '1', '50', '59', '44', '49', '89', '64', '55', '9', '66', '71', '16', '42', '34', '87', '99']
[2024-03-21 17:05:56,706][flwr][DEBUG] - evaluate_round 32: strategy sampled 20 clients (out of 100)
[2024-03-21 17:05:58,251][flwr][DEBUG] - evaluate_round 32 received 20 results and 0 failures
[2024-03-21 17:05:58,275][flwr][INFO] - Sampled the following clients: ['14', '44', '54', '95', '61', '12', '49', '91', '7', '98', '30', '50', '72', '82', '41', '11', '52', '13', '18', '28']
[2024-03-21 17:05:58,275][flwr][DEBUG] - fit_round 33: strategy sampled 20 clients (out of 100)
[2024-03-21 17:09:45,615][flwr][DEBUG] - fit_round 33 received 20 results and 0 failures
[2024-03-21 17:09:49,017][flwr][INFO] - fit progress: (33, 0.11841276780664921, {'test_accuracy': 0.7195}, 7901.825022208039)
[2024-03-21 17:09:49,017][flwr][INFO] - Sampled the following clients: ['50', '19', '85', '14', '94', '33', '56', '68', '51', '58', '70', '16', '45', '9', '63', '11', '31', '4', '27', '22']
[2024-03-21 17:09:49,017][flwr][DEBUG] - evaluate_round 33: strategy sampled 20 clients (out of 100)
[2024-03-21 17:09:50,387][flwr][DEBUG] - evaluate_round 33 received 20 results and 0 failures
[2024-03-21 17:09:50,414][flwr][INFO] - Sampled the following clients: ['70', '39', '19', '91', '11', '40', '72', '13', '97', '71', '66', '2', '58', '4', '23', '84', '27', '16', '96', '44']
[2024-03-21 17:09:50,414][flwr][DEBUG] - fit_round 34: strategy sampled 20 clients (out of 100)
[2024-03-21 17:13:55,372][flwr][DEBUG] - fit_round 34 received 20 results and 0 failures
[2024-03-21 17:13:59,054][flwr][INFO] - fit progress: (34, 0.11918767091929913, {'test_accuracy': 0.699}, 8151.860707290936)
[2024-03-21 17:13:59,054][flwr][INFO] - Sampled the following clients: ['54', '29', '22', '96', '66', '31', '55', '98', '79', '93', '63', '78', '50', '65', '20', '46', '64', '0', '76', '97']
[2024-03-21 17:13:59,054][flwr][DEBUG] - evaluate_round 34: strategy sampled 20 clients (out of 100)
[2024-03-21 17:14:00,538][flwr][DEBUG] - evaluate_round 34 received 20 results and 0 failures
[2024-03-21 17:14:00,567][flwr][INFO] - Sampled the following clients: ['88', '95', '18', '78', '63', '85', '26', '15', '66', '96', '6', '45', '22', '71', '79', '60', '62', '76', '32', '83']
[2024-03-21 17:14:00,567][flwr][DEBUG] - fit_round 35: strategy sampled 20 clients (out of 100)
[2024-03-21 17:18:20,280][flwr][DEBUG] - fit_round 35 received 20 results and 0 failures
[2024-03-21 17:18:23,153][flwr][INFO] - fit progress: (35, 0.11764783053398133, {'test_accuracy': 0.7193}, 8415.95775216585)
[2024-03-21 17:18:23,153][flwr][INFO] - Sampled the following clients: ['45', '73', '56', '26', '59', '33', '1', '74', '49', '5', '89', '68', '35', '79', '39', '42', '70', '14', '9', '21']
[2024-03-21 17:18:23,153][flwr][DEBUG] - evaluate_round 35: strategy sampled 20 clients (out of 100)
[2024-03-21 17:18:24,749][flwr][DEBUG] - evaluate_round 35 received 20 results and 0 failures
[2024-03-21 17:18:24,777][flwr][INFO] - Sampled the following clients: ['15', '4', '63', '45', '75', '46', '90', '99', '12', '8', '60', '0', '80', '21', '54', '11', '30', '82', '22', '65']
[2024-03-21 17:18:24,777][flwr][DEBUG] - fit_round 36: strategy sampled 20 clients (out of 100)
[2024-03-21 17:22:35,191][flwr][DEBUG] - fit_round 36 received 20 results and 0 failures
[2024-03-21 17:22:38,419][flwr][INFO] - fit progress: (36, 0.11851430184543132, {'test_accuracy': 0.7068}, 8671.221948374994)
[2024-03-21 17:22:38,419][flwr][INFO] - Sampled the following clients: ['18', '16', '70', '28', '4', '48', '55', '42', '68', '11', '57', '53', '20', '59', '82', '10', '94', '5', '38', '51']
[2024-03-21 17:22:38,419][flwr][DEBUG] - evaluate_round 36: strategy sampled 20 clients (out of 100)
[2024-03-21 17:22:40,299][flwr][DEBUG] - evaluate_round 36 received 20 results and 0 failures
[2024-03-21 17:22:40,322][flwr][INFO] - Sampled the following clients: ['55', '2', '38', '34', '26', '66', '29', '63', '19', '82', '78', '25', '70', '68', '93', '52', '31', '35', '73', '41']
[2024-03-21 17:22:40,322][flwr][DEBUG] - fit_round 37: strategy sampled 20 clients (out of 100)
[2024-03-21 17:26:58,456][flwr][DEBUG] - fit_round 37 received 20 results and 0 failures
[2024-03-21 17:27:01,715][flwr][INFO] - fit progress: (37, 0.11458011543750762, {'test_accuracy': 0.7295}, 8934.51717033307)
[2024-03-21 17:27:01,716][flwr][INFO] - Sampled the following clients: ['17', '3', '16', '25', '53', '66', '67', '44', '47', '41', '0', '18', '65', '76', '92', '50', '33', '22', '34', '26']
[2024-03-21 17:27:01,716][flwr][DEBUG] - evaluate_round 37: strategy sampled 20 clients (out of 100)
[2024-03-21 17:27:03,324][flwr][DEBUG] - evaluate_round 37 received 20 results and 0 failures
[2024-03-21 17:27:03,351][flwr][INFO] - Sampled the following clients: ['49', '24', '86', '91', '5', '65', '13', '54', '10', '20', '56', '95', '31', '50', '11', '34', '39', '74', '32', '52']
[2024-03-21 17:27:03,351][flwr][DEBUG] - fit_round 38: strategy sampled 20 clients (out of 100)
[2024-03-21 17:31:30,640][flwr][DEBUG] - fit_round 38 received 20 results and 0 failures
[2024-03-21 17:31:33,899][flwr][INFO] - fit progress: (38, 0.1143067851781845, {'test_accuracy': 0.7339}, 9206.698703750037)
[2024-03-21 17:31:33,899][flwr][INFO] - Sampled the following clients: ['17', '93', '68', '88', '13', '28', '20', '83', '84', '87', '76', '37', '60', '64', '70', '96', '30', '95', '98', '6']
[2024-03-21 17:31:33,900][flwr][DEBUG] - evaluate_round 38: strategy sampled 20 clients (out of 100)
[2024-03-21 17:31:35,732][flwr][DEBUG] - evaluate_round 38 received 20 results and 0 failures
[2024-03-21 17:31:35,762][flwr][INFO] - Sampled the following clients: ['67', '2', '30', '74', '62', '82', '22', '35', '14', '9', '57', '8', '99', '33', '19', '90', '23', '66', '58', '37']
[2024-03-21 17:31:35,762][flwr][DEBUG] - fit_round 39: strategy sampled 20 clients (out of 100)
[2024-03-21 17:36:04,298][flwr][DEBUG] - fit_round 39 received 20 results and 0 failures
[2024-03-21 17:36:07,514][flwr][INFO] - fit progress: (39, 0.11397591705322266, {'test_accuracy': 0.6902}, 9480.312141290866)
[2024-03-21 17:36:07,514][flwr][INFO] - Sampled the following clients: ['26', '67', '91', '27', '71', '15', '41', '17', '6', '46', '59', '31', '22', '40', '83', '65', '56', '39', '80', '53']
[2024-03-21 17:36:07,514][flwr][DEBUG] - evaluate_round 39: strategy sampled 20 clients (out of 100)
[2024-03-21 17:36:09,432][flwr][DEBUG] - evaluate_round 39 received 20 results and 0 failures
[2024-03-21 17:36:09,462][flwr][INFO] - Sampled the following clients: ['61', '85', '96', '57', '44', '65', '94', '62', '39', '73', '7', '18', '74', '75', '88', '98', '16', '83', '34', '68']
[2024-03-21 17:36:09,462][flwr][DEBUG] - fit_round 40: strategy sampled 20 clients (out of 100)
[2024-03-21 17:40:52,461][flwr][DEBUG] - fit_round 40 received 20 results and 0 failures
[2024-03-21 17:40:55,896][flwr][INFO] - fit progress: (40, 0.11457747537791729, {'test_accuracy': 0.7128}, 9768.692430832889)
[2024-03-21 17:40:55,898][flwr][INFO] - Sampled the following clients: ['72', '27', '76', '82', '39', '25', '50', '61', '74', '54', '92', '46', '13', '77', '91', '90', '60', '40', '99', '71']
[2024-03-21 17:40:55,898][flwr][DEBUG] - evaluate_round 40: strategy sampled 20 clients (out of 100)
[2024-03-21 17:40:57,605][flwr][DEBUG] - evaluate_round 40 received 20 results and 0 failures
[2024-03-21 17:40:57,637][flwr][INFO] - Sampled the following clients: ['21', '93', '32', '23', '39', '55', '34', '81', '20', '88', '82', '94', '3', '87', '25', '66', '70', '99', '7', '45']
[2024-03-21 17:40:57,637][flwr][DEBUG] - fit_round 41: strategy sampled 20 clients (out of 100)
[2024-03-21 17:45:34,801][flwr][DEBUG] - fit_round 41 received 20 results and 0 failures
[2024-03-21 17:45:37,978][flwr][INFO] - fit progress: (41, 0.11311633570492267, {'test_accuracy': 0.7053}, 10050.772678457899)
[2024-03-21 17:45:37,978][flwr][INFO] - Sampled the following clients: ['38', '70', '59', '23', '24', '20', '12', '86', '73', '81', '49', '68', '51', '71', '85', '0', '80', '41', '61', '7']
[2024-03-21 17:45:37,978][flwr][DEBUG] - evaluate_round 41: strategy sampled 20 clients (out of 100)
[2024-03-21 17:45:39,584][flwr][DEBUG] - evaluate_round 41 received 20 results and 0 failures
[2024-03-21 17:45:39,615][flwr][INFO] - Sampled the following clients: ['45', '12', '91', '6', '85', '56', '8', '5', '13', '47', '43', '18', '88', '66', '29', '35', '58', '53', '34', '17']
[2024-03-21 17:45:39,615][flwr][DEBUG] - fit_round 42: strategy sampled 20 clients (out of 100)
[2024-03-21 17:50:47,240][flwr][DEBUG] - fit_round 42 received 20 results and 0 failures
[2024-03-21 17:50:50,704][flwr][INFO] - fit progress: (42, 0.11149001589417458, {'test_accuracy': 0.707}, 10363.49715925008)
[2024-03-21 17:50:50,705][flwr][INFO] - Sampled the following clients: ['86', '7', '1', '93', '81', '61', '60', '88', '62', '40', '69', '35', '44', '90', '79', '53', '21', '50', '26', '58']
[2024-03-21 17:50:50,705][flwr][DEBUG] - evaluate_round 42: strategy sampled 20 clients (out of 100)
[2024-03-21 17:50:52,378][flwr][DEBUG] - evaluate_round 42 received 20 results and 0 failures
[2024-03-21 17:50:52,412][flwr][INFO] - Sampled the following clients: ['90', '25', '82', '35', '51', '3', '97', '84', '10', '37', '6', '15', '86', '38', '5', '85', '1', '17', '42', '29']
[2024-03-21 17:50:52,412][flwr][DEBUG] - fit_round 43: strategy sampled 20 clients (out of 100)
[2024-03-21 17:55:55,521][flwr][DEBUG] - fit_round 43 received 20 results and 0 failures
[2024-03-21 17:55:58,507][flwr][INFO] - fit progress: (43, 0.11036117162406445, {'test_accuracy': 0.7}, 10671.29837574996)
[2024-03-21 17:55:58,507][flwr][INFO] - Sampled the following clients: ['13', '44', '9', '42', '82', '12', '69', '50', '48', '21', '45', '95', '71', '34', '46', '59', '93', '22', '64', '10']
[2024-03-21 17:55:58,507][flwr][DEBUG] - evaluate_round 43: strategy sampled 20 clients (out of 100)
[2024-03-21 17:56:00,212][flwr][DEBUG] - evaluate_round 43 received 20 results and 0 failures
[2024-03-21 17:56:00,241][flwr][INFO] - Sampled the following clients: ['79', '7', '85', '69', '34', '87', '66', '25', '27', '52', '55', '38', '75', '30', '43', '91', '95', '40', '17', '35']
[2024-03-21 17:56:00,241][flwr][DEBUG] - fit_round 44: strategy sampled 20 clients (out of 100)
[2024-03-21 18:01:12,648][flwr][DEBUG] - fit_round 44 received 20 results and 0 failures
[2024-03-21 18:01:15,850][flwr][INFO] - fit progress: (44, 0.10729411884248256, {'test_accuracy': 0.7464}, 10988.639409166062)
[2024-03-21 18:01:15,853][flwr][INFO] - Sampled the following clients: ['37', '73', '34', '63', '55', '66', '58', '24', '86', '93', '80', '32', '59', '83', '88', '12', '9', '13', '29', '14']
[2024-03-21 18:01:15,853][flwr][DEBUG] - evaluate_round 44: strategy sampled 20 clients (out of 100)
[2024-03-21 18:01:17,626][flwr][DEBUG] - evaluate_round 44 received 20 results and 0 failures
[2024-03-21 18:01:17,661][flwr][INFO] - Sampled the following clients: ['87', '5', '38', '6', '65', '3', '30', '52', '29', '57', '22', '83', '70', '7', '40', '58', '8', '63', '99', '56']
[2024-03-21 18:01:17,661][flwr][DEBUG] - fit_round 45: strategy sampled 20 clients (out of 100)
[2024-03-21 18:06:43,851][flwr][DEBUG] - fit_round 45 received 20 results and 0 failures
[2024-03-21 18:06:46,780][flwr][INFO] - fit progress: (45, 0.10926499374508858, {'test_accuracy': 0.694}, 11319.566931833047)
[2024-03-21 18:06:46,780][flwr][INFO] - Sampled the following clients: ['41', '34', '97', '31', '24', '28', '45', '16', '89', '73', '10', '43', '90', '60', '57', '32', '3', '78', '50', '40']
[2024-03-21 18:06:46,780][flwr][DEBUG] - evaluate_round 45: strategy sampled 20 clients (out of 100)
[2024-03-21 18:06:48,589][flwr][DEBUG] - evaluate_round 45 received 20 results and 0 failures
[2024-03-21 18:06:48,613][flwr][INFO] - Sampled the following clients: ['73', '34', '72', '36', '14', '39', '21', '86', '37', '3', '26', '92', '4', '24', '81', '50', '67', '52', '40', '94']
[2024-03-21 18:06:48,613][flwr][DEBUG] - fit_round 46: strategy sampled 20 clients (out of 100)
[2024-03-21 18:13:13,903][flwr][DEBUG] - fit_round 46 received 20 results and 0 failures
[2024-03-21 18:13:17,028][flwr][INFO] - fit progress: (46, 0.10640894932746887, {'test_accuracy': 0.7401}, 11709.779104915913)
[2024-03-21 18:13:17,031][flwr][INFO] - Sampled the following clients: ['67', '47', '19', '92', '73', '38', '6', '10', '61', '60', '7', '79', '93', '52', '58', '62', '56', '63', '33', '31']
[2024-03-21 18:13:17,031][flwr][DEBUG] - evaluate_round 46: strategy sampled 20 clients (out of 100)
[2024-03-21 18:13:18,906][flwr][DEBUG] - evaluate_round 46 received 20 results and 0 failures
[2024-03-21 18:13:18,954][flwr][INFO] - Sampled the following clients: ['99', '64', '61', '8', '97', '42', '88', '57', '44', '46', '32', '11', '49', '20', '28', '60', '40', '10', '69', '80']
[2024-03-21 18:13:18,954][flwr][DEBUG] - fit_round 47: strategy sampled 20 clients (out of 100)
[2024-03-21 18:29:23,836][flwr][DEBUG] - fit_round 47 received 20 results and 0 failures
[2024-03-21 18:29:26,922][flwr][INFO] - fit progress: (47, 0.11002678228616715, {'test_accuracy': 0.703}, 12178.485066083027)
[2024-03-21 18:29:26,922][flwr][INFO] - Sampled the following clients: ['3', '31', '95', '17', '53', '18', '88', '37', '40', '64', '24', '30', '67', '85', '58', '90', '45', '74', '11', '65']
[2024-03-21 18:29:26,922][flwr][DEBUG] - evaluate_round 47: strategy sampled 20 clients (out of 100)
[2024-03-21 18:29:28,412][flwr][DEBUG] - evaluate_round 47 received 20 results and 0 failures
[2024-03-21 18:29:28,441][flwr][INFO] - Sampled the following clients: ['55', '48', '40', '10', '67', '39', '26', '58', '11', '93', '89', '3', '51', '35', '12', '59', '52', '72', '99', '53']
[2024-03-21 18:29:28,441][flwr][DEBUG] - fit_round 48: strategy sampled 20 clients (out of 100)
[2024-03-21 18:47:02,220][flwr][DEBUG] - fit_round 48 received 20 results and 0 failures
[2024-03-21 18:47:05,462][flwr][INFO] - fit progress: (48, 0.10507975303530694, {'test_accuracy': 0.7333}, 12637.590252874885)
[2024-03-21 18:47:05,463][flwr][INFO] - Sampled the following clients: ['82', '2', '84', '6', '17', '65', '46', '19', '38', '47', '85', '14', '74', '27', '43', '95', '83', '52', '49', '89']
[2024-03-21 18:47:05,463][flwr][DEBUG] - evaluate_round 48: strategy sampled 20 clients (out of 100)
[2024-03-21 18:47:07,139][flwr][DEBUG] - evaluate_round 48 received 20 results and 0 failures
[2024-03-21 18:47:07,166][flwr][INFO] - Sampled the following clients: ['20', '50', '8', '97', '24', '32', '89', '46', '63', '65', '83', '6', '40', '66', '47', '9', '68', '61', '7', '93']
[2024-03-21 18:47:07,166][flwr][DEBUG] - fit_round 49: strategy sampled 20 clients (out of 100)
[2024-03-21 19:15:06,347][flwr][DEBUG] - fit_round 49 received 20 results and 0 failures
[2024-03-21 19:15:09,390][flwr][INFO] - fit progress: (49, 0.10515067195892334, {'test_accuracy': 0.7386}, 13208.668528374983)
[2024-03-21 19:15:09,390][flwr][INFO] - Sampled the following clients: ['25', '15', '92', '57', '34', '79', '41', '59', '93', '42', '4', '86', '95', '50', '71', '22', '8', '20', '17', '96']
[2024-03-21 19:15:09,390][flwr][DEBUG] - evaluate_round 49: strategy sampled 20 clients (out of 100)
[2024-03-21 19:15:11,257][flwr][DEBUG] - evaluate_round 49 received 20 results and 0 failures
[2024-03-21 19:15:11,283][flwr][INFO] - Sampled the following clients: ['48', '9', '22', '82', '71', '57', '19', '34', '15', '7', '68', '56', '89', '78', '31', '74', '18', '62', '36', '3']
[2024-03-21 19:15:11,283][flwr][DEBUG] - fit_round 50: strategy sampled 20 clients (out of 100)
[2024-03-21 19:51:48,000][flwr][DEBUG] - fit_round 50 received 20 results and 0 failures
[2024-03-21 19:52:04,693][flwr][INFO] - fit progress: (50, 0.10881713958084584, {'test_accuracy': 0.7073}, 13693.409030874958)
[2024-03-21 19:52:04,693][flwr][INFO] - Sampled the following clients: ['21', '57', '20', '99', '28', '50', '37', '66', '39', '9', '78', '35', '52', '11', '25', '77', '93', '10', '89', '56']
[2024-03-21 19:52:04,693][flwr][DEBUG] - evaluate_round 50: strategy sampled 20 clients (out of 100)
[2024-03-21 19:52:06,338][flwr][DEBUG] - evaluate_round 50 received 20 results and 0 failures
[2024-03-21 19:52:06,370][flwr][INFO] - FL finished in 13695.086381790927
[2024-03-21 19:52:06,376][flwr][INFO] - app_fit: losses_distributed [(1, 0.303172789735997), (2, 0.3071899381759283), (3, 0.29450161580237744), (4, 0.2766913322241031), (5, 0.2741030400496903), (6, 0.26910893941983854), (7, 0.2594568693904072), (8, 0.2468386288954369), (9, 0.24320301833360092), (10, 0.22314345006325945), (11, 0.20556162981162393), (12, 0.18973359315953356), (13, 0.1921307003632953), (14, 0.1864739364132496), (15, 0.192616135656384), (16, 0.17954452494575396), (17, 0.15871313724615801), (18, 0.16211490276803328), (19, 0.16360264744480485), (20, 0.16529602500301704), (21, 0.15169049996682255), (22, 0.1466743135039745), (23, 0.13831799399554473), (24, 0.15987392978481826), (25, 0.14657209975378854), (26, 0.12751837753235026), (27, 0.12707863115419166), (28, 0.15184493516023295), (29, 0.1457228955917421), (30, 0.129106070487872), (31, 0.1301223072991628), (32, 0.1288800293272119), (33, 0.1364459418890762), (34, 0.14169396388153863), (35, 0.11456689186904356), (36, 0.12419804786726579), (37, 0.1160242842978459), (38, 0.1277212697628477), (39, 0.12824122166755247), (40, 0.12813913328055707), (41, 0.1197035967217266), (42, 0.11725213411566499), (43, 0.12060000351240803), (44, 0.11588299887284599), (45, 0.11811694185431948), (46, 0.10537173949092267), (47, 0.12372176073145766), (48, 0.1164720591652128), (49, 0.10916305783644742), (50, 0.11192886583183123)]
[2024-03-21 19:52:06,377][flwr][INFO] - app_fit: metrics_distributed_fit {'train_loss': [(1, 0.3305547298477095), (2, 0.30606236816695775), (3, 0.2986543631969713), (4, 0.3013397286603503), (5, 0.3034867465796558), (6, 0.2561574460759264), (7, 0.24903333610281975), (8, 0.21670984234587531), (9, 0.1999451927420812), (10, 0.21362919038369182), (11, 0.19137259930204809), (12, 0.20617933548515321), (13, 0.18750309621973799), (14, 0.1825205848455505), (15, 0.1876462041132477), (16, 0.16823489449961826), (17, 0.1534011281229626), (18, 0.17559234107514246), (19, 0.15771305805734717), (20, 0.14206870516366532), (21, 0.14007246588543815), (22, 0.13614816307231173), (23, 0.1369597621439013), (24, 0.1387552591806153), (25, 0.11567787941650617), (26, 0.1106830526641959), (27, 0.1073113934430246), (28, 0.12642209696112744), (29, 0.126959810780554), (30, 0.1057195332617846), (31, 0.1211432298176383), (32, 0.12150598058478967), (33, 0.11147307110042971), (34, 0.09764020769781603), (35, 0.1105410046071439), (36, 0.11945889363752073), (37, 0.10384462391933297), (38, 0.11351370992575548), (39, 0.08832514594255225), (40, 0.1021671113436599), (41, 0.10819579323049552), (42, 0.113892323987625), (43, 0.09456899301938193), (44, 0.10670389552172777), (45, 0.10031381683152775), (46, 0.10099616266178944), (47, 0.11040696845558043), (48, 0.09394813481137645), (49, 0.105860037271349), (50, 0.08593540788486272)], 'train_accuracy': [(1, 0.6527279253409907), (2, 0.6631681935426488), (3, 0.6874229930812246), (4, 0.7016453382084095), (5, 0.6791368262344516), (6, 0.7550197035091012), (7, 0.7543294030950627), (8, 0.8085629921259843), (9, 0.840614811364695), (10, 0.7758161816891412), (11, 0.8338951310861423), (12, 0.814910500092268), (13, 0.8270314488274859), (14, 0.8318028911719247), (15, 0.8334554781971418), (16, 0.858216572329962), (17, 0.884665306879288), (18, 0.8332249372851436), (19, 0.8672649976381672), (20, 0.8751033912324235), (21, 0.8753002032144837), (22, 0.8836701774361894), (23, 0.8746561525765634), (24, 0.8705937794533459), (25, 0.907577334216252), (26, 0.9100146555935515), (27, 0.9080448839863066), (28, 0.8840646227281073), (29, 0.8786206896551724), (30, 0.9127306273062731), (31, 0.8868599743072123), (32, 0.8916330171847122), (33, 0.8948866331467603), (34, 0.9248282999341424), (35, 0.8932029965284122), (36, 0.8842409638554217), (37, 0.9054331590739357), (38, 0.8922618493342025), (39, 0.9310779371849555), (40, 0.9066169617893756), (41, 0.888094317742559), (42, 0.8887145889083695), (43, 0.9194884063305115), (44, 0.8938490214352284), (45, 0.9092702169625246), (46, 0.8974120275553901), (47, 0.8821852294674882), (48, 0.9146341463414634), (49, 0.8965101169482087), (50, 0.933252427184466)]}
[2024-03-21 19:52:06,412][flwr][INFO] - app_fit: metrics_distributed {'test_accuracy': [(1, 0.11148936170212766), (2, 0.1354895104895105), (3, 0.3975481611208406), (4, 0.3948462177888612), (5, 0.5231441048034935), (6, 0.3516100957354221), (7, 0.40612076095947064), (8, 0.5465994962216625), (9, 0.34), (10, 0.4966832504145937), (11, 0.6140350877192983), (12, 0.6476595744680851), (13, 0.5961705831157529), (14, 0.6536219816819318), (15, 0.5850796311818944), (16, 0.634020618556701), (17, 0.6952054794520548), (18, 0.674055829228243), (19, 0.6441251056635672), (20, 0.6259477674810446), (21, 0.6754910333048676), (22, 0.7213842058562555), (23, 0.7515099223468508), (24, 0.5846905537459284), (25, 0.6391836734693878), (26, 0.7276595744680852), (27, 0.7609233305853257), (28, 0.64578111946533), (29, 0.6316652994257588), (30, 0.7362542955326461), (31, 0.6776094276094277), (32, 0.6781223805532272), (33, 0.6881810561609388), (34, 0.6131447587354409), (35, 0.7869822485207101), (36, 0.7008474576271186), (37, 0.7680140597539543), (38, 0.7127659574468085), (39, 0.6632653061224489), (40, 0.6736111111111112), (41, 0.6909693454846727), (42, 0.7238095238095238), (43, 0.6730769230769231), (44, 0.7468460891505467), (45, 0.6783575705731394), (46, 0.7751004016064257), (47, 0.6717299578059072), (48, 0.7122835943940643), (49, 0.7212020033388982), (50, 0.7069565217391305)]}
[2024-03-21 19:52:06,412][flwr][INFO] - app_fit: losses_centralized [(0, 0.2882088238239288), (1, 0.2863540282845497), (2, 0.2835531271457672), (3, 0.2738096193909645), (4, 0.26604439554214476), (5, 0.25583261017799375), (6, 0.24842454167604447), (7, 0.23646875165700912), (8, 0.2274019090771675), (9, 0.21959518842697143), (10, 0.20891223602294923), (11, 0.19976644155979156), (12, 0.18764093276262284), (13, 0.18514829264879226), (14, 0.17502166252732276), (15, 0.17031727727651597), (16, 0.16731482787132262), (17, 0.15913119156360625), (18, 0.15744467730522155), (19, 0.14970647780299187), (20, 0.14856947448849678), (21, 0.14609451927542685), (22, 0.13959366689920424), (23, 0.13736292494535446), (24, 0.13669042845368384), (25, 0.13529395753145218), (26, 0.13435145549178124), (27, 0.13079046278595924), (28, 0.12925599328875542), (29, 0.12981109259426593), (30, 0.12409572722017766), (31, 0.12508829302191735), (32, 0.12390464902520179), (33, 0.11841276780664921), (34, 0.11918767091929913), (35, 0.11764783053398133), (36, 0.11851430184543132), (37, 0.11458011543750762), (38, 0.1143067851781845), (39, 0.11397591705322266), (40, 0.11457747537791729), (41, 0.11311633570492267), (42, 0.11149001589417458), (43, 0.11036117162406445), (44, 0.10729411884248256), (45, 0.10926499374508858), (46, 0.10640894932746887), (47, 0.11002678228616715), (48, 0.10507975303530694), (49, 0.10515067195892334), (50, 0.10881713958084584)]
[2024-03-21 19:52:06,415][flwr][INFO] - app_fit: metrics_centralized {'test_accuracy': [(0, 0.073), (1, 0.1), (2, 0.1625), (3, 0.3877), (4, 0.3672), (5, 0.5213), (6, 0.3682), (7, 0.4322), (8, 0.5976), (9, 0.399), (10, 0.4962), (11, 0.5472), (12, 0.5976), (13, 0.4911), (14, 0.6451), (15, 0.6347), (16, 0.6095), (17, 0.6268), (18, 0.6329), (19, 0.6596), (20, 0.6551), (21, 0.6632), (22, 0.6873), (23, 0.6944), (24, 0.6948), (25, 0.6768), (26, 0.6676), (27, 0.6789), (28, 0.6804), (29, 0.6487), (30, 0.691), (31, 0.6698), (32, 0.6761), (33, 0.7195), (34, 0.699), (35, 0.7193), (36, 0.7068), (37, 0.7295), (38, 0.7339), (39, 0.6902), (40, 0.7128), (41, 0.7053), (42, 0.707), (43, 0.7), (44, 0.7464), (45, 0.694), (46, 0.7401), (47, 0.703), (48, 0.7333), (49, 0.7386), (50, 0.7073)]}
[2024-03-21 19:52:08,399][flwr][INFO] - Cleaned up ray temp session: /tmp/ray/session_2024-03-21_14-57-59_095503_46305 with size: 884582453248
[2024-03-21 19:52:08,399][flwr][INFO] - Saving ['yaml', 'log', 'wandb']
[2024-03-21 19:52:08,406][flwr][INFO] - Post-cleaning ['history', 'parameters', 'yaml', 'log', 'rng', 'history']
