[2024-03-20 02:40:09,000][flwr][INFO] - working_dir: null
to_save_once:
- yaml
- log
- wandb
to_save_per_round:
- parameters
- rng
- history
save_frequency: 1
to_restore: []
to_clean_once:
- history
- parameters
- yaml
- log
- rng
- history
use_wandb: false
debug_clients:
  all: false
  one: true
wandb_resume: false
wandb_id: null
wandb:
  setup:
    project: template
    tags:
    - strategy_${strategy.name}
    - seed_${fed.seed}
    entity: null
    mode: online
ray_address: null
ray_redis_password: null
ray_node_ip_address: null
file_limit: 250
task:
  model_and_data: FMNIST_CNN
  train_structure: FMNIST
  fit_config:
    net_config: {}
    dataloader_config:
      batch_size: 4
    run_config:
      epochs: 1
      learning_rate: 0.01
      optimizer: lbfgs
    extra: {}
  eval_config:
    net_config: {}
    dataloader_config:
      batch_size: 8
    run_config: {}
    extra: {}
  fed_test_config:
    net_config: {}
    dataloader_config:
      batch_size: 8
    run_config: {}
    extra: {}
  net_config_initial_parameters: {}
  fit_metrics:
  - train_loss
  - train_accuracy
  evaluate_metrics:
  - test_accuracy
fed:
  num_rounds: 50
  num_total_clients: 100
  num_clients_per_round: 20
  num_evaluate_clients_per_round: 20
  enable_resampling: false
  cpus_per_client: 2
  gpus_per_client: 0
  seed: 1337
  load_saved_state: true
  server_round: null
  parameters_folder: null
  rng_folder: null
  history_folder: null
strategy:
  name: FedAvg
  init:
    _target_: flwr.server.strategy.FedAvg
dataset:
  dataset_dir: ./data/fmnist/data
  partition_dir: ./data/fmnist/partition
  num_clients: 100
  val_ratio: 0.1
  seed: 1337
  iid: false
  power_law: false
  balance: false
  lda: true
  alpha: 100.0

[2024-03-20 02:40:09,021][flwr][INFO] - Wandb run initialized with False
[2024-03-20 02:40:09,021][flwr][INFO] - Pre-cleaning ['history', 'parameters', 'yaml', 'log', 'rng', 'history']
[2024-03-20 02:40:09,022][flwr][INFO] - Loading parameters failed from: /Users/grantwilkins/fl-final-proj/outputs/2024-03-20/02-40-08/results/state/parameters/parameters_0.bin
[2024-03-20 02:40:09,022][flwr][INFO] - Generating initial parameters with config: {}
[2024-03-20 02:40:09,022][flwr][INFO] - Generating initial parameters with config: {}
[2024-03-20 02:40:09,048][flwr][INFO] - Using RNG seed: 1337
[2024-03-20 02:42:41,161][flwr][INFO] - Fit debug fit: [536, {'train_loss': 33.174509226922126, 'train_accuracy': 16.472014925373134}]  and eval: (0.312599190210892, 59, {'test_accuracy': 0.05084745762711865})
[2024-03-20 02:42:41,161][flwr][INFO] - Starting Flower simulation, config: ServerConfig(num_rounds=50, round_timeout=None)
[2024-03-20 02:42:43,776][flwr][INFO] - Flower VCE: Ray initialized with resources: {'memory': 23181932954.0, 'object_store_memory': 2147483648.0, 'CPU': 10.0, 'node:127.0.0.1': 1.0, 'node:__internal_head__': 1.0}
[2024-03-20 02:42:43,776][flwr][INFO] - Optimize your simulation with Flower VCE: https://flower.dev/docs/framework/how-to-run-simulations.html
[2024-03-20 02:42:43,776][flwr][INFO] - Flower VCE: Resources for each Virtual Client: {'num_cpus': 2, 'num_gpus': 0.0}
[2024-03-20 02:42:43,784][flwr][INFO] - Flower VCE: Creating VirtualClientEngineActorPool with 5 actors
[2024-03-20 02:42:43,784][flwr][INFO] - Initializing global parameters
[2024-03-20 02:42:43,784][flwr][INFO] - Using initial parameters provided by strategy
[2024-03-20 02:42:43,784][flwr][INFO] - Evaluating initial parameters
[2024-03-20 02:42:47,194][flwr][INFO] - initial parameters (loss, other metrics): 0.28825700409412386, {'test_accuracy': 0.0536}
[2024-03-20 02:42:47,204][flwr][INFO] - FL starting
[2024-03-20 02:42:47,204][flwr][INFO] - Sampled the following clients: ['18', '62', '29', '0', '45', '56', '26', '93', '96', '76', '83', '92', '99', '54', '43', '3', '84', '27', '37', '59']
[2024-03-20 02:42:47,205][flwr][DEBUG] - fit_round 1: strategy sampled 20 clients (out of 100)
[2024-03-20 03:03:16,745][flwr][DEBUG] - fit_round 1 received 20 results and 0 failures
[2024-03-20 03:03:19,675][flwr][INFO] - fit progress: (1, 0.2016231394842267, {'test_accuracy': 0.5138}, 1232.4444719580933)
[2024-03-20 03:03:19,675][flwr][INFO] - Sampled the following clients: ['41', '72', '1', '61', '47', '80', '99', '97', '54', '10', '58', '93', '89', '30', '23', '14', '31', '68', '96', '66']
[2024-03-20 03:03:19,675][flwr][DEBUG] - evaluate_round 1: strategy sampled 20 clients (out of 100)
[2024-03-20 03:03:20,103][flwr][DEBUG] - evaluate_round 1 received 20 results and 0 failures
[2024-03-20 03:03:20,115][flwr][INFO] - Sampled the following clients: ['0', '59', '24', '71', '20', '33', '69', '36', '73', '9', '61', '14', '37', '84', '42', '27', '79', '31', '46', '53']
[2024-03-20 03:03:20,115][flwr][DEBUG] - fit_round 2: strategy sampled 20 clients (out of 100)
[2024-03-20 03:23:57,072][flwr][DEBUG] - fit_round 2 received 20 results and 0 failures
[2024-03-20 03:24:00,007][flwr][INFO] - fit progress: (2, 0.3884396417465302, {'test_accuracy': 0.6286}, 2472.8270113749895)
[2024-03-20 03:24:00,008][flwr][INFO] - Sampled the following clients: ['18', '80', '54', '3', '75', '57', '0', '27', '22', '23', '99', '78', '37', '2', '51', '55', '58', '4', '44', '74']
[2024-03-20 03:24:00,008][flwr][DEBUG] - evaluate_round 2: strategy sampled 20 clients (out of 100)
[2024-03-20 03:24:00,377][flwr][DEBUG] - evaluate_round 2 received 20 results and 0 failures
[2024-03-20 03:24:00,394][flwr][INFO] - Sampled the following clients: ['40', '96', '0', '76', '54', '73', '31', '66', '72', '32', '74', '12', '75', '55', '15', '83', '56', '19', '9', '90']
[2024-03-20 03:24:00,394][flwr][DEBUG] - fit_round 3: strategy sampled 20 clients (out of 100)
[2024-03-20 03:43:35,453][flwr][DEBUG] - fit_round 3 received 20 results and 0 failures
[2024-03-20 03:43:38,374][flwr][INFO] - fit progress: (3, 0.3223276888314787, {'test_accuracy': 0.6703}, 3651.206277667079)
[2024-03-20 03:43:38,374][flwr][INFO] - Sampled the following clients: ['21', '94', '43', '95', '75', '77', '53', '41', '11', '67', '28', '84', '7', '57', '4', '91', '6', '76', '2', '25']
[2024-03-20 03:43:38,374][flwr][DEBUG] - evaluate_round 3: strategy sampled 20 clients (out of 100)
[2024-03-20 03:43:38,739][flwr][DEBUG] - evaluate_round 3 received 20 results and 0 failures
[2024-03-20 03:43:38,748][flwr][INFO] - Sampled the following clients: ['96', '98', '53', '49', '10', '18', '42', '63', '37', '88', '94', '81', '31', '56', '74', '50', '86', '25', '15', '28']
[2024-03-20 03:43:38,748][flwr][DEBUG] - fit_round 4: strategy sampled 20 clients (out of 100)
[2024-03-20 04:03:05,865][flwr][DEBUG] - fit_round 4 received 20 results and 0 failures
[2024-03-20 04:03:08,784][flwr][INFO] - fit progress: (4, 0.4195906919679264, {'test_accuracy': 0.6221}, 4821.583593707997)
[2024-03-20 04:03:08,784][flwr][INFO] - Sampled the following clients: ['36', '62', '92', '38', '75', '54', '45', '8', '26', '7', '91', '63', '43', '52', '66', '10', '83', '60', '55', '21']
[2024-03-20 04:03:08,784][flwr][DEBUG] - evaluate_round 4: strategy sampled 20 clients (out of 100)
[2024-03-20 04:03:09,155][flwr][DEBUG] - evaluate_round 4 received 20 results and 0 failures
[2024-03-20 04:03:09,162][flwr][INFO] - Sampled the following clients: ['3', '38', '10', '6', '91', '66', '41', '36', '94', '40', '8', '35', '69', '79', '27', '64', '65', '70', '59', '20']
[2024-03-20 04:03:09,162][flwr][DEBUG] - fit_round 5: strategy sampled 20 clients (out of 100)
[2024-03-20 04:21:48,031][flwr][DEBUG] - fit_round 5 received 20 results and 0 failures
[2024-03-20 04:21:51,091][flwr][INFO] - fit progress: (5, nan, {'test_accuracy': 0.0}, 5943.885313750012)
[2024-03-20 04:21:51,091][flwr][INFO] - Sampled the following clients: ['18', '81', '51', '75', '11', '66', '76', '39', '10', '89', '96', '57', '79', '50', '40', '90', '45', '46', '31', '61']
[2024-03-20 04:21:51,091][flwr][DEBUG] - evaluate_round 5: strategy sampled 20 clients (out of 100)
[2024-03-20 04:21:51,480][flwr][DEBUG] - evaluate_round 5 received 20 results and 0 failures
[2024-03-20 04:21:51,495][flwr][INFO] - Sampled the following clients: ['53', '40', '33', '94', '26', '41', '52', '3', '31', '69', '76', '81', '27', '71', '18', '91', '2', '44', '11', '84']
[2024-03-20 04:21:51,495][flwr][DEBUG] - fit_round 6: strategy sampled 20 clients (out of 100)
[2024-03-20 04:21:55,947][flwr][DEBUG] - fit_round 6 received 20 results and 0 failures
[2024-03-20 04:21:59,047][flwr][INFO] - fit progress: (6, nan, {'test_accuracy': 0.0}, 5951.840981707908)
[2024-03-20 04:21:59,047][flwr][INFO] - Sampled the following clients: ['40', '30', '61', '48', '49', '90', '2', '85', '27', '65', '80', '12', '74', '47', '39', '69', '63', '86', '87', '66']
[2024-03-20 04:21:59,047][flwr][DEBUG] - evaluate_round 6: strategy sampled 20 clients (out of 100)
[2024-03-20 04:21:59,423][flwr][DEBUG] - evaluate_round 6 received 20 results and 0 failures
[2024-03-20 04:21:59,435][flwr][INFO] - Sampled the following clients: ['63', '74', '14', '11', '58', '76', '92', '62', '73', '22', '65', '91', '47', '71', '56', '10', '40', '17', '33', '34']
[2024-03-20 04:21:59,435][flwr][DEBUG] - fit_round 7: strategy sampled 20 clients (out of 100)
[2024-03-20 04:22:04,041][flwr][DEBUG] - fit_round 7 received 20 results and 0 failures
[2024-03-20 04:22:07,112][flwr][INFO] - fit progress: (7, nan, {'test_accuracy': 0.0}, 5959.905755749904)
[2024-03-20 04:22:07,112][flwr][INFO] - Sampled the following clients: ['9', '28', '80', '42', '19', '82', '17', '84', '43', '69', '56', '15', '63', '81', '6', '64', '10', '68', '89', '12']
[2024-03-20 04:22:07,112][flwr][DEBUG] - evaluate_round 7: strategy sampled 20 clients (out of 100)
[2024-03-20 04:22:07,488][flwr][DEBUG] - evaluate_round 7 received 20 results and 0 failures
[2024-03-20 04:22:07,505][flwr][INFO] - Sampled the following clients: ['26', '65', '22', '82', '73', '93', '50', '48', '76', '3', '11', '51', '79', '90', '96', '2', '86', '25', '19', '13']
[2024-03-20 04:22:07,505][flwr][DEBUG] - fit_round 8: strategy sampled 20 clients (out of 100)
[2024-03-20 04:22:11,922][flwr][DEBUG] - fit_round 8 received 20 results and 0 failures
[2024-03-20 04:22:14,975][flwr][INFO] - fit progress: (8, nan, {'test_accuracy': 0.0}, 5967.769568708027)
[2024-03-20 04:22:14,976][flwr][INFO] - Sampled the following clients: ['53', '17', '91', '18', '86', '0', '30', '80', '22', '81', '76', '61', '52', '55', '96', '68', '54', '28', '92', '64']
[2024-03-20 04:22:14,976][flwr][DEBUG] - evaluate_round 8: strategy sampled 20 clients (out of 100)
[2024-03-20 04:22:15,343][flwr][DEBUG] - evaluate_round 8 received 20 results and 0 failures
[2024-03-20 04:22:15,363][flwr][INFO] - Sampled the following clients: ['9', '90', '34', '35', '37', '31', '17', '5', '26', '19', '83', '11', '18', '8', '77', '84', '29', '3', '56', '72']
[2024-03-20 04:22:15,363][flwr][DEBUG] - fit_round 9: strategy sampled 20 clients (out of 100)
[2024-03-20 04:22:19,799][flwr][DEBUG] - fit_round 9 received 20 results and 0 failures
[2024-03-20 04:22:22,867][flwr][INFO] - fit progress: (9, nan, {'test_accuracy': 0.0}, 5975.66063583293)
[2024-03-20 04:22:22,867][flwr][INFO] - Sampled the following clients: ['99', '24', '66', '35', '3', '1', '50', '67', '13', '97', '76', '4', '75', '53', '87', '61', '98', '31', '45', '44']
[2024-03-20 04:22:22,867][flwr][DEBUG] - evaluate_round 9: strategy sampled 20 clients (out of 100)
[2024-03-20 04:22:23,236][flwr][DEBUG] - evaluate_round 9 received 20 results and 0 failures
[2024-03-20 04:22:23,244][flwr][INFO] - Sampled the following clients: ['96', '46', '99', '31', '33', '10', '4', '5', '69', '20', '60', '52', '95', '15', '47', '66', '61', '90', '85', '12']
[2024-03-20 04:22:23,244][flwr][DEBUG] - fit_round 10: strategy sampled 20 clients (out of 100)
[2024-03-20 04:22:27,676][flwr][DEBUG] - fit_round 10 received 20 results and 0 failures
[2024-03-20 04:22:30,724][flwr][INFO] - fit progress: (10, nan, {'test_accuracy': 0.0}, 5983.518463749904)
[2024-03-20 04:22:30,725][flwr][INFO] - Sampled the following clients: ['26', '40', '28', '34', '68', '46', '42', '73', '93', '84', '61', '72', '10', '78', '94', '33', '4', '11', '70', '24']
[2024-03-20 04:22:30,725][flwr][DEBUG] - evaluate_round 10: strategy sampled 20 clients (out of 100)
[2024-03-20 04:22:31,079][flwr][DEBUG] - evaluate_round 10 received 20 results and 0 failures
[2024-03-20 04:22:31,093][flwr][INFO] - Sampled the following clients: ['80', '18', '11', '61', '25', '0', '85', '30', '19', '14', '53', '90', '43', '29', '33', '36', '81', '99', '58', '5']
[2024-03-20 04:22:31,093][flwr][DEBUG] - fit_round 11: strategy sampled 20 clients (out of 100)
[2024-03-20 04:22:35,548][flwr][DEBUG] - fit_round 11 received 20 results and 0 failures
[2024-03-20 04:22:38,606][flwr][INFO] - fit progress: (11, nan, {'test_accuracy': 0.0}, 5991.399748374941)
[2024-03-20 04:22:38,606][flwr][INFO] - Sampled the following clients: ['14', '79', '10', '1', '85', '92', '80', '48', '61', '50', '25', '45', '43', '7', '15', '33', '98', '75', '97', '47']
[2024-03-20 04:22:38,606][flwr][DEBUG] - evaluate_round 11: strategy sampled 20 clients (out of 100)
[2024-03-20 04:22:38,977][flwr][DEBUG] - evaluate_round 11 received 20 results and 0 failures
[2024-03-20 04:22:38,992][flwr][INFO] - Sampled the following clients: ['41', '75', '57', '14', '91', '99', '52', '16', '44', '24', '95', '23', '80', '27', '92', '35', '55', '94', '31', '69']
[2024-03-20 04:22:38,992][flwr][DEBUG] - fit_round 12: strategy sampled 20 clients (out of 100)
[2024-03-20 04:22:43,454][flwr][DEBUG] - fit_round 12 received 20 results and 0 failures
[2024-03-20 04:22:46,603][flwr][INFO] - fit progress: (12, nan, {'test_accuracy': 0.0}, 5999.396506957943)
[2024-03-20 04:22:46,603][flwr][INFO] - Sampled the following clients: ['27', '32', '70', '96', '74', '37', '52', '39', '82', '23', '66', '7', '38', '24', '26', '79', '36', '51', '8', '58']
[2024-03-20 04:22:46,603][flwr][DEBUG] - evaluate_round 12: strategy sampled 20 clients (out of 100)
[2024-03-20 04:22:46,959][flwr][DEBUG] - evaluate_round 12 received 20 results and 0 failures
[2024-03-20 04:22:46,977][flwr][INFO] - Sampled the following clients: ['31', '22', '18', '50', '54', '26', '58', '3', '27', '2', '91', '63', '68', '87', '4', '33', '6', '42', '34', '45']
[2024-03-20 04:22:46,977][flwr][DEBUG] - fit_round 13: strategy sampled 20 clients (out of 100)
[2024-03-20 04:22:51,527][flwr][DEBUG] - fit_round 13 received 20 results and 0 failures
[2024-03-20 04:22:54,625][flwr][INFO] - fit progress: (13, nan, {'test_accuracy': 0.0}, 6007.418489832897)
[2024-03-20 04:22:54,625][flwr][INFO] - Sampled the following clients: ['21', '33', '98', '74', '92', '2', '14', '9', '67', '87', '89', '76', '32', '40', '52', '71', '75', '6', '11', '86']
[2024-03-20 04:22:54,625][flwr][DEBUG] - evaluate_round 13: strategy sampled 20 clients (out of 100)
[2024-03-20 04:22:54,991][flwr][DEBUG] - evaluate_round 13 received 20 results and 0 failures
[2024-03-20 04:22:55,005][flwr][INFO] - Sampled the following clients: ['45', '67', '28', '80', '9', '73', '94', '92', '11', '59', '61', '78', '18', '41', '64', '4', '1', '55', '57', '85']
[2024-03-20 04:22:55,005][flwr][DEBUG] - fit_round 14: strategy sampled 20 clients (out of 100)
[2024-03-20 04:22:59,496][flwr][DEBUG] - fit_round 14 received 20 results and 0 failures
[2024-03-20 04:23:02,624][flwr][INFO] - fit progress: (14, nan, {'test_accuracy': 0.0}, 6015.418123791926)
[2024-03-20 04:23:02,624][flwr][INFO] - Sampled the following clients: ['66', '63', '38', '1', '49', '64', '88', '36', '51', '50', '18', '73', '56', '35', '99', '11', '44', '26', '4', '53']
[2024-03-20 04:23:02,624][flwr][DEBUG] - evaluate_round 14: strategy sampled 20 clients (out of 100)
[2024-03-20 04:23:02,991][flwr][DEBUG] - evaluate_round 14 received 20 results and 0 failures
[2024-03-20 04:23:03,005][flwr][INFO] - Sampled the following clients: ['81', '77', '91', '7', '30', '98', '69', '55', '1', '17', '73', '59', '9', '97', '2', '65', '38', '24', '6', '64']
[2024-03-20 04:23:03,005][flwr][DEBUG] - fit_round 15: strategy sampled 20 clients (out of 100)
[2024-03-20 04:23:07,514][flwr][DEBUG] - fit_round 15 received 20 results and 0 failures
[2024-03-20 04:23:10,595][flwr][INFO] - fit progress: (15, nan, {'test_accuracy': 0.0}, 6023.389250250068)
[2024-03-20 04:23:10,596][flwr][INFO] - Sampled the following clients: ['22', '29', '58', '6', '55', '69', '75', '72', '19', '17', '98', '76', '28', '67', '97', '25', '82', '31', '18', '52']
[2024-03-20 04:23:10,596][flwr][DEBUG] - evaluate_round 15: strategy sampled 20 clients (out of 100)
[2024-03-20 04:23:10,980][flwr][DEBUG] - evaluate_round 15 received 20 results and 0 failures
[2024-03-20 04:23:10,986][flwr][INFO] - Sampled the following clients: ['98', '8', '0', '77', '49', '40', '13', '33', '67', '34', '91', '54', '96', '82', '7', '60', '10', '97', '42', '83']
[2024-03-20 04:23:10,986][flwr][DEBUG] - fit_round 16: strategy sampled 20 clients (out of 100)
[2024-03-20 04:23:15,520][flwr][DEBUG] - fit_round 16 received 20 results and 0 failures
[2024-03-20 04:23:18,575][flwr][INFO] - fit progress: (16, nan, {'test_accuracy': 0.0}, 6031.369001332903)
[2024-03-20 04:23:18,575][flwr][INFO] - Sampled the following clients: ['31', '79', '78', '41', '89', '22', '94', '72', '76', '68', '75', '34', '87', '13', '39', '96', '25', '64', '69', '40']
[2024-03-20 04:23:18,575][flwr][DEBUG] - evaluate_round 16: strategy sampled 20 clients (out of 100)
[2024-03-20 04:23:18,930][flwr][DEBUG] - evaluate_round 16 received 20 results and 0 failures
[2024-03-20 04:23:18,943][flwr][INFO] - Sampled the following clients: ['43', '99', '52', '16', '65', '90', '33', '86', '37', '13', '74', '11', '88', '14', '59', '97', '3', '22', '47', '1']
[2024-03-20 04:23:18,943][flwr][DEBUG] - fit_round 17: strategy sampled 20 clients (out of 100)
[2024-03-20 04:23:23,394][flwr][DEBUG] - fit_round 17 received 20 results and 0 failures
[2024-03-20 04:23:26,451][flwr][INFO] - fit progress: (17, nan, {'test_accuracy': 0.0}, 6039.24435904203)
[2024-03-20 04:23:26,451][flwr][INFO] - Sampled the following clients: ['4', '86', '47', '48', '13', '14', '62', '94', '7', '38', '53', '95', '59', '1', '8', '27', '19', '29', '78', '41']
[2024-03-20 04:23:26,451][flwr][DEBUG] - evaluate_round 17: strategy sampled 20 clients (out of 100)
[2024-03-20 04:23:26,808][flwr][DEBUG] - evaluate_round 17 received 20 results and 0 failures
[2024-03-20 04:23:26,827][flwr][INFO] - Sampled the following clients: ['15', '59', '14', '63', '45', '24', '18', '87', '51', '70', '81', '13', '6', '55', '74', '17', '50', '48', '96', '16']
[2024-03-20 04:23:26,827][flwr][DEBUG] - fit_round 18: strategy sampled 20 clients (out of 100)
[2024-03-20 04:23:31,230][flwr][DEBUG] - fit_round 18 received 20 results and 0 failures
[2024-03-20 04:23:34,289][flwr][INFO] - fit progress: (18, nan, {'test_accuracy': 0.0}, 6047.082809166983)
[2024-03-20 04:23:34,289][flwr][INFO] - Sampled the following clients: ['22', '64', '81', '52', '47', '10', '96', '98', '34', '44', '7', '57', '62', '31', '14', '54', '90', '43', '37', '1']
[2024-03-20 04:23:34,289][flwr][DEBUG] - evaluate_round 18: strategy sampled 20 clients (out of 100)
[2024-03-20 04:23:34,660][flwr][DEBUG] - evaluate_round 18 received 20 results and 0 failures
[2024-03-20 04:23:34,672][flwr][INFO] - Sampled the following clients: ['10', '22', '16', '91', '66', '86', '77', '36', '59', '78', '83', '72', '47', '12', '40', '29', '52', '58', '65', '51']
[2024-03-20 04:23:34,672][flwr][DEBUG] - fit_round 19: strategy sampled 20 clients (out of 100)
[2024-03-20 04:23:39,101][flwr][DEBUG] - fit_round 19 received 20 results and 0 failures
[2024-03-20 04:23:42,152][flwr][INFO] - fit progress: (19, nan, {'test_accuracy': 0.0}, 6054.945594792021)
[2024-03-20 04:23:42,152][flwr][INFO] - Sampled the following clients: ['80', '46', '34', '40', '81', '49', '66', '79', '62', '29', '51', '38', '90', '85', '59', '8', '17', '10', '27', '87']
[2024-03-20 04:23:42,152][flwr][DEBUG] - evaluate_round 19: strategy sampled 20 clients (out of 100)
[2024-03-20 04:23:42,522][flwr][DEBUG] - evaluate_round 19 received 20 results and 0 failures
[2024-03-20 04:23:42,533][flwr][INFO] - Sampled the following clients: ['3', '65', '59', '57', '35', '33', '26', '96', '69', '87', '5', '1', '76', '56', '24', '58', '47', '62', '49', '9']
[2024-03-20 04:23:42,533][flwr][DEBUG] - fit_round 20: strategy sampled 20 clients (out of 100)
[2024-03-20 04:23:46,947][flwr][DEBUG] - fit_round 20 received 20 results and 0 failures
[2024-03-20 04:23:50,027][flwr][INFO] - fit progress: (20, nan, {'test_accuracy': 0.0}, 6062.821059624897)
[2024-03-20 04:23:50,028][flwr][INFO] - Sampled the following clients: ['54', '72', '45', '62', '50', '19', '92', '75', '32', '95', '20', '93', '11', '15', '98', '24', '13', '9', '4', '87']
[2024-03-20 04:23:50,028][flwr][DEBUG] - evaluate_round 20: strategy sampled 20 clients (out of 100)
[2024-03-20 04:23:50,381][flwr][DEBUG] - evaluate_round 20 received 20 results and 0 failures
[2024-03-20 04:23:50,395][flwr][INFO] - Sampled the following clients: ['89', '9', '33', '36', '47', '52', '19', '96', '10', '16', '51', '37', '26', '2', '20', '98', '79', '63', '40', '31']
[2024-03-20 04:23:50,395][flwr][DEBUG] - fit_round 21: strategy sampled 20 clients (out of 100)
[2024-03-20 04:23:54,792][flwr][DEBUG] - fit_round 21 received 20 results and 0 failures
[2024-03-20 04:23:57,840][flwr][INFO] - fit progress: (21, nan, {'test_accuracy': 0.0}, 6070.633679792052)
[2024-03-20 04:23:57,840][flwr][INFO] - Sampled the following clients: ['23', '55', '78', '82', '84', '32', '22', '15', '50', '93', '89', '69', '43', '34', '98', '37', '60', '67', '79', '40']
[2024-03-20 04:23:57,840][flwr][DEBUG] - evaluate_round 21: strategy sampled 20 clients (out of 100)
[2024-03-20 04:23:58,201][flwr][DEBUG] - evaluate_round 21 received 20 results and 0 failures
[2024-03-20 04:23:58,210][flwr][INFO] - Sampled the following clients: ['8', '82', '48', '27', '33', '75', '7', '16', '67', '53', '14', '12', '4', '22', '61', '84', '42', '59', '17', '56']
[2024-03-20 04:23:58,210][flwr][DEBUG] - fit_round 22: strategy sampled 20 clients (out of 100)
[2024-03-20 04:24:02,624][flwr][DEBUG] - fit_round 22 received 20 results and 0 failures
[2024-03-20 04:24:05,694][flwr][INFO] - fit progress: (22, nan, {'test_accuracy': 0.0}, 6078.48758379207)
[2024-03-20 04:24:05,694][flwr][INFO] - Sampled the following clients: ['15', '65', '3', '0', '82', '88', '35', '78', '71', '25', '12', '8', '10', '14', '24', '45', '21', '72', '80', '93']
[2024-03-20 04:24:05,694][flwr][DEBUG] - evaluate_round 22: strategy sampled 20 clients (out of 100)
[2024-03-20 04:24:06,084][flwr][DEBUG] - evaluate_round 22 received 20 results and 0 failures
[2024-03-20 04:24:06,096][flwr][INFO] - Sampled the following clients: ['72', '74', '69', '17', '64', '22', '25', '21', '62', '48', '36', '0', '56', '93', '39', '71', '15', '13', '40', '49']
[2024-03-20 04:24:06,096][flwr][DEBUG] - fit_round 23: strategy sampled 20 clients (out of 100)
[2024-03-20 04:24:10,543][flwr][DEBUG] - fit_round 23 received 20 results and 0 failures
[2024-03-20 04:24:13,607][flwr][INFO] - fit progress: (23, nan, {'test_accuracy': 0.0}, 6086.400649124989)
[2024-03-20 04:24:13,607][flwr][INFO] - Sampled the following clients: ['74', '51', '53', '22', '48', '35', '12', '38', '10', '85', '18', '73', '65', '19', '71', '89', '72', '44', '70', '80']
[2024-03-20 04:24:13,607][flwr][DEBUG] - evaluate_round 23: strategy sampled 20 clients (out of 100)
[2024-03-20 04:24:13,968][flwr][DEBUG] - evaluate_round 23 received 20 results and 0 failures
[2024-03-20 04:24:13,981][flwr][INFO] - Sampled the following clients: ['80', '68', '69', '42', '85', '22', '21', '86', '50', '41', '62', '96', '67', '4', '77', '39', '87', '34', '35', '98']
[2024-03-20 04:24:13,981][flwr][DEBUG] - fit_round 24: strategy sampled 20 clients (out of 100)
[2024-03-20 04:24:18,394][flwr][DEBUG] - fit_round 24 received 20 results and 0 failures
[2024-03-20 04:24:21,457][flwr][INFO] - fit progress: (24, nan, {'test_accuracy': 0.0}, 6094.25016962504)
[2024-03-20 04:24:21,457][flwr][INFO] - Sampled the following clients: ['71', '53', '49', '52', '73', '64', '56', '93', '46', '69', '19', '77', '51', '28', '23', '36', '81', '84', '50', '22']
[2024-03-20 04:24:21,457][flwr][DEBUG] - evaluate_round 24: strategy sampled 20 clients (out of 100)
[2024-03-20 04:24:21,820][flwr][DEBUG] - evaluate_round 24 received 20 results and 0 failures
[2024-03-20 04:24:21,835][flwr][INFO] - Sampled the following clients: ['4', '13', '90', '89', '72', '65', '19', '34', '54', '67', '93', '46', '23', '44', '66', '56', '2', '57', '20', '48']
[2024-03-20 04:24:21,835][flwr][DEBUG] - fit_round 25: strategy sampled 20 clients (out of 100)
[2024-03-20 04:24:26,224][flwr][DEBUG] - fit_round 25 received 20 results and 0 failures
[2024-03-20 04:24:29,314][flwr][INFO] - fit progress: (25, nan, {'test_accuracy': 0.0}, 6102.107725749956)
[2024-03-20 04:24:29,315][flwr][INFO] - Sampled the following clients: ['95', '92', '16', '83', '8', '81', '88', '20', '22', '33', '68', '1', '82', '10', '62', '23', '25', '89', '93', '97']
[2024-03-20 04:24:29,315][flwr][DEBUG] - evaluate_round 25: strategy sampled 20 clients (out of 100)
[2024-03-20 04:24:29,673][flwr][DEBUG] - evaluate_round 25 received 20 results and 0 failures
[2024-03-20 04:24:29,681][flwr][INFO] - Sampled the following clients: ['80', '30', '19', '71', '10', '52', '47', '50', '75', '21', '76', '12', '43', '8', '89', '96', '68', '26', '17', '3']
[2024-03-20 04:24:29,681][flwr][DEBUG] - fit_round 26: strategy sampled 20 clients (out of 100)
[2024-03-20 04:24:34,104][flwr][DEBUG] - fit_round 26 received 20 results and 0 failures
[2024-03-20 04:24:37,178][flwr][INFO] - fit progress: (26, nan, {'test_accuracy': 0.0}, 6109.971103250049)
[2024-03-20 04:24:37,178][flwr][INFO] - Sampled the following clients: ['78', '98', '35', '8', '97', '32', '12', '86', '47', '84', '89', '95', '14', '43', '93', '54', '80', '75', '9', '85']
[2024-03-20 04:24:37,178][flwr][DEBUG] - evaluate_round 26: strategy sampled 20 clients (out of 100)
[2024-03-20 04:24:37,569][flwr][DEBUG] - evaluate_round 26 received 20 results and 0 failures
[2024-03-20 04:24:37,588][flwr][INFO] - Sampled the following clients: ['11', '6', '37', '78', '2', '7', '8', '42', '59', '53', '98', '14', '28', '96', '56', '67', '41', '15', '30', '55']
[2024-03-20 04:24:37,588][flwr][DEBUG] - fit_round 27: strategy sampled 20 clients (out of 100)
[2024-03-20 04:24:42,048][flwr][DEBUG] - fit_round 27 received 20 results and 0 failures
[2024-03-20 04:24:45,096][flwr][INFO] - fit progress: (27, nan, {'test_accuracy': 0.0}, 6117.88927766704)
[2024-03-20 04:24:45,096][flwr][INFO] - Sampled the following clients: ['65', '68', '37', '48', '52', '95', '45', '63', '16', '38', '74', '56', '18', '3', '66', '42', '62', '5', '84', '33']
[2024-03-20 04:24:45,096][flwr][DEBUG] - evaluate_round 27: strategy sampled 20 clients (out of 100)
[2024-03-20 04:24:45,469][flwr][DEBUG] - evaluate_round 27 received 20 results and 0 failures
[2024-03-20 04:24:45,482][flwr][INFO] - Sampled the following clients: ['7', '83', '60', '6', '34', '32', '9', '97', '4', '47', '78', '48', '76', '61', '51', '13', '54', '5', '64', '87']
[2024-03-20 04:24:45,482][flwr][DEBUG] - fit_round 28: strategy sampled 20 clients (out of 100)
[2024-03-20 04:24:49,919][flwr][DEBUG] - fit_round 28 received 20 results and 0 failures
[2024-03-20 04:24:52,991][flwr][INFO] - fit progress: (28, nan, {'test_accuracy': 0.0}, 6125.784268167103)
[2024-03-20 04:24:52,992][flwr][INFO] - Sampled the following clients: ['86', '56', '65', '49', '79', '64', '26', '16', '80', '12', '45', '57', '0', '98', '31', '88', '42', '75', '24', '34']
[2024-03-20 04:24:52,992][flwr][DEBUG] - evaluate_round 28: strategy sampled 20 clients (out of 100)
[2024-03-20 04:24:53,365][flwr][DEBUG] - evaluate_round 28 received 20 results and 0 failures
[2024-03-20 04:24:53,382][flwr][INFO] - Sampled the following clients: ['55', '93', '3', '89', '74', '95', '29', '14', '83', '45', '96', '9', '36', '41', '21', '42', '71', '27', '46', '63']
[2024-03-20 04:24:53,383][flwr][DEBUG] - fit_round 29: strategy sampled 20 clients (out of 100)
[2024-03-20 04:24:57,820][flwr][DEBUG] - fit_round 29 received 20 results and 0 failures
[2024-03-20 04:25:00,861][flwr][INFO] - fit progress: (29, nan, {'test_accuracy': 0.0}, 6133.654468457913)
[2024-03-20 04:25:00,862][flwr][INFO] - Sampled the following clients: ['49', '70', '77', '4', '6', '48', '46', '63', '75', '25', '61', '66', '83', '88', '13', '85', '84', '18', '38', '39']
[2024-03-20 04:25:00,862][flwr][DEBUG] - evaluate_round 29: strategy sampled 20 clients (out of 100)
[2024-03-20 04:25:01,217][flwr][DEBUG] - evaluate_round 29 received 20 results and 0 failures
[2024-03-20 04:25:01,227][flwr][INFO] - Sampled the following clients: ['99', '18', '38', '15', '22', '59', '66', '19', '64', '96', '78', '26', '11', '5', '68', '33', '42', '62', '86', '35']
[2024-03-20 04:25:01,227][flwr][DEBUG] - fit_round 30: strategy sampled 20 clients (out of 100)
[2024-03-20 04:25:05,687][flwr][DEBUG] - fit_round 30 received 20 results and 0 failures
[2024-03-20 04:25:08,760][flwr][INFO] - fit progress: (30, nan, {'test_accuracy': 0.0}, 6141.553582875058)
[2024-03-20 04:25:08,761][flwr][INFO] - Sampled the following clients: ['74', '89', '15', '44', '54', '58', '5', '62', '63', '30', '55', '45', '56', '69', '2', '38', '67', '11', '37', '3']
[2024-03-20 04:25:08,761][flwr][DEBUG] - evaluate_round 30: strategy sampled 20 clients (out of 100)
[2024-03-20 04:25:09,143][flwr][DEBUG] - evaluate_round 30 received 20 results and 0 failures
[2024-03-20 04:25:09,157][flwr][INFO] - Sampled the following clients: ['76', '17', '34', '45', '93', '8', '25', '96', '98', '91', '18', '29', '85', '68', '55', '20', '9', '95', '14', '26']
[2024-03-20 04:25:09,157][flwr][DEBUG] - fit_round 31: strategy sampled 20 clients (out of 100)
[2024-03-20 04:25:13,606][flwr][DEBUG] - fit_round 31 received 20 results and 0 failures
[2024-03-20 04:25:16,638][flwr][INFO] - fit progress: (31, nan, {'test_accuracy': 0.0}, 6149.431518000085)
[2024-03-20 04:25:16,638][flwr][INFO] - Sampled the following clients: ['64', '36', '62', '47', '5', '75', '48', '0', '13', '25', '8', '95', '38', '18', '70', '60', '30', '72', '87', '41']
[2024-03-20 04:25:16,638][flwr][DEBUG] - evaluate_round 31: strategy sampled 20 clients (out of 100)
[2024-03-20 04:25:17,007][flwr][DEBUG] - evaluate_round 31 received 20 results and 0 failures
[2024-03-20 04:25:17,021][flwr][INFO] - Sampled the following clients: ['98', '87', '24', '22', '59', '20', '42', '80', '39', '53', '97', '67', '38', '14', '45', '48', '3', '54', '16', '62']
[2024-03-20 04:25:17,021][flwr][DEBUG] - fit_round 32: strategy sampled 20 clients (out of 100)
[2024-03-20 04:25:21,484][flwr][DEBUG] - fit_round 32 received 20 results and 0 failures
[2024-03-20 04:25:24,405][flwr][INFO] - fit progress: (32, nan, {'test_accuracy': 0.0}, 6157.197950166883)
[2024-03-20 04:25:24,405][flwr][INFO] - Sampled the following clients: ['27', '63', '8', '0', '1', '50', '59', '44', '49', '89', '64', '55', '9', '66', '71', '16', '42', '34', '87', '99']
[2024-03-20 04:25:24,405][flwr][DEBUG] - evaluate_round 32: strategy sampled 20 clients (out of 100)
[2024-03-20 04:25:24,780][flwr][DEBUG] - evaluate_round 32 received 20 results and 0 failures
[2024-03-20 04:25:24,787][flwr][INFO] - Sampled the following clients: ['14', '44', '54', '95', '61', '12', '49', '91', '7', '98', '30', '50', '72', '82', '41', '11', '52', '13', '18', '28']
[2024-03-20 04:25:24,787][flwr][DEBUG] - fit_round 33: strategy sampled 20 clients (out of 100)
[2024-03-20 04:25:29,188][flwr][DEBUG] - fit_round 33 received 20 results and 0 failures
[2024-03-20 04:25:32,122][flwr][INFO] - fit progress: (33, nan, {'test_accuracy': 0.0}, 6164.9147014170885)
[2024-03-20 04:25:32,122][flwr][INFO] - Sampled the following clients: ['50', '19', '85', '14', '94', '33', '56', '68', '51', '58', '70', '16', '45', '9', '63', '11', '31', '4', '27', '22']
[2024-03-20 04:25:32,122][flwr][DEBUG] - evaluate_round 33: strategy sampled 20 clients (out of 100)
[2024-03-20 04:25:32,490][flwr][DEBUG] - evaluate_round 33 received 20 results and 0 failures
[2024-03-20 04:25:32,500][flwr][INFO] - Sampled the following clients: ['70', '39', '19', '91', '11', '40', '72', '13', '97', '71', '66', '2', '58', '4', '23', '84', '27', '16', '96', '44']
[2024-03-20 04:25:32,500][flwr][DEBUG] - fit_round 34: strategy sampled 20 clients (out of 100)
[2024-03-20 04:25:36,924][flwr][DEBUG] - fit_round 34 received 20 results and 0 failures
[2024-03-20 04:25:39,857][flwr][INFO] - fit progress: (34, nan, {'test_accuracy': 0.0}, 6172.649631791981)
[2024-03-20 04:25:39,857][flwr][INFO] - Sampled the following clients: ['54', '29', '22', '96', '66', '31', '55', '98', '79', '93', '63', '78', '50', '65', '20', '46', '64', '0', '76', '97']
[2024-03-20 04:25:39,857][flwr][DEBUG] - evaluate_round 34: strategy sampled 20 clients (out of 100)
[2024-03-20 04:25:40,237][flwr][DEBUG] - evaluate_round 34 received 20 results and 0 failures
[2024-03-20 04:25:40,247][flwr][INFO] - Sampled the following clients: ['88', '95', '18', '78', '63', '85', '26', '15', '66', '96', '6', '45', '22', '71', '79', '60', '62', '76', '32', '83']
[2024-03-20 04:25:40,247][flwr][DEBUG] - fit_round 35: strategy sampled 20 clients (out of 100)
[2024-03-20 04:25:44,633][flwr][DEBUG] - fit_round 35 received 20 results and 0 failures
[2024-03-20 04:25:47,562][flwr][INFO] - fit progress: (35, nan, {'test_accuracy': 0.0}, 6180.355402082903)
[2024-03-20 04:25:47,562][flwr][INFO] - Sampled the following clients: ['45', '73', '56', '26', '59', '33', '1', '74', '49', '5', '89', '68', '35', '79', '39', '42', '70', '14', '9', '21']
[2024-03-20 04:25:47,562][flwr][DEBUG] - evaluate_round 35: strategy sampled 20 clients (out of 100)
[2024-03-20 04:25:47,922][flwr][DEBUG] - evaluate_round 35 received 20 results and 0 failures
[2024-03-20 04:25:47,933][flwr][INFO] - Sampled the following clients: ['15', '4', '63', '45', '75', '46', '90', '99', '12', '8', '60', '0', '80', '21', '54', '11', '30', '82', '22', '65']
[2024-03-20 04:25:47,933][flwr][DEBUG] - fit_round 36: strategy sampled 20 clients (out of 100)
[2024-03-20 04:25:52,325][flwr][DEBUG] - fit_round 36 received 20 results and 0 failures
[2024-03-20 04:25:55,261][flwr][INFO] - fit progress: (36, nan, {'test_accuracy': 0.0}, 6188.0545022920705)
[2024-03-20 04:25:55,262][flwr][INFO] - Sampled the following clients: ['18', '16', '70', '28', '4', '48', '55', '42', '68', '11', '57', '53', '20', '59', '82', '10', '94', '5', '38', '51']
[2024-03-20 04:25:55,262][flwr][DEBUG] - evaluate_round 36: strategy sampled 20 clients (out of 100)
[2024-03-20 04:25:55,625][flwr][DEBUG] - evaluate_round 36 received 20 results and 0 failures
[2024-03-20 04:25:55,638][flwr][INFO] - Sampled the following clients: ['55', '2', '38', '34', '26', '66', '29', '63', '19', '82', '78', '25', '70', '68', '93', '52', '31', '35', '73', '41']
[2024-03-20 04:25:55,638][flwr][DEBUG] - fit_round 37: strategy sampled 20 clients (out of 100)
[2024-03-20 04:26:00,072][flwr][DEBUG] - fit_round 37 received 20 results and 0 failures
[2024-03-20 04:26:02,998][flwr][INFO] - fit progress: (37, nan, {'test_accuracy': 0.0}, 6195.790759624913)
[2024-03-20 04:26:02,998][flwr][INFO] - Sampled the following clients: ['17', '3', '16', '25', '53', '66', '67', '44', '47', '41', '0', '18', '65', '76', '92', '50', '33', '22', '34', '26']
[2024-03-20 04:26:02,998][flwr][DEBUG] - evaluate_round 37: strategy sampled 20 clients (out of 100)
[2024-03-20 04:26:03,359][flwr][DEBUG] - evaluate_round 37 received 20 results and 0 failures
[2024-03-20 04:26:03,371][flwr][INFO] - Sampled the following clients: ['49', '24', '86', '91', '5', '65', '13', '54', '10', '20', '56', '95', '31', '50', '11', '34', '39', '74', '32', '52']
[2024-03-20 04:26:03,371][flwr][DEBUG] - fit_round 38: strategy sampled 20 clients (out of 100)
[2024-03-20 04:26:07,831][flwr][DEBUG] - fit_round 38 received 20 results and 0 failures
[2024-03-20 04:26:10,764][flwr][INFO] - fit progress: (38, nan, {'test_accuracy': 0.0}, 6203.557162000099)
[2024-03-20 04:26:10,764][flwr][INFO] - Sampled the following clients: ['17', '93', '68', '88', '13', '28', '20', '83', '84', '87', '76', '37', '60', '64', '70', '96', '30', '95', '98', '6']
[2024-03-20 04:26:10,764][flwr][DEBUG] - evaluate_round 38: strategy sampled 20 clients (out of 100)
[2024-03-20 04:26:11,147][flwr][DEBUG] - evaluate_round 38 received 20 results and 0 failures
[2024-03-20 04:26:11,160][flwr][INFO] - Sampled the following clients: ['67', '2', '30', '74', '62', '82', '22', '35', '14', '9', '57', '8', '99', '33', '19', '90', '23', '66', '58', '37']
[2024-03-20 04:26:11,160][flwr][DEBUG] - fit_round 39: strategy sampled 20 clients (out of 100)
[2024-03-20 04:26:15,571][flwr][DEBUG] - fit_round 39 received 20 results and 0 failures
[2024-03-20 04:26:18,507][flwr][INFO] - fit progress: (39, nan, {'test_accuracy': 0.0}, 6211.300026542041)
[2024-03-20 04:26:18,507][flwr][INFO] - Sampled the following clients: ['26', '67', '91', '27', '71', '15', '41', '17', '6', '46', '59', '31', '22', '40', '83', '65', '56', '39', '80', '53']
[2024-03-20 04:26:18,507][flwr][DEBUG] - evaluate_round 39: strategy sampled 20 clients (out of 100)
[2024-03-20 04:26:18,851][flwr][DEBUG] - evaluate_round 39 received 20 results and 0 failures
[2024-03-20 04:26:18,866][flwr][INFO] - Sampled the following clients: ['61', '85', '96', '57', '44', '65', '94', '62', '39', '73', '7', '18', '74', '75', '88', '98', '16', '83', '34', '68']
[2024-03-20 04:26:18,866][flwr][DEBUG] - fit_round 40: strategy sampled 20 clients (out of 100)
[2024-03-20 04:26:23,255][flwr][DEBUG] - fit_round 40 received 20 results and 0 failures
[2024-03-20 04:26:26,204][flwr][INFO] - fit progress: (40, nan, {'test_accuracy': 0.0}, 6218.996845541988)
[2024-03-20 04:26:26,204][flwr][INFO] - Sampled the following clients: ['72', '27', '76', '82', '39', '25', '50', '61', '74', '54', '92', '46', '13', '77', '91', '90', '60', '40', '99', '71']
[2024-03-20 04:26:26,204][flwr][DEBUG] - evaluate_round 40: strategy sampled 20 clients (out of 100)
[2024-03-20 04:26:26,566][flwr][DEBUG] - evaluate_round 40 received 20 results and 0 failures
[2024-03-20 04:26:26,579][flwr][INFO] - Sampled the following clients: ['21', '93', '32', '23', '39', '55', '34', '81', '20', '88', '82', '94', '3', '87', '25', '66', '70', '99', '7', '45']
[2024-03-20 04:26:26,579][flwr][DEBUG] - fit_round 41: strategy sampled 20 clients (out of 100)
[2024-03-20 04:26:30,970][flwr][DEBUG] - fit_round 41 received 20 results and 0 failures
[2024-03-20 04:26:33,913][flwr][INFO] - fit progress: (41, nan, {'test_accuracy': 0.0}, 6226.706351750065)
[2024-03-20 04:26:33,914][flwr][INFO] - Sampled the following clients: ['38', '70', '59', '23', '24', '20', '12', '86', '73', '81', '49', '68', '51', '71', '85', '0', '80', '41', '61', '7']
[2024-03-20 04:26:33,914][flwr][DEBUG] - evaluate_round 41: strategy sampled 20 clients (out of 100)
[2024-03-20 04:26:34,300][flwr][DEBUG] - evaluate_round 41 received 20 results and 0 failures
[2024-03-20 04:26:34,315][flwr][INFO] - Sampled the following clients: ['45', '12', '91', '6', '85', '56', '8', '5', '13', '47', '43', '18', '88', '66', '29', '35', '58', '53', '34', '17']
[2024-03-20 04:26:34,315][flwr][DEBUG] - fit_round 42: strategy sampled 20 clients (out of 100)
[2024-03-20 04:26:38,727][flwr][DEBUG] - fit_round 42 received 20 results and 0 failures
[2024-03-20 04:26:41,662][flwr][INFO] - fit progress: (42, nan, {'test_accuracy': 0.0}, 6234.45466612489)
[2024-03-20 04:26:41,662][flwr][INFO] - Sampled the following clients: ['86', '7', '1', '93', '81', '61', '60', '88', '62', '40', '69', '35', '44', '90', '79', '53', '21', '50', '26', '58']
[2024-03-20 04:26:41,662][flwr][DEBUG] - evaluate_round 42: strategy sampled 20 clients (out of 100)
[2024-03-20 04:26:42,031][flwr][DEBUG] - evaluate_round 42 received 20 results and 0 failures
[2024-03-20 04:26:42,051][flwr][INFO] - Sampled the following clients: ['90', '25', '82', '35', '51', '3', '97', '84', '10', '37', '6', '15', '86', '38', '5', '85', '1', '17', '42', '29']
[2024-03-20 04:26:42,051][flwr][DEBUG] - fit_round 43: strategy sampled 20 clients (out of 100)
[2024-03-20 04:26:46,474][flwr][DEBUG] - fit_round 43 received 20 results and 0 failures
[2024-03-20 04:26:49,434][flwr][INFO] - fit progress: (43, nan, {'test_accuracy': 0.0}, 6242.226303125033)
[2024-03-20 04:26:49,434][flwr][INFO] - Sampled the following clients: ['13', '44', '9', '42', '82', '12', '69', '50', '48', '21', '45', '95', '71', '34', '46', '59', '93', '22', '64', '10']
[2024-03-20 04:26:49,434][flwr][DEBUG] - evaluate_round 43: strategy sampled 20 clients (out of 100)
[2024-03-20 04:26:49,785][flwr][DEBUG] - evaluate_round 43 received 20 results and 0 failures
[2024-03-20 04:26:49,800][flwr][INFO] - Sampled the following clients: ['79', '7', '85', '69', '34', '87', '66', '25', '27', '52', '55', '38', '75', '30', '43', '91', '95', '40', '17', '35']
[2024-03-20 04:26:49,800][flwr][DEBUG] - fit_round 44: strategy sampled 20 clients (out of 100)
[2024-03-20 04:26:54,202][flwr][DEBUG] - fit_round 44 received 20 results and 0 failures
[2024-03-20 04:26:57,156][flwr][INFO] - fit progress: (44, nan, {'test_accuracy': 0.0}, 6249.94847291708)
[2024-03-20 04:26:57,156][flwr][INFO] - Sampled the following clients: ['37', '73', '34', '63', '55', '66', '58', '24', '86', '93', '80', '32', '59', '83', '88', '12', '9', '13', '29', '14']
[2024-03-20 04:26:57,156][flwr][DEBUG] - evaluate_round 44: strategy sampled 20 clients (out of 100)
[2024-03-20 04:26:57,528][flwr][DEBUG] - evaluate_round 44 received 20 results and 0 failures
[2024-03-20 04:26:57,542][flwr][INFO] - Sampled the following clients: ['87', '5', '38', '6', '65', '3', '30', '52', '29', '57', '22', '83', '70', '7', '40', '58', '8', '63', '99', '56']
[2024-03-20 04:26:57,542][flwr][DEBUG] - fit_round 45: strategy sampled 20 clients (out of 100)
[2024-03-20 04:27:01,971][flwr][DEBUG] - fit_round 45 received 20 results and 0 failures
[2024-03-20 04:27:04,907][flwr][INFO] - fit progress: (45, nan, {'test_accuracy': 0.0}, 6257.699798458023)
[2024-03-20 04:27:04,907][flwr][INFO] - Sampled the following clients: ['41', '34', '97', '31', '24', '28', '45', '16', '89', '73', '10', '43', '90', '60', '57', '32', '3', '78', '50', '40']
[2024-03-20 04:27:04,907][flwr][DEBUG] - evaluate_round 45: strategy sampled 20 clients (out of 100)
[2024-03-20 04:27:05,289][flwr][DEBUG] - evaluate_round 45 received 20 results and 0 failures
[2024-03-20 04:27:05,300][flwr][INFO] - Sampled the following clients: ['73', '34', '72', '36', '14', '39', '21', '86', '37', '3', '26', '92', '4', '24', '81', '50', '67', '52', '40', '94']
[2024-03-20 04:27:05,300][flwr][DEBUG] - fit_round 46: strategy sampled 20 clients (out of 100)
[2024-03-20 04:27:09,691][flwr][DEBUG] - fit_round 46 received 20 results and 0 failures
[2024-03-20 04:27:12,658][flwr][INFO] - fit progress: (46, nan, {'test_accuracy': 0.0}, 6265.450297582895)
[2024-03-20 04:27:12,658][flwr][INFO] - Sampled the following clients: ['67', '47', '19', '92', '73', '38', '6', '10', '61', '60', '7', '79', '93', '52', '58', '62', '56', '63', '33', '31']
[2024-03-20 04:27:12,658][flwr][DEBUG] - evaluate_round 46: strategy sampled 20 clients (out of 100)
[2024-03-20 04:27:13,033][flwr][DEBUG] - evaluate_round 46 received 20 results and 0 failures
[2024-03-20 04:27:13,055][flwr][INFO] - Sampled the following clients: ['99', '64', '61', '8', '97', '42', '88', '57', '44', '46', '32', '11', '49', '20', '28', '60', '40', '10', '69', '80']
[2024-03-20 04:27:13,055][flwr][DEBUG] - fit_round 47: strategy sampled 20 clients (out of 100)
[2024-03-20 04:27:17,469][flwr][DEBUG] - fit_round 47 received 20 results and 0 failures
[2024-03-20 04:27:20,440][flwr][INFO] - fit progress: (47, nan, {'test_accuracy': 0.0}, 6273.232897083042)
[2024-03-20 04:27:20,440][flwr][INFO] - Sampled the following clients: ['3', '31', '95', '17', '53', '18', '88', '37', '40', '64', '24', '30', '67', '85', '58', '90', '45', '74', '11', '65']
[2024-03-20 04:27:20,440][flwr][DEBUG] - evaluate_round 47: strategy sampled 20 clients (out of 100)
[2024-03-20 04:27:20,808][flwr][DEBUG] - evaluate_round 47 received 20 results and 0 failures
[2024-03-20 04:27:20,824][flwr][INFO] - Sampled the following clients: ['55', '48', '40', '10', '67', '39', '26', '58', '11', '93', '89', '3', '51', '35', '12', '59', '52', '72', '99', '53']
[2024-03-20 04:27:20,824][flwr][DEBUG] - fit_round 48: strategy sampled 20 clients (out of 100)
[2024-03-20 04:27:25,222][flwr][DEBUG] - fit_round 48 received 20 results and 0 failures
[2024-03-20 04:27:28,208][flwr][INFO] - fit progress: (48, nan, {'test_accuracy': 0.0}, 6281.001091167098)
[2024-03-20 04:27:28,209][flwr][INFO] - Sampled the following clients: ['82', '2', '84', '6', '17', '65', '46', '19', '38', '47', '85', '14', '74', '27', '43', '95', '83', '52', '49', '89']
[2024-03-20 04:27:28,209][flwr][DEBUG] - evaluate_round 48: strategy sampled 20 clients (out of 100)
[2024-03-20 04:27:28,582][flwr][DEBUG] - evaluate_round 48 received 20 results and 0 failures
[2024-03-20 04:27:28,596][flwr][INFO] - Sampled the following clients: ['20', '50', '8', '97', '24', '32', '89', '46', '63', '65', '83', '6', '40', '66', '47', '9', '68', '61', '7', '93']
[2024-03-20 04:27:28,596][flwr][DEBUG] - fit_round 49: strategy sampled 20 clients (out of 100)
[2024-03-20 04:27:33,041][flwr][DEBUG] - fit_round 49 received 20 results and 0 failures
[2024-03-20 04:27:36,032][flwr][INFO] - fit progress: (49, nan, {'test_accuracy': 0.0}, 6288.824415958021)
[2024-03-20 04:27:36,032][flwr][INFO] - Sampled the following clients: ['25', '15', '92', '57', '34', '79', '41', '59', '93', '42', '4', '86', '95', '50', '71', '22', '8', '20', '17', '96']
[2024-03-20 04:27:36,032][flwr][DEBUG] - evaluate_round 49: strategy sampled 20 clients (out of 100)
[2024-03-20 04:27:36,417][flwr][DEBUG] - evaluate_round 49 received 20 results and 0 failures
[2024-03-20 04:27:36,427][flwr][INFO] - Sampled the following clients: ['48', '9', '22', '82', '71', '57', '19', '34', '15', '7', '68', '56', '89', '78', '31', '74', '18', '62', '36', '3']
[2024-03-20 04:27:36,427][flwr][DEBUG] - fit_round 50: strategy sampled 20 clients (out of 100)
[2024-03-20 04:27:40,875][flwr][DEBUG] - fit_round 50 received 20 results and 0 failures
[2024-03-20 04:27:43,847][flwr][INFO] - fit progress: (50, nan, {'test_accuracy': 0.0}, 6296.639958708081)
[2024-03-20 04:27:43,848][flwr][INFO] - Sampled the following clients: ['21', '57', '20', '99', '28', '50', '37', '66', '39', '9', '78', '35', '52', '11', '25', '77', '93', '10', '89', '56']
[2024-03-20 04:27:43,848][flwr][DEBUG] - evaluate_round 50: strategy sampled 20 clients (out of 100)
[2024-03-20 04:27:44,213][flwr][DEBUG] - evaluate_round 50 received 20 results and 0 failures
[2024-03-20 04:27:44,233][flwr][INFO] - FL finished in 6297.025112417061
[2024-03-20 04:27:44,241][flwr][INFO] - app_fit: losses_distributed [(1, 0.2307138937004542), (2, 0.47142652664517043), (3, 0.3914162609015157), (4, 0.47495777034222164), (5, nan), (6, nan), (7, nan), (8, nan), (9, nan), (10, nan), (11, nan), (12, nan), (13, nan), (14, nan), (15, nan), (16, nan), (17, nan), (18, nan), (19, nan), (20, nan), (21, nan), (22, nan), (23, nan), (24, nan), (25, nan), (26, nan), (27, nan), (28, nan), (29, nan), (30, nan), (31, nan), (32, nan), (33, nan), (34, nan), (35, nan), (36, nan), (37, nan), (38, nan), (39, nan), (40, nan), (41, nan), (42, nan), (43, nan), (44, nan), (45, nan), (46, nan), (47, nan), (48, nan), (49, nan), (50, nan)]
[2024-03-20 04:27:44,241][flwr][INFO] - app_fit: metrics_distributed_fit {'train_loss': [(1, 111.68248651681837), (2, 3587.6520338570936), (3, 6201889.5370882405), (4, 187972273113.4373), (5, nan), (6, nan), (7, nan), (8, nan), (9, nan), (10, nan), (11, nan), (12, nan), (13, nan), (14, nan), (15, nan), (16, nan), (17, nan), (18, nan), (19, nan), (20, nan), (21, nan), (22, nan), (23, nan), (24, nan), (25, nan), (26, nan), (27, nan), (28, nan), (29, nan), (30, nan), (31, nan), (32, nan), (33, nan), (34, nan), (35, nan), (36, nan), (37, nan), (38, nan), (39, nan), (40, nan), (41, nan), (42, nan), (43, nan), (44, nan), (45, nan), (46, nan), (47, nan), (48, nan), (49, nan), (50, nan)], 'train_accuracy': [(1, 16.923521731020333), (2, 18.334981343283584), (3, 18.73686666044602), (4, 18.258696260374894), (5, 17.904850746268657), (6, 0.0), (7, 0.0), (8, 0.0), (9, 0.0), (10, 0.0), (11, 0.0), (12, 0.0), (13, 0.0), (14, 0.0), (15, 0.0), (16, 0.0), (17, 0.0), (18, 0.0), (19, 0.0), (20, 0.0), (21, 0.0), (22, 0.0), (23, 0.0), (24, 0.0), (25, 0.0), (26, 0.0), (27, 0.0), (28, 0.0), (29, 0.0), (30, 0.0), (31, 0.0), (32, 0.0), (33, 0.0), (34, 0.0), (35, 0.0), (36, 0.0), (37, 0.0), (38, 0.0), (39, 0.0), (40, 0.0), (41, 0.0), (42, 0.0), (43, 0.0), (44, 0.0), (45, 0.0), (46, 0.0), (47, 0.0), (48, 0.0), (49, 0.0), (50, 0.0)]}
[2024-03-20 04:27:44,242][flwr][INFO] - app_fit: metrics_distributed {'test_accuracy': [(1, 0.5059322033898305), (2, 0.6110169491525423), (3, 0.652542372881356), (4, 0.6508474576271186), (5, 0.0), (6, 0.0), (7, 0.0), (8, 0.0), (9, 0.0), (10, 0.0), (11, 0.0), (12, 0.0), (13, 0.0), (14, 0.0), (15, 0.0), (16, 0.0), (17, 0.0), (18, 0.0), (19, 0.0), (20, 0.0), (21, 0.0), (22, 0.0), (23, 0.0), (24, 0.0), (25, 0.0), (26, 0.0), (27, 0.0), (28, 0.0), (29, 0.0), (30, 0.0), (31, 0.0), (32, 0.0), (33, 0.0), (34, 0.0), (35, 0.0), (36, 0.0), (37, 0.0), (38, 0.0), (39, 0.0), (40, 0.0), (41, 0.0), (42, 0.0), (43, 0.0), (44, 0.0), (45, 0.0), (46, 0.0), (47, 0.0), (48, 0.0), (49, 0.0), (50, 0.0)]}
[2024-03-20 04:27:44,242][flwr][INFO] - app_fit: losses_centralized [(0, 0.28825700409412386), (1, 0.2016231394842267), (2, 0.3884396417465302), (3, 0.3223276888314787), (4, 0.4195906919679264), (5, nan), (6, nan), (7, nan), (8, nan), (9, nan), (10, nan), (11, nan), (12, nan), (13, nan), (14, nan), (15, nan), (16, nan), (17, nan), (18, nan), (19, nan), (20, nan), (21, nan), (22, nan), (23, nan), (24, nan), (25, nan), (26, nan), (27, nan), (28, nan), (29, nan), (30, nan), (31, nan), (32, nan), (33, nan), (34, nan), (35, nan), (36, nan), (37, nan), (38, nan), (39, nan), (40, nan), (41, nan), (42, nan), (43, nan), (44, nan), (45, nan), (46, nan), (47, nan), (48, nan), (49, nan), (50, nan)]
[2024-03-20 04:27:44,242][flwr][INFO] - app_fit: metrics_centralized {'test_accuracy': [(0, 0.0536), (1, 0.5138), (2, 0.6286), (3, 0.6703), (4, 0.6221), (5, 0.0), (6, 0.0), (7, 0.0), (8, 0.0), (9, 0.0), (10, 0.0), (11, 0.0), (12, 0.0), (13, 0.0), (14, 0.0), (15, 0.0), (16, 0.0), (17, 0.0), (18, 0.0), (19, 0.0), (20, 0.0), (21, 0.0), (22, 0.0), (23, 0.0), (24, 0.0), (25, 0.0), (26, 0.0), (27, 0.0), (28, 0.0), (29, 0.0), (30, 0.0), (31, 0.0), (32, 0.0), (33, 0.0), (34, 0.0), (35, 0.0), (36, 0.0), (37, 0.0), (38, 0.0), (39, 0.0), (40, 0.0), (41, 0.0), (42, 0.0), (43, 0.0), (44, 0.0), (45, 0.0), (46, 0.0), (47, 0.0), (48, 0.0), (49, 0.0), (50, 0.0)]}
[2024-03-20 04:27:46,810][flwr][INFO] - Cleaned up ray temp session: /tmp/ray/session_2024-03-20_02-42-41_185835_7561 with size: 873269837824
[2024-03-20 04:27:46,810][flwr][INFO] - Saving ['yaml', 'log', 'wandb']
[2024-03-20 04:27:46,814][flwr][INFO] - Post-cleaning ['history', 'parameters', 'yaml', 'log', 'rng', 'history']
