[2024-03-24 12:42:36,149][flwr][INFO] - working_dir: null
to_save_once:
- yaml
- log
- wandb
to_save_per_round:
- parameters
- rng
- history
save_frequency: 1
to_restore: []
to_clean_once:
- history
- parameters
- yaml
- log
- rng
- history
use_wandb: false
debug_clients:
  all: false
  one: true
wandb_resume: false
wandb_id: null
wandb:
  setup:
    project: template
    tags:
    - strategy_${strategy.name}
    - seed_${fed.seed}
    entity: null
    mode: online
ray_address: null
ray_redis_password: null
ray_node_ip_address: null
file_limit: 250
task:
  model_and_data: FMNIST_CNN
  train_structure: FMNIST
  fit_config:
    net_config: {}
    dataloader_config:
      batch_size: 4
    run_config:
      epochs: 1
      learning_rate: 0.01
      optimizer: sgd
    extra: {}
  eval_config:
    net_config: {}
    dataloader_config:
      batch_size: 8
    run_config: {}
    extra: {}
  fed_test_config:
    net_config: {}
    dataloader_config:
      batch_size: 8
    run_config: {}
    extra: {}
  net_config_initial_parameters: {}
  fit_metrics:
  - train_loss
  - train_accuracy
  evaluate_metrics:
  - test_accuracy
fed:
  num_rounds: 5
  num_total_clients: 100
  num_clients_per_round: 20
  num_evaluate_clients_per_round: 20
  enable_resampling: false
  cpus_per_client: 2
  gpus_per_client: 0
  seed: 1337
  load_saved_state: true
  server_round: null
  parameters_folder: null
  rng_folder: null
  history_folder: null
strategy:
  name: FedAvg
  init:
    _target_: flwr.server.strategy.FedAvg
dataset:
  dataset_dir: ./data/fmnist/data
  partition_dir: ./data/fmnist/partition
  num_clients: 100
  val_ratio: 0.1
  seed: 1337
  iid: false
  power_law: false
  balance: false
  lda: true
  alpha: 1.0

[2024-03-24 12:42:36,168][flwr][INFO] - Wandb run initialized with False
[2024-03-24 12:42:36,169][flwr][INFO] - Pre-cleaning ['history', 'parameters', 'yaml', 'log', 'rng', 'history']
[2024-03-24 12:42:36,169][flwr][INFO] - Loading parameters failed from: /Users/grantwilkins/fl-final-proj/outputs/2024-03-24/12-42-36/results/state/parameters/parameters_0.bin
[2024-03-24 12:42:36,169][flwr][INFO] - Generating initial parameters with config: {}
[2024-03-24 12:42:36,169][flwr][INFO] - Generating initial parameters with config: {}
[2024-03-24 12:42:36,180][flwr][INFO] - Using RNG seed: 1337
[2024-03-24 12:42:40,517][flwr][INFO] - Fit debug fit: [515, {'train_loss': 0.3579171842163049, 'train_accuracy': 0.5203883495145631}]  and eval: (0.3246472425628127, 57, {'test_accuracy': 0.03508771929824561})
[2024-03-24 12:42:40,518][flwr][INFO] - Starting Flower simulation, config: ServerConfig(num_rounds=5, round_timeout=None)
[2024-03-24 12:42:43,492][flwr][INFO] - Flower VCE: Ray initialized with resources: {'node:127.0.0.1': 1.0, 'object_store_memory': 2147483648.0, 'node:__internal_head__': 1.0, 'CPU': 10.0, 'memory': 13744498279.0}
[2024-03-24 12:42:43,492][flwr][INFO] - Optimize your simulation with Flower VCE: https://flower.dev/docs/framework/how-to-run-simulations.html
[2024-03-24 12:42:43,492][flwr][INFO] - Flower VCE: Resources for each Virtual Client: {'num_cpus': 2, 'num_gpus': 0.0}
[2024-03-24 12:42:43,499][flwr][INFO] - Flower VCE: Creating VirtualClientEngineActorPool with 5 actors
[2024-03-24 12:42:43,499][flwr][INFO] - Initializing global parameters
[2024-03-24 12:42:43,499][flwr][INFO] - Using initial parameters provided by strategy
[2024-03-24 12:42:43,500][flwr][INFO] - Evaluating initial parameters
[2024-03-24 12:42:46,866][flwr][INFO] - initial parameters (loss, other metrics): 0.2883603255748749, {'test_accuracy': 0.0973}
[2024-03-24 12:42:46,880][flwr][INFO] - FL starting
[2024-03-24 12:42:46,880][flwr][INFO] - Sampled the following clients: ['18', '62', '29', '0', '45', '56', '26', '93', '96', '76', '83', '92', '99', '54', '43', '3', '84', '27', '37', '59']
[2024-03-24 12:42:46,881][flwr][DEBUG] - fit_round 1: strategy sampled 20 clients (out of 100)
[2024-03-24 12:42:54,244][flwr][DEBUG] - fit_round 1 received 20 results and 0 failures
[2024-03-24 12:42:57,407][flwr][INFO] - fit progress: (1, 0.19428104937076568, {'test_accuracy': 0.5347}, 10.527059917105362)
[2024-03-24 12:42:57,408][flwr][INFO] - Sampled the following clients: ['41', '72', '1', '61', '47', '80', '99', '97', '54', '10', '58', '93', '89', '30', '23', '14', '31', '68', '96', '66']
[2024-03-24 12:42:57,408][flwr][DEBUG] - evaluate_round 1: strategy sampled 20 clients (out of 100)
[2024-03-24 12:42:57,941][flwr][DEBUG] - evaluate_round 1 received 20 results and 0 failures
[2024-03-24 12:42:57,959][flwr][INFO] - Sampled the following clients: ['0', '59', '24', '71', '20', '33', '69', '36', '73', '9', '61', '14', '37', '84', '42', '27', '79', '31', '46', '53']
[2024-03-24 12:42:57,959][flwr][DEBUG] - fit_round 2: strategy sampled 20 clients (out of 100)
[2024-03-24 12:43:02,695][flwr][DEBUG] - fit_round 2 received 20 results and 0 failures
[2024-03-24 12:43:06,057][flwr][INFO] - fit progress: (2, 0.1188541175097227, {'test_accuracy': 0.6821}, 19.176368459127843)
[2024-03-24 12:43:06,057][flwr][INFO] - Sampled the following clients: ['18', '80', '54', '3', '75', '57', '0', '27', '22', '23', '99', '78', '37', '2', '51', '55', '58', '4', '44', '74']
[2024-03-24 12:43:06,057][flwr][DEBUG] - evaluate_round 2: strategy sampled 20 clients (out of 100)
[2024-03-24 12:43:06,493][flwr][DEBUG] - evaluate_round 2 received 20 results and 0 failures
[2024-03-24 12:43:06,509][flwr][INFO] - Sampled the following clients: ['40', '96', '0', '76', '54', '73', '31', '66', '72', '32', '74', '12', '75', '55', '15', '83', '56', '19', '9', '90']
[2024-03-24 12:43:06,509][flwr][DEBUG] - fit_round 3: strategy sampled 20 clients (out of 100)
[2024-03-24 12:43:11,237][flwr][DEBUG] - fit_round 3 received 20 results and 0 failures
[2024-03-24 12:43:14,774][flwr][INFO] - fit progress: (3, 0.10115753462612628, {'test_accuracy': 0.7085}, 27.893767083995044)
[2024-03-24 12:43:14,774][flwr][INFO] - Sampled the following clients: ['21', '94', '43', '95', '75', '77', '53', '41', '11', '67', '28', '84', '7', '57', '4', '91', '6', '76', '2', '25']
[2024-03-24 12:43:14,774][flwr][DEBUG] - evaluate_round 3: strategy sampled 20 clients (out of 100)
[2024-03-24 12:43:15,153][flwr][DEBUG] - evaluate_round 3 received 20 results and 0 failures
[2024-03-24 12:43:15,159][flwr][INFO] - Sampled the following clients: ['96', '98', '53', '49', '10', '18', '42', '63', '37', '88', '94', '81', '31', '56', '74', '50', '86', '25', '15', '28']
[2024-03-24 12:43:15,159][flwr][DEBUG] - fit_round 4: strategy sampled 20 clients (out of 100)
[2024-03-24 12:43:19,901][flwr][DEBUG] - fit_round 4 received 20 results and 0 failures
[2024-03-24 12:43:23,217][flwr][INFO] - fit progress: (4, 0.09273558685034514, {'test_accuracy': 0.7329}, 36.33727649995126)
[2024-03-24 12:43:23,218][flwr][INFO] - Sampled the following clients: ['36', '62', '92', '38', '75', '54', '45', '8', '26', '7', '91', '63', '43', '52', '66', '10', '83', '60', '55', '21']
[2024-03-24 12:43:23,218][flwr][DEBUG] - evaluate_round 4: strategy sampled 20 clients (out of 100)
[2024-03-24 12:43:23,703][flwr][DEBUG] - evaluate_round 4 received 20 results and 0 failures
[2024-03-24 12:43:23,711][flwr][INFO] - Sampled the following clients: ['3', '38', '10', '6', '91', '66', '41', '36', '94', '40', '8', '35', '69', '79', '27', '64', '65', '70', '59', '20']
[2024-03-24 12:43:23,711][flwr][DEBUG] - fit_round 5: strategy sampled 20 clients (out of 100)
[2024-03-24 12:43:28,513][flwr][DEBUG] - fit_round 5 received 20 results and 0 failures
[2024-03-24 12:43:31,808][flwr][INFO] - fit progress: (5, 0.08777449021041393, {'test_accuracy': 0.7381}, 44.92822370911017)
[2024-03-24 12:43:31,808][flwr][INFO] - Sampled the following clients: ['18', '81', '51', '75', '11', '66', '76', '39', '10', '89', '96', '57', '79', '50', '40', '90', '45', '46', '31', '61']
[2024-03-24 12:43:31,809][flwr][DEBUG] - evaluate_round 5: strategy sampled 20 clients (out of 100)
[2024-03-24 12:43:32,203][flwr][DEBUG] - evaluate_round 5 received 20 results and 0 failures
[2024-03-24 12:43:32,214][flwr][INFO] - FL finished in 45.33343870914541
[2024-03-24 12:43:32,228][flwr][INFO] - app_fit: losses_distributed [(1, 0.21535218036388193), (2, 0.1201846112260374), (3, 0.10908933912228867), (4, 0.09620270086808436), (5, 0.08927788099093276)]
[2024-03-24 12:43:32,228][flwr][INFO] - app_fit: metrics_distributed_fit {'train_loss': [(1, 0.3844107072548192), (2, 0.25503027560001007), (3, 0.19569345980104044), (4, 0.18563542666329622), (5, 0.16130618626649615)], 'train_accuracy': [(1, 0.49553361542078045), (2, 0.6366797840212318), (3, 0.718925496068888), (4, 0.7287757755898198), (5, 0.7608934456243135)]}
[2024-03-24 12:43:32,228][flwr][INFO] - app_fit: metrics_distributed {'test_accuracy': [(1, 0.5115089514066496), (2, 0.6813559322033899), (3, 0.6879194630872483), (4, 0.7476635514018691), (5, 0.7535864978902953)]}
[2024-03-24 12:43:32,228][flwr][INFO] - app_fit: losses_centralized [(0, 0.2883603255748749), (1, 0.19428104937076568), (2, 0.1188541175097227), (3, 0.10115753462612628), (4, 0.09273558685034514), (5, 0.08777449021041393)]
[2024-03-24 12:43:32,228][flwr][INFO] - app_fit: metrics_centralized {'test_accuracy': [(0, 0.0973), (1, 0.5347), (2, 0.6821), (3, 0.7085), (4, 0.7329), (5, 0.7381)]}
[2024-03-24 12:43:33,883][flwr][INFO] - Cleaned up ray temp session: /tmp/ray/session_2024-03-24_12-42-40_562715_75513 with size: 911124672512
[2024-03-24 12:43:33,883][flwr][INFO] - Saving ['yaml', 'log', 'wandb']
[2024-03-24 12:43:33,886][flwr][INFO] - Post-cleaning ['history', 'parameters', 'yaml', 'log', 'rng', 'history']
