[2024-03-22 10:30:58,413][flwr][INFO] - working_dir: null
to_save_once:
- yaml
- log
- wandb
to_save_per_round:
- parameters
- rng
- history
save_frequency: 1
to_restore: []
to_clean_once:
- history
- parameters
- yaml
- log
- rng
- history
use_wandb: false
debug_clients:
  all: false
  one: true
wandb_resume: false
wandb_id: null
wandb:
  setup:
    project: template
    tags:
    - strategy_${strategy.name}
    - seed_${fed.seed}
    entity: null
    mode: online
ray_address: null
ray_redis_password: null
ray_node_ip_address: null
file_limit: 250
task:
  model_and_data: CIFAR10_CNN
  train_structure: CIFAR10
  fit_config:
    net_config: {}
    dataloader_config:
      batch_size: 4
    run_config:
      epochs: 1
      learning_rate: 0.01
      optimizer: diag_mc
    extra: {}
  eval_config:
    net_config: {}
    dataloader_config:
      batch_size: 8
    run_config: {}
    extra: {}
  fed_test_config:
    net_config: {}
    dataloader_config:
      batch_size: 8
    run_config: {}
    extra: {}
  net_config_initial_parameters: {}
  fit_metrics:
  - train_loss
  - train_accuracy
  evaluate_metrics:
  - test_accuracy
fed:
  num_rounds: 25
  num_total_clients: 100
  num_clients_per_round: 20
  num_evaluate_clients_per_round: 20
  enable_resampling: false
  cpus_per_client: 2
  gpus_per_client: 0
  seed: 1337
  load_saved_state: true
  server_round: null
  parameters_folder: null
  rng_folder: null
  history_folder: null
strategy:
  name: FedAvg
  init:
    _target_: flwr.server.strategy.FedAvg
dataset:
  dataset_dir: ./data/cifar10/data
  partition_dir: ./data/cifar10/partition
  num_clients: 100
  val_ratio: 0.1
  seed: 1337
  iid: false
  power_law: false
  balance: false
  lda: true
  alpha: 1.0

[2024-03-22 10:30:58,433][flwr][INFO] - Wandb run initialized with False
[2024-03-22 10:30:58,433][flwr][INFO] - Pre-cleaning ['history', 'parameters', 'yaml', 'log', 'rng', 'history']
[2024-03-22 10:30:58,434][flwr][INFO] - Loading parameters failed from: /Users/grantwilkins/fl-final-proj/outputs/2024-03-22/10-30-58/results/state/parameters/parameters_0.bin
[2024-03-22 10:30:58,434][flwr][INFO] - Generating initial parameters with config: {}
[2024-03-22 10:30:58,434][flwr][INFO] - Generating initial parameters with config: {}
[2024-03-22 10:30:58,460][flwr][INFO] - Using RNG seed: 1337
[2024-03-22 10:31:06,053][flwr][INFO] - Fit debug fit: [427, {'train_loss': 0.5048706994961241, 'train_accuracy': 0.4215456674473068}]  and eval: (0.29616776425787744, 47, {'test_accuracy': 0.10638297872340426})
[2024-03-22 10:31:06,054][flwr][INFO] - Starting Flower simulation, config: ServerConfig(num_rounds=25, round_timeout=None)
[2024-03-22 10:31:08,669][flwr][INFO] - Flower VCE: Ray initialized with resources: {'memory': 21717989786.0, 'node:127.0.0.1': 1.0, 'node:__internal_head__': 1.0, 'CPU': 10.0, 'object_store_memory': 2147483648.0}
[2024-03-22 10:31:08,669][flwr][INFO] - Optimize your simulation with Flower VCE: https://flower.dev/docs/framework/how-to-run-simulations.html
[2024-03-22 10:31:08,669][flwr][INFO] - Flower VCE: Resources for each Virtual Client: {'num_cpus': 2, 'num_gpus': 0.0}
[2024-03-22 10:31:08,677][flwr][INFO] - Flower VCE: Creating VirtualClientEngineActorPool with 5 actors
[2024-03-22 10:31:08,677][flwr][INFO] - Initializing global parameters
[2024-03-22 10:31:08,678][flwr][INFO] - Using initial parameters provided by strategy
[2024-03-22 10:31:08,678][flwr][INFO] - Evaluating initial parameters
[2024-03-22 10:31:15,476][flwr][INFO] - initial parameters (loss, other metrics): 0.28790389275550843, {'test_accuracy': 0.1}
[2024-03-22 10:31:15,499][flwr][INFO] - FL starting
[2024-03-22 10:31:15,500][flwr][INFO] - Sampled the following clients: ['18', '62', '29', '0', '45', '56', '26', '93', '96', '76', '83', '92', '99', '54', '43', '3', '84', '27', '37', '59']
[2024-03-22 10:31:15,500][flwr][DEBUG] - fit_round 1: strategy sampled 20 clients (out of 100)
[2024-03-22 10:31:47,742][flwr][DEBUG] - fit_round 1 received 20 results and 0 failures
[2024-03-22 10:31:54,597][flwr][INFO] - fit progress: (1, 0.2884320422887802, {'test_accuracy': 0.1}, 39.09797445801087)
[2024-03-22 10:31:54,598][flwr][INFO] - Sampled the following clients: ['41', '72', '1', '61', '47', '80', '99', '97', '54', '10', '58', '93', '89', '30', '23', '14', '31', '68', '96', '66']
[2024-03-22 10:31:54,598][flwr][DEBUG] - evaluate_round 1: strategy sampled 20 clients (out of 100)
[2024-03-22 10:31:57,634][flwr][DEBUG] - evaluate_round 1 received 20 results and 0 failures
[2024-03-22 10:31:57,696][flwr][INFO] - Sampled the following clients: ['0', '59', '24', '71', '20', '33', '69', '36', '73', '9', '61', '14', '37', '84', '42', '27', '79', '31', '46', '53']
[2024-03-22 10:31:57,696][flwr][DEBUG] - fit_round 2: strategy sampled 20 clients (out of 100)
[2024-03-22 10:32:28,673][flwr][DEBUG] - fit_round 2 received 20 results and 0 failures
[2024-03-22 10:32:35,582][flwr][INFO] - fit progress: (2, 0.28851877126693726, {'test_accuracy': 0.1}, 80.08314841613173)
[2024-03-22 10:32:35,583][flwr][INFO] - Sampled the following clients: ['18', '80', '54', '3', '75', '57', '0', '27', '22', '23', '99', '78', '37', '2', '51', '55', '58', '4', '44', '74']
[2024-03-22 10:32:35,583][flwr][DEBUG] - evaluate_round 2: strategy sampled 20 clients (out of 100)
[2024-03-22 10:32:38,217][flwr][DEBUG] - evaluate_round 2 received 20 results and 0 failures
[2024-03-22 10:32:38,272][flwr][INFO] - Sampled the following clients: ['40', '96', '0', '76', '54', '73', '31', '66', '72', '32', '74', '12', '75', '55', '15', '83', '56', '19', '9', '90']
[2024-03-22 10:32:38,272][flwr][DEBUG] - fit_round 3: strategy sampled 20 clients (out of 100)
[2024-03-22 10:33:07,493][flwr][DEBUG] - fit_round 3 received 20 results and 0 failures
[2024-03-22 10:33:14,220][flwr][INFO] - fit progress: (3, 0.2881578494310379, {'test_accuracy': 0.1}, 118.72125154105015)
[2024-03-22 10:33:14,220][flwr][INFO] - Sampled the following clients: ['21', '94', '43', '95', '75', '77', '53', '41', '11', '67', '28', '84', '7', '57', '4', '91', '6', '76', '2', '25']
[2024-03-22 10:33:14,221][flwr][DEBUG] - evaluate_round 3: strategy sampled 20 clients (out of 100)
[2024-03-22 10:33:16,879][flwr][DEBUG] - evaluate_round 3 received 20 results and 0 failures
[2024-03-22 10:33:16,948][flwr][INFO] - Sampled the following clients: ['96', '98', '53', '49', '10', '18', '42', '63', '37', '88', '94', '81', '31', '56', '74', '50', '86', '25', '15', '28']
[2024-03-22 10:33:16,948][flwr][DEBUG] - fit_round 4: strategy sampled 20 clients (out of 100)
[2024-03-22 10:33:47,149][flwr][DEBUG] - fit_round 4 received 20 results and 0 failures
[2024-03-22 10:33:53,959][flwr][INFO] - fit progress: (4, 0.28870814933776856, {'test_accuracy': 0.1}, 158.45967116602696)
[2024-03-22 10:33:53,959][flwr][INFO] - Sampled the following clients: ['36', '62', '92', '38', '75', '54', '45', '8', '26', '7', '91', '63', '43', '52', '66', '10', '83', '60', '55', '21']
[2024-03-22 10:33:53,959][flwr][DEBUG] - evaluate_round 4: strategy sampled 20 clients (out of 100)
[2024-03-22 10:33:57,725][flwr][DEBUG] - evaluate_round 4 received 20 results and 0 failures
[2024-03-22 10:33:57,782][flwr][INFO] - Sampled the following clients: ['3', '38', '10', '6', '91', '66', '41', '36', '94', '40', '8', '35', '69', '79', '27', '64', '65', '70', '59', '20']
[2024-03-22 10:33:57,782][flwr][DEBUG] - fit_round 5: strategy sampled 20 clients (out of 100)
[2024-03-22 10:34:29,257][flwr][DEBUG] - fit_round 5 received 20 results and 0 failures
[2024-03-22 10:34:36,031][flwr][INFO] - fit progress: (5, 0.2889563009738922, {'test_accuracy': 0.1}, 200.5318996249698)
[2024-03-22 10:34:36,031][flwr][INFO] - Sampled the following clients: ['18', '81', '51', '75', '11', '66', '76', '39', '10', '89', '96', '57', '79', '50', '40', '90', '45', '46', '31', '61']
[2024-03-22 10:34:36,031][flwr][DEBUG] - evaluate_round 5: strategy sampled 20 clients (out of 100)
[2024-03-22 10:34:40,253][flwr][DEBUG] - evaluate_round 5 received 20 results and 0 failures
[2024-03-22 10:34:40,326][flwr][INFO] - Sampled the following clients: ['53', '40', '33', '94', '26', '41', '52', '3', '31', '69', '76', '81', '27', '71', '18', '91', '2', '44', '11', '84']
[2024-03-22 10:34:40,326][flwr][DEBUG] - fit_round 6: strategy sampled 20 clients (out of 100)
[2024-03-22 10:35:12,370][flwr][DEBUG] - fit_round 6 received 20 results and 0 failures
[2024-03-22 10:35:19,150][flwr][INFO] - fit progress: (6, 0.2881086003780365, {'test_accuracy': 0.1}, 243.65189170790836)
[2024-03-22 10:35:19,151][flwr][INFO] - Sampled the following clients: ['40', '30', '61', '48', '49', '90', '2', '85', '27', '65', '80', '12', '74', '47', '39', '69', '63', '86', '87', '66']
[2024-03-22 10:35:19,151][flwr][DEBUG] - evaluate_round 6: strategy sampled 20 clients (out of 100)
[2024-03-22 10:35:22,750][flwr][DEBUG] - evaluate_round 6 received 20 results and 0 failures
[2024-03-22 10:35:22,815][flwr][INFO] - Sampled the following clients: ['63', '74', '14', '11', '58', '76', '92', '62', '73', '22', '65', '91', '47', '71', '56', '10', '40', '17', '33', '34']
[2024-03-22 10:35:22,815][flwr][DEBUG] - fit_round 7: strategy sampled 20 clients (out of 100)
[2024-03-22 10:35:53,637][flwr][DEBUG] - fit_round 7 received 20 results and 0 failures
[2024-03-22 10:36:00,417][flwr][INFO] - fit progress: (7, 0.28339100069999695, {'test_accuracy': 0.1008}, 284.91852675005794)
[2024-03-22 10:36:00,417][flwr][INFO] - Sampled the following clients: ['9', '28', '80', '42', '19', '82', '17', '84', '43', '69', '56', '15', '63', '81', '6', '64', '10', '68', '89', '12']
[2024-03-22 10:36:00,417][flwr][DEBUG] - evaluate_round 7: strategy sampled 20 clients (out of 100)
[2024-03-22 10:36:04,172][flwr][DEBUG] - evaluate_round 7 received 20 results and 0 failures
[2024-03-22 10:36:04,232][flwr][INFO] - Sampled the following clients: ['26', '65', '22', '82', '73', '93', '50', '48', '76', '3', '11', '51', '79', '90', '96', '2', '86', '25', '19', '13']
[2024-03-22 10:36:04,232][flwr][DEBUG] - fit_round 8: strategy sampled 20 clients (out of 100)
[2024-03-22 10:36:35,077][flwr][DEBUG] - fit_round 8 received 20 results and 0 failures
[2024-03-22 10:36:42,051][flwr][INFO] - fit progress: (8, 0.27602412376403807, {'test_accuracy': 0.1682}, 326.5532710829284)
[2024-03-22 10:36:42,052][flwr][INFO] - Sampled the following clients: ['53', '17', '91', '18', '86', '0', '30', '80', '22', '81', '76', '61', '52', '55', '96', '68', '54', '28', '92', '64']
[2024-03-22 10:36:42,052][flwr][DEBUG] - evaluate_round 8: strategy sampled 20 clients (out of 100)
[2024-03-22 10:36:45,421][flwr][DEBUG] - evaluate_round 8 received 20 results and 0 failures
[2024-03-22 10:36:45,482][flwr][INFO] - Sampled the following clients: ['9', '90', '34', '35', '37', '31', '17', '5', '26', '19', '83', '11', '18', '8', '77', '84', '29', '3', '56', '72']
[2024-03-22 10:36:45,482][flwr][DEBUG] - fit_round 9: strategy sampled 20 clients (out of 100)
[2024-03-22 10:37:15,462][flwr][DEBUG] - fit_round 9 received 20 results and 0 failures
[2024-03-22 10:37:22,429][flwr][INFO] - fit progress: (9, 0.26387005395889285, {'test_accuracy': 0.2287}, 366.93047137511894)
[2024-03-22 10:37:22,429][flwr][INFO] - Sampled the following clients: ['99', '24', '66', '35', '3', '1', '50', '67', '13', '97', '76', '4', '75', '53', '87', '61', '98', '31', '45', '44']
[2024-03-22 10:37:22,429][flwr][DEBUG] - evaluate_round 9: strategy sampled 20 clients (out of 100)
[2024-03-22 10:37:25,673][flwr][DEBUG] - evaluate_round 9 received 20 results and 0 failures
[2024-03-22 10:37:25,742][flwr][INFO] - Sampled the following clients: ['96', '46', '99', '31', '33', '10', '4', '5', '69', '20', '60', '52', '95', '15', '47', '66', '61', '90', '85', '12']
[2024-03-22 10:37:25,742][flwr][DEBUG] - fit_round 10: strategy sampled 20 clients (out of 100)
[2024-03-22 10:37:56,624][flwr][DEBUG] - fit_round 10 received 20 results and 0 failures
[2024-03-22 10:38:03,753][flwr][INFO] - fit progress: (10, 0.26028946764469146, {'test_accuracy': 0.1971}, 408.2547490410507)
[2024-03-22 10:38:03,753][flwr][INFO] - Sampled the following clients: ['26', '40', '28', '34', '68', '46', '42', '73', '93', '84', '61', '72', '10', '78', '94', '33', '4', '11', '70', '24']
[2024-03-22 10:38:03,753][flwr][DEBUG] - evaluate_round 10: strategy sampled 20 clients (out of 100)
[2024-03-22 10:38:08,234][flwr][DEBUG] - evaluate_round 10 received 20 results and 0 failures
[2024-03-22 10:38:08,311][flwr][INFO] - Sampled the following clients: ['80', '18', '11', '61', '25', '0', '85', '30', '19', '14', '53', '90', '43', '29', '33', '36', '81', '99', '58', '5']
[2024-03-22 10:38:08,311][flwr][DEBUG] - fit_round 11: strategy sampled 20 clients (out of 100)
[2024-03-22 10:38:41,089][flwr][DEBUG] - fit_round 11 received 20 results and 0 failures
[2024-03-22 10:38:48,292][flwr][INFO] - fit progress: (11, 0.2523696888685226, {'test_accuracy': 0.1936}, 452.79399350006133)
[2024-03-22 10:38:48,292][flwr][INFO] - Sampled the following clients: ['14', '79', '10', '1', '85', '92', '80', '48', '61', '50', '25', '45', '43', '7', '15', '33', '98', '75', '97', '47']
[2024-03-22 10:38:48,292][flwr][DEBUG] - evaluate_round 11: strategy sampled 20 clients (out of 100)
[2024-03-22 10:38:52,067][flwr][DEBUG] - evaluate_round 11 received 20 results and 0 failures
[2024-03-22 10:38:52,131][flwr][INFO] - Sampled the following clients: ['41', '75', '57', '14', '91', '99', '52', '16', '44', '24', '95', '23', '80', '27', '92', '35', '55', '94', '31', '69']
[2024-03-22 10:38:52,131][flwr][DEBUG] - fit_round 12: strategy sampled 20 clients (out of 100)
[2024-03-22 10:39:26,592][flwr][DEBUG] - fit_round 12 received 20 results and 0 failures
[2024-03-22 10:39:33,677][flwr][INFO] - fit progress: (12, 0.24788843313455583, {'test_accuracy': 0.2748}, 498.1790930000134)
[2024-03-22 10:39:33,677][flwr][INFO] - Sampled the following clients: ['27', '32', '70', '96', '74', '37', '52', '39', '82', '23', '66', '7', '38', '24', '26', '79', '36', '51', '8', '58']
[2024-03-22 10:39:33,677][flwr][DEBUG] - evaluate_round 12: strategy sampled 20 clients (out of 100)
[2024-03-22 10:39:37,302][flwr][DEBUG] - evaluate_round 12 received 20 results and 0 failures
[2024-03-22 10:39:37,371][flwr][INFO] - Sampled the following clients: ['31', '22', '18', '50', '54', '26', '58', '3', '27', '2', '91', '63', '68', '87', '4', '33', '6', '42', '34', '45']
[2024-03-22 10:39:37,371][flwr][DEBUG] - fit_round 13: strategy sampled 20 clients (out of 100)
[2024-03-22 10:40:10,197][flwr][DEBUG] - fit_round 13 received 20 results and 0 failures
[2024-03-22 10:40:17,256][flwr][INFO] - fit progress: (13, 0.24291614655256272, {'test_accuracy': 0.2709}, 541.7584765830543)
[2024-03-22 10:40:17,256][flwr][INFO] - Sampled the following clients: ['21', '33', '98', '74', '92', '2', '14', '9', '67', '87', '89', '76', '32', '40', '52', '71', '75', '6', '11', '86']
[2024-03-22 10:40:17,256][flwr][DEBUG] - evaluate_round 13: strategy sampled 20 clients (out of 100)
[2024-03-22 10:40:20,926][flwr][DEBUG] - evaluate_round 13 received 20 results and 0 failures
[2024-03-22 10:40:21,008][flwr][INFO] - Sampled the following clients: ['45', '67', '28', '80', '9', '73', '94', '92', '11', '59', '61', '78', '18', '41', '64', '4', '1', '55', '57', '85']
[2024-03-22 10:40:21,008][flwr][DEBUG] - fit_round 14: strategy sampled 20 clients (out of 100)
[2024-03-22 10:40:55,636][flwr][DEBUG] - fit_round 14 received 20 results and 0 failures
[2024-03-22 10:41:02,799][flwr][INFO] - fit progress: (14, 0.2423419742822647, {'test_accuracy': 0.2535}, 587.3017329159193)
[2024-03-22 10:41:02,799][flwr][INFO] - Sampled the following clients: ['66', '63', '38', '1', '49', '64', '88', '36', '51', '50', '18', '73', '56', '35', '99', '11', '44', '26', '4', '53']
[2024-03-22 10:41:02,799][flwr][DEBUG] - evaluate_round 14: strategy sampled 20 clients (out of 100)
[2024-03-22 10:41:07,616][flwr][DEBUG] - evaluate_round 14 received 20 results and 0 failures
[2024-03-22 10:41:07,685][flwr][INFO] - Sampled the following clients: ['81', '77', '91', '7', '30', '98', '69', '55', '1', '17', '73', '59', '9', '97', '2', '65', '38', '24', '6', '64']
[2024-03-22 10:41:07,685][flwr][DEBUG] - fit_round 15: strategy sampled 20 clients (out of 100)
[2024-03-22 10:41:39,222][flwr][DEBUG] - fit_round 15 received 20 results and 0 failures
[2024-03-22 10:41:46,212][flwr][INFO] - fit progress: (15, 0.23473455489873887, {'test_accuracy': 0.2987}, 630.7147860829718)
[2024-03-22 10:41:46,212][flwr][INFO] - Sampled the following clients: ['22', '29', '58', '6', '55', '69', '75', '72', '19', '17', '98', '76', '28', '67', '97', '25', '82', '31', '18', '52']
[2024-03-22 10:41:46,212][flwr][DEBUG] - evaluate_round 15: strategy sampled 20 clients (out of 100)
[2024-03-22 10:41:49,976][flwr][DEBUG] - evaluate_round 15 received 20 results and 0 failures
[2024-03-22 10:41:50,041][flwr][INFO] - Sampled the following clients: ['98', '8', '0', '77', '49', '40', '13', '33', '67', '34', '91', '54', '96', '82', '7', '60', '10', '97', '42', '83']
[2024-03-22 10:41:50,041][flwr][DEBUG] - fit_round 16: strategy sampled 20 clients (out of 100)
[2024-03-22 10:42:23,409][flwr][DEBUG] - fit_round 16 received 20 results and 0 failures
[2024-03-22 10:42:30,580][flwr][INFO] - fit progress: (16, 0.23108630579710007, {'test_accuracy': 0.3028}, 675.0836987080984)
[2024-03-22 10:42:30,581][flwr][INFO] - Sampled the following clients: ['31', '79', '78', '41', '89', '22', '94', '72', '76', '68', '75', '34', '87', '13', '39', '96', '25', '64', '69', '40']
[2024-03-22 10:42:30,581][flwr][DEBUG] - evaluate_round 16: strategy sampled 20 clients (out of 100)
[2024-03-22 10:42:34,930][flwr][DEBUG] - evaluate_round 16 received 20 results and 0 failures
[2024-03-22 10:42:35,014][flwr][INFO] - Sampled the following clients: ['43', '99', '52', '16', '65', '90', '33', '86', '37', '13', '74', '11', '88', '14', '59', '97', '3', '22', '47', '1']
[2024-03-22 10:42:35,014][flwr][DEBUG] - fit_round 17: strategy sampled 20 clients (out of 100)
[2024-03-22 10:43:07,924][flwr][DEBUG] - fit_round 17 received 20 results and 0 failures
[2024-03-22 10:43:14,762][flwr][INFO] - fit progress: (17, 0.22803904300928116, {'test_accuracy': 0.3163}, 719.2655729579274)
[2024-03-22 10:43:14,762][flwr][INFO] - Sampled the following clients: ['4', '86', '47', '48', '13', '14', '62', '94', '7', '38', '53', '95', '59', '1', '8', '27', '19', '29', '78', '41']
[2024-03-22 10:43:14,763][flwr][DEBUG] - evaluate_round 17: strategy sampled 20 clients (out of 100)
[2024-03-22 10:43:18,418][flwr][DEBUG] - evaluate_round 17 received 20 results and 0 failures
[2024-03-22 10:43:18,474][flwr][INFO] - Sampled the following clients: ['15', '59', '14', '63', '45', '24', '18', '87', '51', '70', '81', '13', '6', '55', '74', '17', '50', '48', '96', '16']
[2024-03-22 10:43:18,474][flwr][DEBUG] - fit_round 18: strategy sampled 20 clients (out of 100)
[2024-03-22 10:43:51,630][flwr][DEBUG] - fit_round 18 received 20 results and 0 failures
[2024-03-22 10:43:58,671][flwr][INFO] - fit progress: (18, 0.22549638702869415, {'test_accuracy': 0.3345}, 763.1750278749969)
[2024-03-22 10:43:58,672][flwr][INFO] - Sampled the following clients: ['22', '64', '81', '52', '47', '10', '96', '98', '34', '44', '7', '57', '62', '31', '14', '54', '90', '43', '37', '1']
[2024-03-22 10:43:58,672][flwr][DEBUG] - evaluate_round 18: strategy sampled 20 clients (out of 100)
[2024-03-22 10:44:03,353][flwr][DEBUG] - evaluate_round 18 received 20 results and 0 failures
[2024-03-22 10:44:03,432][flwr][INFO] - Sampled the following clients: ['10', '22', '16', '91', '66', '86', '77', '36', '59', '78', '83', '72', '47', '12', '40', '29', '52', '58', '65', '51']
[2024-03-22 10:44:03,432][flwr][DEBUG] - fit_round 19: strategy sampled 20 clients (out of 100)
[2024-03-22 10:44:36,687][flwr][DEBUG] - fit_round 19 received 20 results and 0 failures
[2024-03-22 10:44:43,837][flwr][INFO] - fit progress: (19, 0.223616646528244, {'test_accuracy': 0.3254}, 808.3407262079418)
[2024-03-22 10:44:43,837][flwr][INFO] - Sampled the following clients: ['80', '46', '34', '40', '81', '49', '66', '79', '62', '29', '51', '38', '90', '85', '59', '8', '17', '10', '27', '87']
[2024-03-22 10:44:43,837][flwr][DEBUG] - evaluate_round 19: strategy sampled 20 clients (out of 100)
[2024-03-22 10:44:47,837][flwr][DEBUG] - evaluate_round 19 received 20 results and 0 failures
[2024-03-22 10:44:47,918][flwr][INFO] - Sampled the following clients: ['3', '65', '59', '57', '35', '33', '26', '96', '69', '87', '5', '1', '76', '56', '24', '58', '47', '62', '49', '9']
[2024-03-22 10:44:47,918][flwr][DEBUG] - fit_round 20: strategy sampled 20 clients (out of 100)
[2024-03-22 10:45:23,087][flwr][DEBUG] - fit_round 20 received 20 results and 0 failures
[2024-03-22 10:45:30,019][flwr][INFO] - fit progress: (20, 0.22247717331647873, {'test_accuracy': 0.3257}, 854.5231485830154)
[2024-03-22 10:45:30,019][flwr][INFO] - Sampled the following clients: ['54', '72', '45', '62', '50', '19', '92', '75', '32', '95', '20', '93', '11', '15', '98', '24', '13', '9', '4', '87']
[2024-03-22 10:45:30,020][flwr][DEBUG] - evaluate_round 20: strategy sampled 20 clients (out of 100)
[2024-03-22 10:45:33,782][flwr][DEBUG] - evaluate_round 20 received 20 results and 0 failures
[2024-03-22 10:45:33,848][flwr][INFO] - Sampled the following clients: ['89', '9', '33', '36', '47', '52', '19', '96', '10', '16', '51', '37', '26', '2', '20', '98', '79', '63', '40', '31']
[2024-03-22 10:45:33,848][flwr][DEBUG] - fit_round 21: strategy sampled 20 clients (out of 100)
[2024-03-22 10:46:06,866][flwr][DEBUG] - fit_round 21 received 20 results and 0 failures
[2024-03-22 10:46:13,801][flwr][INFO] - fit progress: (21, 0.21669172929525377, {'test_accuracy': 0.3568}, 898.3055561250076)
[2024-03-22 10:46:13,802][flwr][INFO] - Sampled the following clients: ['23', '55', '78', '82', '84', '32', '22', '15', '50', '93', '89', '69', '43', '34', '98', '37', '60', '67', '79', '40']
[2024-03-22 10:46:13,802][flwr][DEBUG] - evaluate_round 21: strategy sampled 20 clients (out of 100)
[2024-03-22 10:46:17,588][flwr][DEBUG] - evaluate_round 21 received 20 results and 0 failures
[2024-03-22 10:46:17,665][flwr][INFO] - Sampled the following clients: ['8', '82', '48', '27', '33', '75', '7', '16', '67', '53', '14', '12', '4', '22', '61', '84', '42', '59', '17', '56']
[2024-03-22 10:46:17,665][flwr][DEBUG] - fit_round 22: strategy sampled 20 clients (out of 100)
[2024-03-22 10:46:48,674][flwr][DEBUG] - fit_round 22 received 20 results and 0 failures
[2024-03-22 10:46:55,651][flwr][INFO] - fit progress: (22, 0.21198712924718857, {'test_accuracy': 0.3724}, 940.1554167910945)
[2024-03-22 10:46:55,651][flwr][INFO] - Sampled the following clients: ['15', '65', '3', '0', '82', '88', '35', '78', '71', '25', '12', '8', '10', '14', '24', '45', '21', '72', '80', '93']
[2024-03-22 10:46:55,651][flwr][DEBUG] - evaluate_round 22: strategy sampled 20 clients (out of 100)
[2024-03-22 10:46:58,945][flwr][DEBUG] - evaluate_round 22 received 20 results and 0 failures
[2024-03-22 10:46:59,003][flwr][INFO] - Sampled the following clients: ['72', '74', '69', '17', '64', '22', '25', '21', '62', '48', '36', '0', '56', '93', '39', '71', '15', '13', '40', '49']
[2024-03-22 10:46:59,003][flwr][DEBUG] - fit_round 23: strategy sampled 20 clients (out of 100)
[2024-03-22 10:47:29,122][flwr][DEBUG] - fit_round 23 received 20 results and 0 failures
[2024-03-22 10:47:36,148][flwr][INFO] - fit progress: (23, 0.20934329082369804, {'test_accuracy': 0.3689}, 980.6530153751373)
[2024-03-22 10:47:36,149][flwr][INFO] - Sampled the following clients: ['74', '51', '53', '22', '48', '35', '12', '38', '10', '85', '18', '73', '65', '19', '71', '89', '72', '44', '70', '80']
[2024-03-22 10:47:36,149][flwr][DEBUG] - evaluate_round 23: strategy sampled 20 clients (out of 100)
[2024-03-22 10:47:39,810][flwr][DEBUG] - evaluate_round 23 received 20 results and 0 failures
[2024-03-22 10:47:39,883][flwr][INFO] - Sampled the following clients: ['80', '68', '69', '42', '85', '22', '21', '86', '50', '41', '62', '96', '67', '4', '77', '39', '87', '34', '35', '98']
[2024-03-22 10:47:39,883][flwr][DEBUG] - fit_round 24: strategy sampled 20 clients (out of 100)
[2024-03-22 10:48:12,718][flwr][DEBUG] - fit_round 24 received 20 results and 0 failures
[2024-03-22 10:48:19,619][flwr][INFO] - fit progress: (24, 0.20869222764968873, {'test_accuracy': 0.3702}, 1024.1240248749964)
[2024-03-22 10:48:19,620][flwr][INFO] - Sampled the following clients: ['71', '53', '49', '52', '73', '64', '56', '93', '46', '69', '19', '77', '51', '28', '23', '36', '81', '84', '50', '22']
[2024-03-22 10:48:19,620][flwr][DEBUG] - evaluate_round 24: strategy sampled 20 clients (out of 100)
[2024-03-22 10:48:23,485][flwr][DEBUG] - evaluate_round 24 received 20 results and 0 failures
[2024-03-22 10:48:23,553][flwr][INFO] - Sampled the following clients: ['4', '13', '90', '89', '72', '65', '19', '34', '54', '67', '93', '46', '23', '44', '66', '56', '2', '57', '20', '48']
[2024-03-22 10:48:23,553][flwr][DEBUG] - fit_round 25: strategy sampled 20 clients (out of 100)
[2024-03-22 10:48:57,660][flwr][DEBUG] - fit_round 25 received 20 results and 0 failures
[2024-03-22 10:49:04,794][flwr][INFO] - fit progress: (25, 0.20323583644628523, {'test_accuracy': 0.3908}, 1069.2990488749929)
[2024-03-22 10:49:04,795][flwr][INFO] - Sampled the following clients: ['95', '92', '16', '83', '8', '81', '88', '20', '22', '33', '68', '1', '82', '10', '62', '23', '25', '89', '93', '97']
[2024-03-22 10:49:04,795][flwr][DEBUG] - evaluate_round 25: strategy sampled 20 clients (out of 100)
[2024-03-22 10:49:09,553][flwr][DEBUG] - evaluate_round 25 received 20 results and 0 failures
[2024-03-22 10:49:09,622][flwr][INFO] - FL finished in 1074.1264649999794
[2024-03-22 10:49:09,656][flwr][INFO] - app_fit: losses_distributed [(1, 0.3041768539601215), (2, 0.3103735209238978), (3, 0.3079675983998083), (4, 0.30578720545182464), (5, 0.3080287127625785), (6, 0.30852071436108797), (7, 0.2998158534367879), (8, 0.2952749662457502), (9, 0.28287904544177706), (10, 0.2785060088165471), (11, 0.27089405047675014), (12, 0.2645900351556434), (13, 0.2549924690443073), (14, 0.2640497977039236), (15, 0.24615392830166113), (16, 0.24537574971542284), (17, 0.2423532993093995), (18, 0.24075459718210604), (19, 0.23617785879474903), (20, 0.2313798848176614), (21, 0.2324441789981708), (22, 0.22305113691011738), (23, 0.2300789437731918), (24, 0.22318598115444183), (25, 0.21187991165384953)]
[2024-03-22 10:49:09,657][flwr][INFO] - app_fit: metrics_distributed_fit {'train_loss': [(1, 0.5278594949269971), (2, 0.5157527021876054), (3, 0.5093093326965941), (4, 0.5197005866694695), (5, 0.4998262786547728), (6, 0.4956021235581821), (7, 0.49982198720315457), (8, 0.4804316503299854), (9, 0.4839353443124868), (10, 0.45191915631496093), (11, 0.45661342262473475), (12, 0.440133825502772), (13, 0.44649393964001616), (14, 0.43924517065141966), (15, 0.4175376695723194), (16, 0.42340988297381593), (17, 0.4083954931794586), (18, 0.4119656196302487), (19, 0.4006417282127865), (20, 0.39733153165531576), (21, 0.4113511197874511), (22, 0.3920885228889405), (23, 0.39165425264748244), (24, 0.38070849183401834), (25, 0.38299364149629517)], 'train_accuracy': [(1, 0.28082269182958525), (2, 0.2868771312286877), (3, 0.2738939547450186), (4, 0.24431057563587685), (5, 0.275808936825886), (6, 0.2983376101751646), (7, 0.29005211874008613), (8, 0.3201250139524501), (9, 0.3144562035577573), (10, 0.3839033750987696), (11, 0.3671875), (12, 0.3924402445803224), (13, 0.36806480248557477), (14, 0.37533097969991175), (15, 0.4122112211221122), (16, 0.409252274240071), (17, 0.4239204160072349), (18, 0.41693921281154844), (19, 0.44097693351424694), (20, 0.4405256655060092), (21, 0.4146834306241581), (22, 0.4510329424902289), (23, 0.44890387858347386), (24, 0.4671016255667367), (25, 0.4564085144927536)]}
[2024-03-22 10:49:09,657][flwr][INFO] - app_fit: metrics_distributed {'test_accuracy': [(1, 0.0842754367934224), (2, 0.08952187182095625), (3, 0.11088709677419355), (4, 0.09631147540983606), (5, 0.07934893184130214), (6, 0.06307222787385554), (7, 0.08835341365461848), (8, 0.18514750762970497), (9, 0.23014256619144602), (10, 0.19979508196721313), (11, 0.1629327902240326), (12, 0.273190621814475), (13, 0.2570239334027055), (14, 0.2505091649694501), (15, 0.3299492385786802), (16, 0.32602193419740777), (17, 0.31714876033057854), (18, 0.3146997929606625), (19, 0.29959514170040485), (20, 0.3343589743589744), (21, 0.349748743718593), (22, 0.3779608650875386), (23, 0.36020408163265305), (24, 0.387), (25, 0.386734693877551)]}
[2024-03-22 10:49:09,657][flwr][INFO] - app_fit: losses_centralized [(0, 0.28790389275550843), (1, 0.2884320422887802), (2, 0.28851877126693726), (3, 0.2881578494310379), (4, 0.28870814933776856), (5, 0.2889563009738922), (6, 0.2881086003780365), (7, 0.28339100069999695), (8, 0.27602412376403807), (9, 0.26387005395889285), (10, 0.26028946764469146), (11, 0.2523696888685226), (12, 0.24788843313455583), (13, 0.24291614655256272), (14, 0.2423419742822647), (15, 0.23473455489873887), (16, 0.23108630579710007), (17, 0.22803904300928116), (18, 0.22549638702869415), (19, 0.223616646528244), (20, 0.22247717331647873), (21, 0.21669172929525377), (22, 0.21198712924718857), (23, 0.20934329082369804), (24, 0.20869222764968873), (25, 0.20323583644628523)]
[2024-03-22 10:49:09,657][flwr][INFO] - app_fit: metrics_centralized {'test_accuracy': [(0, 0.1), (1, 0.1), (2, 0.1), (3, 0.1), (4, 0.1), (5, 0.1), (6, 0.1), (7, 0.1008), (8, 0.1682), (9, 0.2287), (10, 0.1971), (11, 0.1936), (12, 0.2748), (13, 0.2709), (14, 0.2535), (15, 0.2987), (16, 0.3028), (17, 0.3163), (18, 0.3345), (19, 0.3254), (20, 0.3257), (21, 0.3568), (22, 0.3724), (23, 0.3689), (24, 0.3702), (25, 0.3908)]}
[2024-03-22 10:49:12,313][flwr][INFO] - Cleaned up ray temp session: /tmp/ray/session_2024-03-22_10-31-06_105125_59980 with size: 909179719680
[2024-03-22 10:49:12,314][flwr][INFO] - Saving ['yaml', 'log', 'wandb']
