[2024-03-21 11:31:46,740][flwr][INFO] - working_dir: null
to_save_once:
- yaml
- log
- wandb
to_save_per_round:
- parameters
- rng
- history
save_frequency: 1
to_restore: []
to_clean_once:
- history
- parameters
- yaml
- log
- rng
- history
use_wandb: false
debug_clients:
  all: false
  one: true
wandb_resume: false
wandb_id: null
wandb:
  setup:
    project: template
    tags:
    - strategy_${strategy.name}
    - seed_${fed.seed}
    entity: null
    mode: online
ray_address: null
ray_redis_password: null
ray_node_ip_address: null
file_limit: 250
task:
  model_and_data: FMNIST_CNN
  train_structure: FMNIST
  fit_config:
    net_config: {}
    dataloader_config:
      batch_size: 4
    run_config:
      epochs: 1
      learning_rate: 0.01
      optimizer: diag_exact
    extra: {}
  eval_config:
    net_config: {}
    dataloader_config:
      batch_size: 8
    run_config: {}
    extra: {}
  fed_test_config:
    net_config: {}
    dataloader_config:
      batch_size: 8
    run_config: {}
    extra: {}
  net_config_initial_parameters: {}
  fit_metrics:
  - train_loss
  - train_accuracy
  evaluate_metrics:
  - test_accuracy
fed:
  num_rounds: 50
  num_total_clients: 100
  num_clients_per_round: 20
  num_evaluate_clients_per_round: 20
  enable_resampling: false
  cpus_per_client: 2
  gpus_per_client: 0
  seed: 1337
  load_saved_state: true
  server_round: null
  parameters_folder: null
  rng_folder: null
  history_folder: null
strategy:
  name: FedAvg
  init:
    _target_: flwr.server.strategy.FedAvg
dataset:
  dataset_dir: ./data/fmnist/data
  partition_dir: ./data/fmnist/partition
  num_clients: 100
  val_ratio: 0.1
  seed: 1337
  iid: false
  power_law: false
  balance: false
  lda: true
  alpha: 0.1

[2024-03-21 11:31:46,760][flwr][INFO] - Wandb run initialized with False
[2024-03-21 11:31:46,761][flwr][INFO] - Pre-cleaning ['history', 'parameters', 'yaml', 'log', 'rng', 'history']
[2024-03-21 11:31:46,761][flwr][INFO] - Loading parameters failed from: /Users/grantwilkins/fl-final-proj/outputs/2024-03-21/11-31-46/results/state/parameters/parameters_0.bin
[2024-03-21 11:31:46,761][flwr][INFO] - Generating initial parameters with config: {}
[2024-03-21 11:31:46,761][flwr][INFO] - Generating initial parameters with config: {}
[2024-03-21 11:31:46,772][flwr][INFO] - Using RNG seed: 1337
[2024-03-21 11:31:55,587][flwr][INFO] - Fit debug fit: [566, {'train_loss': 0.11172449050780274, 'train_accuracy': 0.8321554770318021}]  and eval: (0.29952999084226545, 62, {'test_accuracy': 0.0})
[2024-03-21 11:31:55,588][flwr][INFO] - Starting Flower simulation, config: ServerConfig(num_rounds=50, round_timeout=None)
[2024-03-21 11:31:58,146][flwr][INFO] - Flower VCE: Ray initialized with resources: {'memory': 17429497447.0, 'node:__internal_head__': 1.0, 'CPU': 10.0, 'object_store_memory': 2147483648.0, 'node:127.0.0.1': 1.0}
[2024-03-21 11:31:58,146][flwr][INFO] - Optimize your simulation with Flower VCE: https://flower.dev/docs/framework/how-to-run-simulations.html
[2024-03-21 11:31:58,146][flwr][INFO] - Flower VCE: Resources for each Virtual Client: {'num_cpus': 2, 'num_gpus': 0.0}
[2024-03-21 11:31:58,153][flwr][INFO] - Flower VCE: Creating VirtualClientEngineActorPool with 5 actors
[2024-03-21 11:31:58,153][flwr][INFO] - Initializing global parameters
[2024-03-21 11:31:58,153][flwr][INFO] - Using initial parameters provided by strategy
[2024-03-21 11:31:58,153][flwr][INFO] - Evaluating initial parameters
[2024-03-21 11:32:01,397][flwr][INFO] - initial parameters (loss, other metrics): 0.28848216438293456, {'test_accuracy': 0.1004}
[2024-03-21 11:32:01,403][flwr][INFO] - FL starting
[2024-03-21 11:32:01,403][flwr][INFO] - Sampled the following clients: ['18', '62', '29', '0', '45', '56', '26', '93', '96', '76', '83', '92', '99', '54', '43', '3', '84', '27', '37', '59']
[2024-03-21 11:32:01,403][flwr][DEBUG] - fit_round 1: strategy sampled 20 clients (out of 100)
[2024-03-21 11:33:10,118][flwr][DEBUG] - fit_round 1 received 20 results and 0 failures
[2024-03-21 11:33:13,088][flwr][INFO] - fit progress: (1, 0.23651879054307937, {'test_accuracy': 0.4792}, 71.68524987483397)
[2024-03-21 11:33:13,088][flwr][INFO] - Sampled the following clients: ['41', '72', '1', '61', '47', '80', '99', '97', '54', '10', '58', '93', '89', '30', '23', '14', '31', '68', '96', '66']
[2024-03-21 11:33:13,088][flwr][DEBUG] - evaluate_round 1: strategy sampled 20 clients (out of 100)
[2024-03-21 11:33:13,687][flwr][DEBUG] - evaluate_round 1 received 20 results and 0 failures
[2024-03-21 11:33:13,693][flwr][INFO] - Sampled the following clients: ['0', '59', '24', '71', '20', '33', '69', '36', '73', '9', '61', '14', '37', '84', '42', '27', '79', '31', '46', '53']
[2024-03-21 11:33:13,693][flwr][DEBUG] - fit_round 2: strategy sampled 20 clients (out of 100)
[2024-03-21 11:34:19,191][flwr][DEBUG] - fit_round 2 received 20 results and 0 failures
[2024-03-21 11:34:22,159][flwr][INFO] - fit progress: (2, 0.1663061655163765, {'test_accuracy': 0.5405}, 140.75646224990487)
[2024-03-21 11:34:22,159][flwr][INFO] - Sampled the following clients: ['18', '80', '54', '3', '75', '57', '0', '27', '22', '23', '99', '78', '37', '2', '51', '55', '58', '4', '44', '74']
[2024-03-21 11:34:22,159][flwr][DEBUG] - evaluate_round 2: strategy sampled 20 clients (out of 100)
[2024-03-21 11:34:22,672][flwr][DEBUG] - evaluate_round 2 received 20 results and 0 failures
[2024-03-21 11:34:22,681][flwr][INFO] - Sampled the following clients: ['40', '96', '0', '76', '54', '73', '31', '66', '72', '32', '74', '12', '75', '55', '15', '83', '56', '19', '9', '90']
[2024-03-21 11:34:22,681][flwr][DEBUG] - fit_round 3: strategy sampled 20 clients (out of 100)
[2024-03-21 11:35:23,568][flwr][DEBUG] - fit_round 3 received 20 results and 0 failures
[2024-03-21 11:35:27,299][flwr][INFO] - fit progress: (3, 0.12042969631254673, {'test_accuracy': 0.6277}, 205.8962207499426)
[2024-03-21 11:35:27,299][flwr][INFO] - Sampled the following clients: ['21', '94', '43', '95', '75', '77', '53', '41', '11', '67', '28', '84', '7', '57', '4', '91', '6', '76', '2', '25']
[2024-03-21 11:35:27,299][flwr][DEBUG] - evaluate_round 3: strategy sampled 20 clients (out of 100)
[2024-03-21 11:35:27,834][flwr][DEBUG] - evaluate_round 3 received 20 results and 0 failures
[2024-03-21 11:35:27,840][flwr][INFO] - Sampled the following clients: ['96', '98', '53', '49', '10', '18', '42', '63', '37', '88', '94', '81', '31', '56', '74', '50', '86', '25', '15', '28']
[2024-03-21 11:35:27,840][flwr][DEBUG] - fit_round 4: strategy sampled 20 clients (out of 100)
[2024-03-21 11:36:32,871][flwr][DEBUG] - fit_round 4 received 20 results and 0 failures
[2024-03-21 11:36:36,177][flwr][INFO] - fit progress: (4, 0.10817144129872322, {'test_accuracy': 0.7051}, 274.774592832895)
[2024-03-21 11:36:36,177][flwr][INFO] - Sampled the following clients: ['36', '62', '92', '38', '75', '54', '45', '8', '26', '7', '91', '63', '43', '52', '66', '10', '83', '60', '55', '21']
[2024-03-21 11:36:36,177][flwr][DEBUG] - evaluate_round 4: strategy sampled 20 clients (out of 100)
[2024-03-21 11:36:36,769][flwr][DEBUG] - evaluate_round 4 received 20 results and 0 failures
[2024-03-21 11:36:36,781][flwr][INFO] - Sampled the following clients: ['3', '38', '10', '6', '91', '66', '41', '36', '94', '40', '8', '35', '69', '79', '27', '64', '65', '70', '59', '20']
[2024-03-21 11:36:36,781][flwr][DEBUG] - fit_round 5: strategy sampled 20 clients (out of 100)
[2024-03-21 11:37:38,246][flwr][DEBUG] - fit_round 5 received 20 results and 0 failures
[2024-03-21 11:37:41,384][flwr][INFO] - fit progress: (5, 0.09056090306788683, {'test_accuracy': 0.7519}, 339.9813224580139)
[2024-03-21 11:37:41,384][flwr][INFO] - Sampled the following clients: ['18', '81', '51', '75', '11', '66', '76', '39', '10', '89', '96', '57', '79', '50', '40', '90', '45', '46', '31', '61']
[2024-03-21 11:37:41,384][flwr][DEBUG] - evaluate_round 5: strategy sampled 20 clients (out of 100)
[2024-03-21 11:37:41,893][flwr][DEBUG] - evaluate_round 5 received 20 results and 0 failures
[2024-03-21 11:37:41,905][flwr][INFO] - Sampled the following clients: ['53', '40', '33', '94', '26', '41', '52', '3', '31', '69', '76', '81', '27', '71', '18', '91', '2', '44', '11', '84']
[2024-03-21 11:37:41,905][flwr][DEBUG] - fit_round 6: strategy sampled 20 clients (out of 100)
[2024-03-21 11:38:46,123][flwr][DEBUG] - fit_round 6 received 20 results and 0 failures
[2024-03-21 11:38:49,196][flwr][INFO] - fit progress: (6, 0.09161023161485791, {'test_accuracy': 0.7424}, 407.7934476668015)
[2024-03-21 11:38:49,196][flwr][INFO] - Sampled the following clients: ['40', '30', '61', '48', '49', '90', '2', '85', '27', '65', '80', '12', '74', '47', '39', '69', '63', '86', '87', '66']
[2024-03-21 11:38:49,196][flwr][DEBUG] - evaluate_round 6: strategy sampled 20 clients (out of 100)
[2024-03-21 11:38:49,701][flwr][DEBUG] - evaluate_round 6 received 20 results and 0 failures
[2024-03-21 11:38:49,711][flwr][INFO] - Sampled the following clients: ['63', '74', '14', '11', '58', '76', '92', '62', '73', '22', '65', '91', '47', '71', '56', '10', '40', '17', '33', '34']
[2024-03-21 11:38:49,711][flwr][DEBUG] - fit_round 7: strategy sampled 20 clients (out of 100)
[2024-03-21 11:39:55,918][flwr][DEBUG] - fit_round 7 received 20 results and 0 failures
[2024-03-21 11:39:59,206][flwr][INFO] - fit progress: (7, 0.07884399434961378, {'test_accuracy': 0.7697}, 477.80358845787123)
[2024-03-21 11:39:59,206][flwr][INFO] - Sampled the following clients: ['9', '28', '80', '42', '19', '82', '17', '84', '43', '69', '56', '15', '63', '81', '6', '64', '10', '68', '89', '12']
[2024-03-21 11:39:59,206][flwr][DEBUG] - evaluate_round 7: strategy sampled 20 clients (out of 100)
[2024-03-21 11:39:59,753][flwr][DEBUG] - evaluate_round 7 received 20 results and 0 failures
[2024-03-21 11:39:59,765][flwr][INFO] - Sampled the following clients: ['26', '65', '22', '82', '73', '93', '50', '48', '76', '3', '11', '51', '79', '90', '96', '2', '86', '25', '19', '13']
[2024-03-21 11:39:59,765][flwr][DEBUG] - fit_round 8: strategy sampled 20 clients (out of 100)
[2024-03-21 11:41:00,721][flwr][DEBUG] - fit_round 8 received 20 results and 0 failures
[2024-03-21 11:41:04,349][flwr][INFO] - fit progress: (8, 0.08219253478907049, {'test_accuracy': 0.7573}, 542.9471559578087)
[2024-03-21 11:41:04,349][flwr][INFO] - Sampled the following clients: ['53', '17', '91', '18', '86', '0', '30', '80', '22', '81', '76', '61', '52', '55', '96', '68', '54', '28', '92', '64']
[2024-03-21 11:41:04,349][flwr][DEBUG] - evaluate_round 8: strategy sampled 20 clients (out of 100)
[2024-03-21 11:41:04,892][flwr][DEBUG] - evaluate_round 8 received 20 results and 0 failures
[2024-03-21 11:41:04,901][flwr][INFO] - Sampled the following clients: ['9', '90', '34', '35', '37', '31', '17', '5', '26', '19', '83', '11', '18', '8', '77', '84', '29', '3', '56', '72']
[2024-03-21 11:41:04,901][flwr][DEBUG] - fit_round 9: strategy sampled 20 clients (out of 100)
[2024-03-21 11:42:10,181][flwr][DEBUG] - fit_round 9 received 20 results and 0 failures
[2024-03-21 11:42:13,762][flwr][INFO] - fit progress: (9, 0.07607071242295206, {'test_accuracy': 0.7601}, 612.3595539578237)
[2024-03-21 11:42:13,762][flwr][INFO] - Sampled the following clients: ['99', '24', '66', '35', '3', '1', '50', '67', '13', '97', '76', '4', '75', '53', '87', '61', '98', '31', '45', '44']
[2024-03-21 11:42:13,762][flwr][DEBUG] - evaluate_round 9: strategy sampled 20 clients (out of 100)
[2024-03-21 11:42:14,315][flwr][DEBUG] - evaluate_round 9 received 20 results and 0 failures
[2024-03-21 11:42:14,331][flwr][INFO] - Sampled the following clients: ['96', '46', '99', '31', '33', '10', '4', '5', '69', '20', '60', '52', '95', '15', '47', '66', '61', '90', '85', '12']
[2024-03-21 11:42:14,331][flwr][DEBUG] - fit_round 10: strategy sampled 20 clients (out of 100)
[2024-03-21 11:43:20,079][flwr][DEBUG] - fit_round 10 received 20 results and 0 failures
[2024-03-21 11:43:23,205][flwr][INFO] - fit progress: (10, 0.07637936040908098, {'test_accuracy': 0.7759}, 681.8028687499464)
[2024-03-21 11:43:23,205][flwr][INFO] - Sampled the following clients: ['26', '40', '28', '34', '68', '46', '42', '73', '93', '84', '61', '72', '10', '78', '94', '33', '4', '11', '70', '24']
[2024-03-21 11:43:23,205][flwr][DEBUG] - evaluate_round 10: strategy sampled 20 clients (out of 100)
[2024-03-21 11:43:23,727][flwr][DEBUG] - evaluate_round 10 received 20 results and 0 failures
[2024-03-21 11:43:23,741][flwr][INFO] - Sampled the following clients: ['80', '18', '11', '61', '25', '0', '85', '30', '19', '14', '53', '90', '43', '29', '33', '36', '81', '99', '58', '5']
[2024-03-21 11:43:23,741][flwr][DEBUG] - fit_round 11: strategy sampled 20 clients (out of 100)
[2024-03-21 11:44:25,404][flwr][DEBUG] - fit_round 11 received 20 results and 0 failures
[2024-03-21 11:44:28,619][flwr][INFO] - fit progress: (11, 0.07291251470297574, {'test_accuracy': 0.7764}, 747.2174021250103)
[2024-03-21 11:44:28,619][flwr][INFO] - Sampled the following clients: ['14', '79', '10', '1', '85', '92', '80', '48', '61', '50', '25', '45', '43', '7', '15', '33', '98', '75', '97', '47']
[2024-03-21 11:44:28,619][flwr][DEBUG] - evaluate_round 11: strategy sampled 20 clients (out of 100)
[2024-03-21 11:44:29,135][flwr][DEBUG] - evaluate_round 11 received 20 results and 0 failures
[2024-03-21 11:44:29,152][flwr][INFO] - Sampled the following clients: ['41', '75', '57', '14', '91', '99', '52', '16', '44', '24', '95', '23', '80', '27', '92', '35', '55', '94', '31', '69']
[2024-03-21 11:44:29,152][flwr][DEBUG] - fit_round 12: strategy sampled 20 clients (out of 100)
[2024-03-21 11:45:32,697][flwr][DEBUG] - fit_round 12 received 20 results and 0 failures
[2024-03-21 11:45:36,022][flwr][INFO] - fit progress: (12, 0.06644232786595822, {'test_accuracy': 0.8065}, 814.6205073748715)
[2024-03-21 11:45:36,022][flwr][INFO] - Sampled the following clients: ['27', '32', '70', '96', '74', '37', '52', '39', '82', '23', '66', '7', '38', '24', '26', '79', '36', '51', '8', '58']
[2024-03-21 11:45:36,022][flwr][DEBUG] - evaluate_round 12: strategy sampled 20 clients (out of 100)
[2024-03-21 11:45:36,544][flwr][DEBUG] - evaluate_round 12 received 20 results and 0 failures
[2024-03-21 11:45:36,562][flwr][INFO] - Sampled the following clients: ['31', '22', '18', '50', '54', '26', '58', '3', '27', '2', '91', '63', '68', '87', '4', '33', '6', '42', '34', '45']
[2024-03-21 11:45:36,562][flwr][DEBUG] - fit_round 13: strategy sampled 20 clients (out of 100)
[2024-03-21 11:46:44,086][flwr][DEBUG] - fit_round 13 received 20 results and 0 failures
[2024-03-21 11:46:47,477][flwr][INFO] - fit progress: (13, 0.07080082048922777, {'test_accuracy': 0.7795}, 886.07561862492)
[2024-03-21 11:46:47,477][flwr][INFO] - Sampled the following clients: ['21', '33', '98', '74', '92', '2', '14', '9', '67', '87', '89', '76', '32', '40', '52', '71', '75', '6', '11', '86']
[2024-03-21 11:46:47,477][flwr][DEBUG] - evaluate_round 13: strategy sampled 20 clients (out of 100)
[2024-03-21 11:46:48,053][flwr][DEBUG] - evaluate_round 13 received 20 results and 0 failures
[2024-03-21 11:46:48,064][flwr][INFO] - Sampled the following clients: ['45', '67', '28', '80', '9', '73', '94', '92', '11', '59', '61', '78', '18', '41', '64', '4', '1', '55', '57', '85']
[2024-03-21 11:46:48,065][flwr][DEBUG] - fit_round 14: strategy sampled 20 clients (out of 100)
[2024-03-21 11:47:55,041][flwr][DEBUG] - fit_round 14 received 20 results and 0 failures
[2024-03-21 11:47:58,468][flwr][INFO] - fit progress: (14, 0.06429171346873044, {'test_accuracy': 0.8135}, 957.066917499993)
[2024-03-21 11:47:58,469][flwr][INFO] - Sampled the following clients: ['66', '63', '38', '1', '49', '64', '88', '36', '51', '50', '18', '73', '56', '35', '99', '11', '44', '26', '4', '53']
[2024-03-21 11:47:58,469][flwr][DEBUG] - evaluate_round 14: strategy sampled 20 clients (out of 100)
[2024-03-21 11:47:58,998][flwr][DEBUG] - evaluate_round 14 received 20 results and 0 failures
[2024-03-21 11:47:59,013][flwr][INFO] - Sampled the following clients: ['81', '77', '91', '7', '30', '98', '69', '55', '1', '17', '73', '59', '9', '97', '2', '65', '38', '24', '6', '64']
[2024-03-21 11:47:59,013][flwr][DEBUG] - fit_round 15: strategy sampled 20 clients (out of 100)
[2024-03-21 11:49:02,075][flwr][DEBUG] - fit_round 15 received 20 results and 0 failures
[2024-03-21 11:49:05,193][flwr][INFO] - fit progress: (15, 0.06369450019896031, {'test_accuracy': 0.8118}, 1023.7915948748123)
[2024-03-21 11:49:05,193][flwr][INFO] - Sampled the following clients: ['22', '29', '58', '6', '55', '69', '75', '72', '19', '17', '98', '76', '28', '67', '97', '25', '82', '31', '18', '52']
[2024-03-21 11:49:05,193][flwr][DEBUG] - evaluate_round 15: strategy sampled 20 clients (out of 100)
[2024-03-21 11:49:05,744][flwr][DEBUG] - evaluate_round 15 received 20 results and 0 failures
[2024-03-21 11:49:05,764][flwr][INFO] - Sampled the following clients: ['98', '8', '0', '77', '49', '40', '13', '33', '67', '34', '91', '54', '96', '82', '7', '60', '10', '97', '42', '83']
[2024-03-21 11:49:05,764][flwr][DEBUG] - fit_round 16: strategy sampled 20 clients (out of 100)
[2024-03-21 11:50:10,770][flwr][DEBUG] - fit_round 16 received 20 results and 0 failures
[2024-03-21 11:50:13,875][flwr][INFO] - fit progress: (16, 0.06303833507988602, {'test_accuracy': 0.8171}, 1092.4741480418015)
[2024-03-21 11:50:13,876][flwr][INFO] - Sampled the following clients: ['31', '79', '78', '41', '89', '22', '94', '72', '76', '68', '75', '34', '87', '13', '39', '96', '25', '64', '69', '40']
[2024-03-21 11:50:13,876][flwr][DEBUG] - evaluate_round 16: strategy sampled 20 clients (out of 100)
[2024-03-21 11:50:14,382][flwr][DEBUG] - evaluate_round 16 received 20 results and 0 failures
[2024-03-21 11:50:14,396][flwr][INFO] - Sampled the following clients: ['43', '99', '52', '16', '65', '90', '33', '86', '37', '13', '74', '11', '88', '14', '59', '97', '3', '22', '47', '1']
[2024-03-21 11:50:14,396][flwr][DEBUG] - fit_round 17: strategy sampled 20 clients (out of 100)
[2024-03-21 11:51:19,413][flwr][DEBUG] - fit_round 17 received 20 results and 0 failures
[2024-03-21 11:51:22,671][flwr][INFO] - fit progress: (17, 0.061818753575161096, {'test_accuracy': 0.8118}, 1161.2695499579422)
[2024-03-21 11:51:22,671][flwr][INFO] - Sampled the following clients: ['4', '86', '47', '48', '13', '14', '62', '94', '7', '38', '53', '95', '59', '1', '8', '27', '19', '29', '78', '41']
[2024-03-21 11:51:22,671][flwr][DEBUG] - evaluate_round 17: strategy sampled 20 clients (out of 100)
[2024-03-21 11:51:23,197][flwr][DEBUG] - evaluate_round 17 received 20 results and 0 failures
[2024-03-21 11:51:23,221][flwr][INFO] - Sampled the following clients: ['15', '59', '14', '63', '45', '24', '18', '87', '51', '70', '81', '13', '6', '55', '74', '17', '50', '48', '96', '16']
[2024-03-21 11:51:23,221][flwr][DEBUG] - fit_round 18: strategy sampled 20 clients (out of 100)
[2024-03-21 11:52:27,337][flwr][DEBUG] - fit_round 18 received 20 results and 0 failures
[2024-03-21 11:52:30,380][flwr][INFO] - fit progress: (18, 0.062118884132802483, {'test_accuracy': 0.8192}, 1228.9788787500001)
[2024-03-21 11:52:30,380][flwr][INFO] - Sampled the following clients: ['22', '64', '81', '52', '47', '10', '96', '98', '34', '44', '7', '57', '62', '31', '14', '54', '90', '43', '37', '1']
[2024-03-21 11:52:30,380][flwr][DEBUG] - evaluate_round 18: strategy sampled 20 clients (out of 100)
[2024-03-21 11:52:30,923][flwr][DEBUG] - evaluate_round 18 received 20 results and 0 failures
[2024-03-21 11:52:30,950][flwr][INFO] - Sampled the following clients: ['10', '22', '16', '91', '66', '86', '77', '36', '59', '78', '83', '72', '47', '12', '40', '29', '52', '58', '65', '51']
[2024-03-21 11:52:30,950][flwr][DEBUG] - fit_round 19: strategy sampled 20 clients (out of 100)
[2024-03-21 11:53:33,920][flwr][DEBUG] - fit_round 19 received 20 results and 0 failures
[2024-03-21 11:53:37,079][flwr][INFO] - fit progress: (19, 0.05709191284906119, {'test_accuracy': 0.828}, 1295.6780030829832)
[2024-03-21 11:53:37,079][flwr][INFO] - Sampled the following clients: ['80', '46', '34', '40', '81', '49', '66', '79', '62', '29', '51', '38', '90', '85', '59', '8', '17', '10', '27', '87']
[2024-03-21 11:53:37,079][flwr][DEBUG] - evaluate_round 19: strategy sampled 20 clients (out of 100)
[2024-03-21 11:53:37,559][flwr][DEBUG] - evaluate_round 19 received 20 results and 0 failures
[2024-03-21 11:53:37,569][flwr][INFO] - Sampled the following clients: ['3', '65', '59', '57', '35', '33', '26', '96', '69', '87', '5', '1', '76', '56', '24', '58', '47', '62', '49', '9']
[2024-03-21 11:53:37,569][flwr][DEBUG] - fit_round 20: strategy sampled 20 clients (out of 100)
[2024-03-21 11:54:41,288][flwr][DEBUG] - fit_round 20 received 20 results and 0 failures
[2024-03-21 11:54:44,784][flwr][INFO] - fit progress: (20, 0.05819246082082391, {'test_accuracy': 0.8345}, 1363.3826947079506)
[2024-03-21 11:54:44,784][flwr][INFO] - Sampled the following clients: ['54', '72', '45', '62', '50', '19', '92', '75', '32', '95', '20', '93', '11', '15', '98', '24', '13', '9', '4', '87']
[2024-03-21 11:54:44,784][flwr][DEBUG] - evaluate_round 20: strategy sampled 20 clients (out of 100)
[2024-03-21 11:54:45,331][flwr][DEBUG] - evaluate_round 20 received 20 results and 0 failures
[2024-03-21 11:54:45,351][flwr][INFO] - Sampled the following clients: ['89', '9', '33', '36', '47', '52', '19', '96', '10', '16', '51', '37', '26', '2', '20', '98', '79', '63', '40', '31']
[2024-03-21 11:54:45,351][flwr][DEBUG] - fit_round 21: strategy sampled 20 clients (out of 100)
[2024-03-21 11:55:51,640][flwr][DEBUG] - fit_round 21 received 20 results and 0 failures
[2024-03-21 11:55:54,758][flwr][INFO] - fit progress: (21, 0.060010980052035305, {'test_accuracy': 0.8103}, 1433.3567572918255)
[2024-03-21 11:55:54,758][flwr][INFO] - Sampled the following clients: ['23', '55', '78', '82', '84', '32', '22', '15', '50', '93', '89', '69', '43', '34', '98', '37', '60', '67', '79', '40']
[2024-03-21 11:55:54,758][flwr][DEBUG] - evaluate_round 21: strategy sampled 20 clients (out of 100)
[2024-03-21 11:55:55,228][flwr][DEBUG] - evaluate_round 21 received 20 results and 0 failures
[2024-03-21 11:55:55,253][flwr][INFO] - Sampled the following clients: ['8', '82', '48', '27', '33', '75', '7', '16', '67', '53', '14', '12', '4', '22', '61', '84', '42', '59', '17', '56']
[2024-03-21 11:55:55,253][flwr][DEBUG] - fit_round 22: strategy sampled 20 clients (out of 100)
[2024-03-21 11:56:56,997][flwr][DEBUG] - fit_round 22 received 20 results and 0 failures
[2024-03-21 11:57:00,023][flwr][INFO] - fit progress: (22, 0.054898118993919345, {'test_accuracy': 0.8311}, 1498.6169758748729)
[2024-03-21 11:57:00,023][flwr][INFO] - Sampled the following clients: ['15', '65', '3', '0', '82', '88', '35', '78', '71', '25', '12', '8', '10', '14', '24', '45', '21', '72', '80', '93']
[2024-03-21 11:57:00,023][flwr][DEBUG] - evaluate_round 22: strategy sampled 20 clients (out of 100)
[2024-03-21 11:57:00,533][flwr][DEBUG] - evaluate_round 22 received 20 results and 0 failures
[2024-03-21 11:57:00,547][flwr][INFO] - Sampled the following clients: ['72', '74', '69', '17', '64', '22', '25', '21', '62', '48', '36', '0', '56', '93', '39', '71', '15', '13', '40', '49']
[2024-03-21 11:57:00,547][flwr][DEBUG] - fit_round 23: strategy sampled 20 clients (out of 100)
[2024-03-21 11:58:04,826][flwr][DEBUG] - fit_round 23 received 20 results and 0 failures
[2024-03-21 11:58:08,044][flwr][INFO] - fit progress: (23, 0.05206575159914792, {'test_accuracy': 0.8518}, 1566.637774166884)
[2024-03-21 11:58:08,044][flwr][INFO] - Sampled the following clients: ['74', '51', '53', '22', '48', '35', '12', '38', '10', '85', '18', '73', '65', '19', '71', '89', '72', '44', '70', '80']
[2024-03-21 11:58:08,044][flwr][DEBUG] - evaluate_round 23: strategy sampled 20 clients (out of 100)
[2024-03-21 11:58:08,558][flwr][DEBUG] - evaluate_round 23 received 20 results and 0 failures
[2024-03-21 11:58:08,580][flwr][INFO] - Sampled the following clients: ['80', '68', '69', '42', '85', '22', '21', '86', '50', '41', '62', '96', '67', '4', '77', '39', '87', '34', '35', '98']
[2024-03-21 11:58:08,580][flwr][DEBUG] - fit_round 24: strategy sampled 20 clients (out of 100)
[2024-03-21 11:59:10,561][flwr][DEBUG] - fit_round 24 received 20 results and 0 failures
[2024-03-21 11:59:13,737][flwr][INFO] - fit progress: (24, 0.05384194935467094, {'test_accuracy': 0.8414}, 1632.3304747918155)
[2024-03-21 11:59:13,737][flwr][INFO] - Sampled the following clients: ['71', '53', '49', '52', '73', '64', '56', '93', '46', '69', '19', '77', '51', '28', '23', '36', '81', '84', '50', '22']
[2024-03-21 11:59:13,737][flwr][DEBUG] - evaluate_round 24: strategy sampled 20 clients (out of 100)
[2024-03-21 11:59:14,232][flwr][DEBUG] - evaluate_round 24 received 20 results and 0 failures
[2024-03-21 11:59:14,252][flwr][INFO] - Sampled the following clients: ['4', '13', '90', '89', '72', '65', '19', '34', '54', '67', '93', '46', '23', '44', '66', '56', '2', '57', '20', '48']
[2024-03-21 11:59:14,252][flwr][DEBUG] - fit_round 25: strategy sampled 20 clients (out of 100)
[2024-03-21 12:00:16,452][flwr][DEBUG] - fit_round 25 received 20 results and 0 failures
[2024-03-21 12:00:19,376][flwr][INFO] - fit progress: (25, 0.05517335446290672, {'test_accuracy': 0.8417}, 1697.9698723328765)
[2024-03-21 12:00:19,376][flwr][INFO] - Sampled the following clients: ['95', '92', '16', '83', '8', '81', '88', '20', '22', '33', '68', '1', '82', '10', '62', '23', '25', '89', '93', '97']
[2024-03-21 12:00:19,376][flwr][DEBUG] - evaluate_round 25: strategy sampled 20 clients (out of 100)
[2024-03-21 12:00:19,847][flwr][DEBUG] - evaluate_round 25 received 20 results and 0 failures
[2024-03-21 12:00:19,871][flwr][INFO] - Sampled the following clients: ['80', '30', '19', '71', '10', '52', '47', '50', '75', '21', '76', '12', '43', '8', '89', '96', '68', '26', '17', '3']
[2024-03-21 12:00:19,872][flwr][DEBUG] - fit_round 26: strategy sampled 20 clients (out of 100)
[2024-03-21 12:01:19,958][flwr][DEBUG] - fit_round 26 received 20 results and 0 failures
[2024-03-21 12:01:23,021][flwr][INFO] - fit progress: (26, 0.0519372358684428, {'test_accuracy': 0.8445}, 1761.6145902918652)
[2024-03-21 12:01:23,021][flwr][INFO] - Sampled the following clients: ['78', '98', '35', '8', '97', '32', '12', '86', '47', '84', '89', '95', '14', '43', '93', '54', '80', '75', '9', '85']
[2024-03-21 12:01:23,021][flwr][DEBUG] - evaluate_round 26: strategy sampled 20 clients (out of 100)
[2024-03-21 12:01:23,516][flwr][DEBUG] - evaluate_round 26 received 20 results and 0 failures
[2024-03-21 12:01:23,535][flwr][INFO] - Sampled the following clients: ['11', '6', '37', '78', '2', '7', '8', '42', '59', '53', '98', '14', '28', '96', '56', '67', '41', '15', '30', '55']
[2024-03-21 12:01:23,535][flwr][DEBUG] - fit_round 27: strategy sampled 20 clients (out of 100)
[2024-03-21 12:02:23,755][flwr][DEBUG] - fit_round 27 received 20 results and 0 failures
[2024-03-21 12:02:26,808][flwr][INFO] - fit progress: (27, 0.0519209858849179, {'test_accuracy': 0.8441}, 1825.4013967919163)
[2024-03-21 12:02:26,808][flwr][INFO] - Sampled the following clients: ['65', '68', '37', '48', '52', '95', '45', '63', '16', '38', '74', '56', '18', '3', '66', '42', '62', '5', '84', '33']
[2024-03-21 12:02:26,808][flwr][DEBUG] - evaluate_round 27: strategy sampled 20 clients (out of 100)
[2024-03-21 12:02:27,378][flwr][DEBUG] - evaluate_round 27 received 20 results and 0 failures
[2024-03-21 12:02:27,408][flwr][INFO] - Sampled the following clients: ['7', '83', '60', '6', '34', '32', '9', '97', '4', '47', '78', '48', '76', '61', '51', '13', '54', '5', '64', '87']
[2024-03-21 12:02:27,408][flwr][DEBUG] - fit_round 28: strategy sampled 20 clients (out of 100)
[2024-03-21 12:03:30,644][flwr][DEBUG] - fit_round 28 received 20 results and 0 failures
[2024-03-21 12:03:33,726][flwr][INFO] - fit progress: (28, 0.0533363029663451, {'test_accuracy': 0.8443}, 1892.3197184579913)
[2024-03-21 12:03:33,726][flwr][INFO] - Sampled the following clients: ['86', '56', '65', '49', '79', '64', '26', '16', '80', '12', '45', '57', '0', '98', '31', '88', '42', '75', '24', '34']
[2024-03-21 12:03:33,726][flwr][DEBUG] - evaluate_round 28: strategy sampled 20 clients (out of 100)
[2024-03-21 12:03:34,245][flwr][DEBUG] - evaluate_round 28 received 20 results and 0 failures
[2024-03-21 12:03:34,268][flwr][INFO] - Sampled the following clients: ['55', '93', '3', '89', '74', '95', '29', '14', '83', '45', '96', '9', '36', '41', '21', '42', '71', '27', '46', '63']
[2024-03-21 12:03:34,268][flwr][DEBUG] - fit_round 29: strategy sampled 20 clients (out of 100)
[2024-03-21 12:04:40,451][flwr][DEBUG] - fit_round 29 received 20 results and 0 failures
[2024-03-21 12:04:43,577][flwr][INFO] - fit progress: (29, 0.05541610600715503, {'test_accuracy': 0.8298}, 1962.1704570828006)
[2024-03-21 12:04:43,577][flwr][INFO] - Sampled the following clients: ['49', '70', '77', '4', '6', '48', '46', '63', '75', '25', '61', '66', '83', '88', '13', '85', '84', '18', '38', '39']
[2024-03-21 12:04:43,577][flwr][DEBUG] - evaluate_round 29: strategy sampled 20 clients (out of 100)
[2024-03-21 12:04:44,114][flwr][DEBUG] - evaluate_round 29 received 20 results and 0 failures
[2024-03-21 12:04:44,135][flwr][INFO] - Sampled the following clients: ['99', '18', '38', '15', '22', '59', '66', '19', '64', '96', '78', '26', '11', '5', '68', '33', '42', '62', '86', '35']
[2024-03-21 12:04:44,135][flwr][DEBUG] - fit_round 30: strategy sampled 20 clients (out of 100)
[2024-03-21 12:05:47,555][flwr][DEBUG] - fit_round 30 received 20 results and 0 failures
[2024-03-21 12:05:50,760][flwr][INFO] - fit progress: (30, 0.05151732048140839, {'test_accuracy': 0.8501}, 2029.3541054169182)
[2024-03-21 12:05:50,761][flwr][INFO] - Sampled the following clients: ['74', '89', '15', '44', '54', '58', '5', '62', '63', '30', '55', '45', '56', '69', '2', '38', '67', '11', '37', '3']
[2024-03-21 12:05:50,761][flwr][DEBUG] - evaluate_round 30: strategy sampled 20 clients (out of 100)
[2024-03-21 12:05:51,266][flwr][DEBUG] - evaluate_round 30 received 20 results and 0 failures
[2024-03-21 12:05:51,286][flwr][INFO] - Sampled the following clients: ['76', '17', '34', '45', '93', '8', '25', '96', '98', '91', '18', '29', '85', '68', '55', '20', '9', '95', '14', '26']
[2024-03-21 12:05:51,286][flwr][DEBUG] - fit_round 31: strategy sampled 20 clients (out of 100)
[2024-03-21 12:06:55,909][flwr][DEBUG] - fit_round 31 received 20 results and 0 failures
[2024-03-21 12:06:58,947][flwr][INFO] - fit progress: (31, 0.052157982515217735, {'test_accuracy': 0.8412}, 2097.5407770418096)
[2024-03-21 12:06:58,947][flwr][INFO] - Sampled the following clients: ['64', '36', '62', '47', '5', '75', '48', '0', '13', '25', '8', '95', '38', '18', '70', '60', '30', '72', '87', '41']
[2024-03-21 12:06:58,947][flwr][DEBUG] - evaluate_round 31: strategy sampled 20 clients (out of 100)
[2024-03-21 12:06:59,429][flwr][DEBUG] - evaluate_round 31 received 20 results and 0 failures
[2024-03-21 12:06:59,453][flwr][INFO] - Sampled the following clients: ['98', '87', '24', '22', '59', '20', '42', '80', '39', '53', '97', '67', '38', '14', '45', '48', '3', '54', '16', '62']
[2024-03-21 12:06:59,453][flwr][DEBUG] - fit_round 32: strategy sampled 20 clients (out of 100)
[2024-03-21 12:08:05,134][flwr][DEBUG] - fit_round 32 received 20 results and 0 failures
[2024-03-21 12:08:08,132][flwr][INFO] - fit progress: (32, 0.05515198111217469, {'test_accuracy': 0.8308}, 2166.726121332962)
[2024-03-21 12:08:08,133][flwr][INFO] - Sampled the following clients: ['27', '63', '8', '0', '1', '50', '59', '44', '49', '89', '64', '55', '9', '66', '71', '16', '42', '34', '87', '99']
[2024-03-21 12:08:08,133][flwr][DEBUG] - evaluate_round 32: strategy sampled 20 clients (out of 100)
[2024-03-21 12:08:08,630][flwr][DEBUG] - evaluate_round 32 received 20 results and 0 failures
[2024-03-21 12:08:08,645][flwr][INFO] - Sampled the following clients: ['14', '44', '54', '95', '61', '12', '49', '91', '7', '98', '30', '50', '72', '82', '41', '11', '52', '13', '18', '28']
[2024-03-21 12:08:08,645][flwr][DEBUG] - fit_round 33: strategy sampled 20 clients (out of 100)
[2024-03-21 12:09:11,513][flwr][DEBUG] - fit_round 33 received 20 results and 0 failures
[2024-03-21 12:09:14,561][flwr][INFO] - fit progress: (33, 0.04669871082538739, {'test_accuracy': 0.8642}, 2233.154201374855)
[2024-03-21 12:09:14,561][flwr][INFO] - Sampled the following clients: ['50', '19', '85', '14', '94', '33', '56', '68', '51', '58', '70', '16', '45', '9', '63', '11', '31', '4', '27', '22']
[2024-03-21 12:09:14,561][flwr][DEBUG] - evaluate_round 33: strategy sampled 20 clients (out of 100)
[2024-03-21 12:09:15,070][flwr][DEBUG] - evaluate_round 33 received 20 results and 0 failures
[2024-03-21 12:09:15,090][flwr][INFO] - Sampled the following clients: ['70', '39', '19', '91', '11', '40', '72', '13', '97', '71', '66', '2', '58', '4', '23', '84', '27', '16', '96', '44']
[2024-03-21 12:09:15,090][flwr][DEBUG] - fit_round 34: strategy sampled 20 clients (out of 100)
[2024-03-21 12:10:16,496][flwr][DEBUG] - fit_round 34 received 20 results and 0 failures
[2024-03-21 12:10:19,910][flwr][INFO] - fit progress: (34, 0.048556971999257806, {'test_accuracy': 0.8622}, 2298.503680624999)
[2024-03-21 12:10:19,910][flwr][INFO] - Sampled the following clients: ['54', '29', '22', '96', '66', '31', '55', '98', '79', '93', '63', '78', '50', '65', '20', '46', '64', '0', '76', '97']
[2024-03-21 12:10:19,910][flwr][DEBUG] - evaluate_round 34: strategy sampled 20 clients (out of 100)
[2024-03-21 12:10:20,427][flwr][DEBUG] - evaluate_round 34 received 20 results and 0 failures
[2024-03-21 12:10:20,445][flwr][INFO] - Sampled the following clients: ['88', '95', '18', '78', '63', '85', '26', '15', '66', '96', '6', '45', '22', '71', '79', '60', '62', '76', '32', '83']
[2024-03-21 12:10:20,445][flwr][DEBUG] - fit_round 35: strategy sampled 20 clients (out of 100)
[2024-03-21 12:11:28,323][flwr][DEBUG] - fit_round 35 received 20 results and 0 failures
[2024-03-21 12:11:31,355][flwr][INFO] - fit progress: (35, 0.04668483438221738, {'test_accuracy': 0.8638}, 2369.9487937500235)
[2024-03-21 12:11:31,355][flwr][INFO] - Sampled the following clients: ['45', '73', '56', '26', '59', '33', '1', '74', '49', '5', '89', '68', '35', '79', '39', '42', '70', '14', '9', '21']
[2024-03-21 12:11:31,355][flwr][DEBUG] - evaluate_round 35: strategy sampled 20 clients (out of 100)
[2024-03-21 12:11:31,844][flwr][DEBUG] - evaluate_round 35 received 20 results and 0 failures
[2024-03-21 12:11:31,866][flwr][INFO] - Sampled the following clients: ['15', '4', '63', '45', '75', '46', '90', '99', '12', '8', '60', '0', '80', '21', '54', '11', '30', '82', '22', '65']
[2024-03-21 12:11:31,866][flwr][DEBUG] - fit_round 36: strategy sampled 20 clients (out of 100)
[2024-03-21 12:12:34,177][flwr][DEBUG] - fit_round 36 received 20 results and 0 failures
[2024-03-21 12:12:37,233][flwr][INFO] - fit progress: (36, 0.05004724129410461, {'test_accuracy': 0.8517}, 2435.8266525829677)
[2024-03-21 12:12:37,233][flwr][INFO] - Sampled the following clients: ['18', '16', '70', '28', '4', '48', '55', '42', '68', '11', '57', '53', '20', '59', '82', '10', '94', '5', '38', '51']
[2024-03-21 12:12:37,233][flwr][DEBUG] - evaluate_round 36: strategy sampled 20 clients (out of 100)
[2024-03-21 12:12:37,705][flwr][DEBUG] - evaluate_round 36 received 20 results and 0 failures
[2024-03-21 12:12:37,726][flwr][INFO] - Sampled the following clients: ['55', '2', '38', '34', '26', '66', '29', '63', '19', '82', '78', '25', '70', '68', '93', '52', '31', '35', '73', '41']
[2024-03-21 12:12:37,726][flwr][DEBUG] - fit_round 37: strategy sampled 20 clients (out of 100)
[2024-03-21 12:13:40,610][flwr][DEBUG] - fit_round 37 received 20 results and 0 failures
[2024-03-21 12:13:43,657][flwr][INFO] - fit progress: (37, 0.04625086698709056, {'test_accuracy': 0.8605}, 2502.2502293749712)
[2024-03-21 12:13:43,657][flwr][INFO] - Sampled the following clients: ['17', '3', '16', '25', '53', '66', '67', '44', '47', '41', '0', '18', '65', '76', '92', '50', '33', '22', '34', '26']
[2024-03-21 12:13:43,657][flwr][DEBUG] - evaluate_round 37: strategy sampled 20 clients (out of 100)
[2024-03-21 12:13:44,166][flwr][DEBUG] - evaluate_round 37 received 20 results and 0 failures
[2024-03-21 12:13:44,187][flwr][INFO] - Sampled the following clients: ['49', '24', '86', '91', '5', '65', '13', '54', '10', '20', '56', '95', '31', '50', '11', '34', '39', '74', '32', '52']
[2024-03-21 12:13:44,187][flwr][DEBUG] - fit_round 38: strategy sampled 20 clients (out of 100)
[2024-03-21 12:14:48,586][flwr][DEBUG] - fit_round 38 received 20 results and 0 failures
[2024-03-21 12:14:51,610][flwr][INFO] - fit progress: (38, 0.046155867524072525, {'test_accuracy': 0.8638}, 2570.2037364998832)
[2024-03-21 12:14:51,610][flwr][INFO] - Sampled the following clients: ['17', '93', '68', '88', '13', '28', '20', '83', '84', '87', '76', '37', '60', '64', '70', '96', '30', '95', '98', '6']
[2024-03-21 12:14:51,610][flwr][DEBUG] - evaluate_round 38: strategy sampled 20 clients (out of 100)
[2024-03-21 12:14:52,104][flwr][DEBUG] - evaluate_round 38 received 20 results and 0 failures
[2024-03-21 12:14:52,124][flwr][INFO] - Sampled the following clients: ['67', '2', '30', '74', '62', '82', '22', '35', '14', '9', '57', '8', '99', '33', '19', '90', '23', '66', '58', '37']
[2024-03-21 12:14:52,125][flwr][DEBUG] - fit_round 39: strategy sampled 20 clients (out of 100)
[2024-03-21 12:15:52,375][flwr][DEBUG] - fit_round 39 received 20 results and 0 failures
[2024-03-21 12:15:55,358][flwr][INFO] - fit progress: (39, 0.05166952363441232, {'test_accuracy': 0.8435}, 2633.951258416986)
[2024-03-21 12:15:55,358][flwr][INFO] - Sampled the following clients: ['26', '67', '91', '27', '71', '15', '41', '17', '6', '46', '59', '31', '22', '40', '83', '65', '56', '39', '80', '53']
[2024-03-21 12:15:55,358][flwr][DEBUG] - evaluate_round 39: strategy sampled 20 clients (out of 100)
[2024-03-21 12:15:55,832][flwr][DEBUG] - evaluate_round 39 received 20 results and 0 failures
[2024-03-21 12:15:55,839][flwr][INFO] - Sampled the following clients: ['61', '85', '96', '57', '44', '65', '94', '62', '39', '73', '7', '18', '74', '75', '88', '98', '16', '83', '34', '68']
[2024-03-21 12:15:55,839][flwr][DEBUG] - fit_round 40: strategy sampled 20 clients (out of 100)
[2024-03-21 12:17:00,340][flwr][DEBUG] - fit_round 40 received 20 results and 0 failures
[2024-03-21 12:17:03,839][flwr][INFO] - fit progress: (40, 0.05267568567176349, {'test_accuracy': 0.8482}, 2702.4322401250247)
[2024-03-21 12:17:03,839][flwr][INFO] - Sampled the following clients: ['72', '27', '76', '82', '39', '25', '50', '61', '74', '54', '92', '46', '13', '77', '91', '90', '60', '40', '99', '71']
[2024-03-21 12:17:03,839][flwr][DEBUG] - evaluate_round 40: strategy sampled 20 clients (out of 100)
[2024-03-21 12:17:04,354][flwr][DEBUG] - evaluate_round 40 received 20 results and 0 failures
[2024-03-21 12:17:04,373][flwr][INFO] - Sampled the following clients: ['21', '93', '32', '23', '39', '55', '34', '81', '20', '88', '82', '94', '3', '87', '25', '66', '70', '99', '7', '45']
[2024-03-21 12:17:04,373][flwr][DEBUG] - fit_round 41: strategy sampled 20 clients (out of 100)
[2024-03-21 12:18:06,361][flwr][DEBUG] - fit_round 41 received 20 results and 0 failures
[2024-03-21 12:18:09,399][flwr][INFO] - fit progress: (41, 0.05070708867725916, {'test_accuracy': 0.8429}, 2767.992463707924)
[2024-03-21 12:18:09,399][flwr][INFO] - Sampled the following clients: ['38', '70', '59', '23', '24', '20', '12', '86', '73', '81', '49', '68', '51', '71', '85', '0', '80', '41', '61', '7']
[2024-03-21 12:18:09,399][flwr][DEBUG] - evaluate_round 41: strategy sampled 20 clients (out of 100)
[2024-03-21 12:18:09,867][flwr][DEBUG] - evaluate_round 41 received 20 results and 0 failures
[2024-03-21 12:18:09,885][flwr][INFO] - Sampled the following clients: ['45', '12', '91', '6', '85', '56', '8', '5', '13', '47', '43', '18', '88', '66', '29', '35', '58', '53', '34', '17']
[2024-03-21 12:18:09,885][flwr][DEBUG] - fit_round 42: strategy sampled 20 clients (out of 100)
[2024-03-21 12:19:12,619][flwr][DEBUG] - fit_round 42 received 20 results and 0 failures
[2024-03-21 12:19:15,642][flwr][INFO] - fit progress: (42, 0.05097551747453399, {'test_accuracy': 0.8404}, 2834.2354286250193)
[2024-03-21 12:19:15,642][flwr][INFO] - Sampled the following clients: ['86', '7', '1', '93', '81', '61', '60', '88', '62', '40', '69', '35', '44', '90', '79', '53', '21', '50', '26', '58']
[2024-03-21 12:19:15,642][flwr][DEBUG] - evaluate_round 42: strategy sampled 20 clients (out of 100)
[2024-03-21 12:19:16,124][flwr][DEBUG] - evaluate_round 42 received 20 results and 0 failures
[2024-03-21 12:19:16,130][flwr][INFO] - Sampled the following clients: ['90', '25', '82', '35', '51', '3', '97', '84', '10', '37', '6', '15', '86', '38', '5', '85', '1', '17', '42', '29']
[2024-03-21 12:19:16,131][flwr][DEBUG] - fit_round 43: strategy sampled 20 clients (out of 100)
[2024-03-21 12:20:18,635][flwr][DEBUG] - fit_round 43 received 20 results and 0 failures
[2024-03-21 12:20:21,638][flwr][INFO] - fit progress: (43, 0.045775159200420606, {'test_accuracy': 0.8645}, 2900.2309468749445)
[2024-03-21 12:20:21,638][flwr][INFO] - Sampled the following clients: ['13', '44', '9', '42', '82', '12', '69', '50', '48', '21', '45', '95', '71', '34', '46', '59', '93', '22', '64', '10']
[2024-03-21 12:20:21,638][flwr][DEBUG] - evaluate_round 43: strategy sampled 20 clients (out of 100)
[2024-03-21 12:20:22,104][flwr][DEBUG] - evaluate_round 43 received 20 results and 0 failures
[2024-03-21 12:20:22,111][flwr][INFO] - Sampled the following clients: ['79', '7', '85', '69', '34', '87', '66', '25', '27', '52', '55', '38', '75', '30', '43', '91', '95', '40', '17', '35']
[2024-03-21 12:20:22,111][flwr][DEBUG] - fit_round 44: strategy sampled 20 clients (out of 100)
[2024-03-21 12:21:22,844][flwr][DEBUG] - fit_round 44 received 20 results and 0 failures
[2024-03-21 12:21:25,830][flwr][INFO] - fit progress: (44, 0.0431280377084855, {'test_accuracy': 0.8745}, 2964.4234904579353)
[2024-03-21 12:21:25,830][flwr][INFO] - Sampled the following clients: ['37', '73', '34', '63', '55', '66', '58', '24', '86', '93', '80', '32', '59', '83', '88', '12', '9', '13', '29', '14']
[2024-03-21 12:21:25,830][flwr][DEBUG] - evaluate_round 44: strategy sampled 20 clients (out of 100)
[2024-03-21 12:21:26,327][flwr][DEBUG] - evaluate_round 44 received 20 results and 0 failures
[2024-03-21 12:21:26,347][flwr][INFO] - Sampled the following clients: ['87', '5', '38', '6', '65', '3', '30', '52', '29', '57', '22', '83', '70', '7', '40', '58', '8', '63', '99', '56']
[2024-03-21 12:21:26,347][flwr][DEBUG] - fit_round 45: strategy sampled 20 clients (out of 100)
[2024-03-21 12:22:30,723][flwr][DEBUG] - fit_round 45 received 20 results and 0 failures
[2024-03-21 12:22:33,689][flwr][INFO] - fit progress: (45, 0.0472089518846944, {'test_accuracy': 0.8604}, 3032.282034124946)
[2024-03-21 12:22:33,689][flwr][INFO] - Sampled the following clients: ['41', '34', '97', '31', '24', '28', '45', '16', '89', '73', '10', '43', '90', '60', '57', '32', '3', '78', '50', '40']
[2024-03-21 12:22:33,689][flwr][DEBUG] - evaluate_round 45: strategy sampled 20 clients (out of 100)
[2024-03-21 12:22:34,130][flwr][DEBUG] - evaluate_round 45 received 20 results and 0 failures
[2024-03-21 12:22:34,148][flwr][INFO] - Sampled the following clients: ['73', '34', '72', '36', '14', '39', '21', '86', '37', '3', '26', '92', '4', '24', '81', '50', '67', '52', '40', '94']
[2024-03-21 12:22:34,148][flwr][DEBUG] - fit_round 46: strategy sampled 20 clients (out of 100)
[2024-03-21 12:23:37,935][flwr][DEBUG] - fit_round 46 received 20 results and 0 failures
[2024-03-21 12:23:41,141][flwr][INFO] - fit progress: (46, 0.04587686833380721, {'test_accuracy': 0.8647}, 3099.7344654169865)
[2024-03-21 12:23:41,141][flwr][INFO] - Sampled the following clients: ['67', '47', '19', '92', '73', '38', '6', '10', '61', '60', '7', '79', '93', '52', '58', '62', '56', '63', '33', '31']
[2024-03-21 12:23:41,141][flwr][DEBUG] - evaluate_round 46: strategy sampled 20 clients (out of 100)
[2024-03-21 12:23:41,699][flwr][DEBUG] - evaluate_round 46 received 20 results and 0 failures
[2024-03-21 12:23:41,720][flwr][INFO] - Sampled the following clients: ['99', '64', '61', '8', '97', '42', '88', '57', '44', '46', '32', '11', '49', '20', '28', '60', '40', '10', '69', '80']
[2024-03-21 12:23:41,721][flwr][DEBUG] - fit_round 47: strategy sampled 20 clients (out of 100)
[2024-03-21 12:24:47,852][flwr][DEBUG] - fit_round 47 received 20 results and 0 failures
[2024-03-21 12:24:51,522][flwr][INFO] - fit progress: (47, 0.04891555098555982, {'test_accuracy': 0.8521}, 3170.1154750420246)
[2024-03-21 12:24:51,522][flwr][INFO] - Sampled the following clients: ['3', '31', '95', '17', '53', '18', '88', '37', '40', '64', '24', '30', '67', '85', '58', '90', '45', '74', '11', '65']
[2024-03-21 12:24:51,522][flwr][DEBUG] - evaluate_round 47: strategy sampled 20 clients (out of 100)
[2024-03-21 12:24:52,019][flwr][DEBUG] - evaluate_round 47 received 20 results and 0 failures
[2024-03-21 12:24:52,035][flwr][INFO] - Sampled the following clients: ['55', '48', '40', '10', '67', '39', '26', '58', '11', '93', '89', '3', '51', '35', '12', '59', '52', '72', '99', '53']
[2024-03-21 12:24:52,035][flwr][DEBUG] - fit_round 48: strategy sampled 20 clients (out of 100)
[2024-03-21 12:25:54,166][flwr][DEBUG] - fit_round 48 received 20 results and 0 failures
[2024-03-21 12:25:57,902][flwr][INFO] - fit progress: (48, 0.04443678074395284, {'test_accuracy': 0.8686}, 3236.495332041988)
[2024-03-21 12:25:57,902][flwr][INFO] - Sampled the following clients: ['82', '2', '84', '6', '17', '65', '46', '19', '38', '47', '85', '14', '74', '27', '43', '95', '83', '52', '49', '89']
[2024-03-21 12:25:57,902][flwr][DEBUG] - evaluate_round 48: strategy sampled 20 clients (out of 100)
[2024-03-21 12:25:58,386][flwr][DEBUG] - evaluate_round 48 received 20 results and 0 failures
[2024-03-21 12:25:58,397][flwr][INFO] - Sampled the following clients: ['20', '50', '8', '97', '24', '32', '89', '46', '63', '65', '83', '6', '40', '66', '47', '9', '68', '61', '7', '93']
[2024-03-21 12:25:58,397][flwr][DEBUG] - fit_round 49: strategy sampled 20 clients (out of 100)
[2024-03-21 12:27:04,038][flwr][DEBUG] - fit_round 49 received 20 results and 0 failures
[2024-03-21 12:27:07,720][flwr][INFO] - fit progress: (49, 0.044599749912973496, {'test_accuracy': 0.8639}, 3306.3129427498206)
[2024-03-21 12:27:07,720][flwr][INFO] - Sampled the following clients: ['25', '15', '92', '57', '34', '79', '41', '59', '93', '42', '4', '86', '95', '50', '71', '22', '8', '20', '17', '96']
[2024-03-21 12:27:07,720][flwr][DEBUG] - evaluate_round 49: strategy sampled 20 clients (out of 100)
[2024-03-21 12:27:08,256][flwr][DEBUG] - evaluate_round 49 received 20 results and 0 failures
[2024-03-21 12:27:08,276][flwr][INFO] - Sampled the following clients: ['48', '9', '22', '82', '71', '57', '19', '34', '15', '7', '68', '56', '89', '78', '31', '74', '18', '62', '36', '3']
[2024-03-21 12:27:08,276][flwr][DEBUG] - fit_round 50: strategy sampled 20 clients (out of 100)
[2024-03-21 12:28:15,590][flwr][DEBUG] - fit_round 50 received 20 results and 0 failures
[2024-03-21 12:28:19,054][flwr][INFO] - fit progress: (50, 0.0452859041914111, {'test_accuracy': 0.8659}, 3377.6475804999936)
[2024-03-21 12:28:19,055][flwr][INFO] - Sampled the following clients: ['21', '57', '20', '99', '28', '50', '37', '66', '39', '9', '78', '35', '52', '11', '25', '77', '93', '10', '89', '56']
[2024-03-21 12:28:19,055][flwr][DEBUG] - evaluate_round 50: strategy sampled 20 clients (out of 100)
[2024-03-21 12:28:19,558][flwr][DEBUG] - evaluate_round 50 received 20 results and 0 failures
[2024-03-21 12:28:19,570][flwr][INFO] - FL finished in 3378.16329487483
[2024-03-21 12:28:19,577][flwr][INFO] - app_fit: losses_distributed [(1, 0.244918788950494), (2, 0.17461766130649126), (3, 0.12641101279630343), (4, 0.12348434625074255), (5, 0.09269402167682564), (6, 0.09569362604470229), (7, 0.09851367648373566), (8, 0.0978396361170604), (9, 0.07655283523966437), (10, 0.08042628105550659), (11, 0.058511753257678364), (12, 0.05564448815790263), (13, 0.062336770758467254), (14, 0.06926895071636827), (15, 0.07830725897849855), (16, 0.05488046506080533), (17, 0.05796618645155383), (18, 0.05914791991566392), (19, 0.06314962581443638), (20, 0.06895834173434026), (21, 0.05591793892146379), (22, 0.05389678647316919), (23, 0.05094312360559247), (24, 0.07046368238948443), (25, 0.061272683533250674), (26, 0.03898054417500153), (27, 0.04652012822014824), (28, 0.05801229354267615), (29, 0.06379586390935502), (30, 0.052767053150260444), (31, 0.0523087099149793), (32, 0.05460258652344861), (33, 0.054819599141375366), (34, 0.06333767258354499), (35, 0.042611291610997165), (36, 0.053559006728484466), (37, 0.04168078323162483), (38, 0.053199181130743525), (39, 0.05739666364982496), (40, 0.059823604900442556), (41, 0.05643048391533921), (42, 0.050021049109372225), (43, 0.04836908968579784), (44, 0.04516389280333124), (45, 0.04883205659577577), (46, 0.04481458725418473), (47, 0.053683947905591584), (48, 0.05222409198069077), (49, 0.046448567144624045), (50, 0.04066558263264596)]
[2024-03-21 12:28:19,577][flwr][INFO] - app_fit: metrics_distributed_fit {'train_loss': [(1, 0.13125749673774967), (2, 0.1057219064500162), (3, 0.07748377407044656), (4, 0.09956391373412439), (5, 0.08282168606625613), (6, 0.06311558107250737), (7, 0.05938715011457255), (8, 0.043987656056670994), (9, 0.04695726713524818), (10, 0.07192864445081994), (11, 0.04347627090978059), (12, 0.062347801624893034), (13, 0.06016836687806108), (14, 0.053008777650305504), (15, 0.06267673018596952), (16, 0.054534215787857256), (17, 0.03856752322402836), (18, 0.05930388496167587), (19, 0.05013805799457885), (20, 0.050343777882342476), (21, 0.049421401411417175), (22, 0.04080288175595186), (23, 0.04818253301067597), (24, 0.04910548223763749), (25, 0.03183463869716407), (26, 0.03053099004746318), (27, 0.03126886261165632), (28, 0.04193016331803188), (29, 0.04583606394812366), (30, 0.028526644161816102), (31, 0.039469082766453494), (32, 0.0366290341197813), (33, 0.03395389868959163), (34, 0.026630183588170476), (35, 0.042605029862068405), (36, 0.04291902861956626), (37, 0.034113212783795796), (38, 0.039173210732957264), (39, 0.024248562406841572), (40, 0.033154494114820125), (41, 0.036330835082998184), (42, 0.03717832291774964), (43, 0.02760598854741692), (44, 0.03631816161437478), (45, 0.036077612807192544), (46, 0.03415045195020877), (47, 0.04083999565779281), (48, 0.024158509253149052), (49, 0.036164986319500235), (50, 0.02600195368849893)], 'train_accuracy': [(1, 0.826992103374013), (2, 0.8652494885706662), (3, 0.9006729219979149), (4, 0.8692870201096892), (5, 0.884376177911798), (6, 0.9145243009945581), (7, 0.9244657332350774), (8, 0.9467519685039371), (9, 0.9419655333022823), (10, 0.8985095812633073), (11, 0.9418539325842696), (12, 0.914375346004798), (13, 0.9172877658607526), (14, 0.9289935448677152), (15, 0.9104067423964822), (16, 0.9257678389162104), (17, 0.9494715371778231), (18, 0.9187029638576605), (19, 0.9324515824279641), (20, 0.9315320283062218), (21, 0.9339552928135969), (22, 0.946484486194136), (23, 0.9337062167614157), (24, 0.9353440150801131), (25, 0.9581874940875982), (26, 0.9597459697117733), (27, 0.9593001141118296), (28, 0.9434551129061869), (29, 0.9355402298850575), (30, 0.9653136531365314), (31, 0.9469627454578822), (32, 0.951356934923467), (33, 0.9542737880656484), (34, 0.9662244801956911), (35, 0.9423533710944637), (36, 0.9379277108433735), (37, 0.9547236743838685), (38, 0.9489710401340907), (39, 0.9686894145017448), (40, 0.9567567567567568), (41, 0.9482025512176266), (42, 0.9497093291501338), (43, 0.9663231505336769), (44, 0.9500465983224604), (45, 0.9531323377477223), (46, 0.953267547942655), (47, 0.9411386002023361), (48, 0.9670350609756098), (49, 0.9505290514200854), (50, 0.9680731889469754)]}
[2024-03-21 12:28:19,580][flwr][INFO] - app_fit: metrics_distributed {'test_accuracy': [(1, 0.5446808510638298), (2, 0.5786713286713286), (3, 0.6523642732049036), (4, 0.6342477140482128), (5, 0.7868995633187773), (6, 0.7606614447345518), (7, 0.7154673283705542), (8, 0.7162048698572628), (9, 0.7721739130434783), (10, 0.7669983416252073), (11, 0.849624060150376), (12, 0.8672340425531915), (13, 0.8302872062663186), (14, 0.8084929225645295), (15, 0.7678122380553227), (16, 0.8702749140893471), (17, 0.8407534246575342), (18, 0.8456486042692939), (19, 0.8224852071005917), (20, 0.8213984835720304), (21, 0.8257899231426131), (22, 0.8615794143744454), (23, 0.8817946505608283), (24, 0.7874592833876222), (25, 0.8318367346938775), (26, 0.8978723404255319), (27, 0.8796372629843363), (28, 0.847953216374269), (29, 0.822805578342904), (30, 0.8565292096219931), (31, 0.8560606060606061), (32, 0.8407376362112322), (33, 0.8491198658843252), (34, 0.8144758735440932), (35, 0.8799661876584953), (36, 0.8457627118644068), (37, 0.8945518453427065), (38, 0.8404255319148937), (39, 0.8239795918367347), (40, 0.8246527777777778), (41, 0.8309859154929577), (42, 0.8701298701298701), (43, 0.8637123745819398), (44, 0.8696383515559294), (45, 0.8511548331907614), (46, 0.8755020080321285), (47, 0.8624472573839662), (48, 0.8441879637262985), (49, 0.8580968280467446), (50, 0.8817391304347826)]}
[2024-03-21 12:28:19,580][flwr][INFO] - app_fit: losses_centralized [(0, 0.28848216438293456), (1, 0.23651879054307937), (2, 0.1663061655163765), (3, 0.12042969631254673), (4, 0.10817144129872322), (5, 0.09056090306788683), (6, 0.09161023161485791), (7, 0.07884399434961378), (8, 0.08219253478907049), (9, 0.07607071242295206), (10, 0.07637936040908098), (11, 0.07291251470297574), (12, 0.06644232786595822), (13, 0.07080082048922777), (14, 0.06429171346873044), (15, 0.06369450019896031), (16, 0.06303833507988602), (17, 0.061818753575161096), (18, 0.062118884132802483), (19, 0.05709191284906119), (20, 0.05819246082082391), (21, 0.060010980052035305), (22, 0.054898118993919345), (23, 0.05206575159914792), (24, 0.05384194935467094), (25, 0.05517335446290672), (26, 0.0519372358684428), (27, 0.0519209858849179), (28, 0.0533363029663451), (29, 0.05541610600715503), (30, 0.05151732048140839), (31, 0.052157982515217735), (32, 0.05515198111217469), (33, 0.04669871082538739), (34, 0.048556971999257806), (35, 0.04668483438221738), (36, 0.05004724129410461), (37, 0.04625086698709056), (38, 0.046155867524072525), (39, 0.05166952363441232), (40, 0.05267568567176349), (41, 0.05070708867725916), (42, 0.05097551747453399), (43, 0.045775159200420606), (44, 0.0431280377084855), (45, 0.0472089518846944), (46, 0.04587686833380721), (47, 0.04891555098555982), (48, 0.04443678074395284), (49, 0.044599749912973496), (50, 0.0452859041914111)]
[2024-03-21 12:28:19,580][flwr][INFO] - app_fit: metrics_centralized {'test_accuracy': [(0, 0.1004), (1, 0.4792), (2, 0.5405), (3, 0.6277), (4, 0.7051), (5, 0.7519), (6, 0.7424), (7, 0.7697), (8, 0.7573), (9, 0.7601), (10, 0.7759), (11, 0.7764), (12, 0.8065), (13, 0.7795), (14, 0.8135), (15, 0.8118), (16, 0.8171), (17, 0.8118), (18, 0.8192), (19, 0.828), (20, 0.8345), (21, 0.8103), (22, 0.8311), (23, 0.8518), (24, 0.8414), (25, 0.8417), (26, 0.8445), (27, 0.8441), (28, 0.8443), (29, 0.8298), (30, 0.8501), (31, 0.8412), (32, 0.8308), (33, 0.8642), (34, 0.8622), (35, 0.8638), (36, 0.8517), (37, 0.8605), (38, 0.8638), (39, 0.8435), (40, 0.8482), (41, 0.8429), (42, 0.8404), (43, 0.8645), (44, 0.8745), (45, 0.8604), (46, 0.8647), (47, 0.8521), (48, 0.8686), (49, 0.8639), (50, 0.8659)]}
[2024-03-21 12:28:21,168][flwr][INFO] - Cleaned up ray temp session: /tmp/ray/session_2024-03-21_11-31-55_632871_42121 with size: 876781006848
[2024-03-21 12:28:21,168][flwr][INFO] - Saving ['yaml', 'log', 'wandb']
