[2024-03-16 23:37:36,297][flwr][INFO] - working_dir: null
to_save_once:
- yaml
- log
- wandb
to_save_per_round:
- parameters
- rng
- history
save_frequency: 1
to_restore: []
to_clean_once:
- history
- parameters
- yaml
- log
- rng
- history
use_wandb: false
debug_clients:
  all: false
  one: true
wandb_resume: false
wandb_id: null
wandb:
  setup:
    project: template
    tags:
    - strategy_${strategy.name}
    - seed_${fed.seed}
    entity: null
    mode: online
ray_address: null
ray_redis_password: null
ray_node_ip_address: null
file_limit: 250
task:
  model_and_data: CIFAR10_RESNET18
  train_structure: CIFAR10
  fit_config:
    net_config: {}
    dataloader_config:
      batch_size: 4
    run_config:
      epochs: 5
      learning_rate: 0.01
      optimizer: sgd
    extra: {}
  eval_config:
    net_config: {}
    dataloader_config:
      batch_size: 8
    run_config: {}
    extra: {}
  fed_test_config:
    net_config: {}
    dataloader_config:
      batch_size: 8
    run_config: {}
    extra: {}
  net_config_initial_parameters: {}
  fit_metrics:
  - train_loss
  - train_accuracy
  evaluate_metrics:
  - test_accuracy
fed:
  num_rounds: 50
  num_total_clients: 100
  num_clients_per_round: 20
  num_evaluate_clients_per_round: 20
  enable_resampling: false
  cpus_per_client: 2
  gpus_per_client: 0
  seed: 1337
  load_saved_state: true
  server_round: null
  parameters_folder: null
  rng_folder: null
  history_folder: null
strategy:
  name: FedAvg
  init:
    _target_: flwr.server.strategy.FedAvg
dataset:
  dataset_dir: ./data/cifar10/data
  partition_dir: ./data/cifar10/partition
  num_clients: 100
  val_ratio: 0.1
  seed: 1337
  iid: false
  power_law: false
  balance: false
  lda: true
  alpha: 100.0

[2024-03-16 23:37:36,317][flwr][INFO] - Wandb run initialized with False
[2024-03-16 23:37:36,318][flwr][INFO] - Pre-cleaning ['history', 'parameters', 'yaml', 'log', 'rng', 'history']
[2024-03-16 23:37:36,318][flwr][INFO] - Loading parameters failed from: /Users/grantwilkins/fl-final-proj/outputs/2024-03-16/23-37-36/results/state/parameters/parameters_0.bin
[2024-03-16 23:37:36,318][flwr][INFO] - Generating initial parameters with config: {}
[2024-03-16 23:37:36,318][flwr][INFO] - Generating initial parameters with config: {}
[2024-03-16 23:37:36,334][flwr][INFO] - Using RNG seed: 1337
[2024-03-16 23:37:54,820][flwr][INFO] - Fit debug fit: [446, {'train_loss': 0.5612333304678913, 'train_accuracy': 0.1726457399103139}]  and eval: (0.3286673828047149, 49, {'test_accuracy': 0.10204081632653061})
[2024-03-16 23:37:54,822][flwr][INFO] - Starting Flower simulation, config: ServerConfig(num_rounds=50, round_timeout=None)
[2024-03-16 23:37:58,362][flwr][INFO] - Flower VCE: Ray initialized with resources: {'memory': 20599668736.0, 'node:127.0.0.1': 1.0, 'CPU': 10.0, 'node:__internal_head__': 1.0, 'object_store_memory': 2147483648.0}
[2024-03-16 23:37:58,362][flwr][INFO] - Optimize your simulation with Flower VCE: https://flower.dev/docs/framework/how-to-run-simulations.html
[2024-03-16 23:37:58,362][flwr][INFO] - Flower VCE: Resources for each Virtual Client: {'num_cpus': 2, 'num_gpus': 0.0}
[2024-03-16 23:37:58,370][flwr][INFO] - Flower VCE: Creating VirtualClientEngineActorPool with 5 actors
[2024-03-16 23:37:58,370][flwr][INFO] - Initializing global parameters
[2024-03-16 23:37:58,370][flwr][INFO] - Using initial parameters provided by strategy
[2024-03-16 23:37:58,370][flwr][INFO] - Evaluating initial parameters
[2024-03-16 23:38:09,586][flwr][INFO] - initial parameters (loss, other metrics): 0.2879712468385696, {'test_accuracy': 0.1058}
[2024-03-16 23:38:09,612][flwr][INFO] - FL starting
[2024-03-16 23:38:09,612][flwr][INFO] - Sampled the following clients: ['18', '62', '29', '0', '45', '56', '26', '93', '96', '76', '83', '92', '99', '54', '43', '3', '84', '27', '37', '59']
[2024-03-16 23:38:09,612][flwr][DEBUG] - fit_round 1: strategy sampled 20 clients (out of 100)
[2024-03-16 23:40:05,378][flwr][DEBUG] - fit_round 1 received 20 results and 0 failures
[2024-03-16 23:40:17,046][flwr][INFO] - fit progress: (1, 0.27931636587381364, {'test_accuracy': 0.1541}, 127.434745916049)
[2024-03-16 23:40:17,046][flwr][INFO] - Sampled the following clients: ['41', '72', '1', '61', '47', '80', '99', '97', '54', '10', '58', '93', '89', '30', '23', '14', '31', '68', '96', '66']
[2024-03-16 23:40:17,046][flwr][DEBUG] - evaluate_round 1: strategy sampled 20 clients (out of 100)
[2024-03-16 23:40:20,203][flwr][DEBUG] - evaluate_round 1 received 20 results and 0 failures
[2024-03-16 23:40:20,266][flwr][INFO] - Sampled the following clients: ['0', '59', '24', '71', '20', '33', '69', '36', '73', '9', '61', '14', '37', '84', '42', '27', '79', '31', '46', '53']
[2024-03-16 23:40:20,266][flwr][DEBUG] - fit_round 2: strategy sampled 20 clients (out of 100)
[2024-03-16 23:42:13,894][flwr][DEBUG] - fit_round 2 received 20 results and 0 failures
[2024-03-16 23:42:25,625][flwr][INFO] - fit progress: (2, 0.2538645982265472, {'test_accuracy': 0.2419}, 256.01411745802034)
[2024-03-16 23:42:25,625][flwr][INFO] - Sampled the following clients: ['18', '80', '54', '3', '75', '57', '0', '27', '22', '23', '99', '78', '37', '2', '51', '55', '58', '4', '44', '74']
[2024-03-16 23:42:25,625][flwr][DEBUG] - evaluate_round 2: strategy sampled 20 clients (out of 100)
[2024-03-16 23:42:28,662][flwr][DEBUG] - evaluate_round 2 received 20 results and 0 failures
[2024-03-16 23:42:28,755][flwr][INFO] - Sampled the following clients: ['40', '96', '0', '76', '54', '73', '31', '66', '72', '32', '74', '12', '75', '55', '15', '83', '56', '19', '9', '90']
[2024-03-16 23:42:28,755][flwr][DEBUG] - fit_round 3: strategy sampled 20 clients (out of 100)
[2024-03-16 23:44:21,980][flwr][DEBUG] - fit_round 3 received 20 results and 0 failures
[2024-03-16 23:44:33,665][flwr][INFO] - fit progress: (3, 0.23397796725034714, {'test_accuracy': 0.2925}, 384.0549040000187)
[2024-03-16 23:44:33,666][flwr][INFO] - Sampled the following clients: ['21', '94', '43', '95', '75', '77', '53', '41', '11', '67', '28', '84', '7', '57', '4', '91', '6', '76', '2', '25']
[2024-03-16 23:44:33,666][flwr][DEBUG] - evaluate_round 3: strategy sampled 20 clients (out of 100)
[2024-03-16 23:44:36,687][flwr][DEBUG] - evaluate_round 3 received 20 results and 0 failures
[2024-03-16 23:44:36,780][flwr][INFO] - Sampled the following clients: ['96', '98', '53', '49', '10', '18', '42', '63', '37', '88', '94', '81', '31', '56', '74', '50', '86', '25', '15', '28']
[2024-03-16 23:44:36,780][flwr][DEBUG] - fit_round 4: strategy sampled 20 clients (out of 100)
[2024-03-16 23:46:30,623][flwr][DEBUG] - fit_round 4 received 20 results and 0 failures
[2024-03-16 23:46:42,328][flwr][INFO] - fit progress: (4, 0.2176290695130825, {'test_accuracy': 0.3432}, 512.7177116250386)
[2024-03-16 23:46:42,328][flwr][INFO] - Sampled the following clients: ['36', '62', '92', '38', '75', '54', '45', '8', '26', '7', '91', '63', '43', '52', '66', '10', '83', '60', '55', '21']
[2024-03-16 23:46:42,328][flwr][DEBUG] - evaluate_round 4: strategy sampled 20 clients (out of 100)
[2024-03-16 23:46:45,365][flwr][DEBUG] - evaluate_round 4 received 20 results and 0 failures
[2024-03-16 23:46:45,457][flwr][INFO] - Sampled the following clients: ['3', '38', '10', '6', '91', '66', '41', '36', '94', '40', '8', '35', '69', '79', '27', '64', '65', '70', '59', '20']
[2024-03-16 23:46:45,457][flwr][DEBUG] - fit_round 5: strategy sampled 20 clients (out of 100)
[2024-03-16 23:48:39,599][flwr][DEBUG] - fit_round 5 received 20 results and 0 failures
[2024-03-16 23:48:51,263][flwr][INFO] - fit progress: (5, 0.20443909102082253, {'test_accuracy': 0.3964}, 641.6530061659869)
[2024-03-16 23:48:51,263][flwr][INFO] - Sampled the following clients: ['18', '81', '51', '75', '11', '66', '76', '39', '10', '89', '96', '57', '79', '50', '40', '90', '45', '46', '31', '61']
[2024-03-16 23:48:51,264][flwr][DEBUG] - evaluate_round 5: strategy sampled 20 clients (out of 100)
[2024-03-16 23:48:54,310][flwr][DEBUG] - evaluate_round 5 received 20 results and 0 failures
[2024-03-16 23:48:54,397][flwr][INFO] - Sampled the following clients: ['53', '40', '33', '94', '26', '41', '52', '3', '31', '69', '76', '81', '27', '71', '18', '91', '2', '44', '11', '84']
[2024-03-16 23:48:54,397][flwr][DEBUG] - fit_round 6: strategy sampled 20 clients (out of 100)
[2024-03-16 23:50:48,211][flwr][DEBUG] - fit_round 6 received 20 results and 0 failures
[2024-03-16 23:50:59,888][flwr][INFO] - fit progress: (6, 0.19356321870088578, {'test_accuracy': 0.4253}, 770.2774430830032)
[2024-03-16 23:50:59,888][flwr][INFO] - Sampled the following clients: ['40', '30', '61', '48', '49', '90', '2', '85', '27', '65', '80', '12', '74', '47', '39', '69', '63', '86', '87', '66']
[2024-03-16 23:50:59,888][flwr][DEBUG] - evaluate_round 6: strategy sampled 20 clients (out of 100)
[2024-03-16 23:51:03,059][flwr][DEBUG] - evaluate_round 6 received 20 results and 0 failures
[2024-03-16 23:51:03,159][flwr][INFO] - Sampled the following clients: ['63', '74', '14', '11', '58', '76', '92', '62', '73', '22', '65', '91', '47', '71', '56', '10', '40', '17', '33', '34']
[2024-03-16 23:51:03,159][flwr][DEBUG] - fit_round 7: strategy sampled 20 clients (out of 100)
[2024-03-16 23:52:57,936][flwr][DEBUG] - fit_round 7 received 20 results and 0 failures
[2024-03-16 23:53:09,640][flwr][INFO] - fit progress: (7, 0.1858548896431923, {'test_accuracy': 0.458}, 900.0303232499864)
[2024-03-16 23:53:09,641][flwr][INFO] - Sampled the following clients: ['9', '28', '80', '42', '19', '82', '17', '84', '43', '69', '56', '15', '63', '81', '6', '64', '10', '68', '89', '12']
[2024-03-16 23:53:09,641][flwr][DEBUG] - evaluate_round 7: strategy sampled 20 clients (out of 100)
[2024-03-16 23:53:12,647][flwr][DEBUG] - evaluate_round 7 received 20 results and 0 failures
[2024-03-16 23:53:12,745][flwr][INFO] - Sampled the following clients: ['26', '65', '22', '82', '73', '93', '50', '48', '76', '3', '11', '51', '79', '90', '96', '2', '86', '25', '19', '13']
[2024-03-16 23:53:12,745][flwr][DEBUG] - fit_round 8: strategy sampled 20 clients (out of 100)
[2024-03-16 23:55:05,840][flwr][DEBUG] - fit_round 8 received 20 results and 0 failures
[2024-03-16 23:55:17,587][flwr][INFO] - fit progress: (8, 0.18115239319503307, {'test_accuracy': 0.4719}, 1027.9767386659514)
[2024-03-16 23:55:17,587][flwr][INFO] - Sampled the following clients: ['53', '17', '91', '18', '86', '0', '30', '80', '22', '81', '76', '61', '52', '55', '96', '68', '54', '28', '92', '64']
[2024-03-16 23:55:17,587][flwr][DEBUG] - evaluate_round 8: strategy sampled 20 clients (out of 100)
[2024-03-16 23:55:20,587][flwr][DEBUG] - evaluate_round 8 received 20 results and 0 failures
[2024-03-16 23:55:20,693][flwr][INFO] - Sampled the following clients: ['9', '90', '34', '35', '37', '31', '17', '5', '26', '19', '83', '11', '18', '8', '77', '84', '29', '3', '56', '72']
[2024-03-16 23:55:20,693][flwr][DEBUG] - fit_round 9: strategy sampled 20 clients (out of 100)
[2024-03-16 23:57:14,767][flwr][DEBUG] - fit_round 9 received 20 results and 0 failures
[2024-03-16 23:57:26,435][flwr][INFO] - fit progress: (9, 0.17800710742771625, {'test_accuracy': 0.4926}, 1156.8248446249636)
[2024-03-16 23:57:26,435][flwr][INFO] - Sampled the following clients: ['99', '24', '66', '35', '3', '1', '50', '67', '13', '97', '76', '4', '75', '53', '87', '61', '98', '31', '45', '44']
[2024-03-16 23:57:26,435][flwr][DEBUG] - evaluate_round 9: strategy sampled 20 clients (out of 100)
[2024-03-16 23:57:29,461][flwr][DEBUG] - evaluate_round 9 received 20 results and 0 failures
[2024-03-16 23:57:29,566][flwr][INFO] - Sampled the following clients: ['96', '46', '99', '31', '33', '10', '4', '5', '69', '20', '60', '52', '95', '15', '47', '66', '61', '90', '85', '12']
[2024-03-16 23:57:29,566][flwr][DEBUG] - fit_round 10: strategy sampled 20 clients (out of 100)
[2024-03-16 23:59:24,489][flwr][DEBUG] - fit_round 10 received 20 results and 0 failures
[2024-03-16 23:59:36,229][flwr][INFO] - fit progress: (10, 0.17446498320996762, {'test_accuracy': 0.5045}, 1286.6188635410508)
[2024-03-16 23:59:36,229][flwr][INFO] - Sampled the following clients: ['26', '40', '28', '34', '68', '46', '42', '73', '93', '84', '61', '72', '10', '78', '94', '33', '4', '11', '70', '24']
[2024-03-16 23:59:36,229][flwr][DEBUG] - evaluate_round 10: strategy sampled 20 clients (out of 100)
[2024-03-16 23:59:39,248][flwr][DEBUG] - evaluate_round 10 received 20 results and 0 failures
[2024-03-16 23:59:39,351][flwr][INFO] - Sampled the following clients: ['80', '18', '11', '61', '25', '0', '85', '30', '19', '14', '53', '90', '43', '29', '33', '36', '81', '99', '58', '5']
[2024-03-16 23:59:39,351][flwr][DEBUG] - fit_round 11: strategy sampled 20 clients (out of 100)
[2024-03-17 00:01:32,679][flwr][DEBUG] - fit_round 11 received 20 results and 0 failures
[2024-03-17 00:01:44,408][flwr][INFO] - fit progress: (11, 0.17368636129498483, {'test_accuracy': 0.5148}, 1414.7981395409442)
[2024-03-17 00:01:44,408][flwr][INFO] - Sampled the following clients: ['14', '79', '10', '1', '85', '92', '80', '48', '61', '50', '25', '45', '43', '7', '15', '33', '98', '75', '97', '47']
[2024-03-17 00:01:44,408][flwr][DEBUG] - evaluate_round 11: strategy sampled 20 clients (out of 100)
[2024-03-17 00:01:47,418][flwr][DEBUG] - evaluate_round 11 received 20 results and 0 failures
[2024-03-17 00:01:47,517][flwr][INFO] - Sampled the following clients: ['41', '75', '57', '14', '91', '99', '52', '16', '44', '24', '95', '23', '80', '27', '92', '35', '55', '94', '31', '69']
[2024-03-17 00:01:47,517][flwr][DEBUG] - fit_round 12: strategy sampled 20 clients (out of 100)
[2024-03-17 00:03:41,557][flwr][DEBUG] - fit_round 12 received 20 results and 0 failures
[2024-03-17 00:03:53,214][flwr][INFO] - fit progress: (12, 0.17446953777968882, {'test_accuracy': 0.5233}, 1543.6045161250513)
[2024-03-17 00:03:53,214][flwr][INFO] - Sampled the following clients: ['27', '32', '70', '96', '74', '37', '52', '39', '82', '23', '66', '7', '38', '24', '26', '79', '36', '51', '8', '58']
[2024-03-17 00:03:53,214][flwr][DEBUG] - evaluate_round 12: strategy sampled 20 clients (out of 100)
[2024-03-17 00:03:56,242][flwr][DEBUG] - evaluate_round 12 received 20 results and 0 failures
[2024-03-17 00:03:56,344][flwr][INFO] - Sampled the following clients: ['31', '22', '18', '50', '54', '26', '58', '3', '27', '2', '91', '63', '68', '87', '4', '33', '6', '42', '34', '45']
[2024-03-17 00:03:56,344][flwr][DEBUG] - fit_round 13: strategy sampled 20 clients (out of 100)
[2024-03-17 00:05:50,161][flwr][DEBUG] - fit_round 13 received 20 results and 0 failures
[2024-03-17 00:06:01,733][flwr][INFO] - fit progress: (13, 0.17422114939838648, {'test_accuracy': 0.5371}, 1672.1236197910039)
[2024-03-17 00:06:01,733][flwr][INFO] - Sampled the following clients: ['21', '33', '98', '74', '92', '2', '14', '9', '67', '87', '89', '76', '32', '40', '52', '71', '75', '6', '11', '86']
[2024-03-17 00:06:01,733][flwr][DEBUG] - evaluate_round 13: strategy sampled 20 clients (out of 100)
[2024-03-17 00:06:04,757][flwr][DEBUG] - evaluate_round 13 received 20 results and 0 failures
[2024-03-17 00:06:04,868][flwr][INFO] - Sampled the following clients: ['45', '67', '28', '80', '9', '73', '94', '92', '11', '59', '61', '78', '18', '41', '64', '4', '1', '55', '57', '85']
[2024-03-17 00:06:04,868][flwr][DEBUG] - fit_round 14: strategy sampled 20 clients (out of 100)
[2024-03-17 00:07:59,271][flwr][DEBUG] - fit_round 14 received 20 results and 0 failures
[2024-03-17 00:08:11,020][flwr][INFO] - fit progress: (14, 0.1746275026381016, {'test_accuracy': 0.5412}, 1801.4104082499398)
[2024-03-17 00:08:11,020][flwr][INFO] - Sampled the following clients: ['66', '63', '38', '1', '49', '64', '88', '36', '51', '50', '18', '73', '56', '35', '99', '11', '44', '26', '4', '53']
[2024-03-17 00:08:11,020][flwr][DEBUG] - evaluate_round 14: strategy sampled 20 clients (out of 100)
[2024-03-17 00:08:14,067][flwr][DEBUG] - evaluate_round 14 received 20 results and 0 failures
[2024-03-17 00:08:14,168][flwr][INFO] - Sampled the following clients: ['81', '77', '91', '7', '30', '98', '69', '55', '1', '17', '73', '59', '9', '97', '2', '65', '38', '24', '6', '64']
[2024-03-17 00:08:14,168][flwr][DEBUG] - fit_round 15: strategy sampled 20 clients (out of 100)
[2024-03-17 00:10:07,452][flwr][DEBUG] - fit_round 15 received 20 results and 0 failures
[2024-03-17 00:10:19,138][flwr][INFO] - fit progress: (15, 0.18071705477386713, {'test_accuracy': 0.5507}, 1929.528608249966)
[2024-03-17 00:10:19,138][flwr][INFO] - Sampled the following clients: ['22', '29', '58', '6', '55', '69', '75', '72', '19', '17', '98', '76', '28', '67', '97', '25', '82', '31', '18', '52']
[2024-03-17 00:10:19,138][flwr][DEBUG] - evaluate_round 15: strategy sampled 20 clients (out of 100)
[2024-03-17 00:10:22,152][flwr][DEBUG] - evaluate_round 15 received 20 results and 0 failures
[2024-03-17 00:10:22,258][flwr][INFO] - Sampled the following clients: ['98', '8', '0', '77', '49', '40', '13', '33', '67', '34', '91', '54', '96', '82', '7', '60', '10', '97', '42', '83']
[2024-03-17 00:10:22,258][flwr][DEBUG] - fit_round 16: strategy sampled 20 clients (out of 100)
[2024-03-17 00:12:17,007][flwr][DEBUG] - fit_round 16 received 20 results and 0 failures
[2024-03-17 00:12:28,673][flwr][INFO] - fit progress: (16, 0.18284989785030484, {'test_accuracy': 0.5619}, 2059.0637848749757)
[2024-03-17 00:12:28,673][flwr][INFO] - Sampled the following clients: ['31', '79', '78', '41', '89', '22', '94', '72', '76', '68', '75', '34', '87', '13', '39', '96', '25', '64', '69', '40']
[2024-03-17 00:12:28,673][flwr][DEBUG] - evaluate_round 16: strategy sampled 20 clients (out of 100)
[2024-03-17 00:12:31,686][flwr][DEBUG] - evaluate_round 16 received 20 results and 0 failures
[2024-03-17 00:12:32,057][flwr][INFO] - Sampled the following clients: ['43', '99', '52', '16', '65', '90', '33', '86', '37', '13', '74', '11', '88', '14', '59', '97', '3', '22', '47', '1']
[2024-03-17 00:12:32,057][flwr][DEBUG] - fit_round 17: strategy sampled 20 clients (out of 100)
[2024-03-17 00:14:25,348][flwr][DEBUG] - fit_round 17 received 20 results and 0 failures
[2024-03-17 00:14:37,011][flwr][INFO] - fit progress: (17, 0.18337377932071686, {'test_accuracy': 0.5702}, 2187.3858716250397)
[2024-03-17 00:14:37,011][flwr][INFO] - Sampled the following clients: ['4', '86', '47', '48', '13', '14', '62', '94', '7', '38', '53', '95', '59', '1', '8', '27', '19', '29', '78', '41']
[2024-03-17 00:14:37,011][flwr][DEBUG] - evaluate_round 17: strategy sampled 20 clients (out of 100)
[2024-03-17 00:14:40,085][flwr][DEBUG] - evaluate_round 17 received 20 results and 0 failures
[2024-03-17 00:14:40,184][flwr][INFO] - Sampled the following clients: ['15', '59', '14', '63', '45', '24', '18', '87', '51', '70', '81', '13', '6', '55', '74', '17', '50', '48', '96', '16']
[2024-03-17 00:14:40,184][flwr][DEBUG] - fit_round 18: strategy sampled 20 clients (out of 100)
[2024-03-17 00:16:34,541][flwr][DEBUG] - fit_round 18 received 20 results and 0 failures
[2024-03-17 00:16:46,128][flwr][INFO] - fit progress: (18, 0.18884386749342083, {'test_accuracy': 0.5718}, 2316.5023967910092)
[2024-03-17 00:16:46,128][flwr][INFO] - Sampled the following clients: ['22', '64', '81', '52', '47', '10', '96', '98', '34', '44', '7', '57', '62', '31', '14', '54', '90', '43', '37', '1']
[2024-03-17 00:16:46,128][flwr][DEBUG] - evaluate_round 18: strategy sampled 20 clients (out of 100)
[2024-03-17 00:16:49,113][flwr][DEBUG] - evaluate_round 18 received 20 results and 0 failures
[2024-03-17 00:16:49,177][flwr][INFO] - Sampled the following clients: ['10', '22', '16', '91', '66', '86', '77', '36', '59', '78', '83', '72', '47', '12', '40', '29', '52', '58', '65', '51']
[2024-03-17 00:16:49,178][flwr][DEBUG] - fit_round 19: strategy sampled 20 clients (out of 100)
[2024-03-17 00:18:43,266][flwr][DEBUG] - fit_round 19 received 20 results and 0 failures
[2024-03-17 00:18:54,902][flwr][INFO] - fit progress: (19, 0.19300623173974454, {'test_accuracy': 0.5804}, 2445.2761599579826)
[2024-03-17 00:18:54,903][flwr][INFO] - Sampled the following clients: ['80', '46', '34', '40', '81', '49', '66', '79', '62', '29', '51', '38', '90', '85', '59', '8', '17', '10', '27', '87']
[2024-03-17 00:18:54,903][flwr][DEBUG] - evaluate_round 19: strategy sampled 20 clients (out of 100)
[2024-03-17 00:18:57,901][flwr][DEBUG] - evaluate_round 19 received 20 results and 0 failures
[2024-03-17 00:18:57,968][flwr][INFO] - Sampled the following clients: ['3', '65', '59', '57', '35', '33', '26', '96', '69', '87', '5', '1', '76', '56', '24', '58', '47', '62', '49', '9']
[2024-03-17 00:18:57,968][flwr][DEBUG] - fit_round 20: strategy sampled 20 clients (out of 100)
[2024-03-17 00:20:51,777][flwr][DEBUG] - fit_round 20 received 20 results and 0 failures
[2024-03-17 00:21:03,458][flwr][INFO] - fit progress: (20, 0.191806584803015, {'test_accuracy': 0.5861}, 2573.830871916027)
[2024-03-17 00:21:03,458][flwr][INFO] - Sampled the following clients: ['54', '72', '45', '62', '50', '19', '92', '75', '32', '95', '20', '93', '11', '15', '98', '24', '13', '9', '4', '87']
[2024-03-17 00:21:03,458][flwr][DEBUG] - evaluate_round 20: strategy sampled 20 clients (out of 100)
[2024-03-17 00:21:06,469][flwr][DEBUG] - evaluate_round 20 received 20 results and 0 failures
[2024-03-17 00:21:06,545][flwr][INFO] - Sampled the following clients: ['89', '9', '33', '36', '47', '52', '19', '96', '10', '16', '51', '37', '26', '2', '20', '98', '79', '63', '40', '31']
[2024-03-17 00:21:06,545][flwr][DEBUG] - fit_round 21: strategy sampled 20 clients (out of 100)
[2024-03-17 00:22:59,960][flwr][DEBUG] - fit_round 21 received 20 results and 0 failures
[2024-03-17 00:23:11,582][flwr][INFO] - fit progress: (21, 0.1945249841786921, {'test_accuracy': 0.5894}, 2701.9545902080135)
[2024-03-17 00:23:11,582][flwr][INFO] - Sampled the following clients: ['23', '55', '78', '82', '84', '32', '22', '15', '50', '93', '89', '69', '43', '34', '98', '37', '60', '67', '79', '40']
[2024-03-17 00:23:11,582][flwr][DEBUG] - evaluate_round 21: strategy sampled 20 clients (out of 100)
[2024-03-17 00:23:14,609][flwr][DEBUG] - evaluate_round 21 received 20 results and 0 failures
[2024-03-17 00:23:14,707][flwr][INFO] - Sampled the following clients: ['8', '82', '48', '27', '33', '75', '7', '16', '67', '53', '14', '12', '4', '22', '61', '84', '42', '59', '17', '56']
[2024-03-17 00:23:14,707][flwr][DEBUG] - fit_round 22: strategy sampled 20 clients (out of 100)
[2024-03-17 00:25:08,949][flwr][DEBUG] - fit_round 22 received 20 results and 0 failures
[2024-03-17 00:25:20,778][flwr][INFO] - fit progress: (22, 0.19249064541086555, {'test_accuracy': 0.5924}, 2831.14976137504)
[2024-03-17 00:25:20,778][flwr][INFO] - Sampled the following clients: ['15', '65', '3', '0', '82', '88', '35', '78', '71', '25', '12', '8', '10', '14', '24', '45', '21', '72', '80', '93']
[2024-03-17 00:25:20,778][flwr][DEBUG] - evaluate_round 22: strategy sampled 20 clients (out of 100)
[2024-03-17 00:25:23,821][flwr][DEBUG] - evaluate_round 22 received 20 results and 0 failures
[2024-03-17 00:25:24,059][flwr][INFO] - Sampled the following clients: ['72', '74', '69', '17', '64', '22', '25', '21', '62', '48', '36', '0', '56', '93', '39', '71', '15', '13', '40', '49']
[2024-03-17 00:25:24,059][flwr][DEBUG] - fit_round 23: strategy sampled 20 clients (out of 100)
[2024-03-17 00:27:17,643][flwr][DEBUG] - fit_round 23 received 20 results and 0 failures
[2024-03-17 00:27:29,434][flwr][INFO] - fit progress: (23, 0.19126950603425502, {'test_accuracy': 0.5924}, 2959.8048419159604)
[2024-03-17 00:27:29,434][flwr][INFO] - Sampled the following clients: ['74', '51', '53', '22', '48', '35', '12', '38', '10', '85', '18', '73', '65', '19', '71', '89', '72', '44', '70', '80']
[2024-03-17 00:27:29,434][flwr][DEBUG] - evaluate_round 23: strategy sampled 20 clients (out of 100)
[2024-03-17 00:27:32,606][flwr][DEBUG] - evaluate_round 23 received 20 results and 0 failures
[2024-03-17 00:27:32,681][flwr][INFO] - Sampled the following clients: ['80', '68', '69', '42', '85', '22', '21', '86', '50', '41', '62', '96', '67', '4', '77', '39', '87', '34', '35', '98']
[2024-03-17 00:27:32,681][flwr][DEBUG] - fit_round 24: strategy sampled 20 clients (out of 100)
[2024-03-17 00:29:26,854][flwr][DEBUG] - fit_round 24 received 20 results and 0 failures
[2024-03-17 00:29:38,461][flwr][INFO] - fit progress: (24, 0.19138787990920245, {'test_accuracy': 0.6004}, 3088.8316136660287)
[2024-03-17 00:29:38,461][flwr][INFO] - Sampled the following clients: ['71', '53', '49', '52', '73', '64', '56', '93', '46', '69', '19', '77', '51', '28', '23', '36', '81', '84', '50', '22']
[2024-03-17 00:29:38,462][flwr][DEBUG] - evaluate_round 24: strategy sampled 20 clients (out of 100)
[2024-03-17 00:29:41,468][flwr][DEBUG] - evaluate_round 24 received 20 results and 0 failures
[2024-03-17 00:29:41,530][flwr][INFO] - Sampled the following clients: ['4', '13', '90', '89', '72', '65', '19', '34', '54', '67', '93', '46', '23', '44', '66', '56', '2', '57', '20', '48']
[2024-03-17 00:29:41,530][flwr][DEBUG] - fit_round 25: strategy sampled 20 clients (out of 100)
[2024-03-17 00:31:35,164][flwr][DEBUG] - fit_round 25 received 20 results and 0 failures
[2024-03-17 00:31:46,877][flwr][INFO] - fit progress: (25, 0.1897560406498611, {'test_accuracy': 0.6032}, 3217.246200707974)
[2024-03-17 00:31:46,877][flwr][INFO] - Sampled the following clients: ['95', '92', '16', '83', '8', '81', '88', '20', '22', '33', '68', '1', '82', '10', '62', '23', '25', '89', '93', '97']
[2024-03-17 00:31:46,877][flwr][DEBUG] - evaluate_round 25: strategy sampled 20 clients (out of 100)
[2024-03-17 00:31:49,893][flwr][DEBUG] - evaluate_round 25 received 20 results and 0 failures
[2024-03-17 00:31:49,988][flwr][INFO] - Sampled the following clients: ['80', '30', '19', '71', '10', '52', '47', '50', '75', '21', '76', '12', '43', '8', '89', '96', '68', '26', '17', '3']
[2024-03-17 00:31:49,988][flwr][DEBUG] - fit_round 26: strategy sampled 20 clients (out of 100)
[2024-03-17 00:33:44,305][flwr][DEBUG] - fit_round 26 received 20 results and 0 failures
[2024-03-17 00:33:56,109][flwr][INFO] - fit progress: (26, 0.1895167847007513, {'test_accuracy': 0.6078}, 3346.4776589579415)
[2024-03-17 00:33:56,109][flwr][INFO] - Sampled the following clients: ['78', '98', '35', '8', '97', '32', '12', '86', '47', '84', '89', '95', '14', '43', '93', '54', '80', '75', '9', '85']
[2024-03-17 00:33:56,109][flwr][DEBUG] - evaluate_round 26: strategy sampled 20 clients (out of 100)
[2024-03-17 00:33:59,120][flwr][DEBUG] - evaluate_round 26 received 20 results and 0 failures
[2024-03-17 00:33:59,216][flwr][INFO] - Sampled the following clients: ['11', '6', '37', '78', '2', '7', '8', '42', '59', '53', '98', '14', '28', '96', '56', '67', '41', '15', '30', '55']
[2024-03-17 00:33:59,216][flwr][DEBUG] - fit_round 27: strategy sampled 20 clients (out of 100)
[2024-03-17 00:35:52,980][flwr][DEBUG] - fit_round 27 received 20 results and 0 failures
[2024-03-17 00:36:04,637][flwr][INFO] - fit progress: (27, 0.1854791105967015, {'test_accuracy': 0.6114}, 3475.0051717079477)
[2024-03-17 00:36:04,637][flwr][INFO] - Sampled the following clients: ['65', '68', '37', '48', '52', '95', '45', '63', '16', '38', '74', '56', '18', '3', '66', '42', '62', '5', '84', '33']
[2024-03-17 00:36:04,637][flwr][DEBUG] - evaluate_round 27: strategy sampled 20 clients (out of 100)
[2024-03-17 00:36:07,642][flwr][DEBUG] - evaluate_round 27 received 20 results and 0 failures
[2024-03-17 00:36:07,739][flwr][INFO] - Sampled the following clients: ['7', '83', '60', '6', '34', '32', '9', '97', '4', '47', '78', '48', '76', '61', '51', '13', '54', '5', '64', '87']
[2024-03-17 00:36:07,739][flwr][DEBUG] - fit_round 28: strategy sampled 20 clients (out of 100)
[2024-03-17 00:38:01,901][flwr][DEBUG] - fit_round 28 received 20 results and 0 failures
[2024-03-17 00:38:13,590][flwr][INFO] - fit progress: (28, 0.18591155211478472, {'test_accuracy': 0.6126}, 3603.957425624947)
[2024-03-17 00:38:13,590][flwr][INFO] - Sampled the following clients: ['86', '56', '65', '49', '79', '64', '26', '16', '80', '12', '45', '57', '0', '98', '31', '88', '42', '75', '24', '34']
[2024-03-17 00:38:13,590][flwr][DEBUG] - evaluate_round 28: strategy sampled 20 clients (out of 100)
[2024-03-17 00:38:16,592][flwr][DEBUG] - evaluate_round 28 received 20 results and 0 failures
[2024-03-17 00:38:16,691][flwr][INFO] - Sampled the following clients: ['55', '93', '3', '89', '74', '95', '29', '14', '83', '45', '96', '9', '36', '41', '21', '42', '71', '27', '46', '63']
[2024-03-17 00:38:16,691][flwr][DEBUG] - fit_round 29: strategy sampled 20 clients (out of 100)
[2024-03-17 00:40:10,960][flwr][DEBUG] - fit_round 29 received 20 results and 0 failures
[2024-03-17 00:40:22,796][flwr][INFO] - fit progress: (29, 0.1851710987828672, {'test_accuracy': 0.6143}, 3733.1632619580487)
[2024-03-17 00:40:22,796][flwr][INFO] - Sampled the following clients: ['49', '70', '77', '4', '6', '48', '46', '63', '75', '25', '61', '66', '83', '88', '13', '85', '84', '18', '38', '39']
[2024-03-17 00:40:22,797][flwr][DEBUG] - evaluate_round 29: strategy sampled 20 clients (out of 100)
[2024-03-17 00:40:25,793][flwr][DEBUG] - evaluate_round 29 received 20 results and 0 failures
[2024-03-17 00:40:25,901][flwr][INFO] - Sampled the following clients: ['99', '18', '38', '15', '22', '59', '66', '19', '64', '96', '78', '26', '11', '5', '68', '33', '42', '62', '86', '35']
[2024-03-17 00:40:25,901][flwr][DEBUG] - fit_round 30: strategy sampled 20 clients (out of 100)
[2024-03-17 00:42:19,340][flwr][DEBUG] - fit_round 30 received 20 results and 0 failures
[2024-03-17 00:42:31,102][flwr][INFO] - fit progress: (30, 0.18651113779470324, {'test_accuracy': 0.6151}, 3861.468544665957)
[2024-03-17 00:42:31,102][flwr][INFO] - Sampled the following clients: ['74', '89', '15', '44', '54', '58', '5', '62', '63', '30', '55', '45', '56', '69', '2', '38', '67', '11', '37', '3']
[2024-03-17 00:42:31,102][flwr][DEBUG] - evaluate_round 30: strategy sampled 20 clients (out of 100)
[2024-03-17 00:42:34,181][flwr][DEBUG] - evaluate_round 30 received 20 results and 0 failures
[2024-03-17 00:42:34,283][flwr][INFO] - Sampled the following clients: ['76', '17', '34', '45', '93', '8', '25', '96', '98', '91', '18', '29', '85', '68', '55', '20', '9', '95', '14', '26']
[2024-03-17 00:42:34,283][flwr][DEBUG] - fit_round 31: strategy sampled 20 clients (out of 100)
[2024-03-17 00:44:28,094][flwr][DEBUG] - fit_round 31 received 20 results and 0 failures
[2024-03-17 00:44:39,708][flwr][INFO] - fit progress: (31, 0.18611388331130146, {'test_accuracy': 0.6168}, 3990.073194375029)
[2024-03-17 00:44:39,708][flwr][INFO] - Sampled the following clients: ['64', '36', '62', '47', '5', '75', '48', '0', '13', '25', '8', '95', '38', '18', '70', '60', '30', '72', '87', '41']
[2024-03-17 00:44:39,708][flwr][DEBUG] - evaluate_round 31: strategy sampled 20 clients (out of 100)
[2024-03-17 00:44:42,741][flwr][DEBUG] - evaluate_round 31 received 20 results and 0 failures
[2024-03-17 00:44:42,842][flwr][INFO] - Sampled the following clients: ['98', '87', '24', '22', '59', '20', '42', '80', '39', '53', '97', '67', '38', '14', '45', '48', '3', '54', '16', '62']
[2024-03-17 00:44:42,842][flwr][DEBUG] - fit_round 32: strategy sampled 20 clients (out of 100)
[2024-03-17 00:46:37,115][flwr][DEBUG] - fit_round 32 received 20 results and 0 failures
[2024-03-17 00:46:48,697][flwr][INFO] - fit progress: (32, 0.18547448457218707, {'test_accuracy': 0.6218}, 4119.061643666006)
[2024-03-17 00:46:48,697][flwr][INFO] - Sampled the following clients: ['27', '63', '8', '0', '1', '50', '59', '44', '49', '89', '64', '55', '9', '66', '71', '16', '42', '34', '87', '99']
[2024-03-17 00:46:48,697][flwr][DEBUG] - evaluate_round 32: strategy sampled 20 clients (out of 100)
[2024-03-17 00:46:51,691][flwr][DEBUG] - evaluate_round 32 received 20 results and 0 failures
[2024-03-17 00:46:51,791][flwr][INFO] - Sampled the following clients: ['14', '44', '54', '95', '61', '12', '49', '91', '7', '98', '30', '50', '72', '82', '41', '11', '52', '13', '18', '28']
[2024-03-17 00:46:51,791][flwr][DEBUG] - fit_round 33: strategy sampled 20 clients (out of 100)
[2024-03-17 00:48:45,681][flwr][DEBUG] - fit_round 33 received 20 results and 0 failures
[2024-03-17 00:48:57,505][flwr][INFO] - fit progress: (33, 0.18302645895443856, {'test_accuracy': 0.6232}, 4247.850616500014)
[2024-03-17 00:48:57,505][flwr][INFO] - Sampled the following clients: ['50', '19', '85', '14', '94', '33', '56', '68', '51', '58', '70', '16', '45', '9', '63', '11', '31', '4', '27', '22']
[2024-03-17 00:48:57,505][flwr][DEBUG] - evaluate_round 33: strategy sampled 20 clients (out of 100)
[2024-03-17 00:49:00,529][flwr][DEBUG] - evaluate_round 33 received 20 results and 0 failures
[2024-03-17 00:49:00,620][flwr][INFO] - Sampled the following clients: ['70', '39', '19', '91', '11', '40', '72', '13', '97', '71', '66', '2', '58', '4', '23', '84', '27', '16', '96', '44']
[2024-03-17 00:49:00,620][flwr][DEBUG] - fit_round 34: strategy sampled 20 clients (out of 100)
[2024-03-17 00:50:54,584][flwr][DEBUG] - fit_round 34 received 20 results and 0 failures
[2024-03-17 00:51:06,200][flwr][INFO] - fit progress: (34, 0.18425026922672988, {'test_accuracy': 0.6209}, 4376.544305791031)
[2024-03-17 00:51:06,201][flwr][INFO] - Sampled the following clients: ['54', '29', '22', '96', '66', '31', '55', '98', '79', '93', '63', '78', '50', '65', '20', '46', '64', '0', '76', '97']
[2024-03-17 00:51:06,201][flwr][DEBUG] - evaluate_round 34: strategy sampled 20 clients (out of 100)
[2024-03-17 00:51:09,223][flwr][DEBUG] - evaluate_round 34 received 20 results and 0 failures
[2024-03-17 00:51:09,328][flwr][INFO] - Sampled the following clients: ['88', '95', '18', '78', '63', '85', '26', '15', '66', '96', '6', '45', '22', '71', '79', '60', '62', '76', '32', '83']
[2024-03-17 00:51:09,328][flwr][DEBUG] - fit_round 35: strategy sampled 20 clients (out of 100)
[2024-03-17 00:53:02,717][flwr][DEBUG] - fit_round 35 received 20 results and 0 failures
[2024-03-17 00:53:14,262][flwr][INFO] - fit progress: (35, 0.17923217563442886, {'test_accuracy': 0.6272}, 4504.604560374981)
[2024-03-17 00:53:14,262][flwr][INFO] - Sampled the following clients: ['45', '73', '56', '26', '59', '33', '1', '74', '49', '5', '89', '68', '35', '79', '39', '42', '70', '14', '9', '21']
[2024-03-17 00:53:14,262][flwr][DEBUG] - evaluate_round 35: strategy sampled 20 clients (out of 100)
[2024-03-17 00:53:17,248][flwr][DEBUG] - evaluate_round 35 received 20 results and 0 failures
[2024-03-17 00:53:17,352][flwr][INFO] - Sampled the following clients: ['15', '4', '63', '45', '75', '46', '90', '99', '12', '8', '60', '0', '80', '21', '54', '11', '30', '82', '22', '65']
[2024-03-17 00:53:17,352][flwr][DEBUG] - fit_round 36: strategy sampled 20 clients (out of 100)
[2024-03-17 00:55:11,645][flwr][DEBUG] - fit_round 36 received 20 results and 0 failures
[2024-03-17 00:55:23,479][flwr][INFO] - fit progress: (36, 0.17643451004326344, {'test_accuracy': 0.6347}, 4633.819735415978)
[2024-03-17 00:55:23,479][flwr][INFO] - Sampled the following clients: ['18', '16', '70', '28', '4', '48', '55', '42', '68', '11', '57', '53', '20', '59', '82', '10', '94', '5', '38', '51']
[2024-03-17 00:55:23,479][flwr][DEBUG] - evaluate_round 36: strategy sampled 20 clients (out of 100)
[2024-03-17 00:55:26,481][flwr][DEBUG] - evaluate_round 36 received 20 results and 0 failures
[2024-03-17 00:55:26,583][flwr][INFO] - Sampled the following clients: ['55', '2', '38', '34', '26', '66', '29', '63', '19', '82', '78', '25', '70', '68', '93', '52', '31', '35', '73', '41']
[2024-03-17 00:55:26,583][flwr][DEBUG] - fit_round 37: strategy sampled 20 clients (out of 100)
[2024-03-17 00:57:20,364][flwr][DEBUG] - fit_round 37 received 20 results and 0 failures
[2024-03-17 00:57:32,060][flwr][INFO] - fit progress: (37, 0.17728992667794227, {'test_accuracy': 0.6335}, 4762.399068083032)
[2024-03-17 00:57:32,060][flwr][INFO] - Sampled the following clients: ['17', '3', '16', '25', '53', '66', '67', '44', '47', '41', '0', '18', '65', '76', '92', '50', '33', '22', '34', '26']
[2024-03-17 00:57:32,060][flwr][DEBUG] - evaluate_round 37: strategy sampled 20 clients (out of 100)
[2024-03-17 00:57:35,135][flwr][DEBUG] - evaluate_round 37 received 20 results and 0 failures
[2024-03-17 00:57:35,236][flwr][INFO] - Sampled the following clients: ['49', '24', '86', '91', '5', '65', '13', '54', '10', '20', '56', '95', '31', '50', '11', '34', '39', '74', '32', '52']
[2024-03-17 00:57:35,236][flwr][DEBUG] - fit_round 38: strategy sampled 20 clients (out of 100)
[2024-03-17 00:59:28,973][flwr][DEBUG] - fit_round 38 received 20 results and 0 failures
[2024-03-17 00:59:40,610][flwr][INFO] - fit progress: (38, 0.17652742869220675, {'test_accuracy': 0.6371}, 4890.947933749994)
[2024-03-17 00:59:40,611][flwr][INFO] - Sampled the following clients: ['17', '93', '68', '88', '13', '28', '20', '83', '84', '87', '76', '37', '60', '64', '70', '96', '30', '95', '98', '6']
[2024-03-17 00:59:40,611][flwr][DEBUG] - evaluate_round 38: strategy sampled 20 clients (out of 100)
[2024-03-17 00:59:43,627][flwr][DEBUG] - evaluate_round 38 received 20 results and 0 failures
[2024-03-17 00:59:43,727][flwr][INFO] - Sampled the following clients: ['67', '2', '30', '74', '62', '82', '22', '35', '14', '9', '57', '8', '99', '33', '19', '90', '23', '66', '58', '37']
[2024-03-17 00:59:43,727][flwr][DEBUG] - fit_round 39: strategy sampled 20 clients (out of 100)
[2024-03-17 01:01:37,859][flwr][DEBUG] - fit_round 39 received 20 results and 0 failures
[2024-03-17 01:01:49,474][flwr][INFO] - fit progress: (39, 0.17590892126169055, {'test_accuracy': 0.6371}, 5019.809885040973)
[2024-03-17 01:01:49,474][flwr][INFO] - Sampled the following clients: ['26', '67', '91', '27', '71', '15', '41', '17', '6', '46', '59', '31', '22', '40', '83', '65', '56', '39', '80', '53']
[2024-03-17 01:01:49,474][flwr][DEBUG] - evaluate_round 39: strategy sampled 20 clients (out of 100)
[2024-03-17 01:01:52,491][flwr][DEBUG] - evaluate_round 39 received 20 results and 0 failures
[2024-03-17 01:01:52,604][flwr][INFO] - Sampled the following clients: ['61', '85', '96', '57', '44', '65', '94', '62', '39', '73', '7', '18', '74', '75', '88', '98', '16', '83', '34', '68']
[2024-03-17 01:01:52,604][flwr][DEBUG] - fit_round 40: strategy sampled 20 clients (out of 100)
[2024-03-17 01:03:46,736][flwr][DEBUG] - fit_round 40 received 20 results and 0 failures
[2024-03-17 01:03:58,628][flwr][INFO] - fit progress: (40, 0.17375104318801313, {'test_accuracy': 0.6376}, 5148.962398290983)
[2024-03-17 01:03:58,628][flwr][INFO] - Sampled the following clients: ['72', '27', '76', '82', '39', '25', '50', '61', '74', '54', '92', '46', '13', '77', '91', '90', '60', '40', '99', '71']
[2024-03-17 01:03:58,628][flwr][DEBUG] - evaluate_round 40: strategy sampled 20 clients (out of 100)
[2024-03-17 01:04:01,654][flwr][DEBUG] - evaluate_round 40 received 20 results and 0 failures
[2024-03-17 01:04:01,753][flwr][INFO] - Sampled the following clients: ['21', '93', '32', '23', '39', '55', '34', '81', '20', '88', '82', '94', '3', '87', '25', '66', '70', '99', '7', '45']
[2024-03-17 01:04:01,753][flwr][DEBUG] - fit_round 41: strategy sampled 20 clients (out of 100)
[2024-03-17 01:05:55,494][flwr][DEBUG] - fit_round 41 received 20 results and 0 failures
[2024-03-17 01:06:07,339][flwr][INFO] - fit progress: (41, 0.17374558096788822, {'test_accuracy': 0.6409}, 5277.671334082959)
[2024-03-17 01:06:07,339][flwr][INFO] - Sampled the following clients: ['38', '70', '59', '23', '24', '20', '12', '86', '73', '81', '49', '68', '51', '71', '85', '0', '80', '41', '61', '7']
[2024-03-17 01:06:07,339][flwr][DEBUG] - evaluate_round 41: strategy sampled 20 clients (out of 100)
[2024-03-17 01:06:10,367][flwr][DEBUG] - evaluate_round 41 received 20 results and 0 failures
[2024-03-17 01:06:10,453][flwr][INFO] - Sampled the following clients: ['45', '12', '91', '6', '85', '56', '8', '5', '13', '47', '43', '18', '88', '66', '29', '35', '58', '53', '34', '17']
[2024-03-17 01:06:10,453][flwr][DEBUG] - fit_round 42: strategy sampled 20 clients (out of 100)
[2024-03-17 01:08:04,416][flwr][DEBUG] - fit_round 42 received 20 results and 0 failures
[2024-03-17 01:08:16,075][flwr][INFO] - fit progress: (42, 0.1735371005261317, {'test_accuracy': 0.6407}, 5406.406413916033)
[2024-03-17 01:08:16,075][flwr][INFO] - Sampled the following clients: ['86', '7', '1', '93', '81', '61', '60', '88', '62', '40', '69', '35', '44', '90', '79', '53', '21', '50', '26', '58']
[2024-03-17 01:08:16,075][flwr][DEBUG] - evaluate_round 42: strategy sampled 20 clients (out of 100)
[2024-03-17 01:08:19,105][flwr][DEBUG] - evaluate_round 42 received 20 results and 0 failures
[2024-03-17 01:08:19,207][flwr][INFO] - Sampled the following clients: ['90', '25', '82', '35', '51', '3', '97', '84', '10', '37', '6', '15', '86', '38', '5', '85', '1', '17', '42', '29']
[2024-03-17 01:08:19,207][flwr][DEBUG] - fit_round 43: strategy sampled 20 clients (out of 100)
[2024-03-17 01:10:13,722][flwr][DEBUG] - fit_round 43 received 20 results and 0 failures
[2024-03-17 01:10:25,527][flwr][INFO] - fit progress: (43, 0.17087191117592157, {'test_accuracy': 0.6437}, 5535.856353707961)
[2024-03-17 01:10:25,527][flwr][INFO] - Sampled the following clients: ['13', '44', '9', '42', '82', '12', '69', '50', '48', '21', '45', '95', '71', '34', '46', '59', '93', '22', '64', '10']
[2024-03-17 01:10:25,527][flwr][DEBUG] - evaluate_round 43: strategy sampled 20 clients (out of 100)
[2024-03-17 01:10:28,557][flwr][DEBUG] - evaluate_round 43 received 20 results and 0 failures
[2024-03-17 01:10:28,662][flwr][INFO] - Sampled the following clients: ['79', '7', '85', '69', '34', '87', '66', '25', '27', '52', '55', '38', '75', '30', '43', '91', '95', '40', '17', '35']
[2024-03-17 01:10:28,662][flwr][DEBUG] - fit_round 44: strategy sampled 20 clients (out of 100)
[2024-03-17 01:12:22,478][flwr][DEBUG] - fit_round 44 received 20 results and 0 failures
[2024-03-17 01:12:34,079][flwr][INFO] - fit progress: (44, 0.1723309569835663, {'test_accuracy': 0.6469}, 5664.406844374957)
[2024-03-17 01:12:34,079][flwr][INFO] - Sampled the following clients: ['37', '73', '34', '63', '55', '66', '58', '24', '86', '93', '80', '32', '59', '83', '88', '12', '9', '13', '29', '14']
[2024-03-17 01:12:34,079][flwr][DEBUG] - evaluate_round 44: strategy sampled 20 clients (out of 100)
[2024-03-17 01:12:37,094][flwr][DEBUG] - evaluate_round 44 received 20 results and 0 failures
[2024-03-17 01:12:37,197][flwr][INFO] - Sampled the following clients: ['87', '5', '38', '6', '65', '3', '30', '52', '29', '57', '22', '83', '70', '7', '40', '58', '8', '63', '99', '56']
[2024-03-17 01:12:37,197][flwr][DEBUG] - fit_round 45: strategy sampled 20 clients (out of 100)
[2024-03-17 01:14:31,574][flwr][DEBUG] - fit_round 45 received 20 results and 0 failures
[2024-03-17 01:14:43,501][flwr][INFO] - fit progress: (45, 0.16991774919182062, {'test_accuracy': 0.6457}, 5793.8271965410095)
[2024-03-17 01:14:43,501][flwr][INFO] - Sampled the following clients: ['41', '34', '97', '31', '24', '28', '45', '16', '89', '73', '10', '43', '90', '60', '57', '32', '3', '78', '50', '40']
[2024-03-17 01:14:43,501][flwr][DEBUG] - evaluate_round 45: strategy sampled 20 clients (out of 100)
[2024-03-17 01:14:46,505][flwr][DEBUG] - evaluate_round 45 received 20 results and 0 failures
[2024-03-17 01:14:46,611][flwr][INFO] - Sampled the following clients: ['73', '34', '72', '36', '14', '39', '21', '86', '37', '3', '26', '92', '4', '24', '81', '50', '67', '52', '40', '94']
[2024-03-17 01:14:46,611][flwr][DEBUG] - fit_round 46: strategy sampled 20 clients (out of 100)
[2024-03-17 01:16:40,690][flwr][DEBUG] - fit_round 46 received 20 results and 0 failures
[2024-03-17 01:16:52,452][flwr][INFO] - fit progress: (46, 0.1674860179115087, {'test_accuracy': 0.6487}, 5922.77693195804)
[2024-03-17 01:16:52,452][flwr][INFO] - Sampled the following clients: ['67', '47', '19', '92', '73', '38', '6', '10', '61', '60', '7', '79', '93', '52', '58', '62', '56', '63', '33', '31']
[2024-03-17 01:16:52,452][flwr][DEBUG] - evaluate_round 46: strategy sampled 20 clients (out of 100)
[2024-03-17 01:16:55,533][flwr][DEBUG] - evaluate_round 46 received 20 results and 0 failures
[2024-03-17 01:16:55,627][flwr][INFO] - Sampled the following clients: ['99', '64', '61', '8', '97', '42', '88', '57', '44', '46', '32', '11', '49', '20', '28', '60', '40', '10', '69', '80']
[2024-03-17 01:16:55,627][flwr][DEBUG] - fit_round 47: strategy sampled 20 clients (out of 100)
[2024-03-17 01:18:48,886][flwr][DEBUG] - fit_round 47 received 20 results and 0 failures
[2024-03-17 01:19:00,531][flwr][INFO] - fit progress: (47, 0.1659622998425737, {'test_accuracy': 0.6519}, 6050.853806957952)
[2024-03-17 01:19:00,531][flwr][INFO] - Sampled the following clients: ['3', '31', '95', '17', '53', '18', '88', '37', '40', '64', '24', '30', '67', '85', '58', '90', '45', '74', '11', '65']
[2024-03-17 01:19:00,531][flwr][DEBUG] - evaluate_round 47: strategy sampled 20 clients (out of 100)
[2024-03-17 01:19:03,649][flwr][DEBUG] - evaluate_round 47 received 20 results and 0 failures
[2024-03-17 01:19:03,764][flwr][INFO] - Sampled the following clients: ['55', '48', '40', '10', '67', '39', '26', '58', '11', '93', '89', '3', '51', '35', '12', '59', '52', '72', '99', '53']
[2024-03-17 01:19:03,765][flwr][DEBUG] - fit_round 48: strategy sampled 20 clients (out of 100)
[2024-03-17 01:20:57,898][flwr][DEBUG] - fit_round 48 received 20 results and 0 failures
[2024-03-17 01:21:09,483][flwr][INFO] - fit progress: (48, 0.16877593528982252, {'test_accuracy': 0.6522}, 6179.804206165951)
[2024-03-17 01:21:09,483][flwr][INFO] - Sampled the following clients: ['82', '2', '84', '6', '17', '65', '46', '19', '38', '47', '85', '14', '74', '27', '43', '95', '83', '52', '49', '89']
[2024-03-17 01:21:09,483][flwr][DEBUG] - evaluate_round 48: strategy sampled 20 clients (out of 100)
[2024-03-17 01:21:12,514][flwr][DEBUG] - evaluate_round 48 received 20 results and 0 failures
[2024-03-17 01:21:12,615][flwr][INFO] - Sampled the following clients: ['20', '50', '8', '97', '24', '32', '89', '46', '63', '65', '83', '6', '40', '66', '47', '9', '68', '61', '7', '93']
[2024-03-17 01:21:12,615][flwr][DEBUG] - fit_round 49: strategy sampled 20 clients (out of 100)
[2024-03-17 01:23:07,597][flwr][DEBUG] - fit_round 49 received 20 results and 0 failures
[2024-03-17 01:23:19,344][flwr][INFO] - fit progress: (49, 0.16757923691440374, {'test_accuracy': 0.6534}, 6309.666022374993)
[2024-03-17 01:23:19,344][flwr][INFO] - Sampled the following clients: ['25', '15', '92', '57', '34', '79', '41', '59', '93', '42', '4', '86', '95', '50', '71', '22', '8', '20', '17', '96']
[2024-03-17 01:23:19,345][flwr][DEBUG] - evaluate_round 49: strategy sampled 20 clients (out of 100)
[2024-03-17 01:23:22,347][flwr][DEBUG] - evaluate_round 49 received 20 results and 0 failures
[2024-03-17 01:23:22,437][flwr][INFO] - Sampled the following clients: ['48', '9', '22', '82', '71', '57', '19', '34', '15', '7', '68', '56', '89', '78', '31', '74', '18', '62', '36', '3']
[2024-03-17 01:23:22,437][flwr][DEBUG] - fit_round 50: strategy sampled 20 clients (out of 100)
[2024-03-17 01:25:16,359][flwr][DEBUG] - fit_round 50 received 20 results and 0 failures
[2024-03-17 01:25:27,986][flwr][INFO] - fit progress: (50, 0.1665250424558297, {'test_accuracy': 0.6549}, 6438.3134514580015)
[2024-03-17 01:25:27,986][flwr][INFO] - Sampled the following clients: ['21', '57', '20', '99', '28', '50', '37', '66', '39', '9', '78', '35', '52', '11', '25', '77', '93', '10', '89', '56']
[2024-03-17 01:25:27,986][flwr][DEBUG] - evaluate_round 50: strategy sampled 20 clients (out of 100)
[2024-03-17 01:25:31,000][flwr][DEBUG] - evaluate_round 50 received 20 results and 0 failures
[2024-03-17 01:25:31,079][flwr][INFO] - FL finished in 6441.406085500028
[2024-03-17 01:25:31,113][flwr][INFO] - app_fit: losses_distributed [(1, 0.3199710303423356), (2, 0.2970290274036174), (3, 0.27321048756035005), (4, 0.2536671914008199), (5, 0.2514831705969207), (6, 0.23031544934730142), (7, 0.2193168745357163), (8, 0.2139296856461739), (9, 0.20717427216622294), (10, 0.21033808503832135), (11, 0.19971091154278542), (12, 0.20622960265193666), (13, 0.21713902735892607), (14, 0.2084284584893256), (15, 0.20845341761121336), (16, 0.22539926066386456), (17, 0.19911099638105656), (18, 0.25557231350364734), (19, 0.23656750839982865), (20, 0.21699399404341774), (21, 0.22597925481719097), (22, 0.23126836762839587), (23, 0.23213497979224337), (24, 0.23215547217132182), (25, 0.226586620652649), (26, 0.18898727788105227), (27, 0.21441724016236102), (28, 0.22765958833565214), (29, 0.21595216972625111), (30, 0.22872154287119606), (31, 0.2083166587693921), (32, 0.22361941646870073), (33, 0.21583771007325575), (34, 0.20765366866395865), (35, 0.2342875010310197), (36, 0.23462187031103413), (37, 0.21835593455376065), (38, 0.20482393060644558), (39, 0.18654006301658227), (40, 0.2232450392886008), (41, 0.2182197663126447), (42, 0.2304473941518488), (43, 0.2113082579209954), (44, 0.19931767564979666), (45, 0.2211591950949158), (46, 0.21654836904561642), (47, 0.20139941918753962), (48, 0.17296838106938556), (49, 0.21676202724011834), (50, 0.20494952634813227)]
[2024-03-17 01:25:31,113][flwr][INFO] - app_fit: metrics_distributed_fit {'train_loss': [(1, 0.5607006507365393), (2, 0.5173629710808937), (3, 0.4687375274892212), (4, 0.4299259866051981), (5, 0.3936814691631063), (6, 0.35858991611360624), (7, 0.32470030451117476), (8, 0.2946209440704992), (9, 0.26179557523541136), (10, 0.2354696935335962), (11, 0.19935101633492533), (12, 0.1624095384144741), (13, 0.13775804371006842), (14, 0.1091303751270096), (15, 0.08353607309276435), (16, 0.06533473429973875), (17, 0.04963711037987928), (18, 0.035118638682062046), (19, 0.02653934807667206), (20, 0.01935361860919761), (21, 0.015064241108297325), (22, 0.012271497742856335), (23, 0.010827744475050013), (24, 0.007454698250370663), (25, 0.007066155210890362), (26, 0.005339555521265003), (27, 0.00481291890102151), (28, 0.004702622039435345), (29, 0.004044338376528831), (30, 0.0035480504482751636), (31, 0.0031034191045484797), (32, 0.002772300186136175), (33, 0.002806999551162525), (34, 0.0027012842320777546), (35, 0.0025061845078367755), (36, 0.002275079032264607), (37, 0.0024339832776392374), (38, 0.0021708537884733074), (39, 0.002071483796407531), (40, 0.002483877348895439), (41, 0.002005321351370436), (42, 0.0018773626104113684), (43, 0.0019911868269032133), (44, 0.0017755310373492462), (45, 0.001776814636545053), (46, 0.001955765383153799), (47, 0.0018411720094693104), (48, 0.0015767222539661457), (49, 0.0016079213221458478), (50, 0.0016419085761216184)], 'train_accuracy': [(1, 0.17252968855030248), (2, 0.23162259076647243), (3, 0.3062436946530658), (4, 0.36056022408963584), (5, 0.4142025089605735), (6, 0.46659941717103787), (7, 0.5222994173016584), (8, 0.5688495178291096), (9, 0.6167637830569251), (10, 0.6582633053221288), (11, 0.7132765193989684), (12, 0.7763835984763612), (13, 0.8124929909162274), (14, 0.8551585078973899), (15, 0.8989242492155984), (16, 0.9256189089279713), (17, 0.9511320331764178), (18, 0.9660580262126134), (19, 0.9804998318951026), (20, 0.986657697051239), (21, 0.9909213180901143), (22, 0.9940589619997758), (23, 0.9955161977356799), (24, 0.9974215246636772), (25, 0.9984311967727476), (26, 0.9980939567216056), (27, 0.9992160376301937), (28, 0.9989921612541993), (29, 0.9994400268787098), (30, 0.9993275050437121), (31, 0.9997758601367254), (32, 0.9996639784946236), (33, 0.9998878798071533), (34, 0.9998878546596389), (35, 1.0), (36, 0.9998878923766816), (37, 0.9998878923766816), (38, 1.0), (39, 0.9998878798071533), (40, 0.9995514186385556), (41, 0.999887904943392), (42, 1.0), (43, 1.0), (44, 1.0), (45, 1.0), (46, 0.9998879677347076), (47, 1.0), (48, 1.0), (49, 1.0), (50, 1.0)]}
[2024-03-17 01:25:31,114][flwr][INFO] - app_fit: metrics_distributed {'test_accuracy': [(1, 0.15714285714285714), (2, 0.22448979591836735), (3, 0.27653061224489794), (4, 0.32040816326530613), (5, 0.37448979591836734), (6, 0.3979591836734694), (7, 0.4387755102040816), (8, 0.49183673469387756), (9, 0.4806122448979592), (10, 0.5020408163265306), (11, 0.5204081632653061), (12, 0.523469387755102), (13, 0.5010204081632653), (14, 0.5408163265306123), (15, 0.5377551020408163), (16, 0.5428571428571428), (17, 0.563265306122449), (18, 0.5418367346938775), (19, 0.5846938775510204), (20, 0.5846938775510204), (21, 0.5836734693877551), (22, 0.5816326530612245), (23, 0.6051020408163266), (24, 0.6142857142857143), (25, 0.6183673469387755), (26, 0.6193877551020408), (27, 0.5938775510204082), (28, 0.5897959183673469), (29, 0.6040816326530613), (30, 0.5918367346938775), (31, 0.6081632653061224), (32, 0.5877551020408164), (33, 0.6051020408163266), (34, 0.6408163265306123), (35, 0.5959183673469388), (36, 0.6153061224489796), (37, 0.5918367346938775), (38, 0.6306122448979592), (39, 0.6295918367346939), (40, 0.6265306122448979), (41, 0.6336734693877552), (42, 0.6244897959183674), (43, 0.6071428571428571), (44, 0.6112244897959184), (45, 0.6051020408163266), (46, 0.6387755102040816), (47, 0.6163265306122448), (48, 0.6622448979591836), (49, 0.6265306122448979), (50, 0.65)]}
[2024-03-17 01:25:31,114][flwr][INFO] - app_fit: losses_centralized [(0, 0.2879712468385696), (1, 0.27931636587381364), (2, 0.2538645982265472), (3, 0.23397796725034714), (4, 0.2176290695130825), (5, 0.20443909102082253), (6, 0.19356321870088578), (7, 0.1858548896431923), (8, 0.18115239319503307), (9, 0.17800710742771625), (10, 0.17446498320996762), (11, 0.17368636129498483), (12, 0.17446953777968882), (13, 0.17422114939838648), (14, 0.1746275026381016), (15, 0.18071705477386713), (16, 0.18284989785030484), (17, 0.18337377932071686), (18, 0.18884386749342083), (19, 0.19300623173974454), (20, 0.191806584803015), (21, 0.1945249841786921), (22, 0.19249064541086555), (23, 0.19126950603425502), (24, 0.19138787990920245), (25, 0.1897560406498611), (26, 0.1895167847007513), (27, 0.1854791105967015), (28, 0.18591155211478472), (29, 0.1851710987828672), (30, 0.18651113779470324), (31, 0.18611388331130146), (32, 0.18547448457218707), (33, 0.18302645895443856), (34, 0.18425026922672988), (35, 0.17923217563442886), (36, 0.17643451004326344), (37, 0.17728992667794227), (38, 0.17652742869220675), (39, 0.17590892126169055), (40, 0.17375104318801313), (41, 0.17374558096788822), (42, 0.1735371005261317), (43, 0.17087191117592157), (44, 0.1723309569835663), (45, 0.16991774919182062), (46, 0.1674860179115087), (47, 0.1659622998425737), (48, 0.16877593528982252), (49, 0.16757923691440374), (50, 0.1665250424558297)]
[2024-03-17 01:25:31,115][flwr][INFO] - app_fit: metrics_centralized {'test_accuracy': [(0, 0.1058), (1, 0.1541), (2, 0.2419), (3, 0.2925), (4, 0.3432), (5, 0.3964), (6, 0.4253), (7, 0.458), (8, 0.4719), (9, 0.4926), (10, 0.5045), (11, 0.5148), (12, 0.5233), (13, 0.5371), (14, 0.5412), (15, 0.5507), (16, 0.5619), (17, 0.5702), (18, 0.5718), (19, 0.5804), (20, 0.5861), (21, 0.5894), (22, 0.5924), (23, 0.5924), (24, 0.6004), (25, 0.6032), (26, 0.6078), (27, 0.6114), (28, 0.6126), (29, 0.6143), (30, 0.6151), (31, 0.6168), (32, 0.6218), (33, 0.6232), (34, 0.6209), (35, 0.6272), (36, 0.6347), (37, 0.6335), (38, 0.6371), (39, 0.6371), (40, 0.6376), (41, 0.6409), (42, 0.6407), (43, 0.6437), (44, 0.6469), (45, 0.6457), (46, 0.6487), (47, 0.6519), (48, 0.6522), (49, 0.6534), (50, 0.6549)]}
[2024-03-17 01:25:32,911][flwr][INFO] - Cleaned up ray temp session: /tmp/ray/session_2024-03-16_23-37-54_869628_24289 with size: 708284633088
[2024-03-17 01:25:32,911][flwr][INFO] - Saving ['yaml', 'log', 'wandb']
