[2024-03-24 13:11:21,341][flwr][INFO] - working_dir: null
to_save_once:
- yaml
- log
- wandb
to_save_per_round:
- parameters
- rng
- history
save_frequency: 1
to_restore: []
to_clean_once:
- history
- parameters
- yaml
- log
- rng
- history
use_wandb: false
debug_clients:
  all: false
  one: true
wandb_resume: false
wandb_id: null
wandb:
  setup:
    project: template
    tags:
    - strategy_${strategy.name}
    - seed_${fed.seed}
    entity: null
    mode: online
ray_address: null
ray_redis_password: null
ray_node_ip_address: null
file_limit: 250
task:
  model_and_data: FMNIST_CNN
  train_structure: FMNIST
  fit_config:
    net_config: {}
    dataloader_config:
      batch_size: 4
    run_config:
      epochs: 1
      learning_rate: 0.01
      optimizer: block_mc
    extra: {}
  eval_config:
    net_config: {}
    dataloader_config:
      batch_size: 8
    run_config: {}
    extra: {}
  fed_test_config:
    net_config: {}
    dataloader_config:
      batch_size: 8
    run_config: {}
    extra: {}
  net_config_initial_parameters: {}
  fit_metrics:
  - train_loss
  - train_accuracy
  evaluate_metrics:
  - test_accuracy
fed:
  num_rounds: 5
  num_total_clients: 100
  num_clients_per_round: 20
  num_evaluate_clients_per_round: 20
  enable_resampling: false
  cpus_per_client: 2
  gpus_per_client: 0
  seed: 1337
  load_saved_state: true
  server_round: null
  parameters_folder: null
  rng_folder: null
  history_folder: null
strategy:
  name: FedAvg
  init:
    _target_: flwr.server.strategy.FedAvg
dataset:
  dataset_dir: ./data/fmnist/data
  partition_dir: ./data/fmnist/partition
  num_clients: 100
  val_ratio: 0.1
  seed: 1337
  iid: false
  power_law: false
  balance: false
  lda: true
  alpha: 1.0

[2024-03-24 13:11:21,360][flwr][INFO] - Wandb run initialized with False
[2024-03-24 13:11:21,361][flwr][INFO] - Pre-cleaning ['history', 'parameters', 'yaml', 'log', 'rng', 'history']
[2024-03-24 13:11:21,361][flwr][INFO] - Loading parameters failed from: /Users/grantwilkins/fl-final-proj/outputs/2024-03-24/13-11-21/results/state/parameters/parameters_0.bin
[2024-03-24 13:11:21,361][flwr][INFO] - Generating initial parameters with config: {}
[2024-03-24 13:11:21,361][flwr][INFO] - Generating initial parameters with config: {}
[2024-03-24 13:11:21,373][flwr][INFO] - Using RNG seed: 1337
[2024-03-24 13:11:45,828][flwr][INFO] - Fit debug fit: [515, {'train_loss': 0.4790986478907391, 'train_accuracy': 0.42718446601941745}]  and eval: (0.3267149590609366, 57, {'test_accuracy': 0.03508771929824561})
[2024-03-24 13:11:45,829][flwr][INFO] - Starting Flower simulation, config: ServerConfig(num_rounds=5, round_timeout=None)
[2024-03-24 13:11:48,374][flwr][INFO] - Flower VCE: Ray initialized with resources: {'memory': 16829145088.0, 'CPU': 10.0, 'object_store_memory': 2147483648.0, 'node:__internal_head__': 1.0, 'node:127.0.0.1': 1.0}
[2024-03-24 13:11:48,374][flwr][INFO] - Optimize your simulation with Flower VCE: https://flower.dev/docs/framework/how-to-run-simulations.html
[2024-03-24 13:11:48,374][flwr][INFO] - Flower VCE: Resources for each Virtual Client: {'num_cpus': 2, 'num_gpus': 0.0}
[2024-03-24 13:11:48,382][flwr][INFO] - Flower VCE: Creating VirtualClientEngineActorPool with 5 actors
[2024-03-24 13:11:48,382][flwr][INFO] - Initializing global parameters
[2024-03-24 13:11:48,382][flwr][INFO] - Using initial parameters provided by strategy
[2024-03-24 13:11:48,382][flwr][INFO] - Evaluating initial parameters
[2024-03-24 13:11:51,929][flwr][INFO] - initial parameters (loss, other metrics): 0.2885704783201218, {'test_accuracy': 0.0817}
[2024-03-24 13:11:51,934][flwr][INFO] - FL starting
[2024-03-24 13:11:51,934][flwr][INFO] - Sampled the following clients: ['18', '62', '29', '0', '45', '56', '26', '93', '96', '76', '83', '92', '99', '54', '43', '3', '84', '27', '37', '59']
[2024-03-24 13:11:51,935][flwr][DEBUG] - fit_round 1: strategy sampled 20 clients (out of 100)
[2024-03-24 13:15:46,524][flwr][DEBUG] - fit_round 1 received 20 results and 0 failures
[2024-03-24 13:15:49,703][flwr][INFO] - fit progress: (1, 0.28120554995536806, {'test_accuracy': 0.2879}, 237.78060337505303)
[2024-03-24 13:15:49,703][flwr][INFO] - Sampled the following clients: ['41', '72', '1', '61', '47', '80', '99', '97', '54', '10', '58', '93', '89', '30', '23', '14', '31', '68', '96', '66']
[2024-03-24 13:15:49,703][flwr][DEBUG] - evaluate_round 1: strategy sampled 20 clients (out of 100)
[2024-03-24 13:15:50,986][flwr][DEBUG] - evaluate_round 1 received 20 results and 0 failures
[2024-03-24 13:15:51,004][flwr][INFO] - Sampled the following clients: ['0', '59', '24', '71', '20', '33', '69', '36', '73', '9', '61', '14', '37', '84', '42', '27', '79', '31', '46', '53']
[2024-03-24 13:15:51,004][flwr][DEBUG] - fit_round 2: strategy sampled 20 clients (out of 100)
[2024-03-24 13:19:53,289][flwr][DEBUG] - fit_round 2 received 20 results and 0 failures
[2024-03-24 13:19:56,474][flwr][INFO] - fit progress: (2, 0.2713546756029129, {'test_accuracy': 0.2183}, 484.553519875044)
[2024-03-24 13:19:56,474][flwr][INFO] - Sampled the following clients: ['18', '80', '54', '3', '75', '57', '0', '27', '22', '23', '99', '78', '37', '2', '51', '55', '58', '4', '44', '74']
[2024-03-24 13:19:56,474][flwr][DEBUG] - evaluate_round 2: strategy sampled 20 clients (out of 100)
[2024-03-24 13:19:57,656][flwr][DEBUG] - evaluate_round 2 received 20 results and 0 failures
[2024-03-24 13:19:57,682][flwr][INFO] - Sampled the following clients: ['40', '96', '0', '76', '54', '73', '31', '66', '72', '32', '74', '12', '75', '55', '15', '83', '56', '19', '9', '90']
[2024-03-24 13:19:57,682][flwr][DEBUG] - fit_round 3: strategy sampled 20 clients (out of 100)
[2024-03-24 13:24:01,346][flwr][DEBUG] - fit_round 3 received 20 results and 0 failures
[2024-03-24 13:24:05,044][flwr][INFO] - fit progress: (3, 0.25783333302736283, {'test_accuracy': 0.5095}, 733.1255922920536)
[2024-03-24 13:24:05,044][flwr][INFO] - Sampled the following clients: ['21', '94', '43', '95', '75', '77', '53', '41', '11', '67', '28', '84', '7', '57', '4', '91', '6', '76', '2', '25']
[2024-03-24 13:24:05,044][flwr][DEBUG] - evaluate_round 3: strategy sampled 20 clients (out of 100)
[2024-03-24 13:24:06,220][flwr][DEBUG] - evaluate_round 3 received 20 results and 0 failures
[2024-03-24 13:24:06,230][flwr][INFO] - Sampled the following clients: ['96', '98', '53', '49', '10', '18', '42', '63', '37', '88', '94', '81', '31', '56', '74', '50', '86', '25', '15', '28']
[2024-03-24 13:24:06,230][flwr][DEBUG] - fit_round 4: strategy sampled 20 clients (out of 100)
[2024-03-24 13:28:02,421][flwr][DEBUG] - fit_round 4 received 20 results and 0 failures
[2024-03-24 13:28:05,635][flwr][INFO] - fit progress: (4, 0.24184671300649643, {'test_accuracy': 0.6005}, 973.7183940832037)
[2024-03-24 13:28:05,636][flwr][INFO] - Sampled the following clients: ['36', '62', '92', '38', '75', '54', '45', '8', '26', '7', '91', '63', '43', '52', '66', '10', '83', '60', '55', '21']
[2024-03-24 13:28:05,636][flwr][DEBUG] - evaluate_round 4: strategy sampled 20 clients (out of 100)
[2024-03-24 13:28:06,773][flwr][DEBUG] - evaluate_round 4 received 20 results and 0 failures
[2024-03-24 13:28:06,796][flwr][INFO] - Sampled the following clients: ['3', '38', '10', '6', '91', '66', '41', '36', '94', '40', '8', '35', '69', '79', '27', '64', '65', '70', '59', '20']
[2024-03-24 13:28:06,796][flwr][DEBUG] - fit_round 5: strategy sampled 20 clients (out of 100)
[2024-03-24 13:32:06,228][flwr][DEBUG] - fit_round 5 received 20 results and 0 failures
[2024-03-24 13:32:09,897][flwr][INFO] - fit progress: (5, 0.22402912826538085, {'test_accuracy': 0.5577}, 1217.9812928331085)
[2024-03-24 13:32:09,897][flwr][INFO] - Sampled the following clients: ['18', '81', '51', '75', '11', '66', '76', '39', '10', '89', '96', '57', '79', '50', '40', '90', '45', '46', '31', '61']
[2024-03-24 13:32:09,897][flwr][DEBUG] - evaluate_round 5: strategy sampled 20 clients (out of 100)
[2024-03-24 13:32:11,121][flwr][DEBUG] - evaluate_round 5 received 20 results and 0 failures
[2024-03-24 13:32:11,141][flwr][INFO] - FL finished in 1219.2253235001117
[2024-03-24 13:32:11,150][flwr][INFO] - app_fit: losses_distributed [(1, 0.3045393105561369), (2, 0.2880755757881423), (3, 0.2731999743904843), (4, 0.2594337477558431), (5, 0.2378354990029637)]
[2024-03-24 13:32:11,150][flwr][INFO] - app_fit: metrics_distributed_fit {'train_loss': [(1, 0.5124103265633648), (2, 0.4949218107674994), (3, 0.47218631117007387), (4, 0.45678391432576126), (5, 0.40270377881074726)], 'train_accuracy': [(1, 0.3124588622472967), (2, 0.3792440743113389), (3, 0.4438412579558218), (4, 0.49061861415567526), (5, 0.5863236909556939)]}
[2024-03-24 13:32:11,150][flwr][INFO] - app_fit: metrics_distributed {'test_accuracy': [(1, 0.2506393861892583), (2, 0.21525423728813559), (3, 0.5293624161073825), (4, 0.6083262531860663), (5, 0.5713080168776371)]}
[2024-03-24 13:32:11,150][flwr][INFO] - app_fit: losses_centralized [(0, 0.2885704783201218), (1, 0.28120554995536806), (2, 0.2713546756029129), (3, 0.25783333302736283), (4, 0.24184671300649643), (5, 0.22402912826538085)]
[2024-03-24 13:32:11,150][flwr][INFO] - app_fit: metrics_centralized {'test_accuracy': [(0, 0.0817), (1, 0.2879), (2, 0.2183), (3, 0.5095), (4, 0.6005), (5, 0.5577)]}
[2024-03-24 13:32:12,732][flwr][INFO] - Cleaned up ray temp session: /tmp/ray/session_2024-03-24_13-11-45_870280_77164 with size: 912412303360
[2024-03-24 13:32:12,732][flwr][INFO] - Saving ['yaml', 'log', 'wandb']
