[2024-03-22 10:19:07,924][flwr][INFO] - working_dir: null
to_save_once:
- yaml
- log
- wandb
to_save_per_round:
- parameters
- rng
- history
save_frequency: 1
to_restore: []
to_clean_once:
- history
- parameters
- yaml
- log
- rng
- history
use_wandb: false
debug_clients:
  all: false
  one: true
wandb_resume: false
wandb_id: null
wandb:
  setup:
    project: template
    tags:
    - strategy_${strategy.name}
    - seed_${fed.seed}
    entity: null
    mode: online
ray_address: null
ray_redis_password: null
ray_node_ip_address: null
file_limit: 250
task:
  model_and_data: CIFAR10_CNN
  train_structure: CIFAR10
  fit_config:
    net_config: {}
    dataloader_config:
      batch_size: 4
    run_config:
      epochs: 1
      learning_rate: 0.001
      optimizer: adam
    extra: {}
  eval_config:
    net_config: {}
    dataloader_config:
      batch_size: 8
    run_config: {}
    extra: {}
  fed_test_config:
    net_config: {}
    dataloader_config:
      batch_size: 8
    run_config: {}
    extra: {}
  net_config_initial_parameters: {}
  fit_metrics:
  - train_loss
  - train_accuracy
  evaluate_metrics:
  - test_accuracy
fed:
  num_rounds: 25
  num_total_clients: 100
  num_clients_per_round: 20
  num_evaluate_clients_per_round: 20
  enable_resampling: false
  cpus_per_client: 2
  gpus_per_client: 0
  seed: 1337
  load_saved_state: true
  server_round: null
  parameters_folder: null
  rng_folder: null
  history_folder: null
strategy:
  name: FedAvg
  init:
    _target_: flwr.server.strategy.FedAvg
dataset:
  dataset_dir: ./data/cifar10/data
  partition_dir: ./data/cifar10/partition
  num_clients: 100
  val_ratio: 0.1
  seed: 1337
  iid: false
  power_law: false
  balance: false
  lda: true
  alpha: 1.0

[2024-03-22 10:19:07,943][flwr][INFO] - Wandb run initialized with False
[2024-03-22 10:19:07,944][flwr][INFO] - Pre-cleaning ['history', 'parameters', 'yaml', 'log', 'rng', 'history']
[2024-03-22 10:19:07,944][flwr][INFO] - Loading parameters failed from: /Users/grantwilkins/fl-final-proj/outputs/2024-03-22/10-19-07/results/state/parameters/parameters_0.bin
[2024-03-22 10:19:07,944][flwr][INFO] - Generating initial parameters with config: {}
[2024-03-22 10:19:07,944][flwr][INFO] - Generating initial parameters with config: {}
[2024-03-22 10:19:07,961][flwr][INFO] - Using RNG seed: 1337
[2024-03-22 10:19:12,230][flwr][INFO] - Fit debug fit: [427, {'train_loss': 0.4909152331341067, 'train_accuracy': 0.4262295081967213}]  and eval: (0.2950053722300428, 47, {'test_accuracy': 0.0851063829787234})
[2024-03-22 10:19:12,231][flwr][INFO] - Starting Flower simulation, config: ServerConfig(num_rounds=25, round_timeout=None)
[2024-03-22 10:19:14,783][flwr][INFO] - Flower VCE: Ray initialized with resources: {'memory': 20285440000.0, 'CPU': 10.0, 'node:127.0.0.1': 1.0, 'node:__internal_head__': 1.0, 'object_store_memory': 2147483648.0}
[2024-03-22 10:19:14,784][flwr][INFO] - Optimize your simulation with Flower VCE: https://flower.dev/docs/framework/how-to-run-simulations.html
[2024-03-22 10:19:14,784][flwr][INFO] - Flower VCE: Resources for each Virtual Client: {'num_cpus': 2, 'num_gpus': 0.0}
[2024-03-22 10:19:14,791][flwr][INFO] - Flower VCE: Creating VirtualClientEngineActorPool with 5 actors
[2024-03-22 10:19:14,791][flwr][INFO] - Initializing global parameters
[2024-03-22 10:19:14,791][flwr][INFO] - Using initial parameters provided by strategy
[2024-03-22 10:19:14,791][flwr][INFO] - Evaluating initial parameters
[2024-03-22 10:19:23,076][flwr][INFO] - initial parameters (loss, other metrics): 0.28787203698158265, {'test_accuracy': 0.1}
[2024-03-22 10:19:23,125][flwr][INFO] - FL starting
[2024-03-22 10:19:23,125][flwr][INFO] - Sampled the following clients: ['18', '62', '29', '0', '45', '56', '26', '93', '96', '76', '83', '92', '99', '54', '43', '3', '84', '27', '37', '59']
[2024-03-22 10:19:23,125][flwr][DEBUG] - fit_round 1: strategy sampled 20 clients (out of 100)
[2024-03-22 10:19:43,140][flwr][DEBUG] - fit_round 1 received 20 results and 0 failures
[2024-03-22 10:19:51,816][flwr][INFO] - fit progress: (1, 0.2878825958490372, {'test_accuracy': 0.0954}, 28.69111558306031)
[2024-03-22 10:19:51,816][flwr][INFO] - Sampled the following clients: ['41', '72', '1', '61', '47', '80', '99', '97', '54', '10', '58', '93', '89', '30', '23', '14', '31', '68', '96', '66']
[2024-03-22 10:19:51,816][flwr][DEBUG] - evaluate_round 1: strategy sampled 20 clients (out of 100)
[2024-03-22 10:19:54,506][flwr][DEBUG] - evaluate_round 1 received 20 results and 0 failures
[2024-03-22 10:19:54,564][flwr][INFO] - Sampled the following clients: ['0', '59', '24', '71', '20', '33', '69', '36', '73', '9', '61', '14', '37', '84', '42', '27', '79', '31', '46', '53']
[2024-03-22 10:19:54,564][flwr][DEBUG] - fit_round 2: strategy sampled 20 clients (out of 100)
[2024-03-22 10:20:12,056][flwr][DEBUG] - fit_round 2 received 20 results and 0 failures
[2024-03-22 10:20:21,335][flwr][INFO] - fit progress: (2, 0.28802573924064634, {'test_accuracy': 0.1}, 58.21026191604324)
[2024-03-22 10:20:21,335][flwr][INFO] - Sampled the following clients: ['18', '80', '54', '3', '75', '57', '0', '27', '22', '23', '99', '78', '37', '2', '51', '55', '58', '4', '44', '74']
[2024-03-22 10:20:21,335][flwr][DEBUG] - evaluate_round 2: strategy sampled 20 clients (out of 100)
[2024-03-22 10:20:23,722][flwr][DEBUG] - evaluate_round 2 received 20 results and 0 failures
[2024-03-22 10:20:23,761][flwr][INFO] - Sampled the following clients: ['40', '96', '0', '76', '54', '73', '31', '66', '72', '32', '74', '12', '75', '55', '15', '83', '56', '19', '9', '90']
[2024-03-22 10:20:23,761][flwr][DEBUG] - fit_round 3: strategy sampled 20 clients (out of 100)
[2024-03-22 10:20:40,925][flwr][DEBUG] - fit_round 3 received 20 results and 0 failures
[2024-03-22 10:20:49,825][flwr][INFO] - fit progress: (3, 0.28799520990848543, {'test_accuracy': 0.1}, 86.70027162507176)
[2024-03-22 10:20:49,825][flwr][INFO] - Sampled the following clients: ['21', '94', '43', '95', '75', '77', '53', '41', '11', '67', '28', '84', '7', '57', '4', '91', '6', '76', '2', '25']
[2024-03-22 10:20:49,825][flwr][DEBUG] - evaluate_round 3: strategy sampled 20 clients (out of 100)
[2024-03-22 10:20:52,183][flwr][DEBUG] - evaluate_round 3 received 20 results and 0 failures
[2024-03-22 10:20:52,240][flwr][INFO] - Sampled the following clients: ['96', '98', '53', '49', '10', '18', '42', '63', '37', '88', '94', '81', '31', '56', '74', '50', '86', '25', '15', '28']
[2024-03-22 10:20:52,240][flwr][DEBUG] - fit_round 4: strategy sampled 20 clients (out of 100)
[2024-03-22 10:21:09,743][flwr][DEBUG] - fit_round 4 received 20 results and 0 failures
[2024-03-22 10:21:16,580][flwr][INFO] - fit progress: (4, 0.28804489998817445, {'test_accuracy': 0.1}, 113.45547587517649)
[2024-03-22 10:21:16,580][flwr][INFO] - Sampled the following clients: ['36', '62', '92', '38', '75', '54', '45', '8', '26', '7', '91', '63', '43', '52', '66', '10', '83', '60', '55', '21']
[2024-03-22 10:21:16,580][flwr][DEBUG] - evaluate_round 4: strategy sampled 20 clients (out of 100)
[2024-03-22 10:21:18,994][flwr][DEBUG] - evaluate_round 4 received 20 results and 0 failures
[2024-03-22 10:21:19,049][flwr][INFO] - Sampled the following clients: ['3', '38', '10', '6', '91', '66', '41', '36', '94', '40', '8', '35', '69', '79', '27', '64', '65', '70', '59', '20']
[2024-03-22 10:21:19,049][flwr][DEBUG] - fit_round 5: strategy sampled 20 clients (out of 100)
[2024-03-22 10:21:36,151][flwr][DEBUG] - fit_round 5 received 20 results and 0 failures
[2024-03-22 10:21:43,029][flwr][INFO] - fit progress: (5, 0.2881787508249283, {'test_accuracy': 0.1}, 139.90499879117124)
[2024-03-22 10:21:43,029][flwr][INFO] - Sampled the following clients: ['18', '81', '51', '75', '11', '66', '76', '39', '10', '89', '96', '57', '79', '50', '40', '90', '45', '46', '31', '61']
[2024-03-22 10:21:43,029][flwr][DEBUG] - evaluate_round 5: strategy sampled 20 clients (out of 100)
[2024-03-22 10:21:45,268][flwr][DEBUG] - evaluate_round 5 received 20 results and 0 failures
[2024-03-22 10:21:45,318][flwr][INFO] - Sampled the following clients: ['53', '40', '33', '94', '26', '41', '52', '3', '31', '69', '76', '81', '27', '71', '18', '91', '2', '44', '11', '84']
[2024-03-22 10:21:45,318][flwr][DEBUG] - fit_round 6: strategy sampled 20 clients (out of 100)
[2024-03-22 10:22:02,685][flwr][DEBUG] - fit_round 6 received 20 results and 0 failures
[2024-03-22 10:22:09,566][flwr][INFO] - fit progress: (6, 0.2883817578077316, {'test_accuracy': 0.1}, 166.44214250007644)
[2024-03-22 10:22:09,566][flwr][INFO] - Sampled the following clients: ['40', '30', '61', '48', '49', '90', '2', '85', '27', '65', '80', '12', '74', '47', '39', '69', '63', '86', '87', '66']
[2024-03-22 10:22:09,566][flwr][DEBUG] - evaluate_round 6: strategy sampled 20 clients (out of 100)
[2024-03-22 10:22:11,872][flwr][DEBUG] - evaluate_round 6 received 20 results and 0 failures
[2024-03-22 10:22:11,934][flwr][INFO] - Sampled the following clients: ['63', '74', '14', '11', '58', '76', '92', '62', '73', '22', '65', '91', '47', '71', '56', '10', '40', '17', '33', '34']
[2024-03-22 10:22:11,934][flwr][DEBUG] - fit_round 7: strategy sampled 20 clients (out of 100)
[2024-03-22 10:22:28,925][flwr][DEBUG] - fit_round 7 received 20 results and 0 failures
[2024-03-22 10:22:35,826][flwr][INFO] - fit progress: (7, 0.2886643393754959, {'test_accuracy': 0.1}, 192.70247812522575)
[2024-03-22 10:22:35,827][flwr][INFO] - Sampled the following clients: ['9', '28', '80', '42', '19', '82', '17', '84', '43', '69', '56', '15', '63', '81', '6', '64', '10', '68', '89', '12']
[2024-03-22 10:22:35,827][flwr][DEBUG] - evaluate_round 7: strategy sampled 20 clients (out of 100)
[2024-03-22 10:22:38,145][flwr][DEBUG] - evaluate_round 7 received 20 results and 0 failures
[2024-03-22 10:22:38,201][flwr][INFO] - Sampled the following clients: ['26', '65', '22', '82', '73', '93', '50', '48', '76', '3', '11', '51', '79', '90', '96', '2', '86', '25', '19', '13']
[2024-03-22 10:22:38,201][flwr][DEBUG] - fit_round 8: strategy sampled 20 clients (out of 100)
[2024-03-22 10:22:55,328][flwr][DEBUG] - fit_round 8 received 20 results and 0 failures
[2024-03-22 10:23:02,449][flwr][INFO] - fit progress: (8, 0.2884547585964203, {'test_accuracy': 0.1}, 219.32494150009006)
[2024-03-22 10:23:02,449][flwr][INFO] - Sampled the following clients: ['53', '17', '91', '18', '86', '0', '30', '80', '22', '81', '76', '61', '52', '55', '96', '68', '54', '28', '92', '64']
[2024-03-22 10:23:02,449][flwr][DEBUG] - evaluate_round 8: strategy sampled 20 clients (out of 100)
[2024-03-22 10:23:05,160][flwr][DEBUG] - evaluate_round 8 received 20 results and 0 failures
[2024-03-22 10:23:05,218][flwr][INFO] - Sampled the following clients: ['9', '90', '34', '35', '37', '31', '17', '5', '26', '19', '83', '11', '18', '8', '77', '84', '29', '3', '56', '72']
[2024-03-22 10:23:05,219][flwr][DEBUG] - fit_round 9: strategy sampled 20 clients (out of 100)
[2024-03-22 10:23:22,224][flwr][DEBUG] - fit_round 9 received 20 results and 0 failures
[2024-03-22 10:23:29,376][flwr][INFO] - fit progress: (9, 0.2887273405313492, {'test_accuracy': 0.1}, 246.25187870813534)
[2024-03-22 10:23:29,376][flwr][INFO] - Sampled the following clients: ['99', '24', '66', '35', '3', '1', '50', '67', '13', '97', '76', '4', '75', '53', '87', '61', '98', '31', '45', '44']
[2024-03-22 10:23:29,376][flwr][DEBUG] - evaluate_round 9: strategy sampled 20 clients (out of 100)
[2024-03-22 10:23:32,227][flwr][DEBUG] - evaluate_round 9 received 20 results and 0 failures
[2024-03-22 10:23:32,284][flwr][INFO] - Sampled the following clients: ['96', '46', '99', '31', '33', '10', '4', '5', '69', '20', '60', '52', '95', '15', '47', '66', '61', '90', '85', '12']
[2024-03-22 10:23:32,284][flwr][DEBUG] - fit_round 10: strategy sampled 20 clients (out of 100)
[2024-03-22 10:23:49,726][flwr][DEBUG] - fit_round 10 received 20 results and 0 failures
[2024-03-22 10:23:56,771][flwr][INFO] - fit progress: (10, 0.28884679741859437, {'test_accuracy': 0.1}, 273.64764870819636)
[2024-03-22 10:23:56,772][flwr][INFO] - Sampled the following clients: ['26', '40', '28', '34', '68', '46', '42', '73', '93', '84', '61', '72', '10', '78', '94', '33', '4', '11', '70', '24']
[2024-03-22 10:23:56,772][flwr][DEBUG] - evaluate_round 10: strategy sampled 20 clients (out of 100)
[2024-03-22 10:23:59,643][flwr][DEBUG] - evaluate_round 10 received 20 results and 0 failures
[2024-03-22 10:23:59,701][flwr][INFO] - Sampled the following clients: ['80', '18', '11', '61', '25', '0', '85', '30', '19', '14', '53', '90', '43', '29', '33', '36', '81', '99', '58', '5']
[2024-03-22 10:23:59,701][flwr][DEBUG] - fit_round 11: strategy sampled 20 clients (out of 100)
[2024-03-22 10:24:16,750][flwr][DEBUG] - fit_round 11 received 20 results and 0 failures
[2024-03-22 10:24:23,880][flwr][INFO] - fit progress: (11, 0.2889749296426773, {'test_accuracy': 0.1}, 300.75689729116857)
[2024-03-22 10:24:23,881][flwr][INFO] - Sampled the following clients: ['14', '79', '10', '1', '85', '92', '80', '48', '61', '50', '25', '45', '43', '7', '15', '33', '98', '75', '97', '47']
[2024-03-22 10:24:23,881][flwr][DEBUG] - evaluate_round 11: strategy sampled 20 clients (out of 100)
[2024-03-22 10:24:26,855][flwr][DEBUG] - evaluate_round 11 received 20 results and 0 failures
[2024-03-22 10:24:26,912][flwr][INFO] - Sampled the following clients: ['41', '75', '57', '14', '91', '99', '52', '16', '44', '24', '95', '23', '80', '27', '92', '35', '55', '94', '31', '69']
[2024-03-22 10:24:26,912][flwr][DEBUG] - fit_round 12: strategy sampled 20 clients (out of 100)
[2024-03-22 10:24:45,004][flwr][DEBUG] - fit_round 12 received 20 results and 0 failures
[2024-03-22 10:24:52,079][flwr][INFO] - fit progress: (12, 0.2890059980392456, {'test_accuracy': 0.1}, 328.95535704120994)
[2024-03-22 10:24:52,079][flwr][INFO] - Sampled the following clients: ['27', '32', '70', '96', '74', '37', '52', '39', '82', '23', '66', '7', '38', '24', '26', '79', '36', '51', '8', '58']
[2024-03-22 10:24:52,079][flwr][DEBUG] - evaluate_round 12: strategy sampled 20 clients (out of 100)
[2024-03-22 10:24:54,746][flwr][DEBUG] - evaluate_round 12 received 20 results and 0 failures
[2024-03-22 10:24:54,797][flwr][INFO] - Sampled the following clients: ['31', '22', '18', '50', '54', '26', '58', '3', '27', '2', '91', '63', '68', '87', '4', '33', '6', '42', '34', '45']
[2024-03-22 10:24:54,797][flwr][DEBUG] - fit_round 13: strategy sampled 20 clients (out of 100)
[2024-03-22 10:25:12,908][flwr][DEBUG] - fit_round 13 received 20 results and 0 failures
[2024-03-22 10:25:19,920][flwr][INFO] - fit progress: (13, 0.28855144064426425, {'test_accuracy': 0.1}, 356.7967117910739)
[2024-03-22 10:25:19,920][flwr][INFO] - Sampled the following clients: ['21', '33', '98', '74', '92', '2', '14', '9', '67', '87', '89', '76', '32', '40', '52', '71', '75', '6', '11', '86']
[2024-03-22 10:25:19,920][flwr][DEBUG] - evaluate_round 13: strategy sampled 20 clients (out of 100)
[2024-03-22 10:25:22,744][flwr][DEBUG] - evaluate_round 13 received 20 results and 0 failures
[2024-03-22 10:25:22,800][flwr][INFO] - Sampled the following clients: ['45', '67', '28', '80', '9', '73', '94', '92', '11', '59', '61', '78', '18', '41', '64', '4', '1', '55', '57', '85']
[2024-03-22 10:25:22,800][flwr][DEBUG] - fit_round 14: strategy sampled 20 clients (out of 100)
[2024-03-22 10:25:40,705][flwr][DEBUG] - fit_round 14 received 20 results and 0 failures
[2024-03-22 10:25:47,780][flwr][INFO] - fit progress: (14, 0.2892725376844406, {'test_accuracy': 0.1}, 384.6573358331807)
[2024-03-22 10:25:47,781][flwr][INFO] - Sampled the following clients: ['66', '63', '38', '1', '49', '64', '88', '36', '51', '50', '18', '73', '56', '35', '99', '11', '44', '26', '4', '53']
[2024-03-22 10:25:47,781][flwr][DEBUG] - evaluate_round 14: strategy sampled 20 clients (out of 100)
[2024-03-22 10:25:50,487][flwr][DEBUG] - evaluate_round 14 received 20 results and 0 failures
[2024-03-22 10:25:50,535][flwr][INFO] - Sampled the following clients: ['81', '77', '91', '7', '30', '98', '69', '55', '1', '17', '73', '59', '9', '97', '2', '65', '38', '24', '6', '64']
[2024-03-22 10:25:50,535][flwr][DEBUG] - fit_round 15: strategy sampled 20 clients (out of 100)
[2024-03-22 10:26:07,876][flwr][DEBUG] - fit_round 15 received 20 results and 0 failures
[2024-03-22 10:26:14,922][flwr][INFO] - fit progress: (15, 0.28874734833240506, {'test_accuracy': 0.1}, 411.7986031251494)
[2024-03-22 10:26:14,922][flwr][INFO] - Sampled the following clients: ['22', '29', '58', '6', '55', '69', '75', '72', '19', '17', '98', '76', '28', '67', '97', '25', '82', '31', '18', '52']
[2024-03-22 10:26:14,922][flwr][DEBUG] - evaluate_round 15: strategy sampled 20 clients (out of 100)
[2024-03-22 10:26:17,844][flwr][DEBUG] - evaluate_round 15 received 20 results and 0 failures
[2024-03-22 10:26:17,898][flwr][INFO] - Sampled the following clients: ['98', '8', '0', '77', '49', '40', '13', '33', '67', '34', '91', '54', '96', '82', '7', '60', '10', '97', '42', '83']
[2024-03-22 10:26:17,898][flwr][DEBUG] - fit_round 16: strategy sampled 20 clients (out of 100)
[2024-03-22 10:26:35,071][flwr][DEBUG] - fit_round 16 received 20 results and 0 failures
[2024-03-22 10:26:42,161][flwr][INFO] - fit progress: (16, 0.2884189752340317, {'test_accuracy': 0.1}, 439.0378121251706)
[2024-03-22 10:26:42,161][flwr][INFO] - Sampled the following clients: ['31', '79', '78', '41', '89', '22', '94', '72', '76', '68', '75', '34', '87', '13', '39', '96', '25', '64', '69', '40']
[2024-03-22 10:26:42,161][flwr][DEBUG] - evaluate_round 16: strategy sampled 20 clients (out of 100)
[2024-03-22 10:26:44,899][flwr][DEBUG] - evaluate_round 16 received 20 results and 0 failures
[2024-03-22 10:26:44,952][flwr][INFO] - Sampled the following clients: ['43', '99', '52', '16', '65', '90', '33', '86', '37', '13', '74', '11', '88', '14', '59', '97', '3', '22', '47', '1']
[2024-03-22 10:26:44,952][flwr][DEBUG] - fit_round 17: strategy sampled 20 clients (out of 100)
[2024-03-22 10:27:01,677][flwr][DEBUG] - fit_round 17 received 20 results and 0 failures
[2024-03-22 10:27:08,715][flwr][INFO] - fit progress: (17, 0.2888536902666092, {'test_accuracy': 0.1}, 465.59178100014105)
[2024-03-22 10:27:08,715][flwr][INFO] - Sampled the following clients: ['4', '86', '47', '48', '13', '14', '62', '94', '7', '38', '53', '95', '59', '1', '8', '27', '19', '29', '78', '41']
[2024-03-22 10:27:08,715][flwr][DEBUG] - evaluate_round 17: strategy sampled 20 clients (out of 100)
[2024-03-22 10:27:11,392][flwr][DEBUG] - evaluate_round 17 received 20 results and 0 failures
[2024-03-22 10:27:11,447][flwr][INFO] - Sampled the following clients: ['15', '59', '14', '63', '45', '24', '18', '87', '51', '70', '81', '13', '6', '55', '74', '17', '50', '48', '96', '16']
[2024-03-22 10:27:11,447][flwr][DEBUG] - fit_round 18: strategy sampled 20 clients (out of 100)
[2024-03-22 10:27:28,827][flwr][DEBUG] - fit_round 18 received 20 results and 0 failures
[2024-03-22 10:27:35,878][flwr][INFO] - fit progress: (18, 0.2880694674015045, {'test_accuracy': 0.1}, 492.7551514580846)
[2024-03-22 10:27:35,878][flwr][INFO] - Sampled the following clients: ['22', '64', '81', '52', '47', '10', '96', '98', '34', '44', '7', '57', '62', '31', '14', '54', '90', '43', '37', '1']
[2024-03-22 10:27:35,878][flwr][DEBUG] - evaluate_round 18: strategy sampled 20 clients (out of 100)
[2024-03-22 10:27:38,666][flwr][DEBUG] - evaluate_round 18 received 20 results and 0 failures
[2024-03-22 10:27:38,715][flwr][INFO] - Sampled the following clients: ['10', '22', '16', '91', '66', '86', '77', '36', '59', '78', '83', '72', '47', '12', '40', '29', '52', '58', '65', '51']
[2024-03-22 10:27:38,716][flwr][DEBUG] - fit_round 19: strategy sampled 20 clients (out of 100)
[2024-03-22 10:27:55,198][flwr][DEBUG] - fit_round 19 received 20 results and 0 failures
[2024-03-22 10:28:02,222][flwr][INFO] - fit progress: (19, 0.2890739224910736, {'test_accuracy': 0.1}, 519.0992467082106)
[2024-03-22 10:28:02,222][flwr][INFO] - Sampled the following clients: ['80', '46', '34', '40', '81', '49', '66', '79', '62', '29', '51', '38', '90', '85', '59', '8', '17', '10', '27', '87']
[2024-03-22 10:28:02,222][flwr][DEBUG] - evaluate_round 19: strategy sampled 20 clients (out of 100)
[2024-03-22 10:28:05,038][flwr][DEBUG] - evaluate_round 19 received 20 results and 0 failures
[2024-03-22 10:28:05,086][flwr][INFO] - Sampled the following clients: ['3', '65', '59', '57', '35', '33', '26', '96', '69', '87', '5', '1', '76', '56', '24', '58', '47', '62', '49', '9']
[2024-03-22 10:28:05,086][flwr][DEBUG] - fit_round 20: strategy sampled 20 clients (out of 100)
[2024-03-22 10:28:22,619][flwr][DEBUG] - fit_round 20 received 20 results and 0 failures
[2024-03-22 10:28:29,671][flwr][INFO] - fit progress: (20, 0.2891873301029205, {'test_accuracy': 0.1}, 546.548136500176)
[2024-03-22 10:28:29,671][flwr][INFO] - Sampled the following clients: ['54', '72', '45', '62', '50', '19', '92', '75', '32', '95', '20', '93', '11', '15', '98', '24', '13', '9', '4', '87']
[2024-03-22 10:28:29,671][flwr][DEBUG] - evaluate_round 20: strategy sampled 20 clients (out of 100)
[2024-03-22 10:28:32,642][flwr][DEBUG] - evaluate_round 20 received 20 results and 0 failures
[2024-03-22 10:28:32,700][flwr][INFO] - Sampled the following clients: ['89', '9', '33', '36', '47', '52', '19', '96', '10', '16', '51', '37', '26', '2', '20', '98', '79', '63', '40', '31']
[2024-03-22 10:28:32,700][flwr][DEBUG] - fit_round 21: strategy sampled 20 clients (out of 100)
[2024-03-22 10:28:49,637][flwr][DEBUG] - fit_round 21 received 20 results and 0 failures
[2024-03-22 10:28:56,703][flwr][INFO] - fit progress: (21, 0.28858676912784575, {'test_accuracy': 0.1}, 573.5810889161658)
[2024-03-22 10:28:56,704][flwr][INFO] - Sampled the following clients: ['23', '55', '78', '82', '84', '32', '22', '15', '50', '93', '89', '69', '43', '34', '98', '37', '60', '67', '79', '40']
[2024-03-22 10:28:56,704][flwr][DEBUG] - evaluate_round 21: strategy sampled 20 clients (out of 100)
[2024-03-22 10:28:59,525][flwr][DEBUG] - evaluate_round 21 received 20 results and 0 failures
[2024-03-22 10:28:59,583][flwr][INFO] - Sampled the following clients: ['8', '82', '48', '27', '33', '75', '7', '16', '67', '53', '14', '12', '4', '22', '61', '84', '42', '59', '17', '56']
[2024-03-22 10:28:59,583][flwr][DEBUG] - fit_round 22: strategy sampled 20 clients (out of 100)
[2024-03-22 10:29:16,946][flwr][DEBUG] - fit_round 22 received 20 results and 0 failures
[2024-03-22 10:29:24,027][flwr][INFO] - fit progress: (22, 0.28887376215457916, {'test_accuracy': 0.1}, 600.90433704108)
[2024-03-22 10:29:24,027][flwr][INFO] - Sampled the following clients: ['15', '65', '3', '0', '82', '88', '35', '78', '71', '25', '12', '8', '10', '14', '24', '45', '21', '72', '80', '93']
[2024-03-22 10:29:24,027][flwr][DEBUG] - evaluate_round 22: strategy sampled 20 clients (out of 100)
[2024-03-22 10:29:26,926][flwr][DEBUG] - evaluate_round 22 received 20 results and 0 failures
[2024-03-22 10:29:26,970][flwr][INFO] - Sampled the following clients: ['72', '74', '69', '17', '64', '22', '25', '21', '62', '48', '36', '0', '56', '93', '39', '71', '15', '13', '40', '49']
[2024-03-22 10:29:26,970][flwr][DEBUG] - fit_round 23: strategy sampled 20 clients (out of 100)
[2024-03-22 10:29:44,000][flwr][DEBUG] - fit_round 23 received 20 results and 0 failures
[2024-03-22 10:29:50,892][flwr][INFO] - fit progress: (23, 0.2884340406656265, {'test_accuracy': 0.1}, 627.7704018750228)
[2024-03-22 10:29:50,893][flwr][INFO] - Sampled the following clients: ['74', '51', '53', '22', '48', '35', '12', '38', '10', '85', '18', '73', '65', '19', '71', '89', '72', '44', '70', '80']
[2024-03-22 10:29:50,893][flwr][DEBUG] - evaluate_round 23: strategy sampled 20 clients (out of 100)
[2024-03-22 10:29:53,761][flwr][DEBUG] - evaluate_round 23 received 20 results and 0 failures
[2024-03-22 10:29:53,819][flwr][INFO] - Sampled the following clients: ['80', '68', '69', '42', '85', '22', '21', '86', '50', '41', '62', '96', '67', '4', '77', '39', '87', '34', '35', '98']
[2024-03-22 10:29:53,819][flwr][DEBUG] - fit_round 24: strategy sampled 20 clients (out of 100)
[2024-03-22 10:30:11,095][flwr][DEBUG] - fit_round 24 received 20 results and 0 failures
[2024-03-22 10:30:18,099][flwr][INFO] - fit progress: (24, 0.2904320124149323, {'test_accuracy': 0.1}, 654.9770995001309)
[2024-03-22 10:30:18,099][flwr][INFO] - Sampled the following clients: ['71', '53', '49', '52', '73', '64', '56', '93', '46', '69', '19', '77', '51', '28', '23', '36', '81', '84', '50', '22']
[2024-03-22 10:30:18,099][flwr][DEBUG] - evaluate_round 24: strategy sampled 20 clients (out of 100)
[2024-03-22 10:30:20,839][flwr][DEBUG] - evaluate_round 24 received 20 results and 0 failures
[2024-03-22 10:30:20,884][flwr][INFO] - Sampled the following clients: ['4', '13', '90', '89', '72', '65', '19', '34', '54', '67', '93', '46', '23', '44', '66', '56', '2', '57', '20', '48']
[2024-03-22 10:30:20,884][flwr][DEBUG] - fit_round 25: strategy sampled 20 clients (out of 100)
[2024-03-22 10:30:37,541][flwr][DEBUG] - fit_round 25 received 20 results and 0 failures
[2024-03-22 10:30:44,421][flwr][INFO] - fit progress: (25, 0.2893705423593521, {'test_accuracy': 0.1}, 681.298831375083)
[2024-03-22 10:30:44,421][flwr][INFO] - Sampled the following clients: ['95', '92', '16', '83', '8', '81', '88', '20', '22', '33', '68', '1', '82', '10', '62', '23', '25', '89', '93', '97']
[2024-03-22 10:30:44,421][flwr][DEBUG] - evaluate_round 25: strategy sampled 20 clients (out of 100)
[2024-03-22 10:30:47,382][flwr][DEBUG] - evaluate_round 25 received 20 results and 0 failures
[2024-03-22 10:30:47,427][flwr][INFO] - FL finished in 684.3055378750432
[2024-03-22 10:30:47,443][flwr][INFO] - app_fit: losses_distributed [(1, 0.3030756610270517), (2, 0.30915055973483735), (3, 0.3085547940384957), (4, 0.304923880051394), (5, 0.3069997680272115), (6, 0.30817454780469955), (7, 0.3052855811444631), (8, 0.30836890284673124), (9, 0.3069132763110936), (10, 0.30699333792827166), (11, 0.30715592524184715), (12, 0.30937184859731753), (13, 0.3041737074658476), (14, 0.3121138609596765), (15, 0.3037663752657508), (16, 0.30506637398290964), (17, 0.3034777919615596), (18, 0.3031743567429221), (19, 0.30528809932562023), (20, 0.3029500203254895), (21, 0.3066026208388746), (22, 0.30661788978733806), (23, 0.31016909054347447), (24, 0.30795815110206604), (25, 0.3060123966664684)]
[2024-03-22 10:30:47,443][flwr][INFO] - app_fit: metrics_distributed_fit {'train_loss': [(1, 0.508489508139291), (2, 0.5101187648408393), (3, 0.5079024562115848), (4, 0.5267035493935553), (5, 0.5068964269975721), (6, 0.49952919547624064), (7, 0.5087315198342167), (8, 0.500744400534104), (9, 0.5117826278186601), (10, 0.4869471705448333), (11, 0.5036935353503171), (12, 0.4988566109674887), (13, 0.508897358855035), (14, 0.5030188479732857), (15, 0.49507138775651344), (16, 0.5159590274384004), (17, 0.5108455105076379), (18, 0.5091247954826499), (19, 0.5045628659882087), (20, 0.4979743785862439), (21, 0.5172578090836127), (22, 0.502734318903077), (23, 0.5009963288073999), (24, 0.48974879633255874), (25, 0.5054705493536819)], 'train_accuracy': [(1, 0.2642106452706521), (2, 0.2912770872291277), (3, 0.27704604300348984), (4, 0.2392904953145917), (5, 0.273167510455646), (6, 0.30280040165123284), (7, 0.2752096079764333), (8, 0.28094653421140753), (9, 0.25433460932222474), (10, 0.3094028671407608), (11, 0.2888360507246377), (12, 0.2916064480266815), (13, 0.2542166000887705), (14, 0.27703000882612533), (15, 0.2996699669966997), (16, 0.28389172398491236), (17, 0.27696133845806015), (18, 0.2759670689071839), (19, 0.3011080958842153), (20, 0.2987756935864315), (21, 0.27144140098787606), (22, 0.28654383026242325), (23, 0.2697020798201237), (24, 0.28828928452947034), (25, 0.268455615942029)]}
[2024-03-22 10:30:47,443][flwr][INFO] - app_fit: metrics_distributed {'test_accuracy': [(1, 0.10483042137718397), (2, 0.08952187182095625), (3, 0.11088709677419355), (4, 0.09631147540983606), (5, 0.09867751780264497), (6, 0.06307222787385554), (7, 0.08734939759036145), (8, 0.14750762970498474), (9, 0.12525458248472504), (10, 0.125), (11, 0.07637474541751528), (12, 0.07951070336391437), (13, 0.05723204994797086), (14, 0.11608961303462322), (15, 0.11370558375634518), (16, 0.09172482552342971), (17, 0.07128099173553719), (18, 0.10766045548654245), (19, 0.06680161943319839), (20, 0.11282051282051282), (21, 0.09447236180904522), (22, 0.08959835221421215), (23, 0.11734693877551021), (24, 0.147), (25, 0.09795918367346938)]}
[2024-03-22 10:30:47,443][flwr][INFO] - app_fit: losses_centralized [(0, 0.28787203698158265), (1, 0.2878825958490372), (2, 0.28802573924064634), (3, 0.28799520990848543), (4, 0.28804489998817445), (5, 0.2881787508249283), (6, 0.2883817578077316), (7, 0.2886643393754959), (8, 0.2884547585964203), (9, 0.2887273405313492), (10, 0.28884679741859437), (11, 0.2889749296426773), (12, 0.2890059980392456), (13, 0.28855144064426425), (14, 0.2892725376844406), (15, 0.28874734833240506), (16, 0.2884189752340317), (17, 0.2888536902666092), (18, 0.2880694674015045), (19, 0.2890739224910736), (20, 0.2891873301029205), (21, 0.28858676912784575), (22, 0.28887376215457916), (23, 0.2884340406656265), (24, 0.2904320124149323), (25, 0.2893705423593521)]
[2024-03-22 10:30:47,443][flwr][INFO] - app_fit: metrics_centralized {'test_accuracy': [(0, 0.1), (1, 0.0954), (2, 0.1), (3, 0.1), (4, 0.1), (5, 0.1), (6, 0.1), (7, 0.1), (8, 0.1), (9, 0.1), (10, 0.1), (11, 0.1), (12, 0.1), (13, 0.1), (14, 0.1), (15, 0.1), (16, 0.1), (17, 0.1), (18, 0.1), (19, 0.1), (20, 0.1), (21, 0.1), (22, 0.1), (23, 0.1), (24, 0.1), (25, 0.1)]}
[2024-03-22 10:30:49,240][flwr][INFO] - Cleaned up ray temp session: /tmp/ray/session_2024-03-22_10-19-12_279062_59755 with size: 906016735232
[2024-03-22 10:30:49,241][flwr][INFO] - Saving ['yaml', 'log', 'wandb']
