[2024-03-22 10:49:15,576][flwr][INFO] - working_dir: null
to_save_once:
- yaml
- log
- wandb
to_save_per_round:
- parameters
- rng
- history
save_frequency: 1
to_restore: []
to_clean_once:
- history
- parameters
- yaml
- log
- rng
- history
use_wandb: false
debug_clients:
  all: false
  one: true
wandb_resume: false
wandb_id: null
wandb:
  setup:
    project: template
    tags:
    - strategy_${strategy.name}
    - seed_${fed.seed}
    entity: null
    mode: online
ray_address: null
ray_redis_password: null
ray_node_ip_address: null
file_limit: 250
task:
  model_and_data: CIFAR10_CNN
  train_structure: CIFAR10
  fit_config:
    net_config: {}
    dataloader_config:
      batch_size: 4
    run_config:
      epochs: 1
      learning_rate: 0.01
      optimizer: diag_exact
    extra: {}
  eval_config:
    net_config: {}
    dataloader_config:
      batch_size: 8
    run_config: {}
    extra: {}
  fed_test_config:
    net_config: {}
    dataloader_config:
      batch_size: 8
    run_config: {}
    extra: {}
  net_config_initial_parameters: {}
  fit_metrics:
  - train_loss
  - train_accuracy
  evaluate_metrics:
  - test_accuracy
fed:
  num_rounds: 25
  num_total_clients: 100
  num_clients_per_round: 20
  num_evaluate_clients_per_round: 20
  enable_resampling: false
  cpus_per_client: 2
  gpus_per_client: 0
  seed: 1337
  load_saved_state: true
  server_round: null
  parameters_folder: null
  rng_folder: null
  history_folder: null
strategy:
  name: FedAvg
  init:
    _target_: flwr.server.strategy.FedAvg
dataset:
  dataset_dir: ./data/cifar10/data
  partition_dir: ./data/cifar10/partition
  num_clients: 100
  val_ratio: 0.1
  seed: 1337
  iid: false
  power_law: false
  balance: false
  lda: true
  alpha: 1.0

[2024-03-22 10:49:15,596][flwr][INFO] - Wandb run initialized with False
[2024-03-22 10:49:15,596][flwr][INFO] - Pre-cleaning ['history', 'parameters', 'yaml', 'log', 'rng', 'history']
[2024-03-22 10:49:15,597][flwr][INFO] - Loading parameters failed from: /Users/grantwilkins/fl-final-proj/outputs/2024-03-22/10-49-15/results/state/parameters/parameters_0.bin
[2024-03-22 10:49:15,597][flwr][INFO] - Generating initial parameters with config: {}
[2024-03-22 10:49:15,597][flwr][INFO] - Generating initial parameters with config: {}
[2024-03-22 10:49:15,628][flwr][INFO] - Using RNG seed: 1337
[2024-03-22 10:49:40,521][flwr][INFO] - Fit debug fit: [427, {'train_loss': 0.5024243950564632, 'train_accuracy': 0.42857142857142855}]  and eval: (0.29402342248470226, 47, {'test_accuracy': 0.02127659574468085})
[2024-03-22 10:49:40,522][flwr][INFO] - Starting Flower simulation, config: ServerConfig(num_rounds=25, round_timeout=None)
[2024-03-22 10:49:43,183][flwr][INFO] - Flower VCE: Ray initialized with resources: {'memory': 22285297255.0, 'node:__internal_head__': 1.0, 'CPU': 10.0, 'node:127.0.0.1': 1.0, 'object_store_memory': 2147483648.0}
[2024-03-22 10:49:43,183][flwr][INFO] - Optimize your simulation with Flower VCE: https://flower.dev/docs/framework/how-to-run-simulations.html
[2024-03-22 10:49:43,184][flwr][INFO] - Flower VCE: Resources for each Virtual Client: {'num_cpus': 2, 'num_gpus': 0.0}
[2024-03-22 10:49:43,191][flwr][INFO] - Flower VCE: Creating VirtualClientEngineActorPool with 5 actors
[2024-03-22 10:49:43,191][flwr][INFO] - Initializing global parameters
[2024-03-22 10:49:43,191][flwr][INFO] - Using initial parameters provided by strategy
[2024-03-22 10:49:43,191][flwr][INFO] - Evaluating initial parameters
[2024-03-22 10:49:49,814][flwr][INFO] - initial parameters (loss, other metrics): 0.2878822345495224, {'test_accuracy': 0.1}
[2024-03-22 10:49:49,852][flwr][INFO] - FL starting
[2024-03-22 10:49:49,852][flwr][INFO] - Sampled the following clients: ['18', '62', '29', '0', '45', '56', '26', '93', '96', '76', '83', '92', '99', '54', '43', '3', '84', '27', '37', '59']
[2024-03-22 10:49:49,852][flwr][DEBUG] - fit_round 1: strategy sampled 20 clients (out of 100)
[2024-03-22 10:53:47,517][flwr][DEBUG] - fit_round 1 received 20 results and 0 failures
[2024-03-22 10:53:54,408][flwr][INFO] - fit progress: (1, 0.28842536635398863, {'test_accuracy': 0.1}, 244.54443266708404)
[2024-03-22 10:53:54,408][flwr][INFO] - Sampled the following clients: ['41', '72', '1', '61', '47', '80', '99', '97', '54', '10', '58', '93', '89', '30', '23', '14', '31', '68', '96', '66']
[2024-03-22 10:53:54,408][flwr][DEBUG] - evaluate_round 1: strategy sampled 20 clients (out of 100)
[2024-03-22 10:53:57,158][flwr][DEBUG] - evaluate_round 1 received 20 results and 0 failures
[2024-03-22 10:53:57,209][flwr][INFO] - Sampled the following clients: ['0', '59', '24', '71', '20', '33', '69', '36', '73', '9', '61', '14', '37', '84', '42', '27', '79', '31', '46', '53']
[2024-03-22 10:53:57,209][flwr][DEBUG] - fit_round 2: strategy sampled 20 clients (out of 100)
[2024-03-22 10:57:59,947][flwr][DEBUG] - fit_round 2 received 20 results and 0 failures
[2024-03-22 10:58:06,602][flwr][INFO] - fit progress: (2, 0.2887431864976883, {'test_accuracy': 0.1}, 496.73878479213454)
[2024-03-22 10:58:06,602][flwr][INFO] - Sampled the following clients: ['18', '80', '54', '3', '75', '57', '0', '27', '22', '23', '99', '78', '37', '2', '51', '55', '58', '4', '44', '74']
[2024-03-22 10:58:06,602][flwr][DEBUG] - evaluate_round 2: strategy sampled 20 clients (out of 100)
[2024-03-22 10:58:09,454][flwr][DEBUG] - evaluate_round 2 received 20 results and 0 failures
[2024-03-22 10:58:09,537][flwr][INFO] - Sampled the following clients: ['40', '96', '0', '76', '54', '73', '31', '66', '72', '32', '74', '12', '75', '55', '15', '83', '56', '19', '9', '90']
[2024-03-22 10:58:09,537][flwr][DEBUG] - fit_round 3: strategy sampled 20 clients (out of 100)
[2024-03-22 11:02:06,789][flwr][DEBUG] - fit_round 3 received 20 results and 0 failures
[2024-03-22 11:02:13,679][flwr][INFO] - fit progress: (3, 0.28821568093299865, {'test_accuracy': 0.1}, 743.815891959006)
[2024-03-22 11:02:13,679][flwr][INFO] - Sampled the following clients: ['21', '94', '43', '95', '75', '77', '53', '41', '11', '67', '28', '84', '7', '57', '4', '91', '6', '76', '2', '25']
[2024-03-22 11:02:13,679][flwr][DEBUG] - evaluate_round 3: strategy sampled 20 clients (out of 100)
[2024-03-22 11:02:16,355][flwr][DEBUG] - evaluate_round 3 received 20 results and 0 failures
[2024-03-22 11:02:16,424][flwr][INFO] - Sampled the following clients: ['96', '98', '53', '49', '10', '18', '42', '63', '37', '88', '94', '81', '31', '56', '74', '50', '86', '25', '15', '28']
[2024-03-22 11:02:16,424][flwr][DEBUG] - fit_round 4: strategy sampled 20 clients (out of 100)
[2024-03-22 11:06:14,195][flwr][DEBUG] - fit_round 4 received 20 results and 0 failures
[2024-03-22 11:06:21,194][flwr][INFO] - fit progress: (4, 0.28876543929576876, {'test_accuracy': 0.1}, 991.3305697089527)
[2024-03-22 11:06:21,194][flwr][INFO] - Sampled the following clients: ['36', '62', '92', '38', '75', '54', '45', '8', '26', '7', '91', '63', '43', '52', '66', '10', '83', '60', '55', '21']
[2024-03-22 11:06:21,194][flwr][DEBUG] - evaluate_round 4: strategy sampled 20 clients (out of 100)
[2024-03-22 11:06:23,995][flwr][DEBUG] - evaluate_round 4 received 20 results and 0 failures
[2024-03-22 11:06:24,067][flwr][INFO] - Sampled the following clients: ['3', '38', '10', '6', '91', '66', '41', '36', '94', '40', '8', '35', '69', '79', '27', '64', '65', '70', '59', '20']
[2024-03-22 11:06:24,067][flwr][DEBUG] - fit_round 5: strategy sampled 20 clients (out of 100)
[2024-03-22 11:10:26,207][flwr][DEBUG] - fit_round 5 received 20 results and 0 failures
[2024-03-22 11:10:33,125][flwr][INFO] - fit progress: (5, 0.2889380714416504, {'test_accuracy': 0.1}, 1243.2619767920114)
[2024-03-22 11:10:33,126][flwr][INFO] - Sampled the following clients: ['18', '81', '51', '75', '11', '66', '76', '39', '10', '89', '96', '57', '79', '50', '40', '90', '45', '46', '31', '61']
[2024-03-22 11:10:33,126][flwr][DEBUG] - evaluate_round 5: strategy sampled 20 clients (out of 100)
[2024-03-22 11:10:35,954][flwr][DEBUG] - evaluate_round 5 received 20 results and 0 failures
[2024-03-22 11:10:36,031][flwr][INFO] - Sampled the following clients: ['53', '40', '33', '94', '26', '41', '52', '3', '31', '69', '76', '81', '27', '71', '18', '91', '2', '44', '11', '84']
[2024-03-22 11:10:36,031][flwr][DEBUG] - fit_round 6: strategy sampled 20 clients (out of 100)
[2024-03-22 11:14:36,359][flwr][DEBUG] - fit_round 6 received 20 results and 0 failures
[2024-03-22 11:14:43,051][flwr][INFO] - fit progress: (6, 0.2873302423477173, {'test_accuracy': 0.1}, 1493.1873974171467)
[2024-03-22 11:14:43,051][flwr][INFO] - Sampled the following clients: ['40', '30', '61', '48', '49', '90', '2', '85', '27', '65', '80', '12', '74', '47', '39', '69', '63', '86', '87', '66']
[2024-03-22 11:14:43,051][flwr][DEBUG] - evaluate_round 6: strategy sampled 20 clients (out of 100)
[2024-03-22 11:14:45,925][flwr][DEBUG] - evaluate_round 6 received 20 results and 0 failures
[2024-03-22 11:14:45,998][flwr][INFO] - Sampled the following clients: ['63', '74', '14', '11', '58', '76', '92', '62', '73', '22', '65', '91', '47', '71', '56', '10', '40', '17', '33', '34']
[2024-03-22 11:14:45,998][flwr][DEBUG] - fit_round 7: strategy sampled 20 clients (out of 100)
[2024-03-22 11:18:42,528][flwr][DEBUG] - fit_round 7 received 20 results and 0 failures
[2024-03-22 11:18:49,217][flwr][INFO] - fit progress: (7, 0.27606002774238586, {'test_accuracy': 0.1693}, 1739.3530384169426)
[2024-03-22 11:18:49,217][flwr][INFO] - Sampled the following clients: ['9', '28', '80', '42', '19', '82', '17', '84', '43', '69', '56', '15', '63', '81', '6', '64', '10', '68', '89', '12']
[2024-03-22 11:18:49,218][flwr][DEBUG] - evaluate_round 7: strategy sampled 20 clients (out of 100)
[2024-03-22 11:18:52,222][flwr][DEBUG] - evaluate_round 7 received 20 results and 0 failures
[2024-03-22 11:18:52,273][flwr][INFO] - Sampled the following clients: ['26', '65', '22', '82', '73', '93', '50', '48', '76', '3', '11', '51', '79', '90', '96', '2', '86', '25', '19', '13']
[2024-03-22 11:18:52,273][flwr][DEBUG] - fit_round 8: strategy sampled 20 clients (out of 100)
[2024-03-22 11:22:50,931][flwr][DEBUG] - fit_round 8 received 20 results and 0 failures
[2024-03-22 11:22:57,773][flwr][INFO] - fit progress: (8, 0.27048327058553695, {'test_accuracy': 0.2018}, 1987.9098925001454)
[2024-03-22 11:22:57,774][flwr][INFO] - Sampled the following clients: ['53', '17', '91', '18', '86', '0', '30', '80', '22', '81', '76', '61', '52', '55', '96', '68', '54', '28', '92', '64']
[2024-03-22 11:22:57,774][flwr][DEBUG] - evaluate_round 8: strategy sampled 20 clients (out of 100)
[2024-03-22 11:23:00,609][flwr][DEBUG] - evaluate_round 8 received 20 results and 0 failures
[2024-03-22 11:23:00,655][flwr][INFO] - Sampled the following clients: ['9', '90', '34', '35', '37', '31', '17', '5', '26', '19', '83', '11', '18', '8', '77', '84', '29', '3', '56', '72']
[2024-03-22 11:23:00,655][flwr][DEBUG] - fit_round 9: strategy sampled 20 clients (out of 100)
[2024-03-22 11:27:00,755][flwr][DEBUG] - fit_round 9 received 20 results and 0 failures
[2024-03-22 11:27:07,850][flwr][INFO] - fit progress: (9, 0.2601604486465454, {'test_accuracy': 0.2333}, 2237.962136459071)
[2024-03-22 11:27:07,850][flwr][INFO] - Sampled the following clients: ['99', '24', '66', '35', '3', '1', '50', '67', '13', '97', '76', '4', '75', '53', '87', '61', '98', '31', '45', '44']
[2024-03-22 11:27:07,850][flwr][DEBUG] - evaluate_round 9: strategy sampled 20 clients (out of 100)
[2024-03-22 11:27:11,372][flwr][DEBUG] - evaluate_round 9 received 20 results and 0 failures
[2024-03-22 11:27:11,432][flwr][INFO] - Sampled the following clients: ['96', '46', '99', '31', '33', '10', '4', '5', '69', '20', '60', '52', '95', '15', '47', '66', '61', '90', '85', '12']
[2024-03-22 11:27:11,432][flwr][DEBUG] - fit_round 10: strategy sampled 20 clients (out of 100)
[2024-03-22 11:31:08,195][flwr][DEBUG] - fit_round 10 received 20 results and 0 failures
[2024-03-22 11:31:15,284][flwr][INFO] - fit progress: (10, 0.2631256636619568, {'test_accuracy': 0.1793}, 2485.394090624992)
[2024-03-22 11:31:15,284][flwr][INFO] - Sampled the following clients: ['26', '40', '28', '34', '68', '46', '42', '73', '93', '84', '61', '72', '10', '78', '94', '33', '4', '11', '70', '24']
[2024-03-22 11:31:15,284][flwr][DEBUG] - evaluate_round 10: strategy sampled 20 clients (out of 100)
[2024-03-22 11:31:18,811][flwr][DEBUG] - evaluate_round 10 received 20 results and 0 failures
[2024-03-22 11:31:18,843][flwr][INFO] - Sampled the following clients: ['80', '18', '11', '61', '25', '0', '85', '30', '19', '14', '53', '90', '43', '29', '33', '36', '81', '99', '58', '5']
[2024-03-22 11:31:18,844][flwr][DEBUG] - fit_round 11: strategy sampled 20 clients (out of 100)
[2024-03-22 11:35:15,273][flwr][DEBUG] - fit_round 11 received 20 results and 0 failures
[2024-03-22 11:35:22,333][flwr][INFO] - fit progress: (11, 0.25033387854099276, {'test_accuracy': 0.2339}, 2732.4405625420623)
[2024-03-22 11:35:22,333][flwr][INFO] - Sampled the following clients: ['14', '79', '10', '1', '85', '92', '80', '48', '61', '50', '25', '45', '43', '7', '15', '33', '98', '75', '97', '47']
[2024-03-22 11:35:22,333][flwr][DEBUG] - evaluate_round 11: strategy sampled 20 clients (out of 100)
[2024-03-22 11:35:25,521][flwr][DEBUG] - evaluate_round 11 received 20 results and 0 failures
[2024-03-22 11:35:25,571][flwr][INFO] - Sampled the following clients: ['41', '75', '57', '14', '91', '99', '52', '16', '44', '24', '95', '23', '80', '27', '92', '35', '55', '94', '31', '69']
[2024-03-22 11:35:25,571][flwr][DEBUG] - fit_round 12: strategy sampled 20 clients (out of 100)
[2024-03-22 11:39:24,029][flwr][DEBUG] - fit_round 12 received 20 results and 0 failures
[2024-03-22 11:39:31,151][flwr][INFO] - fit progress: (12, 0.2457787987947464, {'test_accuracy': 0.259}, 2981.256110999966)
[2024-03-22 11:39:31,151][flwr][INFO] - Sampled the following clients: ['27', '32', '70', '96', '74', '37', '52', '39', '82', '23', '66', '7', '38', '24', '26', '79', '36', '51', '8', '58']
[2024-03-22 11:39:31,151][flwr][DEBUG] - evaluate_round 12: strategy sampled 20 clients (out of 100)
[2024-03-22 11:39:34,480][flwr][DEBUG] - evaluate_round 12 received 20 results and 0 failures
[2024-03-22 11:39:34,533][flwr][INFO] - Sampled the following clients: ['31', '22', '18', '50', '54', '26', '58', '3', '27', '2', '91', '63', '68', '87', '4', '33', '6', '42', '34', '45']
[2024-03-22 11:39:34,533][flwr][DEBUG] - fit_round 13: strategy sampled 20 clients (out of 100)
[2024-03-22 11:43:39,240][flwr][DEBUG] - fit_round 13 received 20 results and 0 failures
[2024-03-22 11:43:46,382][flwr][INFO] - fit progress: (13, 0.24302979416847229, {'test_accuracy': 0.2644}, 3236.48466537497)
[2024-03-22 11:43:46,382][flwr][INFO] - Sampled the following clients: ['21', '33', '98', '74', '92', '2', '14', '9', '67', '87', '89', '76', '32', '40', '52', '71', '75', '6', '11', '86']
[2024-03-22 11:43:46,382][flwr][DEBUG] - evaluate_round 13: strategy sampled 20 clients (out of 100)
[2024-03-22 11:43:49,765][flwr][DEBUG] - evaluate_round 13 received 20 results and 0 failures
[2024-03-22 11:43:49,827][flwr][INFO] - Sampled the following clients: ['45', '67', '28', '80', '9', '73', '94', '92', '11', '59', '61', '78', '18', '41', '64', '4', '1', '55', '57', '85']
[2024-03-22 11:43:49,827][flwr][DEBUG] - fit_round 14: strategy sampled 20 clients (out of 100)
[2024-03-22 11:47:57,929][flwr][DEBUG] - fit_round 14 received 20 results and 0 failures
[2024-03-22 11:48:05,024][flwr][INFO] - fit progress: (14, 0.2420407257437706, {'test_accuracy': 0.2506}, 3495.1245056251064)
[2024-03-22 11:48:05,024][flwr][INFO] - Sampled the following clients: ['66', '63', '38', '1', '49', '64', '88', '36', '51', '50', '18', '73', '56', '35', '99', '11', '44', '26', '4', '53']
[2024-03-22 11:48:05,024][flwr][DEBUG] - evaluate_round 14: strategy sampled 20 clients (out of 100)
[2024-03-22 11:48:08,253][flwr][DEBUG] - evaluate_round 14 received 20 results and 0 failures
[2024-03-22 11:48:08,318][flwr][INFO] - Sampled the following clients: ['81', '77', '91', '7', '30', '98', '69', '55', '1', '17', '73', '59', '9', '97', '2', '65', '38', '24', '6', '64']
[2024-03-22 11:48:08,318][flwr][DEBUG] - fit_round 15: strategy sampled 20 clients (out of 100)
[2024-03-22 11:52:14,097][flwr][DEBUG] - fit_round 15 received 20 results and 0 failures
[2024-03-22 11:52:21,224][flwr][INFO] - fit progress: (15, 0.23449781363010405, {'test_accuracy': 0.2942}, 3751.322470583953)
[2024-03-22 11:52:21,225][flwr][INFO] - Sampled the following clients: ['22', '29', '58', '6', '55', '69', '75', '72', '19', '17', '98', '76', '28', '67', '97', '25', '82', '31', '18', '52']
[2024-03-22 11:52:21,226][flwr][DEBUG] - evaluate_round 15: strategy sampled 20 clients (out of 100)
[2024-03-22 11:52:24,631][flwr][DEBUG] - evaluate_round 15 received 20 results and 0 failures
[2024-03-22 11:52:24,693][flwr][INFO] - Sampled the following clients: ['98', '8', '0', '77', '49', '40', '13', '33', '67', '34', '91', '54', '96', '82', '7', '60', '10', '97', '42', '83']
[2024-03-22 11:52:24,693][flwr][DEBUG] - fit_round 16: strategy sampled 20 clients (out of 100)
[2024-03-22 11:56:31,785][flwr][DEBUG] - fit_round 16 received 20 results and 0 failures
[2024-03-22 11:56:38,924][flwr][INFO] - fit progress: (16, 0.2309053994655609, {'test_accuracy': 0.3003}, 4009.0197325840127)
[2024-03-22 11:56:38,924][flwr][INFO] - Sampled the following clients: ['31', '79', '78', '41', '89', '22', '94', '72', '76', '68', '75', '34', '87', '13', '39', '96', '25', '64', '69', '40']
[2024-03-22 11:56:38,924][flwr][DEBUG] - evaluate_round 16: strategy sampled 20 clients (out of 100)
[2024-03-22 11:56:42,190][flwr][DEBUG] - evaluate_round 16 received 20 results and 0 failures
[2024-03-22 11:56:42,245][flwr][INFO] - Sampled the following clients: ['43', '99', '52', '16', '65', '90', '33', '86', '37', '13', '74', '11', '88', '14', '59', '97', '3', '22', '47', '1']
[2024-03-22 11:56:42,245][flwr][DEBUG] - fit_round 17: strategy sampled 20 clients (out of 100)
[2024-03-22 12:00:43,966][flwr][DEBUG] - fit_round 17 received 20 results and 0 failures
[2024-03-22 12:00:51,085][flwr][INFO] - fit progress: (17, 0.2290746092915535, {'test_accuracy': 0.3084}, 4261.178810250014)
[2024-03-22 12:00:51,086][flwr][INFO] - Sampled the following clients: ['4', '86', '47', '48', '13', '14', '62', '94', '7', '38', '53', '95', '59', '1', '8', '27', '19', '29', '78', '41']
[2024-03-22 12:00:51,086][flwr][DEBUG] - evaluate_round 17: strategy sampled 20 clients (out of 100)
[2024-03-22 12:00:54,412][flwr][DEBUG] - evaluate_round 17 received 20 results and 0 failures
[2024-03-22 12:00:54,480][flwr][INFO] - Sampled the following clients: ['15', '59', '14', '63', '45', '24', '18', '87', '51', '70', '81', '13', '6', '55', '74', '17', '50', '48', '96', '16']
[2024-03-22 12:00:54,481][flwr][DEBUG] - fit_round 18: strategy sampled 20 clients (out of 100)
[2024-03-22 12:05:01,072][flwr][DEBUG] - fit_round 18 received 20 results and 0 failures
[2024-03-22 12:05:08,223][flwr][INFO] - fit progress: (18, 0.2261487089395523, {'test_accuracy': 0.3297}, 4518.393773042131)
[2024-03-22 12:05:08,223][flwr][INFO] - Sampled the following clients: ['22', '64', '81', '52', '47', '10', '96', '98', '34', '44', '7', '57', '62', '31', '14', '54', '90', '43', '37', '1']
[2024-03-22 12:05:08,223][flwr][DEBUG] - evaluate_round 18: strategy sampled 20 clients (out of 100)
[2024-03-22 12:05:11,709][flwr][DEBUG] - evaluate_round 18 received 20 results and 0 failures
[2024-03-22 12:05:11,773][flwr][INFO] - Sampled the following clients: ['10', '22', '16', '91', '66', '86', '77', '36', '59', '78', '83', '72', '47', '12', '40', '29', '52', '58', '65', '51']
[2024-03-22 12:05:11,774][flwr][DEBUG] - fit_round 19: strategy sampled 20 clients (out of 100)
[2024-03-22 12:09:11,520][flwr][DEBUG] - fit_round 19 received 20 results and 0 failures
[2024-03-22 12:09:18,668][flwr][INFO] - fit progress: (19, 0.22442174475193025, {'test_accuracy': 0.3193}, 4768.84411391709)
[2024-03-22 12:09:18,669][flwr][INFO] - Sampled the following clients: ['80', '46', '34', '40', '81', '49', '66', '79', '62', '29', '51', '38', '90', '85', '59', '8', '17', '10', '27', '87']
[2024-03-22 12:09:18,669][flwr][DEBUG] - evaluate_round 19: strategy sampled 20 clients (out of 100)
[2024-03-22 12:09:21,840][flwr][DEBUG] - evaluate_round 19 received 20 results and 0 failures
[2024-03-22 12:09:21,909][flwr][INFO] - Sampled the following clients: ['3', '65', '59', '57', '35', '33', '26', '96', '69', '87', '5', '1', '76', '56', '24', '58', '47', '62', '49', '9']
[2024-03-22 12:09:21,909][flwr][DEBUG] - fit_round 20: strategy sampled 20 clients (out of 100)
[2024-03-22 12:13:22,158][flwr][DEBUG] - fit_round 20 received 20 results and 0 failures
[2024-03-22 12:13:29,494][flwr][INFO] - fit progress: (20, 0.22489005870819093, {'test_accuracy': 0.317}, 5019.675286750076)
[2024-03-22 12:13:29,495][flwr][INFO] - Sampled the following clients: ['54', '72', '45', '62', '50', '19', '92', '75', '32', '95', '20', '93', '11', '15', '98', '24', '13', '9', '4', '87']
[2024-03-22 12:13:29,495][flwr][DEBUG] - evaluate_round 20: strategy sampled 20 clients (out of 100)
[2024-03-22 12:13:33,095][flwr][DEBUG] - evaluate_round 20 received 20 results and 0 failures
[2024-03-22 12:13:33,163][flwr][INFO] - Sampled the following clients: ['89', '9', '33', '36', '47', '52', '19', '96', '10', '16', '51', '37', '26', '2', '20', '98', '79', '63', '40', '31']
[2024-03-22 12:13:33,163][flwr][DEBUG] - fit_round 21: strategy sampled 20 clients (out of 100)
[2024-03-22 12:17:36,087][flwr][DEBUG] - fit_round 21 received 20 results and 0 failures
[2024-03-22 12:17:43,181][flwr][INFO] - fit progress: (21, 0.2182737919688225, {'test_accuracy': 0.3437}, 5273.367446125019)
[2024-03-22 12:17:43,182][flwr][INFO] - Sampled the following clients: ['23', '55', '78', '82', '84', '32', '22', '15', '50', '93', '89', '69', '43', '34', '98', '37', '60', '67', '79', '40']
[2024-03-22 12:17:43,182][flwr][DEBUG] - evaluate_round 21: strategy sampled 20 clients (out of 100)
[2024-03-22 12:17:46,542][flwr][DEBUG] - evaluate_round 21 received 20 results and 0 failures
[2024-03-22 12:17:46,617][flwr][INFO] - Sampled the following clients: ['8', '82', '48', '27', '33', '75', '7', '16', '67', '53', '14', '12', '4', '22', '61', '84', '42', '59', '17', '56']
[2024-03-22 12:17:46,617][flwr][DEBUG] - fit_round 22: strategy sampled 20 clients (out of 100)
[2024-03-22 12:21:47,696][flwr][DEBUG] - fit_round 22 received 20 results and 0 failures
[2024-03-22 12:21:54,878][flwr][INFO] - fit progress: (22, 0.21528217958211898, {'test_accuracy': 0.356}, 5525.068567374954)
[2024-03-22 12:21:54,878][flwr][INFO] - Sampled the following clients: ['15', '65', '3', '0', '82', '88', '35', '78', '71', '25', '12', '8', '10', '14', '24', '45', '21', '72', '80', '93']
[2024-03-22 12:21:54,878][flwr][DEBUG] - evaluate_round 22: strategy sampled 20 clients (out of 100)
[2024-03-22 12:21:58,805][flwr][DEBUG] - evaluate_round 22 received 20 results and 0 failures
[2024-03-22 12:21:58,877][flwr][INFO] - Sampled the following clients: ['72', '74', '69', '17', '64', '22', '25', '21', '62', '48', '36', '0', '56', '93', '39', '71', '15', '13', '40', '49']
[2024-03-22 12:21:58,877][flwr][DEBUG] - fit_round 23: strategy sampled 20 clients (out of 100)
[2024-03-22 12:26:02,806][flwr][DEBUG] - fit_round 23 received 20 results and 0 failures
[2024-03-22 12:26:10,212][flwr][INFO] - fit progress: (23, 0.21218224211931228, {'test_accuracy': 0.3549}, 5780.407947459025)
[2024-03-22 12:26:10,212][flwr][INFO] - Sampled the following clients: ['74', '51', '53', '22', '48', '35', '12', '38', '10', '85', '18', '73', '65', '19', '71', '89', '72', '44', '70', '80']
[2024-03-22 12:26:10,212][flwr][DEBUG] - evaluate_round 23: strategy sampled 20 clients (out of 100)
[2024-03-22 12:26:13,858][flwr][DEBUG] - evaluate_round 23 received 20 results and 0 failures
[2024-03-22 12:26:13,961][flwr][INFO] - Sampled the following clients: ['80', '68', '69', '42', '85', '22', '21', '86', '50', '41', '62', '96', '67', '4', '77', '39', '87', '34', '35', '98']
[2024-03-22 12:26:13,961][flwr][DEBUG] - fit_round 24: strategy sampled 20 clients (out of 100)
[2024-03-22 12:30:20,566][flwr][DEBUG] - fit_round 24 received 20 results and 0 failures
[2024-03-22 12:30:27,886][flwr][INFO] - fit progress: (24, 0.21124711047410966, {'test_accuracy': 0.3632}, 6038.087295459118)
[2024-03-22 12:30:27,886][flwr][INFO] - Sampled the following clients: ['71', '53', '49', '52', '73', '64', '56', '93', '46', '69', '19', '77', '51', '28', '23', '36', '81', '84', '50', '22']
[2024-03-22 12:30:27,886][flwr][DEBUG] - evaluate_round 24: strategy sampled 20 clients (out of 100)
[2024-03-22 12:30:31,729][flwr][DEBUG] - evaluate_round 24 received 20 results and 0 failures
[2024-03-22 12:30:31,792][flwr][INFO] - Sampled the following clients: ['4', '13', '90', '89', '72', '65', '19', '34', '54', '67', '93', '46', '23', '44', '66', '56', '2', '57', '20', '48']
[2024-03-22 12:30:31,792][flwr][DEBUG] - fit_round 25: strategy sampled 20 clients (out of 100)
[2024-03-22 12:34:31,801][flwr][DEBUG] - fit_round 25 received 20 results and 0 failures
[2024-03-22 12:34:38,935][flwr][INFO] - fit progress: (25, 0.2070812687754631, {'test_accuracy': 0.3698}, 6289.141044875141)
[2024-03-22 12:34:38,935][flwr][INFO] - Sampled the following clients: ['95', '92', '16', '83', '8', '81', '88', '20', '22', '33', '68', '1', '82', '10', '62', '23', '25', '89', '93', '97']
[2024-03-22 12:34:38,935][flwr][DEBUG] - evaluate_round 25: strategy sampled 20 clients (out of 100)
[2024-03-22 12:34:42,548][flwr][DEBUG] - evaluate_round 25 received 20 results and 0 failures
[2024-03-22 12:34:42,589][flwr][INFO] - FL finished in 6292.795496959006
[2024-03-22 12:34:42,621][flwr][INFO] - app_fit: losses_distributed [(1, 0.3044898076268164), (2, 0.310183798430046), (3, 0.308074479141543), (4, 0.3058292829110974), (5, 0.3080857857561548), (6, 0.3077517378002799), (7, 0.292036745921675), (8, 0.2897585190203522), (9, 0.27897819421441883), (10, 0.27918044099065126), (11, 0.2666414934845903), (12, 0.2622233822440518), (13, 0.255111423417011), (14, 0.2629686841653952), (15, 0.24704416693769735), (16, 0.24504940661927638), (17, 0.2430834010366566), (18, 0.24163305389214745), (19, 0.23620452970145686), (20, 0.23293424643003025), (21, 0.23446192441873215), (22, 0.22669125352166095), (23, 0.23316329863606666), (24, 0.2278862875699997), (25, 0.21752329049061755)]
[2024-03-22 12:34:42,623][flwr][INFO] - app_fit: metrics_distributed_fit {'train_loss': [(1, 0.5288307156814992), (2, 0.514478465522323), (3, 0.5086019189524433), (4, 0.5196143242894992), (5, 0.49947739189321344), (6, 0.49435294965747795), (7, 0.494597165074825), (8, 0.4745827213649918), (9, 0.4795885514807685), (10, 0.45109214869020137), (11, 0.4512329507569371), (12, 0.4333293738482461), (13, 0.44425920707897454), (14, 0.4360585521153665), (15, 0.41482203722500105), (16, 0.4217062430201701), (17, 0.407668656969189), (18, 0.41233469516516164), (19, 0.40131193029596113), (20, 0.3969063378713994), (21, 0.41126662799875247), (22, 0.394778291356091), (23, 0.3941485485060956), (24, 0.3821878344344576), (25, 0.38636606960537156)], 'train_accuracy': [(1, 0.28376087693524693), (2, 0.28676713232867673), (3, 0.27243048519644264), (4, 0.24397590361445784), (5, 0.2780101254677526), (6, 0.3009037152739038), (7, 0.2995694538862452), (8, 0.32927782118540017), (9, 0.3214366133753659), (10, 0.38266169996613614), (11, 0.3764719202898551), (12, 0.4012229016120067), (13, 0.3657345761207279), (14, 0.38040600176522504), (15, 0.4136413641364136), (16, 0.40692256489904594), (17, 0.4213203707890572), (18, 0.41276643735197927), (19, 0.4399592944369064), (20, 0.43535886779737165), (21, 0.41109115401885943), (22, 0.4438860971524288), (23, 0.44912872400224846), (24, 0.46787570496516645), (25, 0.45686141304347827)]}
[2024-03-22 12:34:42,623][flwr][INFO] - app_fit: metrics_distributed {'test_accuracy': [(1, 0.0842754367934224), (2, 0.08952187182095625), (3, 0.11088709677419355), (4, 0.09631147540983606), (5, 0.07934893184130214), (6, 0.06307222787385554), (7, 0.14558232931726908), (8, 0.20651068158697863), (9, 0.25661914460285135), (10, 0.18442622950819673), (11, 0.219959266802444), (12, 0.2619775739041794), (13, 0.24141519250780438), (14, 0.2494908350305499), (15, 0.3147208121827411), (16, 0.3160518444666002), (17, 0.3109504132231405), (18, 0.30745341614906835), (19, 0.29959514170040485), (20, 0.3230769230769231), (21, 0.32060301507537686), (22, 0.3553038105046344), (23, 0.34183673469387754), (24, 0.359), (25, 0.3683673469387755)]}
[2024-03-22 12:34:42,623][flwr][INFO] - app_fit: losses_centralized [(0, 0.2878822345495224), (1, 0.28842536635398863), (2, 0.2887431864976883), (3, 0.28821568093299865), (4, 0.28876543929576876), (5, 0.2889380714416504), (6, 0.2873302423477173), (7, 0.27606002774238586), (8, 0.27048327058553695), (9, 0.2601604486465454), (10, 0.2631256636619568), (11, 0.25033387854099276), (12, 0.2457787987947464), (13, 0.24302979416847229), (14, 0.2420407257437706), (15, 0.23449781363010405), (16, 0.2309053994655609), (17, 0.2290746092915535), (18, 0.2261487089395523), (19, 0.22442174475193025), (20, 0.22489005870819093), (21, 0.2182737919688225), (22, 0.21528217958211898), (23, 0.21218224211931228), (24, 0.21124711047410966), (25, 0.2070812687754631)]
[2024-03-22 12:34:42,627][flwr][INFO] - app_fit: metrics_centralized {'test_accuracy': [(0, 0.1), (1, 0.1), (2, 0.1), (3, 0.1), (4, 0.1), (5, 0.1), (6, 0.1), (7, 0.1693), (8, 0.2018), (9, 0.2333), (10, 0.1793), (11, 0.2339), (12, 0.259), (13, 0.2644), (14, 0.2506), (15, 0.2942), (16, 0.3003), (17, 0.3084), (18, 0.3297), (19, 0.3193), (20, 0.317), (21, 0.3437), (22, 0.356), (23, 0.3549), (24, 0.3632), (25, 0.3698)]}
[2024-03-22 12:34:44,415][flwr][INFO] - Cleaned up ray temp session: /tmp/ray/session_2024-03-22_10-49-40_570502_60615 with size: 909138718720
[2024-03-22 12:34:44,416][flwr][INFO] - Saving ['yaml', 'log', 'wandb']
