[2024-03-16 18:14:05,080][flwr][INFO] - working_dir: null
to_save_once:
- yaml
- log
- wandb
to_save_per_round:
- parameters
- rng
- history
save_frequency: 1
to_restore: []
to_clean_once:
- history
- parameters
- yaml
- log
- rng
- history
use_wandb: false
debug_clients:
  all: false
  one: true
wandb_resume: false
wandb_id: null
wandb:
  setup:
    project: template
    tags:
    - strategy_${strategy.name}
    - seed_${fed.seed}
    entity: null
    mode: online
ray_address: null
ray_redis_password: null
ray_node_ip_address: null
file_limit: 250
task:
  model_and_data: CIFAR10_RESNET18
  train_structure: CIFAR10
  fit_config:
    net_config: {}
    dataloader_config:
      batch_size: 4
    run_config:
      epochs: 5
      learning_rate: 0.01
      optimizer: sgd
    extra: {}
  eval_config:
    net_config: {}
    dataloader_config:
      batch_size: 8
    run_config: {}
    extra: {}
  fed_test_config:
    net_config: {}
    dataloader_config:
      batch_size: 8
    run_config: {}
    extra: {}
  net_config_initial_parameters: {}
  fit_metrics:
  - train_loss
  - train_accuracy
  evaluate_metrics:
  - test_accuracy
fed:
  num_rounds: 50
  num_total_clients: 100
  num_clients_per_round: 20
  num_evaluate_clients_per_round: 20
  enable_resampling: false
  cpus_per_client: 2
  gpus_per_client: 0
  seed: 1337
  load_saved_state: true
  server_round: null
  parameters_folder: null
  rng_folder: null
  history_folder: null
strategy:
  name: FedAvg
  init:
    _target_: flwr.server.strategy.FedAvg
dataset:
  dataset_dir: ./data/cifar10/data
  partition_dir: ./data/cifar10/partition
  num_clients: 100
  val_ratio: 0.1
  seed: 1337
  iid: false
  power_law: false
  balance: false
  lda: true
  alpha: 100.0

[2024-03-16 18:14:05,100][flwr][INFO] - Wandb run initialized with False
[2024-03-16 18:14:05,101][flwr][INFO] - Pre-cleaning ['history', 'parameters', 'yaml', 'log', 'rng', 'history']
[2024-03-16 18:14:05,101][flwr][INFO] - Loading parameters failed from: /Users/grantwilkins/fl-final-proj/outputs/2024-03-16/18-14-05/results/state/parameters/parameters_0.bin
[2024-03-16 18:14:05,101][flwr][INFO] - Generating initial parameters with config: {}
[2024-03-16 18:14:05,101][flwr][INFO] - Generating initial parameters with config: {}
[2024-03-16 18:14:05,113][flwr][INFO] - Using RNG seed: 1337
[2024-03-16 18:14:25,039][flwr][INFO] - Fit debug fit: [446, {'train_loss': 0.5495580886511525, 'train_accuracy': 0.19955156950672645}]  and eval: (0.3295930502366047, 49, {'test_accuracy': 0.10204081632653061})
[2024-03-16 18:14:25,041][flwr][INFO] - Starting Flower simulation, config: ServerConfig(num_rounds=50, round_timeout=None)
[2024-03-16 18:14:27,588][flwr][INFO] - Flower VCE: Ray initialized with resources: {'memory': 20345144935.0, 'node:__internal_head__': 1.0, 'CPU': 10.0, 'object_store_memory': 2147483648.0, 'node:127.0.0.1': 1.0}
[2024-03-16 18:14:27,588][flwr][INFO] - Optimize your simulation with Flower VCE: https://flower.dev/docs/framework/how-to-run-simulations.html
[2024-03-16 18:14:27,588][flwr][INFO] - Flower VCE: Resources for each Virtual Client: {'num_cpus': 2, 'num_gpus': 0.0}
[2024-03-16 18:14:27,595][flwr][INFO] - Flower VCE: Creating VirtualClientEngineActorPool with 5 actors
[2024-03-16 18:14:27,596][flwr][INFO] - Initializing global parameters
[2024-03-16 18:14:27,596][flwr][INFO] - Using initial parameters provided by strategy
[2024-03-16 18:14:27,596][flwr][INFO] - Evaluating initial parameters
[2024-03-16 18:14:38,827][flwr][INFO] - initial parameters (loss, other metrics): 0.28781300945281985, {'test_accuracy': 0.1315}
[2024-03-16 18:14:38,894][flwr][INFO] - FL starting
[2024-03-16 18:14:38,894][flwr][INFO] - Sampled the following clients: ['18', '62', '29', '0', '45', '56', '26', '93', '96', '76', '83', '92', '99', '54', '43', '3', '84', '27', '37', '59']
[2024-03-16 18:14:38,894][flwr][DEBUG] - fit_round 1: strategy sampled 20 clients (out of 100)
[2024-03-16 18:16:33,534][flwr][DEBUG] - fit_round 1 received 20 results and 0 failures
[2024-03-16 18:16:45,337][flwr][INFO] - fit progress: (1, 0.27304075244665144, {'test_accuracy': 0.2123}, 126.44189195800573)
[2024-03-16 18:16:45,337][flwr][INFO] - Sampled the following clients: ['41', '72', '1', '61', '47', '80', '99', '97', '54', '10', '58', '93', '89', '30', '23', '14', '31', '68', '96', '66']
[2024-03-16 18:16:45,337][flwr][DEBUG] - evaluate_round 1: strategy sampled 20 clients (out of 100)
[2024-03-16 18:16:48,428][flwr][DEBUG] - evaluate_round 1 received 20 results and 0 failures
[2024-03-16 18:16:48,501][flwr][INFO] - Sampled the following clients: ['0', '59', '24', '71', '20', '33', '69', '36', '73', '9', '61', '14', '37', '84', '42', '27', '79', '31', '46', '53']
[2024-03-16 18:16:48,501][flwr][DEBUG] - fit_round 2: strategy sampled 20 clients (out of 100)
[2024-03-16 18:18:40,555][flwr][DEBUG] - fit_round 2 received 20 results and 0 failures
[2024-03-16 18:18:52,149][flwr][INFO] - fit progress: (2, 0.2481511826992035, {'test_accuracy': 0.2637}, 253.25455191591755)
[2024-03-16 18:18:52,149][flwr][INFO] - Sampled the following clients: ['18', '80', '54', '3', '75', '57', '0', '27', '22', '23', '99', '78', '37', '2', '51', '55', '58', '4', '44', '74']
[2024-03-16 18:18:52,149][flwr][DEBUG] - evaluate_round 2: strategy sampled 20 clients (out of 100)
[2024-03-16 18:18:55,161][flwr][DEBUG] - evaluate_round 2 received 20 results and 0 failures
[2024-03-16 18:18:55,237][flwr][INFO] - Sampled the following clients: ['40', '96', '0', '76', '54', '73', '31', '66', '72', '32', '74', '12', '75', '55', '15', '83', '56', '19', '9', '90']
[2024-03-16 18:18:55,237][flwr][DEBUG] - fit_round 3: strategy sampled 20 clients (out of 100)
[2024-03-16 18:20:47,894][flwr][DEBUG] - fit_round 3 received 20 results and 0 failures
[2024-03-16 18:20:59,549][flwr][INFO] - fit progress: (3, 0.22942688131332398, {'test_accuracy': 0.3055}, 380.68029270798434)
[2024-03-16 18:20:59,549][flwr][INFO] - Sampled the following clients: ['21', '94', '43', '95', '75', '77', '53', '41', '11', '67', '28', '84', '7', '57', '4', '91', '6', '76', '2', '25']
[2024-03-16 18:20:59,549][flwr][DEBUG] - evaluate_round 3: strategy sampled 20 clients (out of 100)
[2024-03-16 18:21:02,684][flwr][DEBUG] - evaluate_round 3 received 20 results and 0 failures
[2024-03-16 18:21:02,776][flwr][INFO] - Sampled the following clients: ['96', '98', '53', '49', '10', '18', '42', '63', '37', '88', '94', '81', '31', '56', '74', '50', '86', '25', '15', '28']
[2024-03-16 18:21:02,776][flwr][DEBUG] - fit_round 4: strategy sampled 20 clients (out of 100)
[2024-03-16 18:22:55,992][flwr][DEBUG] - fit_round 4 received 20 results and 0 failures
[2024-03-16 18:23:07,690][flwr][INFO] - fit progress: (4, 0.21378792210817338, {'test_accuracy': 0.3552}, 508.8214078749297)
[2024-03-16 18:23:07,690][flwr][INFO] - Sampled the following clients: ['36', '62', '92', '38', '75', '54', '45', '8', '26', '7', '91', '63', '43', '52', '66', '10', '83', '60', '55', '21']
[2024-03-16 18:23:07,690][flwr][DEBUG] - evaluate_round 4: strategy sampled 20 clients (out of 100)
[2024-03-16 18:23:10,759][flwr][DEBUG] - evaluate_round 4 received 20 results and 0 failures
[2024-03-16 18:23:10,845][flwr][INFO] - Sampled the following clients: ['3', '38', '10', '6', '91', '66', '41', '36', '94', '40', '8', '35', '69', '79', '27', '64', '65', '70', '59', '20']
[2024-03-16 18:23:10,845][flwr][DEBUG] - fit_round 5: strategy sampled 20 clients (out of 100)
[2024-03-16 18:25:04,437][flwr][DEBUG] - fit_round 5 received 20 results and 0 failures
[2024-03-16 18:25:16,163][flwr][INFO] - fit progress: (5, 0.2001644998550415, {'test_accuracy': 0.4106}, 637.2942572910106)
[2024-03-16 18:25:16,163][flwr][INFO] - Sampled the following clients: ['18', '81', '51', '75', '11', '66', '76', '39', '10', '89', '96', '57', '79', '50', '40', '90', '45', '46', '31', '61']
[2024-03-16 18:25:16,163][flwr][DEBUG] - evaluate_round 5: strategy sampled 20 clients (out of 100)
[2024-03-16 18:25:19,154][flwr][DEBUG] - evaluate_round 5 received 20 results and 0 failures
[2024-03-16 18:25:19,249][flwr][INFO] - Sampled the following clients: ['53', '40', '33', '94', '26', '41', '52', '3', '31', '69', '76', '81', '27', '71', '18', '91', '2', '44', '11', '84']
[2024-03-16 18:25:19,249][flwr][DEBUG] - fit_round 6: strategy sampled 20 clients (out of 100)
[2024-03-16 18:27:13,344][flwr][DEBUG] - fit_round 6 received 20 results and 0 failures
[2024-03-16 18:27:25,026][flwr][INFO] - fit progress: (6, 0.1911993193745613, {'test_accuracy': 0.4357}, 766.1581631659064)
[2024-03-16 18:27:25,026][flwr][INFO] - Sampled the following clients: ['40', '30', '61', '48', '49', '90', '2', '85', '27', '65', '80', '12', '74', '47', '39', '69', '63', '86', '87', '66']
[2024-03-16 18:27:25,026][flwr][DEBUG] - evaluate_round 6: strategy sampled 20 clients (out of 100)
[2024-03-16 18:27:28,048][flwr][DEBUG] - evaluate_round 6 received 20 results and 0 failures
[2024-03-16 18:27:28,145][flwr][INFO] - Sampled the following clients: ['63', '74', '14', '11', '58', '76', '92', '62', '73', '22', '65', '91', '47', '71', '56', '10', '40', '17', '33', '34']
[2024-03-16 18:27:28,145][flwr][DEBUG] - fit_round 7: strategy sampled 20 clients (out of 100)
[2024-03-16 18:29:20,741][flwr][DEBUG] - fit_round 7 received 20 results and 0 failures
[2024-03-16 18:29:32,211][flwr][INFO] - fit progress: (7, 0.18435484016537668, {'test_accuracy': 0.4612}, 893.3430597078986)
[2024-03-16 18:29:32,211][flwr][INFO] - Sampled the following clients: ['9', '28', '80', '42', '19', '82', '17', '84', '43', '69', '56', '15', '63', '81', '6', '64', '10', '68', '89', '12']
[2024-03-16 18:29:32,211][flwr][DEBUG] - evaluate_round 7: strategy sampled 20 clients (out of 100)
[2024-03-16 18:29:35,186][flwr][DEBUG] - evaluate_round 7 received 20 results and 0 failures
[2024-03-16 18:29:35,270][flwr][INFO] - Sampled the following clients: ['26', '65', '22', '82', '73', '93', '50', '48', '76', '3', '11', '51', '79', '90', '96', '2', '86', '25', '19', '13']
[2024-03-16 18:29:35,270][flwr][DEBUG] - fit_round 8: strategy sampled 20 clients (out of 100)
[2024-03-16 18:31:27,658][flwr][DEBUG] - fit_round 8 received 20 results and 0 failures
[2024-03-16 18:31:39,118][flwr][INFO] - fit progress: (8, 0.17980389082431794, {'test_accuracy': 0.4767}, 1020.2508872499457)
[2024-03-16 18:31:39,119][flwr][INFO] - Sampled the following clients: ['53', '17', '91', '18', '86', '0', '30', '80', '22', '81', '76', '61', '52', '55', '96', '68', '54', '28', '92', '64']
[2024-03-16 18:31:39,119][flwr][DEBUG] - evaluate_round 8: strategy sampled 20 clients (out of 100)
[2024-03-16 18:31:42,106][flwr][DEBUG] - evaluate_round 8 received 20 results and 0 failures
[2024-03-16 18:31:42,208][flwr][INFO] - Sampled the following clients: ['9', '90', '34', '35', '37', '31', '17', '5', '26', '19', '83', '11', '18', '8', '77', '84', '29', '3', '56', '72']
[2024-03-16 18:31:42,208][flwr][DEBUG] - fit_round 9: strategy sampled 20 clients (out of 100)
[2024-03-16 18:33:35,123][flwr][DEBUG] - fit_round 9 received 20 results and 0 failures
[2024-03-16 18:33:46,858][flwr][INFO] - fit progress: (9, 0.17674113573431968, {'test_accuracy': 0.4928}, 1147.990648540901)
[2024-03-16 18:33:46,858][flwr][INFO] - Sampled the following clients: ['99', '24', '66', '35', '3', '1', '50', '67', '13', '97', '76', '4', '75', '53', '87', '61', '98', '31', '45', '44']
[2024-03-16 18:33:46,858][flwr][DEBUG] - evaluate_round 9: strategy sampled 20 clients (out of 100)
[2024-03-16 18:33:49,855][flwr][DEBUG] - evaluate_round 9 received 20 results and 0 failures
[2024-03-16 18:33:49,953][flwr][INFO] - Sampled the following clients: ['96', '46', '99', '31', '33', '10', '4', '5', '69', '20', '60', '52', '95', '15', '47', '66', '61', '90', '85', '12']
[2024-03-16 18:33:49,953][flwr][DEBUG] - fit_round 10: strategy sampled 20 clients (out of 100)
[2024-03-16 18:35:42,279][flwr][DEBUG] - fit_round 10 received 20 results and 0 failures
[2024-03-16 18:35:53,763][flwr][INFO] - fit progress: (10, 0.17406953831017016, {'test_accuracy': 0.5056}, 1274.8961219999474)
[2024-03-16 18:35:53,763][flwr][INFO] - Sampled the following clients: ['26', '40', '28', '34', '68', '46', '42', '73', '93', '84', '61', '72', '10', '78', '94', '33', '4', '11', '70', '24']
[2024-03-16 18:35:53,763][flwr][DEBUG] - evaluate_round 10: strategy sampled 20 clients (out of 100)
[2024-03-16 18:35:56,742][flwr][DEBUG] - evaluate_round 10 received 20 results and 0 failures
[2024-03-16 18:35:56,844][flwr][INFO] - Sampled the following clients: ['80', '18', '11', '61', '25', '0', '85', '30', '19', '14', '53', '90', '43', '29', '33', '36', '81', '99', '58', '5']
[2024-03-16 18:35:56,844][flwr][DEBUG] - fit_round 11: strategy sampled 20 clients (out of 100)
[2024-03-16 18:37:48,732][flwr][DEBUG] - fit_round 11 received 20 results and 0 failures
[2024-03-16 18:38:00,134][flwr][INFO] - fit progress: (11, 0.17334690769016742, {'test_accuracy': 0.5149}, 1401.2668574579293)
[2024-03-16 18:38:00,134][flwr][INFO] - Sampled the following clients: ['14', '79', '10', '1', '85', '92', '80', '48', '61', '50', '25', '45', '43', '7', '15', '33', '98', '75', '97', '47']
[2024-03-16 18:38:00,134][flwr][DEBUG] - evaluate_round 11: strategy sampled 20 clients (out of 100)
[2024-03-16 18:38:03,267][flwr][DEBUG] - evaluate_round 11 received 20 results and 0 failures
[2024-03-16 18:38:03,380][flwr][INFO] - Sampled the following clients: ['41', '75', '57', '14', '91', '99', '52', '16', '44', '24', '95', '23', '80', '27', '92', '35', '55', '94', '31', '69']
[2024-03-16 18:38:03,380][flwr][DEBUG] - fit_round 12: strategy sampled 20 clients (out of 100)
[2024-03-16 18:39:56,081][flwr][DEBUG] - fit_round 12 received 20 results and 0 failures
[2024-03-16 18:40:07,479][flwr][INFO] - fit progress: (12, 0.17646418465375902, {'test_accuracy': 0.5193}, 1528.6122971249279)
[2024-03-16 18:40:07,479][flwr][INFO] - Sampled the following clients: ['27', '32', '70', '96', '74', '37', '52', '39', '82', '23', '66', '7', '38', '24', '26', '79', '36', '51', '8', '58']
[2024-03-16 18:40:07,479][flwr][DEBUG] - evaluate_round 12: strategy sampled 20 clients (out of 100)
[2024-03-16 18:40:10,444][flwr][DEBUG] - evaluate_round 12 received 20 results and 0 failures
[2024-03-16 18:40:10,552][flwr][INFO] - Sampled the following clients: ['31', '22', '18', '50', '54', '26', '58', '3', '27', '2', '91', '63', '68', '87', '4', '33', '6', '42', '34', '45']
[2024-03-16 18:40:10,552][flwr][DEBUG] - fit_round 13: strategy sampled 20 clients (out of 100)
[2024-03-16 18:42:02,991][flwr][DEBUG] - fit_round 13 received 20 results and 0 failures
[2024-03-16 18:42:14,577][flwr][INFO] - fit progress: (13, 0.1761658244639635, {'test_accuracy': 0.5419}, 1655.710290624993)
[2024-03-16 18:42:14,577][flwr][INFO] - Sampled the following clients: ['21', '33', '98', '74', '92', '2', '14', '9', '67', '87', '89', '76', '32', '40', '52', '71', '75', '6', '11', '86']
[2024-03-16 18:42:14,577][flwr][DEBUG] - evaluate_round 13: strategy sampled 20 clients (out of 100)
[2024-03-16 18:42:17,549][flwr][DEBUG] - evaluate_round 13 received 20 results and 0 failures
[2024-03-16 18:42:17,650][flwr][INFO] - Sampled the following clients: ['45', '67', '28', '80', '9', '73', '94', '92', '11', '59', '61', '78', '18', '41', '64', '4', '1', '55', '57', '85']
[2024-03-16 18:42:17,650][flwr][DEBUG] - fit_round 14: strategy sampled 20 clients (out of 100)
[2024-03-16 18:44:10,505][flwr][DEBUG] - fit_round 14 received 20 results and 0 failures
[2024-03-16 18:44:21,817][flwr][INFO] - fit progress: (14, 0.17746546281278133, {'test_accuracy': 0.5428}, 1782.9508832079591)
[2024-03-16 18:44:21,817][flwr][INFO] - Sampled the following clients: ['66', '63', '38', '1', '49', '64', '88', '36', '51', '50', '18', '73', '56', '35', '99', '11', '44', '26', '4', '53']
[2024-03-16 18:44:21,817][flwr][DEBUG] - evaluate_round 14: strategy sampled 20 clients (out of 100)
[2024-03-16 18:44:24,777][flwr][DEBUG] - evaluate_round 14 received 20 results and 0 failures
[2024-03-16 18:44:24,878][flwr][INFO] - Sampled the following clients: ['81', '77', '91', '7', '30', '98', '69', '55', '1', '17', '73', '59', '9', '97', '2', '65', '38', '24', '6', '64']
[2024-03-16 18:44:24,878][flwr][DEBUG] - fit_round 15: strategy sampled 20 clients (out of 100)
[2024-03-16 18:46:17,763][flwr][DEBUG] - fit_round 15 received 20 results and 0 failures
[2024-03-16 18:46:29,398][flwr][INFO] - fit progress: (15, 0.18452907497286797, {'test_accuracy': 0.5522}, 1910.5322435409762)
[2024-03-16 18:46:29,398][flwr][INFO] - Sampled the following clients: ['22', '29', '58', '6', '55', '69', '75', '72', '19', '17', '98', '76', '28', '67', '97', '25', '82', '31', '18', '52']
[2024-03-16 18:46:29,398][flwr][DEBUG] - evaluate_round 15: strategy sampled 20 clients (out of 100)
[2024-03-16 18:46:32,453][flwr][DEBUG] - evaluate_round 15 received 20 results and 0 failures
[2024-03-16 18:46:32,566][flwr][INFO] - Sampled the following clients: ['98', '8', '0', '77', '49', '40', '13', '33', '67', '34', '91', '54', '96', '82', '7', '60', '10', '97', '42', '83']
[2024-03-16 18:46:32,566][flwr][DEBUG] - fit_round 16: strategy sampled 20 clients (out of 100)
[2024-03-16 18:48:25,368][flwr][DEBUG] - fit_round 16 received 20 results and 0 failures
[2024-03-16 18:48:36,720][flwr][INFO] - fit progress: (16, 0.1832211155578494, {'test_accuracy': 0.564}, 2037.854046249995)
[2024-03-16 18:48:36,720][flwr][INFO] - Sampled the following clients: ['31', '79', '78', '41', '89', '22', '94', '72', '76', '68', '75', '34', '87', '13', '39', '96', '25', '64', '69', '40']
[2024-03-16 18:48:36,720][flwr][DEBUG] - evaluate_round 16: strategy sampled 20 clients (out of 100)
[2024-03-16 18:48:39,701][flwr][DEBUG] - evaluate_round 16 received 20 results and 0 failures
[2024-03-16 18:48:39,810][flwr][INFO] - Sampled the following clients: ['43', '99', '52', '16', '65', '90', '33', '86', '37', '13', '74', '11', '88', '14', '59', '97', '3', '22', '47', '1']
[2024-03-16 18:48:39,810][flwr][DEBUG] - fit_round 17: strategy sampled 20 clients (out of 100)
[2024-03-16 18:50:32,432][flwr][DEBUG] - fit_round 17 received 20 results and 0 failures
[2024-03-16 18:50:43,833][flwr][INFO] - fit progress: (17, 0.18445110402330755, {'test_accuracy': 0.5698}, 2164.967460582964)
[2024-03-16 18:50:43,833][flwr][INFO] - Sampled the following clients: ['4', '86', '47', '48', '13', '14', '62', '94', '7', '38', '53', '95', '59', '1', '8', '27', '19', '29', '78', '41']
[2024-03-16 18:50:43,833][flwr][DEBUG] - evaluate_round 17: strategy sampled 20 clients (out of 100)
[2024-03-16 18:50:46,798][flwr][DEBUG] - evaluate_round 17 received 20 results and 0 failures
[2024-03-16 18:50:46,896][flwr][INFO] - Sampled the following clients: ['15', '59', '14', '63', '45', '24', '18', '87', '51', '70', '81', '13', '6', '55', '74', '17', '50', '48', '96', '16']
[2024-03-16 18:50:46,896][flwr][DEBUG] - fit_round 18: strategy sampled 20 clients (out of 100)
[2024-03-16 18:52:38,925][flwr][DEBUG] - fit_round 18 received 20 results and 0 failures
[2024-03-16 18:52:50,369][flwr][INFO] - fit progress: (18, 0.1879226291336119, {'test_accuracy': 0.5725}, 2291.5034790409263)
[2024-03-16 18:52:50,369][flwr][INFO] - Sampled the following clients: ['22', '64', '81', '52', '47', '10', '96', '98', '34', '44', '7', '57', '62', '31', '14', '54', '90', '43', '37', '1']
[2024-03-16 18:52:50,369][flwr][DEBUG] - evaluate_round 18: strategy sampled 20 clients (out of 100)
[2024-03-16 18:52:53,305][flwr][DEBUG] - evaluate_round 18 received 20 results and 0 failures
[2024-03-16 18:52:53,408][flwr][INFO] - Sampled the following clients: ['10', '22', '16', '91', '66', '86', '77', '36', '59', '78', '83', '72', '47', '12', '40', '29', '52', '58', '65', '51']
[2024-03-16 18:52:53,408][flwr][DEBUG] - fit_round 19: strategy sampled 20 clients (out of 100)
[2024-03-16 18:54:46,077][flwr][DEBUG] - fit_round 19 received 20 results and 0 failures
[2024-03-16 18:54:57,462][flwr][INFO] - fit progress: (19, 0.19295556981116532, {'test_accuracy': 0.5782}, 2418.5870941249887)
[2024-03-16 18:54:57,462][flwr][INFO] - Sampled the following clients: ['80', '46', '34', '40', '81', '49', '66', '79', '62', '29', '51', '38', '90', '85', '59', '8', '17', '10', '27', '87']
[2024-03-16 18:54:57,462][flwr][DEBUG] - evaluate_round 19: strategy sampled 20 clients (out of 100)
[2024-03-16 18:55:00,412][flwr][DEBUG] - evaluate_round 19 received 20 results and 0 failures
[2024-03-16 18:55:00,515][flwr][INFO] - Sampled the following clients: ['3', '65', '59', '57', '35', '33', '26', '96', '69', '87', '5', '1', '76', '56', '24', '58', '47', '62', '49', '9']
[2024-03-16 18:55:00,515][flwr][DEBUG] - fit_round 20: strategy sampled 20 clients (out of 100)
[2024-03-16 18:56:52,845][flwr][DEBUG] - fit_round 20 received 20 results and 0 failures
[2024-03-16 18:57:04,265][flwr][INFO] - fit progress: (20, 0.19212836662828922, {'test_accuracy': 0.5906}, 2545.389427374932)
[2024-03-16 18:57:04,266][flwr][INFO] - Sampled the following clients: ['54', '72', '45', '62', '50', '19', '92', '75', '32', '95', '20', '93', '11', '15', '98', '24', '13', '9', '4', '87']
[2024-03-16 18:57:04,266][flwr][DEBUG] - evaluate_round 20: strategy sampled 20 clients (out of 100)
[2024-03-16 18:57:07,238][flwr][DEBUG] - evaluate_round 20 received 20 results and 0 failures
[2024-03-16 18:57:07,304][flwr][INFO] - Sampled the following clients: ['89', '9', '33', '36', '47', '52', '19', '96', '10', '16', '51', '37', '26', '2', '20', '98', '79', '63', '40', '31']
[2024-03-16 18:57:07,304][flwr][DEBUG] - fit_round 21: strategy sampled 20 clients (out of 100)
[2024-03-16 18:58:58,782][flwr][DEBUG] - fit_round 21 received 20 results and 0 failures
[2024-03-16 18:59:10,140][flwr][INFO] - fit progress: (21, 0.1911068180669099, {'test_accuracy': 0.5935}, 2671.2632054999704)
[2024-03-16 18:59:10,140][flwr][INFO] - Sampled the following clients: ['23', '55', '78', '82', '84', '32', '22', '15', '50', '93', '89', '69', '43', '34', '98', '37', '60', '67', '79', '40']
[2024-03-16 18:59:10,140][flwr][DEBUG] - evaluate_round 21: strategy sampled 20 clients (out of 100)
[2024-03-16 18:59:13,217][flwr][DEBUG] - evaluate_round 21 received 20 results and 0 failures
[2024-03-16 18:59:13,277][flwr][INFO] - Sampled the following clients: ['8', '82', '48', '27', '33', '75', '7', '16', '67', '53', '14', '12', '4', '22', '61', '84', '42', '59', '17', '56']
[2024-03-16 18:59:13,277][flwr][DEBUG] - fit_round 22: strategy sampled 20 clients (out of 100)
[2024-03-16 19:01:05,729][flwr][DEBUG] - fit_round 22 received 20 results and 0 failures
[2024-03-16 19:01:17,130][flwr][INFO] - fit progress: (22, 0.18902690943218767, {'test_accuracy': 0.5913}, 2798.2534372080117)
[2024-03-16 19:01:17,130][flwr][INFO] - Sampled the following clients: ['15', '65', '3', '0', '82', '88', '35', '78', '71', '25', '12', '8', '10', '14', '24', '45', '21', '72', '80', '93']
[2024-03-16 19:01:17,130][flwr][DEBUG] - evaluate_round 22: strategy sampled 20 clients (out of 100)
[2024-03-16 19:01:20,089][flwr][DEBUG] - evaluate_round 22 received 20 results and 0 failures
[2024-03-16 19:01:20,174][flwr][INFO] - Sampled the following clients: ['72', '74', '69', '17', '64', '22', '25', '21', '62', '48', '36', '0', '56', '93', '39', '71', '15', '13', '40', '49']
[2024-03-16 19:01:20,174][flwr][DEBUG] - fit_round 23: strategy sampled 20 clients (out of 100)
[2024-03-16 19:03:12,948][flwr][DEBUG] - fit_round 23 received 20 results and 0 failures
[2024-03-16 19:03:24,441][flwr][INFO] - fit progress: (23, 0.18982044882960616, {'test_accuracy': 0.6035}, 2925.564472124912)
[2024-03-16 19:03:24,442][flwr][INFO] - Sampled the following clients: ['74', '51', '53', '22', '48', '35', '12', '38', '10', '85', '18', '73', '65', '19', '71', '89', '72', '44', '70', '80']
[2024-03-16 19:03:24,442][flwr][DEBUG] - evaluate_round 23: strategy sampled 20 clients (out of 100)
[2024-03-16 19:03:27,391][flwr][DEBUG] - evaluate_round 23 received 20 results and 0 failures
[2024-03-16 19:03:27,462][flwr][INFO] - Sampled the following clients: ['80', '68', '69', '42', '85', '22', '21', '86', '50', '41', '62', '96', '67', '4', '77', '39', '87', '34', '35', '98']
[2024-03-16 19:03:27,462][flwr][DEBUG] - fit_round 24: strategy sampled 20 clients (out of 100)
[2024-03-16 19:05:19,485][flwr][DEBUG] - fit_round 24 received 20 results and 0 failures
[2024-03-16 19:05:30,774][flwr][INFO] - fit progress: (24, 0.18430306557118892, {'test_accuracy': 0.6088}, 3051.896344457986)
[2024-03-16 19:05:30,774][flwr][INFO] - Sampled the following clients: ['71', '53', '49', '52', '73', '64', '56', '93', '46', '69', '19', '77', '51', '28', '23', '36', '81', '84', '50', '22']
[2024-03-16 19:05:30,774][flwr][DEBUG] - evaluate_round 24: strategy sampled 20 clients (out of 100)
[2024-03-16 19:05:33,856][flwr][DEBUG] - evaluate_round 24 received 20 results and 0 failures
[2024-03-16 19:05:33,924][flwr][INFO] - Sampled the following clients: ['4', '13', '90', '89', '72', '65', '19', '34', '54', '67', '93', '46', '23', '44', '66', '56', '2', '57', '20', '48']
[2024-03-16 19:05:33,924][flwr][DEBUG] - fit_round 25: strategy sampled 20 clients (out of 100)
[2024-03-16 19:07:26,318][flwr][DEBUG] - fit_round 25 received 20 results and 0 failures
[2024-03-16 19:07:37,716][flwr][INFO] - fit progress: (25, 0.18459984117411077, {'test_accuracy': 0.6151}, 3178.8387471250026)
[2024-03-16 19:07:37,716][flwr][INFO] - Sampled the following clients: ['95', '92', '16', '83', '8', '81', '88', '20', '22', '33', '68', '1', '82', '10', '62', '23', '25', '89', '93', '97']
[2024-03-16 19:07:37,716][flwr][DEBUG] - evaluate_round 25: strategy sampled 20 clients (out of 100)
[2024-03-16 19:07:40,673][flwr][DEBUG] - evaluate_round 25 received 20 results and 0 failures
[2024-03-16 19:07:40,748][flwr][INFO] - Sampled the following clients: ['80', '30', '19', '71', '10', '52', '47', '50', '75', '21', '76', '12', '43', '8', '89', '96', '68', '26', '17', '3']
[2024-03-16 19:07:40,748][flwr][DEBUG] - fit_round 26: strategy sampled 20 clients (out of 100)
[2024-03-16 19:09:33,793][flwr][DEBUG] - fit_round 26 received 20 results and 0 failures
[2024-03-16 19:09:45,393][flwr][INFO] - fit progress: (26, 0.18377897777482868, {'test_accuracy': 0.6148}, 3306.5153478329303)
[2024-03-16 19:09:45,393][flwr][INFO] - Sampled the following clients: ['78', '98', '35', '8', '97', '32', '12', '86', '47', '84', '89', '95', '14', '43', '93', '54', '80', '75', '9', '85']
[2024-03-16 19:09:45,393][flwr][DEBUG] - evaluate_round 26: strategy sampled 20 clients (out of 100)
[2024-03-16 19:09:48,357][flwr][DEBUG] - evaluate_round 26 received 20 results and 0 failures
[2024-03-16 19:09:48,417][flwr][INFO] - Sampled the following clients: ['11', '6', '37', '78', '2', '7', '8', '42', '59', '53', '98', '14', '28', '96', '56', '67', '41', '15', '30', '55']
[2024-03-16 19:09:48,417][flwr][DEBUG] - fit_round 27: strategy sampled 20 clients (out of 100)
[2024-03-16 19:11:40,921][flwr][DEBUG] - fit_round 27 received 20 results and 0 failures
[2024-03-16 19:11:52,399][flwr][INFO] - fit progress: (27, 0.18336869920790194, {'test_accuracy': 0.617}, 3433.521187208011)
[2024-03-16 19:11:52,399][flwr][INFO] - Sampled the following clients: ['65', '68', '37', '48', '52', '95', '45', '63', '16', '38', '74', '56', '18', '3', '66', '42', '62', '5', '84', '33']
[2024-03-16 19:11:52,399][flwr][DEBUG] - evaluate_round 27: strategy sampled 20 clients (out of 100)
[2024-03-16 19:11:55,363][flwr][DEBUG] - evaluate_round 27 received 20 results and 0 failures
[2024-03-16 19:11:55,467][flwr][INFO] - Sampled the following clients: ['7', '83', '60', '6', '34', '32', '9', '97', '4', '47', '78', '48', '76', '61', '51', '13', '54', '5', '64', '87']
[2024-03-16 19:11:55,467][flwr][DEBUG] - fit_round 28: strategy sampled 20 clients (out of 100)
[2024-03-16 19:13:48,583][flwr][DEBUG] - fit_round 28 received 20 results and 0 failures
[2024-03-16 19:14:00,187][flwr][INFO] - fit progress: (28, 0.18276668245643377, {'test_accuracy': 0.6195}, 3561.3088664159877)
[2024-03-16 19:14:00,187][flwr][INFO] - Sampled the following clients: ['86', '56', '65', '49', '79', '64', '26', '16', '80', '12', '45', '57', '0', '98', '31', '88', '42', '75', '24', '34']
[2024-03-16 19:14:00,187][flwr][DEBUG] - evaluate_round 28: strategy sampled 20 clients (out of 100)
[2024-03-16 19:14:03,338][flwr][DEBUG] - evaluate_round 28 received 20 results and 0 failures
[2024-03-16 19:14:03,443][flwr][INFO] - Sampled the following clients: ['55', '93', '3', '89', '74', '95', '29', '14', '83', '45', '96', '9', '36', '41', '21', '42', '71', '27', '46', '63']
[2024-03-16 19:14:03,443][flwr][DEBUG] - fit_round 29: strategy sampled 20 clients (out of 100)
[2024-03-16 19:15:56,570][flwr][DEBUG] - fit_round 29 received 20 results and 0 failures
[2024-03-16 19:16:08,262][flwr][INFO] - fit progress: (29, 0.18030549805406482, {'test_accuracy': 0.6234}, 3689.382981665898)
[2024-03-16 19:16:08,262][flwr][INFO] - Sampled the following clients: ['49', '70', '77', '4', '6', '48', '46', '63', '75', '25', '61', '66', '83', '88', '13', '85', '84', '18', '38', '39']
[2024-03-16 19:16:08,262][flwr][DEBUG] - evaluate_round 29: strategy sampled 20 clients (out of 100)
[2024-03-16 19:16:11,299][flwr][DEBUG] - evaluate_round 29 received 20 results and 0 failures
[2024-03-16 19:16:11,401][flwr][INFO] - Sampled the following clients: ['99', '18', '38', '15', '22', '59', '66', '19', '64', '96', '78', '26', '11', '5', '68', '33', '42', '62', '86', '35']
[2024-03-16 19:16:11,402][flwr][DEBUG] - fit_round 30: strategy sampled 20 clients (out of 100)
[2024-03-16 19:18:05,160][flwr][DEBUG] - fit_round 30 received 20 results and 0 failures
[2024-03-16 19:18:16,791][flwr][INFO] - fit progress: (30, 0.1807595038086176, {'test_accuracy': 0.6243}, 3817.912252040929)
[2024-03-16 19:18:16,791][flwr][INFO] - Sampled the following clients: ['74', '89', '15', '44', '54', '58', '5', '62', '63', '30', '55', '45', '56', '69', '2', '38', '67', '11', '37', '3']
[2024-03-16 19:18:16,791][flwr][DEBUG] - evaluate_round 30: strategy sampled 20 clients (out of 100)
[2024-03-16 19:18:19,808][flwr][DEBUG] - evaluate_round 30 received 20 results and 0 failures
[2024-03-16 19:18:19,924][flwr][INFO] - Sampled the following clients: ['76', '17', '34', '45', '93', '8', '25', '96', '98', '91', '18', '29', '85', '68', '55', '20', '9', '95', '14', '26']
[2024-03-16 19:18:19,924][flwr][DEBUG] - fit_round 31: strategy sampled 20 clients (out of 100)
[2024-03-16 19:20:14,215][flwr][DEBUG] - fit_round 31 received 20 results and 0 failures
[2024-03-16 19:20:25,988][flwr][INFO] - fit progress: (31, 0.18179044758100063, {'test_accuracy': 0.6254}, 3947.1091112499125)
[2024-03-16 19:20:25,989][flwr][INFO] - Sampled the following clients: ['64', '36', '62', '47', '5', '75', '48', '0', '13', '25', '8', '95', '38', '18', '70', '60', '30', '72', '87', '41']
[2024-03-16 19:20:25,989][flwr][DEBUG] - evaluate_round 31: strategy sampled 20 clients (out of 100)
[2024-03-16 19:20:29,007][flwr][DEBUG] - evaluate_round 31 received 20 results and 0 failures
[2024-03-16 19:20:29,105][flwr][INFO] - Sampled the following clients: ['98', '87', '24', '22', '59', '20', '42', '80', '39', '53', '97', '67', '38', '14', '45', '48', '3', '54', '16', '62']
[2024-03-16 19:20:29,106][flwr][DEBUG] - fit_round 32: strategy sampled 20 clients (out of 100)
[2024-03-16 19:22:22,506][flwr][DEBUG] - fit_round 32 received 20 results and 0 failures
[2024-03-16 19:22:34,161][flwr][INFO] - fit progress: (32, 0.1787663818974048, {'test_accuracy': 0.6274}, 4075.2810179579537)
[2024-03-16 19:22:34,161][flwr][INFO] - Sampled the following clients: ['27', '63', '8', '0', '1', '50', '59', '44', '49', '89', '64', '55', '9', '66', '71', '16', '42', '34', '87', '99']
[2024-03-16 19:22:34,161][flwr][DEBUG] - evaluate_round 32: strategy sampled 20 clients (out of 100)
[2024-03-16 19:22:37,158][flwr][DEBUG] - evaluate_round 32 received 20 results and 0 failures
[2024-03-16 19:22:37,277][flwr][INFO] - Sampled the following clients: ['14', '44', '54', '95', '61', '12', '49', '91', '7', '98', '30', '50', '72', '82', '41', '11', '52', '13', '18', '28']
[2024-03-16 19:22:37,277][flwr][DEBUG] - fit_round 33: strategy sampled 20 clients (out of 100)
[2024-03-16 19:24:30,669][flwr][DEBUG] - fit_round 33 received 20 results and 0 failures
[2024-03-16 19:24:42,340][flwr][INFO] - fit progress: (33, 0.176051730832085, {'test_accuracy': 0.6278}, 4203.459733999916)
[2024-03-16 19:24:42,340][flwr][INFO] - Sampled the following clients: ['50', '19', '85', '14', '94', '33', '56', '68', '51', '58', '70', '16', '45', '9', '63', '11', '31', '4', '27', '22']
[2024-03-16 19:24:42,340][flwr][DEBUG] - evaluate_round 33: strategy sampled 20 clients (out of 100)
[2024-03-16 19:24:45,371][flwr][DEBUG] - evaluate_round 33 received 20 results and 0 failures
[2024-03-16 19:24:45,469][flwr][INFO] - Sampled the following clients: ['70', '39', '19', '91', '11', '40', '72', '13', '97', '71', '66', '2', '58', '4', '23', '84', '27', '16', '96', '44']
[2024-03-16 19:24:45,470][flwr][DEBUG] - fit_round 34: strategy sampled 20 clients (out of 100)
[2024-03-16 19:26:39,331][flwr][DEBUG] - fit_round 34 received 20 results and 0 failures
[2024-03-16 19:26:51,236][flwr][INFO] - fit progress: (34, 0.17728208970576526, {'test_accuracy': 0.6336}, 4332.3559932908975)
[2024-03-16 19:26:51,236][flwr][INFO] - Sampled the following clients: ['54', '29', '22', '96', '66', '31', '55', '98', '79', '93', '63', '78', '50', '65', '20', '46', '64', '0', '76', '97']
[2024-03-16 19:26:51,236][flwr][DEBUG] - evaluate_round 34: strategy sampled 20 clients (out of 100)
[2024-03-16 19:26:54,271][flwr][DEBUG] - evaluate_round 34 received 20 results and 0 failures
[2024-03-16 19:26:54,360][flwr][INFO] - Sampled the following clients: ['88', '95', '18', '78', '63', '85', '26', '15', '66', '96', '6', '45', '22', '71', '79', '60', '62', '76', '32', '83']
[2024-03-16 19:26:54,360][flwr][DEBUG] - fit_round 35: strategy sampled 20 clients (out of 100)
[2024-03-16 19:28:48,502][flwr][DEBUG] - fit_round 35 received 20 results and 0 failures
[2024-03-16 19:29:00,268][flwr][INFO] - fit progress: (35, 0.1736004632860422, {'test_accuracy': 0.6326}, 4461.388039499987)
[2024-03-16 19:29:00,269][flwr][INFO] - Sampled the following clients: ['45', '73', '56', '26', '59', '33', '1', '74', '49', '5', '89', '68', '35', '79', '39', '42', '70', '14', '9', '21']
[2024-03-16 19:29:00,269][flwr][DEBUG] - evaluate_round 35: strategy sampled 20 clients (out of 100)
[2024-03-16 19:29:03,412][flwr][DEBUG] - evaluate_round 35 received 20 results and 0 failures
[2024-03-16 19:29:03,515][flwr][INFO] - Sampled the following clients: ['15', '4', '63', '45', '75', '46', '90', '99', '12', '8', '60', '0', '80', '21', '54', '11', '30', '82', '22', '65']
[2024-03-16 19:29:03,515][flwr][DEBUG] - fit_round 36: strategy sampled 20 clients (out of 100)
[2024-03-16 19:30:57,719][flwr][DEBUG] - fit_round 36 received 20 results and 0 failures
[2024-03-16 19:31:09,405][flwr][INFO] - fit progress: (36, 0.17198726492114366, {'test_accuracy': 0.6337}, 4590.491291999933)
[2024-03-16 19:31:09,405][flwr][INFO] - Sampled the following clients: ['18', '16', '70', '28', '4', '48', '55', '42', '68', '11', '57', '53', '20', '59', '82', '10', '94', '5', '38', '51']
[2024-03-16 19:31:09,405][flwr][DEBUG] - evaluate_round 36: strategy sampled 20 clients (out of 100)
[2024-03-16 19:31:12,527][flwr][DEBUG] - evaluate_round 36 received 20 results and 0 failures
[2024-03-16 19:31:12,627][flwr][INFO] - Sampled the following clients: ['55', '2', '38', '34', '26', '66', '29', '63', '19', '82', '78', '25', '70', '68', '93', '52', '31', '35', '73', '41']
[2024-03-16 19:31:12,627][flwr][DEBUG] - fit_round 37: strategy sampled 20 clients (out of 100)
[2024-03-16 19:33:05,924][flwr][DEBUG] - fit_round 37 received 20 results and 0 failures
[2024-03-16 19:33:17,609][flwr][INFO] - fit progress: (37, 0.1732037095475942, {'test_accuracy': 0.6361}, 4718.693546750001)
[2024-03-16 19:33:17,609][flwr][INFO] - Sampled the following clients: ['17', '3', '16', '25', '53', '66', '67', '44', '47', '41', '0', '18', '65', '76', '92', '50', '33', '22', '34', '26']
[2024-03-16 19:33:17,609][flwr][DEBUG] - evaluate_round 37: strategy sampled 20 clients (out of 100)
[2024-03-16 19:33:20,613][flwr][DEBUG] - evaluate_round 37 received 20 results and 0 failures
[2024-03-16 19:33:20,683][flwr][INFO] - Sampled the following clients: ['49', '24', '86', '91', '5', '65', '13', '54', '10', '20', '56', '95', '31', '50', '11', '34', '39', '74', '32', '52']
[2024-03-16 19:33:20,683][flwr][DEBUG] - fit_round 38: strategy sampled 20 clients (out of 100)
[2024-03-16 19:35:14,258][flwr][DEBUG] - fit_round 38 received 20 results and 0 failures
[2024-03-16 19:35:25,963][flwr][INFO] - fit progress: (38, 0.17203039609715343, {'test_accuracy': 0.6369}, 4847.046286750003)
[2024-03-16 19:35:25,964][flwr][INFO] - Sampled the following clients: ['17', '93', '68', '88', '13', '28', '20', '83', '84', '87', '76', '37', '60', '64', '70', '96', '30', '95', '98', '6']
[2024-03-16 19:35:25,964][flwr][DEBUG] - evaluate_round 38: strategy sampled 20 clients (out of 100)
[2024-03-16 19:35:28,980][flwr][DEBUG] - evaluate_round 38 received 20 results and 0 failures
[2024-03-16 19:35:29,081][flwr][INFO] - Sampled the following clients: ['67', '2', '30', '74', '62', '82', '22', '35', '14', '9', '57', '8', '99', '33', '19', '90', '23', '66', '58', '37']
[2024-03-16 19:35:29,081][flwr][DEBUG] - fit_round 39: strategy sampled 20 clients (out of 100)
[2024-03-16 19:37:22,769][flwr][DEBUG] - fit_round 39 received 20 results and 0 failures
[2024-03-16 19:37:34,389][flwr][INFO] - fit progress: (39, 0.170465601612255, {'test_accuracy': 0.6393}, 4975.469793832977)
[2024-03-16 19:37:34,389][flwr][INFO] - Sampled the following clients: ['26', '67', '91', '27', '71', '15', '41', '17', '6', '46', '59', '31', '22', '40', '83', '65', '56', '39', '80', '53']
[2024-03-16 19:37:34,389][flwr][DEBUG] - evaluate_round 39: strategy sampled 20 clients (out of 100)
[2024-03-16 19:37:37,397][flwr][DEBUG] - evaluate_round 39 received 20 results and 0 failures
[2024-03-16 19:37:37,458][flwr][INFO] - Sampled the following clients: ['61', '85', '96', '57', '44', '65', '94', '62', '39', '73', '7', '18', '74', '75', '88', '98', '16', '83', '34', '68']
[2024-03-16 19:37:37,458][flwr][DEBUG] - fit_round 40: strategy sampled 20 clients (out of 100)
[2024-03-16 19:39:31,186][flwr][DEBUG] - fit_round 40 received 20 results and 0 failures
[2024-03-16 19:39:42,816][flwr][INFO] - fit progress: (40, 0.1690047491611913, {'test_accuracy': 0.6409}, 5103.894729582942)
[2024-03-16 19:39:42,816][flwr][INFO] - Sampled the following clients: ['72', '27', '76', '82', '39', '25', '50', '61', '74', '54', '92', '46', '13', '77', '91', '90', '60', '40', '99', '71']
[2024-03-16 19:39:42,816][flwr][DEBUG] - evaluate_round 40: strategy sampled 20 clients (out of 100)
[2024-03-16 19:39:45,866][flwr][DEBUG] - evaluate_round 40 received 20 results and 0 failures
[2024-03-16 19:39:45,970][flwr][INFO] - Sampled the following clients: ['21', '93', '32', '23', '39', '55', '34', '81', '20', '88', '82', '94', '3', '87', '25', '66', '70', '99', '7', '45']
[2024-03-16 19:39:45,970][flwr][DEBUG] - fit_round 41: strategy sampled 20 clients (out of 100)
[2024-03-16 19:41:39,444][flwr][DEBUG] - fit_round 41 received 20 results and 0 failures
[2024-03-16 19:41:51,300][flwr][INFO] - fit progress: (41, 0.16895080245863647, {'test_accuracy': 0.6421}, 5232.377540749963)
[2024-03-16 19:41:51,300][flwr][INFO] - Sampled the following clients: ['38', '70', '59', '23', '24', '20', '12', '86', '73', '81', '49', '68', '51', '71', '85', '0', '80', '41', '61', '7']
[2024-03-16 19:41:51,301][flwr][DEBUG] - evaluate_round 41: strategy sampled 20 clients (out of 100)
[2024-03-16 19:41:54,318][flwr][DEBUG] - evaluate_round 41 received 20 results and 0 failures
[2024-03-16 19:41:54,426][flwr][INFO] - Sampled the following clients: ['45', '12', '91', '6', '85', '56', '8', '5', '13', '47', '43', '18', '88', '66', '29', '35', '58', '53', '34', '17']
[2024-03-16 19:41:54,426][flwr][DEBUG] - fit_round 42: strategy sampled 20 clients (out of 100)
[2024-03-16 19:43:48,491][flwr][DEBUG] - fit_round 42 received 20 results and 0 failures
[2024-03-16 19:44:00,187][flwr][INFO] - fit progress: (42, 0.16929444305505603, {'test_accuracy': 0.6405}, 5361.262379999971)
[2024-03-16 19:44:00,187][flwr][INFO] - Sampled the following clients: ['86', '7', '1', '93', '81', '61', '60', '88', '62', '40', '69', '35', '44', '90', '79', '53', '21', '50', '26', '58']
[2024-03-16 19:44:00,187][flwr][DEBUG] - evaluate_round 42: strategy sampled 20 clients (out of 100)
[2024-03-16 19:44:03,437][flwr][DEBUG] - evaluate_round 42 received 20 results and 0 failures
[2024-03-16 19:44:03,531][flwr][INFO] - Sampled the following clients: ['90', '25', '82', '35', '51', '3', '97', '84', '10', '37', '6', '15', '86', '38', '5', '85', '1', '17', '42', '29']
[2024-03-16 19:44:03,532][flwr][DEBUG] - fit_round 43: strategy sampled 20 clients (out of 100)
[2024-03-16 19:45:57,402][flwr][DEBUG] - fit_round 43 received 20 results and 0 failures
[2024-03-16 19:46:10,045][flwr][INFO] - fit progress: (43, 0.16728428197950124, {'test_accuracy': 0.6446}, 5491.118454290903)
[2024-03-16 19:46:10,045][flwr][INFO] - Sampled the following clients: ['13', '44', '9', '42', '82', '12', '69', '50', '48', '21', '45', '95', '71', '34', '46', '59', '93', '22', '64', '10']
[2024-03-16 19:46:10,045][flwr][DEBUG] - evaluate_round 43: strategy sampled 20 clients (out of 100)
[2024-03-16 19:46:13,099][flwr][DEBUG] - evaluate_round 43 received 20 results and 0 failures
[2024-03-16 19:46:13,201][flwr][INFO] - Sampled the following clients: ['79', '7', '85', '69', '34', '87', '66', '25', '27', '52', '55', '38', '75', '30', '43', '91', '95', '40', '17', '35']
[2024-03-16 19:46:13,201][flwr][DEBUG] - fit_round 44: strategy sampled 20 clients (out of 100)
[2024-03-16 19:48:06,850][flwr][DEBUG] - fit_round 44 received 20 results and 0 failures
[2024-03-16 19:48:18,552][flwr][INFO] - fit progress: (44, 0.16897324074804781, {'test_accuracy': 0.6437}, 5619.623702790937)
[2024-03-16 19:48:18,552][flwr][INFO] - Sampled the following clients: ['37', '73', '34', '63', '55', '66', '58', '24', '86', '93', '80', '32', '59', '83', '88', '12', '9', '13', '29', '14']
[2024-03-16 19:48:18,552][flwr][DEBUG] - evaluate_round 44: strategy sampled 20 clients (out of 100)
[2024-03-16 19:48:21,573][flwr][DEBUG] - evaluate_round 44 received 20 results and 0 failures
[2024-03-16 19:48:21,654][flwr][INFO] - Sampled the following clients: ['87', '5', '38', '6', '65', '3', '30', '52', '29', '57', '22', '83', '70', '7', '40', '58', '8', '63', '99', '56']
[2024-03-16 19:48:21,654][flwr][DEBUG] - fit_round 45: strategy sampled 20 clients (out of 100)
[2024-03-16 19:50:15,079][flwr][DEBUG] - fit_round 45 received 20 results and 0 failures
[2024-03-16 19:50:26,859][flwr][INFO] - fit progress: (45, 0.16810143023077398, {'test_accuracy': 0.6456}, 5747.928807790973)
[2024-03-16 19:50:26,859][flwr][INFO] - Sampled the following clients: ['41', '34', '97', '31', '24', '28', '45', '16', '89', '73', '10', '43', '90', '60', '57', '32', '3', '78', '50', '40']
[2024-03-16 19:50:26,859][flwr][DEBUG] - evaluate_round 45: strategy sampled 20 clients (out of 100)
[2024-03-16 19:50:29,858][flwr][DEBUG] - evaluate_round 45 received 20 results and 0 failures
[2024-03-16 19:50:29,918][flwr][INFO] - Sampled the following clients: ['73', '34', '72', '36', '14', '39', '21', '86', '37', '3', '26', '92', '4', '24', '81', '50', '67', '52', '40', '94']
[2024-03-16 19:50:29,918][flwr][DEBUG] - fit_round 46: strategy sampled 20 clients (out of 100)
[2024-03-16 19:52:23,628][flwr][DEBUG] - fit_round 46 received 20 results and 0 failures
[2024-03-16 19:52:35,381][flwr][INFO] - fit progress: (46, 0.16542985619679093, {'test_accuracy': 0.6458}, 5876.448262124904)
[2024-03-16 19:52:35,381][flwr][INFO] - Sampled the following clients: ['67', '47', '19', '92', '73', '38', '6', '10', '61', '60', '7', '79', '93', '52', '58', '62', '56', '63', '33', '31']
[2024-03-16 19:52:35,381][flwr][DEBUG] - evaluate_round 46: strategy sampled 20 clients (out of 100)
[2024-03-16 19:52:38,392][flwr][DEBUG] - evaluate_round 46 received 20 results and 0 failures
[2024-03-16 19:52:38,460][flwr][INFO] - Sampled the following clients: ['99', '64', '61', '8', '97', '42', '88', '57', '44', '46', '32', '11', '49', '20', '28', '60', '40', '10', '69', '80']
[2024-03-16 19:52:38,460][flwr][DEBUG] - fit_round 47: strategy sampled 20 clients (out of 100)
[2024-03-16 19:54:32,182][flwr][DEBUG] - fit_round 47 received 20 results and 0 failures
[2024-03-16 19:54:43,854][flwr][INFO] - fit progress: (47, 0.1626467201590538, {'test_accuracy': 0.6524}, 6004.919503290905)
[2024-03-16 19:54:43,854][flwr][INFO] - Sampled the following clients: ['3', '31', '95', '17', '53', '18', '88', '37', '40', '64', '24', '30', '67', '85', '58', '90', '45', '74', '11', '65']
[2024-03-16 19:54:43,854][flwr][DEBUG] - evaluate_round 47: strategy sampled 20 clients (out of 100)
[2024-03-16 19:54:46,865][flwr][DEBUG] - evaluate_round 47 received 20 results and 0 failures
[2024-03-16 19:54:46,938][flwr][INFO] - Sampled the following clients: ['55', '48', '40', '10', '67', '39', '26', '58', '11', '93', '89', '3', '51', '35', '12', '59', '52', '72', '99', '53']
[2024-03-16 19:54:46,938][flwr][DEBUG] - fit_round 48: strategy sampled 20 clients (out of 100)
[2024-03-16 19:56:40,677][flwr][DEBUG] - fit_round 48 received 20 results and 0 failures
[2024-03-16 19:56:52,481][flwr][INFO] - fit progress: (48, 0.1636970943665132, {'test_accuracy': 0.6531}, 6133.544908624957)
[2024-03-16 19:56:52,481][flwr][INFO] - Sampled the following clients: ['82', '2', '84', '6', '17', '65', '46', '19', '38', '47', '85', '14', '74', '27', '43', '95', '83', '52', '49', '89']
[2024-03-16 19:56:52,481][flwr][DEBUG] - evaluate_round 48: strategy sampled 20 clients (out of 100)
[2024-03-16 19:56:55,509][flwr][DEBUG] - evaluate_round 48 received 20 results and 0 failures
[2024-03-16 19:56:55,593][flwr][INFO] - Sampled the following clients: ['20', '50', '8', '97', '24', '32', '89', '46', '63', '65', '83', '6', '40', '66', '47', '9', '68', '61', '7', '93']
[2024-03-16 19:56:55,593][flwr][DEBUG] - fit_round 49: strategy sampled 20 clients (out of 100)
[2024-03-16 19:58:49,185][flwr][DEBUG] - fit_round 49 received 20 results and 0 failures
[2024-03-16 19:59:00,800][flwr][INFO] - fit progress: (49, 0.1649197569573298, {'test_accuracy': 0.6543}, 6261.8623667079955)
[2024-03-16 19:59:00,800][flwr][INFO] - Sampled the following clients: ['25', '15', '92', '57', '34', '79', '41', '59', '93', '42', '4', '86', '95', '50', '71', '22', '8', '20', '17', '96']
[2024-03-16 19:59:00,801][flwr][DEBUG] - evaluate_round 49: strategy sampled 20 clients (out of 100)
[2024-03-16 19:59:04,077][flwr][DEBUG] - evaluate_round 49 received 20 results and 0 failures
[2024-03-16 19:59:04,180][flwr][INFO] - Sampled the following clients: ['48', '9', '22', '82', '71', '57', '19', '34', '15', '7', '68', '56', '89', '78', '31', '74', '18', '62', '36', '3']
[2024-03-16 19:59:04,180][flwr][DEBUG] - fit_round 50: strategy sampled 20 clients (out of 100)
[2024-03-16 20:00:58,782][flwr][DEBUG] - fit_round 50 received 20 results and 0 failures
[2024-03-16 20:01:10,382][flwr][INFO] - fit progress: (50, 0.16254549246560782, {'test_accuracy': 0.6548}, 6391.4421513749985)
[2024-03-16 20:01:10,382][flwr][INFO] - Sampled the following clients: ['21', '57', '20', '99', '28', '50', '37', '66', '39', '9', '78', '35', '52', '11', '25', '77', '93', '10', '89', '56']
[2024-03-16 20:01:10,382][flwr][DEBUG] - evaluate_round 50: strategy sampled 20 clients (out of 100)
[2024-03-16 20:01:13,429][flwr][DEBUG] - evaluate_round 50 received 20 results and 0 failures
[2024-03-16 20:01:13,533][flwr][INFO] - FL finished in 6394.592879832955
[2024-03-16 20:01:13,565][flwr][INFO] - app_fit: losses_distributed [(1, 0.3138550850809837), (2, 0.29226056495491337), (3, 0.26889810562133787), (4, 0.24868674710088848), (5, 0.24474271985949303), (6, 0.22720061145266707), (7, 0.21997382263748014), (8, 0.21225559614142592), (9, 0.20699190752846855), (10, 0.21195012382706818), (11, 0.20038425703437962), (12, 0.20824081324497049), (13, 0.21581722491857958), (14, 0.21151055042840997), (15, 0.21887155156202462), (16, 0.22870078033634594), (17, 0.20913539583965832), (18, 0.2583704571030578), (19, 0.23309630638235534), (20, 0.21805580747218764), (21, 0.23120112499146134), (22, 0.226281019691758), (23, 0.24076225417000907), (24, 0.22858096984267348), (25, 0.2254064060994709), (26, 0.1861962841424559), (27, 0.21825781162847213), (28, 0.22157814612669147), (29, 0.21901479603874743), (30, 0.23515785426775715), (31, 0.20537251956304725), (32, 0.21992828148056048), (33, 0.21865332248782246), (34, 0.21077994836199723), (35, 0.2329688902507175), (36, 0.22792023858910768), (37, 0.2246550431627096), (38, 0.2029448245115084), (39, 0.19847437204622037), (40, 0.21720906026680403), (41, 0.20683790816122438), (42, 0.23220055046282254), (43, 0.2141394758535245), (44, 0.19865593615805313), (45, 0.2248009521210072), (46, 0.21755491932378893), (47, 0.20787345495702206), (48, 0.1846875043177255), (49, 0.21751893224213653), (50, 0.20825878811277906)]
[2024-03-16 20:01:13,568][flwr][INFO] - app_fit: metrics_distributed_fit {'train_loss': [(1, 0.5502556724823993), (2, 0.5052384117201592), (3, 0.4584268659784206), (4, 0.41974391401648853), (5, 0.3826842017999206), (6, 0.3488197920952937), (7, 0.317654054800607), (8, 0.290830763640439), (9, 0.2591501739517302), (10, 0.2286778412083117), (11, 0.19151822380666428), (12, 0.1537758657593366), (13, 0.1224420815016926), (14, 0.09653495232571199), (15, 0.06995914690115634), (16, 0.05385821143859158), (17, 0.044829015193353215), (18, 0.02994078483645462), (19, 0.019375698928445234), (20, 0.0128143910891951), (21, 0.012236804197717423), (22, 0.008602156366454464), (23, 0.007647202435729446), (24, 0.009105308882133801), (25, 0.005310003230659938), (26, 0.006468232417753286), (27, 0.0037815480161605478), (28, 0.00338361902969681), (29, 0.003472679090160331), (30, 0.0029804081880145106), (31, 0.00286459036796606), (32, 0.0023695088560188485), (33, 0.0028526058243674153), (34, 0.00230281767218619), (35, 0.0024824415389784727), (36, 0.0022574887191307417), (37, 0.0022972964159708423), (38, 0.0021945586242651536), (39, 0.002021886143709798), (40, 0.0022825469206142726), (41, 0.001996508895688307), (42, 0.001964131367786221), (43, 0.0019462654140755483), (44, 0.0017778316473636886), (45, 0.0017533079385215471), (46, 0.0018141653507214633), (47, 0.0018560175132963058), (48, 0.0015964712065596844), (49, 0.001568987810266892), (50, 0.001639953728594214)], 'train_accuracy': [(1, 0.18686981850773024), (2, 0.249327655759749), (3, 0.32361842842730637), (4, 0.37523809523809526), (5, 0.433915770609319), (6, 0.4820668011656579), (7, 0.5364186463469296), (8, 0.5705315093070195), (9, 0.6205737337516809), (10, 0.6707002801120449), (11, 0.7231442027360395), (12, 0.7880349540667713), (13, 0.8376135471571157), (14, 0.8736417609499272), (15, 0.9194307485432541), (16, 0.9430939845412792), (17, 0.9550549204214301), (18, 0.9760277808894365), (19, 0.9885688669729912), (20, 0.9946182307433569), (21, 0.9931629679444071), (22, 0.9976460038112319), (23, 0.998654859320704), (24, 0.9958520179372198), (25, 0.9992155983863739), (26, 0.9971969951788318), (27, 0.9995520215029678), (28, 0.9998880179171332), (29, 0.9995520215029678), (30, 1.0), (31, 0.9995517202734506), (32, 1.0), (33, 0.9993272788429196), (34, 0.9998878546596389), (35, 0.9997759605690602), (36, 1.0), (37, 0.9996636771300449), (38, 1.0), (39, 0.9997757596143065), (40, 0.9997757093192778), (41, 0.999887904943392), (42, 1.0), (43, 1.0), (44, 1.0), (45, 1.0), (46, 0.9998879677347076), (47, 1.0), (48, 1.0), (49, 1.0), (50, 1.0)]}
[2024-03-16 20:01:13,569][flwr][INFO] - app_fit: metrics_distributed {'test_accuracy': [(1, 0.20918367346938777), (2, 0.23673469387755103), (3, 0.2826530612244898), (4, 0.32755102040816325), (5, 0.3846938775510204), (6, 0.4), (7, 0.44693877551020406), (8, 0.4969387755102041), (9, 0.4806122448979592), (10, 0.5102040816326531), (11, 0.5316326530612245), (12, 0.5265306122448979), (13, 0.5204081632653061), (14, 0.5591836734693878), (15, 0.5448979591836735), (16, 0.5459183673469388), (17, 0.5438775510204081), (18, 0.5459183673469388), (19, 0.563265306122449), (20, 0.5795918367346938), (21, 0.573469387755102), (22, 0.5744897959183674), (23, 0.6122448979591837), (24, 0.6091836734693877), (25, 0.6051020408163266), (26, 0.6142857142857143), (27, 0.5979591836734693), (28, 0.6112244897959184), (29, 0.6224489795918368), (30, 0.5826530612244898), (31, 0.6326530612244898), (32, 0.5989795918367347), (33, 0.6030612244897959), (34, 0.613265306122449), (35, 0.5989795918367347), (36, 0.6346938775510204), (37, 0.5867346938775511), (38, 0.6234693877551021), (39, 0.6193877551020408), (40, 0.6326530612244898), (41, 0.6510204081632653), (42, 0.6214285714285714), (43, 0.6265306122448979), (44, 0.613265306122449), (45, 0.610204081632653), (46, 0.6387755102040816), (47, 0.6030612244897959), (48, 0.6408163265306123), (49, 0.6448979591836734), (50, 0.6551020408163265)]}
[2024-03-16 20:01:13,570][flwr][INFO] - app_fit: losses_centralized [(0, 0.28781300945281985), (1, 0.27304075244665144), (2, 0.2481511826992035), (3, 0.22942688131332398), (4, 0.21378792210817338), (5, 0.2001644998550415), (6, 0.1911993193745613), (7, 0.18435484016537668), (8, 0.17980389082431794), (9, 0.17674113573431968), (10, 0.17406953831017016), (11, 0.17334690769016742), (12, 0.17646418465375902), (13, 0.1761658244639635), (14, 0.17746546281278133), (15, 0.18452907497286797), (16, 0.1832211155578494), (17, 0.18445110402330755), (18, 0.1879226291336119), (19, 0.19295556981116532), (20, 0.19212836662828922), (21, 0.1911068180669099), (22, 0.18902690943218767), (23, 0.18982044882960616), (24, 0.18430306557118892), (25, 0.18459984117411077), (26, 0.18377897777482868), (27, 0.18336869920790194), (28, 0.18276668245643377), (29, 0.18030549805406482), (30, 0.1807595038086176), (31, 0.18179044758100063), (32, 0.1787663818974048), (33, 0.176051730832085), (34, 0.17728208970576526), (35, 0.1736004632860422), (36, 0.17198726492114366), (37, 0.1732037095475942), (38, 0.17203039609715343), (39, 0.170465601612255), (40, 0.1690047491611913), (41, 0.16895080245863647), (42, 0.16929444305505603), (43, 0.16728428197950124), (44, 0.16897324074804781), (45, 0.16810143023077398), (46, 0.16542985619679093), (47, 0.1626467201590538), (48, 0.1636970943665132), (49, 0.1649197569573298), (50, 0.16254549246560782)]
[2024-03-16 20:01:13,570][flwr][INFO] - app_fit: metrics_centralized {'test_accuracy': [(0, 0.1315), (1, 0.2123), (2, 0.2637), (3, 0.3055), (4, 0.3552), (5, 0.4106), (6, 0.4357), (7, 0.4612), (8, 0.4767), (9, 0.4928), (10, 0.5056), (11, 0.5149), (12, 0.5193), (13, 0.5419), (14, 0.5428), (15, 0.5522), (16, 0.564), (17, 0.5698), (18, 0.5725), (19, 0.5782), (20, 0.5906), (21, 0.5935), (22, 0.5913), (23, 0.6035), (24, 0.6088), (25, 0.6151), (26, 0.6148), (27, 0.617), (28, 0.6195), (29, 0.6234), (30, 0.6243), (31, 0.6254), (32, 0.6274), (33, 0.6278), (34, 0.6336), (35, 0.6326), (36, 0.6337), (37, 0.6361), (38, 0.6369), (39, 0.6393), (40, 0.6409), (41, 0.6421), (42, 0.6405), (43, 0.6446), (44, 0.6437), (45, 0.6456), (46, 0.6458), (47, 0.6524), (48, 0.6531), (49, 0.6543), (50, 0.6548)]}
[2024-03-16 20:01:16,164][flwr][INFO] - Cleaned up ray temp session: /tmp/ray/session_2024-03-16_18-14-25_091863_20874 with size: 699730706432
[2024-03-16 20:01:16,165][flwr][INFO] - Saving ['yaml', 'log', 'wandb']
