[2024-03-24 14:46:17,127][flwr][INFO] - working_dir: null
to_save_once:
- yaml
- log
- wandb
to_save_per_round:
- parameters
- rng
- history
save_frequency: 1
to_restore: []
to_clean_once:
- history
- parameters
- yaml
- log
- rng
- history
use_wandb: false
debug_clients:
  all: false
  one: true
wandb_resume: false
wandb_id: null
wandb:
  setup:
    project: template
    tags:
    - strategy_${strategy.name}
    - seed_${fed.seed}
    entity: null
    mode: online
ray_address: null
ray_redis_password: null
ray_node_ip_address: null
file_limit: 250
task:
  model_and_data: FMNIST_CNN
  train_structure: FMNIST
  fit_config:
    net_config: {}
    dataloader_config:
      batch_size: 4
    run_config:
      epochs: 1
      learning_rate: 0.01
      optimizer: sgd
    extra: {}
  eval_config:
    net_config: {}
    dataloader_config:
      batch_size: 8
    run_config: {}
    extra: {}
  fed_test_config:
    net_config: {}
    dataloader_config:
      batch_size: 8
    run_config: {}
    extra: {}
  net_config_initial_parameters: {}
  fit_metrics:
  - train_loss
  - train_accuracy
  evaluate_metrics:
  - test_accuracy
fed:
  num_rounds: 5
  num_total_clients: 100
  num_clients_per_round: 20
  num_evaluate_clients_per_round: 20
  enable_resampling: false
  cpus_per_client: 2
  gpus_per_client: 0
  seed: 1337
  load_saved_state: true
  server_round: null
  parameters_folder: null
  rng_folder: null
  history_folder: null
strategy:
  name: FedAvg
  init:
    _target_: flwr.server.strategy.FedAvg
dataset:
  dataset_dir: ./data/fmnist/data
  partition_dir: ./data/fmnist/partition
  num_clients: 100
  val_ratio: 0.1
  seed: 1337
  iid: false
  power_law: false
  balance: false
  lda: true
  alpha: 1.0

[2024-03-24 14:46:17,147][flwr][INFO] - Wandb run initialized with False
[2024-03-24 14:46:17,147][flwr][INFO] - Pre-cleaning ['history', 'parameters', 'yaml', 'log', 'rng', 'history']
[2024-03-24 14:46:17,148][flwr][INFO] - Loading parameters failed from: /Users/grantwilkins/fl-final-proj/outputs/2024-03-24/14-46-17/results/state/parameters/parameters_0.bin
[2024-03-24 14:46:17,148][flwr][INFO] - Generating initial parameters with config: {}
[2024-03-24 14:46:17,148][flwr][INFO] - Generating initial parameters with config: {}
[2024-03-24 14:46:17,161][flwr][INFO] - Using RNG seed: 1337
[2024-03-24 14:46:18,998][flwr][INFO] - Fit debug fit: [515, {'train_loss': 0.3746807665211483, 'train_accuracy': 0.5009708737864078}]  and eval: (0.32089558400605855, 57, {'test_accuracy': 0.12280701754385964})
[2024-03-24 14:46:18,999][flwr][INFO] - Starting Flower simulation, config: ServerConfig(num_rounds=5, round_timeout=None)
[2024-03-24 14:46:21,803][flwr][INFO] - Flower VCE: Ray initialized with resources: {'object_store_memory': 2147483648.0, 'node:127.0.0.1': 1.0, 'CPU': 10.0, 'node:__internal_head__': 1.0, 'memory': 18035172967.0}
[2024-03-24 14:46:21,804][flwr][INFO] - Optimize your simulation with Flower VCE: https://flower.dev/docs/framework/how-to-run-simulations.html
[2024-03-24 14:46:21,804][flwr][INFO] - Flower VCE: Resources for each Virtual Client: {'num_cpus': 2, 'num_gpus': 0.0}
[2024-03-24 14:46:21,811][flwr][INFO] - Flower VCE: Creating VirtualClientEngineActorPool with 5 actors
[2024-03-24 14:46:21,811][flwr][INFO] - Initializing global parameters
[2024-03-24 14:46:21,811][flwr][INFO] - Using initial parameters provided by strategy
[2024-03-24 14:46:21,811][flwr][INFO] - Evaluating initial parameters
[2024-03-24 14:46:25,806][flwr][INFO] - initial parameters (loss, other metrics): 0.28815141007900236, {'test_accuracy': 0.1364}
[2024-03-24 14:46:25,811][flwr][INFO] - FL starting
[2024-03-24 14:46:25,812][flwr][INFO] - Sampled the following clients: ['18', '62', '29', '0', '45', '56', '26', '93', '96', '76', '83', '92', '99', '54', '43', '3', '84', '27', '37', '59']
[2024-03-24 14:46:25,812][flwr][DEBUG] - fit_round 1: strategy sampled 20 clients (out of 100)
[2024-03-24 14:46:33,554][flwr][DEBUG] - fit_round 1 received 20 results and 0 failures
[2024-03-24 14:46:36,891][flwr][INFO] - fit progress: (1, 0.20072531418800355, {'test_accuracy': 0.5033}, 11.079124958952889)
[2024-03-24 14:46:36,891][flwr][INFO] - Sampled the following clients: ['41', '72', '1', '61', '47', '80', '99', '97', '54', '10', '58', '93', '89', '30', '23', '14', '31', '68', '96', '66']
[2024-03-24 14:46:36,891][flwr][DEBUG] - evaluate_round 1: strategy sampled 20 clients (out of 100)
[2024-03-24 14:46:37,442][flwr][DEBUG] - evaluate_round 1 received 20 results and 0 failures
[2024-03-24 14:46:37,448][flwr][INFO] - Sampled the following clients: ['0', '59', '24', '71', '20', '33', '69', '36', '73', '9', '61', '14', '37', '84', '42', '27', '79', '31', '46', '53']
[2024-03-24 14:46:37,448][flwr][DEBUG] - fit_round 2: strategy sampled 20 clients (out of 100)
[2024-03-24 14:46:42,747][flwr][DEBUG] - fit_round 2 received 20 results and 0 failures
[2024-03-24 14:46:45,967][flwr][INFO] - fit progress: (2, 0.12139464886188507, {'test_accuracy': 0.6748}, 20.155321166850626)
[2024-03-24 14:46:45,967][flwr][INFO] - Sampled the following clients: ['18', '80', '54', '3', '75', '57', '0', '27', '22', '23', '99', '78', '37', '2', '51', '55', '58', '4', '44', '74']
[2024-03-24 14:46:45,967][flwr][DEBUG] - evaluate_round 2: strategy sampled 20 clients (out of 100)
[2024-03-24 14:46:46,362][flwr][DEBUG] - evaluate_round 2 received 20 results and 0 failures
[2024-03-24 14:46:46,368][flwr][INFO] - Sampled the following clients: ['40', '96', '0', '76', '54', '73', '31', '66', '72', '32', '74', '12', '75', '55', '15', '83', '56', '19', '9', '90']
[2024-03-24 14:46:46,368][flwr][DEBUG] - fit_round 3: strategy sampled 20 clients (out of 100)
[2024-03-24 14:46:51,469][flwr][DEBUG] - fit_round 3 received 20 results and 0 failures
[2024-03-24 14:46:54,490][flwr][INFO] - fit progress: (3, 0.10294909218549729, {'test_accuracy': 0.7028}, 28.678663374856114)
[2024-03-24 14:46:54,490][flwr][INFO] - Sampled the following clients: ['21', '94', '43', '95', '75', '77', '53', '41', '11', '67', '28', '84', '7', '57', '4', '91', '6', '76', '2', '25']
[2024-03-24 14:46:54,490][flwr][DEBUG] - evaluate_round 3: strategy sampled 20 clients (out of 100)
[2024-03-24 14:46:54,873][flwr][DEBUG] - evaluate_round 3 received 20 results and 0 failures
[2024-03-24 14:46:54,879][flwr][INFO] - Sampled the following clients: ['96', '98', '53', '49', '10', '18', '42', '63', '37', '88', '94', '81', '31', '56', '74', '50', '86', '25', '15', '28']
[2024-03-24 14:46:54,879][flwr][DEBUG] - fit_round 4: strategy sampled 20 clients (out of 100)
[2024-03-24 14:46:59,905][flwr][DEBUG] - fit_round 4 received 20 results and 0 failures
[2024-03-24 14:47:02,968][flwr][INFO] - fit progress: (4, 0.0937011503919959, {'test_accuracy': 0.7283}, 37.15635241684504)
[2024-03-24 14:47:02,968][flwr][INFO] - Sampled the following clients: ['36', '62', '92', '38', '75', '54', '45', '8', '26', '7', '91', '63', '43', '52', '66', '10', '83', '60', '55', '21']
[2024-03-24 14:47:02,968][flwr][DEBUG] - evaluate_round 4: strategy sampled 20 clients (out of 100)
[2024-03-24 14:47:03,324][flwr][DEBUG] - evaluate_round 4 received 20 results and 0 failures
[2024-03-24 14:47:03,334][flwr][INFO] - Sampled the following clients: ['3', '38', '10', '6', '91', '66', '41', '36', '94', '40', '8', '35', '69', '79', '27', '64', '65', '70', '59', '20']
[2024-03-24 14:47:03,334][flwr][DEBUG] - fit_round 5: strategy sampled 20 clients (out of 100)
[2024-03-24 14:47:08,467][flwr][DEBUG] - fit_round 5 received 20 results and 0 failures
[2024-03-24 14:47:11,514][flwr][INFO] - fit progress: (5, 0.08818341511785983, {'test_accuracy': 0.7378}, 45.70289370883256)
[2024-03-24 14:47:11,515][flwr][INFO] - Sampled the following clients: ['18', '81', '51', '75', '11', '66', '76', '39', '10', '89', '96', '57', '79', '50', '40', '90', '45', '46', '31', '61']
[2024-03-24 14:47:11,515][flwr][DEBUG] - evaluate_round 5: strategy sampled 20 clients (out of 100)
[2024-03-24 14:47:11,901][flwr][DEBUG] - evaluate_round 5 received 20 results and 0 failures
[2024-03-24 14:47:11,908][flwr][INFO] - FL finished in 46.0960453748703
[2024-03-24 14:47:11,918][flwr][INFO] - app_fit: losses_distributed [(1, 0.22252552517438076), (2, 0.12338578940953239), (3, 0.11012955408874624), (4, 0.09601585015641903), (5, 0.08881625653507841)]
[2024-03-24 14:47:11,918][flwr][INFO] - app_fit: metrics_distributed_fit {'train_loss': [(1, 0.40195709488231585), (2, 0.26356521019170187), (3, 0.1987469300922517), (4, 0.18707977379851295), (5, 0.16203998397472744)], 'train_accuracy': [(1, 0.47437705688763515), (2, 0.624233549922211), (3, 0.7104080868588544), (4, 0.7238528701467584), (5, 0.7620834859025998)]}
[2024-03-24 14:47:11,918][flwr][INFO] - app_fit: metrics_distributed {'test_accuracy': [(1, 0.4722932651321398), (2, 0.6796610169491526), (3, 0.6921140939597316), (4, 0.7451146983857264), (5, 0.750210970464135)]}
[2024-03-24 14:47:11,918][flwr][INFO] - app_fit: losses_centralized [(0, 0.28815141007900236), (1, 0.20072531418800355), (2, 0.12139464886188507), (3, 0.10294909218549729), (4, 0.0937011503919959), (5, 0.08818341511785983)]
[2024-03-24 14:47:11,918][flwr][INFO] - app_fit: metrics_centralized {'test_accuracy': [(0, 0.1364), (1, 0.5033), (2, 0.6748), (3, 0.7028), (4, 0.7283), (5, 0.7378)]}
[2024-03-24 14:47:13,447][flwr][INFO] - Cleaned up ray temp session: /tmp/ray/session_2024-03-24_14-46-19_029866_78635 with size: 911574061056
[2024-03-24 14:47:13,448][flwr][INFO] - Saving ['yaml', 'log', 'wandb']
[2024-03-24 14:47:13,452][flwr][INFO] - Post-cleaning ['history', 'parameters', 'yaml', 'log', 'rng', 'history']
