[2024-03-24 14:47:24,906][flwr][INFO] - working_dir: null
to_save_once:
- yaml
- log
- wandb
to_save_per_round:
- parameters
- rng
- history
save_frequency: 1
to_restore: []
to_clean_once:
- history
- parameters
- yaml
- log
- rng
- history
use_wandb: false
debug_clients:
  all: false
  one: true
wandb_resume: false
wandb_id: null
wandb:
  setup:
    project: template
    tags:
    - strategy_${strategy.name}
    - seed_${fed.seed}
    entity: null
    mode: online
ray_address: null
ray_redis_password: null
ray_node_ip_address: null
file_limit: 250
task:
  model_and_data: FMNIST_CNN
  train_structure: FMNIST
  fit_config:
    net_config: {}
    dataloader_config:
      batch_size: 4
    run_config:
      epochs: 1
      learning_rate: 0.001
      optimizer: adam
    extra: {}
  eval_config:
    net_config: {}
    dataloader_config:
      batch_size: 8
    run_config: {}
    extra: {}
  fed_test_config:
    net_config: {}
    dataloader_config:
      batch_size: 8
    run_config: {}
    extra: {}
  net_config_initial_parameters: {}
  fit_metrics:
  - train_loss
  - train_accuracy
  evaluate_metrics:
  - test_accuracy
fed:
  num_rounds: 5
  num_total_clients: 100
  num_clients_per_round: 20
  num_evaluate_clients_per_round: 20
  enable_resampling: false
  cpus_per_client: 2
  gpus_per_client: 0
  seed: 1337
  load_saved_state: true
  server_round: null
  parameters_folder: null
  rng_folder: null
  history_folder: null
strategy:
  name: FedAvg
  init:
    _target_: flwr.server.strategy.FedAvg
dataset:
  dataset_dir: ./data/fmnist/data
  partition_dir: ./data/fmnist/partition
  num_clients: 100
  val_ratio: 0.1
  seed: 1337
  iid: false
  power_law: false
  balance: false
  lda: true
  alpha: 1.0

[2024-03-24 14:47:24,926][flwr][INFO] - Wandb run initialized with False
[2024-03-24 14:47:24,926][flwr][INFO] - Pre-cleaning ['history', 'parameters', 'yaml', 'log', 'rng', 'history']
[2024-03-24 14:47:24,926][flwr][INFO] - Loading parameters failed from: /Users/grantwilkins/fl-final-proj/outputs/2024-03-24/14-47-24/results/state/parameters/parameters_0.bin
[2024-03-24 14:47:24,926][flwr][INFO] - Generating initial parameters with config: {}
[2024-03-24 14:47:24,926][flwr][INFO] - Generating initial parameters with config: {}
[2024-03-24 14:47:24,938][flwr][INFO] - Using RNG seed: 1337
[2024-03-24 14:47:27,395][flwr][INFO] - Fit debug fit: [515, {'train_loss': 0.26768100846160964, 'train_accuracy': 0.6388349514563106}]  and eval: (0.319594985560367, 57, {'test_accuracy': 0.03508771929824561})
[2024-03-24 14:47:27,396][flwr][INFO] - Starting Flower simulation, config: ServerConfig(num_rounds=5, round_timeout=None)
[2024-03-24 14:47:29,987][flwr][INFO] - Flower VCE: Ray initialized with resources: {'memory': 17167468135.0, 'CPU': 10.0, 'object_store_memory': 2147483648.0, 'node:__internal_head__': 1.0, 'node:127.0.0.1': 1.0}
[2024-03-24 14:47:29,987][flwr][INFO] - Optimize your simulation with Flower VCE: https://flower.dev/docs/framework/how-to-run-simulations.html
[2024-03-24 14:47:29,987][flwr][INFO] - Flower VCE: Resources for each Virtual Client: {'num_cpus': 2, 'num_gpus': 0.0}
[2024-03-24 14:47:29,994][flwr][INFO] - Flower VCE: Creating VirtualClientEngineActorPool with 5 actors
[2024-03-24 14:47:29,994][flwr][INFO] - Initializing global parameters
[2024-03-24 14:47:29,994][flwr][INFO] - Using initial parameters provided by strategy
[2024-03-24 14:47:29,995][flwr][INFO] - Evaluating initial parameters
[2024-03-24 14:47:33,343][flwr][INFO] - initial parameters (loss, other metrics): 0.28757091178894045, {'test_accuracy': 0.1023}
[2024-03-24 14:47:33,349][flwr][INFO] - FL starting
[2024-03-24 14:47:33,350][flwr][INFO] - Sampled the following clients: ['18', '62', '29', '0', '45', '56', '26', '93', '96', '76', '83', '92', '99', '54', '43', '3', '84', '27', '37', '59']
[2024-03-24 14:47:33,350][flwr][DEBUG] - fit_round 1: strategy sampled 20 clients (out of 100)
[2024-03-24 14:47:43,424][flwr][DEBUG] - fit_round 1 received 20 results and 0 failures
[2024-03-24 14:47:46,685][flwr][INFO] - fit progress: (1, 0.24247665461301804, {'test_accuracy': 0.6061}, 13.335114166140556)
[2024-03-24 14:47:46,685][flwr][INFO] - Sampled the following clients: ['41', '72', '1', '61', '47', '80', '99', '97', '54', '10', '58', '93', '89', '30', '23', '14', '31', '68', '96', '66']
[2024-03-24 14:47:46,685][flwr][DEBUG] - evaluate_round 1: strategy sampled 20 clients (out of 100)
[2024-03-24 14:47:47,213][flwr][DEBUG] - evaluate_round 1 received 20 results and 0 failures
[2024-03-24 14:47:47,225][flwr][INFO] - Sampled the following clients: ['0', '59', '24', '71', '20', '33', '69', '36', '73', '9', '61', '14', '37', '84', '42', '27', '79', '31', '46', '53']
[2024-03-24 14:47:47,225][flwr][DEBUG] - fit_round 2: strategy sampled 20 clients (out of 100)
[2024-03-24 14:47:54,654][flwr][DEBUG] - fit_round 2 received 20 results and 0 failures
[2024-03-24 14:47:57,688][flwr][INFO] - fit progress: (2, 0.10216150934100152, {'test_accuracy': 0.7139}, 24.33801516611129)
[2024-03-24 14:47:57,688][flwr][INFO] - Sampled the following clients: ['18', '80', '54', '3', '75', '57', '0', '27', '22', '23', '99', '78', '37', '2', '51', '55', '58', '4', '44', '74']
[2024-03-24 14:47:57,688][flwr][DEBUG] - evaluate_round 2: strategy sampled 20 clients (out of 100)
[2024-03-24 14:47:58,137][flwr][DEBUG] - evaluate_round 2 received 20 results and 0 failures
[2024-03-24 14:47:58,146][flwr][INFO] - Sampled the following clients: ['40', '96', '0', '76', '54', '73', '31', '66', '72', '32', '74', '12', '75', '55', '15', '83', '56', '19', '9', '90']
[2024-03-24 14:47:58,146][flwr][DEBUG] - fit_round 3: strategy sampled 20 clients (out of 100)
[2024-03-24 14:48:05,272][flwr][DEBUG] - fit_round 3 received 20 results and 0 failures
[2024-03-24 14:48:08,381][flwr][INFO] - fit progress: (3, 0.08323875283822417, {'test_accuracy': 0.7566}, 35.031773291062564)
[2024-03-24 14:48:08,381][flwr][INFO] - Sampled the following clients: ['21', '94', '43', '95', '75', '77', '53', '41', '11', '67', '28', '84', '7', '57', '4', '91', '6', '76', '2', '25']
[2024-03-24 14:48:08,381][flwr][DEBUG] - evaluate_round 3: strategy sampled 20 clients (out of 100)
[2024-03-24 14:48:08,782][flwr][DEBUG] - evaluate_round 3 received 20 results and 0 failures
[2024-03-24 14:48:08,788][flwr][INFO] - Sampled the following clients: ['96', '98', '53', '49', '10', '18', '42', '63', '37', '88', '94', '81', '31', '56', '74', '50', '86', '25', '15', '28']
[2024-03-24 14:48:08,788][flwr][DEBUG] - fit_round 4: strategy sampled 20 clients (out of 100)
[2024-03-24 14:48:15,991][flwr][DEBUG] - fit_round 4 received 20 results and 0 failures
[2024-03-24 14:48:19,064][flwr][INFO] - fit progress: (4, 0.0754110833980143, {'test_accuracy': 0.7686}, 45.71458329120651)
[2024-03-24 14:48:19,064][flwr][INFO] - Sampled the following clients: ['36', '62', '92', '38', '75', '54', '45', '8', '26', '7', '91', '63', '43', '52', '66', '10', '83', '60', '55', '21']
[2024-03-24 14:48:19,064][flwr][DEBUG] - evaluate_round 4: strategy sampled 20 clients (out of 100)
[2024-03-24 14:48:19,442][flwr][DEBUG] - evaluate_round 4 received 20 results and 0 failures
[2024-03-24 14:48:19,448][flwr][INFO] - Sampled the following clients: ['3', '38', '10', '6', '91', '66', '41', '36', '94', '40', '8', '35', '69', '79', '27', '64', '65', '70', '59', '20']
[2024-03-24 14:48:19,448][flwr][DEBUG] - fit_round 5: strategy sampled 20 clients (out of 100)
[2024-03-24 14:48:26,681][flwr][DEBUG] - fit_round 5 received 20 results and 0 failures
[2024-03-24 14:48:29,757][flwr][INFO] - fit progress: (5, 0.07208841660544277, {'test_accuracy': 0.7876}, 56.40734204114415)
[2024-03-24 14:48:29,757][flwr][INFO] - Sampled the following clients: ['18', '81', '51', '75', '11', '66', '76', '39', '10', '89', '96', '57', '79', '50', '40', '90', '45', '46', '31', '61']
[2024-03-24 14:48:29,757][flwr][DEBUG] - evaluate_round 5: strategy sampled 20 clients (out of 100)
[2024-03-24 14:48:30,133][flwr][DEBUG] - evaluate_round 5 received 20 results and 0 failures
[2024-03-24 14:48:30,142][flwr][INFO] - FL finished in 56.79233904113062
[2024-03-24 14:48:30,155][flwr][INFO] - app_fit: losses_distributed [(1, 0.2629122777769734), (2, 0.10108203098683034), (3, 0.08838074170787437), (4, 0.07790376766511226), (5, 0.07346744202372112)]
[2024-03-24 14:48:30,155][flwr][INFO] - app_fit: metrics_distributed_fit {'train_loss': [(1, 0.2642214321506562), (2, 0.21537791240642531), (3, 0.1684977516992092), (4, 0.15967355328667993), (5, 0.14140588258669512)], 'train_accuracy': [(1, 0.655571227080395), (2, 0.7071474329642171), (3, 0.7618869337326843), (4, 0.7729890395690135), (5, 0.7947638227755401)]}
[2024-03-24 14:48:30,155][flwr][INFO] - app_fit: metrics_distributed {'test_accuracy': [(1, 0.5745950554134698), (2, 0.714406779661017), (3, 0.7390939597315436), (4, 0.7901444350042481), (5, 0.7864978902953587)]}
[2024-03-24 14:48:30,155][flwr][INFO] - app_fit: losses_centralized [(0, 0.28757091178894045), (1, 0.24247665461301804), (2, 0.10216150934100152), (3, 0.08323875283822417), (4, 0.0754110833980143), (5, 0.07208841660544277)]
[2024-03-24 14:48:30,155][flwr][INFO] - app_fit: metrics_centralized {'test_accuracy': [(0, 0.1023), (1, 0.6061), (2, 0.7139), (3, 0.7566), (4, 0.7686), (5, 0.7876)]}
[2024-03-24 14:48:31,871][flwr][INFO] - Cleaned up ray temp session: /tmp/ray/session_2024-03-24_14-47-27_437902_78715 with size: 911546085376
[2024-03-24 14:48:31,872][flwr][INFO] - Saving ['yaml', 'log', 'wandb']
