[2024-03-19 19:17:38,320][flwr][INFO] - working_dir: null
to_save_once:
- yaml
- log
- wandb
to_save_per_round:
- parameters
- rng
- history
save_frequency: 1
to_restore: []
to_clean_once:
- history
- parameters
- yaml
- log
- rng
- history
use_wandb: false
debug_clients:
  all: false
  one: true
wandb_resume: false
wandb_id: null
wandb:
  setup:
    project: template
    tags:
    - strategy_${strategy.name}
    - seed_${fed.seed}
    entity: null
    mode: online
ray_address: null
ray_redis_password: null
ray_node_ip_address: null
file_limit: 250
task:
  model_and_data: FMNIST_CNN
  train_structure: FMNIST
  fit_config:
    net_config: {}
    dataloader_config:
      batch_size: 4
    run_config:
      epochs: 1
      learning_rate: 0.01
      optimizer: block_mc
    extra: {}
  eval_config:
    net_config: {}
    dataloader_config:
      batch_size: 8
    run_config: {}
    extra: {}
  fed_test_config:
    net_config: {}
    dataloader_config:
      batch_size: 8
    run_config: {}
    extra: {}
  net_config_initial_parameters: {}
  fit_metrics:
  - train_loss
  - train_accuracy
  evaluate_metrics:
  - test_accuracy
fed:
  num_rounds: 50
  num_total_clients: 100
  num_clients_per_round: 20
  num_evaluate_clients_per_round: 20
  enable_resampling: false
  cpus_per_client: 2
  gpus_per_client: 0
  seed: 1337
  load_saved_state: true
  server_round: null
  parameters_folder: null
  rng_folder: null
  history_folder: null
strategy:
  name: FedAvg
  init:
    _target_: flwr.server.strategy.FedAvg
dataset:
  dataset_dir: ./data/fmnist/data
  partition_dir: ./data/fmnist/partition
  num_clients: 100
  val_ratio: 0.1
  seed: 1337
  iid: false
  power_law: false
  balance: false
  lda: true
  alpha: 100.0

[2024-03-19 19:17:38,341][flwr][INFO] - Wandb run initialized with False
[2024-03-19 19:17:38,341][flwr][INFO] - Pre-cleaning ['history', 'parameters', 'yaml', 'log', 'rng', 'history']
[2024-03-19 19:17:38,341][flwr][INFO] - Loading parameters failed from: /Users/grantwilkins/fl-final-proj/outputs/2024-03-19/19-17-38/results/state/parameters/parameters_0.bin
[2024-03-19 19:17:38,341][flwr][INFO] - Generating initial parameters with config: {}
[2024-03-19 19:17:38,341][flwr][INFO] - Generating initial parameters with config: {}
[2024-03-19 19:17:38,354][flwr][INFO] - Using RNG seed: 1337
[2024-03-19 19:18:00,593][flwr][INFO] - Fit debug fit: [536, {'train_loss': 0.5701107009133296, 'train_accuracy': 0.16791044776119404}]  and eval: (0.3125434851242324, 59, {'test_accuracy': 0.0847457627118644})
[2024-03-19 19:18:00,594][flwr][INFO] - Starting Flower simulation, config: ServerConfig(num_rounds=50, round_timeout=None)
[2024-03-19 19:18:04,180][flwr][INFO] - Flower VCE: Ray initialized with resources: {'memory': 17713777869.0, 'node:__internal_head__': 1.0, 'node:127.0.0.1': 1.0, 'CPU': 10.0, 'object_store_memory': 2147483648.0}
[2024-03-19 19:18:04,180][flwr][INFO] - Optimize your simulation with Flower VCE: https://flower.dev/docs/framework/how-to-run-simulations.html
[2024-03-19 19:18:04,180][flwr][INFO] - Flower VCE: Resources for each Virtual Client: {'num_cpus': 2, 'num_gpus': 0.0}
[2024-03-19 19:18:04,187][flwr][INFO] - Flower VCE: Creating VirtualClientEngineActorPool with 5 actors
[2024-03-19 19:18:04,187][flwr][INFO] - Initializing global parameters
[2024-03-19 19:18:04,187][flwr][INFO] - Using initial parameters provided by strategy
[2024-03-19 19:18:04,187][flwr][INFO] - Evaluating initial parameters
[2024-03-19 19:18:07,627][flwr][INFO] - initial parameters (loss, other metrics): 0.28787099821567536, {'test_accuracy': 0.15}
[2024-03-19 19:18:07,633][flwr][INFO] - FL starting
[2024-03-19 19:18:07,633][flwr][INFO] - Sampled the following clients: ['18', '62', '29', '0', '45', '56', '26', '93', '96', '76', '83', '92', '99', '54', '43', '3', '84', '27', '37', '59']
[2024-03-19 19:18:07,633][flwr][DEBUG] - fit_round 1: strategy sampled 20 clients (out of 100)
[2024-03-19 19:21:43,184][flwr][DEBUG] - fit_round 1 received 20 results and 0 failures
[2024-03-19 19:21:46,013][flwr][INFO] - fit progress: (1, 0.2810617275476456, {'test_accuracy': 0.383}, 218.3802492080722)
[2024-03-19 19:21:46,013][flwr][INFO] - Sampled the following clients: ['41', '72', '1', '61', '47', '80', '99', '97', '54', '10', '58', '93', '89', '30', '23', '14', '31', '68', '96', '66']
[2024-03-19 19:21:46,013][flwr][DEBUG] - evaluate_round 1: strategy sampled 20 clients (out of 100)
[2024-03-19 19:21:47,057][flwr][DEBUG] - evaluate_round 1 received 20 results and 0 failures
[2024-03-19 19:21:47,078][flwr][INFO] - Sampled the following clients: ['0', '59', '24', '71', '20', '33', '69', '36', '73', '9', '61', '14', '37', '84', '42', '27', '79', '31', '46', '53']
[2024-03-19 19:21:47,078][flwr][DEBUG] - fit_round 2: strategy sampled 20 clients (out of 100)
[2024-03-19 19:25:19,944][flwr][DEBUG] - fit_round 2 received 20 results and 0 failures
[2024-03-19 19:25:22,770][flwr][INFO] - fit progress: (2, 0.27295037701129915, {'test_accuracy': 0.5787}, 435.1365958750248)
[2024-03-19 19:25:22,770][flwr][INFO] - Sampled the following clients: ['18', '80', '54', '3', '75', '57', '0', '27', '22', '23', '99', '78', '37', '2', '51', '55', '58', '4', '44', '74']
[2024-03-19 19:25:22,770][flwr][DEBUG] - evaluate_round 2: strategy sampled 20 clients (out of 100)
[2024-03-19 19:25:23,778][flwr][DEBUG] - evaluate_round 2 received 20 results and 0 failures
[2024-03-19 19:25:23,805][flwr][INFO] - Sampled the following clients: ['40', '96', '0', '76', '54', '73', '31', '66', '72', '32', '74', '12', '75', '55', '15', '83', '56', '19', '9', '90']
[2024-03-19 19:25:23,805][flwr][DEBUG] - fit_round 3: strategy sampled 20 clients (out of 100)
[2024-03-19 19:29:00,727][flwr][DEBUG] - fit_round 3 received 20 results and 0 failures
[2024-03-19 19:29:03,559][flwr][INFO] - fit progress: (3, 0.2618075604915619, {'test_accuracy': 0.6149}, 655.9247333749663)
[2024-03-19 19:29:03,559][flwr][INFO] - Sampled the following clients: ['21', '94', '43', '95', '75', '77', '53', '41', '11', '67', '28', '84', '7', '57', '4', '91', '6', '76', '2', '25']
[2024-03-19 19:29:03,559][flwr][DEBUG] - evaluate_round 3: strategy sampled 20 clients (out of 100)
[2024-03-19 19:29:04,626][flwr][DEBUG] - evaluate_round 3 received 20 results and 0 failures
[2024-03-19 19:29:04,653][flwr][INFO] - Sampled the following clients: ['96', '98', '53', '49', '10', '18', '42', '63', '37', '88', '94', '81', '31', '56', '74', '50', '86', '25', '15', '28']
[2024-03-19 19:29:04,653][flwr][DEBUG] - fit_round 4: strategy sampled 20 clients (out of 100)
[2024-03-19 19:32:41,126][flwr][DEBUG] - fit_round 4 received 20 results and 0 failures
[2024-03-19 19:32:44,013][flwr][INFO] - fit progress: (4, 0.24724911085367202, {'test_accuracy': 0.637}, 876.3779450419825)
[2024-03-19 19:32:44,013][flwr][INFO] - Sampled the following clients: ['36', '62', '92', '38', '75', '54', '45', '8', '26', '7', '91', '63', '43', '52', '66', '10', '83', '60', '55', '21']
[2024-03-19 19:32:44,013][flwr][DEBUG] - evaluate_round 4: strategy sampled 20 clients (out of 100)
[2024-03-19 19:32:45,035][flwr][DEBUG] - evaluate_round 4 received 20 results and 0 failures
[2024-03-19 19:32:45,056][flwr][INFO] - Sampled the following clients: ['3', '38', '10', '6', '91', '66', '41', '36', '94', '40', '8', '35', '69', '79', '27', '64', '65', '70', '59', '20']
[2024-03-19 19:32:45,056][flwr][DEBUG] - fit_round 5: strategy sampled 20 clients (out of 100)
[2024-03-19 19:36:19,332][flwr][DEBUG] - fit_round 5 received 20 results and 0 failures
[2024-03-19 19:36:22,170][flwr][INFO] - fit progress: (5, 0.2298999525308609, {'test_accuracy': 0.6439}, 1094.5351302081253)
[2024-03-19 19:36:22,170][flwr][INFO] - Sampled the following clients: ['18', '81', '51', '75', '11', '66', '76', '39', '10', '89', '96', '57', '79', '50', '40', '90', '45', '46', '31', '61']
[2024-03-19 19:36:22,170][flwr][DEBUG] - evaluate_round 5: strategy sampled 20 clients (out of 100)
[2024-03-19 19:36:23,156][flwr][DEBUG] - evaluate_round 5 received 20 results and 0 failures
[2024-03-19 19:36:23,173][flwr][INFO] - Sampled the following clients: ['53', '40', '33', '94', '26', '41', '52', '3', '31', '69', '76', '81', '27', '71', '18', '91', '2', '44', '11', '84']
[2024-03-19 19:36:23,173][flwr][DEBUG] - fit_round 6: strategy sampled 20 clients (out of 100)
[2024-03-19 19:39:58,871][flwr][DEBUG] - fit_round 6 received 20 results and 0 failures
[2024-03-19 19:40:01,718][flwr][INFO] - fit progress: (6, 0.21128344777822494, {'test_accuracy': 0.641}, 1314.0822674999945)
[2024-03-19 19:40:01,718][flwr][INFO] - Sampled the following clients: ['40', '30', '61', '48', '49', '90', '2', '85', '27', '65', '80', '12', '74', '47', '39', '69', '63', '86', '87', '66']
[2024-03-19 19:40:01,718][flwr][DEBUG] - evaluate_round 6: strategy sampled 20 clients (out of 100)
[2024-03-19 19:40:02,710][flwr][DEBUG] - evaluate_round 6 received 20 results and 0 failures
[2024-03-19 19:40:02,728][flwr][INFO] - Sampled the following clients: ['63', '74', '14', '11', '58', '76', '92', '62', '73', '22', '65', '91', '47', '71', '56', '10', '40', '17', '33', '34']
[2024-03-19 19:40:02,728][flwr][DEBUG] - fit_round 7: strategy sampled 20 clients (out of 100)
[2024-03-19 19:43:39,070][flwr][DEBUG] - fit_round 7 received 20 results and 0 failures
[2024-03-19 19:43:41,875][flwr][INFO] - fit progress: (7, 0.1934967146396637, {'test_accuracy': 0.6611}, 1534.2383118751459)
[2024-03-19 19:43:41,875][flwr][INFO] - Sampled the following clients: ['9', '28', '80', '42', '19', '82', '17', '84', '43', '69', '56', '15', '63', '81', '6', '64', '10', '68', '89', '12']
[2024-03-19 19:43:41,875][flwr][DEBUG] - evaluate_round 7: strategy sampled 20 clients (out of 100)
[2024-03-19 19:43:42,885][flwr][DEBUG] - evaluate_round 7 received 20 results and 0 failures
[2024-03-19 19:43:42,909][flwr][INFO] - Sampled the following clients: ['26', '65', '22', '82', '73', '93', '50', '48', '76', '3', '11', '51', '79', '90', '96', '2', '86', '25', '19', '13']
[2024-03-19 19:43:42,910][flwr][DEBUG] - fit_round 8: strategy sampled 20 clients (out of 100)
[2024-03-19 19:47:21,298][flwr][DEBUG] - fit_round 8 received 20 results and 0 failures
[2024-03-19 19:47:24,506][flwr][INFO] - fit progress: (8, 0.17795675065517425, {'test_accuracy': 0.6727}, 1756.869601875078)
[2024-03-19 19:47:24,507][flwr][INFO] - Sampled the following clients: ['53', '17', '91', '18', '86', '0', '30', '80', '22', '81', '76', '61', '52', '55', '96', '68', '54', '28', '92', '64']
[2024-03-19 19:47:24,507][flwr][DEBUG] - evaluate_round 8: strategy sampled 20 clients (out of 100)
[2024-03-19 19:47:25,553][flwr][DEBUG] - evaluate_round 8 received 20 results and 0 failures
[2024-03-19 19:47:25,574][flwr][INFO] - Sampled the following clients: ['9', '90', '34', '35', '37', '31', '17', '5', '26', '19', '83', '11', '18', '8', '77', '84', '29', '3', '56', '72']
[2024-03-19 19:47:25,574][flwr][DEBUG] - fit_round 9: strategy sampled 20 clients (out of 100)
[2024-03-19 19:51:08,048][flwr][DEBUG] - fit_round 9 received 20 results and 0 failures
[2024-03-19 19:51:10,988][flwr][INFO] - fit progress: (9, 0.16509866691827774, {'test_accuracy': 0.6798}, 1983.350392792141)
[2024-03-19 19:51:10,988][flwr][INFO] - Sampled the following clients: ['99', '24', '66', '35', '3', '1', '50', '67', '13', '97', '76', '4', '75', '53', '87', '61', '98', '31', '45', '44']
[2024-03-19 19:51:10,988][flwr][DEBUG] - evaluate_round 9: strategy sampled 20 clients (out of 100)
[2024-03-19 19:51:12,000][flwr][DEBUG] - evaluate_round 9 received 20 results and 0 failures
[2024-03-19 19:51:12,017][flwr][INFO] - Sampled the following clients: ['96', '46', '99', '31', '33', '10', '4', '5', '69', '20', '60', '52', '95', '15', '47', '66', '61', '90', '85', '12']
[2024-03-19 19:51:12,017][flwr][DEBUG] - fit_round 10: strategy sampled 20 clients (out of 100)
[2024-03-19 19:54:52,860][flwr][DEBUG] - fit_round 10 received 20 results and 0 failures
[2024-03-19 19:54:55,776][flwr][INFO] - fit progress: (10, 0.15418522983789443, {'test_accuracy': 0.6924}, 2208.1523647080176)
[2024-03-19 19:54:55,777][flwr][INFO] - Sampled the following clients: ['26', '40', '28', '34', '68', '46', '42', '73', '93', '84', '61', '72', '10', '78', '94', '33', '4', '11', '70', '24']
[2024-03-19 19:54:55,777][flwr][DEBUG] - evaluate_round 10: strategy sampled 20 clients (out of 100)
[2024-03-19 19:54:56,868][flwr][DEBUG] - evaluate_round 10 received 20 results and 0 failures
[2024-03-19 19:54:56,881][flwr][INFO] - Sampled the following clients: ['80', '18', '11', '61', '25', '0', '85', '30', '19', '14', '53', '90', '43', '29', '33', '36', '81', '99', '58', '5']
[2024-03-19 19:54:56,881][flwr][DEBUG] - fit_round 11: strategy sampled 20 clients (out of 100)
[2024-03-19 19:58:38,638][flwr][DEBUG] - fit_round 11 received 20 results and 0 failures
[2024-03-19 19:58:41,547][flwr][INFO] - fit progress: (11, 0.14496968363523483, {'test_accuracy': 0.7018}, 2433.9237737921067)
[2024-03-19 19:58:41,547][flwr][INFO] - Sampled the following clients: ['14', '79', '10', '1', '85', '92', '80', '48', '61', '50', '25', '45', '43', '7', '15', '33', '98', '75', '97', '47']
[2024-03-19 19:58:41,548][flwr][DEBUG] - evaluate_round 11: strategy sampled 20 clients (out of 100)
[2024-03-19 19:58:42,690][flwr][DEBUG] - evaluate_round 11 received 20 results and 0 failures
[2024-03-19 19:58:42,705][flwr][INFO] - Sampled the following clients: ['41', '75', '57', '14', '91', '99', '52', '16', '44', '24', '95', '23', '80', '27', '92', '35', '55', '94', '31', '69']
[2024-03-19 19:58:42,705][flwr][DEBUG] - fit_round 12: strategy sampled 20 clients (out of 100)
[2024-03-19 20:02:24,391][flwr][DEBUG] - fit_round 12 received 20 results and 0 failures
[2024-03-19 20:02:27,269][flwr][INFO] - fit progress: (12, 0.13727061035633087, {'test_accuracy': 0.7086}, 2659.6463667920325)
[2024-03-19 20:02:27,270][flwr][INFO] - Sampled the following clients: ['27', '32', '70', '96', '74', '37', '52', '39', '82', '23', '66', '7', '38', '24', '26', '79', '36', '51', '8', '58']
[2024-03-19 20:02:27,270][flwr][DEBUG] - evaluate_round 12: strategy sampled 20 clients (out of 100)
[2024-03-19 20:02:28,331][flwr][DEBUG] - evaluate_round 12 received 20 results and 0 failures
[2024-03-19 20:02:28,346][flwr][INFO] - Sampled the following clients: ['31', '22', '18', '50', '54', '26', '58', '3', '27', '2', '91', '63', '68', '87', '4', '33', '6', '42', '34', '45']
[2024-03-19 20:02:28,346][flwr][DEBUG] - fit_round 13: strategy sampled 20 clients (out of 100)
[2024-03-19 20:06:09,559][flwr][DEBUG] - fit_round 13 received 20 results and 0 failures
[2024-03-19 20:06:12,792][flwr][INFO] - fit progress: (13, 0.13061681317687035, {'test_accuracy': 0.7171}, 2885.170137667097)
[2024-03-19 20:06:12,793][flwr][INFO] - Sampled the following clients: ['21', '33', '98', '74', '92', '2', '14', '9', '67', '87', '89', '76', '32', '40', '52', '71', '75', '6', '11', '86']
[2024-03-19 20:06:12,793][flwr][DEBUG] - evaluate_round 13: strategy sampled 20 clients (out of 100)
[2024-03-19 20:06:13,897][flwr][DEBUG] - evaluate_round 13 received 20 results and 0 failures
[2024-03-19 20:06:13,911][flwr][INFO] - Sampled the following clients: ['45', '67', '28', '80', '9', '73', '94', '92', '11', '59', '61', '78', '18', '41', '64', '4', '1', '55', '57', '85']
[2024-03-19 20:06:13,911][flwr][DEBUG] - fit_round 14: strategy sampled 20 clients (out of 100)
[2024-03-19 20:09:54,324][flwr][DEBUG] - fit_round 14 received 20 results and 0 failures
[2024-03-19 20:09:57,190][flwr][INFO] - fit progress: (14, 0.12491981088519097, {'test_accuracy': 0.722}, 3109.5683152501006)
[2024-03-19 20:09:57,190][flwr][INFO] - Sampled the following clients: ['66', '63', '38', '1', '49', '64', '88', '36', '51', '50', '18', '73', '56', '35', '99', '11', '44', '26', '4', '53']
[2024-03-19 20:09:57,190][flwr][DEBUG] - evaluate_round 14: strategy sampled 20 clients (out of 100)
[2024-03-19 20:09:58,286][flwr][DEBUG] - evaluate_round 14 received 20 results and 0 failures
[2024-03-19 20:09:58,299][flwr][INFO] - Sampled the following clients: ['81', '77', '91', '7', '30', '98', '69', '55', '1', '17', '73', '59', '9', '97', '2', '65', '38', '24', '6', '64']
[2024-03-19 20:09:58,299][flwr][DEBUG] - fit_round 15: strategy sampled 20 clients (out of 100)
[2024-03-19 20:13:42,594][flwr][DEBUG] - fit_round 15 received 20 results and 0 failures
[2024-03-19 20:13:45,671][flwr][INFO] - fit progress: (15, 0.12001374112665653, {'test_accuracy': 0.7251}, 3338.0501423331443)
[2024-03-19 20:13:45,672][flwr][INFO] - Sampled the following clients: ['22', '29', '58', '6', '55', '69', '75', '72', '19', '17', '98', '76', '28', '67', '97', '25', '82', '31', '18', '52']
[2024-03-19 20:13:45,672][flwr][DEBUG] - evaluate_round 15: strategy sampled 20 clients (out of 100)
[2024-03-19 20:13:46,810][flwr][DEBUG] - evaluate_round 15 received 20 results and 0 failures
[2024-03-19 20:13:46,827][flwr][INFO] - Sampled the following clients: ['98', '8', '0', '77', '49', '40', '13', '33', '67', '34', '91', '54', '96', '82', '7', '60', '10', '97', '42', '83']
[2024-03-19 20:13:46,827][flwr][DEBUG] - fit_round 16: strategy sampled 20 clients (out of 100)
[2024-03-19 20:17:28,785][flwr][DEBUG] - fit_round 16 received 20 results and 0 failures
[2024-03-19 20:17:31,857][flwr][INFO] - fit progress: (16, 0.11588631584942341, {'test_accuracy': 0.7281}, 3564.2369802501053)
[2024-03-19 20:17:31,858][flwr][INFO] - Sampled the following clients: ['31', '79', '78', '41', '89', '22', '94', '72', '76', '68', '75', '34', '87', '13', '39', '96', '25', '64', '69', '40']
[2024-03-19 20:17:31,858][flwr][DEBUG] - evaluate_round 16: strategy sampled 20 clients (out of 100)
[2024-03-19 20:17:32,899][flwr][DEBUG] - evaluate_round 16 received 20 results and 0 failures
[2024-03-19 20:17:32,912][flwr][INFO] - Sampled the following clients: ['43', '99', '52', '16', '65', '90', '33', '86', '37', '13', '74', '11', '88', '14', '59', '97', '3', '22', '47', '1']
[2024-03-19 20:17:32,912][flwr][DEBUG] - fit_round 17: strategy sampled 20 clients (out of 100)
[2024-03-19 20:21:17,098][flwr][DEBUG] - fit_round 17 received 20 results and 0 failures
[2024-03-19 20:21:20,097][flwr][INFO] - fit progress: (17, 0.112096288138628, {'test_accuracy': 0.7277}, 3792.476777791977)
[2024-03-19 20:21:20,097][flwr][INFO] - Sampled the following clients: ['4', '86', '47', '48', '13', '14', '62', '94', '7', '38', '53', '95', '59', '1', '8', '27', '19', '29', '78', '41']
[2024-03-19 20:21:20,097][flwr][DEBUG] - evaluate_round 17: strategy sampled 20 clients (out of 100)
[2024-03-19 20:21:21,412][flwr][DEBUG] - evaluate_round 17 received 20 results and 0 failures
[2024-03-19 20:21:21,432][flwr][INFO] - Sampled the following clients: ['15', '59', '14', '63', '45', '24', '18', '87', '51', '70', '81', '13', '6', '55', '74', '17', '50', '48', '96', '16']
[2024-03-19 20:21:21,432][flwr][DEBUG] - fit_round 18: strategy sampled 20 clients (out of 100)
[2024-03-19 20:25:08,035][flwr][DEBUG] - fit_round 18 received 20 results and 0 failures
[2024-03-19 20:25:11,197][flwr][INFO] - fit progress: (18, 0.10871702019870282, {'test_accuracy': 0.7346}, 4023.5781565001234)
[2024-03-19 20:25:11,198][flwr][INFO] - Sampled the following clients: ['22', '64', '81', '52', '47', '10', '96', '98', '34', '44', '7', '57', '62', '31', '14', '54', '90', '43', '37', '1']
[2024-03-19 20:25:11,198][flwr][DEBUG] - evaluate_round 18: strategy sampled 20 clients (out of 100)
[2024-03-19 20:25:12,643][flwr][DEBUG] - evaluate_round 18 received 20 results and 0 failures
[2024-03-19 20:25:12,657][flwr][INFO] - Sampled the following clients: ['10', '22', '16', '91', '66', '86', '77', '36', '59', '78', '83', '72', '47', '12', '40', '29', '52', '58', '65', '51']
[2024-03-19 20:25:12,657][flwr][DEBUG] - fit_round 19: strategy sampled 20 clients (out of 100)
[2024-03-19 20:29:03,652][flwr][DEBUG] - fit_round 19 received 20 results and 0 failures
[2024-03-19 20:29:06,859][flwr][INFO] - fit progress: (19, 0.10583975818157196, {'test_accuracy': 0.7344}, 4259.246011292096)
[2024-03-19 20:29:06,859][flwr][INFO] - Sampled the following clients: ['80', '46', '34', '40', '81', '49', '66', '79', '62', '29', '51', '38', '90', '85', '59', '8', '17', '10', '27', '87']
[2024-03-19 20:29:06,859][flwr][DEBUG] - evaluate_round 19: strategy sampled 20 clients (out of 100)
[2024-03-19 20:29:08,331][flwr][DEBUG] - evaluate_round 19 received 20 results and 0 failures
[2024-03-19 20:29:08,344][flwr][INFO] - Sampled the following clients: ['3', '65', '59', '57', '35', '33', '26', '96', '69', '87', '5', '1', '76', '56', '24', '58', '47', '62', '49', '9']
[2024-03-19 20:29:08,345][flwr][DEBUG] - fit_round 20: strategy sampled 20 clients (out of 100)
[2024-03-19 20:32:57,779][flwr][DEBUG] - fit_round 20 received 20 results and 0 failures
[2024-03-19 20:33:00,944][flwr][INFO] - fit progress: (20, 0.10322934571802617, {'test_accuracy': 0.7378}, 4493.332426208071)
[2024-03-19 20:33:00,945][flwr][INFO] - Sampled the following clients: ['54', '72', '45', '62', '50', '19', '92', '75', '32', '95', '20', '93', '11', '15', '98', '24', '13', '9', '4', '87']
[2024-03-19 20:33:00,945][flwr][DEBUG] - evaluate_round 20: strategy sampled 20 clients (out of 100)
[2024-03-19 20:33:02,225][flwr][DEBUG] - evaluate_round 20 received 20 results and 0 failures
[2024-03-19 20:33:02,241][flwr][INFO] - Sampled the following clients: ['89', '9', '33', '36', '47', '52', '19', '96', '10', '16', '51', '37', '26', '2', '20', '98', '79', '63', '40', '31']
[2024-03-19 20:33:02,241][flwr][DEBUG] - fit_round 21: strategy sampled 20 clients (out of 100)
[2024-03-19 20:36:53,139][flwr][DEBUG] - fit_round 21 received 20 results and 0 failures
[2024-03-19 20:36:56,225][flwr][INFO] - fit progress: (21, 0.1009171394020319, {'test_accuracy': 0.7386}, 4728.614514083136)
[2024-03-19 20:36:56,226][flwr][INFO] - Sampled the following clients: ['23', '55', '78', '82', '84', '32', '22', '15', '50', '93', '89', '69', '43', '34', '98', '37', '60', '67', '79', '40']
[2024-03-19 20:36:56,226][flwr][DEBUG] - evaluate_round 21: strategy sampled 20 clients (out of 100)
[2024-03-19 20:36:57,780][flwr][DEBUG] - evaluate_round 21 received 20 results and 0 failures
[2024-03-19 20:36:57,807][flwr][INFO] - Sampled the following clients: ['8', '82', '48', '27', '33', '75', '7', '16', '67', '53', '14', '12', '4', '22', '61', '84', '42', '59', '17', '56']
[2024-03-19 20:36:57,807][flwr][DEBUG] - fit_round 22: strategy sampled 20 clients (out of 100)
[2024-03-19 20:40:48,888][flwr][DEBUG] - fit_round 22 received 20 results and 0 failures
[2024-03-19 20:40:51,963][flwr][INFO] - fit progress: (22, 0.09873461286723614, {'test_accuracy': 0.7415}, 4964.353655208135)
[2024-03-19 20:40:51,964][flwr][INFO] - Sampled the following clients: ['15', '65', '3', '0', '82', '88', '35', '78', '71', '25', '12', '8', '10', '14', '24', '45', '21', '72', '80', '93']
[2024-03-19 20:40:51,965][flwr][DEBUG] - evaluate_round 22: strategy sampled 20 clients (out of 100)
[2024-03-19 20:40:53,511][flwr][DEBUG] - evaluate_round 22 received 20 results and 0 failures
[2024-03-19 20:40:53,524][flwr][INFO] - Sampled the following clients: ['72', '74', '69', '17', '64', '22', '25', '21', '62', '48', '36', '0', '56', '93', '39', '71', '15', '13', '40', '49']
[2024-03-19 20:40:53,524][flwr][DEBUG] - fit_round 23: strategy sampled 20 clients (out of 100)
[2024-03-19 20:44:42,407][flwr][DEBUG] - fit_round 23 received 20 results and 0 failures
[2024-03-19 20:44:45,434][flwr][INFO] - fit progress: (23, 0.09682490238845348, {'test_accuracy': 0.7466}, 5197.825819374993)
[2024-03-19 20:44:45,435][flwr][INFO] - Sampled the following clients: ['74', '51', '53', '22', '48', '35', '12', '38', '10', '85', '18', '73', '65', '19', '71', '89', '72', '44', '70', '80']
[2024-03-19 20:44:45,435][flwr][DEBUG] - evaluate_round 23: strategy sampled 20 clients (out of 100)
[2024-03-19 20:44:47,084][flwr][DEBUG] - evaluate_round 23 received 20 results and 0 failures
[2024-03-19 20:44:47,104][flwr][INFO] - Sampled the following clients: ['80', '68', '69', '42', '85', '22', '21', '86', '50', '41', '62', '96', '67', '4', '77', '39', '87', '34', '35', '98']
[2024-03-19 20:44:47,104][flwr][DEBUG] - fit_round 24: strategy sampled 20 clients (out of 100)
[2024-03-19 20:48:37,529][flwr][DEBUG] - fit_round 24 received 20 results and 0 failures
[2024-03-19 20:48:40,518][flwr][INFO] - fit progress: (24, 0.09506893122047186, {'test_accuracy': 0.7491}, 5432.910333957989)
[2024-03-19 20:48:40,521][flwr][INFO] - Sampled the following clients: ['71', '53', '49', '52', '73', '64', '56', '93', '46', '69', '19', '77', '51', '28', '23', '36', '81', '84', '50', '22']
[2024-03-19 20:48:40,521][flwr][DEBUG] - evaluate_round 24: strategy sampled 20 clients (out of 100)
[2024-03-19 20:48:41,956][flwr][DEBUG] - evaluate_round 24 received 20 results and 0 failures
[2024-03-19 20:48:41,979][flwr][INFO] - Sampled the following clients: ['4', '13', '90', '89', '72', '65', '19', '34', '54', '67', '93', '46', '23', '44', '66', '56', '2', '57', '20', '48']
[2024-03-19 20:48:41,979][flwr][DEBUG] - fit_round 25: strategy sampled 20 clients (out of 100)
[2024-03-19 20:52:27,146][flwr][DEBUG] - fit_round 25 received 20 results and 0 failures
[2024-03-19 20:52:30,138][flwr][INFO] - fit progress: (25, 0.0934837434053421, {'test_accuracy': 0.7502}, 5662.53175854194)
[2024-03-19 20:52:30,138][flwr][INFO] - Sampled the following clients: ['95', '92', '16', '83', '8', '81', '88', '20', '22', '33', '68', '1', '82', '10', '62', '23', '25', '89', '93', '97']
[2024-03-19 20:52:30,138][flwr][DEBUG] - evaluate_round 25: strategy sampled 20 clients (out of 100)
[2024-03-19 20:52:31,648][flwr][DEBUG] - evaluate_round 25 received 20 results and 0 failures
[2024-03-19 20:52:31,673][flwr][INFO] - Sampled the following clients: ['80', '30', '19', '71', '10', '52', '47', '50', '75', '21', '76', '12', '43', '8', '89', '96', '68', '26', '17', '3']
[2024-03-19 20:52:31,673][flwr][DEBUG] - fit_round 26: strategy sampled 20 clients (out of 100)
[2024-03-19 20:56:19,484][flwr][DEBUG] - fit_round 26 received 20 results and 0 failures
[2024-03-19 20:56:22,457][flwr][INFO] - fit progress: (26, 0.09198684809803963, {'test_accuracy': 0.7513}, 5894.852315500146)
[2024-03-19 20:56:22,458][flwr][INFO] - Sampled the following clients: ['78', '98', '35', '8', '97', '32', '12', '86', '47', '84', '89', '95', '14', '43', '93', '54', '80', '75', '9', '85']
[2024-03-19 20:56:22,458][flwr][DEBUG] - evaluate_round 26: strategy sampled 20 clients (out of 100)
[2024-03-19 20:56:24,050][flwr][DEBUG] - evaluate_round 26 received 20 results and 0 failures
[2024-03-19 20:56:24,063][flwr][INFO] - Sampled the following clients: ['11', '6', '37', '78', '2', '7', '8', '42', '59', '53', '98', '14', '28', '96', '56', '67', '41', '15', '30', '55']
[2024-03-19 20:56:24,063][flwr][DEBUG] - fit_round 27: strategy sampled 20 clients (out of 100)
[2024-03-19 21:00:07,893][flwr][DEBUG] - fit_round 27 received 20 results and 0 failures
[2024-03-19 21:00:10,748][flwr][INFO] - fit progress: (27, 0.09059309901446104, {'test_accuracy': 0.7527}, 6123.081364083104)
[2024-03-19 21:00:10,748][flwr][INFO] - Sampled the following clients: ['65', '68', '37', '48', '52', '95', '45', '63', '16', '38', '74', '56', '18', '3', '66', '42', '62', '5', '84', '33']
[2024-03-19 21:00:10,748][flwr][DEBUG] - evaluate_round 27: strategy sampled 20 clients (out of 100)
[2024-03-19 21:00:12,252][flwr][DEBUG] - evaluate_round 27 received 20 results and 0 failures
[2024-03-19 21:00:12,274][flwr][INFO] - Sampled the following clients: ['7', '83', '60', '6', '34', '32', '9', '97', '4', '47', '78', '48', '76', '61', '51', '13', '54', '5', '64', '87']
[2024-03-19 21:00:12,274][flwr][DEBUG] - fit_round 28: strategy sampled 20 clients (out of 100)
[2024-03-19 21:03:58,763][flwr][DEBUG] - fit_round 28 received 20 results and 0 failures
[2024-03-19 21:04:01,767][flwr][INFO] - fit progress: (28, 0.08937653526365757, {'test_accuracy': 0.7549}, 6354.097458916949)
[2024-03-19 21:04:01,768][flwr][INFO] - Sampled the following clients: ['86', '56', '65', '49', '79', '64', '26', '16', '80', '12', '45', '57', '0', '98', '31', '88', '42', '75', '24', '34']
[2024-03-19 21:04:01,768][flwr][DEBUG] - evaluate_round 28: strategy sampled 20 clients (out of 100)
[2024-03-19 21:04:03,008][flwr][DEBUG] - evaluate_round 28 received 20 results and 0 failures
[2024-03-19 21:04:03,040][flwr][INFO] - Sampled the following clients: ['55', '93', '3', '89', '74', '95', '29', '14', '83', '45', '96', '9', '36', '41', '21', '42', '71', '27', '46', '63']
[2024-03-19 21:04:03,040][flwr][DEBUG] - fit_round 29: strategy sampled 20 clients (out of 100)
[2024-03-19 21:07:44,773][flwr][DEBUG] - fit_round 29 received 20 results and 0 failures
[2024-03-19 21:07:47,702][flwr][INFO] - fit progress: (29, 0.08820830986201764, {'test_accuracy': 0.7572}, 6580.02842575009)
[2024-03-19 21:07:47,702][flwr][INFO] - Sampled the following clients: ['49', '70', '77', '4', '6', '48', '46', '63', '75', '25', '61', '66', '83', '88', '13', '85', '84', '18', '38', '39']
[2024-03-19 21:07:47,702][flwr][DEBUG] - evaluate_round 29: strategy sampled 20 clients (out of 100)
[2024-03-19 21:07:48,986][flwr][DEBUG] - evaluate_round 29 received 20 results and 0 failures
[2024-03-19 21:07:49,012][flwr][INFO] - Sampled the following clients: ['99', '18', '38', '15', '22', '59', '66', '19', '64', '96', '78', '26', '11', '5', '68', '33', '42', '62', '86', '35']
[2024-03-19 21:07:49,012][flwr][DEBUG] - fit_round 30: strategy sampled 20 clients (out of 100)
[2024-03-19 21:11:34,994][flwr][DEBUG] - fit_round 30 received 20 results and 0 failures
[2024-03-19 21:11:38,037][flwr][INFO] - fit progress: (30, 0.08716567196547985, {'test_accuracy': 0.7581}, 6810.359792167088)
[2024-03-19 21:11:38,037][flwr][INFO] - Sampled the following clients: ['74', '89', '15', '44', '54', '58', '5', '62', '63', '30', '55', '45', '56', '69', '2', '38', '67', '11', '37', '3']
[2024-03-19 21:11:38,037][flwr][DEBUG] - evaluate_round 30: strategy sampled 20 clients (out of 100)
[2024-03-19 21:11:39,333][flwr][DEBUG] - evaluate_round 30 received 20 results and 0 failures
[2024-03-19 21:11:39,361][flwr][INFO] - Sampled the following clients: ['76', '17', '34', '45', '93', '8', '25', '96', '98', '91', '18', '29', '85', '68', '55', '20', '9', '95', '14', '26']
[2024-03-19 21:11:39,361][flwr][DEBUG] - fit_round 31: strategy sampled 20 clients (out of 100)
[2024-03-19 21:15:33,429][flwr][DEBUG] - fit_round 31 received 20 results and 0 failures
[2024-03-19 21:15:36,356][flwr][INFO] - fit progress: (31, 0.08608720073401928, {'test_accuracy': 0.76}, 7048.67512841709)
[2024-03-19 21:15:36,356][flwr][INFO] - Sampled the following clients: ['64', '36', '62', '47', '5', '75', '48', '0', '13', '25', '8', '95', '38', '18', '70', '60', '30', '72', '87', '41']
[2024-03-19 21:15:36,356][flwr][DEBUG] - evaluate_round 31: strategy sampled 20 clients (out of 100)
[2024-03-19 21:15:37,897][flwr][DEBUG] - evaluate_round 31 received 20 results and 0 failures
[2024-03-19 21:15:37,925][flwr][INFO] - Sampled the following clients: ['98', '87', '24', '22', '59', '20', '42', '80', '39', '53', '97', '67', '38', '14', '45', '48', '3', '54', '16', '62']
[2024-03-19 21:15:37,925][flwr][DEBUG] - fit_round 32: strategy sampled 20 clients (out of 100)
[2024-03-19 21:19:30,783][flwr][DEBUG] - fit_round 32 received 20 results and 0 failures
[2024-03-19 21:19:33,733][flwr][INFO] - fit progress: (32, 0.08516415593028069, {'test_accuracy': 0.7625}, 7286.048660458066)
[2024-03-19 21:19:33,733][flwr][INFO] - Sampled the following clients: ['27', '63', '8', '0', '1', '50', '59', '44', '49', '89', '64', '55', '9', '66', '71', '16', '42', '34', '87', '99']
[2024-03-19 21:19:33,733][flwr][DEBUG] - evaluate_round 32: strategy sampled 20 clients (out of 100)
[2024-03-19 21:19:34,998][flwr][DEBUG] - evaluate_round 32 received 20 results and 0 failures
[2024-03-19 21:19:35,026][flwr][INFO] - Sampled the following clients: ['14', '44', '54', '95', '61', '12', '49', '91', '7', '98', '30', '50', '72', '82', '41', '11', '52', '13', '18', '28']
[2024-03-19 21:19:35,026][flwr][DEBUG] - fit_round 33: strategy sampled 20 clients (out of 100)
[2024-03-19 21:23:30,974][flwr][DEBUG] - fit_round 33 received 20 results and 0 failures
[2024-03-19 21:23:34,185][flwr][INFO] - fit progress: (33, 0.08423771277964115, {'test_accuracy': 0.7643}, 7526.497171957977)
[2024-03-19 21:23:34,185][flwr][INFO] - Sampled the following clients: ['50', '19', '85', '14', '94', '33', '56', '68', '51', '58', '70', '16', '45', '9', '63', '11', '31', '4', '27', '22']
[2024-03-19 21:23:34,185][flwr][DEBUG] - evaluate_round 33: strategy sampled 20 clients (out of 100)
[2024-03-19 21:23:35,492][flwr][DEBUG] - evaluate_round 33 received 20 results and 0 failures
[2024-03-19 21:23:35,520][flwr][INFO] - Sampled the following clients: ['70', '39', '19', '91', '11', '40', '72', '13', '97', '71', '66', '2', '58', '4', '23', '84', '27', '16', '96', '44']
[2024-03-19 21:23:35,520][flwr][DEBUG] - fit_round 34: strategy sampled 20 clients (out of 100)
[2024-03-19 21:27:49,243][flwr][DEBUG] - fit_round 34 received 20 results and 0 failures
[2024-03-19 21:27:52,510][flwr][INFO] - fit progress: (34, 0.08339708681702614, {'test_accuracy': 0.7661}, 7784.818743332988)
[2024-03-19 21:27:52,511][flwr][INFO] - Sampled the following clients: ['54', '29', '22', '96', '66', '31', '55', '98', '79', '93', '63', '78', '50', '65', '20', '46', '64', '0', '76', '97']
[2024-03-19 21:27:52,511][flwr][DEBUG] - evaluate_round 34: strategy sampled 20 clients (out of 100)
[2024-03-19 21:27:54,182][flwr][DEBUG] - evaluate_round 34 received 20 results and 0 failures
[2024-03-19 21:27:54,207][flwr][INFO] - Sampled the following clients: ['88', '95', '18', '78', '63', '85', '26', '15', '66', '96', '6', '45', '22', '71', '79', '60', '62', '76', '32', '83']
[2024-03-19 21:27:54,207][flwr][DEBUG] - fit_round 35: strategy sampled 20 clients (out of 100)
[2024-03-19 21:32:23,286][flwr][DEBUG] - fit_round 35 received 20 results and 0 failures
[2024-03-19 21:32:26,601][flwr][INFO] - fit progress: (35, 0.08255138732641935, {'test_accuracy': 0.7664}, 8058.9047881250735)
[2024-03-19 21:32:26,601][flwr][INFO] - Sampled the following clients: ['45', '73', '56', '26', '59', '33', '1', '74', '49', '5', '89', '68', '35', '79', '39', '42', '70', '14', '9', '21']
[2024-03-19 21:32:26,601][flwr][DEBUG] - evaluate_round 35: strategy sampled 20 clients (out of 100)
[2024-03-19 21:32:28,191][flwr][DEBUG] - evaluate_round 35 received 20 results and 0 failures
[2024-03-19 21:32:28,220][flwr][INFO] - Sampled the following clients: ['15', '4', '63', '45', '75', '46', '90', '99', '12', '8', '60', '0', '80', '21', '54', '11', '30', '82', '22', '65']
[2024-03-19 21:32:28,221][flwr][DEBUG] - fit_round 36: strategy sampled 20 clients (out of 100)
[2024-03-19 21:37:05,084][flwr][DEBUG] - fit_round 36 received 20 results and 0 failures
[2024-03-19 21:37:08,156][flwr][INFO] - fit progress: (36, 0.08180766835659742, {'test_accuracy': 0.7664}, 8340.463207124965)
[2024-03-19 21:37:08,157][flwr][INFO] - Sampled the following clients: ['18', '16', '70', '28', '4', '48', '55', '42', '68', '11', '57', '53', '20', '59', '82', '10', '94', '5', '38', '51']
[2024-03-19 21:37:08,157][flwr][DEBUG] - evaluate_round 36: strategy sampled 20 clients (out of 100)
[2024-03-19 21:37:09,874][flwr][DEBUG] - evaluate_round 36 received 20 results and 0 failures
[2024-03-19 21:37:09,894][flwr][INFO] - Sampled the following clients: ['55', '2', '38', '34', '26', '66', '29', '63', '19', '82', '78', '25', '70', '68', '93', '52', '31', '35', '73', '41']
[2024-03-19 21:37:09,894][flwr][DEBUG] - fit_round 37: strategy sampled 20 clients (out of 100)
[2024-03-19 21:41:47,077][flwr][DEBUG] - fit_round 37 received 20 results and 0 failures
[2024-03-19 21:41:50,212][flwr][INFO] - fit progress: (37, 0.08107717030718922, {'test_accuracy': 0.7685}, 8622.515420333017)
[2024-03-19 21:41:50,213][flwr][INFO] - Sampled the following clients: ['17', '3', '16', '25', '53', '66', '67', '44', '47', '41', '0', '18', '65', '76', '92', '50', '33', '22', '34', '26']
[2024-03-19 21:41:50,213][flwr][DEBUG] - evaluate_round 37: strategy sampled 20 clients (out of 100)
[2024-03-19 21:41:51,942][flwr][DEBUG] - evaluate_round 37 received 20 results and 0 failures
[2024-03-19 21:41:51,969][flwr][INFO] - Sampled the following clients: ['49', '24', '86', '91', '5', '65', '13', '54', '10', '20', '56', '95', '31', '50', '11', '34', '39', '74', '32', '52']
[2024-03-19 21:41:51,970][flwr][DEBUG] - fit_round 38: strategy sampled 20 clients (out of 100)
[2024-03-19 21:46:17,280][flwr][DEBUG] - fit_round 38 received 20 results and 0 failures
[2024-03-19 21:46:20,238][flwr][INFO] - fit progress: (38, 0.0804648964613676, {'test_accuracy': 0.7698}, 8892.537407708121)
[2024-03-19 21:46:20,238][flwr][INFO] - Sampled the following clients: ['17', '93', '68', '88', '13', '28', '20', '83', '84', '87', '76', '37', '60', '64', '70', '96', '30', '95', '98', '6']
[2024-03-19 21:46:20,238][flwr][DEBUG] - evaluate_round 38: strategy sampled 20 clients (out of 100)
[2024-03-19 21:46:21,855][flwr][DEBUG] - evaluate_round 38 received 20 results and 0 failures
[2024-03-19 21:46:21,878][flwr][INFO] - Sampled the following clients: ['67', '2', '30', '74', '62', '82', '22', '35', '14', '9', '57', '8', '99', '33', '19', '90', '23', '66', '58', '37']
[2024-03-19 21:46:21,878][flwr][DEBUG] - fit_round 39: strategy sampled 20 clients (out of 100)
[2024-03-19 21:50:46,046][flwr][DEBUG] - fit_round 39 received 20 results and 0 failures
[2024-03-19 21:50:49,132][flwr][INFO] - fit progress: (39, 0.07979103089645505, {'test_accuracy': 0.7706}, 9161.427924167132)
[2024-03-19 21:50:49,134][flwr][INFO] - Sampled the following clients: ['26', '67', '91', '27', '71', '15', '41', '17', '6', '46', '59', '31', '22', '40', '83', '65', '56', '39', '80', '53']
[2024-03-19 21:50:49,134][flwr][DEBUG] - evaluate_round 39: strategy sampled 20 clients (out of 100)
[2024-03-19 21:50:51,079][flwr][DEBUG] - evaluate_round 39 received 20 results and 0 failures
[2024-03-19 21:50:51,114][flwr][INFO] - Sampled the following clients: ['61', '85', '96', '57', '44', '65', '94', '62', '39', '73', '7', '18', '74', '75', '88', '98', '16', '83', '34', '68']
[2024-03-19 21:50:51,115][flwr][DEBUG] - fit_round 40: strategy sampled 20 clients (out of 100)
[2024-03-19 21:55:25,745][flwr][DEBUG] - fit_round 40 received 20 results and 0 failures
[2024-03-19 21:55:28,762][flwr][INFO] - fit progress: (40, 0.07910282345637679, {'test_accuracy': 0.7745}, 9441.054675000021)
[2024-03-19 21:55:28,762][flwr][INFO] - Sampled the following clients: ['72', '27', '76', '82', '39', '25', '50', '61', '74', '54', '92', '46', '13', '77', '91', '90', '60', '40', '99', '71']
[2024-03-19 21:55:28,762][flwr][DEBUG] - evaluate_round 40: strategy sampled 20 clients (out of 100)
[2024-03-19 21:55:30,547][flwr][DEBUG] - evaluate_round 40 received 20 results and 0 failures
[2024-03-19 21:55:30,568][flwr][INFO] - Sampled the following clients: ['21', '93', '32', '23', '39', '55', '34', '81', '20', '88', '82', '94', '3', '87', '25', '66', '70', '99', '7', '45']
[2024-03-19 21:55:30,568][flwr][DEBUG] - fit_round 41: strategy sampled 20 clients (out of 100)
[2024-03-19 22:00:17,340][flwr][DEBUG] - fit_round 41 received 20 results and 0 failures
[2024-03-19 22:00:20,289][flwr][INFO] - fit progress: (41, 0.07841116685643792, {'test_accuracy': 0.7765}, 9732.578299832996)
[2024-03-19 22:00:20,290][flwr][INFO] - Sampled the following clients: ['38', '70', '59', '23', '24', '20', '12', '86', '73', '81', '49', '68', '51', '71', '85', '0', '80', '41', '61', '7']
[2024-03-19 22:00:20,290][flwr][DEBUG] - evaluate_round 41: strategy sampled 20 clients (out of 100)
[2024-03-19 22:00:22,063][flwr][DEBUG] - evaluate_round 41 received 20 results and 0 failures
[2024-03-19 22:00:22,093][flwr][INFO] - Sampled the following clients: ['45', '12', '91', '6', '85', '56', '8', '5', '13', '47', '43', '18', '88', '66', '29', '35', '58', '53', '34', '17']
[2024-03-19 22:00:22,093][flwr][DEBUG] - fit_round 42: strategy sampled 20 clients (out of 100)
[2024-03-19 22:05:18,179][flwr][DEBUG] - fit_round 42 received 20 results and 0 failures
[2024-03-19 22:05:21,705][flwr][INFO] - fit progress: (42, 0.07783157606571912, {'test_accuracy': 0.776}, 10033.991524375044)
[2024-03-19 22:05:21,705][flwr][INFO] - Sampled the following clients: ['86', '7', '1', '93', '81', '61', '60', '88', '62', '40', '69', '35', '44', '90', '79', '53', '21', '50', '26', '58']
[2024-03-19 22:05:21,705][flwr][DEBUG] - evaluate_round 42: strategy sampled 20 clients (out of 100)
[2024-03-19 22:05:23,405][flwr][DEBUG] - evaluate_round 42 received 20 results and 0 failures
[2024-03-19 22:05:23,438][flwr][INFO] - Sampled the following clients: ['90', '25', '82', '35', '51', '3', '97', '84', '10', '37', '6', '15', '86', '38', '5', '85', '1', '17', '42', '29']
[2024-03-19 22:05:23,438][flwr][DEBUG] - fit_round 43: strategy sampled 20 clients (out of 100)
[2024-03-19 22:11:15,503][flwr][DEBUG] - fit_round 43 received 20 results and 0 failures
[2024-03-19 22:11:18,435][flwr][INFO] - fit progress: (43, 0.0773272296257317, {'test_accuracy': 0.777}, 10390.742278458085)
[2024-03-19 22:11:18,437][flwr][INFO] - Sampled the following clients: ['13', '44', '9', '42', '82', '12', '69', '50', '48', '21', '45', '95', '71', '34', '46', '59', '93', '22', '64', '10']
[2024-03-19 22:11:18,437][flwr][DEBUG] - evaluate_round 43: strategy sampled 20 clients (out of 100)
[2024-03-19 22:11:20,068][flwr][DEBUG] - evaluate_round 43 received 20 results and 0 failures
[2024-03-19 22:11:20,094][flwr][INFO] - Sampled the following clients: ['79', '7', '85', '69', '34', '87', '66', '25', '27', '52', '55', '38', '75', '30', '43', '91', '95', '40', '17', '35']
[2024-03-19 22:11:20,094][flwr][DEBUG] - fit_round 44: strategy sampled 20 clients (out of 100)
[2024-03-19 22:17:11,754][flwr][DEBUG] - fit_round 44 received 20 results and 0 failures
[2024-03-19 22:17:14,987][flwr][INFO] - fit progress: (44, 0.07671620084866881, {'test_accuracy': 0.779}, 10747.292799999937)
[2024-03-19 22:17:14,988][flwr][INFO] - Sampled the following clients: ['37', '73', '34', '63', '55', '66', '58', '24', '86', '93', '80', '32', '59', '83', '88', '12', '9', '13', '29', '14']
[2024-03-19 22:17:14,988][flwr][DEBUG] - evaluate_round 44: strategy sampled 20 clients (out of 100)
[2024-03-19 22:17:16,674][flwr][DEBUG] - evaluate_round 44 received 20 results and 0 failures
[2024-03-19 22:17:16,696][flwr][INFO] - Sampled the following clients: ['87', '5', '38', '6', '65', '3', '30', '52', '29', '57', '22', '83', '70', '7', '40', '58', '8', '63', '99', '56']
[2024-03-19 22:17:16,696][flwr][DEBUG] - fit_round 45: strategy sampled 20 clients (out of 100)
[2024-03-19 22:24:05,857][flwr][DEBUG] - fit_round 45 received 20 results and 0 failures
[2024-03-19 22:24:08,970][flwr][INFO] - fit progress: (45, 0.07611782783120871, {'test_accuracy': 0.7792}, 11161.273299667053)
[2024-03-19 22:24:08,972][flwr][INFO] - Sampled the following clients: ['41', '34', '97', '31', '24', '28', '45', '16', '89', '73', '10', '43', '90', '60', '57', '32', '3', '78', '50', '40']
[2024-03-19 22:24:08,972][flwr][DEBUG] - evaluate_round 45: strategy sampled 20 clients (out of 100)
[2024-03-19 22:24:10,663][flwr][DEBUG] - evaluate_round 45 received 20 results and 0 failures
[2024-03-19 22:24:10,688][flwr][INFO] - Sampled the following clients: ['73', '34', '72', '36', '14', '39', '21', '86', '37', '3', '26', '92', '4', '24', '81', '50', '67', '52', '40', '94']
[2024-03-19 22:24:10,688][flwr][DEBUG] - fit_round 46: strategy sampled 20 clients (out of 100)
[2024-03-19 22:33:21,939][flwr][DEBUG] - fit_round 46 received 20 results and 0 failures
[2024-03-19 22:33:24,891][flwr][INFO] - fit progress: (46, 0.07558722759708762, {'test_accuracy': 0.7812}, 11717.192163500004)
[2024-03-19 22:33:24,892][flwr][INFO] - Sampled the following clients: ['67', '47', '19', '92', '73', '38', '6', '10', '61', '60', '7', '79', '93', '52', '58', '62', '56', '63', '33', '31']
[2024-03-19 22:33:24,892][flwr][DEBUG] - evaluate_round 46: strategy sampled 20 clients (out of 100)
[2024-03-19 22:33:26,544][flwr][DEBUG] - evaluate_round 46 received 20 results and 0 failures
[2024-03-19 22:33:26,572][flwr][INFO] - Sampled the following clients: ['99', '64', '61', '8', '97', '42', '88', '57', '44', '46', '32', '11', '49', '20', '28', '60', '40', '10', '69', '80']
[2024-03-19 22:33:26,572][flwr][DEBUG] - fit_round 47: strategy sampled 20 clients (out of 100)
[2024-03-19 22:42:57,082][flwr][DEBUG] - fit_round 47 received 20 results and 0 failures
[2024-03-19 22:43:00,034][flwr][INFO] - fit progress: (47, 0.07512439275830984, {'test_accuracy': 0.7831}, 12292.32442562515)
[2024-03-19 22:43:00,034][flwr][INFO] - Sampled the following clients: ['3', '31', '95', '17', '53', '18', '88', '37', '40', '64', '24', '30', '67', '85', '58', '90', '45', '74', '11', '65']
[2024-03-19 22:43:00,034][flwr][DEBUG] - evaluate_round 47: strategy sampled 20 clients (out of 100)
[2024-03-19 22:43:01,791][flwr][DEBUG] - evaluate_round 47 received 20 results and 0 failures
[2024-03-19 22:43:01,817][flwr][INFO] - Sampled the following clients: ['55', '48', '40', '10', '67', '39', '26', '58', '11', '93', '89', '3', '51', '35', '12', '59', '52', '72', '99', '53']
[2024-03-19 22:43:01,817][flwr][DEBUG] - fit_round 48: strategy sampled 20 clients (out of 100)
[2024-03-19 22:51:23,597][flwr][DEBUG] - fit_round 48 received 20 results and 0 failures
[2024-03-19 22:51:26,654][flwr][INFO] - fit progress: (48, 0.07462818617224694, {'test_accuracy': 0.7837}, 12798.940939666936)
[2024-03-19 22:51:26,654][flwr][INFO] - Sampled the following clients: ['82', '2', '84', '6', '17', '65', '46', '19', '38', '47', '85', '14', '74', '27', '43', '95', '83', '52', '49', '89']
[2024-03-19 22:51:26,654][flwr][DEBUG] - evaluate_round 48: strategy sampled 20 clients (out of 100)
[2024-03-19 22:51:28,510][flwr][DEBUG] - evaluate_round 48 received 20 results and 0 failures
[2024-03-19 22:51:28,536][flwr][INFO] - Sampled the following clients: ['20', '50', '8', '97', '24', '32', '89', '46', '63', '65', '83', '6', '40', '66', '47', '9', '68', '61', '7', '93']
[2024-03-19 22:51:28,536][flwr][DEBUG] - fit_round 49: strategy sampled 20 clients (out of 100)
[2024-03-19 23:01:17,362][flwr][DEBUG] - fit_round 49 received 20 results and 0 failures
[2024-03-19 23:01:20,306][flwr][INFO] - fit progress: (49, 0.07418574230074883, {'test_accuracy': 0.7846}, 13392.588525500149)
[2024-03-19 23:01:20,306][flwr][INFO] - Sampled the following clients: ['25', '15', '92', '57', '34', '79', '41', '59', '93', '42', '4', '86', '95', '50', '71', '22', '8', '20', '17', '96']
[2024-03-19 23:01:20,306][flwr][DEBUG] - evaluate_round 49: strategy sampled 20 clients (out of 100)
[2024-03-19 23:01:21,856][flwr][DEBUG] - evaluate_round 49 received 20 results and 0 failures
[2024-03-19 23:01:21,882][flwr][INFO] - Sampled the following clients: ['48', '9', '22', '82', '71', '57', '19', '34', '15', '7', '68', '56', '89', '78', '31', '74', '18', '62', '36', '3']
[2024-03-19 23:01:21,882][flwr][DEBUG] - fit_round 50: strategy sampled 20 clients (out of 100)
[2024-03-19 23:12:43,933][flwr][DEBUG] - fit_round 50 received 20 results and 0 failures
[2024-03-19 23:12:47,052][flwr][INFO] - fit progress: (50, 0.07377450394183398, {'test_accuracy': 0.7858}, 14079.32517991704)
[2024-03-19 23:12:47,052][flwr][INFO] - Sampled the following clients: ['21', '57', '20', '99', '28', '50', '37', '66', '39', '9', '78', '35', '52', '11', '25', '77', '93', '10', '89', '56']
[2024-03-19 23:12:47,052][flwr][DEBUG] - evaluate_round 50: strategy sampled 20 clients (out of 100)
[2024-03-19 23:12:48,780][flwr][DEBUG] - evaluate_round 50 received 20 results and 0 failures
[2024-03-19 23:12:48,811][flwr][INFO] - FL finished in 14081.08458229201
[2024-03-19 23:12:48,817][flwr][INFO] - app_fit: losses_distributed [(1, 0.3048932802879204), (2, 0.29701785475520764), (3, 0.2853005394086999), (4, 0.268104411181757), (5, 0.2487828296119884), (6, 0.2288391403222488), (7, 0.20965241658485542), (8, 0.19489305322453127), (9, 0.17882268974336527), (10, 0.16688950854842946), (11, 0.15743598266173217), (12, 0.14623485677323098), (13, 0.14223053904913238), (14, 0.13435134412878652), (15, 0.13183762989306855), (16, 0.12296390202590975), (17, 0.1230586318393885), (18, 0.11794292030193038), (19, 0.11316176445807441), (20, 0.11071206038281069), (21, 0.1069684316293668), (22, 0.10842858113474765), (23, 0.10662496251575017), (24, 0.1036027221230127), (25, 0.0998195138144291), (26, 0.10045541613283804), (27, 0.09518080959885808), (28, 0.09776996149981426), (29, 0.09363535318713066), (30, 0.09026868770183143), (31, 0.08924742774816893), (32, 0.08919707391474206), (33, 0.09157311824166169), (34, 0.09100853892327365), (35, 0.08424236187237805), (36, 0.08814529416040849), (37, 0.08849369455444611), (38, 0.08312324366327059), (39, 0.08456151015677695), (40, 0.08455311765862723), (41, 0.0878133795208345), (42, 0.08179804940029221), (43, 0.08114647408789498), (44, 0.07981046526613882), (45, 0.0830494097891753), (46, 0.0811036397087372), (47, 0.08268826259773666), (48, 0.08098298487395553), (49, 0.0819098248951516), (50, 0.08252408975514315)]
[2024-03-19 23:12:48,818][flwr][INFO] - app_fit: metrics_distributed_fit {'train_loss': [(1, 0.5711260953293743), (2, 0.5559976790155937), (3, 0.536969376742712), (4, 0.5117111726893558), (5, 0.4793390958500442), (6, 0.442301691590783), (7, 0.4058573423420147), (8, 0.37157022242580773), (9, 0.3442794767565207), (10, 0.3193234249008315), (11, 0.30032301923884447), (12, 0.28190181769407696), (13, 0.26827821731734236), (14, 0.2558928665224379), (15, 0.24484643022130395), (16, 0.23441743523341388), (17, 0.22757946976561796), (18, 0.21912912793080738), (19, 0.21508032339136512), (20, 0.20786307113124033), (21, 0.2020312520140198), (22, 0.1968397963969282), (23, 0.1953926699053021), (24, 0.19309254305064957), (25, 0.18621771268244774), (26, 0.18062577368237154), (27, 0.18007065099457756), (28, 0.1786825730903029), (29, 0.17546280675926074), (30, 0.17439453699106888), (31, 0.17151758841209636), (32, 0.16952528918812063), (33, 0.16757797523332083), (34, 0.1659111133482279), (35, 0.16251247816490388), (36, 0.16238532465411987), (37, 0.1599516503829528), (38, 0.16228720197894153), (39, 0.15472511527951233), (40, 0.15938360307982716), (41, 0.15633102949529284), (42, 0.15483110530097208), (43, 0.15273595860113634), (44, 0.15137089208668222), (45, 0.15032711110184674), (46, 0.14985598328138697), (47, 0.14993525009068137), (48, 0.14795398358215653), (49, 0.14508019038495593), (50, 0.14488284961450876)], 'train_accuracy': [(1, 0.17897780264875957), (2, 0.3414179104477612), (3, 0.47522627601007744), (4, 0.5296092511424042), (5, 0.5859141791044776), (6, 0.6146883165360209), (7, 0.6370252869273118), (8, 0.657433314680097), (9, 0.6639283047050037), (10, 0.6760891874242), (11, 0.6907293415407573), (12, 0.699169543715592), (13, 0.7154054306242419), (14, 0.7169107359388117), (15, 0.7165640738668159), (16, 0.7286047596826878), (17, 0.7211341167692594), (18, 0.7303601418175033), (19, 0.7308589014268395), (20, 0.7341665889375991), (21, 0.7417910447761195), (22, 0.7503264316358889), (23, 0.7423719324437809), (24, 0.7431423773091995), (25, 0.7554601456038827), (26, 0.7566937214292379), (27, 0.761354098666418), (28, 0.7565322881672266), (29, 0.7603991792576011), (30, 0.7591193208321672), (31, 0.7637839350685698), (32, 0.7678887955966042), (33, 0.7669558727493236), (34, 0.7652880216599758), (35, 0.7725958399403041), (36, 0.7703786606976311), (37, 0.773444060837921), (38, 0.765051806216746), (39, 0.7803899617501633), (40, 0.7733631785114717), (41, 0.7743139817061788), (42, 0.7798096659824594), (43, 0.7831561275881366), (44, 0.7820692228752683), (45, 0.7874522233616109), (46, 0.783468607146189), (47, 0.7803899617501633), (48, 0.7855010263108789), (49, 0.7929683857129535), (50, 0.7912118667786174)]}
[2024-03-19 23:12:48,819][flwr][INFO] - app_fit: metrics_distributed {'test_accuracy': [(1, 0.37542372881355934), (2, 0.5983050847457627), (3, 0.5864406779661017), (4, 0.6364406779661017), (5, 0.638135593220339), (6, 0.6305084745762712), (7, 0.6559322033898305), (8, 0.6677966101694915), (9, 0.6898305084745763), (10, 0.7033898305084746), (11, 0.7169491525423729), (12, 0.7245762711864406), (13, 0.7127118644067797), (14, 0.738135593220339), (15, 0.7016949152542373), (16, 0.7338983050847457), (17, 0.7177966101694915), (18, 0.7237288135593221), (19, 0.7516949152542373), (20, 0.752542372881356), (21, 0.7406779661016949), (22, 0.7389830508474576), (23, 0.7508474576271187), (24, 0.7533898305084745), (25, 0.7516949152542373), (26, 0.7406779661016949), (27, 0.7686440677966102), (28, 0.7440677966101695), (29, 0.7593220338983051), (30, 0.7745762711864407), (31, 0.7779661016949152), (32, 0.7652542372881356), (33, 0.752542372881356), (34, 0.7627118644067796), (35, 0.7677966101694915), (36, 0.7686440677966102), (37, 0.773728813559322), (38, 0.7830508474576271), (39, 0.7805084745762711), (40, 0.7889830508474577), (41, 0.7652542372881356), (42, 0.7754237288135594), (43, 0.785593220338983), (44, 0.7762711864406779), (45, 0.7627118644067796), (46, 0.7788135593220339), (47, 0.7779661016949152), (48, 0.7788135593220339), (49, 0.7872881355932203), (50, 0.788135593220339)]}
[2024-03-19 23:12:48,820][flwr][INFO] - app_fit: losses_centralized [(0, 0.28787099821567536), (1, 0.2810617275476456), (2, 0.27295037701129915), (3, 0.2618075604915619), (4, 0.24724911085367202), (5, 0.2298999525308609), (6, 0.21128344777822494), (7, 0.1934967146396637), (8, 0.17795675065517425), (9, 0.16509866691827774), (10, 0.15418522983789443), (11, 0.14496968363523483), (12, 0.13727061035633087), (13, 0.13061681317687035), (14, 0.12491981088519097), (15, 0.12001374112665653), (16, 0.11588631584942341), (17, 0.112096288138628), (18, 0.10871702019870282), (19, 0.10583975818157196), (20, 0.10322934571802617), (21, 0.1009171394020319), (22, 0.09873461286723614), (23, 0.09682490238845348), (24, 0.09506893122047186), (25, 0.0934837434053421), (26, 0.09198684809803963), (27, 0.09059309901446104), (28, 0.08937653526365757), (29, 0.08820830986201764), (30, 0.08716567196547985), (31, 0.08608720073401928), (32, 0.08516415593028069), (33, 0.08423771277964115), (34, 0.08339708681702614), (35, 0.08255138732641935), (36, 0.08180766835659742), (37, 0.08107717030718922), (38, 0.0804648964613676), (39, 0.07979103089645505), (40, 0.07910282345637679), (41, 0.07841116685643792), (42, 0.07783157606571912), (43, 0.0773272296257317), (44, 0.07671620084866881), (45, 0.07611782783120871), (46, 0.07558722759708762), (47, 0.07512439275830984), (48, 0.07462818617224694), (49, 0.07418574230074883), (50, 0.07377450394183398)]
[2024-03-19 23:12:48,827][flwr][INFO] - app_fit: metrics_centralized {'test_accuracy': [(0, 0.15), (1, 0.383), (2, 0.5787), (3, 0.6149), (4, 0.637), (5, 0.6439), (6, 0.641), (7, 0.6611), (8, 0.6727), (9, 0.6798), (10, 0.6924), (11, 0.7018), (12, 0.7086), (13, 0.7171), (14, 0.722), (15, 0.7251), (16, 0.7281), (17, 0.7277), (18, 0.7346), (19, 0.7344), (20, 0.7378), (21, 0.7386), (22, 0.7415), (23, 0.7466), (24, 0.7491), (25, 0.7502), (26, 0.7513), (27, 0.7527), (28, 0.7549), (29, 0.7572), (30, 0.7581), (31, 0.76), (32, 0.7625), (33, 0.7643), (34, 0.7661), (35, 0.7664), (36, 0.7664), (37, 0.7685), (38, 0.7698), (39, 0.7706), (40, 0.7745), (41, 0.7765), (42, 0.776), (43, 0.777), (44, 0.779), (45, 0.7792), (46, 0.7812), (47, 0.7831), (48, 0.7837), (49, 0.7846), (50, 0.7858)]}
[2024-03-19 23:12:50,604][flwr][INFO] - Cleaned up ray temp session: /tmp/ray/session_2024-03-19_19-18-00_638872_98976 with size: 874526711808
[2024-03-19 23:12:50,604][flwr][INFO] - Saving ['yaml', 'log', 'wandb']
[2024-03-19 23:12:50,609][flwr][INFO] - Post-cleaning ['history', 'parameters', 'yaml', 'log', 'rng', 'history']
