[2024-03-16 21:49:16,415][flwr][INFO] - working_dir: null
to_save_once:
- yaml
- log
- wandb
to_save_per_round:
- parameters
- rng
- history
save_frequency: 1
to_restore: []
to_clean_once:
- history
- parameters
- yaml
- log
- rng
- history
use_wandb: false
debug_clients:
  all: false
  one: true
wandb_resume: false
wandb_id: null
wandb:
  setup:
    project: template
    tags:
    - strategy_${strategy.name}
    - seed_${fed.seed}
    entity: null
    mode: online
ray_address: null
ray_redis_password: null
ray_node_ip_address: null
file_limit: 250
task:
  model_and_data: CIFAR10_RESNET18
  train_structure: CIFAR10
  fit_config:
    net_config: {}
    dataloader_config:
      batch_size: 4
    run_config:
      epochs: 5
      learning_rate: 0.01
      optimizer: sgd
    extra: {}
  eval_config:
    net_config: {}
    dataloader_config:
      batch_size: 8
    run_config: {}
    extra: {}
  fed_test_config:
    net_config: {}
    dataloader_config:
      batch_size: 8
    run_config: {}
    extra: {}
  net_config_initial_parameters: {}
  fit_metrics:
  - train_loss
  - train_accuracy
  evaluate_metrics:
  - test_accuracy
fed:
  num_rounds: 50
  num_total_clients: 100
  num_clients_per_round: 20
  num_evaluate_clients_per_round: 20
  enable_resampling: false
  cpus_per_client: 2
  gpus_per_client: 0
  seed: 1337
  load_saved_state: true
  server_round: null
  parameters_folder: null
  rng_folder: null
  history_folder: null
strategy:
  name: FedAvg
  init:
    _target_: flwr.server.strategy.FedAvg
dataset:
  dataset_dir: ./data/cifar10/data
  partition_dir: ./data/cifar10/partition
  num_clients: 100
  val_ratio: 0.1
  seed: 1337
  iid: false
  power_law: false
  balance: false
  lda: true
  alpha: 100.0

[2024-03-16 21:49:16,437][flwr][INFO] - Wandb run initialized with False
[2024-03-16 21:49:16,437][flwr][INFO] - Pre-cleaning ['history', 'parameters', 'yaml', 'log', 'rng', 'history']
[2024-03-16 21:49:16,437][flwr][INFO] - Loading parameters failed from: /Users/grantwilkins/fl-final-proj/outputs/2024-03-16/21-49-16/results/state/parameters/parameters_0.bin
[2024-03-16 21:49:16,437][flwr][INFO] - Generating initial parameters with config: {}
[2024-03-16 21:49:16,438][flwr][INFO] - Generating initial parameters with config: {}
[2024-03-16 21:49:16,457][flwr][INFO] - Using RNG seed: 1337
[2024-03-16 21:49:35,043][flwr][INFO] - Fit debug fit: [446, {'train_loss': 0.5524794379157336, 'train_accuracy': 0.17488789237668162}]  and eval: (0.32941443092968997, 49, {'test_accuracy': 0.061224489795918366})
[2024-03-16 21:49:35,044][flwr][INFO] - Starting Flower simulation, config: ServerConfig(num_rounds=50, round_timeout=None)
[2024-03-16 21:49:37,564][flwr][INFO] - Flower VCE: Ray initialized with resources: {'memory': 22109323264.0, 'node:127.0.0.1': 1.0, 'CPU': 10.0, 'node:__internal_head__': 1.0, 'object_store_memory': 2147483648.0}
[2024-03-16 21:49:37,565][flwr][INFO] - Optimize your simulation with Flower VCE: https://flower.dev/docs/framework/how-to-run-simulations.html
[2024-03-16 21:49:37,565][flwr][INFO] - Flower VCE: Resources for each Virtual Client: {'num_cpus': 2, 'num_gpus': 0.0}
[2024-03-16 21:49:37,572][flwr][INFO] - Flower VCE: Creating VirtualClientEngineActorPool with 5 actors
[2024-03-16 21:49:37,572][flwr][INFO] - Initializing global parameters
[2024-03-16 21:49:37,572][flwr][INFO] - Using initial parameters provided by strategy
[2024-03-16 21:49:37,572][flwr][INFO] - Evaluating initial parameters
[2024-03-16 21:49:48,761][flwr][INFO] - initial parameters (loss, other metrics): 0.2877844331026077, {'test_accuracy': 0.0995}
[2024-03-16 21:49:48,835][flwr][INFO] - FL starting
[2024-03-16 21:49:48,835][flwr][INFO] - Sampled the following clients: ['18', '62', '29', '0', '45', '56', '26', '93', '96', '76', '83', '92', '99', '54', '43', '3', '84', '27', '37', '59']
[2024-03-16 21:49:48,835][flwr][DEBUG] - fit_round 1: strategy sampled 20 clients (out of 100)
[2024-03-16 21:51:44,567][flwr][DEBUG] - fit_round 1 received 20 results and 0 failures
[2024-03-16 21:51:56,094][flwr][INFO] - fit progress: (1, 0.275622144818306, {'test_accuracy': 0.1692}, 127.25829999998678)
[2024-03-16 21:51:56,094][flwr][INFO] - Sampled the following clients: ['41', '72', '1', '61', '47', '80', '99', '97', '54', '10', '58', '93', '89', '30', '23', '14', '31', '68', '96', '66']
[2024-03-16 21:51:56,095][flwr][DEBUG] - evaluate_round 1: strategy sampled 20 clients (out of 100)
[2024-03-16 21:51:59,285][flwr][DEBUG] - evaluate_round 1 received 20 results and 0 failures
[2024-03-16 21:51:59,311][flwr][INFO] - Sampled the following clients: ['0', '59', '24', '71', '20', '33', '69', '36', '73', '9', '61', '14', '37', '84', '42', '27', '79', '31', '46', '53']
[2024-03-16 21:51:59,312][flwr][DEBUG] - fit_round 2: strategy sampled 20 clients (out of 100)
[2024-03-16 21:53:53,147][flwr][DEBUG] - fit_round 2 received 20 results and 0 failures
[2024-03-16 21:54:04,835][flwr][INFO] - fit progress: (2, 0.25005658602714537, {'test_accuracy': 0.2464}, 256.01779399998486)
[2024-03-16 21:54:04,835][flwr][INFO] - Sampled the following clients: ['18', '80', '54', '3', '75', '57', '0', '27', '22', '23', '99', '78', '37', '2', '51', '55', '58', '4', '44', '74']
[2024-03-16 21:54:04,835][flwr][DEBUG] - evaluate_round 2: strategy sampled 20 clients (out of 100)
[2024-03-16 21:54:07,848][flwr][DEBUG] - evaluate_round 2 received 20 results and 0 failures
[2024-03-16 21:54:07,914][flwr][INFO] - Sampled the following clients: ['40', '96', '0', '76', '54', '73', '31', '66', '72', '32', '74', '12', '75', '55', '15', '83', '56', '19', '9', '90']
[2024-03-16 21:54:07,914][flwr][DEBUG] - fit_round 3: strategy sampled 20 clients (out of 100)
[2024-03-16 21:56:01,469][flwr][DEBUG] - fit_round 3 received 20 results and 0 failures
[2024-03-16 21:56:12,966][flwr][INFO] - fit progress: (3, 0.23320123319625854, {'test_accuracy': 0.2956}, 384.148579708999)
[2024-03-16 21:56:12,966][flwr][INFO] - Sampled the following clients: ['21', '94', '43', '95', '75', '77', '53', '41', '11', '67', '28', '84', '7', '57', '4', '91', '6', '76', '2', '25']
[2024-03-16 21:56:12,966][flwr][DEBUG] - evaluate_round 3: strategy sampled 20 clients (out of 100)
[2024-03-16 21:56:15,990][flwr][DEBUG] - evaluate_round 3 received 20 results and 0 failures
[2024-03-16 21:56:16,049][flwr][INFO] - Sampled the following clients: ['96', '98', '53', '49', '10', '18', '42', '63', '37', '88', '94', '81', '31', '56', '74', '50', '86', '25', '15', '28']
[2024-03-16 21:56:16,050][flwr][DEBUG] - fit_round 4: strategy sampled 20 clients (out of 100)
[2024-03-16 21:58:10,310][flwr][DEBUG] - fit_round 4 received 20 results and 0 failures
[2024-03-16 21:58:21,908][flwr][INFO] - fit progress: (4, 0.2168542093157768, {'test_accuracy': 0.3405}, 513.0895860838937)
[2024-03-16 21:58:21,908][flwr][INFO] - Sampled the following clients: ['36', '62', '92', '38', '75', '54', '45', '8', '26', '7', '91', '63', '43', '52', '66', '10', '83', '60', '55', '21']
[2024-03-16 21:58:21,908][flwr][DEBUG] - evaluate_round 4: strategy sampled 20 clients (out of 100)
[2024-03-16 21:58:24,922][flwr][DEBUG] - evaluate_round 4 received 20 results and 0 failures
[2024-03-16 21:58:24,991][flwr][INFO] - Sampled the following clients: ['3', '38', '10', '6', '91', '66', '41', '36', '94', '40', '8', '35', '69', '79', '27', '64', '65', '70', '59', '20']
[2024-03-16 21:58:24,991][flwr][DEBUG] - fit_round 5: strategy sampled 20 clients (out of 100)
[2024-03-16 22:00:19,280][flwr][DEBUG] - fit_round 5 received 20 results and 0 failures
[2024-03-16 22:00:31,028][flwr][INFO] - fit progress: (5, 0.20366493871808053, {'test_accuracy': 0.3928}, 642.2094451669836)
[2024-03-16 22:00:31,028][flwr][INFO] - Sampled the following clients: ['18', '81', '51', '75', '11', '66', '76', '39', '10', '89', '96', '57', '79', '50', '40', '90', '45', '46', '31', '61']
[2024-03-16 22:00:31,028][flwr][DEBUG] - evaluate_round 5: strategy sampled 20 clients (out of 100)
[2024-03-16 22:00:34,139][flwr][DEBUG] - evaluate_round 5 received 20 results and 0 failures
[2024-03-16 22:00:34,245][flwr][INFO] - Sampled the following clients: ['53', '40', '33', '94', '26', '41', '52', '3', '31', '69', '76', '81', '27', '71', '18', '91', '2', '44', '11', '84']
[2024-03-16 22:00:34,245][flwr][DEBUG] - fit_round 6: strategy sampled 20 clients (out of 100)
[2024-03-16 22:02:28,710][flwr][DEBUG] - fit_round 6 received 20 results and 0 failures
[2024-03-16 22:02:40,396][flwr][INFO] - fit progress: (6, 0.1934350648880005, {'test_accuracy': 0.4268}, 771.5774912089109)
[2024-03-16 22:02:40,396][flwr][INFO] - Sampled the following clients: ['40', '30', '61', '48', '49', '90', '2', '85', '27', '65', '80', '12', '74', '47', '39', '69', '63', '86', '87', '66']
[2024-03-16 22:02:40,396][flwr][DEBUG] - evaluate_round 6: strategy sampled 20 clients (out of 100)
[2024-03-16 22:02:43,440][flwr][DEBUG] - evaluate_round 6 received 20 results and 0 failures
[2024-03-16 22:02:43,533][flwr][INFO] - Sampled the following clients: ['63', '74', '14', '11', '58', '76', '92', '62', '73', '22', '65', '91', '47', '71', '56', '10', '40', '17', '33', '34']
[2024-03-16 22:02:43,533][flwr][DEBUG] - fit_round 7: strategy sampled 20 clients (out of 100)
[2024-03-16 22:04:37,867][flwr][DEBUG] - fit_round 7 received 20 results and 0 failures
[2024-03-16 22:04:49,664][flwr][INFO] - fit progress: (7, 0.18546370562016964, {'test_accuracy': 0.4536}, 900.8444564589299)
[2024-03-16 22:04:49,664][flwr][INFO] - Sampled the following clients: ['9', '28', '80', '42', '19', '82', '17', '84', '43', '69', '56', '15', '63', '81', '6', '64', '10', '68', '89', '12']
[2024-03-16 22:04:49,664][flwr][DEBUG] - evaluate_round 7: strategy sampled 20 clients (out of 100)
[2024-03-16 22:04:52,697][flwr][DEBUG] - evaluate_round 7 received 20 results and 0 failures
[2024-03-16 22:04:52,805][flwr][INFO] - Sampled the following clients: ['26', '65', '22', '82', '73', '93', '50', '48', '76', '3', '11', '51', '79', '90', '96', '2', '86', '25', '19', '13']
[2024-03-16 22:04:52,805][flwr][DEBUG] - fit_round 8: strategy sampled 20 clients (out of 100)
[2024-03-16 22:06:47,011][flwr][DEBUG] - fit_round 8 received 20 results and 0 failures
[2024-03-16 22:06:58,722][flwr][INFO] - fit progress: (8, 0.18078830253481865, {'test_accuracy': 0.4733}, 1029.902732708957)
[2024-03-16 22:06:58,722][flwr][INFO] - Sampled the following clients: ['53', '17', '91', '18', '86', '0', '30', '80', '22', '81', '76', '61', '52', '55', '96', '68', '54', '28', '92', '64']
[2024-03-16 22:06:58,722][flwr][DEBUG] - evaluate_round 8: strategy sampled 20 clients (out of 100)
[2024-03-16 22:07:01,797][flwr][DEBUG] - evaluate_round 8 received 20 results and 0 failures
[2024-03-16 22:07:02,090][flwr][INFO] - Sampled the following clients: ['9', '90', '34', '35', '37', '31', '17', '5', '26', '19', '83', '11', '18', '8', '77', '84', '29', '3', '56', '72']
[2024-03-16 22:07:02,091][flwr][DEBUG] - fit_round 9: strategy sampled 20 clients (out of 100)
[2024-03-16 22:08:56,012][flwr][DEBUG] - fit_round 9 received 20 results and 0 failures
[2024-03-16 22:09:07,673][flwr][INFO] - fit progress: (9, 0.17714584320187568, {'test_accuracy': 0.4914}, 1158.8532701249933)
[2024-03-16 22:09:07,673][flwr][INFO] - Sampled the following clients: ['99', '24', '66', '35', '3', '1', '50', '67', '13', '97', '76', '4', '75', '53', '87', '61', '98', '31', '45', '44']
[2024-03-16 22:09:07,673][flwr][DEBUG] - evaluate_round 9: strategy sampled 20 clients (out of 100)
[2024-03-16 22:09:10,698][flwr][DEBUG] - evaluate_round 9 received 20 results and 0 failures
[2024-03-16 22:09:10,802][flwr][INFO] - Sampled the following clients: ['96', '46', '99', '31', '33', '10', '4', '5', '69', '20', '60', '52', '95', '15', '47', '66', '61', '90', '85', '12']
[2024-03-16 22:09:10,802][flwr][DEBUG] - fit_round 10: strategy sampled 20 clients (out of 100)
[2024-03-16 22:11:05,236][flwr][DEBUG] - fit_round 10 received 20 results and 0 failures
[2024-03-16 22:11:17,050][flwr][INFO] - fit progress: (10, 0.17404737753868102, {'test_accuracy': 0.504}, 1288.2294232919812)
[2024-03-16 22:11:17,050][flwr][INFO] - Sampled the following clients: ['26', '40', '28', '34', '68', '46', '42', '73', '93', '84', '61', '72', '10', '78', '94', '33', '4', '11', '70', '24']
[2024-03-16 22:11:17,050][flwr][DEBUG] - evaluate_round 10: strategy sampled 20 clients (out of 100)
[2024-03-16 22:11:20,114][flwr][DEBUG] - evaluate_round 10 received 20 results and 0 failures
[2024-03-16 22:11:20,212][flwr][INFO] - Sampled the following clients: ['80', '18', '11', '61', '25', '0', '85', '30', '19', '14', '53', '90', '43', '29', '33', '36', '81', '99', '58', '5']
[2024-03-16 22:11:20,212][flwr][DEBUG] - fit_round 11: strategy sampled 20 clients (out of 100)
[2024-03-16 22:13:14,509][flwr][DEBUG] - fit_round 11 received 20 results and 0 failures
[2024-03-16 22:13:26,147][flwr][INFO] - fit progress: (11, 0.17229522273391484, {'test_accuracy': 0.5146}, 1417.3267689999193)
[2024-03-16 22:13:26,148][flwr][INFO] - Sampled the following clients: ['14', '79', '10', '1', '85', '92', '80', '48', '61', '50', '25', '45', '43', '7', '15', '33', '98', '75', '97', '47']
[2024-03-16 22:13:26,148][flwr][DEBUG] - evaluate_round 11: strategy sampled 20 clients (out of 100)
[2024-03-16 22:13:29,187][flwr][DEBUG] - evaluate_round 11 received 20 results and 0 failures
[2024-03-16 22:13:29,286][flwr][INFO] - Sampled the following clients: ['41', '75', '57', '14', '91', '99', '52', '16', '44', '24', '95', '23', '80', '27', '92', '35', '55', '94', '31', '69']
[2024-03-16 22:13:29,286][flwr][DEBUG] - fit_round 12: strategy sampled 20 clients (out of 100)
[2024-03-16 22:15:23,618][flwr][DEBUG] - fit_round 12 received 20 results and 0 failures
[2024-03-16 22:15:35,289][flwr][INFO] - fit progress: (12, 0.1727425964832306, {'test_accuracy': 0.5229}, 1546.4684019169072)
[2024-03-16 22:15:35,290][flwr][INFO] - Sampled the following clients: ['27', '32', '70', '96', '74', '37', '52', '39', '82', '23', '66', '7', '38', '24', '26', '79', '36', '51', '8', '58']
[2024-03-16 22:15:35,290][flwr][DEBUG] - evaluate_round 12: strategy sampled 20 clients (out of 100)
[2024-03-16 22:15:38,303][flwr][DEBUG] - evaluate_round 12 received 20 results and 0 failures
[2024-03-16 22:15:38,361][flwr][INFO] - Sampled the following clients: ['31', '22', '18', '50', '54', '26', '58', '3', '27', '2', '91', '63', '68', '87', '4', '33', '6', '42', '34', '45']
[2024-03-16 22:15:38,361][flwr][DEBUG] - fit_round 13: strategy sampled 20 clients (out of 100)
[2024-03-16 22:17:32,277][flwr][DEBUG] - fit_round 13 received 20 results and 0 failures
[2024-03-16 22:17:44,176][flwr][INFO] - fit progress: (13, 0.17378241615444423, {'test_accuracy': 0.5363}, 1675.3543854169548)
[2024-03-16 22:17:44,176][flwr][INFO] - Sampled the following clients: ['21', '33', '98', '74', '92', '2', '14', '9', '67', '87', '89', '76', '32', '40', '52', '71', '75', '6', '11', '86']
[2024-03-16 22:17:44,176][flwr][DEBUG] - evaluate_round 13: strategy sampled 20 clients (out of 100)
[2024-03-16 22:17:47,221][flwr][DEBUG] - evaluate_round 13 received 20 results and 0 failures
[2024-03-16 22:17:47,279][flwr][INFO] - Sampled the following clients: ['45', '67', '28', '80', '9', '73', '94', '92', '11', '59', '61', '78', '18', '41', '64', '4', '1', '55', '57', '85']
[2024-03-16 22:17:47,279][flwr][DEBUG] - fit_round 14: strategy sampled 20 clients (out of 100)
[2024-03-16 22:19:41,485][flwr][DEBUG] - fit_round 14 received 20 results and 0 failures
[2024-03-16 22:19:53,029][flwr][INFO] - fit progress: (14, 0.17498992575928568, {'test_accuracy': 0.5449}, 1804.2069366249489)
[2024-03-16 22:19:53,029][flwr][INFO] - Sampled the following clients: ['66', '63', '38', '1', '49', '64', '88', '36', '51', '50', '18', '73', '56', '35', '99', '11', '44', '26', '4', '53']
[2024-03-16 22:19:53,029][flwr][DEBUG] - evaluate_round 14: strategy sampled 20 clients (out of 100)
[2024-03-16 22:19:56,064][flwr][DEBUG] - evaluate_round 14 received 20 results and 0 failures
[2024-03-16 22:19:56,122][flwr][INFO] - Sampled the following clients: ['81', '77', '91', '7', '30', '98', '69', '55', '1', '17', '73', '59', '9', '97', '2', '65', '38', '24', '6', '64']
[2024-03-16 22:19:56,122][flwr][DEBUG] - fit_round 15: strategy sampled 20 clients (out of 100)
[2024-03-16 22:21:50,310][flwr][DEBUG] - fit_round 15 received 20 results and 0 failures
[2024-03-16 22:22:01,898][flwr][INFO] - fit progress: (15, 0.17578643170595168, {'test_accuracy': 0.5589}, 1933.0760957089951)
[2024-03-16 22:22:01,898][flwr][INFO] - Sampled the following clients: ['22', '29', '58', '6', '55', '69', '75', '72', '19', '17', '98', '76', '28', '67', '97', '25', '82', '31', '18', '52']
[2024-03-16 22:22:01,898][flwr][DEBUG] - evaluate_round 15: strategy sampled 20 clients (out of 100)
[2024-03-16 22:22:04,905][flwr][DEBUG] - evaluate_round 15 received 20 results and 0 failures
[2024-03-16 22:22:04,964][flwr][INFO] - Sampled the following clients: ['98', '8', '0', '77', '49', '40', '13', '33', '67', '34', '91', '54', '96', '82', '7', '60', '10', '97', '42', '83']
[2024-03-16 22:22:04,964][flwr][DEBUG] - fit_round 16: strategy sampled 20 clients (out of 100)
[2024-03-16 22:23:59,200][flwr][DEBUG] - fit_round 16 received 20 results and 0 failures
[2024-03-16 22:24:11,033][flwr][INFO] - fit progress: (16, 0.1775187624875456, {'test_accuracy': 0.5659}, 2062.2106663339073)
[2024-03-16 22:24:11,033][flwr][INFO] - Sampled the following clients: ['31', '79', '78', '41', '89', '22', '94', '72', '76', '68', '75', '34', '87', '13', '39', '96', '25', '64', '69', '40']
[2024-03-16 22:24:11,033][flwr][DEBUG] - evaluate_round 16: strategy sampled 20 clients (out of 100)
[2024-03-16 22:24:14,049][flwr][DEBUG] - evaluate_round 16 received 20 results and 0 failures
[2024-03-16 22:24:14,126][flwr][INFO] - Sampled the following clients: ['43', '99', '52', '16', '65', '90', '33', '86', '37', '13', '74', '11', '88', '14', '59', '97', '3', '22', '47', '1']
[2024-03-16 22:24:14,126][flwr][DEBUG] - fit_round 17: strategy sampled 20 clients (out of 100)
[2024-03-16 22:26:08,838][flwr][DEBUG] - fit_round 17 received 20 results and 0 failures
[2024-03-16 22:26:20,762][flwr][INFO] - fit progress: (17, 0.18098720381110905, {'test_accuracy': 0.5736}, 2191.9395454169717)
[2024-03-16 22:26:20,763][flwr][INFO] - Sampled the following clients: ['4', '86', '47', '48', '13', '14', '62', '94', '7', '38', '53', '95', '59', '1', '8', '27', '19', '29', '78', '41']
[2024-03-16 22:26:20,763][flwr][DEBUG] - evaluate_round 17: strategy sampled 20 clients (out of 100)
[2024-03-16 22:26:23,861][flwr][DEBUG] - evaluate_round 17 received 20 results and 0 failures
[2024-03-16 22:26:23,951][flwr][INFO] - Sampled the following clients: ['15', '59', '14', '63', '45', '24', '18', '87', '51', '70', '81', '13', '6', '55', '74', '17', '50', '48', '96', '16']
[2024-03-16 22:26:23,951][flwr][DEBUG] - fit_round 18: strategy sampled 20 clients (out of 100)
[2024-03-16 22:28:18,868][flwr][DEBUG] - fit_round 18 received 20 results and 0 failures
[2024-03-16 22:28:30,800][flwr][INFO] - fit progress: (18, 0.1875286936789751, {'test_accuracy': 0.5762}, 2321.9595442089485)
[2024-03-16 22:28:30,800][flwr][INFO] - Sampled the following clients: ['22', '64', '81', '52', '47', '10', '96', '98', '34', '44', '7', '57', '62', '31', '14', '54', '90', '43', '37', '1']
[2024-03-16 22:28:30,800][flwr][DEBUG] - evaluate_round 18: strategy sampled 20 clients (out of 100)
[2024-03-16 22:28:33,915][flwr][DEBUG] - evaluate_round 18 received 20 results and 0 failures
[2024-03-16 22:28:34,009][flwr][INFO] - Sampled the following clients: ['10', '22', '16', '91', '66', '86', '77', '36', '59', '78', '83', '72', '47', '12', '40', '29', '52', '58', '65', '51']
[2024-03-16 22:28:34,009][flwr][DEBUG] - fit_round 19: strategy sampled 20 clients (out of 100)
[2024-03-16 22:30:28,599][flwr][DEBUG] - fit_round 19 received 20 results and 0 failures
[2024-03-16 22:30:40,442][flwr][INFO] - fit progress: (19, 0.19013746964633466, {'test_accuracy': 0.5809}, 2451.599838083959)
[2024-03-16 22:30:40,442][flwr][INFO] - Sampled the following clients: ['80', '46', '34', '40', '81', '49', '66', '79', '62', '29', '51', '38', '90', '85', '59', '8', '17', '10', '27', '87']
[2024-03-16 22:30:40,442][flwr][DEBUG] - evaluate_round 19: strategy sampled 20 clients (out of 100)
[2024-03-16 22:30:43,409][flwr][DEBUG] - evaluate_round 19 received 20 results and 0 failures
[2024-03-16 22:30:43,515][flwr][INFO] - Sampled the following clients: ['3', '65', '59', '57', '35', '33', '26', '96', '69', '87', '5', '1', '76', '56', '24', '58', '47', '62', '49', '9']
[2024-03-16 22:30:43,515][flwr][DEBUG] - fit_round 20: strategy sampled 20 clients (out of 100)
[2024-03-16 22:32:37,591][flwr][DEBUG] - fit_round 20 received 20 results and 0 failures
[2024-03-16 22:32:49,199][flwr][INFO] - fit progress: (20, 0.18929944081045688, {'test_accuracy': 0.5873}, 2580.356056791963)
[2024-03-16 22:32:49,199][flwr][INFO] - Sampled the following clients: ['54', '72', '45', '62', '50', '19', '92', '75', '32', '95', '20', '93', '11', '15', '98', '24', '13', '9', '4', '87']
[2024-03-16 22:32:49,199][flwr][DEBUG] - evaluate_round 20: strategy sampled 20 clients (out of 100)
[2024-03-16 22:32:52,254][flwr][DEBUG] - evaluate_round 20 received 20 results and 0 failures
[2024-03-16 22:32:52,351][flwr][INFO] - Sampled the following clients: ['89', '9', '33', '36', '47', '52', '19', '96', '10', '16', '51', '37', '26', '2', '20', '98', '79', '63', '40', '31']
[2024-03-16 22:32:52,351][flwr][DEBUG] - fit_round 21: strategy sampled 20 clients (out of 100)
[2024-03-16 22:34:47,064][flwr][DEBUG] - fit_round 21 received 20 results and 0 failures
[2024-03-16 22:34:58,829][flwr][INFO] - fit progress: (21, 0.19124630737490952, {'test_accuracy': 0.5922}, 2709.98507741699)
[2024-03-16 22:34:58,830][flwr][INFO] - Sampled the following clients: ['23', '55', '78', '82', '84', '32', '22', '15', '50', '93', '89', '69', '43', '34', '98', '37', '60', '67', '79', '40']
[2024-03-16 22:34:58,830][flwr][DEBUG] - evaluate_round 21: strategy sampled 20 clients (out of 100)
[2024-03-16 22:35:01,879][flwr][DEBUG] - evaluate_round 21 received 20 results and 0 failures
[2024-03-16 22:35:02,127][flwr][INFO] - Sampled the following clients: ['8', '82', '48', '27', '33', '75', '7', '16', '67', '53', '14', '12', '4', '22', '61', '84', '42', '59', '17', '56']
[2024-03-16 22:35:02,127][flwr][DEBUG] - fit_round 22: strategy sampled 20 clients (out of 100)
[2024-03-16 22:36:56,476][flwr][DEBUG] - fit_round 22 received 20 results and 0 failures
[2024-03-16 22:37:08,041][flwr][INFO] - fit progress: (22, 0.18864555799253285, {'test_accuracy': 0.5989}, 2839.19542770891)
[2024-03-16 22:37:08,041][flwr][INFO] - Sampled the following clients: ['15', '65', '3', '0', '82', '88', '35', '78', '71', '25', '12', '8', '10', '14', '24', '45', '21', '72', '80', '93']
[2024-03-16 22:37:08,041][flwr][DEBUG] - evaluate_round 22: strategy sampled 20 clients (out of 100)
[2024-03-16 22:37:11,044][flwr][DEBUG] - evaluate_round 22 received 20 results and 0 failures
[2024-03-16 22:37:11,147][flwr][INFO] - Sampled the following clients: ['72', '74', '69', '17', '64', '22', '25', '21', '62', '48', '36', '0', '56', '93', '39', '71', '15', '13', '40', '49']
[2024-03-16 22:37:11,147][flwr][DEBUG] - fit_round 23: strategy sampled 20 clients (out of 100)
[2024-03-16 22:39:05,544][flwr][DEBUG] - fit_round 23 received 20 results and 0 failures
[2024-03-16 22:39:17,203][flwr][INFO] - fit progress: (23, 0.18741572276409715, {'test_accuracy': 0.6032}, 2968.3560262499377)
[2024-03-16 22:39:17,203][flwr][INFO] - Sampled the following clients: ['74', '51', '53', '22', '48', '35', '12', '38', '10', '85', '18', '73', '65', '19', '71', '89', '72', '44', '70', '80']
[2024-03-16 22:39:17,203][flwr][DEBUG] - evaluate_round 23: strategy sampled 20 clients (out of 100)
[2024-03-16 22:39:20,235][flwr][DEBUG] - evaluate_round 23 received 20 results and 0 failures
[2024-03-16 22:39:20,338][flwr][INFO] - Sampled the following clients: ['80', '68', '69', '42', '85', '22', '21', '86', '50', '41', '62', '96', '67', '4', '77', '39', '87', '34', '35', '98']
[2024-03-16 22:39:20,338][flwr][DEBUG] - fit_round 24: strategy sampled 20 clients (out of 100)
[2024-03-16 22:41:15,220][flwr][DEBUG] - fit_round 24 received 20 results and 0 failures
[2024-03-16 22:41:26,999][flwr][INFO] - fit progress: (24, 0.18490110114514827, {'test_accuracy': 0.6049}, 3098.1508390419185)
[2024-03-16 22:41:26,999][flwr][INFO] - Sampled the following clients: ['71', '53', '49', '52', '73', '64', '56', '93', '46', '69', '19', '77', '51', '28', '23', '36', '81', '84', '50', '22']
[2024-03-16 22:41:26,999][flwr][DEBUG] - evaluate_round 24: strategy sampled 20 clients (out of 100)
[2024-03-16 22:41:30,006][flwr][DEBUG] - evaluate_round 24 received 20 results and 0 failures
[2024-03-16 22:41:30,108][flwr][INFO] - Sampled the following clients: ['4', '13', '90', '89', '72', '65', '19', '34', '54', '67', '93', '46', '23', '44', '66', '56', '2', '57', '20', '48']
[2024-03-16 22:41:30,108][flwr][DEBUG] - fit_round 25: strategy sampled 20 clients (out of 100)
[2024-03-16 22:43:24,760][flwr][DEBUG] - fit_round 25 received 20 results and 0 failures
[2024-03-16 22:43:36,376][flwr][INFO] - fit progress: (25, 0.1838107550638728, {'test_accuracy': 0.6106}, 3227.5269839999964)
[2024-03-16 22:43:36,377][flwr][INFO] - Sampled the following clients: ['95', '92', '16', '83', '8', '81', '88', '20', '22', '33', '68', '1', '82', '10', '62', '23', '25', '89', '93', '97']
[2024-03-16 22:43:36,377][flwr][DEBUG] - evaluate_round 25: strategy sampled 20 clients (out of 100)
[2024-03-16 22:43:39,424][flwr][DEBUG] - evaluate_round 25 received 20 results and 0 failures
[2024-03-16 22:43:39,521][flwr][INFO] - Sampled the following clients: ['80', '30', '19', '71', '10', '52', '47', '50', '75', '21', '76', '12', '43', '8', '89', '96', '68', '26', '17', '3']
[2024-03-16 22:43:39,521][flwr][DEBUG] - fit_round 26: strategy sampled 20 clients (out of 100)
[2024-03-16 22:45:34,103][flwr][DEBUG] - fit_round 26 received 20 results and 0 failures
[2024-03-16 22:45:45,841][flwr][INFO] - fit progress: (26, 0.18334120856765657, {'test_accuracy': 0.6153}, 3356.9908452089876)
[2024-03-16 22:45:45,842][flwr][INFO] - Sampled the following clients: ['78', '98', '35', '8', '97', '32', '12', '86', '47', '84', '89', '95', '14', '43', '93', '54', '80', '75', '9', '85']
[2024-03-16 22:45:45,842][flwr][DEBUG] - evaluate_round 26: strategy sampled 20 clients (out of 100)
[2024-03-16 22:45:48,885][flwr][DEBUG] - evaluate_round 26 received 20 results and 0 failures
[2024-03-16 22:45:48,990][flwr][INFO] - Sampled the following clients: ['11', '6', '37', '78', '2', '7', '8', '42', '59', '53', '98', '14', '28', '96', '56', '67', '41', '15', '30', '55']
[2024-03-16 22:45:48,990][flwr][DEBUG] - fit_round 27: strategy sampled 20 clients (out of 100)
[2024-03-16 22:47:43,557][flwr][DEBUG] - fit_round 27 received 20 results and 0 failures
[2024-03-16 22:47:55,272][flwr][INFO] - fit progress: (27, 0.1807511198129505, {'test_accuracy': 0.6207}, 3486.4205989999464)
[2024-03-16 22:47:55,273][flwr][INFO] - Sampled the following clients: ['65', '68', '37', '48', '52', '95', '45', '63', '16', '38', '74', '56', '18', '3', '66', '42', '62', '5', '84', '33']
[2024-03-16 22:47:55,273][flwr][DEBUG] - evaluate_round 27: strategy sampled 20 clients (out of 100)
[2024-03-16 22:47:58,309][flwr][DEBUG] - evaluate_round 27 received 20 results and 0 failures
[2024-03-16 22:47:58,410][flwr][INFO] - Sampled the following clients: ['7', '83', '60', '6', '34', '32', '9', '97', '4', '47', '78', '48', '76', '61', '51', '13', '54', '5', '64', '87']
[2024-03-16 22:47:58,410][flwr][DEBUG] - fit_round 28: strategy sampled 20 clients (out of 100)
[2024-03-16 22:49:52,560][flwr][DEBUG] - fit_round 28 received 20 results and 0 failures
[2024-03-16 22:50:04,197][flwr][INFO] - fit progress: (28, 0.17941168633569032, {'test_accuracy': 0.6243}, 3615.34349183389)
[2024-03-16 22:50:04,197][flwr][INFO] - Sampled the following clients: ['86', '56', '65', '49', '79', '64', '26', '16', '80', '12', '45', '57', '0', '98', '31', '88', '42', '75', '24', '34']
[2024-03-16 22:50:04,197][flwr][DEBUG] - evaluate_round 28: strategy sampled 20 clients (out of 100)
[2024-03-16 22:50:07,215][flwr][DEBUG] - evaluate_round 28 received 20 results and 0 failures
[2024-03-16 22:50:07,317][flwr][INFO] - Sampled the following clients: ['55', '93', '3', '89', '74', '95', '29', '14', '83', '45', '96', '9', '36', '41', '21', '42', '71', '27', '46', '63']
[2024-03-16 22:50:07,317][flwr][DEBUG] - fit_round 29: strategy sampled 20 clients (out of 100)
[2024-03-16 22:52:01,934][flwr][DEBUG] - fit_round 29 received 20 results and 0 failures
[2024-03-16 22:52:13,835][flwr][INFO] - fit progress: (29, 0.17922563538309186, {'test_accuracy': 0.6228}, 3744.9808722499292)
[2024-03-16 22:52:13,835][flwr][INFO] - Sampled the following clients: ['49', '70', '77', '4', '6', '48', '46', '63', '75', '25', '61', '66', '83', '88', '13', '85', '84', '18', '38', '39']
[2024-03-16 22:52:13,835][flwr][DEBUG] - evaluate_round 29: strategy sampled 20 clients (out of 100)
[2024-03-16 22:52:16,892][flwr][DEBUG] - evaluate_round 29 received 20 results and 0 failures
[2024-03-16 22:52:16,992][flwr][INFO] - Sampled the following clients: ['99', '18', '38', '15', '22', '59', '66', '19', '64', '96', '78', '26', '11', '5', '68', '33', '42', '62', '86', '35']
[2024-03-16 22:52:16,992][flwr][DEBUG] - fit_round 30: strategy sampled 20 clients (out of 100)
[2024-03-16 22:54:11,326][flwr][DEBUG] - fit_round 30 received 20 results and 0 failures
[2024-03-16 22:54:22,870][flwr][INFO] - fit progress: (30, 0.17870513668274507, {'test_accuracy': 0.6255}, 3874.014846083941)
[2024-03-16 22:54:22,871][flwr][INFO] - Sampled the following clients: ['74', '89', '15', '44', '54', '58', '5', '62', '63', '30', '55', '45', '56', '69', '2', '38', '67', '11', '37', '3']
[2024-03-16 22:54:22,871][flwr][DEBUG] - evaluate_round 30: strategy sampled 20 clients (out of 100)
[2024-03-16 22:54:25,896][flwr][DEBUG] - evaluate_round 30 received 20 results and 0 failures
[2024-03-16 22:54:25,996][flwr][INFO] - Sampled the following clients: ['76', '17', '34', '45', '93', '8', '25', '96', '98', '91', '18', '29', '85', '68', '55', '20', '9', '95', '14', '26']
[2024-03-16 22:54:25,996][flwr][DEBUG] - fit_round 31: strategy sampled 20 clients (out of 100)
[2024-03-16 22:56:20,158][flwr][DEBUG] - fit_round 31 received 20 results and 0 failures
[2024-03-16 22:56:31,956][flwr][INFO] - fit progress: (31, 0.17835968581605702, {'test_accuracy': 0.6297}, 4003.0996296249796)
[2024-03-16 22:56:31,957][flwr][INFO] - Sampled the following clients: ['64', '36', '62', '47', '5', '75', '48', '0', '13', '25', '8', '95', '38', '18', '70', '60', '30', '72', '87', '41']
[2024-03-16 22:56:31,957][flwr][DEBUG] - evaluate_round 31: strategy sampled 20 clients (out of 100)
[2024-03-16 22:56:35,027][flwr][DEBUG] - evaluate_round 31 received 20 results and 0 failures
[2024-03-16 22:56:35,132][flwr][INFO] - Sampled the following clients: ['98', '87', '24', '22', '59', '20', '42', '80', '39', '53', '97', '67', '38', '14', '45', '48', '3', '54', '16', '62']
[2024-03-16 22:56:35,132][flwr][DEBUG] - fit_round 32: strategy sampled 20 clients (out of 100)
[2024-03-16 22:58:29,596][flwr][DEBUG] - fit_round 32 received 20 results and 0 failures
[2024-03-16 22:58:41,247][flwr][INFO] - fit progress: (32, 0.17683961641211063, {'test_accuracy': 0.6297}, 4132.388724999968)
[2024-03-16 22:58:41,247][flwr][INFO] - Sampled the following clients: ['27', '63', '8', '0', '1', '50', '59', '44', '49', '89', '64', '55', '9', '66', '71', '16', '42', '34', '87', '99']
[2024-03-16 22:58:41,247][flwr][DEBUG] - evaluate_round 32: strategy sampled 20 clients (out of 100)
[2024-03-16 22:58:44,328][flwr][DEBUG] - evaluate_round 32 received 20 results and 0 failures
[2024-03-16 22:58:44,432][flwr][INFO] - Sampled the following clients: ['14', '44', '54', '95', '61', '12', '49', '91', '7', '98', '30', '50', '72', '82', '41', '11', '52', '13', '18', '28']
[2024-03-16 22:58:44,433][flwr][DEBUG] - fit_round 33: strategy sampled 20 clients (out of 100)
[2024-03-16 23:00:38,388][flwr][DEBUG] - fit_round 33 received 20 results and 0 failures
[2024-03-16 23:00:50,223][flwr][INFO] - fit progress: (33, 0.17385855229459704, {'test_accuracy': 0.6309}, 4261.363162166905)
[2024-03-16 23:00:50,223][flwr][INFO] - Sampled the following clients: ['50', '19', '85', '14', '94', '33', '56', '68', '51', '58', '70', '16', '45', '9', '63', '11', '31', '4', '27', '22']
[2024-03-16 23:00:50,223][flwr][DEBUG] - evaluate_round 33: strategy sampled 20 clients (out of 100)
[2024-03-16 23:00:53,305][flwr][DEBUG] - evaluate_round 33 received 20 results and 0 failures
[2024-03-16 23:00:53,408][flwr][INFO] - Sampled the following clients: ['70', '39', '19', '91', '11', '40', '72', '13', '97', '71', '66', '2', '58', '4', '23', '84', '27', '16', '96', '44']
[2024-03-16 23:00:53,408][flwr][DEBUG] - fit_round 34: strategy sampled 20 clients (out of 100)
[2024-03-16 23:02:47,447][flwr][DEBUG] - fit_round 34 received 20 results and 0 failures
[2024-03-16 23:02:59,047][flwr][INFO] - fit progress: (34, 0.17667542528808117, {'test_accuracy': 0.6345}, 4390.189992833999)
[2024-03-16 23:02:59,048][flwr][INFO] - Sampled the following clients: ['54', '29', '22', '96', '66', '31', '55', '98', '79', '93', '63', '78', '50', '65', '20', '46', '64', '0', '76', '97']
[2024-03-16 23:02:59,048][flwr][DEBUG] - evaluate_round 34: strategy sampled 20 clients (out of 100)
[2024-03-16 23:03:02,125][flwr][DEBUG] - evaluate_round 34 received 20 results and 0 failures
[2024-03-16 23:03:02,229][flwr][INFO] - Sampled the following clients: ['88', '95', '18', '78', '63', '85', '26', '15', '66', '96', '6', '45', '22', '71', '79', '60', '62', '76', '32', '83']
[2024-03-16 23:03:02,229][flwr][DEBUG] - fit_round 35: strategy sampled 20 clients (out of 100)
[2024-03-16 23:04:56,914][flwr][DEBUG] - fit_round 35 received 20 results and 0 failures
[2024-03-16 23:05:08,499][flwr][INFO] - fit progress: (35, 0.17128146380037068, {'test_accuracy': 0.637}, 4519.64098220889)
[2024-03-16 23:05:08,500][flwr][INFO] - Sampled the following clients: ['45', '73', '56', '26', '59', '33', '1', '74', '49', '5', '89', '68', '35', '79', '39', '42', '70', '14', '9', '21']
[2024-03-16 23:05:08,500][flwr][DEBUG] - evaluate_round 35: strategy sampled 20 clients (out of 100)
[2024-03-16 23:05:11,586][flwr][DEBUG] - evaluate_round 35 received 20 results and 0 failures
[2024-03-16 23:05:11,685][flwr][INFO] - Sampled the following clients: ['15', '4', '63', '45', '75', '46', '90', '99', '12', '8', '60', '0', '80', '21', '54', '11', '30', '82', '22', '65']
[2024-03-16 23:05:11,685][flwr][DEBUG] - fit_round 36: strategy sampled 20 clients (out of 100)
[2024-03-16 23:07:05,964][flwr][DEBUG] - fit_round 36 received 20 results and 0 failures
[2024-03-16 23:07:17,594][flwr][INFO] - fit progress: (36, 0.16939723634961992, {'test_accuracy': 0.6411}, 4648.734461041982)
[2024-03-16 23:07:17,594][flwr][INFO] - Sampled the following clients: ['18', '16', '70', '28', '4', '48', '55', '42', '68', '11', '57', '53', '20', '59', '82', '10', '94', '5', '38', '51']
[2024-03-16 23:07:17,594][flwr][DEBUG] - evaluate_round 36: strategy sampled 20 clients (out of 100)
[2024-03-16 23:07:20,630][flwr][DEBUG] - evaluate_round 36 received 20 results and 0 failures
[2024-03-16 23:07:20,727][flwr][INFO] - Sampled the following clients: ['55', '2', '38', '34', '26', '66', '29', '63', '19', '82', '78', '25', '70', '68', '93', '52', '31', '35', '73', '41']
[2024-03-16 23:07:20,727][flwr][DEBUG] - fit_round 37: strategy sampled 20 clients (out of 100)
[2024-03-16 23:09:15,467][flwr][DEBUG] - fit_round 37 received 20 results and 0 failures
[2024-03-16 23:09:27,049][flwr][INFO] - fit progress: (37, 0.1706349521132186, {'test_accuracy': 0.6423}, 4778.188122749911)
[2024-03-16 23:09:27,049][flwr][INFO] - Sampled the following clients: ['17', '3', '16', '25', '53', '66', '67', '44', '47', '41', '0', '18', '65', '76', '92', '50', '33', '22', '34', '26']
[2024-03-16 23:09:27,049][flwr][DEBUG] - evaluate_round 37: strategy sampled 20 clients (out of 100)
[2024-03-16 23:09:30,070][flwr][DEBUG] - evaluate_round 37 received 20 results and 0 failures
[2024-03-16 23:09:30,172][flwr][INFO] - Sampled the following clients: ['49', '24', '86', '91', '5', '65', '13', '54', '10', '20', '56', '95', '31', '50', '11', '34', '39', '74', '32', '52']
[2024-03-16 23:09:30,172][flwr][DEBUG] - fit_round 38: strategy sampled 20 clients (out of 100)
[2024-03-16 23:11:25,149][flwr][DEBUG] - fit_round 38 received 20 results and 0 failures
[2024-03-16 23:11:36,725][flwr][INFO] - fit progress: (38, 0.17043699498381465, {'test_accuracy': 0.6432}, 4907.862958583981)
[2024-03-16 23:11:36,725][flwr][INFO] - Sampled the following clients: ['17', '93', '68', '88', '13', '28', '20', '83', '84', '87', '76', '37', '60', '64', '70', '96', '30', '95', '98', '6']
[2024-03-16 23:11:36,725][flwr][DEBUG] - evaluate_round 38: strategy sampled 20 clients (out of 100)
[2024-03-16 23:11:39,792][flwr][DEBUG] - evaluate_round 38 received 20 results and 0 failures
[2024-03-16 23:11:39,886][flwr][INFO] - Sampled the following clients: ['67', '2', '30', '74', '62', '82', '22', '35', '14', '9', '57', '8', '99', '33', '19', '90', '23', '66', '58', '37']
[2024-03-16 23:11:39,886][flwr][DEBUG] - fit_round 39: strategy sampled 20 clients (out of 100)
[2024-03-16 23:13:34,264][flwr][DEBUG] - fit_round 39 received 20 results and 0 failures
[2024-03-16 23:13:45,915][flwr][INFO] - fit progress: (39, 0.16931659033186733, {'test_accuracy': 0.6434}, 5037.052018124959)
[2024-03-16 23:13:45,915][flwr][INFO] - Sampled the following clients: ['26', '67', '91', '27', '71', '15', '41', '17', '6', '46', '59', '31', '22', '40', '83', '65', '56', '39', '80', '53']
[2024-03-16 23:13:45,915][flwr][DEBUG] - evaluate_round 39: strategy sampled 20 clients (out of 100)
[2024-03-16 23:13:48,966][flwr][DEBUG] - evaluate_round 39 received 20 results and 0 failures
[2024-03-16 23:13:49,064][flwr][INFO] - Sampled the following clients: ['61', '85', '96', '57', '44', '65', '94', '62', '39', '73', '7', '18', '74', '75', '88', '98', '16', '83', '34', '68']
[2024-03-16 23:13:49,064][flwr][DEBUG] - fit_round 40: strategy sampled 20 clients (out of 100)
[2024-03-16 23:15:43,580][flwr][DEBUG] - fit_round 40 received 20 results and 0 failures
[2024-03-16 23:15:55,256][flwr][INFO] - fit progress: (40, 0.16666494889603928, {'test_accuracy': 0.6459}, 5166.392068874906)
[2024-03-16 23:15:55,256][flwr][INFO] - Sampled the following clients: ['72', '27', '76', '82', '39', '25', '50', '61', '74', '54', '92', '46', '13', '77', '91', '90', '60', '40', '99', '71']
[2024-03-16 23:15:55,256][flwr][DEBUG] - evaluate_round 40: strategy sampled 20 clients (out of 100)
[2024-03-16 23:15:58,308][flwr][DEBUG] - evaluate_round 40 received 20 results and 0 failures
[2024-03-16 23:15:58,407][flwr][INFO] - Sampled the following clients: ['21', '93', '32', '23', '39', '55', '34', '81', '20', '88', '82', '94', '3', '87', '25', '66', '70', '99', '7', '45']
[2024-03-16 23:15:58,407][flwr][DEBUG] - fit_round 41: strategy sampled 20 clients (out of 100)
[2024-03-16 23:17:52,939][flwr][DEBUG] - fit_round 41 received 20 results and 0 failures
[2024-03-16 23:18:04,585][flwr][INFO] - fit progress: (41, 0.1666769403386861, {'test_accuracy': 0.6496}, 5295.719773041899)
[2024-03-16 23:18:04,585][flwr][INFO] - Sampled the following clients: ['38', '70', '59', '23', '24', '20', '12', '86', '73', '81', '49', '68', '51', '71', '85', '0', '80', '41', '61', '7']
[2024-03-16 23:18:04,585][flwr][DEBUG] - evaluate_round 41: strategy sampled 20 clients (out of 100)
[2024-03-16 23:18:07,645][flwr][DEBUG] - evaluate_round 41 received 20 results and 0 failures
[2024-03-16 23:18:07,749][flwr][INFO] - Sampled the following clients: ['45', '12', '91', '6', '85', '56', '8', '5', '13', '47', '43', '18', '88', '66', '29', '35', '58', '53', '34', '17']
[2024-03-16 23:18:07,750][flwr][DEBUG] - fit_round 42: strategy sampled 20 clients (out of 100)
[2024-03-16 23:20:02,147][flwr][DEBUG] - fit_round 42 received 20 results and 0 failures
[2024-03-16 23:20:13,776][flwr][INFO] - fit progress: (42, 0.1668358250292018, {'test_accuracy': 0.6488}, 5424.909758291906)
[2024-03-16 23:20:13,776][flwr][INFO] - Sampled the following clients: ['86', '7', '1', '93', '81', '61', '60', '88', '62', '40', '69', '35', '44', '90', '79', '53', '21', '50', '26', '58']
[2024-03-16 23:20:13,776][flwr][DEBUG] - evaluate_round 42: strategy sampled 20 clients (out of 100)
[2024-03-16 23:20:16,809][flwr][DEBUG] - evaluate_round 42 received 20 results and 0 failures
[2024-03-16 23:20:16,908][flwr][INFO] - Sampled the following clients: ['90', '25', '82', '35', '51', '3', '97', '84', '10', '37', '6', '15', '86', '38', '5', '85', '1', '17', '42', '29']
[2024-03-16 23:20:16,908][flwr][DEBUG] - fit_round 43: strategy sampled 20 clients (out of 100)
[2024-03-16 23:22:11,083][flwr][DEBUG] - fit_round 43 received 20 results and 0 failures
[2024-03-16 23:22:22,732][flwr][INFO] - fit progress: (43, 0.16520360129345207, {'test_accuracy': 0.6535}, 5553.864753791946)
[2024-03-16 23:22:22,732][flwr][INFO] - Sampled the following clients: ['13', '44', '9', '42', '82', '12', '69', '50', '48', '21', '45', '95', '71', '34', '46', '59', '93', '22', '64', '10']
[2024-03-16 23:22:22,732][flwr][DEBUG] - evaluate_round 43: strategy sampled 20 clients (out of 100)
[2024-03-16 23:22:25,763][flwr][DEBUG] - evaluate_round 43 received 20 results and 0 failures
[2024-03-16 23:22:25,870][flwr][INFO] - Sampled the following clients: ['79', '7', '85', '69', '34', '87', '66', '25', '27', '52', '55', '38', '75', '30', '43', '91', '95', '40', '17', '35']
[2024-03-16 23:22:25,870][flwr][DEBUG] - fit_round 44: strategy sampled 20 clients (out of 100)
[2024-03-16 23:24:20,782][flwr][DEBUG] - fit_round 44 received 20 results and 0 failures
[2024-03-16 23:24:32,428][flwr][INFO] - fit progress: (44, 0.16622375713456422, {'test_accuracy': 0.6536}, 5683.560295042)
[2024-03-16 23:24:32,429][flwr][INFO] - Sampled the following clients: ['37', '73', '34', '63', '55', '66', '58', '24', '86', '93', '80', '32', '59', '83', '88', '12', '9', '13', '29', '14']
[2024-03-16 23:24:32,429][flwr][DEBUG] - evaluate_round 44: strategy sampled 20 clients (out of 100)
[2024-03-16 23:24:35,453][flwr][DEBUG] - evaluate_round 44 received 20 results and 0 failures
[2024-03-16 23:24:35,558][flwr][INFO] - Sampled the following clients: ['87', '5', '38', '6', '65', '3', '30', '52', '29', '57', '22', '83', '70', '7', '40', '58', '8', '63', '99', '56']
[2024-03-16 23:24:35,558][flwr][DEBUG] - fit_round 45: strategy sampled 20 clients (out of 100)
[2024-03-16 23:26:30,297][flwr][DEBUG] - fit_round 45 received 20 results and 0 failures
[2024-03-16 23:26:41,993][flwr][INFO] - fit progress: (45, 0.16484274869244545, {'test_accuracy': 0.6536}, 5813.123958749929)
[2024-03-16 23:26:41,993][flwr][INFO] - Sampled the following clients: ['41', '34', '97', '31', '24', '28', '45', '16', '89', '73', '10', '43', '90', '60', '57', '32', '3', '78', '50', '40']
[2024-03-16 23:26:41,993][flwr][DEBUG] - evaluate_round 45: strategy sampled 20 clients (out of 100)
[2024-03-16 23:26:45,047][flwr][DEBUG] - evaluate_round 45 received 20 results and 0 failures
[2024-03-16 23:26:45,140][flwr][INFO] - Sampled the following clients: ['73', '34', '72', '36', '14', '39', '21', '86', '37', '3', '26', '92', '4', '24', '81', '50', '67', '52', '40', '94']
[2024-03-16 23:26:45,140][flwr][DEBUG] - fit_round 46: strategy sampled 20 clients (out of 100)
[2024-03-16 23:28:39,539][flwr][DEBUG] - fit_round 46 received 20 results and 0 failures
[2024-03-16 23:28:51,192][flwr][INFO] - fit progress: (46, 0.16211396478936077, {'test_accuracy': 0.6564}, 5942.322064249893)
[2024-03-16 23:28:51,193][flwr][INFO] - Sampled the following clients: ['67', '47', '19', '92', '73', '38', '6', '10', '61', '60', '7', '79', '93', '52', '58', '62', '56', '63', '33', '31']
[2024-03-16 23:28:51,193][flwr][DEBUG] - evaluate_round 46: strategy sampled 20 clients (out of 100)
[2024-03-16 23:28:54,261][flwr][DEBUG] - evaluate_round 46 received 20 results and 0 failures
[2024-03-16 23:28:54,354][flwr][INFO] - Sampled the following clients: ['99', '64', '61', '8', '97', '42', '88', '57', '44', '46', '32', '11', '49', '20', '28', '60', '40', '10', '69', '80']
[2024-03-16 23:28:54,354][flwr][DEBUG] - fit_round 47: strategy sampled 20 clients (out of 100)
[2024-03-16 23:30:48,547][flwr][DEBUG] - fit_round 47 received 20 results and 0 failures
[2024-03-16 23:31:00,132][flwr][INFO] - fit progress: (47, 0.15985147556401788, {'test_accuracy': 0.6575}, 6071.260868708952)
[2024-03-16 23:31:00,132][flwr][INFO] - Sampled the following clients: ['3', '31', '95', '17', '53', '18', '88', '37', '40', '64', '24', '30', '67', '85', '58', '90', '45', '74', '11', '65']
[2024-03-16 23:31:00,133][flwr][DEBUG] - evaluate_round 47: strategy sampled 20 clients (out of 100)
[2024-03-16 23:31:03,345][flwr][DEBUG] - evaluate_round 47 received 20 results and 0 failures
[2024-03-16 23:31:03,432][flwr][INFO] - Sampled the following clients: ['55', '48', '40', '10', '67', '39', '26', '58', '11', '93', '89', '3', '51', '35', '12', '59', '52', '72', '99', '53']
[2024-03-16 23:31:03,432][flwr][DEBUG] - fit_round 48: strategy sampled 20 clients (out of 100)
[2024-03-16 23:32:57,815][flwr][DEBUG] - fit_round 48 received 20 results and 0 failures
[2024-03-16 23:33:09,430][flwr][INFO] - fit progress: (48, 0.1620663188942708, {'test_accuracy': 0.6579}, 6200.557126833941)
[2024-03-16 23:33:09,430][flwr][INFO] - Sampled the following clients: ['82', '2', '84', '6', '17', '65', '46', '19', '38', '47', '85', '14', '74', '27', '43', '95', '83', '52', '49', '89']
[2024-03-16 23:33:09,430][flwr][DEBUG] - evaluate_round 48: strategy sampled 20 clients (out of 100)
[2024-03-16 23:33:12,531][flwr][DEBUG] - evaluate_round 48 received 20 results and 0 failures
[2024-03-16 23:33:12,620][flwr][INFO] - Sampled the following clients: ['20', '50', '8', '97', '24', '32', '89', '46', '63', '65', '83', '6', '40', '66', '47', '9', '68', '61', '7', '93']
[2024-03-16 23:33:12,620][flwr][DEBUG] - fit_round 49: strategy sampled 20 clients (out of 100)
[2024-03-16 23:35:07,163][flwr][DEBUG] - fit_round 49 received 20 results and 0 failures
[2024-03-16 23:35:18,776][flwr][INFO] - fit progress: (49, 0.16182222279300912, {'test_accuracy': 0.659}, 6329.902258124901)
[2024-03-16 23:35:18,776][flwr][INFO] - Sampled the following clients: ['25', '15', '92', '57', '34', '79', '41', '59', '93', '42', '4', '86', '95', '50', '71', '22', '8', '20', '17', '96']
[2024-03-16 23:35:18,776][flwr][DEBUG] - evaluate_round 49: strategy sampled 20 clients (out of 100)
[2024-03-16 23:35:21,850][flwr][DEBUG] - evaluate_round 49 received 20 results and 0 failures
[2024-03-16 23:35:21,945][flwr][INFO] - Sampled the following clients: ['48', '9', '22', '82', '71', '57', '19', '34', '15', '7', '68', '56', '89', '78', '31', '74', '18', '62', '36', '3']
[2024-03-16 23:35:21,945][flwr][DEBUG] - fit_round 50: strategy sampled 20 clients (out of 100)
[2024-03-16 23:37:16,300][flwr][DEBUG] - fit_round 50 received 20 results and 0 failures
[2024-03-16 23:37:27,806][flwr][INFO] - fit progress: (50, 0.16042655050111934, {'test_accuracy': 0.6605}, 6458.939430666971)
[2024-03-16 23:37:27,806][flwr][INFO] - Sampled the following clients: ['21', '57', '20', '99', '28', '50', '37', '66', '39', '9', '78', '35', '52', '11', '25', '77', '93', '10', '89', '56']
[2024-03-16 23:37:27,806][flwr][DEBUG] - evaluate_round 50: strategy sampled 20 clients (out of 100)
[2024-03-16 23:37:30,833][flwr][DEBUG] - evaluate_round 50 received 20 results and 0 failures
[2024-03-16 23:37:30,941][flwr][INFO] - FL finished in 6462.077301041922
[2024-03-16 23:37:30,976][flwr][INFO] - app_fit: losses_distributed [(1, 0.3157417221945159), (2, 0.2934896244078266), (3, 0.2721189298191849), (4, 0.25204073117703807), (5, 0.25005645800609977), (6, 0.23180639074773204), (7, 0.22145340430493257), (8, 0.2150600905929293), (9, 0.20819184469933413), (10, 0.21382443266255516), (11, 0.20031681380101612), (12, 0.2076071365147221), (13, 0.21814702654979667), (14, 0.20411599539980596), (15, 0.2069963790628375), (16, 0.21769318652092193), (17, 0.2024803670465338), (18, 0.25465938691429946), (19, 0.2334120995555149), (20, 0.21577310992822962), (21, 0.2233718706941118), (22, 0.22994136083300928), (23, 0.23238372464037063), (24, 0.22581147177629554), (25, 0.21021861034511988), (26, 0.18186488468675133), (27, 0.20709324498507622), (28, 0.22356640656801816), (29, 0.21740858293832185), (30, 0.22928381403528003), (31, 0.201919214099667), (32, 0.21444593183221106), (33, 0.2106551888950017), (34, 0.1970883834061726), (35, 0.214113432378033), (36, 0.20968700267032397), (37, 0.20087052565733238), (38, 0.20140805487981012), (39, 0.19163897781756384), (40, 0.21696168216971717), (41, 0.21313960012309824), (42, 0.21627898483099986), (43, 0.20961131675615674), (44, 0.19950805320166887), (45, 0.21836187738416793), (46, 0.21037634669747252), (47, 0.20776552266026407), (48, 0.17907773234762075), (49, 0.19993765703230956), (50, 0.19232740291223235)]
[2024-03-16 23:37:30,976][flwr][INFO] - app_fit: metrics_distributed_fit {'train_loss': [(1, 0.555132183744425), (2, 0.5095623218388047), (3, 0.465400728820191), (4, 0.42721532295064096), (5, 0.39187945900852106), (6, 0.35797485490065467), (7, 0.32479058882678263), (8, 0.2951536925309481), (9, 0.2631080131844214), (10, 0.23529926081540203), (11, 0.20040801548288126), (12, 0.16320178837670044), (13, 0.13256955107101026), (14, 0.10701327919410221), (15, 0.08139032203858991), (16, 0.06261958629319594), (17, 0.04831750139804048), (18, 0.030999712950223583), (19, 0.02310965739876187), (20, 0.015006236620168919), (21, 0.011667280876696532), (22, 0.00889370270742753), (23, 0.00803778288096608), (24, 0.006216118110359736), (25, 0.006013218021487807), (26, 0.004815357721756374), (27, 0.0038293975516855957), (28, 0.0037977013326934953), (29, 0.0031645578147146422), (30, 0.0030422392170608974), (31, 0.0025246919423911785), (32, 0.0024983832360702045), (33, 0.0028953888137189542), (34, 0.002357095847784165), (35, 0.002537930836965608), (36, 0.002230332105219968), (37, 0.002412635715144677), (38, 0.0020791521294799904), (39, 0.0019622517871336126), (40, 0.00210444482345299), (41, 0.002008569675378963), (42, 0.002075953387027294), (43, 0.0018656803431456794), (44, 0.0017147789708736958), (45, 0.001777085282992161), (46, 0.00200178171423484), (47, 0.001931587139910656), (48, 0.001645654617324067), (49, 0.0016043910347368535), (50, 0.001639941754272793)], 'train_accuracy': [(1, 0.17869146314138473), (2, 0.23397579560735096), (3, 0.30781302544557787), (4, 0.36168067226890754), (5, 0.41375448028673834), (6, 0.46828065456175744), (7, 0.5194979829672792), (8, 0.5661583314644539), (9, 0.6156432093231735), (10, 0.6568067226890756), (11, 0.7114823951558645), (12, 0.7721263723952498), (13, 0.8194460020186162), (14, 0.8589671782233673), (15, 0.9004930524428507), (16, 0.9287554609611292), (17, 0.9491145483075544), (18, 0.972443149994399), (19, 0.9836377899809481), (20, 0.9928243076578092), (21, 0.9958529477695583), (22, 0.99831857415088), (23, 0.9980943840376639), (24, 0.9988789237668162), (25, 0.9986553115194979), (26, 0.9991030384572261), (27, 0.9994400268787098), (28, 0.9997760358342666), (29, 1.0), (30, 0.9997758350145707), (31, 1.0), (32, 0.9998879928315412), (33, 0.9997757596143065), (34, 0.9998878546596389), (35, 1.0), (36, 1.0), (37, 0.9996636771300449), (38, 1.0), (39, 1.0), (40, 1.0), (41, 0.9997758098867839), (42, 0.999663790205088), (43, 1.0), (44, 1.0), (45, 0.9998879300683626), (46, 0.9998879677347076), (47, 1.0), (48, 1.0), (49, 1.0), (50, 1.0)]}
[2024-03-16 23:37:30,981][flwr][INFO] - app_fit: metrics_distributed {'test_accuracy': [(1, 0.16428571428571428), (2, 0.2357142857142857), (3, 0.27653061224489794), (4, 0.3163265306122449), (5, 0.37857142857142856), (6, 0.39693877551020407), (7, 0.45102040816326533), (8, 0.4846938775510204), (9, 0.4897959183673469), (10, 0.503061224489796), (11, 0.513265306122449), (12, 0.5214285714285715), (13, 0.5183673469387755), (14, 0.5551020408163265), (15, 0.539795918367347), (16, 0.5612244897959183), (17, 0.563265306122449), (18, 0.5438775510204081), (19, 0.5795918367346938), (20, 0.5846938775510204), (21, 0.5806122448979592), (22, 0.5887755102040816), (23, 0.6173469387755102), (24, 0.6255102040816326), (25, 0.6193877551020408), (26, 0.6255102040816326), (27, 0.6081632653061224), (28, 0.5969387755102041), (29, 0.6265306122448979), (30, 0.5928571428571429), (31, 0.636734693877551), (32, 0.6204081632653061), (33, 0.6193877551020408), (34, 0.6448979591836734), (35, 0.6275510204081632), (36, 0.6469387755102041), (37, 0.6387755102040816), (38, 0.6357142857142857), (39, 0.6489795918367347), (40, 0.6387755102040816), (41, 0.6571428571428571), (42, 0.6193877551020408), (43, 0.6316326530612245), (44, 0.6326530612244898), (45, 0.6214285714285714), (46, 0.6571428571428571), (47, 0.6122448979591837), (48, 0.6693877551020408), (49, 0.6581632653061225), (50, 0.6663265306122449)]}
[2024-03-16 23:37:30,989][flwr][INFO] - app_fit: losses_centralized [(0, 0.2877844331026077), (1, 0.275622144818306), (2, 0.25005658602714537), (3, 0.23320123319625854), (4, 0.2168542093157768), (5, 0.20366493871808053), (6, 0.1934350648880005), (7, 0.18546370562016964), (8, 0.18078830253481865), (9, 0.17714584320187568), (10, 0.17404737753868102), (11, 0.17229522273391484), (12, 0.1727425964832306), (13, 0.17378241615444423), (14, 0.17498992575928568), (15, 0.17578643170595168), (16, 0.1775187624875456), (17, 0.18098720381110905), (18, 0.1875286936789751), (19, 0.19013746964633466), (20, 0.18929944081045688), (21, 0.19124630737490952), (22, 0.18864555799253285), (23, 0.18741572276409715), (24, 0.18490110114514827), (25, 0.1838107550638728), (26, 0.18334120856765657), (27, 0.1807511198129505), (28, 0.17941168633569032), (29, 0.17922563538309186), (30, 0.17870513668274507), (31, 0.17835968581605702), (32, 0.17683961641211063), (33, 0.17385855229459704), (34, 0.17667542528808117), (35, 0.17128146380037068), (36, 0.16939723634961992), (37, 0.1706349521132186), (38, 0.17043699498381465), (39, 0.16931659033186733), (40, 0.16666494889603928), (41, 0.1666769403386861), (42, 0.1668358250292018), (43, 0.16520360129345207), (44, 0.16622375713456422), (45, 0.16484274869244545), (46, 0.16211396478936077), (47, 0.15985147556401788), (48, 0.1620663188942708), (49, 0.16182222279300912), (50, 0.16042655050111934)]
[2024-03-16 23:37:30,990][flwr][INFO] - app_fit: metrics_centralized {'test_accuracy': [(0, 0.0995), (1, 0.1692), (2, 0.2464), (3, 0.2956), (4, 0.3405), (5, 0.3928), (6, 0.4268), (7, 0.4536), (8, 0.4733), (9, 0.4914), (10, 0.504), (11, 0.5146), (12, 0.5229), (13, 0.5363), (14, 0.5449), (15, 0.5589), (16, 0.5659), (17, 0.5736), (18, 0.5762), (19, 0.5809), (20, 0.5873), (21, 0.5922), (22, 0.5989), (23, 0.6032), (24, 0.6049), (25, 0.6106), (26, 0.6153), (27, 0.6207), (28, 0.6243), (29, 0.6228), (30, 0.6255), (31, 0.6297), (32, 0.6297), (33, 0.6309), (34, 0.6345), (35, 0.637), (36, 0.6411), (37, 0.6423), (38, 0.6432), (39, 0.6434), (40, 0.6459), (41, 0.6496), (42, 0.6488), (43, 0.6535), (44, 0.6536), (45, 0.6536), (46, 0.6564), (47, 0.6575), (48, 0.6579), (49, 0.659), (50, 0.6605)]}
[2024-03-16 23:37:32,917][flwr][INFO] - Cleaned up ray temp session: /tmp/ray/session_2024-03-16_21-49-35_093881_23220 with size: 705874337792
[2024-03-16 23:37:32,918][flwr][INFO] - Saving ['yaml', 'log', 'wandb']
[2024-03-16 23:37:32,920][flwr][INFO] - Post-cleaning ['history', 'parameters', 'yaml', 'log', 'rng', 'history']
