[2024-03-22 03:07:38,716][flwr][INFO] - working_dir: null
to_save_once:
- yaml
- log
- wandb
to_save_per_round:
- parameters
- rng
- history
save_frequency: 1
to_restore: []
to_clean_once:
- history
- parameters
- yaml
- log
- rng
- history
use_wandb: false
debug_clients:
  all: false
  one: true
wandb_resume: false
wandb_id: null
wandb:
  setup:
    project: template
    tags:
    - strategy_${strategy.name}
    - seed_${fed.seed}
    entity: null
    mode: online
ray_address: null
ray_redis_password: null
ray_node_ip_address: null
file_limit: 250
task:
  model_and_data: FMNIST_CNN
  train_structure: FMNIST
  fit_config:
    net_config: {}
    dataloader_config:
      batch_size: 4
    run_config:
      epochs: 1
      learning_rate: 0.01
      optimizer: lbfgs
    extra: {}
  eval_config:
    net_config: {}
    dataloader_config:
      batch_size: 8
    run_config: {}
    extra: {}
  fed_test_config:
    net_config: {}
    dataloader_config:
      batch_size: 8
    run_config: {}
    extra: {}
  net_config_initial_parameters: {}
  fit_metrics:
  - train_loss
  - train_accuracy
  evaluate_metrics:
  - test_accuracy
fed:
  num_rounds: 50
  num_total_clients: 100
  num_clients_per_round: 20
  num_evaluate_clients_per_round: 20
  enable_resampling: false
  cpus_per_client: 2
  gpus_per_client: 0
  seed: 1337
  load_saved_state: true
  server_round: null
  parameters_folder: null
  rng_folder: null
  history_folder: null
strategy:
  name: FedAvg
  init:
    _target_: flwr.server.strategy.FedAvg
dataset:
  dataset_dir: ./data/fmnist/data
  partition_dir: ./data/fmnist/partition
  num_clients: 100
  val_ratio: 0.1
  seed: 1337
  iid: false
  power_law: false
  balance: false
  lda: true
  alpha: 0.1

[2024-03-22 03:07:38,739][flwr][INFO] - Wandb run initialized with False
[2024-03-22 03:07:38,739][flwr][INFO] - Pre-cleaning ['history', 'parameters', 'yaml', 'log', 'rng', 'history']
[2024-03-22 03:07:38,740][flwr][INFO] - Loading parameters failed from: /Users/grantwilkins/fl-final-proj/outputs/2024-03-22/03-07-38/results/state/parameters/parameters_0.bin
[2024-03-22 03:07:38,740][flwr][INFO] - Generating initial parameters with config: {}
[2024-03-22 03:07:38,740][flwr][INFO] - Generating initial parameters with config: {}
[2024-03-22 03:07:38,767][flwr][INFO] - Using RNG seed: 1337
[2024-03-22 03:18:03,485][flwr][INFO] - Fit debug fit: [566, {'train_loss': 4.740439922528219, 'train_accuracy': 10.010600706713781}]  and eval: (0.29577325620958883, 62, {'test_accuracy': 0.0967741935483871})
[2024-03-22 03:18:03,486][flwr][INFO] - Starting Flower simulation, config: ServerConfig(num_rounds=50, round_timeout=None)
[2024-03-22 03:18:06,057][flwr][INFO] - Flower VCE: Ray initialized with resources: {'memory': 22806849127.0, 'CPU': 10.0, 'node:127.0.0.1': 1.0, 'node:__internal_head__': 1.0, 'object_store_memory': 2147483648.0}
[2024-03-22 03:18:06,057][flwr][INFO] - Optimize your simulation with Flower VCE: https://flower.dev/docs/framework/how-to-run-simulations.html
[2024-03-22 03:18:06,057][flwr][INFO] - Flower VCE: Resources for each Virtual Client: {'num_cpus': 2, 'num_gpus': 0.0}
[2024-03-22 03:18:06,064][flwr][INFO] - Flower VCE: Creating VirtualClientEngineActorPool with 5 actors
[2024-03-22 03:18:06,064][flwr][INFO] - Initializing global parameters
[2024-03-22 03:18:06,064][flwr][INFO] - Using initial parameters provided by strategy
[2024-03-22 03:18:06,064][flwr][INFO] - Evaluating initial parameters
[2024-03-22 03:18:09,326][flwr][INFO] - initial parameters (loss, other metrics): 0.28825004000663756, {'test_accuracy': 0.0602}
[2024-03-22 03:18:09,332][flwr][INFO] - FL starting
[2024-03-22 03:18:09,332][flwr][INFO] - Sampled the following clients: ['18', '62', '29', '0', '45', '56', '26', '93', '96', '76', '83', '92', '99', '54', '43', '3', '84', '27', '37', '59']
[2024-03-22 03:18:09,332][flwr][DEBUG] - fit_round 1: strategy sampled 20 clients (out of 100)
[2024-03-22 03:56:59,611][flwr][DEBUG] - fit_round 1 received 20 results and 0 failures
[2024-03-22 03:57:02,396][flwr][INFO] - fit progress: (1, 0.28154474338293073, {'test_accuracy': 0.2595}, 824.7473932499997)
[2024-03-22 03:57:02,396][flwr][INFO] - Sampled the following clients: ['41', '72', '1', '61', '47', '80', '99', '97', '54', '10', '58', '93', '89', '30', '23', '14', '31', '68', '96', '66']
[2024-03-22 03:57:02,396][flwr][DEBUG] - evaluate_round 1: strategy sampled 20 clients (out of 100)
[2024-03-22 03:57:02,882][flwr][DEBUG] - evaluate_round 1 received 20 results and 0 failures
[2024-03-22 03:57:02,897][flwr][INFO] - Sampled the following clients: ['0', '59', '24', '71', '20', '33', '69', '36', '73', '9', '61', '14', '37', '84', '42', '27', '79', '31', '46', '53']
[2024-03-22 03:57:02,897][flwr][DEBUG] - fit_round 2: strategy sampled 20 clients (out of 100)
[2024-03-22 04:26:46,305][flwr][DEBUG] - fit_round 2 received 20 results and 0 failures
[2024-03-22 04:26:49,259][flwr][INFO] - fit progress: (2, 0.7977004904091358, {'test_accuracy': 0.3045}, 2082.7825439171866)
[2024-03-22 04:26:49,259][flwr][INFO] - Sampled the following clients: ['18', '80', '54', '3', '75', '57', '0', '27', '22', '23', '99', '78', '37', '2', '51', '55', '58', '4', '44', '74']
[2024-03-22 04:26:49,259][flwr][DEBUG] - evaluate_round 2: strategy sampled 20 clients (out of 100)
[2024-03-22 04:26:49,712][flwr][DEBUG] - evaluate_round 2 received 20 results and 0 failures
[2024-03-22 04:26:49,724][flwr][INFO] - Sampled the following clients: ['40', '96', '0', '76', '54', '73', '31', '66', '72', '32', '74', '12', '75', '55', '15', '83', '56', '19', '9', '90']
[2024-03-22 04:26:49,724][flwr][DEBUG] - fit_round 3: strategy sampled 20 clients (out of 100)
[2024-03-22 04:56:02,009][flwr][DEBUG] - fit_round 3 received 20 results and 0 failures
[2024-03-22 04:56:05,059][flwr][INFO] - fit progress: (3, 0.8020450414538384, {'test_accuracy': 0.2894}, 3838.561333583202)
[2024-03-22 04:56:05,059][flwr][INFO] - Sampled the following clients: ['21', '94', '43', '95', '75', '77', '53', '41', '11', '67', '28', '84', '7', '57', '4', '91', '6', '76', '2', '25']
[2024-03-22 04:56:05,059][flwr][DEBUG] - evaluate_round 3: strategy sampled 20 clients (out of 100)
[2024-03-22 04:56:05,481][flwr][DEBUG] - evaluate_round 3 received 20 results and 0 failures
[2024-03-22 04:56:05,489][flwr][INFO] - Sampled the following clients: ['96', '98', '53', '49', '10', '18', '42', '63', '37', '88', '94', '81', '31', '56', '74', '50', '86', '25', '15', '28']
[2024-03-22 04:56:05,489][flwr][DEBUG] - fit_round 4: strategy sampled 20 clients (out of 100)
[2024-03-22 05:43:28,685][flwr][DEBUG] - fit_round 4 received 20 results and 0 failures
[2024-03-22 05:43:31,547][flwr][INFO] - fit progress: (4, 2.1840454062461854, {'test_accuracy': 0.1169}, 5051.386864042142)
[2024-03-22 05:43:31,547][flwr][INFO] - Sampled the following clients: ['36', '62', '92', '38', '75', '54', '45', '8', '26', '7', '91', '63', '43', '52', '66', '10', '83', '60', '55', '21']
[2024-03-22 05:43:31,547][flwr][DEBUG] - evaluate_round 4: strategy sampled 20 clients (out of 100)
[2024-03-22 05:43:31,931][flwr][DEBUG] - evaluate_round 4 received 20 results and 0 failures
[2024-03-22 05:43:31,939][flwr][INFO] - Sampled the following clients: ['3', '38', '10', '6', '91', '66', '41', '36', '94', '40', '8', '35', '69', '79', '27', '64', '65', '70', '59', '20']
[2024-03-22 05:43:31,939][flwr][DEBUG] - fit_round 5: strategy sampled 20 clients (out of 100)
[2024-03-22 05:57:16,871][flwr][DEBUG] - fit_round 5 received 20 results and 0 failures
[2024-03-22 05:57:19,661][flwr][INFO] - fit progress: (5, 1.8066366661950946, {'test_accuracy': 0.4169}, 5879.498060833197)
[2024-03-22 05:57:19,661][flwr][INFO] - Sampled the following clients: ['18', '81', '51', '75', '11', '66', '76', '39', '10', '89', '96', '57', '79', '50', '40', '90', '45', '46', '31', '61']
[2024-03-22 05:57:19,661][flwr][DEBUG] - evaluate_round 5: strategy sampled 20 clients (out of 100)
[2024-03-22 05:57:20,034][flwr][DEBUG] - evaluate_round 5 received 20 results and 0 failures
[2024-03-22 05:57:20,048][flwr][INFO] - Sampled the following clients: ['53', '40', '33', '94', '26', '41', '52', '3', '31', '69', '76', '81', '27', '71', '18', '91', '2', '44', '11', '84']
[2024-03-22 05:57:20,049][flwr][DEBUG] - fit_round 6: strategy sampled 20 clients (out of 100)
[2024-03-22 06:08:22,762][flwr][DEBUG] - fit_round 6 received 20 results and 0 failures
[2024-03-22 06:08:25,597][flwr][INFO] - fit progress: (6, nan, {'test_accuracy': 0.0}, 6545.432667167159)
[2024-03-22 06:08:25,597][flwr][INFO] - Sampled the following clients: ['40', '30', '61', '48', '49', '90', '2', '85', '27', '65', '80', '12', '74', '47', '39', '69', '63', '86', '87', '66']
[2024-03-22 06:08:25,597][flwr][DEBUG] - evaluate_round 6: strategy sampled 20 clients (out of 100)
[2024-03-22 06:08:25,970][flwr][DEBUG] - evaluate_round 6 received 20 results and 0 failures
[2024-03-22 06:08:25,989][flwr][INFO] - Sampled the following clients: ['63', '74', '14', '11', '58', '76', '92', '62', '73', '22', '65', '91', '47', '71', '56', '10', '40', '17', '33', '34']
[2024-03-22 06:08:25,989][flwr][DEBUG] - fit_round 7: strategy sampled 20 clients (out of 100)
[2024-03-22 06:08:30,598][flwr][DEBUG] - fit_round 7 received 20 results and 0 failures
[2024-03-22 06:08:33,486][flwr][INFO] - fit progress: (7, nan, {'test_accuracy': 0.0}, 6553.320999750169)
[2024-03-22 06:08:33,486][flwr][INFO] - Sampled the following clients: ['9', '28', '80', '42', '19', '82', '17', '84', '43', '69', '56', '15', '63', '81', '6', '64', '10', '68', '89', '12']
[2024-03-22 06:08:33,486][flwr][DEBUG] - evaluate_round 7: strategy sampled 20 clients (out of 100)
[2024-03-22 06:08:33,858][flwr][DEBUG] - evaluate_round 7 received 20 results and 0 failures
[2024-03-22 06:08:33,871][flwr][INFO] - Sampled the following clients: ['26', '65', '22', '82', '73', '93', '50', '48', '76', '3', '11', '51', '79', '90', '96', '2', '86', '25', '19', '13']
[2024-03-22 06:08:33,871][flwr][DEBUG] - fit_round 8: strategy sampled 20 clients (out of 100)
[2024-03-22 06:08:38,225][flwr][DEBUG] - fit_round 8 received 20 results and 0 failures
[2024-03-22 06:08:41,066][flwr][INFO] - fit progress: (8, nan, {'test_accuracy': 0.0}, 6560.901900833007)
[2024-03-22 06:08:41,067][flwr][INFO] - Sampled the following clients: ['53', '17', '91', '18', '86', '0', '30', '80', '22', '81', '76', '61', '52', '55', '96', '68', '54', '28', '92', '64']
[2024-03-22 06:08:41,067][flwr][DEBUG] - evaluate_round 8: strategy sampled 20 clients (out of 100)
[2024-03-22 06:08:41,440][flwr][DEBUG] - evaluate_round 8 received 20 results and 0 failures
[2024-03-22 06:08:41,458][flwr][INFO] - Sampled the following clients: ['9', '90', '34', '35', '37', '31', '17', '5', '26', '19', '83', '11', '18', '8', '77', '84', '29', '3', '56', '72']
[2024-03-22 06:08:41,458][flwr][DEBUG] - fit_round 9: strategy sampled 20 clients (out of 100)
[2024-03-22 06:08:45,874][flwr][DEBUG] - fit_round 9 received 20 results and 0 failures
[2024-03-22 06:08:48,703][flwr][INFO] - fit progress: (9, nan, {'test_accuracy': 0.0}, 6568.5388407499995)
[2024-03-22 06:08:48,704][flwr][INFO] - Sampled the following clients: ['99', '24', '66', '35', '3', '1', '50', '67', '13', '97', '76', '4', '75', '53', '87', '61', '98', '31', '45', '44']
[2024-03-22 06:08:48,704][flwr][DEBUG] - evaluate_round 9: strategy sampled 20 clients (out of 100)
[2024-03-22 06:08:49,079][flwr][DEBUG] - evaluate_round 9 received 20 results and 0 failures
[2024-03-22 06:08:49,097][flwr][INFO] - Sampled the following clients: ['96', '46', '99', '31', '33', '10', '4', '5', '69', '20', '60', '52', '95', '15', '47', '66', '61', '90', '85', '12']
[2024-03-22 06:08:49,097][flwr][DEBUG] - fit_round 10: strategy sampled 20 clients (out of 100)
[2024-03-22 06:08:53,872][flwr][DEBUG] - fit_round 10 received 20 results and 0 failures
[2024-03-22 06:08:56,696][flwr][INFO] - fit progress: (10, nan, {'test_accuracy': 0.0}, 6576.531260292046)
[2024-03-22 06:08:56,696][flwr][INFO] - Sampled the following clients: ['26', '40', '28', '34', '68', '46', '42', '73', '93', '84', '61', '72', '10', '78', '94', '33', '4', '11', '70', '24']
[2024-03-22 06:08:56,696][flwr][DEBUG] - evaluate_round 10: strategy sampled 20 clients (out of 100)
[2024-03-22 06:08:57,055][flwr][DEBUG] - evaluate_round 10 received 20 results and 0 failures
[2024-03-22 06:08:57,068][flwr][INFO] - Sampled the following clients: ['80', '18', '11', '61', '25', '0', '85', '30', '19', '14', '53', '90', '43', '29', '33', '36', '81', '99', '58', '5']
[2024-03-22 06:08:57,068][flwr][DEBUG] - fit_round 11: strategy sampled 20 clients (out of 100)
[2024-03-22 06:09:01,633][flwr][DEBUG] - fit_round 11 received 20 results and 0 failures
[2024-03-22 06:09:04,475][flwr][INFO] - fit progress: (11, nan, {'test_accuracy': 0.0}, 6584.310218375176)
[2024-03-22 06:09:04,475][flwr][INFO] - Sampled the following clients: ['14', '79', '10', '1', '85', '92', '80', '48', '61', '50', '25', '45', '43', '7', '15', '33', '98', '75', '97', '47']
[2024-03-22 06:09:04,475][flwr][DEBUG] - evaluate_round 11: strategy sampled 20 clients (out of 100)
[2024-03-22 06:09:04,829][flwr][DEBUG] - evaluate_round 11 received 20 results and 0 failures
[2024-03-22 06:09:04,838][flwr][INFO] - Sampled the following clients: ['41', '75', '57', '14', '91', '99', '52', '16', '44', '24', '95', '23', '80', '27', '92', '35', '55', '94', '31', '69']
[2024-03-22 06:09:04,838][flwr][DEBUG] - fit_round 12: strategy sampled 20 clients (out of 100)
[2024-03-22 06:09:09,534][flwr][DEBUG] - fit_round 12 received 20 results and 0 failures
[2024-03-22 06:09:12,385][flwr][INFO] - fit progress: (12, nan, {'test_accuracy': 0.0}, 6592.2202725831885)
[2024-03-22 06:09:12,385][flwr][INFO] - Sampled the following clients: ['27', '32', '70', '96', '74', '37', '52', '39', '82', '23', '66', '7', '38', '24', '26', '79', '36', '51', '8', '58']
[2024-03-22 06:09:12,385][flwr][DEBUG] - evaluate_round 12: strategy sampled 20 clients (out of 100)
[2024-03-22 06:09:12,755][flwr][DEBUG] - evaluate_round 12 received 20 results and 0 failures
[2024-03-22 06:09:12,770][flwr][INFO] - Sampled the following clients: ['31', '22', '18', '50', '54', '26', '58', '3', '27', '2', '91', '63', '68', '87', '4', '33', '6', '42', '34', '45']
[2024-03-22 06:09:12,770][flwr][DEBUG] - fit_round 13: strategy sampled 20 clients (out of 100)
[2024-03-22 06:09:17,247][flwr][DEBUG] - fit_round 13 received 20 results and 0 failures
[2024-03-22 06:09:20,109][flwr][INFO] - fit progress: (13, nan, {'test_accuracy': 0.0}, 6599.9443272082135)
[2024-03-22 06:09:20,109][flwr][INFO] - Sampled the following clients: ['21', '33', '98', '74', '92', '2', '14', '9', '67', '87', '89', '76', '32', '40', '52', '71', '75', '6', '11', '86']
[2024-03-22 06:09:20,109][flwr][DEBUG] - evaluate_round 13: strategy sampled 20 clients (out of 100)
[2024-03-22 06:09:20,460][flwr][DEBUG] - evaluate_round 13 received 20 results and 0 failures
[2024-03-22 06:09:20,478][flwr][INFO] - Sampled the following clients: ['45', '67', '28', '80', '9', '73', '94', '92', '11', '59', '61', '78', '18', '41', '64', '4', '1', '55', '57', '85']
[2024-03-22 06:09:20,478][flwr][DEBUG] - fit_round 14: strategy sampled 20 clients (out of 100)
[2024-03-22 06:09:25,410][flwr][DEBUG] - fit_round 14 received 20 results and 0 failures
[2024-03-22 06:09:28,245][flwr][INFO] - fit progress: (14, nan, {'test_accuracy': 0.0}, 6608.080420667073)
[2024-03-22 06:09:28,245][flwr][INFO] - Sampled the following clients: ['66', '63', '38', '1', '49', '64', '88', '36', '51', '50', '18', '73', '56', '35', '99', '11', '44', '26', '4', '53']
[2024-03-22 06:09:28,245][flwr][DEBUG] - evaluate_round 14: strategy sampled 20 clients (out of 100)
[2024-03-22 06:09:28,607][flwr][DEBUG] - evaluate_round 14 received 20 results and 0 failures
[2024-03-22 06:09:28,621][flwr][INFO] - Sampled the following clients: ['81', '77', '91', '7', '30', '98', '69', '55', '1', '17', '73', '59', '9', '97', '2', '65', '38', '24', '6', '64']
[2024-03-22 06:09:28,621][flwr][DEBUG] - fit_round 15: strategy sampled 20 clients (out of 100)
[2024-03-22 06:09:33,387][flwr][DEBUG] - fit_round 15 received 20 results and 0 failures
[2024-03-22 06:09:36,193][flwr][INFO] - fit progress: (15, nan, {'test_accuracy': 0.0}, 6616.028634917224)
[2024-03-22 06:09:36,193][flwr][INFO] - Sampled the following clients: ['22', '29', '58', '6', '55', '69', '75', '72', '19', '17', '98', '76', '28', '67', '97', '25', '82', '31', '18', '52']
[2024-03-22 06:09:36,194][flwr][DEBUG] - evaluate_round 15: strategy sampled 20 clients (out of 100)
[2024-03-22 06:09:36,552][flwr][DEBUG] - evaluate_round 15 received 20 results and 0 failures
[2024-03-22 06:09:36,569][flwr][INFO] - Sampled the following clients: ['98', '8', '0', '77', '49', '40', '13', '33', '67', '34', '91', '54', '96', '82', '7', '60', '10', '97', '42', '83']
[2024-03-22 06:09:36,569][flwr][DEBUG] - fit_round 16: strategy sampled 20 clients (out of 100)
[2024-03-22 06:09:41,292][flwr][DEBUG] - fit_round 16 received 20 results and 0 failures
[2024-03-22 06:09:44,123][flwr][INFO] - fit progress: (16, nan, {'test_accuracy': 0.0}, 6623.95839595818)
[2024-03-22 06:09:44,123][flwr][INFO] - Sampled the following clients: ['31', '79', '78', '41', '89', '22', '94', '72', '76', '68', '75', '34', '87', '13', '39', '96', '25', '64', '69', '40']
[2024-03-22 06:09:44,123][flwr][DEBUG] - evaluate_round 16: strategy sampled 20 clients (out of 100)
[2024-03-22 06:09:44,489][flwr][DEBUG] - evaluate_round 16 received 20 results and 0 failures
[2024-03-22 06:09:44,495][flwr][INFO] - Sampled the following clients: ['43', '99', '52', '16', '65', '90', '33', '86', '37', '13', '74', '11', '88', '14', '59', '97', '3', '22', '47', '1']
[2024-03-22 06:09:44,495][flwr][DEBUG] - fit_round 17: strategy sampled 20 clients (out of 100)
[2024-03-22 06:09:48,956][flwr][DEBUG] - fit_round 17 received 20 results and 0 failures
[2024-03-22 06:09:51,785][flwr][INFO] - fit progress: (17, nan, {'test_accuracy': 0.0}, 6631.6207141252235)
[2024-03-22 06:09:51,786][flwr][INFO] - Sampled the following clients: ['4', '86', '47', '48', '13', '14', '62', '94', '7', '38', '53', '95', '59', '1', '8', '27', '19', '29', '78', '41']
[2024-03-22 06:09:51,786][flwr][DEBUG] - evaluate_round 17: strategy sampled 20 clients (out of 100)
[2024-03-22 06:09:52,145][flwr][DEBUG] - evaluate_round 17 received 20 results and 0 failures
[2024-03-22 06:09:52,157][flwr][INFO] - Sampled the following clients: ['15', '59', '14', '63', '45', '24', '18', '87', '51', '70', '81', '13', '6', '55', '74', '17', '50', '48', '96', '16']
[2024-03-22 06:09:52,157][flwr][DEBUG] - fit_round 18: strategy sampled 20 clients (out of 100)
[2024-03-22 06:09:56,569][flwr][DEBUG] - fit_round 18 received 20 results and 0 failures
[2024-03-22 06:09:59,413][flwr][INFO] - fit progress: (18, nan, {'test_accuracy': 0.0}, 6639.248126583174)
[2024-03-22 06:09:59,413][flwr][INFO] - Sampled the following clients: ['22', '64', '81', '52', '47', '10', '96', '98', '34', '44', '7', '57', '62', '31', '14', '54', '90', '43', '37', '1']
[2024-03-22 06:09:59,413][flwr][DEBUG] - evaluate_round 18: strategy sampled 20 clients (out of 100)
[2024-03-22 06:09:59,767][flwr][DEBUG] - evaluate_round 18 received 20 results and 0 failures
[2024-03-22 06:09:59,794][flwr][INFO] - Sampled the following clients: ['10', '22', '16', '91', '66', '86', '77', '36', '59', '78', '83', '72', '47', '12', '40', '29', '52', '58', '65', '51']
[2024-03-22 06:09:59,794][flwr][DEBUG] - fit_round 19: strategy sampled 20 clients (out of 100)
[2024-03-22 06:10:04,105][flwr][DEBUG] - fit_round 19 received 20 results and 0 failures
[2024-03-22 06:10:06,897][flwr][INFO] - fit progress: (19, nan, {'test_accuracy': 0.0}, 6646.731779000023)
[2024-03-22 06:10:06,897][flwr][INFO] - Sampled the following clients: ['80', '46', '34', '40', '81', '49', '66', '79', '62', '29', '51', '38', '90', '85', '59', '8', '17', '10', '27', '87']
[2024-03-22 06:10:06,897][flwr][DEBUG] - evaluate_round 19: strategy sampled 20 clients (out of 100)
[2024-03-22 06:10:07,262][flwr][DEBUG] - evaluate_round 19 received 20 results and 0 failures
[2024-03-22 06:10:07,271][flwr][INFO] - Sampled the following clients: ['3', '65', '59', '57', '35', '33', '26', '96', '69', '87', '5', '1', '76', '56', '24', '58', '47', '62', '49', '9']
[2024-03-22 06:10:07,271][flwr][DEBUG] - fit_round 20: strategy sampled 20 clients (out of 100)
[2024-03-22 06:10:11,957][flwr][DEBUG] - fit_round 20 received 20 results and 0 failures
[2024-03-22 06:10:14,759][flwr][INFO] - fit progress: (20, nan, {'test_accuracy': 0.0}, 6654.593718708027)
[2024-03-22 06:10:14,759][flwr][INFO] - Sampled the following clients: ['54', '72', '45', '62', '50', '19', '92', '75', '32', '95', '20', '93', '11', '15', '98', '24', '13', '9', '4', '87']
[2024-03-22 06:10:14,759][flwr][DEBUG] - evaluate_round 20: strategy sampled 20 clients (out of 100)
[2024-03-22 06:10:15,134][flwr][DEBUG] - evaluate_round 20 received 20 results and 0 failures
[2024-03-22 06:10:15,151][flwr][INFO] - Sampled the following clients: ['89', '9', '33', '36', '47', '52', '19', '96', '10', '16', '51', '37', '26', '2', '20', '98', '79', '63', '40', '31']
[2024-03-22 06:10:15,151][flwr][DEBUG] - fit_round 21: strategy sampled 20 clients (out of 100)
[2024-03-22 06:10:19,929][flwr][DEBUG] - fit_round 21 received 20 results and 0 failures
[2024-03-22 06:10:22,716][flwr][INFO] - fit progress: (21, nan, {'test_accuracy': 0.0}, 6662.55089525017)
[2024-03-22 06:10:22,716][flwr][INFO] - Sampled the following clients: ['23', '55', '78', '82', '84', '32', '22', '15', '50', '93', '89', '69', '43', '34', '98', '37', '60', '67', '79', '40']
[2024-03-22 06:10:22,716][flwr][DEBUG] - evaluate_round 21: strategy sampled 20 clients (out of 100)
[2024-03-22 06:10:23,068][flwr][DEBUG] - evaluate_round 21 received 20 results and 0 failures
[2024-03-22 06:10:23,082][flwr][INFO] - Sampled the following clients: ['8', '82', '48', '27', '33', '75', '7', '16', '67', '53', '14', '12', '4', '22', '61', '84', '42', '59', '17', '56']
[2024-03-22 06:10:23,083][flwr][DEBUG] - fit_round 22: strategy sampled 20 clients (out of 100)
[2024-03-22 06:10:27,469][flwr][DEBUG] - fit_round 22 received 20 results and 0 failures
[2024-03-22 06:10:30,267][flwr][INFO] - fit progress: (22, nan, {'test_accuracy': 0.0}, 6670.1024797922)
[2024-03-22 06:10:30,268][flwr][INFO] - Sampled the following clients: ['15', '65', '3', '0', '82', '88', '35', '78', '71', '25', '12', '8', '10', '14', '24', '45', '21', '72', '80', '93']
[2024-03-22 06:10:30,268][flwr][DEBUG] - evaluate_round 22: strategy sampled 20 clients (out of 100)
[2024-03-22 06:10:30,617][flwr][DEBUG] - evaluate_round 22 received 20 results and 0 failures
[2024-03-22 06:10:30,629][flwr][INFO] - Sampled the following clients: ['72', '74', '69', '17', '64', '22', '25', '21', '62', '48', '36', '0', '56', '93', '39', '71', '15', '13', '40', '49']
[2024-03-22 06:10:30,629][flwr][DEBUG] - fit_round 23: strategy sampled 20 clients (out of 100)
[2024-03-22 06:10:35,317][flwr][DEBUG] - fit_round 23 received 20 results and 0 failures
[2024-03-22 06:10:38,102][flwr][INFO] - fit progress: (23, nan, {'test_accuracy': 0.0}, 6677.936975083081)
[2024-03-22 06:10:38,102][flwr][INFO] - Sampled the following clients: ['74', '51', '53', '22', '48', '35', '12', '38', '10', '85', '18', '73', '65', '19', '71', '89', '72', '44', '70', '80']
[2024-03-22 06:10:38,102][flwr][DEBUG] - evaluate_round 23: strategy sampled 20 clients (out of 100)
[2024-03-22 06:10:38,452][flwr][DEBUG] - evaluate_round 23 received 20 results and 0 failures
[2024-03-22 06:10:38,465][flwr][INFO] - Sampled the following clients: ['80', '68', '69', '42', '85', '22', '21', '86', '50', '41', '62', '96', '67', '4', '77', '39', '87', '34', '35', '98']
[2024-03-22 06:10:38,465][flwr][DEBUG] - fit_round 24: strategy sampled 20 clients (out of 100)
[2024-03-22 06:10:43,021][flwr][DEBUG] - fit_round 24 received 20 results and 0 failures
[2024-03-22 06:10:45,811][flwr][INFO] - fit progress: (24, nan, {'test_accuracy': 0.0}, 6685.646009542048)
[2024-03-22 06:10:45,811][flwr][INFO] - Sampled the following clients: ['71', '53', '49', '52', '73', '64', '56', '93', '46', '69', '19', '77', '51', '28', '23', '36', '81', '84', '50', '22']
[2024-03-22 06:10:45,811][flwr][DEBUG] - evaluate_round 24: strategy sampled 20 clients (out of 100)
[2024-03-22 06:10:46,173][flwr][DEBUG] - evaluate_round 24 received 20 results and 0 failures
[2024-03-22 06:10:46,183][flwr][INFO] - Sampled the following clients: ['4', '13', '90', '89', '72', '65', '19', '34', '54', '67', '93', '46', '23', '44', '66', '56', '2', '57', '20', '48']
[2024-03-22 06:10:46,183][flwr][DEBUG] - fit_round 25: strategy sampled 20 clients (out of 100)
[2024-03-22 06:10:50,573][flwr][DEBUG] - fit_round 25 received 20 results and 0 failures
[2024-03-22 06:10:53,356][flwr][INFO] - fit progress: (25, nan, {'test_accuracy': 0.0}, 6693.190599917201)
[2024-03-22 06:10:53,356][flwr][INFO] - Sampled the following clients: ['95', '92', '16', '83', '8', '81', '88', '20', '22', '33', '68', '1', '82', '10', '62', '23', '25', '89', '93', '97']
[2024-03-22 06:10:53,356][flwr][DEBUG] - evaluate_round 25: strategy sampled 20 clients (out of 100)
[2024-03-22 06:10:53,719][flwr][DEBUG] - evaluate_round 25 received 20 results and 0 failures
[2024-03-22 06:10:53,744][flwr][INFO] - Sampled the following clients: ['80', '30', '19', '71', '10', '52', '47', '50', '75', '21', '76', '12', '43', '8', '89', '96', '68', '26', '17', '3']
[2024-03-22 06:10:53,744][flwr][DEBUG] - fit_round 26: strategy sampled 20 clients (out of 100)
[2024-03-22 06:10:57,957][flwr][DEBUG] - fit_round 26 received 20 results and 0 failures
[2024-03-22 06:11:00,784][flwr][INFO] - fit progress: (26, nan, {'test_accuracy': 0.0}, 6700.618888500147)
[2024-03-22 06:11:00,784][flwr][INFO] - Sampled the following clients: ['78', '98', '35', '8', '97', '32', '12', '86', '47', '84', '89', '95', '14', '43', '93', '54', '80', '75', '9', '85']
[2024-03-22 06:11:00,784][flwr][DEBUG] - evaluate_round 26: strategy sampled 20 clients (out of 100)
[2024-03-22 06:11:01,136][flwr][DEBUG] - evaluate_round 26 received 20 results and 0 failures
[2024-03-22 06:11:01,151][flwr][INFO] - Sampled the following clients: ['11', '6', '37', '78', '2', '7', '8', '42', '59', '53', '98', '14', '28', '96', '56', '67', '41', '15', '30', '55']
[2024-03-22 06:11:01,151][flwr][DEBUG] - fit_round 27: strategy sampled 20 clients (out of 100)
[2024-03-22 06:11:05,681][flwr][DEBUG] - fit_round 27 received 20 results and 0 failures
[2024-03-22 06:11:08,453][flwr][INFO] - fit progress: (27, nan, {'test_accuracy': 0.0}, 6708.287728000199)
[2024-03-22 06:11:08,453][flwr][INFO] - Sampled the following clients: ['65', '68', '37', '48', '52', '95', '45', '63', '16', '38', '74', '56', '18', '3', '66', '42', '62', '5', '84', '33']
[2024-03-22 06:11:08,453][flwr][DEBUG] - evaluate_round 27: strategy sampled 20 clients (out of 100)
[2024-03-22 06:11:08,811][flwr][DEBUG] - evaluate_round 27 received 20 results and 0 failures
[2024-03-22 06:11:08,821][flwr][INFO] - Sampled the following clients: ['7', '83', '60', '6', '34', '32', '9', '97', '4', '47', '78', '48', '76', '61', '51', '13', '54', '5', '64', '87']
[2024-03-22 06:11:08,821][flwr][DEBUG] - fit_round 28: strategy sampled 20 clients (out of 100)
[2024-03-22 06:11:13,666][flwr][DEBUG] - fit_round 28 received 20 results and 0 failures
[2024-03-22 06:11:16,471][flwr][INFO] - fit progress: (28, nan, {'test_accuracy': 0.0}, 6716.305610417156)
[2024-03-22 06:11:16,471][flwr][INFO] - Sampled the following clients: ['86', '56', '65', '49', '79', '64', '26', '16', '80', '12', '45', '57', '0', '98', '31', '88', '42', '75', '24', '34']
[2024-03-22 06:11:16,471][flwr][DEBUG] - evaluate_round 28: strategy sampled 20 clients (out of 100)
[2024-03-22 06:11:16,835][flwr][DEBUG] - evaluate_round 28 received 20 results and 0 failures
[2024-03-22 06:11:16,847][flwr][INFO] - Sampled the following clients: ['55', '93', '3', '89', '74', '95', '29', '14', '83', '45', '96', '9', '36', '41', '21', '42', '71', '27', '46', '63']
[2024-03-22 06:11:16,847][flwr][DEBUG] - fit_round 29: strategy sampled 20 clients (out of 100)
[2024-03-22 06:11:21,290][flwr][DEBUG] - fit_round 29 received 20 results and 0 failures
[2024-03-22 06:11:24,118][flwr][INFO] - fit progress: (29, nan, {'test_accuracy': 0.0}, 6723.953419542173)
[2024-03-22 06:11:24,119][flwr][INFO] - Sampled the following clients: ['49', '70', '77', '4', '6', '48', '46', '63', '75', '25', '61', '66', '83', '88', '13', '85', '84', '18', '38', '39']
[2024-03-22 06:11:24,119][flwr][DEBUG] - evaluate_round 29: strategy sampled 20 clients (out of 100)
[2024-03-22 06:11:24,496][flwr][DEBUG] - evaluate_round 29 received 20 results and 0 failures
[2024-03-22 06:11:24,509][flwr][INFO] - Sampled the following clients: ['99', '18', '38', '15', '22', '59', '66', '19', '64', '96', '78', '26', '11', '5', '68', '33', '42', '62', '86', '35']
[2024-03-22 06:11:24,509][flwr][DEBUG] - fit_round 30: strategy sampled 20 clients (out of 100)
[2024-03-22 06:11:29,244][flwr][DEBUG] - fit_round 30 received 20 results and 0 failures
[2024-03-22 06:11:32,086][flwr][INFO] - fit progress: (30, nan, {'test_accuracy': 0.0}, 6731.920442542061)
[2024-03-22 06:11:32,086][flwr][INFO] - Sampled the following clients: ['74', '89', '15', '44', '54', '58', '5', '62', '63', '30', '55', '45', '56', '69', '2', '38', '67', '11', '37', '3']
[2024-03-22 06:11:32,086][flwr][DEBUG] - evaluate_round 30: strategy sampled 20 clients (out of 100)
[2024-03-22 06:11:32,460][flwr][DEBUG] - evaluate_round 30 received 20 results and 0 failures
[2024-03-22 06:11:32,484][flwr][INFO] - Sampled the following clients: ['76', '17', '34', '45', '93', '8', '25', '96', '98', '91', '18', '29', '85', '68', '55', '20', '9', '95', '14', '26']
[2024-03-22 06:11:32,484][flwr][DEBUG] - fit_round 31: strategy sampled 20 clients (out of 100)
[2024-03-22 06:11:37,166][flwr][DEBUG] - fit_round 31 received 20 results and 0 failures
[2024-03-22 06:11:39,994][flwr][INFO] - fit progress: (31, nan, {'test_accuracy': 0.0}, 6739.828853625106)
[2024-03-22 06:11:39,994][flwr][INFO] - Sampled the following clients: ['64', '36', '62', '47', '5', '75', '48', '0', '13', '25', '8', '95', '38', '18', '70', '60', '30', '72', '87', '41']
[2024-03-22 06:11:39,994][flwr][DEBUG] - evaluate_round 31: strategy sampled 20 clients (out of 100)
[2024-03-22 06:11:40,384][flwr][DEBUG] - evaluate_round 31 received 20 results and 0 failures
[2024-03-22 06:11:40,399][flwr][INFO] - Sampled the following clients: ['98', '87', '24', '22', '59', '20', '42', '80', '39', '53', '97', '67', '38', '14', '45', '48', '3', '54', '16', '62']
[2024-03-22 06:11:40,400][flwr][DEBUG] - fit_round 32: strategy sampled 20 clients (out of 100)
[2024-03-22 06:11:44,919][flwr][DEBUG] - fit_round 32 received 20 results and 0 failures
[2024-03-22 06:11:47,764][flwr][INFO] - fit progress: (32, nan, {'test_accuracy': 0.0}, 6747.599168292014)
[2024-03-22 06:11:47,764][flwr][INFO] - Sampled the following clients: ['27', '63', '8', '0', '1', '50', '59', '44', '49', '89', '64', '55', '9', '66', '71', '16', '42', '34', '87', '99']
[2024-03-22 06:11:47,764][flwr][DEBUG] - evaluate_round 32: strategy sampled 20 clients (out of 100)
[2024-03-22 06:11:48,123][flwr][DEBUG] - evaluate_round 32 received 20 results and 0 failures
[2024-03-22 06:11:48,136][flwr][INFO] - Sampled the following clients: ['14', '44', '54', '95', '61', '12', '49', '91', '7', '98', '30', '50', '72', '82', '41', '11', '52', '13', '18', '28']
[2024-03-22 06:11:48,136][flwr][DEBUG] - fit_round 33: strategy sampled 20 clients (out of 100)
[2024-03-22 06:11:52,611][flwr][DEBUG] - fit_round 33 received 20 results and 0 failures
[2024-03-22 06:11:55,446][flwr][INFO] - fit progress: (33, nan, {'test_accuracy': 0.0}, 6755.280876083067)
[2024-03-22 06:11:55,446][flwr][INFO] - Sampled the following clients: ['50', '19', '85', '14', '94', '33', '56', '68', '51', '58', '70', '16', '45', '9', '63', '11', '31', '4', '27', '22']
[2024-03-22 06:11:55,446][flwr][DEBUG] - evaluate_round 33: strategy sampled 20 clients (out of 100)
[2024-03-22 06:11:55,802][flwr][DEBUG] - evaluate_round 33 received 20 results and 0 failures
[2024-03-22 06:11:55,817][flwr][INFO] - Sampled the following clients: ['70', '39', '19', '91', '11', '40', '72', '13', '97', '71', '66', '2', '58', '4', '23', '84', '27', '16', '96', '44']
[2024-03-22 06:11:55,817][flwr][DEBUG] - fit_round 34: strategy sampled 20 clients (out of 100)
[2024-03-22 06:12:00,607][flwr][DEBUG] - fit_round 34 received 20 results and 0 failures
[2024-03-22 06:12:03,437][flwr][INFO] - fit progress: (34, nan, {'test_accuracy': 0.0}, 6763.270743625006)
[2024-03-22 06:12:03,438][flwr][INFO] - Sampled the following clients: ['54', '29', '22', '96', '66', '31', '55', '98', '79', '93', '63', '78', '50', '65', '20', '46', '64', '0', '76', '97']
[2024-03-22 06:12:03,438][flwr][DEBUG] - evaluate_round 34: strategy sampled 20 clients (out of 100)
[2024-03-22 06:12:03,798][flwr][DEBUG] - evaluate_round 34 received 20 results and 0 failures
[2024-03-22 06:12:03,817][flwr][INFO] - Sampled the following clients: ['88', '95', '18', '78', '63', '85', '26', '15', '66', '96', '6', '45', '22', '71', '79', '60', '62', '76', '32', '83']
[2024-03-22 06:12:03,818][flwr][DEBUG] - fit_round 35: strategy sampled 20 clients (out of 100)
[2024-03-22 06:12:08,522][flwr][DEBUG] - fit_round 35 received 20 results and 0 failures
[2024-03-22 06:12:11,347][flwr][INFO] - fit progress: (35, nan, {'test_accuracy': 0.0}, 6771.178313417127)
[2024-03-22 06:12:11,347][flwr][INFO] - Sampled the following clients: ['45', '73', '56', '26', '59', '33', '1', '74', '49', '5', '89', '68', '35', '79', '39', '42', '70', '14', '9', '21']
[2024-03-22 06:12:11,347][flwr][DEBUG] - evaluate_round 35: strategy sampled 20 clients (out of 100)
[2024-03-22 06:12:11,724][flwr][DEBUG] - evaluate_round 35 received 20 results and 0 failures
[2024-03-22 06:12:11,738][flwr][INFO] - Sampled the following clients: ['15', '4', '63', '45', '75', '46', '90', '99', '12', '8', '60', '0', '80', '21', '54', '11', '30', '82', '22', '65']
[2024-03-22 06:12:11,738][flwr][DEBUG] - fit_round 36: strategy sampled 20 clients (out of 100)
[2024-03-22 06:12:15,993][flwr][DEBUG] - fit_round 36 received 20 results and 0 failures
[2024-03-22 06:12:18,826][flwr][INFO] - fit progress: (36, nan, {'test_accuracy': 0.0}, 6778.656655458035)
[2024-03-22 06:12:18,826][flwr][INFO] - Sampled the following clients: ['18', '16', '70', '28', '4', '48', '55', '42', '68', '11', '57', '53', '20', '59', '82', '10', '94', '5', '38', '51']
[2024-03-22 06:12:18,826][flwr][DEBUG] - evaluate_round 36: strategy sampled 20 clients (out of 100)
[2024-03-22 06:12:19,179][flwr][DEBUG] - evaluate_round 36 received 20 results and 0 failures
[2024-03-22 06:12:19,194][flwr][INFO] - Sampled the following clients: ['55', '2', '38', '34', '26', '66', '29', '63', '19', '82', '78', '25', '70', '68', '93', '52', '31', '35', '73', '41']
[2024-03-22 06:12:19,194][flwr][DEBUG] - fit_round 37: strategy sampled 20 clients (out of 100)
[2024-03-22 06:12:23,725][flwr][DEBUG] - fit_round 37 received 20 results and 0 failures
[2024-03-22 06:12:26,532][flwr][INFO] - fit progress: (37, nan, {'test_accuracy': 0.0}, 6786.362102250103)
[2024-03-22 06:12:26,532][flwr][INFO] - Sampled the following clients: ['17', '3', '16', '25', '53', '66', '67', '44', '47', '41', '0', '18', '65', '76', '92', '50', '33', '22', '34', '26']
[2024-03-22 06:12:26,532][flwr][DEBUG] - evaluate_round 37: strategy sampled 20 clients (out of 100)
[2024-03-22 06:12:26,894][flwr][DEBUG] - evaluate_round 37 received 20 results and 0 failures
[2024-03-22 06:12:26,912][flwr][INFO] - Sampled the following clients: ['49', '24', '86', '91', '5', '65', '13', '54', '10', '20', '56', '95', '31', '50', '11', '34', '39', '74', '32', '52']
[2024-03-22 06:12:26,912][flwr][DEBUG] - fit_round 38: strategy sampled 20 clients (out of 100)
[2024-03-22 06:12:31,587][flwr][DEBUG] - fit_round 38 received 20 results and 0 failures
[2024-03-22 06:12:34,436][flwr][INFO] - fit progress: (38, nan, {'test_accuracy': 0.0}, 6794.265384542057)
[2024-03-22 06:12:34,436][flwr][INFO] - Sampled the following clients: ['17', '93', '68', '88', '13', '28', '20', '83', '84', '87', '76', '37', '60', '64', '70', '96', '30', '95', '98', '6']
[2024-03-22 06:12:34,436][flwr][DEBUG] - evaluate_round 38: strategy sampled 20 clients (out of 100)
[2024-03-22 06:12:34,798][flwr][DEBUG] - evaluate_round 38 received 20 results and 0 failures
[2024-03-22 06:12:34,815][flwr][INFO] - Sampled the following clients: ['67', '2', '30', '74', '62', '82', '22', '35', '14', '9', '57', '8', '99', '33', '19', '90', '23', '66', '58', '37']
[2024-03-22 06:12:34,815][flwr][DEBUG] - fit_round 39: strategy sampled 20 clients (out of 100)
[2024-03-22 06:12:39,323][flwr][DEBUG] - fit_round 39 received 20 results and 0 failures
[2024-03-22 06:12:42,158][flwr][INFO] - fit progress: (39, nan, {'test_accuracy': 0.0}, 6801.987298208056)
[2024-03-22 06:12:42,158][flwr][INFO] - Sampled the following clients: ['26', '67', '91', '27', '71', '15', '41', '17', '6', '46', '59', '31', '22', '40', '83', '65', '56', '39', '80', '53']
[2024-03-22 06:12:42,158][flwr][DEBUG] - evaluate_round 39: strategy sampled 20 clients (out of 100)
[2024-03-22 06:12:42,535][flwr][DEBUG] - evaluate_round 39 received 20 results and 0 failures
[2024-03-22 06:12:42,541][flwr][INFO] - Sampled the following clients: ['61', '85', '96', '57', '44', '65', '94', '62', '39', '73', '7', '18', '74', '75', '88', '98', '16', '83', '34', '68']
[2024-03-22 06:12:42,541][flwr][DEBUG] - fit_round 40: strategy sampled 20 clients (out of 100)
[2024-03-22 06:12:47,168][flwr][DEBUG] - fit_round 40 received 20 results and 0 failures
[2024-03-22 06:12:50,011][flwr][INFO] - fit progress: (40, nan, {'test_accuracy': 0.0}, 6809.840270000044)
[2024-03-22 06:12:50,011][flwr][INFO] - Sampled the following clients: ['72', '27', '76', '82', '39', '25', '50', '61', '74', '54', '92', '46', '13', '77', '91', '90', '60', '40', '99', '71']
[2024-03-22 06:12:50,011][flwr][DEBUG] - evaluate_round 40: strategy sampled 20 clients (out of 100)
[2024-03-22 06:12:50,362][flwr][DEBUG] - evaluate_round 40 received 20 results and 0 failures
[2024-03-22 06:12:50,376][flwr][INFO] - Sampled the following clients: ['21', '93', '32', '23', '39', '55', '34', '81', '20', '88', '82', '94', '3', '87', '25', '66', '70', '99', '7', '45']
[2024-03-22 06:12:50,377][flwr][DEBUG] - fit_round 41: strategy sampled 20 clients (out of 100)
[2024-03-22 06:12:54,888][flwr][DEBUG] - fit_round 41 received 20 results and 0 failures
[2024-03-22 06:12:57,732][flwr][INFO] - fit progress: (41, nan, {'test_accuracy': 0.0}, 6817.560861375183)
[2024-03-22 06:12:57,732][flwr][INFO] - Sampled the following clients: ['38', '70', '59', '23', '24', '20', '12', '86', '73', '81', '49', '68', '51', '71', '85', '0', '80', '41', '61', '7']
[2024-03-22 06:12:57,732][flwr][DEBUG] - evaluate_round 41: strategy sampled 20 clients (out of 100)
[2024-03-22 06:12:58,095][flwr][DEBUG] - evaluate_round 41 received 20 results and 0 failures
[2024-03-22 06:12:58,106][flwr][INFO] - Sampled the following clients: ['45', '12', '91', '6', '85', '56', '8', '5', '13', '47', '43', '18', '88', '66', '29', '35', '58', '53', '34', '17']
[2024-03-22 06:12:58,106][flwr][DEBUG] - fit_round 42: strategy sampled 20 clients (out of 100)
[2024-03-22 06:13:02,826][flwr][DEBUG] - fit_round 42 received 20 results and 0 failures
[2024-03-22 06:13:05,652][flwr][INFO] - fit progress: (42, nan, {'test_accuracy': 0.0}, 6825.481453542132)
[2024-03-22 06:13:05,652][flwr][INFO] - Sampled the following clients: ['86', '7', '1', '93', '81', '61', '60', '88', '62', '40', '69', '35', '44', '90', '79', '53', '21', '50', '26', '58']
[2024-03-22 06:13:05,652][flwr][DEBUG] - evaluate_round 42: strategy sampled 20 clients (out of 100)
[2024-03-22 06:13:06,011][flwr][DEBUG] - evaluate_round 42 received 20 results and 0 failures
[2024-03-22 06:13:06,030][flwr][INFO] - Sampled the following clients: ['90', '25', '82', '35', '51', '3', '97', '84', '10', '37', '6', '15', '86', '38', '5', '85', '1', '17', '42', '29']
[2024-03-22 06:13:06,030][flwr][DEBUG] - fit_round 43: strategy sampled 20 clients (out of 100)
[2024-03-22 06:13:10,748][flwr][DEBUG] - fit_round 43 received 20 results and 0 failures
[2024-03-22 06:13:13,585][flwr][INFO] - fit progress: (43, nan, {'test_accuracy': 0.0}, 6833.414545958163)
[2024-03-22 06:13:13,586][flwr][INFO] - Sampled the following clients: ['13', '44', '9', '42', '82', '12', '69', '50', '48', '21', '45', '95', '71', '34', '46', '59', '93', '22', '64', '10']
[2024-03-22 06:13:13,586][flwr][DEBUG] - evaluate_round 43: strategy sampled 20 clients (out of 100)
[2024-03-22 06:13:13,958][flwr][DEBUG] - evaluate_round 43 received 20 results and 0 failures
[2024-03-22 06:13:13,976][flwr][INFO] - Sampled the following clients: ['79', '7', '85', '69', '34', '87', '66', '25', '27', '52', '55', '38', '75', '30', '43', '91', '95', '40', '17', '35']
[2024-03-22 06:13:13,976][flwr][DEBUG] - fit_round 44: strategy sampled 20 clients (out of 100)
[2024-03-22 06:13:18,786][flwr][DEBUG] - fit_round 44 received 20 results and 0 failures
[2024-03-22 06:13:21,617][flwr][INFO] - fit progress: (44, nan, {'test_accuracy': 0.0}, 6841.44582125009)
[2024-03-22 06:13:21,617][flwr][INFO] - Sampled the following clients: ['37', '73', '34', '63', '55', '66', '58', '24', '86', '93', '80', '32', '59', '83', '88', '12', '9', '13', '29', '14']
[2024-03-22 06:13:21,617][flwr][DEBUG] - evaluate_round 44: strategy sampled 20 clients (out of 100)
[2024-03-22 06:13:21,978][flwr][DEBUG] - evaluate_round 44 received 20 results and 0 failures
[2024-03-22 06:13:21,988][flwr][INFO] - Sampled the following clients: ['87', '5', '38', '6', '65', '3', '30', '52', '29', '57', '22', '83', '70', '7', '40', '58', '8', '63', '99', '56']
[2024-03-22 06:13:21,988][flwr][DEBUG] - fit_round 45: strategy sampled 20 clients (out of 100)
[2024-03-22 06:13:26,460][flwr][DEBUG] - fit_round 45 received 20 results and 0 failures
[2024-03-22 06:13:29,286][flwr][INFO] - fit progress: (45, nan, {'test_accuracy': 0.0}, 6849.114676917205)
[2024-03-22 06:13:29,286][flwr][INFO] - Sampled the following clients: ['41', '34', '97', '31', '24', '28', '45', '16', '89', '73', '10', '43', '90', '60', '57', '32', '3', '78', '50', '40']
[2024-03-22 06:13:29,286][flwr][DEBUG] - evaluate_round 45: strategy sampled 20 clients (out of 100)
[2024-03-22 06:13:29,637][flwr][DEBUG] - evaluate_round 45 received 20 results and 0 failures
[2024-03-22 06:13:29,650][flwr][INFO] - Sampled the following clients: ['73', '34', '72', '36', '14', '39', '21', '86', '37', '3', '26', '92', '4', '24', '81', '50', '67', '52', '40', '94']
[2024-03-22 06:13:29,650][flwr][DEBUG] - fit_round 46: strategy sampled 20 clients (out of 100)
[2024-03-22 06:13:34,311][flwr][DEBUG] - fit_round 46 received 20 results and 0 failures
[2024-03-22 06:13:37,144][flwr][INFO] - fit progress: (46, nan, {'test_accuracy': 0.0}, 6856.972461042227)
[2024-03-22 06:13:37,144][flwr][INFO] - Sampled the following clients: ['67', '47', '19', '92', '73', '38', '6', '10', '61', '60', '7', '79', '93', '52', '58', '62', '56', '63', '33', '31']
[2024-03-22 06:13:37,144][flwr][DEBUG] - evaluate_round 46: strategy sampled 20 clients (out of 100)
[2024-03-22 06:13:37,513][flwr][DEBUG] - evaluate_round 46 received 20 results and 0 failures
[2024-03-22 06:13:37,531][flwr][INFO] - Sampled the following clients: ['99', '64', '61', '8', '97', '42', '88', '57', '44', '46', '32', '11', '49', '20', '28', '60', '40', '10', '69', '80']
[2024-03-22 06:13:37,531][flwr][DEBUG] - fit_round 47: strategy sampled 20 clients (out of 100)
[2024-03-22 06:13:42,207][flwr][DEBUG] - fit_round 47 received 20 results and 0 failures
[2024-03-22 06:13:44,994][flwr][INFO] - fit progress: (47, nan, {'test_accuracy': 0.0}, 6864.823388542049)
[2024-03-22 06:13:44,995][flwr][INFO] - Sampled the following clients: ['3', '31', '95', '17', '53', '18', '88', '37', '40', '64', '24', '30', '67', '85', '58', '90', '45', '74', '11', '65']
[2024-03-22 06:13:44,995][flwr][DEBUG] - evaluate_round 47: strategy sampled 20 clients (out of 100)
[2024-03-22 06:13:45,365][flwr][DEBUG] - evaluate_round 47 received 20 results and 0 failures
[2024-03-22 06:13:45,370][flwr][INFO] - Sampled the following clients: ['55', '48', '40', '10', '67', '39', '26', '58', '11', '93', '89', '3', '51', '35', '12', '59', '52', '72', '99', '53']
[2024-03-22 06:13:45,370][flwr][DEBUG] - fit_round 48: strategy sampled 20 clients (out of 100)
[2024-03-22 06:13:49,754][flwr][DEBUG] - fit_round 48 received 20 results and 0 failures
[2024-03-22 06:13:52,555][flwr][INFO] - fit progress: (48, nan, {'test_accuracy': 0.0}, 6872.3843351670075)
[2024-03-22 06:13:52,556][flwr][INFO] - Sampled the following clients: ['82', '2', '84', '6', '17', '65', '46', '19', '38', '47', '85', '14', '74', '27', '43', '95', '83', '52', '49', '89']
[2024-03-22 06:13:52,556][flwr][DEBUG] - evaluate_round 48: strategy sampled 20 clients (out of 100)
[2024-03-22 06:13:52,917][flwr][DEBUG] - evaluate_round 48 received 20 results and 0 failures
[2024-03-22 06:13:52,934][flwr][INFO] - Sampled the following clients: ['20', '50', '8', '97', '24', '32', '89', '46', '63', '65', '83', '6', '40', '66', '47', '9', '68', '61', '7', '93']
[2024-03-22 06:13:52,934][flwr][DEBUG] - fit_round 49: strategy sampled 20 clients (out of 100)
[2024-03-22 06:13:57,599][flwr][DEBUG] - fit_round 49 received 20 results and 0 failures
[2024-03-22 06:14:00,460][flwr][INFO] - fit progress: (49, nan, {'test_accuracy': 0.0}, 6880.288902083179)
[2024-03-22 06:14:00,460][flwr][INFO] - Sampled the following clients: ['25', '15', '92', '57', '34', '79', '41', '59', '93', '42', '4', '86', '95', '50', '71', '22', '8', '20', '17', '96']
[2024-03-22 06:14:00,460][flwr][DEBUG] - evaluate_round 49: strategy sampled 20 clients (out of 100)
[2024-03-22 06:14:00,802][flwr][DEBUG] - evaluate_round 49 received 20 results and 0 failures
[2024-03-22 06:14:00,816][flwr][INFO] - Sampled the following clients: ['48', '9', '22', '82', '71', '57', '19', '34', '15', '7', '68', '56', '89', '78', '31', '74', '18', '62', '36', '3']
[2024-03-22 06:14:00,817][flwr][DEBUG] - fit_round 50: strategy sampled 20 clients (out of 100)
[2024-03-22 06:14:05,396][flwr][DEBUG] - fit_round 50 received 20 results and 0 failures
[2024-03-22 06:14:08,202][flwr][INFO] - fit progress: (50, nan, {'test_accuracy': 0.0}, 6888.030362042133)
[2024-03-22 06:14:08,202][flwr][INFO] - Sampled the following clients: ['21', '57', '20', '99', '28', '50', '37', '66', '39', '9', '78', '35', '52', '11', '25', '77', '93', '10', '89', '56']
[2024-03-22 06:14:08,202][flwr][DEBUG] - evaluate_round 50: strategy sampled 20 clients (out of 100)
[2024-03-22 06:14:08,554][flwr][DEBUG] - evaluate_round 50 received 20 results and 0 failures
[2024-03-22 06:14:08,566][flwr][INFO] - FL finished in 6888.3948360830545
[2024-03-22 06:14:08,576][flwr][INFO] - app_fit: losses_distributed [(1, 0.2991252188733283), (2, 0.7339894147182756), (3, 0.8086902740201056), (4, 2.3843681930393252), (5, 2.3567362700603236), (6, nan), (7, nan), (8, nan), (9, nan), (10, nan), (11, nan), (12, nan), (13, nan), (14, nan), (15, nan), (16, nan), (17, nan), (18, nan), (19, nan), (20, nan), (21, nan), (22, nan), (23, nan), (24, nan), (25, nan), (26, nan), (27, nan), (28, nan), (29, nan), (30, nan), (31, nan), (32, nan), (33, nan), (34, nan), (35, nan), (36, nan), (37, nan), (38, nan), (39, nan), (40, nan), (41, nan), (42, nan), (43, nan), (44, nan), (45, nan), (46, nan), (47, nan), (48, nan), (49, nan), (50, nan)]
[2024-03-22 06:14:08,576][flwr][INFO] - app_fit: metrics_distributed_fit {'train_loss': [(1, 29502.6396468123), (2, 9234418.792958518), (3, 88.3301701305605), (4, 185389.87044982138), (5, 10770106.1382673), (6, nan), (7, nan), (8, nan), (9, nan), (10, nan), (11, nan), (12, nan), (13, nan), (14, nan), (15, nan), (16, nan), (17, nan), (18, nan), (19, nan), (20, nan), (21, nan), (22, nan), (23, nan), (24, nan), (25, nan), (26, nan), (27, nan), (28, nan), (29, nan), (30, nan), (31, nan), (32, nan), (33, nan), (34, nan), (35, nan), (36, nan), (37, nan), (38, nan), (39, nan), (40, nan), (41, nan), (42, nan), (43, nan), (44, nan), (45, nan), (46, nan), (47, nan), (48, nan), (49, nan), (50, nan)], 'train_accuracy': [(1, 13.387832017229002), (2, 13.124699813217113), (3, 13.90806558620036), (4, 14.466270566727605), (5, 15.812947606483226), (6, 13.487051979733533), (7, 0.0), (8, 0.0), (9, 0.0), (10, 0.0), (11, 0.0), (12, 0.0), (13, 0.0), (14, 0.0), (15, 0.0), (16, 0.0), (17, 0.0), (18, 0.0), (19, 0.0), (20, 0.0), (21, 0.0), (22, 0.0), (23, 0.0), (24, 0.0), (25, 0.0), (26, 0.0), (27, 0.0), (28, 0.0), (29, 0.0), (30, 0.0), (31, 0.0), (32, 0.0), (33, 0.0), (34, 0.0), (35, 0.0), (36, 0.0), (37, 0.0), (38, 0.0), (39, 0.0), (40, 0.0), (41, 0.0), (42, 0.0), (43, 0.0), (44, 0.0), (45, 0.0), (46, 0.0), (47, 0.0), (48, 0.0), (49, 0.0), (50, 0.0)]}
[2024-03-22 06:14:08,576][flwr][INFO] - app_fit: metrics_distributed {'test_accuracy': [(1, 0.28595744680851065), (2, 0.39335664335664333), (3, 0.22679509632224168), (4, 0.16458852867830423), (5, 0.34323144104803494), (6, 0.0), (7, 0.0), (8, 0.0), (9, 0.0), (10, 0.0), (11, 0.0), (12, 0.0), (13, 0.0), (14, 0.0), (15, 0.0), (16, 0.0), (17, 0.0), (18, 0.0), (19, 0.0), (20, 0.0), (21, 0.0), (22, 0.0), (23, 0.0), (24, 0.0), (25, 0.0), (26, 0.0), (27, 0.0), (28, 0.0), (29, 0.0), (30, 0.0), (31, 0.0), (32, 0.0), (33, 0.0), (34, 0.0), (35, 0.0), (36, 0.0), (37, 0.0), (38, 0.0), (39, 0.0), (40, 0.0), (41, 0.0), (42, 0.0), (43, 0.0), (44, 0.0), (45, 0.0), (46, 0.0), (47, 0.0), (48, 0.0), (49, 0.0), (50, 0.0)]}
[2024-03-22 06:14:08,576][flwr][INFO] - app_fit: losses_centralized [(0, 0.28825004000663756), (1, 0.28154474338293073), (2, 0.7977004904091358), (3, 0.8020450414538384), (4, 2.1840454062461854), (5, 1.8066366661950946), (6, nan), (7, nan), (8, nan), (9, nan), (10, nan), (11, nan), (12, nan), (13, nan), (14, nan), (15, nan), (16, nan), (17, nan), (18, nan), (19, nan), (20, nan), (21, nan), (22, nan), (23, nan), (24, nan), (25, nan), (26, nan), (27, nan), (28, nan), (29, nan), (30, nan), (31, nan), (32, nan), (33, nan), (34, nan), (35, nan), (36, nan), (37, nan), (38, nan), (39, nan), (40, nan), (41, nan), (42, nan), (43, nan), (44, nan), (45, nan), (46, nan), (47, nan), (48, nan), (49, nan), (50, nan)]
[2024-03-22 06:14:08,576][flwr][INFO] - app_fit: metrics_centralized {'test_accuracy': [(0, 0.0602), (1, 0.2595), (2, 0.3045), (3, 0.2894), (4, 0.1169), (5, 0.4169), (6, 0.0), (7, 0.0), (8, 0.0), (9, 0.0), (10, 0.0), (11, 0.0), (12, 0.0), (13, 0.0), (14, 0.0), (15, 0.0), (16, 0.0), (17, 0.0), (18, 0.0), (19, 0.0), (20, 0.0), (21, 0.0), (22, 0.0), (23, 0.0), (24, 0.0), (25, 0.0), (26, 0.0), (27, 0.0), (28, 0.0), (29, 0.0), (30, 0.0), (31, 0.0), (32, 0.0), (33, 0.0), (34, 0.0), (35, 0.0), (36, 0.0), (37, 0.0), (38, 0.0), (39, 0.0), (40, 0.0), (41, 0.0), (42, 0.0), (43, 0.0), (44, 0.0), (45, 0.0), (46, 0.0), (47, 0.0), (48, 0.0), (49, 0.0), (50, 0.0)]}
[2024-03-22 06:14:10,472][flwr][INFO] - Cleaned up ray temp session: /tmp/ray/session_2024-03-22_03-18-03_510294_54631 with size: 881439334400
[2024-03-22 06:14:10,472][flwr][INFO] - Saving ['yaml', 'log', 'wandb']
[2024-03-22 06:14:10,475][flwr][INFO] - Post-cleaning ['history', 'parameters', 'yaml', 'log', 'rng', 'history']
