[2024-03-21 02:29:49,725][flwr][INFO] - working_dir: null
to_save_once:
- yaml
- log
- wandb
to_save_per_round:
- parameters
- rng
- history
save_frequency: 1
to_restore: []
to_clean_once:
- history
- parameters
- yaml
- log
- rng
- history
use_wandb: false
debug_clients:
  all: false
  one: true
wandb_resume: false
wandb_id: null
wandb:
  setup:
    project: template
    tags:
    - strategy_${strategy.name}
    - seed_${fed.seed}
    entity: null
    mode: online
ray_address: null
ray_redis_password: null
ray_node_ip_address: null
file_limit: 250
task:
  model_and_data: FMNIST_CNN
  train_structure: FMNIST
  fit_config:
    net_config: {}
    dataloader_config:
      batch_size: 4
    run_config:
      epochs: 1
      learning_rate: 0.01
      optimizer: lbfgs
    extra: {}
  eval_config:
    net_config: {}
    dataloader_config:
      batch_size: 8
    run_config: {}
    extra: {}
  fed_test_config:
    net_config: {}
    dataloader_config:
      batch_size: 8
    run_config: {}
    extra: {}
  net_config_initial_parameters: {}
  fit_metrics:
  - train_loss
  - train_accuracy
  evaluate_metrics:
  - test_accuracy
fed:
  num_rounds: 50
  num_total_clients: 100
  num_clients_per_round: 20
  num_evaluate_clients_per_round: 20
  enable_resampling: false
  cpus_per_client: 2
  gpus_per_client: 0
  seed: 1337
  load_saved_state: true
  server_round: null
  parameters_folder: null
  rng_folder: null
  history_folder: null
strategy:
  name: FedAvg
  init:
    _target_: flwr.server.strategy.FedAvg
dataset:
  dataset_dir: ./data/fmnist/data
  partition_dir: ./data/fmnist/partition
  num_clients: 100
  val_ratio: 0.1
  seed: 1337
  iid: false
  power_law: false
  balance: false
  lda: true
  alpha: 1.0

[2024-03-21 02:29:49,779][flwr][INFO] - Wandb run initialized with False
[2024-03-21 02:29:49,779][flwr][INFO] - Pre-cleaning ['history', 'parameters', 'yaml', 'log', 'rng', 'history']
[2024-03-21 02:29:49,780][flwr][INFO] - Loading parameters failed from: /Users/grantwilkins/fl-final-proj/outputs/2024-03-21/02-29-49/results/state/parameters/parameters_0.bin
[2024-03-21 02:29:49,780][flwr][INFO] - Generating initial parameters with config: {}
[2024-03-21 02:29:49,780][flwr][INFO] - Generating initial parameters with config: {}
[2024-03-21 02:29:49,804][flwr][INFO] - Using RNG seed: 1337
[2024-03-21 02:32:12,139][flwr][INFO] - Fit debug fit: [515, {'train_loss': 15.903059683011822, 'train_accuracy': 18.811650485436893}]  and eval: (0.3229397514410186, 57, {'test_accuracy': 0.0})
[2024-03-21 02:32:12,140][flwr][INFO] - Starting Flower simulation, config: ServerConfig(num_rounds=50, round_timeout=None)
[2024-03-21 02:32:14,745][flwr][INFO] - Flower VCE: Ray initialized with resources: {'memory': 23271202816.0, 'object_store_memory': 2147483648.0, 'CPU': 10.0, 'node:127.0.0.1': 1.0, 'node:__internal_head__': 1.0}
[2024-03-21 02:32:14,745][flwr][INFO] - Optimize your simulation with Flower VCE: https://flower.dev/docs/framework/how-to-run-simulations.html
[2024-03-21 02:32:14,745][flwr][INFO] - Flower VCE: Resources for each Virtual Client: {'num_cpus': 2, 'num_gpus': 0.0}
[2024-03-21 02:32:14,752][flwr][INFO] - Flower VCE: Creating VirtualClientEngineActorPool with 5 actors
[2024-03-21 02:32:14,753][flwr][INFO] - Initializing global parameters
[2024-03-21 02:32:14,753][flwr][INFO] - Using initial parameters provided by strategy
[2024-03-21 02:32:14,753][flwr][INFO] - Evaluating initial parameters
[2024-03-21 02:32:18,118][flwr][INFO] - initial parameters (loss, other metrics): 0.28844745337963107, {'test_accuracy': 0.0672}
[2024-03-21 02:32:18,124][flwr][INFO] - FL starting
[2024-03-21 02:32:18,124][flwr][INFO] - Sampled the following clients: ['18', '62', '29', '0', '45', '56', '26', '93', '96', '76', '83', '92', '99', '54', '43', '3', '84', '27', '37', '59']
[2024-03-21 02:32:18,124][flwr][DEBUG] - fit_round 1: strategy sampled 20 clients (out of 100)
[2024-03-21 02:51:58,172][flwr][DEBUG] - fit_round 1 received 20 results and 0 failures
[2024-03-21 02:52:01,124][flwr][INFO] - fit progress: (1, 0.18907417954653502, {'test_accuracy': 0.5039}, 1182.9670272078365)
[2024-03-21 02:52:01,124][flwr][INFO] - Sampled the following clients: ['41', '72', '1', '61', '47', '80', '99', '97', '54', '10', '58', '93', '89', '30', '23', '14', '31', '68', '96', '66']
[2024-03-21 02:52:01,124][flwr][DEBUG] - evaluate_round 1: strategy sampled 20 clients (out of 100)
[2024-03-21 02:52:01,603][flwr][DEBUG] - evaluate_round 1 received 20 results and 0 failures
[2024-03-21 02:52:01,623][flwr][INFO] - Sampled the following clients: ['0', '59', '24', '71', '20', '33', '69', '36', '73', '9', '61', '14', '37', '84', '42', '27', '79', '31', '46', '53']
[2024-03-21 02:52:01,623][flwr][DEBUG] - fit_round 2: strategy sampled 20 clients (out of 100)
[2024-03-21 03:12:20,396][flwr][DEBUG] - fit_round 2 received 20 results and 0 failures
[2024-03-21 03:12:23,326][flwr][INFO] - fit progress: (2, 0.25975618498921393, {'test_accuracy': 0.3904}, 2405.2284669168293)
[2024-03-21 03:12:23,326][flwr][INFO] - Sampled the following clients: ['18', '80', '54', '3', '75', '57', '0', '27', '22', '23', '99', '78', '37', '2', '51', '55', '58', '4', '44', '74']
[2024-03-21 03:12:23,327][flwr][DEBUG] - evaluate_round 2: strategy sampled 20 clients (out of 100)
[2024-03-21 03:12:23,792][flwr][DEBUG] - evaluate_round 2 received 20 results and 0 failures
[2024-03-21 03:12:23,809][flwr][INFO] - Sampled the following clients: ['40', '96', '0', '76', '54', '73', '31', '66', '72', '32', '74', '12', '75', '55', '15', '83', '56', '19', '9', '90']
[2024-03-21 03:12:23,809][flwr][DEBUG] - fit_round 3: strategy sampled 20 clients (out of 100)
[2024-03-21 03:31:27,762][flwr][DEBUG] - fit_round 3 received 20 results and 0 failures
[2024-03-21 03:31:30,752][flwr][INFO] - fit progress: (3, 0.3047682636943413, {'test_accuracy': 0.6743}, 3552.651944416808)
[2024-03-21 03:31:30,752][flwr][INFO] - Sampled the following clients: ['21', '94', '43', '95', '75', '77', '53', '41', '11', '67', '28', '84', '7', '57', '4', '91', '6', '76', '2', '25']
[2024-03-21 03:31:30,752][flwr][DEBUG] - evaluate_round 3: strategy sampled 20 clients (out of 100)
[2024-03-21 03:31:31,133][flwr][DEBUG] - evaluate_round 3 received 20 results and 0 failures
[2024-03-21 03:31:31,149][flwr][INFO] - Sampled the following clients: ['96', '98', '53', '49', '10', '18', '42', '63', '37', '88', '94', '81', '31', '56', '74', '50', '86', '25', '15', '28']
[2024-03-21 03:31:31,149][flwr][DEBUG] - fit_round 4: strategy sampled 20 clients (out of 100)
[2024-03-21 03:50:54,251][flwr][DEBUG] - fit_round 4 received 20 results and 0 failures
[2024-03-21 03:50:57,184][flwr][INFO] - fit progress: (4, 0.4499300424323068, {'test_accuracy': 0.4801}, 4719.030403666897)
[2024-03-21 03:50:57,184][flwr][INFO] - Sampled the following clients: ['36', '62', '92', '38', '75', '54', '45', '8', '26', '7', '91', '63', '43', '52', '66', '10', '83', '60', '55', '21']
[2024-03-21 03:50:57,184][flwr][DEBUG] - evaluate_round 4: strategy sampled 20 clients (out of 100)
[2024-03-21 03:50:57,566][flwr][DEBUG] - evaluate_round 4 received 20 results and 0 failures
[2024-03-21 03:50:57,578][flwr][INFO] - Sampled the following clients: ['3', '38', '10', '6', '91', '66', '41', '36', '94', '40', '8', '35', '69', '79', '27', '64', '65', '70', '59', '20']
[2024-03-21 03:50:57,578][flwr][DEBUG] - fit_round 5: strategy sampled 20 clients (out of 100)
[2024-03-21 04:10:56,650][flwr][DEBUG] - fit_round 5 received 20 results and 0 failures
[2024-03-21 04:10:59,596][flwr][INFO] - fit progress: (5, 0.48515330903221054, {'test_accuracy': 0.6464}, 5921.4249433749355)
[2024-03-21 04:10:59,596][flwr][INFO] - Sampled the following clients: ['18', '81', '51', '75', '11', '66', '76', '39', '10', '89', '96', '57', '79', '50', '40', '90', '45', '46', '31', '61']
[2024-03-21 04:10:59,596][flwr][DEBUG] - evaluate_round 5: strategy sampled 20 clients (out of 100)
[2024-03-21 04:10:59,972][flwr][DEBUG] - evaluate_round 5 received 20 results and 0 failures
[2024-03-21 04:10:59,985][flwr][INFO] - Sampled the following clients: ['53', '40', '33', '94', '26', '41', '52', '3', '31', '69', '76', '81', '27', '71', '18', '91', '2', '44', '11', '84']
[2024-03-21 04:10:59,985][flwr][DEBUG] - fit_round 6: strategy sampled 20 clients (out of 100)
[2024-03-21 04:29:05,073][flwr][DEBUG] - fit_round 6 received 20 results and 0 failures
[2024-03-21 04:29:08,019][flwr][INFO] - fit progress: (6, 0.30911982485372574, {'test_accuracy': 0.6527}, 7009.855099458015)
[2024-03-21 04:29:08,019][flwr][INFO] - Sampled the following clients: ['40', '30', '61', '48', '49', '90', '2', '85', '27', '65', '80', '12', '74', '47', '39', '69', '63', '86', '87', '66']
[2024-03-21 04:29:08,020][flwr][DEBUG] - evaluate_round 6: strategy sampled 20 clients (out of 100)
[2024-03-21 04:29:08,415][flwr][DEBUG] - evaluate_round 6 received 20 results and 0 failures
[2024-03-21 04:29:08,430][flwr][INFO] - Sampled the following clients: ['63', '74', '14', '11', '58', '76', '92', '62', '73', '22', '65', '91', '47', '71', '56', '10', '40', '17', '33', '34']
[2024-03-21 04:29:08,430][flwr][DEBUG] - fit_round 7: strategy sampled 20 clients (out of 100)
[2024-03-21 04:47:08,627][flwr][DEBUG] - fit_round 7 received 20 results and 0 failures
[2024-03-21 04:47:11,568][flwr][INFO] - fit progress: (7, 0.29323674939871996, {'test_accuracy': 0.6439}, 8093.394830749836)
[2024-03-21 04:47:11,568][flwr][INFO] - Sampled the following clients: ['9', '28', '80', '42', '19', '82', '17', '84', '43', '69', '56', '15', '63', '81', '6', '64', '10', '68', '89', '12']
[2024-03-21 04:47:11,568][flwr][DEBUG] - evaluate_round 7: strategy sampled 20 clients (out of 100)
[2024-03-21 04:47:11,999][flwr][DEBUG] - evaluate_round 7 received 20 results and 0 failures
[2024-03-21 04:47:12,012][flwr][INFO] - Sampled the following clients: ['26', '65', '22', '82', '73', '93', '50', '48', '76', '3', '11', '51', '79', '90', '96', '2', '86', '25', '19', '13']
[2024-03-21 04:47:12,012][flwr][DEBUG] - fit_round 8: strategy sampled 20 clients (out of 100)
[2024-03-21 05:04:54,517][flwr][DEBUG] - fit_round 8 received 20 results and 0 failures
[2024-03-21 05:04:57,445][flwr][INFO] - fit progress: (8, 0.3406066839013233, {'test_accuracy': 0.6834}, 9159.263524167007)
[2024-03-21 05:04:57,445][flwr][INFO] - Sampled the following clients: ['53', '17', '91', '18', '86', '0', '30', '80', '22', '81', '76', '61', '52', '55', '96', '68', '54', '28', '92', '64']
[2024-03-21 05:04:57,445][flwr][DEBUG] - evaluate_round 8: strategy sampled 20 clients (out of 100)
[2024-03-21 05:04:57,814][flwr][DEBUG] - evaluate_round 8 received 20 results and 0 failures
[2024-03-21 05:04:57,831][flwr][INFO] - Sampled the following clients: ['9', '90', '34', '35', '37', '31', '17', '5', '26', '19', '83', '11', '18', '8', '77', '84', '29', '3', '56', '72']
[2024-03-21 05:04:57,831][flwr][DEBUG] - fit_round 9: strategy sampled 20 clients (out of 100)
[2024-03-21 05:22:30,309][flwr][DEBUG] - fit_round 9 received 20 results and 0 failures
[2024-03-21 05:22:33,284][flwr][INFO] - fit progress: (9, 0.304349899726086, {'test_accuracy': 0.6753}, 10215.116220999975)
[2024-03-21 05:22:33,284][flwr][INFO] - Sampled the following clients: ['99', '24', '66', '35', '3', '1', '50', '67', '13', '97', '76', '4', '75', '53', '87', '61', '98', '31', '45', '44']
[2024-03-21 05:22:33,284][flwr][DEBUG] - evaluate_round 9: strategy sampled 20 clients (out of 100)
[2024-03-21 05:22:33,669][flwr][DEBUG] - evaluate_round 9 received 20 results and 0 failures
[2024-03-21 05:22:33,682][flwr][INFO] - Sampled the following clients: ['96', '46', '99', '31', '33', '10', '4', '5', '69', '20', '60', '52', '95', '15', '47', '66', '61', '90', '85', '12']
[2024-03-21 05:22:33,682][flwr][DEBUG] - fit_round 10: strategy sampled 20 clients (out of 100)
[2024-03-21 05:40:12,877][flwr][DEBUG] - fit_round 10 received 20 results and 0 failures
[2024-03-21 05:40:15,816][flwr][INFO] - fit progress: (10, 0.22840789374378564, {'test_accuracy': 0.7037}, 11277.645131916972)
[2024-03-21 05:40:15,816][flwr][INFO] - Sampled the following clients: ['26', '40', '28', '34', '68', '46', '42', '73', '93', '84', '61', '72', '10', '78', '94', '33', '4', '11', '70', '24']
[2024-03-21 05:40:15,816][flwr][DEBUG] - evaluate_round 10: strategy sampled 20 clients (out of 100)
[2024-03-21 05:40:16,187][flwr][DEBUG] - evaluate_round 10 received 20 results and 0 failures
[2024-03-21 05:40:16,209][flwr][INFO] - Sampled the following clients: ['80', '18', '11', '61', '25', '0', '85', '30', '19', '14', '53', '90', '43', '29', '33', '36', '81', '99', '58', '5']
[2024-03-21 05:40:16,209][flwr][DEBUG] - fit_round 11: strategy sampled 20 clients (out of 100)
[2024-03-21 05:57:52,239][flwr][DEBUG] - fit_round 11 received 20 results and 0 failures
[2024-03-21 05:57:55,190][flwr][INFO] - fit progress: (11, 0.28683040499312623, {'test_accuracy': 0.7312}, 12337.027014916996)
[2024-03-21 05:57:55,190][flwr][INFO] - Sampled the following clients: ['14', '79', '10', '1', '85', '92', '80', '48', '61', '50', '25', '45', '43', '7', '15', '33', '98', '75', '97', '47']
[2024-03-21 05:57:55,190][flwr][DEBUG] - evaluate_round 11: strategy sampled 20 clients (out of 100)
[2024-03-21 05:57:55,572][flwr][DEBUG] - evaluate_round 11 received 20 results and 0 failures
[2024-03-21 05:57:55,591][flwr][INFO] - Sampled the following clients: ['41', '75', '57', '14', '91', '99', '52', '16', '44', '24', '95', '23', '80', '27', '92', '35', '55', '94', '31', '69']
[2024-03-21 05:57:55,591][flwr][DEBUG] - fit_round 12: strategy sampled 20 clients (out of 100)
[2024-03-21 06:15:36,785][flwr][DEBUG] - fit_round 12 received 20 results and 0 failures
[2024-03-21 06:15:39,745][flwr][INFO] - fit progress: (12, 0.30140218977844085, {'test_accuracy': 0.7162}, 13401.582792792004)
[2024-03-21 06:15:39,745][flwr][INFO] - Sampled the following clients: ['27', '32', '70', '96', '74', '37', '52', '39', '82', '23', '66', '7', '38', '24', '26', '79', '36', '51', '8', '58']
[2024-03-21 06:15:39,745][flwr][DEBUG] - evaluate_round 12: strategy sampled 20 clients (out of 100)
[2024-03-21 06:15:40,125][flwr][DEBUG] - evaluate_round 12 received 20 results and 0 failures
[2024-03-21 06:15:40,139][flwr][INFO] - Sampled the following clients: ['31', '22', '18', '50', '54', '26', '58', '3', '27', '2', '91', '63', '68', '87', '4', '33', '6', '42', '34', '45']
[2024-03-21 06:15:40,139][flwr][DEBUG] - fit_round 13: strategy sampled 20 clients (out of 100)
[2024-03-21 06:34:17,294][flwr][DEBUG] - fit_round 13 received 20 results and 0 failures
[2024-03-21 06:34:20,220][flwr][INFO] - fit progress: (13, 0.23150471630147076, {'test_accuracy': 0.6901}, 14522.063396291807)
[2024-03-21 06:34:20,220][flwr][INFO] - Sampled the following clients: ['21', '33', '98', '74', '92', '2', '14', '9', '67', '87', '89', '76', '32', '40', '52', '71', '75', '6', '11', '86']
[2024-03-21 06:34:20,220][flwr][DEBUG] - evaluate_round 13: strategy sampled 20 clients (out of 100)
[2024-03-21 06:34:20,615][flwr][DEBUG] - evaluate_round 13 received 20 results and 0 failures
[2024-03-21 06:34:20,635][flwr][INFO] - Sampled the following clients: ['45', '67', '28', '80', '9', '73', '94', '92', '11', '59', '61', '78', '18', '41', '64', '4', '1', '55', '57', '85']
[2024-03-21 06:34:20,635][flwr][DEBUG] - fit_round 14: strategy sampled 20 clients (out of 100)
[2024-03-21 06:53:07,938][flwr][DEBUG] - fit_round 14 received 20 results and 0 failures
[2024-03-21 06:53:10,869][flwr][INFO] - fit progress: (14, 0.3406935119180439, {'test_accuracy': 0.7025}, 15652.71564654191)
[2024-03-21 06:53:10,869][flwr][INFO] - Sampled the following clients: ['66', '63', '38', '1', '49', '64', '88', '36', '51', '50', '18', '73', '56', '35', '99', '11', '44', '26', '4', '53']
[2024-03-21 06:53:10,869][flwr][DEBUG] - evaluate_round 14: strategy sampled 20 clients (out of 100)
[2024-03-21 06:53:11,262][flwr][DEBUG] - evaluate_round 14 received 20 results and 0 failures
[2024-03-21 06:53:11,287][flwr][INFO] - Sampled the following clients: ['81', '77', '91', '7', '30', '98', '69', '55', '1', '17', '73', '59', '9', '97', '2', '65', '38', '24', '6', '64']
[2024-03-21 06:53:11,287][flwr][DEBUG] - fit_round 15: strategy sampled 20 clients (out of 100)
[2024-03-21 07:10:01,421][flwr][DEBUG] - fit_round 15 received 20 results and 0 failures
[2024-03-21 07:10:04,367][flwr][INFO] - fit progress: (15, nan, {'test_accuracy': 0.0}, 16666.168442332884)
[2024-03-21 07:10:04,367][flwr][INFO] - Sampled the following clients: ['22', '29', '58', '6', '55', '69', '75', '72', '19', '17', '98', '76', '28', '67', '97', '25', '82', '31', '18', '52']
[2024-03-21 07:10:04,367][flwr][DEBUG] - evaluate_round 15: strategy sampled 20 clients (out of 100)
[2024-03-21 07:10:04,743][flwr][DEBUG] - evaluate_round 15 received 20 results and 0 failures
[2024-03-21 07:10:04,759][flwr][INFO] - Sampled the following clients: ['98', '8', '0', '77', '49', '40', '13', '33', '67', '34', '91', '54', '96', '82', '7', '60', '10', '97', '42', '83']
[2024-03-21 07:10:04,759][flwr][DEBUG] - fit_round 16: strategy sampled 20 clients (out of 100)
[2024-03-21 07:10:09,246][flwr][DEBUG] - fit_round 16 received 20 results and 0 failures
[2024-03-21 07:10:12,203][flwr][INFO] - fit progress: (16, nan, {'test_accuracy': 0.0}, 16674.004871457815)
[2024-03-21 07:10:12,203][flwr][INFO] - Sampled the following clients: ['31', '79', '78', '41', '89', '22', '94', '72', '76', '68', '75', '34', '87', '13', '39', '96', '25', '64', '69', '40']
[2024-03-21 07:10:12,203][flwr][DEBUG] - evaluate_round 16: strategy sampled 20 clients (out of 100)
[2024-03-21 07:10:12,613][flwr][DEBUG] - evaluate_round 16 received 20 results and 0 failures
[2024-03-21 07:10:12,625][flwr][INFO] - Sampled the following clients: ['43', '99', '52', '16', '65', '90', '33', '86', '37', '13', '74', '11', '88', '14', '59', '97', '3', '22', '47', '1']
[2024-03-21 07:10:12,625][flwr][DEBUG] - fit_round 17: strategy sampled 20 clients (out of 100)
[2024-03-21 07:10:17,103][flwr][DEBUG] - fit_round 17 received 20 results and 0 failures
[2024-03-21 07:10:20,079][flwr][INFO] - fit progress: (17, nan, {'test_accuracy': 0.0}, 16681.880740833003)
[2024-03-21 07:10:20,079][flwr][INFO] - Sampled the following clients: ['4', '86', '47', '48', '13', '14', '62', '94', '7', '38', '53', '95', '59', '1', '8', '27', '19', '29', '78', '41']
[2024-03-21 07:10:20,079][flwr][DEBUG] - evaluate_round 17: strategy sampled 20 clients (out of 100)
[2024-03-21 07:10:20,433][flwr][DEBUG] - evaluate_round 17 received 20 results and 0 failures
[2024-03-21 07:10:20,445][flwr][INFO] - Sampled the following clients: ['15', '59', '14', '63', '45', '24', '18', '87', '51', '70', '81', '13', '6', '55', '74', '17', '50', '48', '96', '16']
[2024-03-21 07:10:20,445][flwr][DEBUG] - fit_round 18: strategy sampled 20 clients (out of 100)
[2024-03-21 07:10:24,921][flwr][DEBUG] - fit_round 18 received 20 results and 0 failures
[2024-03-21 07:10:27,875][flwr][INFO] - fit progress: (18, nan, {'test_accuracy': 0.0}, 16689.677034207853)
[2024-03-21 07:10:27,876][flwr][INFO] - Sampled the following clients: ['22', '64', '81', '52', '47', '10', '96', '98', '34', '44', '7', '57', '62', '31', '14', '54', '90', '43', '37', '1']
[2024-03-21 07:10:27,876][flwr][DEBUG] - evaluate_round 18: strategy sampled 20 clients (out of 100)
[2024-03-21 07:10:28,227][flwr][DEBUG] - evaluate_round 18 received 20 results and 0 failures
[2024-03-21 07:10:28,240][flwr][INFO] - Sampled the following clients: ['10', '22', '16', '91', '66', '86', '77', '36', '59', '78', '83', '72', '47', '12', '40', '29', '52', '58', '65', '51']
[2024-03-21 07:10:28,240][flwr][DEBUG] - fit_round 19: strategy sampled 20 clients (out of 100)
[2024-03-21 07:10:32,837][flwr][DEBUG] - fit_round 19 received 20 results and 0 failures
[2024-03-21 07:10:35,785][flwr][INFO] - fit progress: (19, nan, {'test_accuracy': 0.0}, 16697.586632582825)
[2024-03-21 07:10:35,785][flwr][INFO] - Sampled the following clients: ['80', '46', '34', '40', '81', '49', '66', '79', '62', '29', '51', '38', '90', '85', '59', '8', '17', '10', '27', '87']
[2024-03-21 07:10:35,785][flwr][DEBUG] - evaluate_round 19: strategy sampled 20 clients (out of 100)
[2024-03-21 07:10:36,142][flwr][DEBUG] - evaluate_round 19 received 20 results and 0 failures
[2024-03-21 07:10:36,149][flwr][INFO] - Sampled the following clients: ['3', '65', '59', '57', '35', '33', '26', '96', '69', '87', '5', '1', '76', '56', '24', '58', '47', '62', '49', '9']
[2024-03-21 07:10:36,149][flwr][DEBUG] - fit_round 20: strategy sampled 20 clients (out of 100)
[2024-03-21 07:10:40,820][flwr][DEBUG] - fit_round 20 received 20 results and 0 failures
[2024-03-21 07:10:43,763][flwr][INFO] - fit progress: (20, nan, {'test_accuracy': 0.0}, 16705.564204999944)
[2024-03-21 07:10:43,763][flwr][INFO] - Sampled the following clients: ['54', '72', '45', '62', '50', '19', '92', '75', '32', '95', '20', '93', '11', '15', '98', '24', '13', '9', '4', '87']
[2024-03-21 07:10:43,763][flwr][DEBUG] - evaluate_round 20: strategy sampled 20 clients (out of 100)
[2024-03-21 07:10:44,122][flwr][DEBUG] - evaluate_round 20 received 20 results and 0 failures
[2024-03-21 07:10:44,130][flwr][INFO] - Sampled the following clients: ['89', '9', '33', '36', '47', '52', '19', '96', '10', '16', '51', '37', '26', '2', '20', '98', '79', '63', '40', '31']
[2024-03-21 07:10:44,130][flwr][DEBUG] - fit_round 21: strategy sampled 20 clients (out of 100)
[2024-03-21 07:10:48,503][flwr][DEBUG] - fit_round 21 received 20 results and 0 failures
[2024-03-21 07:10:51,496][flwr][INFO] - fit progress: (21, nan, {'test_accuracy': 0.0}, 16713.297784249997)
[2024-03-21 07:10:51,497][flwr][INFO] - Sampled the following clients: ['23', '55', '78', '82', '84', '32', '22', '15', '50', '93', '89', '69', '43', '34', '98', '37', '60', '67', '79', '40']
[2024-03-21 07:10:51,497][flwr][DEBUG] - evaluate_round 21: strategy sampled 20 clients (out of 100)
[2024-03-21 07:10:51,859][flwr][DEBUG] - evaluate_round 21 received 20 results and 0 failures
[2024-03-21 07:10:51,874][flwr][INFO] - Sampled the following clients: ['8', '82', '48', '27', '33', '75', '7', '16', '67', '53', '14', '12', '4', '22', '61', '84', '42', '59', '17', '56']
[2024-03-21 07:10:51,874][flwr][DEBUG] - fit_round 22: strategy sampled 20 clients (out of 100)
[2024-03-21 07:10:56,332][flwr][DEBUG] - fit_round 22 received 20 results and 0 failures
[2024-03-21 07:10:59,272][flwr][INFO] - fit progress: (22, nan, {'test_accuracy': 0.0}, 16721.072772999993)
[2024-03-21 07:10:59,272][flwr][INFO] - Sampled the following clients: ['15', '65', '3', '0', '82', '88', '35', '78', '71', '25', '12', '8', '10', '14', '24', '45', '21', '72', '80', '93']
[2024-03-21 07:10:59,272][flwr][DEBUG] - evaluate_round 22: strategy sampled 20 clients (out of 100)
[2024-03-21 07:10:59,620][flwr][DEBUG] - evaluate_round 22 received 20 results and 0 failures
[2024-03-21 07:10:59,636][flwr][INFO] - Sampled the following clients: ['72', '74', '69', '17', '64', '22', '25', '21', '62', '48', '36', '0', '56', '93', '39', '71', '15', '13', '40', '49']
[2024-03-21 07:10:59,636][flwr][DEBUG] - fit_round 23: strategy sampled 20 clients (out of 100)
[2024-03-21 07:11:04,095][flwr][DEBUG] - fit_round 23 received 20 results and 0 failures
[2024-03-21 07:11:07,032][flwr][INFO] - fit progress: (23, nan, {'test_accuracy': 0.0}, 16728.83330195793)
[2024-03-21 07:11:07,032][flwr][INFO] - Sampled the following clients: ['74', '51', '53', '22', '48', '35', '12', '38', '10', '85', '18', '73', '65', '19', '71', '89', '72', '44', '70', '80']
[2024-03-21 07:11:07,032][flwr][DEBUG] - evaluate_round 23: strategy sampled 20 clients (out of 100)
[2024-03-21 07:11:07,381][flwr][DEBUG] - evaluate_round 23 received 20 results and 0 failures
[2024-03-21 07:11:07,398][flwr][INFO] - Sampled the following clients: ['80', '68', '69', '42', '85', '22', '21', '86', '50', '41', '62', '96', '67', '4', '77', '39', '87', '34', '35', '98']
[2024-03-21 07:11:07,398][flwr][DEBUG] - fit_round 24: strategy sampled 20 clients (out of 100)
[2024-03-21 07:11:12,034][flwr][DEBUG] - fit_round 24 received 20 results and 0 failures
[2024-03-21 07:11:14,994][flwr][INFO] - fit progress: (24, nan, {'test_accuracy': 0.0}, 16736.795382832875)
[2024-03-21 07:11:14,994][flwr][INFO] - Sampled the following clients: ['71', '53', '49', '52', '73', '64', '56', '93', '46', '69', '19', '77', '51', '28', '23', '36', '81', '84', '50', '22']
[2024-03-21 07:11:14,995][flwr][DEBUG] - evaluate_round 24: strategy sampled 20 clients (out of 100)
[2024-03-21 07:11:15,364][flwr][DEBUG] - evaluate_round 24 received 20 results and 0 failures
[2024-03-21 07:11:15,370][flwr][INFO] - Sampled the following clients: ['4', '13', '90', '89', '72', '65', '19', '34', '54', '67', '93', '46', '23', '44', '66', '56', '2', '57', '20', '48']
[2024-03-21 07:11:15,370][flwr][DEBUG] - fit_round 25: strategy sampled 20 clients (out of 100)
[2024-03-21 07:11:19,738][flwr][DEBUG] - fit_round 25 received 20 results and 0 failures
[2024-03-21 07:11:22,712][flwr][INFO] - fit progress: (25, nan, {'test_accuracy': 0.0}, 16744.513318249956)
[2024-03-21 07:11:22,713][flwr][INFO] - Sampled the following clients: ['95', '92', '16', '83', '8', '81', '88', '20', '22', '33', '68', '1', '82', '10', '62', '23', '25', '89', '93', '97']
[2024-03-21 07:11:22,713][flwr][DEBUG] - evaluate_round 25: strategy sampled 20 clients (out of 100)
[2024-03-21 07:11:23,074][flwr][DEBUG] - evaluate_round 25 received 20 results and 0 failures
[2024-03-21 07:11:23,081][flwr][INFO] - Sampled the following clients: ['80', '30', '19', '71', '10', '52', '47', '50', '75', '21', '76', '12', '43', '8', '89', '96', '68', '26', '17', '3']
[2024-03-21 07:11:23,081][flwr][DEBUG] - fit_round 26: strategy sampled 20 clients (out of 100)
[2024-03-21 07:11:27,530][flwr][DEBUG] - fit_round 26 received 20 results and 0 failures
[2024-03-21 07:11:30,479][flwr][INFO] - fit progress: (26, nan, {'test_accuracy': 0.0}, 16752.279636749998)
[2024-03-21 07:11:30,479][flwr][INFO] - Sampled the following clients: ['78', '98', '35', '8', '97', '32', '12', '86', '47', '84', '89', '95', '14', '43', '93', '54', '80', '75', '9', '85']
[2024-03-21 07:11:30,479][flwr][DEBUG] - evaluate_round 26: strategy sampled 20 clients (out of 100)
[2024-03-21 07:11:30,844][flwr][DEBUG] - evaluate_round 26 received 20 results and 0 failures
[2024-03-21 07:11:30,854][flwr][INFO] - Sampled the following clients: ['11', '6', '37', '78', '2', '7', '8', '42', '59', '53', '98', '14', '28', '96', '56', '67', '41', '15', '30', '55']
[2024-03-21 07:11:30,854][flwr][DEBUG] - fit_round 27: strategy sampled 20 clients (out of 100)
[2024-03-21 07:11:35,369][flwr][DEBUG] - fit_round 27 received 20 results and 0 failures
[2024-03-21 07:11:38,308][flwr][INFO] - fit progress: (27, nan, {'test_accuracy': 0.0}, 16760.10866362485)
[2024-03-21 07:11:38,308][flwr][INFO] - Sampled the following clients: ['65', '68', '37', '48', '52', '95', '45', '63', '16', '38', '74', '56', '18', '3', '66', '42', '62', '5', '84', '33']
[2024-03-21 07:11:38,308][flwr][DEBUG] - evaluate_round 27: strategy sampled 20 clients (out of 100)
[2024-03-21 07:11:38,669][flwr][DEBUG] - evaluate_round 27 received 20 results and 0 failures
[2024-03-21 07:11:38,680][flwr][INFO] - Sampled the following clients: ['7', '83', '60', '6', '34', '32', '9', '97', '4', '47', '78', '48', '76', '61', '51', '13', '54', '5', '64', '87']
[2024-03-21 07:11:38,680][flwr][DEBUG] - fit_round 28: strategy sampled 20 clients (out of 100)
[2024-03-21 07:11:43,133][flwr][DEBUG] - fit_round 28 received 20 results and 0 failures
[2024-03-21 07:11:46,112][flwr][INFO] - fit progress: (28, nan, {'test_accuracy': 0.0}, 16767.912392332917)
[2024-03-21 07:11:46,112][flwr][INFO] - Sampled the following clients: ['86', '56', '65', '49', '79', '64', '26', '16', '80', '12', '45', '57', '0', '98', '31', '88', '42', '75', '24', '34']
[2024-03-21 07:11:46,112][flwr][DEBUG] - evaluate_round 28: strategy sampled 20 clients (out of 100)
[2024-03-21 07:11:46,485][flwr][DEBUG] - evaluate_round 28 received 20 results and 0 failures
[2024-03-21 07:11:46,499][flwr][INFO] - Sampled the following clients: ['55', '93', '3', '89', '74', '95', '29', '14', '83', '45', '96', '9', '36', '41', '21', '42', '71', '27', '46', '63']
[2024-03-21 07:11:46,499][flwr][DEBUG] - fit_round 29: strategy sampled 20 clients (out of 100)
[2024-03-21 07:11:50,878][flwr][DEBUG] - fit_round 29 received 20 results and 0 failures
[2024-03-21 07:11:53,823][flwr][INFO] - fit progress: (29, nan, {'test_accuracy': 0.0}, 16775.623601707863)
[2024-03-21 07:11:53,823][flwr][INFO] - Sampled the following clients: ['49', '70', '77', '4', '6', '48', '46', '63', '75', '25', '61', '66', '83', '88', '13', '85', '84', '18', '38', '39']
[2024-03-21 07:11:53,823][flwr][DEBUG] - evaluate_round 29: strategy sampled 20 clients (out of 100)
[2024-03-21 07:11:54,195][flwr][DEBUG] - evaluate_round 29 received 20 results and 0 failures
[2024-03-21 07:11:54,201][flwr][INFO] - Sampled the following clients: ['99', '18', '38', '15', '22', '59', '66', '19', '64', '96', '78', '26', '11', '5', '68', '33', '42', '62', '86', '35']
[2024-03-21 07:11:54,201][flwr][DEBUG] - fit_round 30: strategy sampled 20 clients (out of 100)
[2024-03-21 07:11:58,647][flwr][DEBUG] - fit_round 30 received 20 results and 0 failures
[2024-03-21 07:12:01,599][flwr][INFO] - fit progress: (30, nan, {'test_accuracy': 0.0}, 16783.399234624812)
[2024-03-21 07:12:01,599][flwr][INFO] - Sampled the following clients: ['74', '89', '15', '44', '54', '58', '5', '62', '63', '30', '55', '45', '56', '69', '2', '38', '67', '11', '37', '3']
[2024-03-21 07:12:01,599][flwr][DEBUG] - evaluate_round 30: strategy sampled 20 clients (out of 100)
[2024-03-21 07:12:01,951][flwr][DEBUG] - evaluate_round 30 received 20 results and 0 failures
[2024-03-21 07:12:01,968][flwr][INFO] - Sampled the following clients: ['76', '17', '34', '45', '93', '8', '25', '96', '98', '91', '18', '29', '85', '68', '55', '20', '9', '95', '14', '26']
[2024-03-21 07:12:01,968][flwr][DEBUG] - fit_round 31: strategy sampled 20 clients (out of 100)
[2024-03-21 07:12:06,552][flwr][DEBUG] - fit_round 31 received 20 results and 0 failures
[2024-03-21 07:12:09,536][flwr][INFO] - fit progress: (31, nan, {'test_accuracy': 0.0}, 16791.33613770781)
[2024-03-21 07:12:09,536][flwr][INFO] - Sampled the following clients: ['64', '36', '62', '47', '5', '75', '48', '0', '13', '25', '8', '95', '38', '18', '70', '60', '30', '72', '87', '41']
[2024-03-21 07:12:09,536][flwr][DEBUG] - evaluate_round 31: strategy sampled 20 clients (out of 100)
[2024-03-21 07:12:09,889][flwr][DEBUG] - evaluate_round 31 received 20 results and 0 failures
[2024-03-21 07:12:09,895][flwr][INFO] - Sampled the following clients: ['98', '87', '24', '22', '59', '20', '42', '80', '39', '53', '97', '67', '38', '14', '45', '48', '3', '54', '16', '62']
[2024-03-21 07:12:09,895][flwr][DEBUG] - fit_round 32: strategy sampled 20 clients (out of 100)
[2024-03-21 07:12:14,336][flwr][DEBUG] - fit_round 32 received 20 results and 0 failures
[2024-03-21 07:12:17,375][flwr][INFO] - fit progress: (32, nan, {'test_accuracy': 0.0}, 16799.17525624996)
[2024-03-21 07:12:17,375][flwr][INFO] - Sampled the following clients: ['27', '63', '8', '0', '1', '50', '59', '44', '49', '89', '64', '55', '9', '66', '71', '16', '42', '34', '87', '99']
[2024-03-21 07:12:17,375][flwr][DEBUG] - evaluate_round 32: strategy sampled 20 clients (out of 100)
[2024-03-21 07:12:17,743][flwr][DEBUG] - evaluate_round 32 received 20 results and 0 failures
[2024-03-21 07:12:17,759][flwr][INFO] - Sampled the following clients: ['14', '44', '54', '95', '61', '12', '49', '91', '7', '98', '30', '50', '72', '82', '41', '11', '52', '13', '18', '28']
[2024-03-21 07:12:17,759][flwr][DEBUG] - fit_round 33: strategy sampled 20 clients (out of 100)
[2024-03-21 07:12:22,428][flwr][DEBUG] - fit_round 33 received 20 results and 0 failures
[2024-03-21 07:12:25,350][flwr][INFO] - fit progress: (33, nan, {'test_accuracy': 0.0}, 16807.150020082947)
[2024-03-21 07:12:25,350][flwr][INFO] - Sampled the following clients: ['50', '19', '85', '14', '94', '33', '56', '68', '51', '58', '70', '16', '45', '9', '63', '11', '31', '4', '27', '22']
[2024-03-21 07:12:25,350][flwr][DEBUG] - evaluate_round 33: strategy sampled 20 clients (out of 100)
[2024-03-21 07:12:25,716][flwr][DEBUG] - evaluate_round 33 received 20 results and 0 failures
[2024-03-21 07:12:25,723][flwr][INFO] - Sampled the following clients: ['70', '39', '19', '91', '11', '40', '72', '13', '97', '71', '66', '2', '58', '4', '23', '84', '27', '16', '96', '44']
[2024-03-21 07:12:25,723][flwr][DEBUG] - fit_round 34: strategy sampled 20 clients (out of 100)
[2024-03-21 07:12:30,196][flwr][DEBUG] - fit_round 34 received 20 results and 0 failures
[2024-03-21 07:12:33,169][flwr][INFO] - fit progress: (34, nan, {'test_accuracy': 0.0}, 16814.969429832883)
[2024-03-21 07:12:33,169][flwr][INFO] - Sampled the following clients: ['54', '29', '22', '96', '66', '31', '55', '98', '79', '93', '63', '78', '50', '65', '20', '46', '64', '0', '76', '97']
[2024-03-21 07:12:33,170][flwr][DEBUG] - evaluate_round 34: strategy sampled 20 clients (out of 100)
[2024-03-21 07:12:33,533][flwr][DEBUG] - evaluate_round 34 received 20 results and 0 failures
[2024-03-21 07:12:33,549][flwr][INFO] - Sampled the following clients: ['88', '95', '18', '78', '63', '85', '26', '15', '66', '96', '6', '45', '22', '71', '79', '60', '62', '76', '32', '83']
[2024-03-21 07:12:33,549][flwr][DEBUG] - fit_round 35: strategy sampled 20 clients (out of 100)
[2024-03-21 07:12:38,055][flwr][DEBUG] - fit_round 35 received 20 results and 0 failures
[2024-03-21 07:12:41,023][flwr][INFO] - fit progress: (35, nan, {'test_accuracy': 0.0}, 16822.823413207894)
[2024-03-21 07:12:41,024][flwr][INFO] - Sampled the following clients: ['45', '73', '56', '26', '59', '33', '1', '74', '49', '5', '89', '68', '35', '79', '39', '42', '70', '14', '9', '21']
[2024-03-21 07:12:41,024][flwr][DEBUG] - evaluate_round 35: strategy sampled 20 clients (out of 100)
[2024-03-21 07:12:41,389][flwr][DEBUG] - evaluate_round 35 received 20 results and 0 failures
[2024-03-21 07:12:41,402][flwr][INFO] - Sampled the following clients: ['15', '4', '63', '45', '75', '46', '90', '99', '12', '8', '60', '0', '80', '21', '54', '11', '30', '82', '22', '65']
[2024-03-21 07:12:41,402][flwr][DEBUG] - fit_round 36: strategy sampled 20 clients (out of 100)
[2024-03-21 07:12:45,930][flwr][DEBUG] - fit_round 36 received 20 results and 0 failures
[2024-03-21 07:12:48,864][flwr][INFO] - fit progress: (36, nan, {'test_accuracy': 0.0}, 16830.664203458)
[2024-03-21 07:12:48,864][flwr][INFO] - Sampled the following clients: ['18', '16', '70', '28', '4', '48', '55', '42', '68', '11', '57', '53', '20', '59', '82', '10', '94', '5', '38', '51']
[2024-03-21 07:12:48,865][flwr][DEBUG] - evaluate_round 36: strategy sampled 20 clients (out of 100)
[2024-03-21 07:12:49,235][flwr][DEBUG] - evaluate_round 36 received 20 results and 0 failures
[2024-03-21 07:12:49,248][flwr][INFO] - Sampled the following clients: ['55', '2', '38', '34', '26', '66', '29', '63', '19', '82', '78', '25', '70', '68', '93', '52', '31', '35', '73', '41']
[2024-03-21 07:12:49,248][flwr][DEBUG] - fit_round 37: strategy sampled 20 clients (out of 100)
[2024-03-21 07:12:53,721][flwr][DEBUG] - fit_round 37 received 20 results and 0 failures
[2024-03-21 07:12:56,667][flwr][INFO] - fit progress: (37, nan, {'test_accuracy': 0.0}, 16838.4669209579)
[2024-03-21 07:12:56,667][flwr][INFO] - Sampled the following clients: ['17', '3', '16', '25', '53', '66', '67', '44', '47', '41', '0', '18', '65', '76', '92', '50', '33', '22', '34', '26']
[2024-03-21 07:12:56,667][flwr][DEBUG] - evaluate_round 37: strategy sampled 20 clients (out of 100)
[2024-03-21 07:12:57,007][flwr][DEBUG] - evaluate_round 37 received 20 results and 0 failures
[2024-03-21 07:12:57,020][flwr][INFO] - Sampled the following clients: ['49', '24', '86', '91', '5', '65', '13', '54', '10', '20', '56', '95', '31', '50', '11', '34', '39', '74', '32', '52']
[2024-03-21 07:12:57,020][flwr][DEBUG] - fit_round 38: strategy sampled 20 clients (out of 100)
[2024-03-21 07:13:01,542][flwr][DEBUG] - fit_round 38 received 20 results and 0 failures
[2024-03-21 07:13:04,513][flwr][INFO] - fit progress: (38, nan, {'test_accuracy': 0.0}, 16846.31294262479)
[2024-03-21 07:13:04,513][flwr][INFO] - Sampled the following clients: ['17', '93', '68', '88', '13', '28', '20', '83', '84', '87', '76', '37', '60', '64', '70', '96', '30', '95', '98', '6']
[2024-03-21 07:13:04,513][flwr][DEBUG] - evaluate_round 38: strategy sampled 20 clients (out of 100)
[2024-03-21 07:13:04,860][flwr][DEBUG] - evaluate_round 38 received 20 results and 0 failures
[2024-03-21 07:13:04,873][flwr][INFO] - Sampled the following clients: ['67', '2', '30', '74', '62', '82', '22', '35', '14', '9', '57', '8', '99', '33', '19', '90', '23', '66', '58', '37']
[2024-03-21 07:13:04,873][flwr][DEBUG] - fit_round 39: strategy sampled 20 clients (out of 100)
[2024-03-21 07:13:09,406][flwr][DEBUG] - fit_round 39 received 20 results and 0 failures
[2024-03-21 07:13:12,353][flwr][INFO] - fit progress: (39, nan, {'test_accuracy': 0.0}, 16854.152187541826)
[2024-03-21 07:13:12,353][flwr][INFO] - Sampled the following clients: ['26', '67', '91', '27', '71', '15', '41', '17', '6', '46', '59', '31', '22', '40', '83', '65', '56', '39', '80', '53']
[2024-03-21 07:13:12,353][flwr][DEBUG] - evaluate_round 39: strategy sampled 20 clients (out of 100)
[2024-03-21 07:13:12,715][flwr][DEBUG] - evaluate_round 39 received 20 results and 0 failures
[2024-03-21 07:13:12,727][flwr][INFO] - Sampled the following clients: ['61', '85', '96', '57', '44', '65', '94', '62', '39', '73', '7', '18', '74', '75', '88', '98', '16', '83', '34', '68']
[2024-03-21 07:13:12,727][flwr][DEBUG] - fit_round 40: strategy sampled 20 clients (out of 100)
[2024-03-21 07:13:17,210][flwr][DEBUG] - fit_round 40 received 20 results and 0 failures
[2024-03-21 07:13:20,164][flwr][INFO] - fit progress: (40, nan, {'test_accuracy': 0.0}, 16861.963548749918)
[2024-03-21 07:13:20,164][flwr][INFO] - Sampled the following clients: ['72', '27', '76', '82', '39', '25', '50', '61', '74', '54', '92', '46', '13', '77', '91', '90', '60', '40', '99', '71']
[2024-03-21 07:13:20,164][flwr][DEBUG] - evaluate_round 40: strategy sampled 20 clients (out of 100)
[2024-03-21 07:13:20,511][flwr][DEBUG] - evaluate_round 40 received 20 results and 0 failures
[2024-03-21 07:13:20,523][flwr][INFO] - Sampled the following clients: ['21', '93', '32', '23', '39', '55', '34', '81', '20', '88', '82', '94', '3', '87', '25', '66', '70', '99', '7', '45']
[2024-03-21 07:13:20,523][flwr][DEBUG] - fit_round 41: strategy sampled 20 clients (out of 100)
[2024-03-21 07:13:25,035][flwr][DEBUG] - fit_round 41 received 20 results and 0 failures
[2024-03-21 07:13:27,981][flwr][INFO] - fit progress: (41, nan, {'test_accuracy': 0.0}, 16869.780144332908)
[2024-03-21 07:13:27,981][flwr][INFO] - Sampled the following clients: ['38', '70', '59', '23', '24', '20', '12', '86', '73', '81', '49', '68', '51', '71', '85', '0', '80', '41', '61', '7']
[2024-03-21 07:13:27,981][flwr][DEBUG] - evaluate_round 41: strategy sampled 20 clients (out of 100)
[2024-03-21 07:13:28,327][flwr][DEBUG] - evaluate_round 41 received 20 results and 0 failures
[2024-03-21 07:13:28,341][flwr][INFO] - Sampled the following clients: ['45', '12', '91', '6', '85', '56', '8', '5', '13', '47', '43', '18', '88', '66', '29', '35', '58', '53', '34', '17']
[2024-03-21 07:13:28,341][flwr][DEBUG] - fit_round 42: strategy sampled 20 clients (out of 100)
[2024-03-21 07:13:32,914][flwr][DEBUG] - fit_round 42 received 20 results and 0 failures
[2024-03-21 07:13:35,911][flwr][INFO] - fit progress: (42, nan, {'test_accuracy': 0.0}, 16877.710769249825)
[2024-03-21 07:13:35,912][flwr][INFO] - Sampled the following clients: ['86', '7', '1', '93', '81', '61', '60', '88', '62', '40', '69', '35', '44', '90', '79', '53', '21', '50', '26', '58']
[2024-03-21 07:13:35,912][flwr][DEBUG] - evaluate_round 42: strategy sampled 20 clients (out of 100)
[2024-03-21 07:13:36,264][flwr][DEBUG] - evaluate_round 42 received 20 results and 0 failures
[2024-03-21 07:13:36,278][flwr][INFO] - Sampled the following clients: ['90', '25', '82', '35', '51', '3', '97', '84', '10', '37', '6', '15', '86', '38', '5', '85', '1', '17', '42', '29']
[2024-03-21 07:13:36,278][flwr][DEBUG] - fit_round 43: strategy sampled 20 clients (out of 100)
[2024-03-21 07:13:40,705][flwr][DEBUG] - fit_round 43 received 20 results and 0 failures
[2024-03-21 07:13:43,689][flwr][INFO] - fit progress: (43, nan, {'test_accuracy': 0.0}, 16885.487964124884)
[2024-03-21 07:13:43,689][flwr][INFO] - Sampled the following clients: ['13', '44', '9', '42', '82', '12', '69', '50', '48', '21', '45', '95', '71', '34', '46', '59', '93', '22', '64', '10']
[2024-03-21 07:13:43,689][flwr][DEBUG] - evaluate_round 43: strategy sampled 20 clients (out of 100)
[2024-03-21 07:13:44,060][flwr][DEBUG] - evaluate_round 43 received 20 results and 0 failures
[2024-03-21 07:13:44,070][flwr][INFO] - Sampled the following clients: ['79', '7', '85', '69', '34', '87', '66', '25', '27', '52', '55', '38', '75', '30', '43', '91', '95', '40', '17', '35']
[2024-03-21 07:13:44,070][flwr][DEBUG] - fit_round 44: strategy sampled 20 clients (out of 100)
[2024-03-21 07:13:48,635][flwr][DEBUG] - fit_round 44 received 20 results and 0 failures
[2024-03-21 07:13:51,584][flwr][INFO] - fit progress: (44, nan, {'test_accuracy': 0.0}, 16893.38332845783)
[2024-03-21 07:13:51,585][flwr][INFO] - Sampled the following clients: ['37', '73', '34', '63', '55', '66', '58', '24', '86', '93', '80', '32', '59', '83', '88', '12', '9', '13', '29', '14']
[2024-03-21 07:13:51,585][flwr][DEBUG] - evaluate_round 44: strategy sampled 20 clients (out of 100)
[2024-03-21 07:13:51,931][flwr][DEBUG] - evaluate_round 44 received 20 results and 0 failures
[2024-03-21 07:13:51,945][flwr][INFO] - Sampled the following clients: ['87', '5', '38', '6', '65', '3', '30', '52', '29', '57', '22', '83', '70', '7', '40', '58', '8', '63', '99', '56']
[2024-03-21 07:13:51,945][flwr][DEBUG] - fit_round 45: strategy sampled 20 clients (out of 100)
[2024-03-21 07:13:56,365][flwr][DEBUG] - fit_round 45 received 20 results and 0 failures
[2024-03-21 07:13:59,348][flwr][INFO] - fit progress: (45, nan, {'test_accuracy': 0.0}, 16901.146927875)
[2024-03-21 07:13:59,348][flwr][INFO] - Sampled the following clients: ['41', '34', '97', '31', '24', '28', '45', '16', '89', '73', '10', '43', '90', '60', '57', '32', '3', '78', '50', '40']
[2024-03-21 07:13:59,348][flwr][DEBUG] - evaluate_round 45: strategy sampled 20 clients (out of 100)
[2024-03-21 07:13:59,700][flwr][DEBUG] - evaluate_round 45 received 20 results and 0 failures
[2024-03-21 07:13:59,721][flwr][INFO] - Sampled the following clients: ['73', '34', '72', '36', '14', '39', '21', '86', '37', '3', '26', '92', '4', '24', '81', '50', '67', '52', '40', '94']
[2024-03-21 07:13:59,721][flwr][DEBUG] - fit_round 46: strategy sampled 20 clients (out of 100)
[2024-03-21 07:14:04,169][flwr][DEBUG] - fit_round 46 received 20 results and 0 failures
[2024-03-21 07:14:07,148][flwr][INFO] - fit progress: (46, nan, {'test_accuracy': 0.0}, 16908.947274707956)
[2024-03-21 07:14:07,149][flwr][INFO] - Sampled the following clients: ['67', '47', '19', '92', '73', '38', '6', '10', '61', '60', '7', '79', '93', '52', '58', '62', '56', '63', '33', '31']
[2024-03-21 07:14:07,149][flwr][DEBUG] - evaluate_round 46: strategy sampled 20 clients (out of 100)
[2024-03-21 07:14:07,521][flwr][DEBUG] - evaluate_round 46 received 20 results and 0 failures
[2024-03-21 07:14:07,530][flwr][INFO] - Sampled the following clients: ['99', '64', '61', '8', '97', '42', '88', '57', '44', '46', '32', '11', '49', '20', '28', '60', '40', '10', '69', '80']
[2024-03-21 07:14:07,530][flwr][DEBUG] - fit_round 47: strategy sampled 20 clients (out of 100)
[2024-03-21 07:14:12,155][flwr][DEBUG] - fit_round 47 received 20 results and 0 failures
[2024-03-21 07:14:15,109][flwr][INFO] - fit progress: (47, nan, {'test_accuracy': 0.0}, 16916.90798045788)
[2024-03-21 07:14:15,110][flwr][INFO] - Sampled the following clients: ['3', '31', '95', '17', '53', '18', '88', '37', '40', '64', '24', '30', '67', '85', '58', '90', '45', '74', '11', '65']
[2024-03-21 07:14:15,110][flwr][DEBUG] - evaluate_round 47: strategy sampled 20 clients (out of 100)
[2024-03-21 07:14:15,493][flwr][DEBUG] - evaluate_round 47 received 20 results and 0 failures
[2024-03-21 07:14:15,499][flwr][INFO] - Sampled the following clients: ['55', '48', '40', '10', '67', '39', '26', '58', '11', '93', '89', '3', '51', '35', '12', '59', '52', '72', '99', '53']
[2024-03-21 07:14:15,499][flwr][DEBUG] - fit_round 48: strategy sampled 20 clients (out of 100)
[2024-03-21 07:14:20,010][flwr][DEBUG] - fit_round 48 received 20 results and 0 failures
[2024-03-21 07:14:22,960][flwr][INFO] - fit progress: (48, nan, {'test_accuracy': 0.0}, 16924.75886920793)
[2024-03-21 07:14:22,961][flwr][INFO] - Sampled the following clients: ['82', '2', '84', '6', '17', '65', '46', '19', '38', '47', '85', '14', '74', '27', '43', '95', '83', '52', '49', '89']
[2024-03-21 07:14:22,961][flwr][DEBUG] - evaluate_round 48: strategy sampled 20 clients (out of 100)
[2024-03-21 07:14:23,325][flwr][DEBUG] - evaluate_round 48 received 20 results and 0 failures
[2024-03-21 07:14:23,337][flwr][INFO] - Sampled the following clients: ['20', '50', '8', '97', '24', '32', '89', '46', '63', '65', '83', '6', '40', '66', '47', '9', '68', '61', '7', '93']
[2024-03-21 07:14:23,337][flwr][DEBUG] - fit_round 49: strategy sampled 20 clients (out of 100)
[2024-03-21 07:14:27,705][flwr][DEBUG] - fit_round 49 received 20 results and 0 failures
[2024-03-21 07:14:30,697][flwr][INFO] - fit progress: (49, nan, {'test_accuracy': 0.0}, 16932.495549582876)
[2024-03-21 07:14:30,697][flwr][INFO] - Sampled the following clients: ['25', '15', '92', '57', '34', '79', '41', '59', '93', '42', '4', '86', '95', '50', '71', '22', '8', '20', '17', '96']
[2024-03-21 07:14:30,697][flwr][DEBUG] - evaluate_round 49: strategy sampled 20 clients (out of 100)
[2024-03-21 07:14:31,052][flwr][DEBUG] - evaluate_round 49 received 20 results and 0 failures
[2024-03-21 07:14:31,061][flwr][INFO] - Sampled the following clients: ['48', '9', '22', '82', '71', '57', '19', '34', '15', '7', '68', '56', '89', '78', '31', '74', '18', '62', '36', '3']
[2024-03-21 07:14:31,061][flwr][DEBUG] - fit_round 50: strategy sampled 20 clients (out of 100)
[2024-03-21 07:14:35,499][flwr][DEBUG] - fit_round 50 received 20 results and 0 failures
[2024-03-21 07:14:38,444][flwr][INFO] - fit progress: (50, nan, {'test_accuracy': 0.0}, 16940.242290041875)
[2024-03-21 07:14:38,444][flwr][INFO] - Sampled the following clients: ['21', '57', '20', '99', '28', '50', '37', '66', '39', '9', '78', '35', '52', '11', '25', '77', '93', '10', '89', '56']
[2024-03-21 07:14:38,444][flwr][DEBUG] - evaluate_round 50: strategy sampled 20 clients (out of 100)
[2024-03-21 07:14:38,809][flwr][DEBUG] - evaluate_round 50 received 20 results and 0 failures
[2024-03-21 07:14:38,829][flwr][INFO] - FL finished in 16940.62782858289
[2024-03-21 07:14:38,840][flwr][INFO] - app_fit: losses_distributed [(1, 0.20753232446854072), (2, 0.27105054390854477), (3, 0.31040852219803433), (4, 0.48162222574060065), (5, 0.5072035628429394), (6, 0.34531571963265234), (7, 0.3090823054800719), (8, 0.3396797185260257), (9, 0.34456459407573825), (10, 0.20898106986349804), (11, 0.31592229171992264), (12, 0.2807555859324157), (13, 0.18529239918818), (14, 0.35872094839936824), (15, nan), (16, nan), (17, nan), (18, nan), (19, nan), (20, nan), (21, nan), (22, nan), (23, nan), (24, nan), (25, nan), (26, nan), (27, nan), (28, nan), (29, nan), (30, nan), (31, nan), (32, nan), (33, nan), (34, nan), (35, nan), (36, nan), (37, nan), (38, nan), (39, nan), (40, nan), (41, nan), (42, nan), (43, nan), (44, nan), (45, nan), (46, nan), (47, nan), (48, nan), (49, nan), (50, nan)]
[2024-03-21 07:14:38,840][flwr][INFO] - app_fit: metrics_distributed_fit {'train_loss': [(1, 1419751993.3383226), (2, 583155.5062779925), (3, 24.096029764775217), (4, 500432437203.27435), (5, 163.48539220749694), (6, 5950733.666645012), (7, 36.86403103347633), (8, 874907813.906709), (9, 3280.7060734391303), (10, 1712938.8878839323), (11, 251260924.90975094), (12, 96181.55520391405), (13, 608.2923942949282), (14, 3171523365.8759727), (15, nan), (16, nan), (17, nan), (18, nan), (19, nan), (20, nan), (21, nan), (22, nan), (23, nan), (24, nan), (25, nan), (26, nan), (27, nan), (28, nan), (29, nan), (30, nan), (31, nan), (32, nan), (33, nan), (34, nan), (35, nan), (36, nan), (37, nan), (38, nan), (39, nan), (40, nan), (41, nan), (42, nan), (43, nan), (44, nan), (45, nan), (46, nan), (47, nan), (48, nan), (49, nan), (50, nan)], 'train_accuracy': [(1, 18.149882463563706), (2, 18.498215429669624), (3, 18.744571321602397), (4, 18.761657068549138), (5, 18.92960454046137), (6, 17.322412993039443), (7, 18.628509515733935), (8, 18.43394299507938), (9, 17.83698296836983), (10, 19.030223390275953), (11, 18.60600923047942), (12, 17.975217310893285), (13, 19.16708206406351), (14, 18.857549334557135), (15, 16.742336901820842), (16, 0.0), (17, 0.0), (18, 0.0), (19, 0.0), (20, 0.0), (21, 0.0), (22, 0.0), (23, 0.0), (24, 0.0), (25, 0.0), (26, 0.0), (27, 0.0), (28, 0.0), (29, 0.0), (30, 0.0), (31, 0.0), (32, 0.0), (33, 0.0), (34, 0.0), (35, 0.0), (36, 0.0), (37, 0.0), (38, 0.0), (39, 0.0), (40, 0.0), (41, 0.0), (42, 0.0), (43, 0.0), (44, 0.0), (45, 0.0), (46, 0.0), (47, 0.0), (48, 0.0), (49, 0.0), (50, 0.0)]}
[2024-03-21 07:14:38,841][flwr][INFO] - app_fit: metrics_distributed {'test_accuracy': [(1, 0.49445865302642794), (2, 0.3855932203389831), (3, 0.6669463087248322), (4, 0.4851316907391674), (5, 0.6649789029535865), (6, 0.6567796610169492), (7, 0.6502092050209205), (8, 0.707874682472481), (9, 0.6680743243243243), (10, 0.7122241086587436), (11, 0.7180355630821338), (12, 0.7366638441998307), (13, 0.7510803802938635), (14, 0.7221283783783784), (15, 0.0), (16, 0.0), (17, 0.0), (18, 0.0), (19, 0.0), (20, 0.0), (21, 0.0), (22, 0.0), (23, 0.0), (24, 0.0), (25, 0.0), (26, 0.0), (27, 0.0), (28, 0.0), (29, 0.0), (30, 0.0), (31, 0.0), (32, 0.0), (33, 0.0), (34, 0.0), (35, 0.0), (36, 0.0), (37, 0.0), (38, 0.0), (39, 0.0), (40, 0.0), (41, 0.0), (42, 0.0), (43, 0.0), (44, 0.0), (45, 0.0), (46, 0.0), (47, 0.0), (48, 0.0), (49, 0.0), (50, 0.0)]}
[2024-03-21 07:14:38,844][flwr][INFO] - app_fit: losses_centralized [(0, 0.28844745337963107), (1, 0.18907417954653502), (2, 0.25975618498921393), (3, 0.3047682636943413), (4, 0.4499300424323068), (5, 0.48515330903221054), (6, 0.30911982485372574), (7, 0.29323674939871996), (8, 0.3406066839013233), (9, 0.304349899726086), (10, 0.22840789374378564), (11, 0.28683040499312623), (12, 0.30140218977844085), (13, 0.23150471630147076), (14, 0.3406935119180439), (15, nan), (16, nan), (17, nan), (18, nan), (19, nan), (20, nan), (21, nan), (22, nan), (23, nan), (24, nan), (25, nan), (26, nan), (27, nan), (28, nan), (29, nan), (30, nan), (31, nan), (32, nan), (33, nan), (34, nan), (35, nan), (36, nan), (37, nan), (38, nan), (39, nan), (40, nan), (41, nan), (42, nan), (43, nan), (44, nan), (45, nan), (46, nan), (47, nan), (48, nan), (49, nan), (50, nan)]
[2024-03-21 07:14:38,844][flwr][INFO] - app_fit: metrics_centralized {'test_accuracy': [(0, 0.0672), (1, 0.5039), (2, 0.3904), (3, 0.6743), (4, 0.4801), (5, 0.6464), (6, 0.6527), (7, 0.6439), (8, 0.6834), (9, 0.6753), (10, 0.7037), (11, 0.7312), (12, 0.7162), (13, 0.6901), (14, 0.7025), (15, 0.0), (16, 0.0), (17, 0.0), (18, 0.0), (19, 0.0), (20, 0.0), (21, 0.0), (22, 0.0), (23, 0.0), (24, 0.0), (25, 0.0), (26, 0.0), (27, 0.0), (28, 0.0), (29, 0.0), (30, 0.0), (31, 0.0), (32, 0.0), (33, 0.0), (34, 0.0), (35, 0.0), (36, 0.0), (37, 0.0), (38, 0.0), (39, 0.0), (40, 0.0), (41, 0.0), (42, 0.0), (43, 0.0), (44, 0.0), (45, 0.0), (46, 0.0), (47, 0.0), (48, 0.0), (49, 0.0), (50, 0.0)]}
[2024-03-21 07:14:40,548][flwr][INFO] - Cleaned up ray temp session: /tmp/ray/session_2024-03-21_02-32-12_165818_35267 with size: 875661131776
[2024-03-21 07:14:40,549][flwr][INFO] - Saving ['yaml', 'log', 'wandb']
[2024-03-21 07:14:40,551][flwr][INFO] - Post-cleaning ['history', 'parameters', 'yaml', 'log', 'rng', 'history']
