[2024-03-21 10:34:42,390][flwr][INFO] - working_dir: null
to_save_once:
- yaml
- log
- wandb
to_save_per_round:
- parameters
- rng
- history
save_frequency: 1
to_restore: []
to_clean_once:
- history
- parameters
- yaml
- log
- rng
- history
use_wandb: false
debug_clients:
  all: false
  one: true
wandb_resume: false
wandb_id: null
wandb:
  setup:
    project: template
    tags:
    - strategy_${strategy.name}
    - seed_${fed.seed}
    entity: null
    mode: online
ray_address: null
ray_redis_password: null
ray_node_ip_address: null
file_limit: 250
task:
  model_and_data: FMNIST_CNN
  train_structure: FMNIST
  fit_config:
    net_config: {}
    dataloader_config:
      batch_size: 4
    run_config:
      epochs: 1
      learning_rate: 0.01
      optimizer: sgd
    extra: {}
  eval_config:
    net_config: {}
    dataloader_config:
      batch_size: 8
    run_config: {}
    extra: {}
  fed_test_config:
    net_config: {}
    dataloader_config:
      batch_size: 8
    run_config: {}
    extra: {}
  net_config_initial_parameters: {}
  fit_metrics:
  - train_loss
  - train_accuracy
  evaluate_metrics:
  - test_accuracy
fed:
  num_rounds: 50
  num_total_clients: 100
  num_clients_per_round: 20
  num_evaluate_clients_per_round: 20
  enable_resampling: false
  cpus_per_client: 2
  gpus_per_client: 0
  seed: 1337
  load_saved_state: true
  server_round: null
  parameters_folder: null
  rng_folder: null
  history_folder: null
strategy:
  name: FedAvg
  init:
    _target_: flwr.server.strategy.FedAvg
dataset:
  dataset_dir: ./data/fmnist/data
  partition_dir: ./data/fmnist/partition
  num_clients: 100
  val_ratio: 0.1
  seed: 1337
  iid: false
  power_law: false
  balance: false
  lda: true
  alpha: 0.1

[2024-03-21 10:34:42,410][flwr][INFO] - Wandb run initialized with False
[2024-03-21 10:34:42,410][flwr][INFO] - Pre-cleaning ['history', 'parameters', 'yaml', 'log', 'rng', 'history']
[2024-03-21 10:34:42,410][flwr][INFO] - Loading parameters failed from: /Users/grantwilkins/fl-final-proj/outputs/2024-03-21/10-34-42/results/state/parameters/parameters_0.bin
[2024-03-21 10:34:42,410][flwr][INFO] - Generating initial parameters with config: {}
[2024-03-21 10:34:42,410][flwr][INFO] - Generating initial parameters with config: {}
[2024-03-21 10:34:42,423][flwr][INFO] - Using RNG seed: 1337
[2024-03-21 10:34:44,374][flwr][INFO] - Fit debug fit: [566, {'train_loss': 0.11904510231598119, 'train_accuracy': 0.8392226148409894}]  and eval: (0.3017782703522713, 62, {'test_accuracy': 0.0})
[2024-03-21 10:34:44,375][flwr][INFO] - Starting Flower simulation, config: ServerConfig(num_rounds=50, round_timeout=None)
[2024-03-21 10:34:47,188][flwr][INFO] - Flower VCE: Ray initialized with resources: {'CPU': 10.0, 'node:__internal_head__': 1.0, 'node:127.0.0.1': 1.0, 'object_store_memory': 2147483648.0, 'memory': 13220587111.0}
[2024-03-21 10:34:47,188][flwr][INFO] - Optimize your simulation with Flower VCE: https://flower.dev/docs/framework/how-to-run-simulations.html
[2024-03-21 10:34:47,188][flwr][INFO] - Flower VCE: Resources for each Virtual Client: {'num_cpus': 2, 'num_gpus': 0.0}
[2024-03-21 10:34:47,195][flwr][INFO] - Flower VCE: Creating VirtualClientEngineActorPool with 5 actors
[2024-03-21 10:34:47,196][flwr][INFO] - Initializing global parameters
[2024-03-21 10:34:47,196][flwr][INFO] - Using initial parameters provided by strategy
[2024-03-21 10:34:47,196][flwr][INFO] - Evaluating initial parameters
[2024-03-21 10:34:50,447][flwr][INFO] - initial parameters (loss, other metrics): 0.2877504863500595, {'test_accuracy': 0.0943}
[2024-03-21 10:34:50,453][flwr][INFO] - FL starting
[2024-03-21 10:34:50,453][flwr][INFO] - Sampled the following clients: ['18', '62', '29', '0', '45', '56', '26', '93', '96', '76', '83', '92', '99', '54', '43', '3', '84', '27', '37', '59']
[2024-03-21 10:34:50,453][flwr][DEBUG] - fit_round 1: strategy sampled 20 clients (out of 100)
[2024-03-21 10:34:58,175][flwr][DEBUG] - fit_round 1 received 20 results and 0 failures
[2024-03-21 10:35:01,101][flwr][INFO] - fit progress: (1, 0.24765459374189377, {'test_accuracy': 0.3088}, 10.647662375122309)
[2024-03-21 10:35:01,101][flwr][INFO] - Sampled the following clients: ['41', '72', '1', '61', '47', '80', '99', '97', '54', '10', '58', '93', '89', '30', '23', '14', '31', '68', '96', '66']
[2024-03-21 10:35:01,101][flwr][DEBUG] - evaluate_round 1: strategy sampled 20 clients (out of 100)
[2024-03-21 10:35:01,642][flwr][DEBUG] - evaluate_round 1 received 20 results and 0 failures
[2024-03-21 10:35:01,648][flwr][INFO] - Sampled the following clients: ['0', '59', '24', '71', '20', '33', '69', '36', '73', '9', '61', '14', '37', '84', '42', '27', '79', '31', '46', '53']
[2024-03-21 10:35:01,648][flwr][DEBUG] - fit_round 2: strategy sampled 20 clients (out of 100)
[2024-03-21 10:35:06,409][flwr][DEBUG] - fit_round 2 received 20 results and 0 failures
[2024-03-21 10:35:09,271][flwr][INFO] - fit progress: (2, 0.18988164682984351, {'test_accuracy': 0.4136}, 18.81814204202965)
[2024-03-21 10:35:09,271][flwr][INFO] - Sampled the following clients: ['18', '80', '54', '3', '75', '57', '0', '27', '22', '23', '99', '78', '37', '2', '51', '55', '58', '4', '44', '74']
[2024-03-21 10:35:09,271][flwr][DEBUG] - evaluate_round 2: strategy sampled 20 clients (out of 100)
[2024-03-21 10:35:09,734][flwr][DEBUG] - evaluate_round 2 received 20 results and 0 failures
[2024-03-21 10:35:09,743][flwr][INFO] - Sampled the following clients: ['40', '96', '0', '76', '54', '73', '31', '66', '72', '32', '74', '12', '75', '55', '15', '83', '56', '19', '9', '90']
[2024-03-21 10:35:09,743][flwr][DEBUG] - fit_round 3: strategy sampled 20 clients (out of 100)
[2024-03-21 10:35:14,218][flwr][DEBUG] - fit_round 3 received 20 results and 0 failures
[2024-03-21 10:35:17,071][flwr][INFO] - fit progress: (3, 0.14790016694068908, {'test_accuracy': 0.5842}, 26.61777920811437)
[2024-03-21 10:35:17,071][flwr][INFO] - Sampled the following clients: ['21', '94', '43', '95', '75', '77', '53', '41', '11', '67', '28', '84', '7', '57', '4', '91', '6', '76', '2', '25']
[2024-03-21 10:35:17,071][flwr][DEBUG] - evaluate_round 3: strategy sampled 20 clients (out of 100)
[2024-03-21 10:35:17,459][flwr][DEBUG] - evaluate_round 3 received 20 results and 0 failures
[2024-03-21 10:35:17,465][flwr][INFO] - Sampled the following clients: ['96', '98', '53', '49', '10', '18', '42', '63', '37', '88', '94', '81', '31', '56', '74', '50', '86', '25', '15', '28']
[2024-03-21 10:35:17,465][flwr][DEBUG] - fit_round 4: strategy sampled 20 clients (out of 100)
[2024-03-21 10:35:22,259][flwr][DEBUG] - fit_round 4 received 20 results and 0 failures
[2024-03-21 10:35:25,539][flwr][INFO] - fit progress: (4, 0.13480116952955723, {'test_accuracy': 0.5734}, 35.08610212500207)
[2024-03-21 10:35:25,540][flwr][INFO] - Sampled the following clients: ['36', '62', '92', '38', '75', '54', '45', '8', '26', '7', '91', '63', '43', '52', '66', '10', '83', '60', '55', '21']
[2024-03-21 10:35:25,540][flwr][DEBUG] - evaluate_round 4: strategy sampled 20 clients (out of 100)
[2024-03-21 10:35:25,943][flwr][DEBUG] - evaluate_round 4 received 20 results and 0 failures
[2024-03-21 10:35:25,949][flwr][INFO] - Sampled the following clients: ['3', '38', '10', '6', '91', '66', '41', '36', '94', '40', '8', '35', '69', '79', '27', '64', '65', '70', '59', '20']
[2024-03-21 10:35:25,949][flwr][DEBUG] - fit_round 5: strategy sampled 20 clients (out of 100)
[2024-03-21 10:35:30,304][flwr][DEBUG] - fit_round 5 received 20 results and 0 failures
[2024-03-21 10:35:33,297][flwr][INFO] - fit progress: (5, 0.1134777135103941, {'test_accuracy': 0.6786}, 42.84406525013037)
[2024-03-21 10:35:33,297][flwr][INFO] - Sampled the following clients: ['18', '81', '51', '75', '11', '66', '76', '39', '10', '89', '96', '57', '79', '50', '40', '90', '45', '46', '31', '61']
[2024-03-21 10:35:33,297][flwr][DEBUG] - evaluate_round 5: strategy sampled 20 clients (out of 100)
[2024-03-21 10:35:33,680][flwr][DEBUG] - evaluate_round 5 received 20 results and 0 failures
[2024-03-21 10:35:33,687][flwr][INFO] - Sampled the following clients: ['53', '40', '33', '94', '26', '41', '52', '3', '31', '69', '76', '81', '27', '71', '18', '91', '2', '44', '11', '84']
[2024-03-21 10:35:33,687][flwr][DEBUG] - fit_round 6: strategy sampled 20 clients (out of 100)
[2024-03-21 10:35:38,273][flwr][DEBUG] - fit_round 6 received 20 results and 0 failures
[2024-03-21 10:35:41,450][flwr][INFO] - fit progress: (6, 0.11779168760478496, {'test_accuracy': 0.6921}, 50.99707508296706)
[2024-03-21 10:35:41,451][flwr][INFO] - Sampled the following clients: ['40', '30', '61', '48', '49', '90', '2', '85', '27', '65', '80', '12', '74', '47', '39', '69', '63', '86', '87', '66']
[2024-03-21 10:35:41,451][flwr][DEBUG] - evaluate_round 6: strategy sampled 20 clients (out of 100)
[2024-03-21 10:35:41,813][flwr][DEBUG] - evaluate_round 6 received 20 results and 0 failures
[2024-03-21 10:35:41,819][flwr][INFO] - Sampled the following clients: ['63', '74', '14', '11', '58', '76', '92', '62', '73', '22', '65', '91', '47', '71', '56', '10', '40', '17', '33', '34']
[2024-03-21 10:35:41,819][flwr][DEBUG] - fit_round 7: strategy sampled 20 clients (out of 100)
[2024-03-21 10:35:46,897][flwr][DEBUG] - fit_round 7 received 20 results and 0 failures
[2024-03-21 10:35:49,960][flwr][INFO] - fit progress: (7, 0.10601314982622861, {'test_accuracy': 0.7091}, 59.506923499982804)
[2024-03-21 10:35:49,961][flwr][INFO] - Sampled the following clients: ['9', '28', '80', '42', '19', '82', '17', '84', '43', '69', '56', '15', '63', '81', '6', '64', '10', '68', '89', '12']
[2024-03-21 10:35:49,961][flwr][DEBUG] - evaluate_round 7: strategy sampled 20 clients (out of 100)
[2024-03-21 10:35:50,382][flwr][DEBUG] - evaluate_round 7 received 20 results and 0 failures
[2024-03-21 10:35:50,389][flwr][INFO] - Sampled the following clients: ['26', '65', '22', '82', '73', '93', '50', '48', '76', '3', '11', '51', '79', '90', '96', '2', '86', '25', '19', '13']
[2024-03-21 10:35:50,389][flwr][DEBUG] - fit_round 8: strategy sampled 20 clients (out of 100)
[2024-03-21 10:35:54,741][flwr][DEBUG] - fit_round 8 received 20 results and 0 failures
[2024-03-21 10:35:57,742][flwr][INFO] - fit progress: (8, 0.10736417081207036, {'test_accuracy': 0.6939}, 67.28868774999864)
[2024-03-21 10:35:57,742][flwr][INFO] - Sampled the following clients: ['53', '17', '91', '18', '86', '0', '30', '80', '22', '81', '76', '61', '52', '55', '96', '68', '54', '28', '92', '64']
[2024-03-21 10:35:57,742][flwr][DEBUG] - evaluate_round 8: strategy sampled 20 clients (out of 100)
[2024-03-21 10:35:58,107][flwr][DEBUG] - evaluate_round 8 received 20 results and 0 failures
[2024-03-21 10:35:58,113][flwr][INFO] - Sampled the following clients: ['9', '90', '34', '35', '37', '31', '17', '5', '26', '19', '83', '11', '18', '8', '77', '84', '29', '3', '56', '72']
[2024-03-21 10:35:58,113][flwr][DEBUG] - fit_round 9: strategy sampled 20 clients (out of 100)
[2024-03-21 10:36:02,587][flwr][DEBUG] - fit_round 9 received 20 results and 0 failures
[2024-03-21 10:36:05,648][flwr][INFO] - fit progress: (9, 0.10164569489061832, {'test_accuracy': 0.6943}, 75.1947183329612)
[2024-03-21 10:36:05,648][flwr][INFO] - Sampled the following clients: ['99', '24', '66', '35', '3', '1', '50', '67', '13', '97', '76', '4', '75', '53', '87', '61', '98', '31', '45', '44']
[2024-03-21 10:36:05,648][flwr][DEBUG] - evaluate_round 9: strategy sampled 20 clients (out of 100)
[2024-03-21 10:36:06,014][flwr][DEBUG] - evaluate_round 9 received 20 results and 0 failures
[2024-03-21 10:36:06,021][flwr][INFO] - Sampled the following clients: ['96', '46', '99', '31', '33', '10', '4', '5', '69', '20', '60', '52', '95', '15', '47', '66', '61', '90', '85', '12']
[2024-03-21 10:36:06,021][flwr][DEBUG] - fit_round 10: strategy sampled 20 clients (out of 100)
[2024-03-21 10:36:10,941][flwr][DEBUG] - fit_round 10 received 20 results and 0 failures
[2024-03-21 10:36:14,203][flwr][INFO] - fit progress: (10, 0.10015057093650102, {'test_accuracy': 0.6919}, 83.74977787514217)
[2024-03-21 10:36:14,203][flwr][INFO] - Sampled the following clients: ['26', '40', '28', '34', '68', '46', '42', '73', '93', '84', '61', '72', '10', '78', '94', '33', '4', '11', '70', '24']
[2024-03-21 10:36:14,203][flwr][DEBUG] - evaluate_round 10: strategy sampled 20 clients (out of 100)
[2024-03-21 10:36:14,582][flwr][DEBUG] - evaluate_round 10 received 20 results and 0 failures
[2024-03-21 10:36:14,588][flwr][INFO] - Sampled the following clients: ['80', '18', '11', '61', '25', '0', '85', '30', '19', '14', '53', '90', '43', '29', '33', '36', '81', '99', '58', '5']
[2024-03-21 10:36:14,588][flwr][DEBUG] - fit_round 11: strategy sampled 20 clients (out of 100)
[2024-03-21 10:36:19,123][flwr][DEBUG] - fit_round 11 received 20 results and 0 failures
[2024-03-21 10:36:22,165][flwr][INFO] - fit progress: (11, 0.09911045418977737, {'test_accuracy': 0.6948}, 91.71172100002877)
[2024-03-21 10:36:22,165][flwr][INFO] - Sampled the following clients: ['14', '79', '10', '1', '85', '92', '80', '48', '61', '50', '25', '45', '43', '7', '15', '33', '98', '75', '97', '47']
[2024-03-21 10:36:22,165][flwr][DEBUG] - evaluate_round 11: strategy sampled 20 clients (out of 100)
[2024-03-21 10:36:22,534][flwr][DEBUG] - evaluate_round 11 received 20 results and 0 failures
[2024-03-21 10:36:22,547][flwr][INFO] - Sampled the following clients: ['41', '75', '57', '14', '91', '99', '52', '16', '44', '24', '95', '23', '80', '27', '92', '35', '55', '94', '31', '69']
[2024-03-21 10:36:22,547][flwr][DEBUG] - fit_round 12: strategy sampled 20 clients (out of 100)
[2024-03-21 10:36:27,251][flwr][DEBUG] - fit_round 12 received 20 results and 0 failures
[2024-03-21 10:36:30,223][flwr][INFO] - fit progress: (12, 0.08870379184558988, {'test_accuracy': 0.734}, 99.76967795798555)
[2024-03-21 10:36:30,223][flwr][INFO] - Sampled the following clients: ['27', '32', '70', '96', '74', '37', '52', '39', '82', '23', '66', '7', '38', '24', '26', '79', '36', '51', '8', '58']
[2024-03-21 10:36:30,223][flwr][DEBUG] - evaluate_round 12: strategy sampled 20 clients (out of 100)
[2024-03-21 10:36:30,591][flwr][DEBUG] - evaluate_round 12 received 20 results and 0 failures
[2024-03-21 10:36:30,601][flwr][INFO] - Sampled the following clients: ['31', '22', '18', '50', '54', '26', '58', '3', '27', '2', '91', '63', '68', '87', '4', '33', '6', '42', '34', '45']
[2024-03-21 10:36:30,601][flwr][DEBUG] - fit_round 13: strategy sampled 20 clients (out of 100)
[2024-03-21 10:36:35,177][flwr][DEBUG] - fit_round 13 received 20 results and 0 failures
[2024-03-21 10:36:38,297][flwr][INFO] - fit progress: (13, 0.09820620433017611, {'test_accuracy': 0.6866}, 107.84343433310278)
[2024-03-21 10:36:38,297][flwr][INFO] - Sampled the following clients: ['21', '33', '98', '74', '92', '2', '14', '9', '67', '87', '89', '76', '32', '40', '52', '71', '75', '6', '11', '86']
[2024-03-21 10:36:38,297][flwr][DEBUG] - evaluate_round 13: strategy sampled 20 clients (out of 100)
[2024-03-21 10:36:38,665][flwr][DEBUG] - evaluate_round 13 received 20 results and 0 failures
[2024-03-21 10:36:38,674][flwr][INFO] - Sampled the following clients: ['45', '67', '28', '80', '9', '73', '94', '92', '11', '59', '61', '78', '18', '41', '64', '4', '1', '55', '57', '85']
[2024-03-21 10:36:38,674][flwr][DEBUG] - fit_round 14: strategy sampled 20 clients (out of 100)
[2024-03-21 10:36:43,666][flwr][DEBUG] - fit_round 14 received 20 results and 0 failures
[2024-03-21 10:36:46,735][flwr][INFO] - fit progress: (14, 0.0860485053524375, {'test_accuracy': 0.7411}, 116.2816744169686)
[2024-03-21 10:36:46,735][flwr][INFO] - Sampled the following clients: ['66', '63', '38', '1', '49', '64', '88', '36', '51', '50', '18', '73', '56', '35', '99', '11', '44', '26', '4', '53']
[2024-03-21 10:36:46,735][flwr][DEBUG] - evaluate_round 14: strategy sampled 20 clients (out of 100)
[2024-03-21 10:36:47,138][flwr][DEBUG] - evaluate_round 14 received 20 results and 0 failures
[2024-03-21 10:36:47,144][flwr][INFO] - Sampled the following clients: ['81', '77', '91', '7', '30', '98', '69', '55', '1', '17', '73', '59', '9', '97', '2', '65', '38', '24', '6', '64']
[2024-03-21 10:36:47,144][flwr][DEBUG] - fit_round 15: strategy sampled 20 clients (out of 100)
[2024-03-21 10:36:51,931][flwr][DEBUG] - fit_round 15 received 20 results and 0 failures
[2024-03-21 10:36:55,199][flwr][INFO] - fit progress: (15, 0.08723276051729918, {'test_accuracy': 0.7307}, 124.74591345805675)
[2024-03-21 10:36:55,199][flwr][INFO] - Sampled the following clients: ['22', '29', '58', '6', '55', '69', '75', '72', '19', '17', '98', '76', '28', '67', '97', '25', '82', '31', '18', '52']
[2024-03-21 10:36:55,199][flwr][DEBUG] - evaluate_round 15: strategy sampled 20 clients (out of 100)
[2024-03-21 10:36:55,580][flwr][DEBUG] - evaluate_round 15 received 20 results and 0 failures
[2024-03-21 10:36:55,591][flwr][INFO] - Sampled the following clients: ['98', '8', '0', '77', '49', '40', '13', '33', '67', '34', '91', '54', '96', '82', '7', '60', '10', '97', '42', '83']
[2024-03-21 10:36:55,591][flwr][DEBUG] - fit_round 16: strategy sampled 20 clients (out of 100)
[2024-03-21 10:37:00,477][flwr][DEBUG] - fit_round 16 received 20 results and 0 failures
[2024-03-21 10:37:04,322][flwr][INFO] - fit progress: (16, 0.08668430928960442, {'test_accuracy': 0.7456}, 133.8687191249337)
[2024-03-21 10:37:04,322][flwr][INFO] - Sampled the following clients: ['31', '79', '78', '41', '89', '22', '94', '72', '76', '68', '75', '34', '87', '13', '39', '96', '25', '64', '69', '40']
[2024-03-21 10:37:04,323][flwr][DEBUG] - evaluate_round 16: strategy sampled 20 clients (out of 100)
[2024-03-21 10:37:04,857][flwr][DEBUG] - evaluate_round 16 received 20 results and 0 failures
[2024-03-21 10:37:04,865][flwr][INFO] - Sampled the following clients: ['43', '99', '52', '16', '65', '90', '33', '86', '37', '13', '74', '11', '88', '14', '59', '97', '3', '22', '47', '1']
[2024-03-21 10:37:04,865][flwr][DEBUG] - fit_round 17: strategy sampled 20 clients (out of 100)
[2024-03-21 10:37:12,826][flwr][DEBUG] - fit_round 17 received 20 results and 0 failures
[2024-03-21 10:37:16,125][flwr][INFO] - fit progress: (17, 0.08660079139322042, {'test_accuracy': 0.7364}, 145.6715664579533)
[2024-03-21 10:37:16,125][flwr][INFO] - Sampled the following clients: ['4', '86', '47', '48', '13', '14', '62', '94', '7', '38', '53', '95', '59', '1', '8', '27', '19', '29', '78', '41']
[2024-03-21 10:37:16,125][flwr][DEBUG] - evaluate_round 17: strategy sampled 20 clients (out of 100)
[2024-03-21 10:37:16,516][flwr][DEBUG] - evaluate_round 17 received 20 results and 0 failures
[2024-03-21 10:37:16,539][flwr][INFO] - Sampled the following clients: ['15', '59', '14', '63', '45', '24', '18', '87', '51', '70', '81', '13', '6', '55', '74', '17', '50', '48', '96', '16']
[2024-03-21 10:37:16,539][flwr][DEBUG] - fit_round 18: strategy sampled 20 clients (out of 100)
[2024-03-21 10:37:21,260][flwr][DEBUG] - fit_round 18 received 20 results and 0 failures
[2024-03-21 10:37:25,169][flwr][INFO] - fit progress: (18, 0.0877358241841197, {'test_accuracy': 0.7277}, 154.71610604203306)
[2024-03-21 10:37:25,170][flwr][INFO] - Sampled the following clients: ['22', '64', '81', '52', '47', '10', '96', '98', '34', '44', '7', '57', '62', '31', '14', '54', '90', '43', '37', '1']
[2024-03-21 10:37:25,170][flwr][DEBUG] - evaluate_round 18: strategy sampled 20 clients (out of 100)
[2024-03-21 10:37:25,601][flwr][DEBUG] - evaluate_round 18 received 20 results and 0 failures
[2024-03-21 10:37:25,623][flwr][INFO] - Sampled the following clients: ['10', '22', '16', '91', '66', '86', '77', '36', '59', '78', '83', '72', '47', '12', '40', '29', '52', '58', '65', '51']
[2024-03-21 10:37:25,623][flwr][DEBUG] - fit_round 19: strategy sampled 20 clients (out of 100)
[2024-03-21 10:37:30,323][flwr][DEBUG] - fit_round 19 received 20 results and 0 failures
[2024-03-21 10:37:33,346][flwr][INFO] - fit progress: (19, 0.07997204004526139, {'test_accuracy': 0.7496}, 162.8931280830875)
[2024-03-21 10:37:33,347][flwr][INFO] - Sampled the following clients: ['80', '46', '34', '40', '81', '49', '66', '79', '62', '29', '51', '38', '90', '85', '59', '8', '17', '10', '27', '87']
[2024-03-21 10:37:33,347][flwr][DEBUG] - evaluate_round 19: strategy sampled 20 clients (out of 100)
[2024-03-21 10:37:33,748][flwr][DEBUG] - evaluate_round 19 received 20 results and 0 failures
[2024-03-21 10:37:33,754][flwr][INFO] - Sampled the following clients: ['3', '65', '59', '57', '35', '33', '26', '96', '69', '87', '5', '1', '76', '56', '24', '58', '47', '62', '49', '9']
[2024-03-21 10:37:33,754][flwr][DEBUG] - fit_round 20: strategy sampled 20 clients (out of 100)
[2024-03-21 10:37:38,909][flwr][DEBUG] - fit_round 20 received 20 results and 0 failures
[2024-03-21 10:37:42,375][flwr][INFO] - fit progress: (20, 0.08224773483648896, {'test_accuracy': 0.7493}, 171.92167729209177)
[2024-03-21 10:37:42,375][flwr][INFO] - Sampled the following clients: ['54', '72', '45', '62', '50', '19', '92', '75', '32', '95', '20', '93', '11', '15', '98', '24', '13', '9', '4', '87']
[2024-03-21 10:37:42,375][flwr][DEBUG] - evaluate_round 20: strategy sampled 20 clients (out of 100)
[2024-03-21 10:37:42,779][flwr][DEBUG] - evaluate_round 20 received 20 results and 0 failures
[2024-03-21 10:37:42,790][flwr][INFO] - Sampled the following clients: ['89', '9', '33', '36', '47', '52', '19', '96', '10', '16', '51', '37', '26', '2', '20', '98', '79', '63', '40', '31']
[2024-03-21 10:37:42,790][flwr][DEBUG] - fit_round 21: strategy sampled 20 clients (out of 100)
[2024-03-21 10:37:47,515][flwr][DEBUG] - fit_round 21 received 20 results and 0 failures
[2024-03-21 10:37:50,462][flwr][INFO] - fit progress: (21, 0.0846726707406342, {'test_accuracy': 0.745}, 180.0087152919732)
[2024-03-21 10:37:50,462][flwr][INFO] - Sampled the following clients: ['23', '55', '78', '82', '84', '32', '22', '15', '50', '93', '89', '69', '43', '34', '98', '37', '60', '67', '79', '40']
[2024-03-21 10:37:50,462][flwr][DEBUG] - evaluate_round 21: strategy sampled 20 clients (out of 100)
[2024-03-21 10:37:50,858][flwr][DEBUG] - evaluate_round 21 received 20 results and 0 failures
[2024-03-21 10:37:50,868][flwr][INFO] - Sampled the following clients: ['8', '82', '48', '27', '33', '75', '7', '16', '67', '53', '14', '12', '4', '22', '61', '84', '42', '59', '17', '56']
[2024-03-21 10:37:50,868][flwr][DEBUG] - fit_round 22: strategy sampled 20 clients (out of 100)
[2024-03-21 10:37:55,422][flwr][DEBUG] - fit_round 22 received 20 results and 0 failures
[2024-03-21 10:37:58,304][flwr][INFO] - fit progress: (22, 0.07665781097561121, {'test_accuracy': 0.7579}, 187.85036408295855)
[2024-03-21 10:37:58,304][flwr][INFO] - Sampled the following clients: ['15', '65', '3', '0', '82', '88', '35', '78', '71', '25', '12', '8', '10', '14', '24', '45', '21', '72', '80', '93']
[2024-03-21 10:37:58,304][flwr][DEBUG] - evaluate_round 22: strategy sampled 20 clients (out of 100)
[2024-03-21 10:37:58,656][flwr][DEBUG] - evaluate_round 22 received 20 results and 0 failures
[2024-03-21 10:37:58,670][flwr][INFO] - Sampled the following clients: ['72', '74', '69', '17', '64', '22', '25', '21', '62', '48', '36', '0', '56', '93', '39', '71', '15', '13', '40', '49']
[2024-03-21 10:37:58,670][flwr][DEBUG] - fit_round 23: strategy sampled 20 clients (out of 100)
[2024-03-21 10:38:03,257][flwr][DEBUG] - fit_round 23 received 20 results and 0 failures
[2024-03-21 10:38:06,951][flwr][INFO] - fit progress: (23, 0.07321416440196335, {'test_accuracy': 0.7728}, 196.49797858297825)
[2024-03-21 10:38:06,952][flwr][INFO] - Sampled the following clients: ['74', '51', '53', '22', '48', '35', '12', '38', '10', '85', '18', '73', '65', '19', '71', '89', '72', '44', '70', '80']
[2024-03-21 10:38:06,952][flwr][DEBUG] - evaluate_round 23: strategy sampled 20 clients (out of 100)
[2024-03-21 10:38:07,452][flwr][DEBUG] - evaluate_round 23 received 20 results and 0 failures
[2024-03-21 10:38:07,463][flwr][INFO] - Sampled the following clients: ['80', '68', '69', '42', '85', '22', '21', '86', '50', '41', '62', '96', '67', '4', '77', '39', '87', '34', '35', '98']
[2024-03-21 10:38:07,463][flwr][DEBUG] - fit_round 24: strategy sampled 20 clients (out of 100)
[2024-03-21 10:38:12,353][flwr][DEBUG] - fit_round 24 received 20 results and 0 failures
[2024-03-21 10:38:15,826][flwr][INFO] - fit progress: (24, 0.07685691801980138, {'test_accuracy': 0.7544}, 205.37253216700628)
[2024-03-21 10:38:15,826][flwr][INFO] - Sampled the following clients: ['71', '53', '49', '52', '73', '64', '56', '93', '46', '69', '19', '77', '51', '28', '23', '36', '81', '84', '50', '22']
[2024-03-21 10:38:15,826][flwr][DEBUG] - evaluate_round 24: strategy sampled 20 clients (out of 100)
[2024-03-21 10:38:16,297][flwr][DEBUG] - evaluate_round 24 received 20 results and 0 failures
[2024-03-21 10:38:16,312][flwr][INFO] - Sampled the following clients: ['4', '13', '90', '89', '72', '65', '19', '34', '54', '67', '93', '46', '23', '44', '66', '56', '2', '57', '20', '48']
[2024-03-21 10:38:16,312][flwr][DEBUG] - fit_round 25: strategy sampled 20 clients (out of 100)
[2024-03-21 10:38:20,808][flwr][DEBUG] - fit_round 25 received 20 results and 0 failures
[2024-03-21 10:38:24,046][flwr][INFO] - fit progress: (25, 0.07768556530624628, {'test_accuracy': 0.7518}, 213.5928841670975)
[2024-03-21 10:38:24,047][flwr][INFO] - Sampled the following clients: ['95', '92', '16', '83', '8', '81', '88', '20', '22', '33', '68', '1', '82', '10', '62', '23', '25', '89', '93', '97']
[2024-03-21 10:38:24,047][flwr][DEBUG] - evaluate_round 25: strategy sampled 20 clients (out of 100)
[2024-03-21 10:38:24,413][flwr][DEBUG] - evaluate_round 25 received 20 results and 0 failures
[2024-03-21 10:38:24,420][flwr][INFO] - Sampled the following clients: ['80', '30', '19', '71', '10', '52', '47', '50', '75', '21', '76', '12', '43', '8', '89', '96', '68', '26', '17', '3']
[2024-03-21 10:38:24,420][flwr][DEBUG] - fit_round 26: strategy sampled 20 clients (out of 100)
[2024-03-21 10:38:28,698][flwr][DEBUG] - fit_round 26 received 20 results and 0 failures
[2024-03-21 10:38:31,874][flwr][INFO] - fit progress: (26, 0.07486588753089309, {'test_accuracy': 0.7629}, 221.42059262492694)
[2024-03-21 10:38:31,874][flwr][INFO] - Sampled the following clients: ['78', '98', '35', '8', '97', '32', '12', '86', '47', '84', '89', '95', '14', '43', '93', '54', '80', '75', '9', '85']
[2024-03-21 10:38:31,874][flwr][DEBUG] - evaluate_round 26: strategy sampled 20 clients (out of 100)
[2024-03-21 10:38:32,233][flwr][DEBUG] - evaluate_round 26 received 20 results and 0 failures
[2024-03-21 10:38:32,246][flwr][INFO] - Sampled the following clients: ['11', '6', '37', '78', '2', '7', '8', '42', '59', '53', '98', '14', '28', '96', '56', '67', '41', '15', '30', '55']
[2024-03-21 10:38:32,246][flwr][DEBUG] - fit_round 27: strategy sampled 20 clients (out of 100)
[2024-03-21 10:38:36,936][flwr][DEBUG] - fit_round 27 received 20 results and 0 failures
[2024-03-21 10:38:40,355][flwr][INFO] - fit progress: (27, 0.07448348250053823, {'test_accuracy': 0.7604}, 229.90149616706185)
[2024-03-21 10:38:40,355][flwr][INFO] - Sampled the following clients: ['65', '68', '37', '48', '52', '95', '45', '63', '16', '38', '74', '56', '18', '3', '66', '42', '62', '5', '84', '33']
[2024-03-21 10:38:40,355][flwr][DEBUG] - evaluate_round 27: strategy sampled 20 clients (out of 100)
[2024-03-21 10:38:40,723][flwr][DEBUG] - evaluate_round 27 received 20 results and 0 failures
[2024-03-21 10:38:40,732][flwr][INFO] - Sampled the following clients: ['7', '83', '60', '6', '34', '32', '9', '97', '4', '47', '78', '48', '76', '61', '51', '13', '54', '5', '64', '87']
[2024-03-21 10:38:40,733][flwr][DEBUG] - fit_round 28: strategy sampled 20 clients (out of 100)
[2024-03-21 10:38:45,756][flwr][DEBUG] - fit_round 28 received 20 results and 0 failures
[2024-03-21 10:38:49,023][flwr][INFO] - fit progress: (28, 0.07683963971659541, {'test_accuracy': 0.762}, 238.56943250005133)
[2024-03-21 10:38:49,023][flwr][INFO] - Sampled the following clients: ['86', '56', '65', '49', '79', '64', '26', '16', '80', '12', '45', '57', '0', '98', '31', '88', '42', '75', '24', '34']
[2024-03-21 10:38:49,023][flwr][DEBUG] - evaluate_round 28: strategy sampled 20 clients (out of 100)
[2024-03-21 10:38:49,541][flwr][DEBUG] - evaluate_round 28 received 20 results and 0 failures
[2024-03-21 10:38:49,554][flwr][INFO] - Sampled the following clients: ['55', '93', '3', '89', '74', '95', '29', '14', '83', '45', '96', '9', '36', '41', '21', '42', '71', '27', '46', '63']
[2024-03-21 10:38:49,554][flwr][DEBUG] - fit_round 29: strategy sampled 20 clients (out of 100)
[2024-03-21 10:38:54,987][flwr][DEBUG] - fit_round 29 received 20 results and 0 failures
[2024-03-21 10:38:58,843][flwr][INFO] - fit progress: (29, 0.07663858403209597, {'test_accuracy': 0.7636}, 248.38985266699456)
[2024-03-21 10:38:58,844][flwr][INFO] - Sampled the following clients: ['49', '70', '77', '4', '6', '48', '46', '63', '75', '25', '61', '66', '83', '88', '13', '85', '84', '18', '38', '39']
[2024-03-21 10:38:58,844][flwr][DEBUG] - evaluate_round 29: strategy sampled 20 clients (out of 100)
[2024-03-21 10:38:59,243][flwr][DEBUG] - evaluate_round 29 received 20 results and 0 failures
[2024-03-21 10:38:59,250][flwr][INFO] - Sampled the following clients: ['99', '18', '38', '15', '22', '59', '66', '19', '64', '96', '78', '26', '11', '5', '68', '33', '42', '62', '86', '35']
[2024-03-21 10:38:59,250][flwr][DEBUG] - fit_round 30: strategy sampled 20 clients (out of 100)
[2024-03-21 10:39:04,297][flwr][DEBUG] - fit_round 30 received 20 results and 0 failures
[2024-03-21 10:39:08,572][flwr][INFO] - fit progress: (30, 0.07243380500040948, {'test_accuracy': 0.77}, 258.1188786251005)
[2024-03-21 10:39:08,573][flwr][INFO] - Sampled the following clients: ['74', '89', '15', '44', '54', '58', '5', '62', '63', '30', '55', '45', '56', '69', '2', '38', '67', '11', '37', '3']
[2024-03-21 10:39:08,573][flwr][DEBUG] - evaluate_round 30: strategy sampled 20 clients (out of 100)
[2024-03-21 10:39:09,071][flwr][DEBUG] - evaluate_round 30 received 20 results and 0 failures
[2024-03-21 10:39:09,084][flwr][INFO] - Sampled the following clients: ['76', '17', '34', '45', '93', '8', '25', '96', '98', '91', '18', '29', '85', '68', '55', '20', '9', '95', '14', '26']
[2024-03-21 10:39:09,084][flwr][DEBUG] - fit_round 31: strategy sampled 20 clients (out of 100)
[2024-03-21 10:39:14,361][flwr][DEBUG] - fit_round 31 received 20 results and 0 failures
[2024-03-21 10:39:18,656][flwr][INFO] - fit progress: (31, 0.07270245481282472, {'test_accuracy': 0.7757}, 268.20230041700415)
[2024-03-21 10:39:18,656][flwr][INFO] - Sampled the following clients: ['64', '36', '62', '47', '5', '75', '48', '0', '13', '25', '8', '95', '38', '18', '70', '60', '30', '72', '87', '41']
[2024-03-21 10:39:18,656][flwr][DEBUG] - evaluate_round 31: strategy sampled 20 clients (out of 100)
[2024-03-21 10:39:19,073][flwr][DEBUG] - evaluate_round 31 received 20 results and 0 failures
[2024-03-21 10:39:19,081][flwr][INFO] - Sampled the following clients: ['98', '87', '24', '22', '59', '20', '42', '80', '39', '53', '97', '67', '38', '14', '45', '48', '3', '54', '16', '62']
[2024-03-21 10:39:19,081][flwr][DEBUG] - fit_round 32: strategy sampled 20 clients (out of 100)
[2024-03-21 10:39:23,851][flwr][DEBUG] - fit_round 32 received 20 results and 0 failures
[2024-03-21 10:39:27,176][flwr][INFO] - fit progress: (32, 0.07913273038826883, {'test_accuracy': 0.7521}, 276.7222130000591)
[2024-03-21 10:39:27,176][flwr][INFO] - Sampled the following clients: ['27', '63', '8', '0', '1', '50', '59', '44', '49', '89', '64', '55', '9', '66', '71', '16', '42', '34', '87', '99']
[2024-03-21 10:39:27,176][flwr][DEBUG] - evaluate_round 32: strategy sampled 20 clients (out of 100)
[2024-03-21 10:39:27,587][flwr][DEBUG] - evaluate_round 32 received 20 results and 0 failures
[2024-03-21 10:39:27,594][flwr][INFO] - Sampled the following clients: ['14', '44', '54', '95', '61', '12', '49', '91', '7', '98', '30', '50', '72', '82', '41', '11', '52', '13', '18', '28']
[2024-03-21 10:39:27,594][flwr][DEBUG] - fit_round 33: strategy sampled 20 clients (out of 100)
[2024-03-21 10:39:32,097][flwr][DEBUG] - fit_round 33 received 20 results and 0 failures
[2024-03-21 10:39:36,478][flwr][INFO] - fit progress: (33, 0.06654771255087108, {'test_accuracy': 0.7938}, 286.0245004580356)
[2024-03-21 10:39:36,478][flwr][INFO] - Sampled the following clients: ['50', '19', '85', '14', '94', '33', '56', '68', '51', '58', '70', '16', '45', '9', '63', '11', '31', '4', '27', '22']
[2024-03-21 10:39:36,478][flwr][DEBUG] - evaluate_round 33: strategy sampled 20 clients (out of 100)
[2024-03-21 10:39:36,896][flwr][DEBUG] - evaluate_round 33 received 20 results and 0 failures
[2024-03-21 10:39:36,903][flwr][INFO] - Sampled the following clients: ['70', '39', '19', '91', '11', '40', '72', '13', '97', '71', '66', '2', '58', '4', '23', '84', '27', '16', '96', '44']
[2024-03-21 10:39:36,903][flwr][DEBUG] - fit_round 34: strategy sampled 20 clients (out of 100)
[2024-03-21 10:39:42,503][flwr][DEBUG] - fit_round 34 received 20 results and 0 failures
[2024-03-21 10:39:46,069][flwr][INFO] - fit progress: (34, 0.06900511110685766, {'test_accuracy': 0.792}, 295.61488208314404)
[2024-03-21 10:39:46,069][flwr][INFO] - Sampled the following clients: ['54', '29', '22', '96', '66', '31', '55', '98', '79', '93', '63', '78', '50', '65', '20', '46', '64', '0', '76', '97']
[2024-03-21 10:39:46,069][flwr][DEBUG] - evaluate_round 34: strategy sampled 20 clients (out of 100)
[2024-03-21 10:39:46,470][flwr][DEBUG] - evaluate_round 34 received 20 results and 0 failures
[2024-03-21 10:39:46,481][flwr][INFO] - Sampled the following clients: ['88', '95', '18', '78', '63', '85', '26', '15', '66', '96', '6', '45', '22', '71', '79', '60', '62', '76', '32', '83']
[2024-03-21 10:39:46,482][flwr][DEBUG] - fit_round 35: strategy sampled 20 clients (out of 100)
[2024-03-21 10:39:51,334][flwr][DEBUG] - fit_round 35 received 20 results and 0 failures
[2024-03-21 10:39:54,831][flwr][INFO] - fit progress: (35, 0.06550101019106805, {'test_accuracy': 0.806}, 304.3777160421014)
[2024-03-21 10:39:54,833][flwr][INFO] - Sampled the following clients: ['45', '73', '56', '26', '59', '33', '1', '74', '49', '5', '89', '68', '35', '79', '39', '42', '70', '14', '9', '21']
[2024-03-21 10:39:54,833][flwr][DEBUG] - evaluate_round 35: strategy sampled 20 clients (out of 100)
[2024-03-21 10:39:55,231][flwr][DEBUG] - evaluate_round 35 received 20 results and 0 failures
[2024-03-21 10:39:55,240][flwr][INFO] - Sampled the following clients: ['15', '4', '63', '45', '75', '46', '90', '99', '12', '8', '60', '0', '80', '21', '54', '11', '30', '82', '22', '65']
[2024-03-21 10:39:55,240][flwr][DEBUG] - fit_round 36: strategy sampled 20 clients (out of 100)
[2024-03-21 10:39:59,437][flwr][DEBUG] - fit_round 36 received 20 results and 0 failures
[2024-03-21 10:40:02,798][flwr][INFO] - fit progress: (36, 0.07172449952811003, {'test_accuracy': 0.7776}, 312.34389525000006)
[2024-03-21 10:40:02,798][flwr][INFO] - Sampled the following clients: ['18', '16', '70', '28', '4', '48', '55', '42', '68', '11', '57', '53', '20', '59', '82', '10', '94', '5', '38', '51']
[2024-03-21 10:40:02,798][flwr][DEBUG] - evaluate_round 36: strategy sampled 20 clients (out of 100)
[2024-03-21 10:40:03,208][flwr][DEBUG] - evaluate_round 36 received 20 results and 0 failures
[2024-03-21 10:40:03,221][flwr][INFO] - Sampled the following clients: ['55', '2', '38', '34', '26', '66', '29', '63', '19', '82', '78', '25', '70', '68', '93', '52', '31', '35', '73', '41']
[2024-03-21 10:40:03,221][flwr][DEBUG] - fit_round 37: strategy sampled 20 clients (out of 100)
[2024-03-21 10:40:08,105][flwr][DEBUG] - fit_round 37 received 20 results and 0 failures
[2024-03-21 10:40:11,362][flwr][INFO] - fit progress: (37, 0.06590185592416674, {'test_accuracy': 0.7978}, 320.9080237499438)
[2024-03-21 10:40:11,362][flwr][INFO] - Sampled the following clients: ['17', '3', '16', '25', '53', '66', '67', '44', '47', '41', '0', '18', '65', '76', '92', '50', '33', '22', '34', '26']
[2024-03-21 10:40:11,362][flwr][DEBUG] - evaluate_round 37: strategy sampled 20 clients (out of 100)
[2024-03-21 10:40:11,730][flwr][DEBUG] - evaluate_round 37 received 20 results and 0 failures
[2024-03-21 10:40:11,737][flwr][INFO] - Sampled the following clients: ['49', '24', '86', '91', '5', '65', '13', '54', '10', '20', '56', '95', '31', '50', '11', '34', '39', '74', '32', '52']
[2024-03-21 10:40:11,737][flwr][DEBUG] - fit_round 38: strategy sampled 20 clients (out of 100)
[2024-03-21 10:40:17,137][flwr][DEBUG] - fit_round 38 received 20 results and 0 failures
[2024-03-21 10:40:21,770][flwr][INFO] - fit progress: (38, 0.06557118289768696, {'test_accuracy': 0.8094}, 331.3161844999995)
[2024-03-21 10:40:21,770][flwr][INFO] - Sampled the following clients: ['17', '93', '68', '88', '13', '28', '20', '83', '84', '87', '76', '37', '60', '64', '70', '96', '30', '95', '98', '6']
[2024-03-21 10:40:21,770][flwr][DEBUG] - evaluate_round 38: strategy sampled 20 clients (out of 100)
[2024-03-21 10:40:22,206][flwr][DEBUG] - evaluate_round 38 received 20 results and 0 failures
[2024-03-21 10:40:22,229][flwr][INFO] - Sampled the following clients: ['67', '2', '30', '74', '62', '82', '22', '35', '14', '9', '57', '8', '99', '33', '19', '90', '23', '66', '58', '37']
[2024-03-21 10:40:22,229][flwr][DEBUG] - fit_round 39: strategy sampled 20 clients (out of 100)
[2024-03-21 10:40:27,260][flwr][DEBUG] - fit_round 39 received 20 results and 0 failures
[2024-03-21 10:40:32,163][flwr][INFO] - fit progress: (39, 0.07315858912914991, {'test_accuracy': 0.7624}, 341.7086394580547)
[2024-03-21 10:40:32,163][flwr][INFO] - Sampled the following clients: ['26', '67', '91', '27', '71', '15', '41', '17', '6', '46', '59', '31', '22', '40', '83', '65', '56', '39', '80', '53']
[2024-03-21 10:40:32,163][flwr][DEBUG] - evaluate_round 39: strategy sampled 20 clients (out of 100)
[2024-03-21 10:40:32,593][flwr][DEBUG] - evaluate_round 39 received 20 results and 0 failures
[2024-03-21 10:40:32,599][flwr][INFO] - Sampled the following clients: ['61', '85', '96', '57', '44', '65', '94', '62', '39', '73', '7', '18', '74', '75', '88', '98', '16', '83', '34', '68']
[2024-03-21 10:40:32,599][flwr][DEBUG] - fit_round 40: strategy sampled 20 clients (out of 100)
[2024-03-21 10:40:37,531][flwr][DEBUG] - fit_round 40 received 20 results and 0 failures
[2024-03-21 10:40:41,414][flwr][INFO] - fit progress: (40, 0.07475065207313747, {'test_accuracy': 0.7706}, 350.9597913750913)
[2024-03-21 10:40:41,414][flwr][INFO] - Sampled the following clients: ['72', '27', '76', '82', '39', '25', '50', '61', '74', '54', '92', '46', '13', '77', '91', '90', '60', '40', '99', '71']
[2024-03-21 10:40:41,414][flwr][DEBUG] - evaluate_round 40: strategy sampled 20 clients (out of 100)
[2024-03-21 10:40:41,843][flwr][DEBUG] - evaluate_round 40 received 20 results and 0 failures
[2024-03-21 10:40:41,856][flwr][INFO] - Sampled the following clients: ['21', '93', '32', '23', '39', '55', '34', '81', '20', '88', '82', '94', '3', '87', '25', '66', '70', '99', '7', '45']
[2024-03-21 10:40:41,856][flwr][DEBUG] - fit_round 41: strategy sampled 20 clients (out of 100)
[2024-03-21 10:40:47,087][flwr][DEBUG] - fit_round 41 received 20 results and 0 failures
[2024-03-21 10:40:50,918][flwr][INFO] - fit progress: (41, 0.0711743128374219, {'test_accuracy': 0.7677}, 360.46440437505953)
[2024-03-21 10:40:50,918][flwr][INFO] - Sampled the following clients: ['38', '70', '59', '23', '24', '20', '12', '86', '73', '81', '49', '68', '51', '71', '85', '0', '80', '41', '61', '7']
[2024-03-21 10:40:50,919][flwr][DEBUG] - evaluate_round 41: strategy sampled 20 clients (out of 100)
[2024-03-21 10:40:51,331][flwr][DEBUG] - evaluate_round 41 received 20 results and 0 failures
[2024-03-21 10:40:51,339][flwr][INFO] - Sampled the following clients: ['45', '12', '91', '6', '85', '56', '8', '5', '13', '47', '43', '18', '88', '66', '29', '35', '58', '53', '34', '17']
[2024-03-21 10:40:51,339][flwr][DEBUG] - fit_round 42: strategy sampled 20 clients (out of 100)
[2024-03-21 10:40:56,139][flwr][DEBUG] - fit_round 42 received 20 results and 0 failures
[2024-03-21 10:40:59,715][flwr][INFO] - fit progress: (42, 0.07290720614492893, {'test_accuracy': 0.7577}, 369.260885583004)
[2024-03-21 10:40:59,715][flwr][INFO] - Sampled the following clients: ['86', '7', '1', '93', '81', '61', '60', '88', '62', '40', '69', '35', '44', '90', '79', '53', '21', '50', '26', '58']
[2024-03-21 10:40:59,715][flwr][DEBUG] - evaluate_round 42: strategy sampled 20 clients (out of 100)
[2024-03-21 10:41:00,114][flwr][DEBUG] - evaluate_round 42 received 20 results and 0 failures
[2024-03-21 10:41:00,127][flwr][INFO] - Sampled the following clients: ['90', '25', '82', '35', '51', '3', '97', '84', '10', '37', '6', '15', '86', '38', '5', '85', '1', '17', '42', '29']
[2024-03-21 10:41:00,127][flwr][DEBUG] - fit_round 43: strategy sampled 20 clients (out of 100)
[2024-03-21 10:41:04,963][flwr][DEBUG] - fit_round 43 received 20 results and 0 failures
[2024-03-21 10:41:08,310][flwr][INFO] - fit progress: (43, 0.06557881572134792, {'test_accuracy': 0.7915}, 377.8565058331005)
[2024-03-21 10:41:08,311][flwr][INFO] - Sampled the following clients: ['13', '44', '9', '42', '82', '12', '69', '50', '48', '21', '45', '95', '71', '34', '46', '59', '93', '22', '64', '10']
[2024-03-21 10:41:08,311][flwr][DEBUG] - evaluate_round 43: strategy sampled 20 clients (out of 100)
[2024-03-21 10:41:08,717][flwr][DEBUG] - evaluate_round 43 received 20 results and 0 failures
[2024-03-21 10:41:08,723][flwr][INFO] - Sampled the following clients: ['79', '7', '85', '69', '34', '87', '66', '25', '27', '52', '55', '38', '75', '30', '43', '91', '95', '40', '17', '35']
[2024-03-21 10:41:08,724][flwr][DEBUG] - fit_round 44: strategy sampled 20 clients (out of 100)
[2024-03-21 10:41:13,476][flwr][DEBUG] - fit_round 44 received 20 results and 0 failures
[2024-03-21 10:41:17,249][flwr][INFO] - fit progress: (44, 0.060174888749979435, {'test_accuracy': 0.8219}, 386.7949574170634)
[2024-03-21 10:41:17,249][flwr][INFO] - Sampled the following clients: ['37', '73', '34', '63', '55', '66', '58', '24', '86', '93', '80', '32', '59', '83', '88', '12', '9', '13', '29', '14']
[2024-03-21 10:41:17,249][flwr][DEBUG] - evaluate_round 44: strategy sampled 20 clients (out of 100)
[2024-03-21 10:41:17,694][flwr][DEBUG] - evaluate_round 44 received 20 results and 0 failures
[2024-03-21 10:41:17,707][flwr][INFO] - Sampled the following clients: ['87', '5', '38', '6', '65', '3', '30', '52', '29', '57', '22', '83', '70', '7', '40', '58', '8', '63', '99', '56']
[2024-03-21 10:41:17,707][flwr][DEBUG] - fit_round 45: strategy sampled 20 clients (out of 100)
[2024-03-21 10:41:22,636][flwr][DEBUG] - fit_round 45 received 20 results and 0 failures
[2024-03-21 10:41:25,989][flwr][INFO] - fit progress: (45, 0.06861641353089362, {'test_accuracy': 0.7777}, 395.5348466669675)
[2024-03-21 10:41:25,989][flwr][INFO] - Sampled the following clients: ['41', '34', '97', '31', '24', '28', '45', '16', '89', '73', '10', '43', '90', '60', '57', '32', '3', '78', '50', '40']
[2024-03-21 10:41:25,989][flwr][DEBUG] - evaluate_round 45: strategy sampled 20 clients (out of 100)
[2024-03-21 10:41:26,385][flwr][DEBUG] - evaluate_round 45 received 20 results and 0 failures
[2024-03-21 10:41:26,395][flwr][INFO] - Sampled the following clients: ['73', '34', '72', '36', '14', '39', '21', '86', '37', '3', '26', '92', '4', '24', '81', '50', '67', '52', '40', '94']
[2024-03-21 10:41:26,395][flwr][DEBUG] - fit_round 46: strategy sampled 20 clients (out of 100)
[2024-03-21 10:41:31,117][flwr][DEBUG] - fit_round 46 received 20 results and 0 failures
[2024-03-21 10:41:34,497][flwr][INFO] - fit progress: (46, 0.06535273127667605, {'test_accuracy': 0.797}, 404.0428418330848)
[2024-03-21 10:41:34,497][flwr][INFO] - Sampled the following clients: ['67', '47', '19', '92', '73', '38', '6', '10', '61', '60', '7', '79', '93', '52', '58', '62', '56', '63', '33', '31']
[2024-03-21 10:41:34,497][flwr][DEBUG] - evaluate_round 46: strategy sampled 20 clients (out of 100)
[2024-03-21 10:41:34,915][flwr][DEBUG] - evaluate_round 46 received 20 results and 0 failures
[2024-03-21 10:41:34,929][flwr][INFO] - Sampled the following clients: ['99', '64', '61', '8', '97', '42', '88', '57', '44', '46', '32', '11', '49', '20', '28', '60', '40', '10', '69', '80']
[2024-03-21 10:41:34,929][flwr][DEBUG] - fit_round 47: strategy sampled 20 clients (out of 100)
[2024-03-21 10:41:39,791][flwr][DEBUG] - fit_round 47 received 20 results and 0 failures
[2024-03-21 10:41:43,210][flwr][INFO] - fit progress: (47, 0.0669258737154305, {'test_accuracy': 0.8021}, 412.75563670811243)
[2024-03-21 10:41:43,210][flwr][INFO] - Sampled the following clients: ['3', '31', '95', '17', '53', '18', '88', '37', '40', '64', '24', '30', '67', '85', '58', '90', '45', '74', '11', '65']
[2024-03-21 10:41:43,210][flwr][DEBUG] - evaluate_round 47: strategy sampled 20 clients (out of 100)
[2024-03-21 10:41:43,631][flwr][DEBUG] - evaluate_round 47 received 20 results and 0 failures
[2024-03-21 10:41:43,638][flwr][INFO] - Sampled the following clients: ['55', '48', '40', '10', '67', '39', '26', '58', '11', '93', '89', '3', '51', '35', '12', '59', '52', '72', '99', '53']
[2024-03-21 10:41:43,638][flwr][DEBUG] - fit_round 48: strategy sampled 20 clients (out of 100)
[2024-03-21 10:41:48,198][flwr][DEBUG] - fit_round 48 received 20 results and 0 failures
[2024-03-21 10:41:51,532][flwr][INFO] - fit progress: (48, 0.06469313804470003, {'test_accuracy': 0.791}, 421.0777080419939)
[2024-03-21 10:41:51,532][flwr][INFO] - Sampled the following clients: ['82', '2', '84', '6', '17', '65', '46', '19', '38', '47', '85', '14', '74', '27', '43', '95', '83', '52', '49', '89']
[2024-03-21 10:41:51,532][flwr][DEBUG] - evaluate_round 48: strategy sampled 20 clients (out of 100)
[2024-03-21 10:41:51,923][flwr][DEBUG] - evaluate_round 48 received 20 results and 0 failures
[2024-03-21 10:41:51,930][flwr][INFO] - Sampled the following clients: ['20', '50', '8', '97', '24', '32', '89', '46', '63', '65', '83', '6', '40', '66', '47', '9', '68', '61', '7', '93']
[2024-03-21 10:41:51,930][flwr][DEBUG] - fit_round 49: strategy sampled 20 clients (out of 100)
[2024-03-21 10:41:56,740][flwr][DEBUG] - fit_round 49 received 20 results and 0 failures
[2024-03-21 10:42:00,006][flwr][INFO] - fit progress: (49, 0.06147506037224084, {'test_accuracy': 0.8147}, 429.5520347079728)
[2024-03-21 10:42:00,006][flwr][INFO] - Sampled the following clients: ['25', '15', '92', '57', '34', '79', '41', '59', '93', '42', '4', '86', '95', '50', '71', '22', '8', '20', '17', '96']
[2024-03-21 10:42:00,006][flwr][DEBUG] - evaluate_round 49: strategy sampled 20 clients (out of 100)
[2024-03-21 10:42:00,392][flwr][DEBUG] - evaluate_round 49 received 20 results and 0 failures
[2024-03-21 10:42:00,399][flwr][INFO] - Sampled the following clients: ['48', '9', '22', '82', '71', '57', '19', '34', '15', '7', '68', '56', '89', '78', '31', '74', '18', '62', '36', '3']
[2024-03-21 10:42:00,399][flwr][DEBUG] - fit_round 50: strategy sampled 20 clients (out of 100)
[2024-03-21 10:42:05,154][flwr][DEBUG] - fit_round 50 received 20 results and 0 failures
[2024-03-21 10:42:08,532][flwr][INFO] - fit progress: (50, 0.06471103632394225, {'test_accuracy': 0.8091}, 438.07770404196344)
[2024-03-21 10:42:08,532][flwr][INFO] - Sampled the following clients: ['21', '57', '20', '99', '28', '50', '37', '66', '39', '9', '78', '35', '52', '11', '25', '77', '93', '10', '89', '56']
[2024-03-21 10:42:08,532][flwr][DEBUG] - evaluate_round 50: strategy sampled 20 clients (out of 100)
[2024-03-21 10:42:08,922][flwr][DEBUG] - evaluate_round 50 received 20 results and 0 failures
[2024-03-21 10:42:08,933][flwr][INFO] - FL finished in 438.47856220812537
[2024-03-21 10:42:08,942][flwr][INFO] - app_fit: losses_distributed [(1, 0.25085099686967566), (2, 0.2021556589361671), (3, 0.15257544726811859), (4, 0.15773882547816137), (5, 0.11951000963756611), (6, 0.12302452257734678), (7, 0.13152405617156238), (8, 0.12666528642577948), (9, 0.10822396760401519), (10, 0.10568685909952492), (11, 0.08566279066360884), (12, 0.077453189818783), (13, 0.0924290463318635), (14, 0.09376744764370783), (15, 0.1080443117164906), (16, 0.08114939459513143), (17, 0.0798750264404265), (18, 0.08688051243464054), (19, 0.08892573093615995), (20, 0.09569562759121727), (21, 0.08258286881380668), (22, 0.07604197421984643), (23, 0.06537825586410871), (24, 0.10119982428108538), (25, 0.08667100400568879), (26, 0.05865723348044335), (27, 0.06887624946922703), (28, 0.08846882403942577), (29, 0.0912834713029216), (30, 0.07314115065378793), (31, 0.07424141358433649), (32, 0.0802904202627004), (33, 0.07741050963810733), (34, 0.08750582656074632), (35, 0.06324472431949987), (36, 0.07492457488157107), (37, 0.0595665708321731), (38, 0.07850574952307875), (39, 0.08107929347482111), (40, 0.08720024377746288), (41, 0.07730408621042992), (42, 0.07200904525977708), (43, 0.07156024868000473), (44, 0.06358648223146057), (45, 0.07156467905556473), (46, 0.06338343167094042), (47, 0.07230318438513243), (48, 0.07321735583813915), (49, 0.06220800314935854), (50, 0.061396728169334974)]
[2024-03-21 10:42:08,943][flwr][INFO] - app_fit: metrics_distributed_fit {'train_loss': [(1, 0.16128622447417137), (2, 0.12140572488030328), (3, 0.08867630580365582), (4, 0.11559019680555814), (5, 0.09994199971479768), (6, 0.07619926685837324), (7, 0.0753945492464456), (8, 0.051863752000629995), (9, 0.05600591646719595), (10, 0.0835595143255779), (11, 0.054580405598254875), (12, 0.07508346003711121), (13, 0.07312904413779694), (14, 0.06611670786191962), (15, 0.07680835180604453), (16, 0.06559698296112013), (17, 0.04895720011279951), (18, 0.07505828319575251), (19, 0.06279631320476285), (20, 0.061364441856041056), (21, 0.06110128752559537), (22, 0.05129497567683126), (23, 0.05791820767282915), (24, 0.06157239890499621), (25, 0.03960606385984629), (26, 0.04057364987350366), (27, 0.04058338599264943), (28, 0.05223264932974463), (29, 0.057498590873686584), (30, 0.035583670785051556), (31, 0.05294849777120123), (32, 0.04969652503949185), (33, 0.04515030485551885), (34, 0.0337736589087616), (35, 0.053114250260219764), (36, 0.05482646060804153), (37, 0.04202600953083236), (38, 0.05131664169545566), (39, 0.03234033038976992), (40, 0.0419642064098959), (41, 0.04878363115768642), (42, 0.04914496215996885), (43, 0.03427675893853764), (44, 0.04794846406792933), (45, 0.04528179817918807), (46, 0.04383521199657677), (47, 0.052294048567263995), (48, 0.035402252914141674), (49, 0.04828907982333952), (50, 0.03370231097258474)], 'train_accuracy': [(1, 0.7914572864321608), (2, 0.8342968958463044), (3, 0.8781158184058383), (4, 0.8362888482632541), (5, 0.8599698454579721), (6, 0.8928504409832989), (7, 0.9008843036109064), (8, 0.9334645669291338), (9, 0.9259431765253843), (10, 0.8774840312278211), (11, 0.9243445692883895), (12, 0.8912160915298025), (13, 0.8952917651336121), (14, 0.904900445495045), (15, 0.8881458409673874), (16, 0.9069314280411989), (17, 0.9355646208047469), (18, 0.8911084270184892), (19, 0.911195087387813), (20, 0.9174708206966271), (21, 0.9133567337890264), (22, 0.9283613246038523), (23, 0.9226114065651935), (24, 0.9139491046182846), (25, 0.9437139343486898), (26, 0.9446995603321935), (27, 0.944370483073412), (28, 0.9289517165412153), (29, 0.9154942528735632), (30, 0.954520295202952), (31, 0.9227381170857037), (32, 0.9284439853507371), (33, 0.9375770799734371), (34, 0.9554050239909682), (35, 0.9244472866800658), (36, 0.9174939759036145), (37, 0.9409073935772965), (38, 0.9265294720178787), (39, 0.9583171772004653), (40, 0.9430568499534017), (41, 0.9252029377657518), (42, 0.9294085078896374), (43, 0.958686050791314), (44, 0.9324324324324325), (45, 0.9371653987038603), (46, 0.9367901694284119), (47, 0.9206290812103375), (48, 0.9498856707317073), (49, 0.9287172823463895), (50, 0.9567774458551157)]}
[2024-03-21 10:42:08,947][flwr][INFO] - app_fit: metrics_distributed {'test_accuracy': [(1, 0.36), (2, 0.4152097902097902), (3, 0.6243432574430823), (4, 0.46716541978387366), (5, 0.6882096069868996), (6, 0.7101827676240209), (7, 0.6385442514474773), (8, 0.6288832913518052), (9, 0.6904347826086956), (10, 0.6824212271973465), (11, 0.7602339181286549), (12, 0.7991489361702128), (13, 0.7502175805047868), (14, 0.7327227310574521), (15, 0.6730930427493713), (16, 0.8041237113402062), (17, 0.7962328767123288), (18, 0.7553366174055829), (19, 0.738799661876585), (20, 0.7278854254422915), (21, 0.748932536293766), (22, 0.8003549245785271), (23, 0.8369283865401208), (24, 0.6465798045602605), (25, 0.723265306122449), (26, 0.8374468085106384), (27, 0.7947238252267106), (28, 0.746031746031746), (29, 0.7317473338802297), (30, 0.7963917525773195), (31, 0.7904040404040404), (32, 0.760268231349539), (33, 0.7778709136630344), (34, 0.7154742096505824), (35, 0.841927303465765), (36, 0.761864406779661), (37, 0.8541300527240774), (38, 0.7741407528641571), (39, 0.7517006802721088), (40, 0.7291666666666666), (41, 0.7555923777961889), (42, 0.787012987012987), (43, 0.7867892976588629), (44, 0.8132884777123633), (45, 0.76732249786142), (46, 0.8104417670682731), (47, 0.7915611814345992), (48, 0.7790601813685079), (49, 0.827212020033389), (50, 0.82)]}
[2024-03-21 10:42:08,948][flwr][INFO] - app_fit: losses_centralized [(0, 0.2877504863500595), (1, 0.24765459374189377), (2, 0.18988164682984351), (3, 0.14790016694068908), (4, 0.13480116952955723), (5, 0.1134777135103941), (6, 0.11779168760478496), (7, 0.10601314982622861), (8, 0.10736417081207036), (9, 0.10164569489061832), (10, 0.10015057093650102), (11, 0.09911045418977737), (12, 0.08870379184558988), (13, 0.09820620433017611), (14, 0.0860485053524375), (15, 0.08723276051729918), (16, 0.08668430928960442), (17, 0.08660079139322042), (18, 0.0877358241841197), (19, 0.07997204004526139), (20, 0.08224773483648896), (21, 0.0846726707406342), (22, 0.07665781097561121), (23, 0.07321416440196335), (24, 0.07685691801980138), (25, 0.07768556530624628), (26, 0.07486588753089309), (27, 0.07448348250053823), (28, 0.07683963971659541), (29, 0.07663858403209597), (30, 0.07243380500040948), (31, 0.07270245481282472), (32, 0.07913273038826883), (33, 0.06654771255087108), (34, 0.06900511110685766), (35, 0.06550101019106805), (36, 0.07172449952811003), (37, 0.06590185592416674), (38, 0.06557118289768696), (39, 0.07315858912914991), (40, 0.07475065207313747), (41, 0.0711743128374219), (42, 0.07290720614492893), (43, 0.06557881572134792), (44, 0.060174888749979435), (45, 0.06861641353089362), (46, 0.06535273127667605), (47, 0.0669258737154305), (48, 0.06469313804470003), (49, 0.06147506037224084), (50, 0.06471103632394225)]
[2024-03-21 10:42:08,948][flwr][INFO] - app_fit: metrics_centralized {'test_accuracy': [(0, 0.0943), (1, 0.3088), (2, 0.4136), (3, 0.5842), (4, 0.5734), (5, 0.6786), (6, 0.6921), (7, 0.7091), (8, 0.6939), (9, 0.6943), (10, 0.6919), (11, 0.6948), (12, 0.734), (13, 0.6866), (14, 0.7411), (15, 0.7307), (16, 0.7456), (17, 0.7364), (18, 0.7277), (19, 0.7496), (20, 0.7493), (21, 0.745), (22, 0.7579), (23, 0.7728), (24, 0.7544), (25, 0.7518), (26, 0.7629), (27, 0.7604), (28, 0.762), (29, 0.7636), (30, 0.77), (31, 0.7757), (32, 0.7521), (33, 0.7938), (34, 0.792), (35, 0.806), (36, 0.7776), (37, 0.7978), (38, 0.8094), (39, 0.7624), (40, 0.7706), (41, 0.7677), (42, 0.7577), (43, 0.7915), (44, 0.8219), (45, 0.7777), (46, 0.797), (47, 0.8021), (48, 0.791), (49, 0.8147), (50, 0.8091)]}
[2024-03-21 10:42:10,634][flwr][INFO] - Cleaned up ray temp session: /tmp/ray/session_2024-03-21_10-34-44_408843_40279 with size: 875486625792
[2024-03-21 10:42:10,634][flwr][INFO] - Saving ['yaml', 'log', 'wandb']
