[2024-03-20 18:58:56,696][flwr][INFO] - working_dir: null
to_save_once:
- yaml
- log
- wandb
to_save_per_round:
- parameters
- rng
- history
save_frequency: 1
to_restore: []
to_clean_once:
- history
- parameters
- yaml
- log
- rng
- history
use_wandb: false
debug_clients:
  all: false
  one: true
wandb_resume: false
wandb_id: null
wandb:
  setup:
    project: template
    tags:
    - strategy_${strategy.name}
    - seed_${fed.seed}
    entity: null
    mode: online
ray_address: null
ray_redis_password: null
ray_node_ip_address: null
file_limit: 250
task:
  model_and_data: FMNIST_CNN
  train_structure: FMNIST
  fit_config:
    net_config: {}
    dataloader_config:
      batch_size: 4
    run_config:
      epochs: 1
      learning_rate: 0.01
      optimizer: block_mc
    extra: {}
  eval_config:
    net_config: {}
    dataloader_config:
      batch_size: 8
    run_config: {}
    extra: {}
  fed_test_config:
    net_config: {}
    dataloader_config:
      batch_size: 8
    run_config: {}
    extra: {}
  net_config_initial_parameters: {}
  fit_metrics:
  - train_loss
  - train_accuracy
  evaluate_metrics:
  - test_accuracy
fed:
  num_rounds: 50
  num_total_clients: 100
  num_clients_per_round: 20
  num_evaluate_clients_per_round: 20
  enable_resampling: false
  cpus_per_client: 2
  gpus_per_client: 0
  seed: 1337
  load_saved_state: true
  server_round: null
  parameters_folder: null
  rng_folder: null
  history_folder: null
strategy:
  name: FedAvg
  init:
    _target_: flwr.server.strategy.FedAvg
dataset:
  dataset_dir: ./data/fmnist/data
  partition_dir: ./data/fmnist/partition
  num_clients: 100
  val_ratio: 0.1
  seed: 1337
  iid: false
  power_law: false
  balance: false
  lda: true
  alpha: 1.0

[2024-03-20 18:58:56,716][flwr][INFO] - Wandb run initialized with False
[2024-03-20 18:58:56,717][flwr][INFO] - Pre-cleaning ['history', 'parameters', 'yaml', 'log', 'rng', 'history']
[2024-03-20 18:58:56,717][flwr][INFO] - Loading parameters failed from: /Users/grantwilkins/fl-final-proj/outputs/2024-03-20/18-58-56/results/state/parameters/parameters_0.bin
[2024-03-20 18:58:56,717][flwr][INFO] - Generating initial parameters with config: {}
[2024-03-20 18:58:56,717][flwr][INFO] - Generating initial parameters with config: {}
[2024-03-20 18:58:56,729][flwr][INFO] - Using RNG seed: 1337
[2024-03-20 18:59:19,201][flwr][INFO] - Fit debug fit: [515, {'train_loss': 0.48107811976405024, 'train_accuracy': 0.429126213592233}]  and eval: (0.325139463993541, 57, {'test_accuracy': 0.12280701754385964})
[2024-03-20 18:59:19,202][flwr][INFO] - Starting Flower simulation, config: ServerConfig(num_rounds=50, round_timeout=None)
[2024-03-20 18:59:22,787][flwr][INFO] - Flower VCE: Ray initialized with resources: {'memory': 16026630554.0, 'object_store_memory': 2147483648.0, 'node:__internal_head__': 1.0, 'node:127.0.0.1': 1.0, 'CPU': 10.0}
[2024-03-20 18:59:22,787][flwr][INFO] - Optimize your simulation with Flower VCE: https://flower.dev/docs/framework/how-to-run-simulations.html
[2024-03-20 18:59:22,787][flwr][INFO] - Flower VCE: Resources for each Virtual Client: {'num_cpus': 2, 'num_gpus': 0.0}
[2024-03-20 18:59:22,794][flwr][INFO] - Flower VCE: Creating VirtualClientEngineActorPool with 5 actors
[2024-03-20 18:59:22,794][flwr][INFO] - Initializing global parameters
[2024-03-20 18:59:22,794][flwr][INFO] - Using initial parameters provided by strategy
[2024-03-20 18:59:22,794][flwr][INFO] - Evaluating initial parameters
[2024-03-20 18:59:26,278][flwr][INFO] - initial parameters (loss, other metrics): 0.28742435386180876, {'test_accuracy': 0.1401}
[2024-03-20 18:59:26,284][flwr][INFO] - FL starting
[2024-03-20 18:59:26,284][flwr][INFO] - Sampled the following clients: ['18', '62', '29', '0', '45', '56', '26', '93', '96', '76', '83', '92', '99', '54', '43', '3', '84', '27', '37', '59']
[2024-03-20 18:59:26,284][flwr][DEBUG] - fit_round 1: strategy sampled 20 clients (out of 100)
[2024-03-20 19:03:11,470][flwr][DEBUG] - fit_round 1 received 20 results and 0 failures
[2024-03-20 19:03:14,412][flwr][INFO] - fit progress: (1, 0.2809408677816391, {'test_accuracy': 0.2575}, 228.12666120799258)
[2024-03-20 19:03:14,412][flwr][INFO] - Sampled the following clients: ['41', '72', '1', '61', '47', '80', '99', '97', '54', '10', '58', '93', '89', '30', '23', '14', '31', '68', '96', '66']
[2024-03-20 19:03:14,412][flwr][DEBUG] - evaluate_round 1: strategy sampled 20 clients (out of 100)
[2024-03-20 19:03:15,641][flwr][DEBUG] - evaluate_round 1 received 20 results and 0 failures
[2024-03-20 19:03:15,661][flwr][INFO] - Sampled the following clients: ['0', '59', '24', '71', '20', '33', '69', '36', '73', '9', '61', '14', '37', '84', '42', '27', '79', '31', '46', '53']
[2024-03-20 19:03:15,661][flwr][DEBUG] - fit_round 2: strategy sampled 20 clients (out of 100)
[2024-03-20 19:07:02,112][flwr][DEBUG] - fit_round 2 received 20 results and 0 failures
[2024-03-20 19:07:05,044][flwr][INFO] - fit progress: (2, 0.2728115218400955, {'test_accuracy': 0.2445}, 458.7574015830178)
[2024-03-20 19:07:05,044][flwr][INFO] - Sampled the following clients: ['18', '80', '54', '3', '75', '57', '0', '27', '22', '23', '99', '78', '37', '2', '51', '55', '58', '4', '44', '74']
[2024-03-20 19:07:05,044][flwr][DEBUG] - evaluate_round 2: strategy sampled 20 clients (out of 100)
[2024-03-20 19:07:06,111][flwr][DEBUG] - evaluate_round 2 received 20 results and 0 failures
[2024-03-20 19:07:06,130][flwr][INFO] - Sampled the following clients: ['40', '96', '0', '76', '54', '73', '31', '66', '72', '32', '74', '12', '75', '55', '15', '83', '56', '19', '9', '90']
[2024-03-20 19:07:06,130][flwr][DEBUG] - fit_round 3: strategy sampled 20 clients (out of 100)
[2024-03-20 19:10:49,418][flwr][DEBUG] - fit_round 3 received 20 results and 0 failures
[2024-03-20 19:10:52,356][flwr][INFO] - fit progress: (3, 0.2608936916470528, {'test_accuracy': 0.5311}, 686.0687502920628)
[2024-03-20 19:10:52,356][flwr][INFO] - Sampled the following clients: ['21', '94', '43', '95', '75', '77', '53', '41', '11', '67', '28', '84', '7', '57', '4', '91', '6', '76', '2', '25']
[2024-03-20 19:10:52,356][flwr][DEBUG] - evaluate_round 3: strategy sampled 20 clients (out of 100)
[2024-03-20 19:10:53,420][flwr][DEBUG] - evaluate_round 3 received 20 results and 0 failures
[2024-03-20 19:10:53,437][flwr][INFO] - Sampled the following clients: ['96', '98', '53', '49', '10', '18', '42', '63', '37', '88', '94', '81', '31', '56', '74', '50', '86', '25', '15', '28']
[2024-03-20 19:10:53,437][flwr][DEBUG] - fit_round 4: strategy sampled 20 clients (out of 100)
[2024-03-20 19:14:39,540][flwr][DEBUG] - fit_round 4 received 20 results and 0 failures
[2024-03-20 19:14:42,486][flwr][INFO] - fit progress: (4, 0.24665893285274507, {'test_accuracy': 0.5726}, 916.1982873328961)
[2024-03-20 19:14:42,493][flwr][INFO] - Sampled the following clients: ['36', '62', '92', '38', '75', '54', '45', '8', '26', '7', '91', '63', '43', '52', '66', '10', '83', '60', '55', '21']
[2024-03-20 19:14:42,493][flwr][DEBUG] - evaluate_round 4: strategy sampled 20 clients (out of 100)
[2024-03-20 19:14:43,546][flwr][DEBUG] - evaluate_round 4 received 20 results and 0 failures
[2024-03-20 19:14:43,570][flwr][INFO] - Sampled the following clients: ['3', '38', '10', '6', '91', '66', '41', '36', '94', '40', '8', '35', '69', '79', '27', '64', '65', '70', '59', '20']
[2024-03-20 19:14:43,570][flwr][DEBUG] - fit_round 5: strategy sampled 20 clients (out of 100)
[2024-03-20 19:18:35,013][flwr][DEBUG] - fit_round 5 received 20 results and 0 failures
[2024-03-20 19:18:37,958][flwr][INFO] - fit progress: (5, 0.23022379059791565, {'test_accuracy': 0.5527}, 1151.669048791984)
[2024-03-20 19:18:37,958][flwr][INFO] - Sampled the following clients: ['18', '81', '51', '75', '11', '66', '76', '39', '10', '89', '96', '57', '79', '50', '40', '90', '45', '46', '31', '61']
[2024-03-20 19:18:37,958][flwr][DEBUG] - evaluate_round 5: strategy sampled 20 clients (out of 100)
[2024-03-20 19:18:39,232][flwr][DEBUG] - evaluate_round 5 received 20 results and 0 failures
[2024-03-20 19:18:39,238][flwr][INFO] - Sampled the following clients: ['53', '40', '33', '94', '26', '41', '52', '3', '31', '69', '76', '81', '27', '71', '18', '91', '2', '44', '11', '84']
[2024-03-20 19:18:39,238][flwr][DEBUG] - fit_round 6: strategy sampled 20 clients (out of 100)
[2024-03-20 19:22:28,869][flwr][DEBUG] - fit_round 6 received 20 results and 0 failures
[2024-03-20 19:22:31,751][flwr][INFO] - fit progress: (6, 0.2124676298379898, {'test_accuracy': 0.6081}, 1385.4614530829713)
[2024-03-20 19:22:31,752][flwr][INFO] - Sampled the following clients: ['40', '30', '61', '48', '49', '90', '2', '85', '27', '65', '80', '12', '74', '47', '39', '69', '63', '86', '87', '66']
[2024-03-20 19:22:31,752][flwr][DEBUG] - evaluate_round 6: strategy sampled 20 clients (out of 100)
[2024-03-20 19:22:32,849][flwr][DEBUG] - evaluate_round 6 received 20 results and 0 failures
[2024-03-20 19:22:32,856][flwr][INFO] - Sampled the following clients: ['63', '74', '14', '11', '58', '76', '92', '62', '73', '22', '65', '91', '47', '71', '56', '10', '40', '17', '33', '34']
[2024-03-20 19:22:32,856][flwr][DEBUG] - fit_round 7: strategy sampled 20 clients (out of 100)
[2024-03-20 19:26:21,164][flwr][DEBUG] - fit_round 7 received 20 results and 0 failures
[2024-03-20 19:26:24,064][flwr][INFO] - fit progress: (7, 0.1955009044408798, {'test_accuracy': 0.5758}, 1617.7761254999787)
[2024-03-20 19:26:24,064][flwr][INFO] - Sampled the following clients: ['9', '28', '80', '42', '19', '82', '17', '84', '43', '69', '56', '15', '63', '81', '6', '64', '10', '68', '89', '12']
[2024-03-20 19:26:24,064][flwr][DEBUG] - evaluate_round 7: strategy sampled 20 clients (out of 100)
[2024-03-20 19:26:25,159][flwr][DEBUG] - evaluate_round 7 received 20 results and 0 failures
[2024-03-20 19:26:25,166][flwr][INFO] - Sampled the following clients: ['26', '65', '22', '82', '73', '93', '50', '48', '76', '3', '11', '51', '79', '90', '96', '2', '86', '25', '19', '13']
[2024-03-20 19:26:25,166][flwr][DEBUG] - fit_round 8: strategy sampled 20 clients (out of 100)
[2024-03-20 19:30:13,439][flwr][DEBUG] - fit_round 8 received 20 results and 0 failures
[2024-03-20 19:30:16,368][flwr][INFO] - fit progress: (8, 0.1811429212152958, {'test_accuracy': 0.6104}, 1850.0871136670467)
[2024-03-20 19:30:16,368][flwr][INFO] - Sampled the following clients: ['53', '17', '91', '18', '86', '0', '30', '80', '22', '81', '76', '61', '52', '55', '96', '68', '54', '28', '92', '64']
[2024-03-20 19:30:16,368][flwr][DEBUG] - evaluate_round 8: strategy sampled 20 clients (out of 100)
[2024-03-20 19:30:17,425][flwr][DEBUG] - evaluate_round 8 received 20 results and 0 failures
[2024-03-20 19:30:17,442][flwr][INFO] - Sampled the following clients: ['9', '90', '34', '35', '37', '31', '17', '5', '26', '19', '83', '11', '18', '8', '77', '84', '29', '3', '56', '72']
[2024-03-20 19:30:17,442][flwr][DEBUG] - fit_round 9: strategy sampled 20 clients (out of 100)
[2024-03-20 19:34:02,398][flwr][DEBUG] - fit_round 9 received 20 results and 0 failures
[2024-03-20 19:34:05,308][flwr][INFO] - fit progress: (9, 0.16870323256254197, {'test_accuracy': 0.655}, 2079.026552707888)
[2024-03-20 19:34:05,308][flwr][INFO] - Sampled the following clients: ['99', '24', '66', '35', '3', '1', '50', '67', '13', '97', '76', '4', '75', '53', '87', '61', '98', '31', '45', '44']
[2024-03-20 19:34:05,308][flwr][DEBUG] - evaluate_round 9: strategy sampled 20 clients (out of 100)
[2024-03-20 19:34:06,376][flwr][DEBUG] - evaluate_round 9 received 20 results and 0 failures
[2024-03-20 19:34:06,383][flwr][INFO] - Sampled the following clients: ['96', '46', '99', '31', '33', '10', '4', '5', '69', '20', '60', '52', '95', '15', '47', '66', '61', '90', '85', '12']
[2024-03-20 19:34:06,383][flwr][DEBUG] - fit_round 10: strategy sampled 20 clients (out of 100)
[2024-03-20 19:37:53,111][flwr][DEBUG] - fit_round 10 received 20 results and 0 failures
[2024-03-20 19:37:56,023][flwr][INFO] - fit progress: (10, 0.15827893743515015, {'test_accuracy': 0.6744}, 2309.7415160830133)
[2024-03-20 19:37:56,023][flwr][INFO] - Sampled the following clients: ['26', '40', '28', '34', '68', '46', '42', '73', '93', '84', '61', '72', '10', '78', '94', '33', '4', '11', '70', '24']
[2024-03-20 19:37:56,023][flwr][DEBUG] - evaluate_round 10: strategy sampled 20 clients (out of 100)
[2024-03-20 19:37:57,086][flwr][DEBUG] - evaluate_round 10 received 20 results and 0 failures
[2024-03-20 19:37:57,092][flwr][INFO] - Sampled the following clients: ['80', '18', '11', '61', '25', '0', '85', '30', '19', '14', '53', '90', '43', '29', '33', '36', '81', '99', '58', '5']
[2024-03-20 19:37:57,093][flwr][DEBUG] - fit_round 11: strategy sampled 20 clients (out of 100)
[2024-03-20 19:41:41,187][flwr][DEBUG] - fit_round 11 received 20 results and 0 failures
[2024-03-20 19:41:44,124][flwr][INFO] - fit progress: (11, 0.1492510452210903, {'test_accuracy': 0.6839}, 2537.842634666944)
[2024-03-20 19:41:44,124][flwr][INFO] - Sampled the following clients: ['14', '79', '10', '1', '85', '92', '80', '48', '61', '50', '25', '45', '43', '7', '15', '33', '98', '75', '97', '47']
[2024-03-20 19:41:44,124][flwr][DEBUG] - evaluate_round 11: strategy sampled 20 clients (out of 100)
[2024-03-20 19:41:45,453][flwr][DEBUG] - evaluate_round 11 received 20 results and 0 failures
[2024-03-20 19:41:45,462][flwr][INFO] - Sampled the following clients: ['41', '75', '57', '14', '91', '99', '52', '16', '44', '24', '95', '23', '80', '27', '92', '35', '55', '94', '31', '69']
[2024-03-20 19:41:45,462][flwr][DEBUG] - fit_round 12: strategy sampled 20 clients (out of 100)
[2024-03-20 19:45:39,793][flwr][DEBUG] - fit_round 12 received 20 results and 0 failures
[2024-03-20 19:45:42,788][flwr][INFO] - fit progress: (12, 0.14234765246510506, {'test_accuracy': 0.6767}, 2776.5070787919685)
[2024-03-20 19:45:42,789][flwr][INFO] - Sampled the following clients: ['27', '32', '70', '96', '74', '37', '52', '39', '82', '23', '66', '7', '38', '24', '26', '79', '36', '51', '8', '58']
[2024-03-20 19:45:42,790][flwr][DEBUG] - evaluate_round 12: strategy sampled 20 clients (out of 100)
[2024-03-20 19:45:43,965][flwr][DEBUG] - evaluate_round 12 received 20 results and 0 failures
[2024-03-20 19:45:43,983][flwr][INFO] - Sampled the following clients: ['31', '22', '18', '50', '54', '26', '58', '3', '27', '2', '91', '63', '68', '87', '4', '33', '6', '42', '34', '45']
[2024-03-20 19:45:43,983][flwr][DEBUG] - fit_round 13: strategy sampled 20 clients (out of 100)
[2024-03-20 19:49:40,050][flwr][DEBUG] - fit_round 13 received 20 results and 0 failures
[2024-03-20 19:49:42,955][flwr][INFO] - fit progress: (13, 0.13585949275493622, {'test_accuracy': 0.7034}, 3016.674285207875)
[2024-03-20 19:49:42,956][flwr][INFO] - Sampled the following clients: ['21', '33', '98', '74', '92', '2', '14', '9', '67', '87', '89', '76', '32', '40', '52', '71', '75', '6', '11', '86']
[2024-03-20 19:49:42,956][flwr][DEBUG] - evaluate_round 13: strategy sampled 20 clients (out of 100)
[2024-03-20 19:49:44,421][flwr][DEBUG] - evaluate_round 13 received 20 results and 0 failures
[2024-03-20 19:49:44,443][flwr][INFO] - Sampled the following clients: ['45', '67', '28', '80', '9', '73', '94', '92', '11', '59', '61', '78', '18', '41', '64', '4', '1', '55', '57', '85']
[2024-03-20 19:49:44,443][flwr][DEBUG] - fit_round 14: strategy sampled 20 clients (out of 100)
[2024-03-20 19:53:40,359][flwr][DEBUG] - fit_round 14 received 20 results and 0 failures
[2024-03-20 19:53:43,289][flwr][INFO] - fit progress: (14, 0.1309240213572979, {'test_accuracy': 0.685}, 3257.0074173330795)
[2024-03-20 19:53:43,289][flwr][INFO] - Sampled the following clients: ['66', '63', '38', '1', '49', '64', '88', '36', '51', '50', '18', '73', '56', '35', '99', '11', '44', '26', '4', '53']
[2024-03-20 19:53:43,289][flwr][DEBUG] - evaluate_round 14: strategy sampled 20 clients (out of 100)
[2024-03-20 19:53:44,519][flwr][DEBUG] - evaluate_round 14 received 20 results and 0 failures
[2024-03-20 19:53:44,532][flwr][INFO] - Sampled the following clients: ['81', '77', '91', '7', '30', '98', '69', '55', '1', '17', '73', '59', '9', '97', '2', '65', '38', '24', '6', '64']
[2024-03-20 19:53:44,532][flwr][DEBUG] - fit_round 15: strategy sampled 20 clients (out of 100)
[2024-03-20 19:57:40,021][flwr][DEBUG] - fit_round 15 received 20 results and 0 failures
[2024-03-20 19:57:42,937][flwr][INFO] - fit progress: (15, 0.12577859346866607, {'test_accuracy': 0.7129}, 3496.6554293748923)
[2024-03-20 19:57:42,937][flwr][INFO] - Sampled the following clients: ['22', '29', '58', '6', '55', '69', '75', '72', '19', '17', '98', '76', '28', '67', '97', '25', '82', '31', '18', '52']
[2024-03-20 19:57:42,937][flwr][DEBUG] - evaluate_round 15: strategy sampled 20 clients (out of 100)
[2024-03-20 19:57:44,266][flwr][DEBUG] - evaluate_round 15 received 20 results and 0 failures
[2024-03-20 19:57:44,282][flwr][INFO] - Sampled the following clients: ['98', '8', '0', '77', '49', '40', '13', '33', '67', '34', '91', '54', '96', '82', '7', '60', '10', '97', '42', '83']
[2024-03-20 19:57:44,282][flwr][DEBUG] - fit_round 16: strategy sampled 20 clients (out of 100)
[2024-03-20 20:01:40,986][flwr][DEBUG] - fit_round 16 received 20 results and 0 failures
[2024-03-20 20:01:43,933][flwr][INFO] - fit progress: (16, 0.12100524834990502, {'test_accuracy': 0.7149}, 3737.6073257499374)
[2024-03-20 20:01:43,933][flwr][INFO] - Sampled the following clients: ['31', '79', '78', '41', '89', '22', '94', '72', '76', '68', '75', '34', '87', '13', '39', '96', '25', '64', '69', '40']
[2024-03-20 20:01:43,933][flwr][DEBUG] - evaluate_round 16: strategy sampled 20 clients (out of 100)
[2024-03-20 20:01:45,276][flwr][DEBUG] - evaluate_round 16 received 20 results and 0 failures
[2024-03-20 20:01:45,290][flwr][INFO] - Sampled the following clients: ['43', '99', '52', '16', '65', '90', '33', '86', '37', '13', '74', '11', '88', '14', '59', '97', '3', '22', '47', '1']
[2024-03-20 20:01:45,290][flwr][DEBUG] - fit_round 17: strategy sampled 20 clients (out of 100)
[2024-03-20 20:05:33,874][flwr][DEBUG] - fit_round 17 received 20 results and 0 failures
[2024-03-20 20:05:36,793][flwr][INFO] - fit progress: (17, 0.11779228993058205, {'test_accuracy': 0.7105}, 3970.464003958041)
[2024-03-20 20:05:36,793][flwr][INFO] - Sampled the following clients: ['4', '86', '47', '48', '13', '14', '62', '94', '7', '38', '53', '95', '59', '1', '8', '27', '19', '29', '78', '41']
[2024-03-20 20:05:36,793][flwr][DEBUG] - evaluate_round 17: strategy sampled 20 clients (out of 100)
[2024-03-20 20:05:38,101][flwr][DEBUG] - evaluate_round 17 received 20 results and 0 failures
[2024-03-20 20:05:38,125][flwr][INFO] - Sampled the following clients: ['15', '59', '14', '63', '45', '24', '18', '87', '51', '70', '81', '13', '6', '55', '74', '17', '50', '48', '96', '16']
[2024-03-20 20:05:38,125][flwr][DEBUG] - fit_round 18: strategy sampled 20 clients (out of 100)
[2024-03-20 20:09:28,340][flwr][DEBUG] - fit_round 18 received 20 results and 0 failures
[2024-03-20 20:09:31,244][flwr][INFO] - fit progress: (18, 0.11419960694909095, {'test_accuracy': 0.7256}, 4204.9120617921)
[2024-03-20 20:09:31,244][flwr][INFO] - Sampled the following clients: ['22', '64', '81', '52', '47', '10', '96', '98', '34', '44', '7', '57', '62', '31', '14', '54', '90', '43', '37', '1']
[2024-03-20 20:09:31,244][flwr][DEBUG] - evaluate_round 18: strategy sampled 20 clients (out of 100)
[2024-03-20 20:09:32,593][flwr][DEBUG] - evaluate_round 18 received 20 results and 0 failures
[2024-03-20 20:09:32,617][flwr][INFO] - Sampled the following clients: ['10', '22', '16', '91', '66', '86', '77', '36', '59', '78', '83', '72', '47', '12', '40', '29', '52', '58', '65', '51']
[2024-03-20 20:09:32,617][flwr][DEBUG] - fit_round 19: strategy sampled 20 clients (out of 100)
[2024-03-20 20:13:20,518][flwr][DEBUG] - fit_round 19 received 20 results and 0 failures
[2024-03-20 20:13:23,433][flwr][INFO] - fit progress: (19, 0.1119315139055252, {'test_accuracy': 0.7237}, 4437.098295999924)
[2024-03-20 20:13:23,434][flwr][INFO] - Sampled the following clients: ['80', '46', '34', '40', '81', '49', '66', '79', '62', '29', '51', '38', '90', '85', '59', '8', '17', '10', '27', '87']
[2024-03-20 20:13:23,434][flwr][DEBUG] - evaluate_round 19: strategy sampled 20 clients (out of 100)
[2024-03-20 20:13:24,844][flwr][DEBUG] - evaluate_round 19 received 20 results and 0 failures
[2024-03-20 20:13:24,870][flwr][INFO] - Sampled the following clients: ['3', '65', '59', '57', '35', '33', '26', '96', '69', '87', '5', '1', '76', '56', '24', '58', '47', '62', '49', '9']
[2024-03-20 20:13:24,870][flwr][DEBUG] - fit_round 20: strategy sampled 20 clients (out of 100)
[2024-03-20 20:17:18,647][flwr][DEBUG] - fit_round 20 received 20 results and 0 failures
[2024-03-20 20:17:21,837][flwr][INFO] - fit progress: (20, 0.10941619304120541, {'test_accuracy': 0.7178}, 4675.498838166939)
[2024-03-20 20:17:21,837][flwr][INFO] - Sampled the following clients: ['54', '72', '45', '62', '50', '19', '92', '75', '32', '95', '20', '93', '11', '15', '98', '24', '13', '9', '4', '87']
[2024-03-20 20:17:21,837][flwr][DEBUG] - evaluate_round 20: strategy sampled 20 clients (out of 100)
[2024-03-20 20:17:23,334][flwr][DEBUG] - evaluate_round 20 received 20 results and 0 failures
[2024-03-20 20:17:23,363][flwr][INFO] - Sampled the following clients: ['89', '9', '33', '36', '47', '52', '19', '96', '10', '16', '51', '37', '26', '2', '20', '98', '79', '63', '40', '31']
[2024-03-20 20:17:23,364][flwr][DEBUG] - fit_round 21: strategy sampled 20 clients (out of 100)
[2024-03-20 20:21:13,845][flwr][DEBUG] - fit_round 21 received 20 results and 0 failures
[2024-03-20 20:21:17,031][flwr][INFO] - fit progress: (21, 0.10637372741103172, {'test_accuracy': 0.7321}, 4910.6896644169465)
[2024-03-20 20:21:17,031][flwr][INFO] - Sampled the following clients: ['23', '55', '78', '82', '84', '32', '22', '15', '50', '93', '89', '69', '43', '34', '98', '37', '60', '67', '79', '40']
[2024-03-20 20:21:17,032][flwr][DEBUG] - evaluate_round 21: strategy sampled 20 clients (out of 100)
[2024-03-20 20:21:18,324][flwr][DEBUG] - evaluate_round 21 received 20 results and 0 failures
[2024-03-20 20:21:18,346][flwr][INFO] - Sampled the following clients: ['8', '82', '48', '27', '33', '75', '7', '16', '67', '53', '14', '12', '4', '22', '61', '84', '42', '59', '17', '56']
[2024-03-20 20:21:18,346][flwr][DEBUG] - fit_round 22: strategy sampled 20 clients (out of 100)
[2024-03-20 20:25:10,666][flwr][DEBUG] - fit_round 22 received 20 results and 0 failures
[2024-03-20 20:25:13,883][flwr][INFO] - fit progress: (22, 0.10473764359652996, {'test_accuracy': 0.7243}, 5147.538740999997)
[2024-03-20 20:25:13,884][flwr][INFO] - Sampled the following clients: ['15', '65', '3', '0', '82', '88', '35', '78', '71', '25', '12', '8', '10', '14', '24', '45', '21', '72', '80', '93']
[2024-03-20 20:25:13,884][flwr][DEBUG] - evaluate_round 22: strategy sampled 20 clients (out of 100)
[2024-03-20 20:25:15,422][flwr][DEBUG] - evaluate_round 22 received 20 results and 0 failures
[2024-03-20 20:25:15,440][flwr][INFO] - Sampled the following clients: ['72', '74', '69', '17', '64', '22', '25', '21', '62', '48', '36', '0', '56', '93', '39', '71', '15', '13', '40', '49']
[2024-03-20 20:25:15,440][flwr][DEBUG] - fit_round 23: strategy sampled 20 clients (out of 100)
[2024-03-20 20:29:07,376][flwr][DEBUG] - fit_round 23 received 20 results and 0 failures
[2024-03-20 20:29:11,076][flwr][INFO] - fit progress: (23, 0.10238509645462036, {'test_accuracy': 0.7389}, 5384.727690124884)
[2024-03-20 20:29:11,076][flwr][INFO] - Sampled the following clients: ['74', '51', '53', '22', '48', '35', '12', '38', '10', '85', '18', '73', '65', '19', '71', '89', '72', '44', '70', '80']
[2024-03-20 20:29:11,076][flwr][DEBUG] - evaluate_round 23: strategy sampled 20 clients (out of 100)
[2024-03-20 20:29:12,481][flwr][DEBUG] - evaluate_round 23 received 20 results and 0 failures
[2024-03-20 20:29:12,502][flwr][INFO] - Sampled the following clients: ['80', '68', '69', '42', '85', '22', '21', '86', '50', '41', '62', '96', '67', '4', '77', '39', '87', '34', '35', '98']
[2024-03-20 20:29:12,502][flwr][DEBUG] - fit_round 24: strategy sampled 20 clients (out of 100)
[2024-03-20 20:33:07,213][flwr][DEBUG] - fit_round 24 received 20 results and 0 failures
[2024-03-20 20:33:10,298][flwr][INFO] - fit progress: (24, 0.10138221502304078, {'test_accuracy': 0.7336}, 5623.965004791971)
[2024-03-20 20:33:10,299][flwr][INFO] - Sampled the following clients: ['71', '53', '49', '52', '73', '64', '56', '93', '46', '69', '19', '77', '51', '28', '23', '36', '81', '84', '50', '22']
[2024-03-20 20:33:10,299][flwr][DEBUG] - evaluate_round 24: strategy sampled 20 clients (out of 100)
[2024-03-20 20:33:11,675][flwr][DEBUG] - evaluate_round 24 received 20 results and 0 failures
[2024-03-20 20:33:11,692][flwr][INFO] - Sampled the following clients: ['4', '13', '90', '89', '72', '65', '19', '34', '54', '67', '93', '46', '23', '44', '66', '56', '2', '57', '20', '48']
[2024-03-20 20:33:11,692][flwr][DEBUG] - fit_round 25: strategy sampled 20 clients (out of 100)
[2024-03-20 20:37:04,673][flwr][DEBUG] - fit_round 25 received 20 results and 0 failures
[2024-03-20 20:37:07,880][flwr][INFO] - fit progress: (25, 0.09906917610764504, {'test_accuracy': 0.7342}, 5861.573165500071)
[2024-03-20 20:37:07,880][flwr][INFO] - Sampled the following clients: ['95', '92', '16', '83', '8', '81', '88', '20', '22', '33', '68', '1', '82', '10', '62', '23', '25', '89', '93', '97']
[2024-03-20 20:37:07,880][flwr][DEBUG] - evaluate_round 25: strategy sampled 20 clients (out of 100)
[2024-03-20 20:37:09,289][flwr][DEBUG] - evaluate_round 25 received 20 results and 0 failures
[2024-03-20 20:37:09,314][flwr][INFO] - Sampled the following clients: ['80', '30', '19', '71', '10', '52', '47', '50', '75', '21', '76', '12', '43', '8', '89', '96', '68', '26', '17', '3']
[2024-03-20 20:37:09,314][flwr][DEBUG] - fit_round 26: strategy sampled 20 clients (out of 100)
[2024-03-20 20:41:06,967][flwr][DEBUG] - fit_round 26 received 20 results and 0 failures
[2024-03-20 20:41:10,212][flwr][INFO] - fit progress: (26, 0.09767330822646618, {'test_accuracy': 0.7413}, 6103.9059556249995)
[2024-03-20 20:41:10,212][flwr][INFO] - Sampled the following clients: ['78', '98', '35', '8', '97', '32', '12', '86', '47', '84', '89', '95', '14', '43', '93', '54', '80', '75', '9', '85']
[2024-03-20 20:41:10,212][flwr][DEBUG] - evaluate_round 26: strategy sampled 20 clients (out of 100)
[2024-03-20 20:41:11,836][flwr][DEBUG] - evaluate_round 26 received 20 results and 0 failures
[2024-03-20 20:41:11,856][flwr][INFO] - Sampled the following clients: ['11', '6', '37', '78', '2', '7', '8', '42', '59', '53', '98', '14', '28', '96', '56', '67', '41', '15', '30', '55']
[2024-03-20 20:41:11,856][flwr][DEBUG] - fit_round 27: strategy sampled 20 clients (out of 100)
[2024-03-20 20:45:03,418][flwr][DEBUG] - fit_round 27 received 20 results and 0 failures
[2024-03-20 20:45:06,710][flwr][INFO] - fit progress: (27, 0.09574088700860739, {'test_accuracy': 0.7454}, 6340.404975875048)
[2024-03-20 20:45:06,710][flwr][INFO] - Sampled the following clients: ['65', '68', '37', '48', '52', '95', '45', '63', '16', '38', '74', '56', '18', '3', '66', '42', '62', '5', '84', '33']
[2024-03-20 20:45:06,710][flwr][DEBUG] - evaluate_round 27: strategy sampled 20 clients (out of 100)
[2024-03-20 20:45:08,290][flwr][DEBUG] - evaluate_round 27 received 20 results and 0 failures
[2024-03-20 20:45:08,310][flwr][INFO] - Sampled the following clients: ['7', '83', '60', '6', '34', '32', '9', '97', '4', '47', '78', '48', '76', '61', '51', '13', '54', '5', '64', '87']
[2024-03-20 20:45:08,310][flwr][DEBUG] - fit_round 28: strategy sampled 20 clients (out of 100)
[2024-03-20 20:49:01,755][flwr][DEBUG] - fit_round 28 received 20 results and 0 failures
[2024-03-20 20:49:04,929][flwr][INFO] - fit progress: (28, 0.09434396369606257, {'test_accuracy': 0.7423}, 6578.624542667065)
[2024-03-20 20:49:04,929][flwr][INFO] - Sampled the following clients: ['86', '56', '65', '49', '79', '64', '26', '16', '80', '12', '45', '57', '0', '98', '31', '88', '42', '75', '24', '34']
[2024-03-20 20:49:04,929][flwr][DEBUG] - evaluate_round 28: strategy sampled 20 clients (out of 100)
[2024-03-20 20:49:06,258][flwr][DEBUG] - evaluate_round 28 received 20 results and 0 failures
[2024-03-20 20:49:06,283][flwr][INFO] - Sampled the following clients: ['55', '93', '3', '89', '74', '95', '29', '14', '83', '45', '96', '9', '36', '41', '21', '42', '71', '27', '46', '63']
[2024-03-20 20:49:06,283][flwr][DEBUG] - fit_round 29: strategy sampled 20 clients (out of 100)
[2024-03-20 20:52:58,638][flwr][DEBUG] - fit_round 29 received 20 results and 0 failures
[2024-03-20 20:53:01,894][flwr][INFO] - fit progress: (29, 0.09309551952928305, {'test_accuracy': 0.748}, 6815.590948625002)
[2024-03-20 20:53:01,895][flwr][INFO] - Sampled the following clients: ['49', '70', '77', '4', '6', '48', '46', '63', '75', '25', '61', '66', '83', '88', '13', '85', '84', '18', '38', '39']
[2024-03-20 20:53:01,895][flwr][DEBUG] - evaluate_round 29: strategy sampled 20 clients (out of 100)
[2024-03-20 20:53:03,389][flwr][DEBUG] - evaluate_round 29 received 20 results and 0 failures
[2024-03-20 20:53:03,405][flwr][INFO] - Sampled the following clients: ['99', '18', '38', '15', '22', '59', '66', '19', '64', '96', '78', '26', '11', '5', '68', '33', '42', '62', '86', '35']
[2024-03-20 20:53:03,405][flwr][DEBUG] - fit_round 30: strategy sampled 20 clients (out of 100)
[2024-03-20 20:57:06,174][flwr][DEBUG] - fit_round 30 received 20 results and 0 failures
[2024-03-20 20:57:09,404][flwr][INFO] - fit progress: (30, 0.09303441590219737, {'test_accuracy': 0.7451}, 7063.10145783308)
[2024-03-20 20:57:09,405][flwr][INFO] - Sampled the following clients: ['74', '89', '15', '44', '54', '58', '5', '62', '63', '30', '55', '45', '56', '69', '2', '38', '67', '11', '37', '3']
[2024-03-20 20:57:09,405][flwr][DEBUG] - evaluate_round 30: strategy sampled 20 clients (out of 100)
[2024-03-20 20:57:11,074][flwr][DEBUG] - evaluate_round 30 received 20 results and 0 failures
[2024-03-20 20:57:11,098][flwr][INFO] - Sampled the following clients: ['76', '17', '34', '45', '93', '8', '25', '96', '98', '91', '18', '29', '85', '68', '55', '20', '9', '95', '14', '26']
[2024-03-20 20:57:11,098][flwr][DEBUG] - fit_round 31: strategy sampled 20 clients (out of 100)
[2024-03-20 21:01:15,546][flwr][DEBUG] - fit_round 31 received 20 results and 0 failures
[2024-03-20 21:01:18,655][flwr][INFO] - fit progress: (31, 0.09143332282602787, {'test_accuracy': 0.7409}, 7312.353335916996)
[2024-03-20 21:01:18,656][flwr][INFO] - Sampled the following clients: ['64', '36', '62', '47', '5', '75', '48', '0', '13', '25', '8', '95', '38', '18', '70', '60', '30', '72', '87', '41']
[2024-03-20 21:01:18,656][flwr][DEBUG] - evaluate_round 31: strategy sampled 20 clients (out of 100)
[2024-03-20 21:01:20,171][flwr][DEBUG] - evaluate_round 31 received 20 results and 0 failures
[2024-03-20 21:01:20,200][flwr][INFO] - Sampled the following clients: ['98', '87', '24', '22', '59', '20', '42', '80', '39', '53', '97', '67', '38', '14', '45', '48', '3', '54', '16', '62']
[2024-03-20 21:01:20,200][flwr][DEBUG] - fit_round 32: strategy sampled 20 clients (out of 100)
[2024-03-20 21:05:21,629][flwr][DEBUG] - fit_round 32 received 20 results and 0 failures
[2024-03-20 21:05:24,769][flwr][INFO] - fit progress: (32, 0.0906891229480505, {'test_accuracy': 0.7408}, 7558.468218791997)
[2024-03-20 21:05:24,770][flwr][INFO] - Sampled the following clients: ['27', '63', '8', '0', '1', '50', '59', '44', '49', '89', '64', '55', '9', '66', '71', '16', '42', '34', '87', '99']
[2024-03-20 21:05:24,770][flwr][DEBUG] - evaluate_round 32: strategy sampled 20 clients (out of 100)
[2024-03-20 21:05:26,453][flwr][DEBUG] - evaluate_round 32 received 20 results and 0 failures
[2024-03-20 21:05:26,477][flwr][INFO] - Sampled the following clients: ['14', '44', '54', '95', '61', '12', '49', '91', '7', '98', '30', '50', '72', '82', '41', '11', '52', '13', '18', '28']
[2024-03-20 21:05:26,477][flwr][DEBUG] - fit_round 33: strategy sampled 20 clients (out of 100)
[2024-03-20 21:09:27,676][flwr][DEBUG] - fit_round 33 received 20 results and 0 failures
[2024-03-20 21:09:30,791][flwr][INFO] - fit progress: (33, 0.08913124133199453, {'test_accuracy': 0.7504}, 7804.49029920809)
[2024-03-20 21:09:30,791][flwr][INFO] - Sampled the following clients: ['50', '19', '85', '14', '94', '33', '56', '68', '51', '58', '70', '16', '45', '9', '63', '11', '31', '4', '27', '22']
[2024-03-20 21:09:30,791][flwr][DEBUG] - evaluate_round 33: strategy sampled 20 clients (out of 100)
[2024-03-20 21:09:32,177][flwr][DEBUG] - evaluate_round 33 received 20 results and 0 failures
[2024-03-20 21:09:32,202][flwr][INFO] - Sampled the following clients: ['70', '39', '19', '91', '11', '40', '72', '13', '97', '71', '66', '2', '58', '4', '23', '84', '27', '16', '96', '44']
[2024-03-20 21:09:32,203][flwr][DEBUG] - fit_round 34: strategy sampled 20 clients (out of 100)
[2024-03-20 21:13:33,046][flwr][DEBUG] - fit_round 34 received 20 results and 0 failures
[2024-03-20 21:13:36,197][flwr][INFO] - fit progress: (34, 0.08809765026271343, {'test_accuracy': 0.7578}, 8049.897489124909)
[2024-03-20 21:13:36,197][flwr][INFO] - Sampled the following clients: ['54', '29', '22', '96', '66', '31', '55', '98', '79', '93', '63', '78', '50', '65', '20', '46', '64', '0', '76', '97']
[2024-03-20 21:13:36,198][flwr][DEBUG] - evaluate_round 34: strategy sampled 20 clients (out of 100)
[2024-03-20 21:13:37,636][flwr][DEBUG] - evaluate_round 34 received 20 results and 0 failures
[2024-03-20 21:13:37,658][flwr][INFO] - Sampled the following clients: ['88', '95', '18', '78', '63', '85', '26', '15', '66', '96', '6', '45', '22', '71', '79', '60', '62', '76', '32', '83']
[2024-03-20 21:13:37,658][flwr][DEBUG] - fit_round 35: strategy sampled 20 clients (out of 100)
[2024-03-20 21:17:46,369][flwr][DEBUG] - fit_round 35 received 20 results and 0 failures
[2024-03-20 21:17:49,398][flwr][INFO] - fit progress: (35, 0.08743036413043738, {'test_accuracy': 0.7571}, 8303.098994083004)
[2024-03-20 21:17:49,398][flwr][INFO] - Sampled the following clients: ['45', '73', '56', '26', '59', '33', '1', '74', '49', '5', '89', '68', '35', '79', '39', '42', '70', '14', '9', '21']
[2024-03-20 21:17:49,398][flwr][DEBUG] - evaluate_round 35: strategy sampled 20 clients (out of 100)
[2024-03-20 21:17:50,974][flwr][DEBUG] - evaluate_round 35 received 20 results and 0 failures
[2024-03-20 21:17:50,987][flwr][INFO] - Sampled the following clients: ['15', '4', '63', '45', '75', '46', '90', '99', '12', '8', '60', '0', '80', '21', '54', '11', '30', '82', '22', '65']
[2024-03-20 21:17:50,987][flwr][DEBUG] - fit_round 36: strategy sampled 20 clients (out of 100)
[2024-03-20 21:22:00,879][flwr][DEBUG] - fit_round 36 received 20 results and 0 failures
[2024-03-20 21:22:03,814][flwr][INFO] - fit progress: (36, 0.08656233013123274, {'test_accuracy': 0.7544}, 8557.456503416877)
[2024-03-20 21:22:03,815][flwr][INFO] - Sampled the following clients: ['18', '16', '70', '28', '4', '48', '55', '42', '68', '11', '57', '53', '20', '59', '82', '10', '94', '5', '38', '51']
[2024-03-20 21:22:03,815][flwr][DEBUG] - evaluate_round 36: strategy sampled 20 clients (out of 100)
[2024-03-20 21:22:05,385][flwr][DEBUG] - evaluate_round 36 received 20 results and 0 failures
[2024-03-20 21:22:05,413][flwr][INFO] - Sampled the following clients: ['55', '2', '38', '34', '26', '66', '29', '63', '19', '82', '78', '25', '70', '68', '93', '52', '31', '35', '73', '41']
[2024-03-20 21:22:05,413][flwr][DEBUG] - fit_round 37: strategy sampled 20 clients (out of 100)
[2024-03-20 21:26:09,417][flwr][DEBUG] - fit_round 37 received 20 results and 0 failures
[2024-03-20 21:26:12,580][flwr][INFO] - fit progress: (37, 0.08617729114145041, {'test_accuracy': 0.7565}, 8806.219078457914)
[2024-03-20 21:26:12,580][flwr][INFO] - Sampled the following clients: ['17', '3', '16', '25', '53', '66', '67', '44', '47', '41', '0', '18', '65', '76', '92', '50', '33', '22', '34', '26']
[2024-03-20 21:26:12,580][flwr][DEBUG] - evaluate_round 37: strategy sampled 20 clients (out of 100)
[2024-03-20 21:26:14,094][flwr][DEBUG] - evaluate_round 37 received 20 results and 0 failures
[2024-03-20 21:26:14,121][flwr][INFO] - Sampled the following clients: ['49', '24', '86', '91', '5', '65', '13', '54', '10', '20', '56', '95', '31', '50', '11', '34', '39', '74', '32', '52']
[2024-03-20 21:26:14,121][flwr][DEBUG] - fit_round 38: strategy sampled 20 clients (out of 100)
[2024-03-20 21:30:25,709][flwr][DEBUG] - fit_round 38 received 20 results and 0 failures
[2024-03-20 21:30:29,021][flwr][INFO] - fit progress: (38, 0.08550022803395986, {'test_accuracy': 0.7628}, 9062.657216874883)
[2024-03-20 21:30:29,022][flwr][INFO] - Sampled the following clients: ['17', '93', '68', '88', '13', '28', '20', '83', '84', '87', '76', '37', '60', '64', '70', '96', '30', '95', '98', '6']
[2024-03-20 21:30:29,022][flwr][DEBUG] - evaluate_round 38: strategy sampled 20 clients (out of 100)
[2024-03-20 21:30:30,751][flwr][DEBUG] - evaluate_round 38 received 20 results and 0 failures
[2024-03-20 21:30:30,774][flwr][INFO] - Sampled the following clients: ['67', '2', '30', '74', '62', '82', '22', '35', '14', '9', '57', '8', '99', '33', '19', '90', '23', '66', '58', '37']
[2024-03-20 21:30:30,774][flwr][DEBUG] - fit_round 39: strategy sampled 20 clients (out of 100)
[2024-03-20 21:34:55,265][flwr][DEBUG] - fit_round 39 received 20 results and 0 failures
[2024-03-20 21:34:58,437][flwr][INFO] - fit progress: (39, 0.0847015962049365, {'test_accuracy': 0.7586}, 9332.069866416976)
[2024-03-20 21:34:58,438][flwr][INFO] - Sampled the following clients: ['26', '67', '91', '27', '71', '15', '41', '17', '6', '46', '59', '31', '22', '40', '83', '65', '56', '39', '80', '53']
[2024-03-20 21:34:58,438][flwr][DEBUG] - evaluate_round 39: strategy sampled 20 clients (out of 100)
[2024-03-20 21:35:00,086][flwr][DEBUG] - evaluate_round 39 received 20 results and 0 failures
[2024-03-20 21:35:00,115][flwr][INFO] - Sampled the following clients: ['61', '85', '96', '57', '44', '65', '94', '62', '39', '73', '7', '18', '74', '75', '88', '98', '16', '83', '34', '68']
[2024-03-20 21:35:00,115][flwr][DEBUG] - fit_round 40: strategy sampled 20 clients (out of 100)
[2024-03-20 21:39:23,809][flwr][DEBUG] - fit_round 40 received 20 results and 0 failures
[2024-03-20 21:39:26,992][flwr][INFO] - fit progress: (40, 0.08379426899403333, {'test_accuracy': 0.7621}, 9600.620994499885)
[2024-03-20 21:39:26,992][flwr][INFO] - Sampled the following clients: ['72', '27', '76', '82', '39', '25', '50', '61', '74', '54', '92', '46', '13', '77', '91', '90', '60', '40', '99', '71']
[2024-03-20 21:39:26,992][flwr][DEBUG] - evaluate_round 40: strategy sampled 20 clients (out of 100)
[2024-03-20 21:39:28,612][flwr][DEBUG] - evaluate_round 40 received 20 results and 0 failures
[2024-03-20 21:39:28,640][flwr][INFO] - Sampled the following clients: ['21', '93', '32', '23', '39', '55', '34', '81', '20', '88', '82', '94', '3', '87', '25', '66', '70', '99', '7', '45']
[2024-03-20 21:39:28,640][flwr][DEBUG] - fit_round 41: strategy sampled 20 clients (out of 100)
[2024-03-20 21:44:01,231][flwr][DEBUG] - fit_round 41 received 20 results and 0 failures
[2024-03-20 21:44:04,122][flwr][INFO] - fit progress: (41, 0.08338198165893555, {'test_accuracy': 0.7598}, 9877.74743425008)
[2024-03-20 21:44:04,122][flwr][INFO] - Sampled the following clients: ['38', '70', '59', '23', '24', '20', '12', '86', '73', '81', '49', '68', '51', '71', '85', '0', '80', '41', '61', '7']
[2024-03-20 21:44:04,122][flwr][DEBUG] - evaluate_round 41: strategy sampled 20 clients (out of 100)
[2024-03-20 21:44:05,968][flwr][DEBUG] - evaluate_round 41 received 20 results and 0 failures
[2024-03-20 21:44:05,998][flwr][INFO] - Sampled the following clients: ['45', '12', '91', '6', '85', '56', '8', '5', '13', '47', '43', '18', '88', '66', '29', '35', '58', '53', '34', '17']
[2024-03-20 21:44:05,998][flwr][DEBUG] - fit_round 42: strategy sampled 20 clients (out of 100)
[2024-03-20 21:48:44,953][flwr][DEBUG] - fit_round 42 received 20 results and 0 failures
[2024-03-20 21:48:48,216][flwr][INFO] - fit progress: (42, 0.08330630515366792, {'test_accuracy': 0.7607}, 10161.838502167026)
[2024-03-20 21:48:48,216][flwr][INFO] - Sampled the following clients: ['86', '7', '1', '93', '81', '61', '60', '88', '62', '40', '69', '35', '44', '90', '79', '53', '21', '50', '26', '58']
[2024-03-20 21:48:48,217][flwr][DEBUG] - evaluate_round 42: strategy sampled 20 clients (out of 100)
[2024-03-20 21:48:49,763][flwr][DEBUG] - evaluate_round 42 received 20 results and 0 failures
[2024-03-20 21:48:49,794][flwr][INFO] - Sampled the following clients: ['90', '25', '82', '35', '51', '3', '97', '84', '10', '37', '6', '15', '86', '38', '5', '85', '1', '17', '42', '29']
[2024-03-20 21:48:49,795][flwr][DEBUG] - fit_round 43: strategy sampled 20 clients (out of 100)
[2024-03-20 21:54:00,355][flwr][DEBUG] - fit_round 43 received 20 results and 0 failures
[2024-03-20 21:54:03,272][flwr][INFO] - fit progress: (43, 0.0827045764580369, {'test_accuracy': 0.7639}, 10476.922756707994)
[2024-03-20 21:54:03,272][flwr][INFO] - Sampled the following clients: ['13', '44', '9', '42', '82', '12', '69', '50', '48', '21', '45', '95', '71', '34', '46', '59', '93', '22', '64', '10']
[2024-03-20 21:54:03,272][flwr][DEBUG] - evaluate_round 43: strategy sampled 20 clients (out of 100)
[2024-03-20 21:54:04,922][flwr][DEBUG] - evaluate_round 43 received 20 results and 0 failures
[2024-03-20 21:54:04,954][flwr][INFO] - Sampled the following clients: ['79', '7', '85', '69', '34', '87', '66', '25', '27', '52', '55', '38', '75', '30', '43', '91', '95', '40', '17', '35']
[2024-03-20 21:54:04,955][flwr][DEBUG] - fit_round 44: strategy sampled 20 clients (out of 100)
[2024-03-20 21:59:37,821][flwr][DEBUG] - fit_round 44 received 20 results and 0 failures
[2024-03-20 21:59:40,907][flwr][INFO] - fit progress: (44, 0.08303445714861155, {'test_accuracy': 0.7559}, 10814.562272042036)
[2024-03-20 21:59:40,908][flwr][INFO] - Sampled the following clients: ['37', '73', '34', '63', '55', '66', '58', '24', '86', '93', '80', '32', '59', '83', '88', '12', '9', '13', '29', '14']
[2024-03-20 21:59:40,908][flwr][DEBUG] - evaluate_round 44: strategy sampled 20 clients (out of 100)
[2024-03-20 21:59:42,497][flwr][DEBUG] - evaluate_round 44 received 20 results and 0 failures
[2024-03-20 21:59:42,526][flwr][INFO] - Sampled the following clients: ['87', '5', '38', '6', '65', '3', '30', '52', '29', '57', '22', '83', '70', '7', '40', '58', '8', '63', '99', '56']
[2024-03-20 21:59:42,526][flwr][DEBUG] - fit_round 45: strategy sampled 20 clients (out of 100)
[2024-03-20 22:05:26,647][flwr][DEBUG] - fit_round 45 received 20 results and 0 failures
[2024-03-20 22:05:29,733][flwr][INFO] - fit progress: (45, 0.08085153151005507, {'test_accuracy': 0.7701}, 11163.38848229195)
[2024-03-20 22:05:29,733][flwr][INFO] - Sampled the following clients: ['41', '34', '97', '31', '24', '28', '45', '16', '89', '73', '10', '43', '90', '60', '57', '32', '3', '78', '50', '40']
[2024-03-20 22:05:29,733][flwr][DEBUG] - evaluate_round 45: strategy sampled 20 clients (out of 100)
[2024-03-20 22:05:31,278][flwr][DEBUG] - evaluate_round 45 received 20 results and 0 failures
[2024-03-20 22:05:31,309][flwr][INFO] - Sampled the following clients: ['73', '34', '72', '36', '14', '39', '21', '86', '37', '3', '26', '92', '4', '24', '81', '50', '67', '52', '40', '94']
[2024-03-20 22:05:31,309][flwr][DEBUG] - fit_round 46: strategy sampled 20 clients (out of 100)
[2024-03-20 22:12:16,837][flwr][DEBUG] - fit_round 46 received 20 results and 0 failures
[2024-03-20 22:12:20,179][flwr][INFO] - fit progress: (46, 0.08035147547125816, {'test_accuracy': 0.769}, 11573.83497366705)
[2024-03-20 22:12:20,179][flwr][INFO] - Sampled the following clients: ['67', '47', '19', '92', '73', '38', '6', '10', '61', '60', '7', '79', '93', '52', '58', '62', '56', '63', '33', '31']
[2024-03-20 22:12:20,179][flwr][DEBUG] - evaluate_round 46: strategy sampled 20 clients (out of 100)
[2024-03-20 22:12:22,107][flwr][DEBUG] - evaluate_round 46 received 20 results and 0 failures
[2024-03-20 22:12:22,137][flwr][INFO] - Sampled the following clients: ['99', '64', '61', '8', '97', '42', '88', '57', '44', '46', '32', '11', '49', '20', '28', '60', '40', '10', '69', '80']
[2024-03-20 22:12:22,137][flwr][DEBUG] - fit_round 47: strategy sampled 20 clients (out of 100)
[2024-03-20 22:21:14,639][flwr][DEBUG] - fit_round 47 received 20 results and 0 failures
[2024-03-20 22:21:17,974][flwr][INFO] - fit progress: (47, 0.07957849042862654, {'test_accuracy': 0.7728}, 12111.63117404189)
[2024-03-20 22:21:17,975][flwr][INFO] - Sampled the following clients: ['3', '31', '95', '17', '53', '18', '88', '37', '40', '64', '24', '30', '67', '85', '58', '90', '45', '74', '11', '65']
[2024-03-20 22:21:17,975][flwr][DEBUG] - evaluate_round 47: strategy sampled 20 clients (out of 100)
[2024-03-20 22:21:19,586][flwr][DEBUG] - evaluate_round 47 received 20 results and 0 failures
[2024-03-20 22:21:19,613][flwr][INFO] - Sampled the following clients: ['55', '48', '40', '10', '67', '39', '26', '58', '11', '93', '89', '3', '51', '35', '12', '59', '52', '72', '99', '53']
[2024-03-20 22:21:19,613][flwr][DEBUG] - fit_round 48: strategy sampled 20 clients (out of 100)
[2024-03-20 22:31:51,532][flwr][DEBUG] - fit_round 48 received 20 results and 0 failures
[2024-03-20 22:31:55,529][flwr][INFO] - fit progress: (48, 0.07939727114886046, {'test_accuracy': 0.7715}, 12749.145029082894)
[2024-03-20 22:31:55,532][flwr][INFO] - Sampled the following clients: ['82', '2', '84', '6', '17', '65', '46', '19', '38', '47', '85', '14', '74', '27', '43', '95', '83', '52', '49', '89']
[2024-03-20 22:31:55,532][flwr][DEBUG] - evaluate_round 48: strategy sampled 20 clients (out of 100)
[2024-03-20 22:31:57,321][flwr][DEBUG] - evaluate_round 48 received 20 results and 0 failures
[2024-03-20 22:31:57,356][flwr][INFO] - Sampled the following clients: ['20', '50', '8', '97', '24', '32', '89', '46', '63', '65', '83', '6', '40', '66', '47', '9', '68', '61', '7', '93']
[2024-03-20 22:31:57,356][flwr][DEBUG] - fit_round 49: strategy sampled 20 clients (out of 100)
[2024-03-20 22:41:04,793][flwr][DEBUG] - fit_round 49 received 20 results and 0 failures
[2024-03-20 22:41:07,851][flwr][INFO] - fit progress: (49, 0.07861436460390687, {'test_accuracy': 0.7753}, 13301.461667292053)
[2024-03-20 22:41:07,851][flwr][INFO] - Sampled the following clients: ['25', '15', '92', '57', '34', '79', '41', '59', '93', '42', '4', '86', '95', '50', '71', '22', '8', '20', '17', '96']
[2024-03-20 22:41:07,852][flwr][DEBUG] - evaluate_round 49: strategy sampled 20 clients (out of 100)
[2024-03-20 22:41:09,590][flwr][DEBUG] - evaluate_round 49 received 20 results and 0 failures
[2024-03-20 22:41:09,619][flwr][INFO] - Sampled the following clients: ['48', '9', '22', '82', '71', '57', '19', '34', '15', '7', '68', '56', '89', '78', '31', '74', '18', '62', '36', '3']
[2024-03-20 22:41:09,619][flwr][DEBUG] - fit_round 50: strategy sampled 20 clients (out of 100)
[2024-03-20 22:51:36,459][flwr][DEBUG] - fit_round 50 received 20 results and 0 failures
[2024-03-20 22:51:39,855][flwr][INFO] - fit progress: (50, 0.07877701461166144, {'test_accuracy': 0.7774}, 13933.458603374893)
[2024-03-20 22:51:39,855][flwr][INFO] - Sampled the following clients: ['21', '57', '20', '99', '28', '50', '37', '66', '39', '9', '78', '35', '52', '11', '25', '77', '93', '10', '89', '56']
[2024-03-20 22:51:39,855][flwr][DEBUG] - evaluate_round 50: strategy sampled 20 clients (out of 100)
[2024-03-20 22:51:41,572][flwr][DEBUG] - evaluate_round 50 received 20 results and 0 failures
[2024-03-20 22:51:41,603][flwr][INFO] - FL finished in 13935.20677237492
[2024-03-20 22:51:41,610][flwr][INFO] - app_fit: losses_distributed [(1, 0.30404407614230705), (2, 0.28997284739704454), (3, 0.27560536113361384), (4, 0.264041573796722), (5, 0.24456565883089218), (6, 0.2271031249377687), (7, 0.20970565235265629), (8, 0.19103661699379834), (9, 0.17483423967417833), (10, 0.16660013855616793), (11, 0.16117817781720498), (12, 0.1506861989322504), (13, 0.13068888055010922), (14, 0.13419198921906786), (15, 0.12834379179897484), (16, 0.1319888733555405), (17, 0.12424887614356693), (18, 0.12175594121217728), (19, 0.1192027874975116), (20, 0.11059080199068316), (21, 0.11082583934516461), (22, 0.10319003897568255), (23, 0.11002549432939099), (24, 0.1051271614568362), (25, 0.10190870452210535), (26, 0.10242347598500544), (27, 0.09764885062300792), (28, 0.09423384866622625), (29, 0.09715634386835469), (30, 0.09584772583027647), (31, 0.09161646072948296), (32, 0.09288968757047492), (33, 0.09598376109897343), (34, 0.09355501410581918), (35, 0.09290757620866275), (36, 0.08544596232320756), (37, 0.09011177518254296), (38, 0.08819919449066924), (39, 0.08923563485133425), (40, 0.0860621834262868), (41, 0.08796293048492773), (42, 0.08818293031614734), (43, 0.08505863023208828), (44, 0.07706391914365106), (45, 0.08244335930949957), (46, 0.0774590235013277), (47, 0.0811910989697433), (48, 0.07903462149350125), (49, 0.07591951080139768), (50, 0.08172988145603564)]
[2024-03-20 22:51:41,610][flwr][INFO] - app_fit: metrics_distributed_fit {'train_loss': [(1, 0.5122203139895612), (2, 0.4970200028796531), (3, 0.47655587560538715), (4, 0.464675216964468), (5, 0.41505784746252633), (6, 0.3825495295845439), (7, 0.3446610682126783), (8, 0.3167282281720686), (9, 0.30817583707132834), (10, 0.26827219521068424), (11, 0.2584405927977185), (12, 0.23957771215527915), (13, 0.24123872427217719), (14, 0.2287686283200528), (15, 0.2217198023101321), (16, 0.2133341163362469), (17, 0.19511831834409338), (18, 0.19536738913267518), (19, 0.18367455316434594), (20, 0.1816159938085127), (21, 0.1875379189701391), (22, 0.17728787952973823), (23, 0.17704750061221874), (24, 0.17222732887714662), (25, 0.16823231026045105), (26, 0.1629649256196035), (27, 0.1650155269785748), (28, 0.16065270738989101), (29, 0.1546275361658083), (30, 0.1487216644693424), (31, 0.15685766102380322), (32, 0.15369986370032157), (33, 0.15433757494878989), (34, 0.1500645567402918), (35, 0.1430818789920101), (36, 0.13795932777942238), (37, 0.14276032044252837), (38, 0.14800494882938448), (39, 0.14282200926114227), (40, 0.138038980426686), (41, 0.13296627398272892), (42, 0.14395983035149573), (43, 0.14618108644970598), (44, 0.13885117863148563), (45, 0.12289431471011902), (46, 0.12962780854655567), (47, 0.13075663732604131), (48, 0.12033601028330662), (49, 0.13311494085892106), (50, 0.13108777736673827)], 'train_accuracy': [(1, 0.31913493182886693), (2, 0.3725633751258351), (3, 0.4314863347061026), (4, 0.47919375812743825), (5, 0.5631636763090443), (6, 0.591554524361949), (7, 0.6636517806670436), (8, 0.691300714882555), (9, 0.6838854576080854), (10, 0.7375633564858269), (11, 0.7471978901761326), (12, 0.7362678009987054), (13, 0.7464229668605188), (14, 0.7463056447911887), (15, 0.744898892853875), (16, 0.7574723247232472), (17, 0.782437006393381), (18, 0.7747020737543399), (19, 0.79433891292082), (20, 0.7797719199850439), (21, 0.7825924542398207), (22, 0.7857673727238944), (23, 0.7843650645221619), (24, 0.7849393159249725), (25, 0.7885574480097864), (26, 0.8056423364574458), (27, 0.7920597851471275), (28, 0.7905474964904071), (29, 0.8075989544436146), (30, 0.81668869171229), (31, 0.7936654083417733), (32, 0.7954672635702295), (33, 0.7912679981421272), (34, 0.8038630213679201), (35, 0.816022356776898), (36, 0.8264844486333648), (37, 0.8160941000746826), (38, 0.7956088938505907), (39, 0.8090044742729307), (40, 0.8124361948955916), (41, 0.8267396846379002), (42, 0.800665988345204), (43, 0.7967870002769827), (44, 0.8089571220930233), (45, 0.8418041384571374), (46, 0.8274914740431982), (47, 0.8230841121495327), (48, 0.8428395178893423), (49, 0.8195609158579101), (50, 0.8196308724832215)]}
[2024-03-20 22:51:41,611][flwr][INFO] - app_fit: metrics_distributed {'test_accuracy': [(1, 0.22250639386189258), (2, 0.24067796610169492), (3, 0.540268456375839), (4, 0.6040781648258283), (5, 0.5738396624472574), (6, 0.6016949152542372), (7, 0.5707112970711297), (8, 0.6502963590177815), (9, 0.6815878378378378), (10, 0.6782682512733447), (11, 0.6579170194750211), (12, 0.6900931414055885), (13, 0.7510803802938635), (14, 0.7119932432432432), (15, 0.7177759056444819), (16, 0.6947890818858561), (17, 0.7233676975945017), (18, 0.7206896551724138), (19, 0.7101937657961247), (20, 0.7440273037542662), (21, 0.7228714524207012), (22, 0.7523564695801199), (23, 0.7410865874363328), (24, 0.7344398340248963), (25, 0.735144312393888), (26, 0.732606873428332), (27, 0.7602739726027398), (28, 0.7479061976549414), (29, 0.7483108108108109), (30, 0.7614601018675722), (31, 0.7686375321336761), (32, 0.75), (33, 0.7418546365914787), (34, 0.7552565180824222), (35, 0.7680067001675042), (36, 0.7868150684931506), (37, 0.7589437819420783), (38, 0.7767402376910016), (39, 0.7393887945670629), (40, 0.7550335570469798), (41, 0.7512647554806071), (42, 0.7632241813602015), (43, 0.7740303541315345), (44, 0.7993168232280102), (45, 0.7704507512520868), (46, 0.7974468085106383), (47, 0.7811447811447811), (48, 0.7865646258503401), (49, 0.7866215071972904), (50, 0.7779646761984861)]}
[2024-03-20 22:51:41,614][flwr][INFO] - app_fit: losses_centralized [(0, 0.28742435386180876), (1, 0.2809408677816391), (2, 0.2728115218400955), (3, 0.2608936916470528), (4, 0.24665893285274507), (5, 0.23022379059791565), (6, 0.2124676298379898), (7, 0.1955009044408798), (8, 0.1811429212152958), (9, 0.16870323256254197), (10, 0.15827893743515015), (11, 0.1492510452210903), (12, 0.14234765246510506), (13, 0.13585949275493622), (14, 0.1309240213572979), (15, 0.12577859346866607), (16, 0.12100524834990502), (17, 0.11779228993058205), (18, 0.11419960694909095), (19, 0.1119315139055252), (20, 0.10941619304120541), (21, 0.10637372741103172), (22, 0.10473764359652996), (23, 0.10238509645462036), (24, 0.10138221502304078), (25, 0.09906917610764504), (26, 0.09767330822646618), (27, 0.09574088700860739), (28, 0.09434396369606257), (29, 0.09309551952928305), (30, 0.09303441590219737), (31, 0.09143332282602787), (32, 0.0906891229480505), (33, 0.08913124133199453), (34, 0.08809765026271343), (35, 0.08743036413043738), (36, 0.08656233013123274), (37, 0.08617729114145041), (38, 0.08550022803395986), (39, 0.0847015962049365), (40, 0.08379426899403333), (41, 0.08338198165893555), (42, 0.08330630515366792), (43, 0.0827045764580369), (44, 0.08303445714861155), (45, 0.08085153151005507), (46, 0.08035147547125816), (47, 0.07957849042862654), (48, 0.07939727114886046), (49, 0.07861436460390687), (50, 0.07877701461166144)]
[2024-03-20 22:51:41,614][flwr][INFO] - app_fit: metrics_centralized {'test_accuracy': [(0, 0.1401), (1, 0.2575), (2, 0.2445), (3, 0.5311), (4, 0.5726), (5, 0.5527), (6, 0.6081), (7, 0.5758), (8, 0.6104), (9, 0.655), (10, 0.6744), (11, 0.6839), (12, 0.6767), (13, 0.7034), (14, 0.685), (15, 0.7129), (16, 0.7149), (17, 0.7105), (18, 0.7256), (19, 0.7237), (20, 0.7178), (21, 0.7321), (22, 0.7243), (23, 0.7389), (24, 0.7336), (25, 0.7342), (26, 0.7413), (27, 0.7454), (28, 0.7423), (29, 0.748), (30, 0.7451), (31, 0.7409), (32, 0.7408), (33, 0.7504), (34, 0.7578), (35, 0.7571), (36, 0.7544), (37, 0.7565), (38, 0.7628), (39, 0.7586), (40, 0.7621), (41, 0.7598), (42, 0.7607), (43, 0.7639), (44, 0.7559), (45, 0.7701), (46, 0.769), (47, 0.7728), (48, 0.7715), (49, 0.7753), (50, 0.7774)]}
[2024-03-20 22:51:43,470][flwr][INFO] - Cleaned up ray temp session: /tmp/ray/session_2024-03-20_18-59-19_256309_23308 with size: 879020859392
[2024-03-20 22:51:43,471][flwr][INFO] - Saving ['yaml', 'log', 'wandb']
