[2024-03-24 12:52:20,671][flwr][INFO] - working_dir: null
to_save_once:
- yaml
- log
- wandb
to_save_per_round:
- parameters
- rng
- history
save_frequency: 1
to_restore: []
to_clean_once:
- history
- parameters
- yaml
- log
- rng
- history
use_wandb: false
debug_clients:
  all: false
  one: true
wandb_resume: false
wandb_id: null
wandb:
  setup:
    project: template
    tags:
    - strategy_${strategy.name}
    - seed_${fed.seed}
    entity: null
    mode: online
ray_address: null
ray_redis_password: null
ray_node_ip_address: null
file_limit: 250
task:
  model_and_data: FMNIST_CNN
  train_structure: FMNIST
  fit_config:
    net_config: {}
    dataloader_config:
      batch_size: 4
    run_config:
      epochs: 1
      learning_rate: 0.01
      optimizer: diag_mc
    extra: {}
  eval_config:
    net_config: {}
    dataloader_config:
      batch_size: 8
    run_config: {}
    extra: {}
  fed_test_config:
    net_config: {}
    dataloader_config:
      batch_size: 8
    run_config: {}
    extra: {}
  net_config_initial_parameters: {}
  fit_metrics:
  - train_loss
  - train_accuracy
  evaluate_metrics:
  - test_accuracy
fed:
  num_rounds: 5
  num_total_clients: 100
  num_clients_per_round: 20
  num_evaluate_clients_per_round: 20
  enable_resampling: false
  cpus_per_client: 2
  gpus_per_client: 0
  seed: 1337
  load_saved_state: true
  server_round: null
  parameters_folder: null
  rng_folder: null
  history_folder: null
strategy:
  name: FedAvg
  init:
    _target_: flwr.server.strategy.FedAvg
dataset:
  dataset_dir: ./data/fmnist/data
  partition_dir: ./data/fmnist/partition
  num_clients: 100
  val_ratio: 0.1
  seed: 1337
  iid: false
  power_law: false
  balance: false
  lda: true
  alpha: 1.0

[2024-03-24 12:52:20,691][flwr][INFO] - Wandb run initialized with False
[2024-03-24 12:52:20,691][flwr][INFO] - Pre-cleaning ['history', 'parameters', 'yaml', 'log', 'rng', 'history']
[2024-03-24 12:52:20,691][flwr][INFO] - Loading parameters failed from: /Users/grantwilkins/fl-final-proj/outputs/2024-03-24/12-52-20/results/state/parameters/parameters_0.bin
[2024-03-24 12:52:20,691][flwr][INFO] - Generating initial parameters with config: {}
[2024-03-24 12:52:20,691][flwr][INFO] - Generating initial parameters with config: {}
[2024-03-24 12:52:20,704][flwr][INFO] - Using RNG seed: 1337
[2024-03-24 12:52:24,849][flwr][INFO] - Fit debug fit: [515, {'train_loss': 0.3107033630561771, 'train_accuracy': 0.570873786407767}]  and eval: (0.3245923477306701, 57, {'test_accuracy': 0.03508771929824561})
[2024-03-24 12:52:24,850][flwr][INFO] - Starting Flower simulation, config: ServerConfig(num_rounds=5, round_timeout=None)
[2024-03-24 12:52:27,531][flwr][INFO] - Flower VCE: Ray initialized with resources: {'memory': 16061961012.0, 'node:127.0.0.1': 1.0, 'object_store_memory': 2147483648.0, 'node:__internal_head__': 1.0, 'CPU': 10.0}
[2024-03-24 12:52:27,531][flwr][INFO] - Optimize your simulation with Flower VCE: https://flower.dev/docs/framework/how-to-run-simulations.html
[2024-03-24 12:52:27,531][flwr][INFO] - Flower VCE: Resources for each Virtual Client: {'num_cpus': 2, 'num_gpus': 0.0}
[2024-03-24 12:52:27,540][flwr][INFO] - Flower VCE: Creating VirtualClientEngineActorPool with 5 actors
[2024-03-24 12:52:27,540][flwr][INFO] - Initializing global parameters
[2024-03-24 12:52:27,540][flwr][INFO] - Using initial parameters provided by strategy
[2024-03-24 12:52:27,540][flwr][INFO] - Evaluating initial parameters
[2024-03-24 12:52:31,117][flwr][INFO] - initial parameters (loss, other metrics): 0.28808304002285, {'test_accuracy': 0.1001}
[2024-03-24 12:52:31,124][flwr][INFO] - FL starting
[2024-03-24 12:52:31,124][flwr][INFO] - Sampled the following clients: ['18', '62', '29', '0', '45', '56', '26', '93', '96', '76', '83', '92', '99', '54', '43', '3', '84', '27', '37', '59']
[2024-03-24 12:52:31,124][flwr][DEBUG] - fit_round 1: strategy sampled 20 clients (out of 100)
[2024-03-24 12:52:49,888][flwr][DEBUG] - fit_round 1 received 20 results and 0 failures
[2024-03-24 12:52:53,139][flwr][INFO] - fit progress: (1, 0.16047413595318794, {'test_accuracy': 0.6201}, 22.014897875022143)
[2024-03-24 12:52:53,139][flwr][INFO] - Sampled the following clients: ['41', '72', '1', '61', '47', '80', '99', '97', '54', '10', '58', '93', '89', '30', '23', '14', '31', '68', '96', '66']
[2024-03-24 12:52:53,139][flwr][DEBUG] - evaluate_round 1: strategy sampled 20 clients (out of 100)
[2024-03-24 12:52:53,851][flwr][DEBUG] - evaluate_round 1 received 20 results and 0 failures
[2024-03-24 12:52:53,862][flwr][INFO] - Sampled the following clients: ['0', '59', '24', '71', '20', '33', '69', '36', '73', '9', '61', '14', '37', '84', '42', '27', '79', '31', '46', '53']
[2024-03-24 12:52:53,862][flwr][DEBUG] - fit_round 2: strategy sampled 20 clients (out of 100)
[2024-03-24 12:53:11,872][flwr][DEBUG] - fit_round 2 received 20 results and 0 failures
[2024-03-24 12:53:15,511][flwr][INFO] - fit progress: (2, 0.0952884946346283, {'test_accuracy': 0.7116}, 44.38759587495588)
[2024-03-24 12:53:15,512][flwr][INFO] - Sampled the following clients: ['18', '80', '54', '3', '75', '57', '0', '27', '22', '23', '99', '78', '37', '2', '51', '55', '58', '4', '44', '74']
[2024-03-24 12:53:15,512][flwr][DEBUG] - evaluate_round 2: strategy sampled 20 clients (out of 100)
[2024-03-24 12:53:16,054][flwr][DEBUG] - evaluate_round 2 received 20 results and 0 failures
[2024-03-24 12:53:16,062][flwr][INFO] - Sampled the following clients: ['40', '96', '0', '76', '54', '73', '31', '66', '72', '32', '74', '12', '75', '55', '15', '83', '56', '19', '9', '90']
[2024-03-24 12:53:16,062][flwr][DEBUG] - fit_round 3: strategy sampled 20 clients (out of 100)
[2024-03-24 12:53:32,772][flwr][DEBUG] - fit_round 3 received 20 results and 0 failures
[2024-03-24 12:53:36,295][flwr][INFO] - fit progress: (3, 0.08175887194573879, {'test_accuracy': 0.758}, 65.17086145910434)
[2024-03-24 12:53:36,295][flwr][INFO] - Sampled the following clients: ['21', '94', '43', '95', '75', '77', '53', '41', '11', '67', '28', '84', '7', '57', '4', '91', '6', '76', '2', '25']
[2024-03-24 12:53:36,295][flwr][DEBUG] - evaluate_round 3: strategy sampled 20 clients (out of 100)
[2024-03-24 12:53:36,813][flwr][DEBUG] - evaluate_round 3 received 20 results and 0 failures
[2024-03-24 12:53:36,826][flwr][INFO] - Sampled the following clients: ['96', '98', '53', '49', '10', '18', '42', '63', '37', '88', '94', '81', '31', '56', '74', '50', '86', '25', '15', '28']
[2024-03-24 12:53:36,826][flwr][DEBUG] - fit_round 4: strategy sampled 20 clients (out of 100)
[2024-03-24 12:53:53,294][flwr][DEBUG] - fit_round 4 received 20 results and 0 failures
[2024-03-24 12:53:56,909][flwr][INFO] - fit progress: (4, 0.0749135706871748, {'test_accuracy': 0.7765}, 85.78545070905238)
[2024-03-24 12:53:56,909][flwr][INFO] - Sampled the following clients: ['36', '62', '92', '38', '75', '54', '45', '8', '26', '7', '91', '63', '43', '52', '66', '10', '83', '60', '55', '21']
[2024-03-24 12:53:56,909][flwr][DEBUG] - evaluate_round 4: strategy sampled 20 clients (out of 100)
[2024-03-24 12:53:57,524][flwr][DEBUG] - evaluate_round 4 received 20 results and 0 failures
[2024-03-24 12:53:57,540][flwr][INFO] - Sampled the following clients: ['3', '38', '10', '6', '91', '66', '41', '36', '94', '40', '8', '35', '69', '79', '27', '64', '65', '70', '59', '20']
[2024-03-24 12:53:57,540][flwr][DEBUG] - fit_round 5: strategy sampled 20 clients (out of 100)
[2024-03-24 12:54:13,916][flwr][DEBUG] - fit_round 5 received 20 results and 0 failures
[2024-03-24 12:54:17,080][flwr][INFO] - fit progress: (5, 0.06989719190187753, {'test_accuracy': 0.791}, 105.95678483392112)
[2024-03-24 12:54:17,081][flwr][INFO] - Sampled the following clients: ['18', '81', '51', '75', '11', '66', '76', '39', '10', '89', '96', '57', '79', '50', '40', '90', '45', '46', '31', '61']
[2024-03-24 12:54:17,081][flwr][DEBUG] - evaluate_round 5: strategy sampled 20 clients (out of 100)
[2024-03-24 12:54:17,609][flwr][DEBUG] - evaluate_round 5 received 20 results and 0 failures
[2024-03-24 12:54:17,617][flwr][INFO] - FL finished in 106.49327354202978
[2024-03-24 12:54:17,631][flwr][INFO] - app_fit: losses_distributed [(1, 0.1775942558370283), (2, 0.09604400406449529), (3, 0.08741763705894001), (4, 0.0771643066843663), (5, 0.07067437858982915)]
[2024-03-24 12:54:17,632][flwr][INFO] - app_fit: metrics_distributed_fit {'train_loss': [(1, 0.3128250549398065), (2, 0.2154237804790608), (3, 0.16582942103288606), (4, 0.15937350645672188), (5, 0.13791084969315426)], 'train_accuracy': [(1, 0.5815702867889045), (2, 0.6953418138555871), (3, 0.7631037064769749), (4, 0.7730819245773732), (5, 0.791651409740022)]}
[2024-03-24 12:54:17,632][flwr][INFO] - app_fit: metrics_distributed {'test_accuracy': [(1, 0.6035805626598465), (2, 0.7177966101694915), (3, 0.7323825503355704), (4, 0.784197111299915), (5, 0.8042194092827004)]}
[2024-03-24 12:54:17,632][flwr][INFO] - app_fit: losses_centralized [(0, 0.28808304002285), (1, 0.16047413595318794), (2, 0.0952884946346283), (3, 0.08175887194573879), (4, 0.0749135706871748), (5, 0.06989719190187753)]
[2024-03-24 12:54:17,632][flwr][INFO] - app_fit: metrics_centralized {'test_accuracy': [(0, 0.1001), (1, 0.6201), (2, 0.7116), (3, 0.758), (4, 0.7765), (5, 0.791)]}
[2024-03-24 12:54:19,261][flwr][INFO] - Cleaned up ray temp session: /tmp/ray/session_2024-03-24_12-52-24_900611_76416 with size: 911490322432
[2024-03-24 12:54:19,261][flwr][INFO] - Saving ['yaml', 'log', 'wandb']
