[2024-03-21 19:52:20,934][flwr][INFO] - working_dir: null
to_save_once:
- yaml
- log
- wandb
to_save_per_round:
- parameters
- rng
- history
save_frequency: 1
to_restore: []
to_clean_once:
- history
- parameters
- yaml
- log
- rng
- history
use_wandb: false
debug_clients:
  all: false
  one: true
wandb_resume: false
wandb_id: null
wandb:
  setup:
    project: template
    tags:
    - strategy_${strategy.name}
    - seed_${fed.seed}
    entity: null
    mode: online
ray_address: null
ray_redis_password: null
ray_node_ip_address: null
file_limit: 250
task:
  model_and_data: FMNIST_CNN
  train_structure: FMNIST
  fit_config:
    net_config: {}
    dataloader_config:
      batch_size: 4
    run_config:
      epochs: 1
      learning_rate: 0.01
      optimizer: block_exact
    extra: {}
  eval_config:
    net_config: {}
    dataloader_config:
      batch_size: 8
    run_config: {}
    extra: {}
  fed_test_config:
    net_config: {}
    dataloader_config:
      batch_size: 8
    run_config: {}
    extra: {}
  net_config_initial_parameters: {}
  fit_metrics:
  - train_loss
  - train_accuracy
  evaluate_metrics:
  - test_accuracy
fed:
  num_rounds: 50
  num_total_clients: 100
  num_clients_per_round: 20
  num_evaluate_clients_per_round: 20
  enable_resampling: false
  cpus_per_client: 2
  gpus_per_client: 0
  seed: 1337
  load_saved_state: true
  server_round: null
  parameters_folder: null
  rng_folder: null
  history_folder: null
strategy:
  name: FedAvg
  init:
    _target_: flwr.server.strategy.FedAvg
dataset:
  dataset_dir: ./data/fmnist/data
  partition_dir: ./data/fmnist/partition
  num_clients: 100
  val_ratio: 0.1
  seed: 1337
  iid: false
  power_law: false
  balance: false
  lda: true
  alpha: 0.1

[2024-03-21 19:52:20,957][flwr][INFO] - Wandb run initialized with False
[2024-03-21 19:52:20,957][flwr][INFO] - Pre-cleaning ['history', 'parameters', 'yaml', 'log', 'rng', 'history']
[2024-03-21 19:52:20,957][flwr][INFO] - Loading parameters failed from: /Users/grantwilkins/fl-final-proj/outputs/2024-03-21/19-52-20/results/state/parameters/parameters_0.bin
[2024-03-21 19:52:20,957][flwr][INFO] - Generating initial parameters with config: {}
[2024-03-21 19:52:20,957][flwr][INFO] - Generating initial parameters with config: {}
[2024-03-21 19:52:20,977][flwr][INFO] - Using RNG seed: 1337
[2024-03-21 19:52:44,403][flwr][INFO] - Fit debug fit: [566, {'train_loss': 0.317332096634821, 'train_accuracy': 0.5954063604240283}]  and eval: (0.30389708857382497, 62, {'test_accuracy': 0.0})
[2024-03-21 19:52:44,405][flwr][INFO] - Starting Flower simulation, config: ServerConfig(num_rounds=50, round_timeout=None)
[2024-03-21 19:52:47,938][flwr][INFO] - Flower VCE: Ray initialized with resources: {'memory': 22582362112.0, 'object_store_memory': 2147483648.0, 'node:127.0.0.1': 1.0, 'CPU': 10.0, 'node:__internal_head__': 1.0}
[2024-03-21 19:52:47,939][flwr][INFO] - Optimize your simulation with Flower VCE: https://flower.dev/docs/framework/how-to-run-simulations.html
[2024-03-21 19:52:47,939][flwr][INFO] - Flower VCE: Resources for each Virtual Client: {'num_cpus': 2, 'num_gpus': 0.0}
[2024-03-21 19:52:47,946][flwr][INFO] - Flower VCE: Creating VirtualClientEngineActorPool with 5 actors
[2024-03-21 19:52:47,946][flwr][INFO] - Initializing global parameters
[2024-03-21 19:52:47,946][flwr][INFO] - Using initial parameters provided by strategy
[2024-03-21 19:52:47,946][flwr][INFO] - Evaluating initial parameters
[2024-03-21 19:52:51,469][flwr][INFO] - initial parameters (loss, other metrics): 0.28782366318702696, {'test_accuracy': 0.106}
[2024-03-21 19:52:51,487][flwr][INFO] - FL starting
[2024-03-21 19:52:51,487][flwr][INFO] - Sampled the following clients: ['18', '62', '29', '0', '45', '56', '26', '93', '96', '76', '83', '92', '99', '54', '43', '3', '84', '27', '37', '59']
[2024-03-21 19:52:51,488][flwr][DEBUG] - fit_round 1: strategy sampled 20 clients (out of 100)
[2024-03-21 20:01:50,925][flwr][DEBUG] - fit_round 1 received 20 results and 0 failures
[2024-03-21 20:01:53,888][flwr][INFO] - fit progress: (1, 0.28602484266757966, {'test_accuracy': 0.1}, 261.40652295784093)
[2024-03-21 20:01:53,888][flwr][INFO] - Sampled the following clients: ['41', '72', '1', '61', '47', '80', '99', '97', '54', '10', '58', '93', '89', '30', '23', '14', '31', '68', '96', '66']
[2024-03-21 20:01:53,888][flwr][DEBUG] - evaluate_round 1: strategy sampled 20 clients (out of 100)
[2024-03-21 20:01:54,931][flwr][DEBUG] - evaluate_round 1 received 20 results and 0 failures
[2024-03-21 20:01:54,938][flwr][INFO] - Sampled the following clients: ['0', '59', '24', '71', '20', '33', '69', '36', '73', '9', '61', '14', '37', '84', '42', '27', '79', '31', '46', '53']
[2024-03-21 20:01:54,938][flwr][DEBUG] - fit_round 2: strategy sampled 20 clients (out of 100)
[2024-03-21 20:10:25,215][flwr][DEBUG] - fit_round 2 received 20 results and 0 failures
[2024-03-21 20:10:28,152][flwr][INFO] - fit progress: (2, 0.2829693235754967, {'test_accuracy': 0.1319}, 503.78695541690104)
[2024-03-21 20:10:28,153][flwr][INFO] - Sampled the following clients: ['18', '80', '54', '3', '75', '57', '0', '27', '22', '23', '99', '78', '37', '2', '51', '55', '58', '4', '44', '74']
[2024-03-21 20:10:28,153][flwr][DEBUG] - evaluate_round 2: strategy sampled 20 clients (out of 100)
[2024-03-21 20:10:29,201][flwr][DEBUG] - evaluate_round 2 received 20 results and 0 failures
[2024-03-21 20:10:29,211][flwr][INFO] - Sampled the following clients: ['40', '96', '0', '76', '54', '73', '31', '66', '72', '32', '74', '12', '75', '55', '15', '83', '56', '19', '9', '90']
[2024-03-21 20:10:29,211][flwr][DEBUG] - fit_round 3: strategy sampled 20 clients (out of 100)
[2024-03-21 20:17:32,580][flwr][DEBUG] - fit_round 3 received 20 results and 0 failures
[2024-03-21 20:17:35,548][flwr][INFO] - fit progress: (3, 0.2745652006864548, {'test_accuracy': 0.3843}, 738.9768085000105)
[2024-03-21 20:17:35,548][flwr][INFO] - Sampled the following clients: ['21', '94', '43', '95', '75', '77', '53', '41', '11', '67', '28', '84', '7', '57', '4', '91', '6', '76', '2', '25']
[2024-03-21 20:17:35,548][flwr][DEBUG] - evaluate_round 3: strategy sampled 20 clients (out of 100)
[2024-03-21 20:17:36,586][flwr][DEBUG] - evaluate_round 3 received 20 results and 0 failures
[2024-03-21 20:17:36,596][flwr][INFO] - Sampled the following clients: ['96', '98', '53', '49', '10', '18', '42', '63', '37', '88', '94', '81', '31', '56', '74', '50', '86', '25', '15', '28']
[2024-03-21 20:17:36,596][flwr][DEBUG] - fit_round 4: strategy sampled 20 clients (out of 100)
[2024-03-21 20:24:41,466][flwr][DEBUG] - fit_round 4 received 20 results and 0 failures
[2024-03-21 20:24:44,485][flwr][INFO] - fit progress: (4, 0.26727179160118103, {'test_accuracy': 0.3429}, 1167.9105027918704)
[2024-03-21 20:24:44,485][flwr][INFO] - Sampled the following clients: ['36', '62', '92', '38', '75', '54', '45', '8', '26', '7', '91', '63', '43', '52', '66', '10', '83', '60', '55', '21']
[2024-03-21 20:24:44,485][flwr][DEBUG] - evaluate_round 4: strategy sampled 20 clients (out of 100)
[2024-03-21 20:24:45,560][flwr][DEBUG] - evaluate_round 4 received 20 results and 0 failures
[2024-03-21 20:24:45,571][flwr][INFO] - Sampled the following clients: ['3', '38', '10', '6', '91', '66', '41', '36', '94', '40', '8', '35', '69', '79', '27', '64', '65', '70', '59', '20']
[2024-03-21 20:24:45,571][flwr][DEBUG] - fit_round 5: strategy sampled 20 clients (out of 100)
[2024-03-21 20:31:27,699][flwr][DEBUG] - fit_round 5 received 20 results and 0 failures
[2024-03-21 20:31:30,761][flwr][INFO] - fit progress: (5, 0.2582021075129509, {'test_accuracy': 0.4708}, 1574.1835032918025)
[2024-03-21 20:31:30,761][flwr][INFO] - Sampled the following clients: ['18', '81', '51', '75', '11', '66', '76', '39', '10', '89', '96', '57', '79', '50', '40', '90', '45', '46', '31', '61']
[2024-03-21 20:31:30,761][flwr][DEBUG] - evaluate_round 5: strategy sampled 20 clients (out of 100)
[2024-03-21 20:31:31,906][flwr][DEBUG] - evaluate_round 5 received 20 results and 0 failures
[2024-03-21 20:31:31,929][flwr][INFO] - Sampled the following clients: ['53', '40', '33', '94', '26', '41', '52', '3', '31', '69', '76', '81', '27', '71', '18', '91', '2', '44', '11', '84']
[2024-03-21 20:31:31,929][flwr][DEBUG] - fit_round 6: strategy sampled 20 clients (out of 100)
[2024-03-21 20:38:29,142][flwr][DEBUG] - fit_round 6 received 20 results and 0 failures
[2024-03-21 20:38:32,191][flwr][INFO] - fit progress: (6, 0.2518089261174202, {'test_accuracy': 0.3039}, 1995.6330102079082)
[2024-03-21 20:38:32,191][flwr][INFO] - Sampled the following clients: ['40', '30', '61', '48', '49', '90', '2', '85', '27', '65', '80', '12', '74', '47', '39', '69', '63', '86', '87', '66']
[2024-03-21 20:38:32,191][flwr][DEBUG] - evaluate_round 6: strategy sampled 20 clients (out of 100)
[2024-03-21 20:38:33,242][flwr][DEBUG] - evaluate_round 6 received 20 results and 0 failures
[2024-03-21 20:38:33,263][flwr][INFO] - Sampled the following clients: ['63', '74', '14', '11', '58', '76', '92', '62', '73', '22', '65', '91', '47', '71', '56', '10', '40', '17', '33', '34']
[2024-03-21 20:38:33,263][flwr][DEBUG] - fit_round 7: strategy sampled 20 clients (out of 100)
[2024-03-21 20:45:37,550][flwr][DEBUG] - fit_round 7 received 20 results and 0 failures
[2024-03-21 20:45:40,619][flwr][INFO] - fit progress: (7, 0.24116255007982254, {'test_accuracy': 0.2898}, 2424.0622436669655)
[2024-03-21 20:45:40,619][flwr][INFO] - Sampled the following clients: ['9', '28', '80', '42', '19', '82', '17', '84', '43', '69', '56', '15', '63', '81', '6', '64', '10', '68', '89', '12']
[2024-03-21 20:45:40,619][flwr][DEBUG] - evaluate_round 7: strategy sampled 20 clients (out of 100)
[2024-03-21 20:45:41,705][flwr][DEBUG] - evaluate_round 7 received 20 results and 0 failures
[2024-03-21 20:45:41,718][flwr][INFO] - Sampled the following clients: ['26', '65', '22', '82', '73', '93', '50', '48', '76', '3', '11', '51', '79', '90', '96', '2', '86', '25', '19', '13']
[2024-03-21 20:45:41,718][flwr][DEBUG] - fit_round 8: strategy sampled 20 clients (out of 100)
[2024-03-21 20:52:16,223][flwr][DEBUG] - fit_round 8 received 20 results and 0 failures
[2024-03-21 20:52:19,305][flwr][INFO] - fit progress: (8, 0.23287240955829622, {'test_accuracy': 0.5336}, 2822.7485009999946)
[2024-03-21 20:52:19,305][flwr][INFO] - Sampled the following clients: ['53', '17', '91', '18', '86', '0', '30', '80', '22', '81', '76', '61', '52', '55', '96', '68', '54', '28', '92', '64']
[2024-03-21 20:52:19,305][flwr][DEBUG] - evaluate_round 8: strategy sampled 20 clients (out of 100)
[2024-03-21 20:52:20,464][flwr][DEBUG] - evaluate_round 8 received 20 results and 0 failures
[2024-03-21 20:52:20,476][flwr][INFO] - Sampled the following clients: ['9', '90', '34', '35', '37', '31', '17', '5', '26', '19', '83', '11', '18', '8', '77', '84', '29', '3', '56', '72']
[2024-03-21 20:52:20,476][flwr][DEBUG] - fit_round 9: strategy sampled 20 clients (out of 100)
[2024-03-21 21:09:46,292][flwr][DEBUG] - fit_round 9 received 20 results and 0 failures
[2024-03-21 21:09:49,287][flwr][INFO] - fit progress: (9, 0.22550972133874894, {'test_accuracy': 0.3792}, 3122.2969413329847)
[2024-03-21 21:09:49,287][flwr][INFO] - Sampled the following clients: ['99', '24', '66', '35', '3', '1', '50', '67', '13', '97', '76', '4', '75', '53', '87', '61', '98', '31', '45', '44']
[2024-03-21 21:09:49,287][flwr][DEBUG] - evaluate_round 9: strategy sampled 20 clients (out of 100)
[2024-03-21 21:09:50,258][flwr][DEBUG] - evaluate_round 9 received 20 results and 0 failures
[2024-03-21 21:09:50,276][flwr][INFO] - Sampled the following clients: ['96', '46', '99', '31', '33', '10', '4', '5', '69', '20', '60', '52', '95', '15', '47', '66', '61', '90', '85', '12']
[2024-03-21 21:09:50,276][flwr][DEBUG] - fit_round 10: strategy sampled 20 clients (out of 100)
[2024-03-21 21:16:38,770][flwr][DEBUG] - fit_round 10 received 20 results and 0 failures
[2024-03-21 21:16:41,782][flwr][INFO] - fit progress: (10, 0.21508274154663085, {'test_accuracy': 0.4916}, 3533.3910734578967)
[2024-03-21 21:16:41,782][flwr][INFO] - Sampled the following clients: ['26', '40', '28', '34', '68', '46', '42', '73', '93', '84', '61', '72', '10', '78', '94', '33', '4', '11', '70', '24']
[2024-03-21 21:16:41,782][flwr][DEBUG] - evaluate_round 10: strategy sampled 20 clients (out of 100)
[2024-03-21 21:16:42,784][flwr][DEBUG] - evaluate_round 10 received 20 results and 0 failures
[2024-03-21 21:16:42,797][flwr][INFO] - Sampled the following clients: ['80', '18', '11', '61', '25', '0', '85', '30', '19', '14', '53', '90', '43', '29', '33', '36', '81', '99', '58', '5']
[2024-03-21 21:16:42,797][flwr][DEBUG] - fit_round 11: strategy sampled 20 clients (out of 100)
[2024-03-21 21:23:26,085][flwr][DEBUG] - fit_round 11 received 20 results and 0 failures
[2024-03-21 21:23:29,181][flwr][INFO] - fit progress: (11, 0.20609419243335725, {'test_accuracy': 0.5278}, 3940.7871226249263)
[2024-03-21 21:23:29,181][flwr][INFO] - Sampled the following clients: ['14', '79', '10', '1', '85', '92', '80', '48', '61', '50', '25', '45', '43', '7', '15', '33', '98', '75', '97', '47']
[2024-03-21 21:23:29,181][flwr][DEBUG] - evaluate_round 11: strategy sampled 20 clients (out of 100)
[2024-03-21 21:23:30,266][flwr][DEBUG] - evaluate_round 11 received 20 results and 0 failures
[2024-03-21 21:23:30,286][flwr][INFO] - Sampled the following clients: ['41', '75', '57', '14', '91', '99', '52', '16', '44', '24', '95', '23', '80', '27', '92', '35', '55', '94', '31', '69']
[2024-03-21 21:23:30,286][flwr][DEBUG] - fit_round 12: strategy sampled 20 clients (out of 100)
[2024-03-21 21:39:51,135][flwr][DEBUG] - fit_round 12 received 20 results and 0 failures
[2024-03-21 21:39:54,079][flwr][INFO] - fit progress: (12, 0.1930958205461502, {'test_accuracy': 0.6049}, 4241.653434542008)
[2024-03-21 21:39:54,080][flwr][INFO] - Sampled the following clients: ['27', '32', '70', '96', '74', '37', '52', '39', '82', '23', '66', '7', '38', '24', '26', '79', '36', '51', '8', '58']
[2024-03-21 21:39:54,080][flwr][DEBUG] - evaluate_round 12: strategy sampled 20 clients (out of 100)
[2024-03-21 21:39:55,159][flwr][DEBUG] - evaluate_round 12 received 20 results and 0 failures
[2024-03-21 21:39:55,189][flwr][INFO] - Sampled the following clients: ['31', '22', '18', '50', '54', '26', '58', '3', '27', '2', '91', '63', '68', '87', '4', '33', '6', '42', '34', '45']
[2024-03-21 21:39:55,189][flwr][DEBUG] - fit_round 13: strategy sampled 20 clients (out of 100)
[2024-03-21 21:46:08,613][flwr][DEBUG] - fit_round 13 received 20 results and 0 failures
[2024-03-21 21:46:11,684][flwr][INFO] - fit progress: (13, 0.19020299592018128, {'test_accuracy': 0.4885}, 4619.256420374848)
[2024-03-21 21:46:11,685][flwr][INFO] - Sampled the following clients: ['21', '33', '98', '74', '92', '2', '14', '9', '67', '87', '89', '76', '32', '40', '52', '71', '75', '6', '11', '86']
[2024-03-21 21:46:11,685][flwr][DEBUG] - evaluate_round 13: strategy sampled 20 clients (out of 100)
[2024-03-21 21:46:12,712][flwr][DEBUG] - evaluate_round 13 received 20 results and 0 failures
[2024-03-21 21:46:12,725][flwr][INFO] - Sampled the following clients: ['45', '67', '28', '80', '9', '73', '94', '92', '11', '59', '61', '78', '18', '41', '64', '4', '1', '55', '57', '85']
[2024-03-21 21:46:12,725][flwr][DEBUG] - fit_round 14: strategy sampled 20 clients (out of 100)
[2024-03-21 21:53:14,034][flwr][DEBUG] - fit_round 14 received 20 results and 0 failures
[2024-03-21 21:53:17,162][flwr][INFO] - fit progress: (14, 0.1798699748158455, {'test_accuracy': 0.6427}, 5044.731103583006)
[2024-03-21 21:53:17,162][flwr][INFO] - Sampled the following clients: ['66', '63', '38', '1', '49', '64', '88', '36', '51', '50', '18', '73', '56', '35', '99', '11', '44', '26', '4', '53']
[2024-03-21 21:53:17,162][flwr][DEBUG] - evaluate_round 14: strategy sampled 20 clients (out of 100)
[2024-03-21 21:53:18,284][flwr][DEBUG] - evaluate_round 14 received 20 results and 0 failures
[2024-03-21 21:53:18,298][flwr][INFO] - Sampled the following clients: ['81', '77', '91', '7', '30', '98', '69', '55', '1', '17', '73', '59', '9', '97', '2', '65', '38', '24', '6', '64']
[2024-03-21 21:53:18,298][flwr][DEBUG] - fit_round 15: strategy sampled 20 clients (out of 100)
[2024-03-21 22:00:36,588][flwr][DEBUG] - fit_round 15 received 20 results and 0 failures
[2024-03-21 22:00:39,671][flwr][INFO] - fit progress: (15, 0.17487949361205102, {'test_accuracy': 0.6278}, 5487.2366901249625)
[2024-03-21 22:00:39,671][flwr][INFO] - Sampled the following clients: ['22', '29', '58', '6', '55', '69', '75', '72', '19', '17', '98', '76', '28', '67', '97', '25', '82', '31', '18', '52']
[2024-03-21 22:00:39,671][flwr][DEBUG] - evaluate_round 15: strategy sampled 20 clients (out of 100)
[2024-03-21 22:00:40,789][flwr][DEBUG] - evaluate_round 15 received 20 results and 0 failures
[2024-03-21 22:00:40,804][flwr][INFO] - Sampled the following clients: ['98', '8', '0', '77', '49', '40', '13', '33', '67', '34', '91', '54', '96', '82', '7', '60', '10', '97', '42', '83']
[2024-03-21 22:00:40,804][flwr][DEBUG] - fit_round 16: strategy sampled 20 clients (out of 100)
[2024-03-21 22:07:46,497][flwr][DEBUG] - fit_round 16 received 20 results and 0 failures
[2024-03-21 22:07:49,639][flwr][INFO] - fit progress: (16, 0.17164068925976753, {'test_accuracy': 0.584}, 5917.296865375014)
[2024-03-21 22:07:49,639][flwr][INFO] - Sampled the following clients: ['31', '79', '78', '41', '89', '22', '94', '72', '76', '68', '75', '34', '87', '13', '39', '96', '25', '64', '69', '40']
[2024-03-21 22:07:49,639][flwr][DEBUG] - evaluate_round 16: strategy sampled 20 clients (out of 100)
[2024-03-21 22:07:50,735][flwr][DEBUG] - evaluate_round 16 received 20 results and 0 failures
[2024-03-21 22:07:50,751][flwr][INFO] - Sampled the following clients: ['43', '99', '52', '16', '65', '90', '33', '86', '37', '13', '74', '11', '88', '14', '59', '97', '3', '22', '47', '1']
[2024-03-21 22:07:50,751][flwr][DEBUG] - fit_round 17: strategy sampled 20 clients (out of 100)
[2024-03-21 22:14:59,392][flwr][DEBUG] - fit_round 17 received 20 results and 0 failures
[2024-03-21 22:15:02,492][flwr][INFO] - fit progress: (17, 0.16291942766308784, {'test_accuracy': 0.6163}, 6350.160661666887)
[2024-03-21 22:15:02,493][flwr][INFO] - Sampled the following clients: ['4', '86', '47', '48', '13', '14', '62', '94', '7', '38', '53', '95', '59', '1', '8', '27', '19', '29', '78', '41']
[2024-03-21 22:15:02,493][flwr][DEBUG] - evaluate_round 17: strategy sampled 20 clients (out of 100)
[2024-03-21 22:15:03,618][flwr][DEBUG] - evaluate_round 17 received 20 results and 0 failures
[2024-03-21 22:15:03,635][flwr][INFO] - Sampled the following clients: ['15', '59', '14', '63', '45', '24', '18', '87', '51', '70', '81', '13', '6', '55', '74', '17', '50', '48', '96', '16']
[2024-03-21 22:15:03,635][flwr][DEBUG] - fit_round 18: strategy sampled 20 clients (out of 100)
[2024-03-21 22:22:09,961][flwr][DEBUG] - fit_round 18 received 20 results and 0 failures
[2024-03-21 22:22:13,089][flwr][INFO] - fit progress: (18, 0.16072173652648925, {'test_accuracy': 0.6282}, 6780.76784362481)
[2024-03-21 22:22:13,089][flwr][INFO] - Sampled the following clients: ['22', '64', '81', '52', '47', '10', '96', '98', '34', '44', '7', '57', '62', '31', '14', '54', '90', '43', '37', '1']
[2024-03-21 22:22:13,090][flwr][DEBUG] - evaluate_round 18: strategy sampled 20 clients (out of 100)
[2024-03-21 22:22:14,169][flwr][DEBUG] - evaluate_round 18 received 20 results and 0 failures
[2024-03-21 22:22:14,180][flwr][INFO] - Sampled the following clients: ['10', '22', '16', '91', '66', '86', '77', '36', '59', '78', '83', '72', '47', '12', '40', '29', '52', '58', '65', '51']
[2024-03-21 22:22:14,180][flwr][DEBUG] - fit_round 19: strategy sampled 20 clients (out of 100)
[2024-03-21 22:29:09,061][flwr][DEBUG] - fit_round 19 received 20 results and 0 failures
[2024-03-21 22:29:12,214][flwr][INFO] - fit progress: (19, 0.152738225543499, {'test_accuracy': 0.6601}, 7199.902454082854)
[2024-03-21 22:29:12,214][flwr][INFO] - Sampled the following clients: ['80', '46', '34', '40', '81', '49', '66', '79', '62', '29', '51', '38', '90', '85', '59', '8', '17', '10', '27', '87']
[2024-03-21 22:29:12,214][flwr][DEBUG] - evaluate_round 19: strategy sampled 20 clients (out of 100)
[2024-03-21 22:29:13,442][flwr][DEBUG] - evaluate_round 19 received 20 results and 0 failures
[2024-03-21 22:29:13,454][flwr][INFO] - Sampled the following clients: ['3', '65', '59', '57', '35', '33', '26', '96', '69', '87', '5', '1', '76', '56', '24', '58', '47', '62', '49', '9']
[2024-03-21 22:29:13,454][flwr][DEBUG] - fit_round 20: strategy sampled 20 clients (out of 100)
[2024-03-21 22:36:28,170][flwr][DEBUG] - fit_round 20 received 20 results and 0 failures
[2024-03-21 22:36:31,296][flwr][INFO] - fit progress: (20, 0.15151498349905013, {'test_accuracy': 0.6469}, 7638.9947267498355)
[2024-03-21 22:36:31,296][flwr][INFO] - Sampled the following clients: ['54', '72', '45', '62', '50', '19', '92', '75', '32', '95', '20', '93', '11', '15', '98', '24', '13', '9', '4', '87']
[2024-03-21 22:36:31,296][flwr][DEBUG] - evaluate_round 20: strategy sampled 20 clients (out of 100)
[2024-03-21 22:36:32,395][flwr][DEBUG] - evaluate_round 20 received 20 results and 0 failures
[2024-03-21 22:36:32,416][flwr][INFO] - Sampled the following clients: ['89', '9', '33', '36', '47', '52', '19', '96', '10', '16', '51', '37', '26', '2', '20', '98', '79', '63', '40', '31']
[2024-03-21 22:36:32,416][flwr][DEBUG] - fit_round 21: strategy sampled 20 clients (out of 100)
[2024-03-21 22:54:25,286][flwr][DEBUG] - fit_round 21 received 20 results and 0 failures
[2024-03-21 22:54:28,283][flwr][INFO] - fit progress: (21, 0.1487900457561016, {'test_accuracy': 0.6512}, 7979.438337957952)
[2024-03-21 22:54:28,283][flwr][INFO] - Sampled the following clients: ['23', '55', '78', '82', '84', '32', '22', '15', '50', '93', '89', '69', '43', '34', '98', '37', '60', '67', '79', '40']
[2024-03-21 22:54:28,283][flwr][DEBUG] - evaluate_round 21: strategy sampled 20 clients (out of 100)
[2024-03-21 22:54:29,775][flwr][DEBUG] - evaluate_round 21 received 20 results and 0 failures
[2024-03-21 22:54:29,802][flwr][INFO] - Sampled the following clients: ['8', '82', '48', '27', '33', '75', '7', '16', '67', '53', '14', '12', '4', '22', '61', '84', '42', '59', '17', '56']
[2024-03-21 22:54:29,802][flwr][DEBUG] - fit_round 22: strategy sampled 20 clients (out of 100)
[2024-03-21 23:07:04,720][flwr][DEBUG] - fit_round 22 received 20 results and 0 failures
[2024-03-21 23:07:07,710][flwr][INFO] - fit progress: (22, 0.14213919789195062, {'test_accuracy': 0.686}, 8221.443912207847)
[2024-03-21 23:07:07,710][flwr][INFO] - Sampled the following clients: ['15', '65', '3', '0', '82', '88', '35', '78', '71', '25', '12', '8', '10', '14', '24', '45', '21', '72', '80', '93']
[2024-03-21 23:07:07,710][flwr][DEBUG] - evaluate_round 22: strategy sampled 20 clients (out of 100)
[2024-03-21 23:07:09,171][flwr][DEBUG] - evaluate_round 22 received 20 results and 0 failures
[2024-03-21 23:07:09,186][flwr][INFO] - Sampled the following clients: ['72', '74', '69', '17', '64', '22', '25', '21', '62', '48', '36', '0', '56', '93', '39', '71', '15', '13', '40', '49']
[2024-03-21 23:07:09,186][flwr][DEBUG] - fit_round 23: strategy sampled 20 clients (out of 100)
[2024-03-21 23:13:28,038][flwr][DEBUG] - fit_round 23 received 20 results and 0 failures
[2024-03-21 23:13:31,032][flwr][INFO] - fit progress: (23, 0.13983734257221223, {'test_accuracy': 0.689}, 8604.761558207916)
[2024-03-21 23:13:31,033][flwr][INFO] - Sampled the following clients: ['74', '51', '53', '22', '48', '35', '12', '38', '10', '85', '18', '73', '65', '19', '71', '89', '72', '44', '70', '80']
[2024-03-21 23:13:31,033][flwr][DEBUG] - evaluate_round 23: strategy sampled 20 clients (out of 100)
[2024-03-21 23:13:32,323][flwr][DEBUG] - evaluate_round 23 received 20 results and 0 failures
[2024-03-21 23:13:32,348][flwr][INFO] - Sampled the following clients: ['80', '68', '69', '42', '85', '22', '21', '86', '50', '41', '62', '96', '67', '4', '77', '39', '87', '34', '35', '98']
[2024-03-21 23:13:32,348][flwr][DEBUG] - fit_round 24: strategy sampled 20 clients (out of 100)
[2024-03-21 23:20:10,755][flwr][DEBUG] - fit_round 24 received 20 results and 0 failures
[2024-03-21 23:20:13,859][flwr][INFO] - fit progress: (24, 0.13919173889756203, {'test_accuracy': 0.6885}, 9007.582837000024)
[2024-03-21 23:20:13,859][flwr][INFO] - Sampled the following clients: ['71', '53', '49', '52', '73', '64', '56', '93', '46', '69', '19', '77', '51', '28', '23', '36', '81', '84', '50', '22']
[2024-03-21 23:20:13,859][flwr][DEBUG] - evaluate_round 24: strategy sampled 20 clients (out of 100)
[2024-03-21 23:20:15,201][flwr][DEBUG] - evaluate_round 24 received 20 results and 0 failures
[2024-03-21 23:20:15,229][flwr][INFO] - Sampled the following clients: ['4', '13', '90', '89', '72', '65', '19', '34', '54', '67', '93', '46', '23', '44', '66', '56', '2', '57', '20', '48']
[2024-03-21 23:20:15,229][flwr][DEBUG] - fit_round 25: strategy sampled 20 clients (out of 100)
[2024-03-21 23:33:32,397][flwr][DEBUG] - fit_round 25 received 20 results and 0 failures
[2024-03-21 23:33:35,376][flwr][INFO] - fit progress: (25, 0.13721166472434998, {'test_accuracy': 0.6717}, 9316.169387457892)
[2024-03-21 23:33:35,377][flwr][INFO] - Sampled the following clients: ['95', '92', '16', '83', '8', '81', '88', '20', '22', '33', '68', '1', '82', '10', '62', '23', '25', '89', '93', '97']
[2024-03-21 23:33:35,377][flwr][DEBUG] - evaluate_round 25: strategy sampled 20 clients (out of 100)
[2024-03-21 23:33:36,906][flwr][DEBUG] - evaluate_round 25 received 20 results and 0 failures
[2024-03-21 23:33:36,933][flwr][INFO] - Sampled the following clients: ['80', '30', '19', '71', '10', '52', '47', '50', '75', '21', '76', '12', '43', '8', '89', '96', '68', '26', '17', '3']
[2024-03-21 23:33:36,933][flwr][DEBUG] - fit_round 26: strategy sampled 20 clients (out of 100)
[2024-03-21 23:43:38,767][flwr][DEBUG] - fit_round 26 received 20 results and 0 failures
[2024-03-21 23:43:41,790][flwr][INFO] - fit progress: (26, 0.13647280399203301, {'test_accuracy': 0.6544}, 9557.790097082965)
[2024-03-21 23:43:41,790][flwr][INFO] - Sampled the following clients: ['78', '98', '35', '8', '97', '32', '12', '86', '47', '84', '89', '95', '14', '43', '93', '54', '80', '75', '9', '85']
[2024-03-21 23:43:41,790][flwr][DEBUG] - evaluate_round 26: strategy sampled 20 clients (out of 100)
[2024-03-21 23:43:43,360][flwr][DEBUG] - evaluate_round 26 received 20 results and 0 failures
[2024-03-21 23:43:43,390][flwr][INFO] - Sampled the following clients: ['11', '6', '37', '78', '2', '7', '8', '42', '59', '53', '98', '14', '28', '96', '56', '67', '41', '15', '30', '55']
[2024-03-21 23:43:43,390][flwr][DEBUG] - fit_round 27: strategy sampled 20 clients (out of 100)
[2024-03-21 23:54:52,466][flwr][DEBUG] - fit_round 27 received 20 results and 0 failures
[2024-03-21 23:54:55,457][flwr][INFO] - fit progress: (27, 0.1329056791305542, {'test_accuracy': 0.6756}, 9839.39371470781)
[2024-03-21 23:54:55,457][flwr][INFO] - Sampled the following clients: ['65', '68', '37', '48', '52', '95', '45', '63', '16', '38', '74', '56', '18', '3', '66', '42', '62', '5', '84', '33']
[2024-03-21 23:54:55,457][flwr][DEBUG] - evaluate_round 27: strategy sampled 20 clients (out of 100)
[2024-03-21 23:54:57,099][flwr][DEBUG] - evaluate_round 27 received 20 results and 0 failures
[2024-03-21 23:54:57,116][flwr][INFO] - Sampled the following clients: ['7', '83', '60', '6', '34', '32', '9', '97', '4', '47', '78', '48', '76', '61', '51', '13', '54', '5', '64', '87']
[2024-03-21 23:54:57,116][flwr][DEBUG] - fit_round 28: strategy sampled 20 clients (out of 100)
[2024-03-22 00:00:27,987][flwr][DEBUG] - fit_round 28 received 20 results and 0 failures
[2024-03-22 00:00:32,192][flwr][INFO] - fit progress: (28, 0.13151771647334098, {'test_accuracy': 0.6761}, 10090.606735457899)
[2024-03-22 00:00:32,192][flwr][INFO] - Sampled the following clients: ['86', '56', '65', '49', '79', '64', '26', '16', '80', '12', '45', '57', '0', '98', '31', '88', '42', '75', '24', '34']
[2024-03-22 00:00:32,192][flwr][DEBUG] - evaluate_round 28: strategy sampled 20 clients (out of 100)
[2024-03-22 00:00:33,913][flwr][DEBUG] - evaluate_round 28 received 20 results and 0 failures
[2024-03-22 00:00:33,934][flwr][INFO] - Sampled the following clients: ['55', '93', '3', '89', '74', '95', '29', '14', '83', '45', '96', '9', '36', '41', '21', '42', '71', '27', '46', '63']
[2024-03-22 00:00:33,934][flwr][DEBUG] - fit_round 29: strategy sampled 20 clients (out of 100)
[2024-03-22 00:19:27,943][flwr][DEBUG] - fit_round 29 received 20 results and 0 failures
[2024-03-22 00:19:31,016][flwr][INFO] - fit progress: (29, 0.13158727947473525, {'test_accuracy': 0.6389}, 10328.02884387481)
[2024-03-22 00:19:31,017][flwr][INFO] - Sampled the following clients: ['49', '70', '77', '4', '6', '48', '46', '63', '75', '25', '61', '66', '83', '88', '13', '85', '84', '18', '38', '39']
[2024-03-22 00:19:31,017][flwr][DEBUG] - evaluate_round 29: strategy sampled 20 clients (out of 100)
[2024-03-22 00:19:32,317][flwr][DEBUG] - evaluate_round 29 received 20 results and 0 failures
[2024-03-22 00:19:32,344][flwr][INFO] - Sampled the following clients: ['99', '18', '38', '15', '22', '59', '66', '19', '64', '96', '78', '26', '11', '5', '68', '33', '42', '62', '86', '35']
[2024-03-22 00:19:32,344][flwr][DEBUG] - fit_round 30: strategy sampled 20 clients (out of 100)
[2024-03-22 00:26:06,703][flwr][DEBUG] - fit_round 30 received 20 results and 0 failures
[2024-03-22 00:26:09,826][flwr][INFO] - fit progress: (30, 0.12573901939988136, {'test_accuracy': 0.6913}, 10726.836546208011)
[2024-03-22 00:26:09,826][flwr][INFO] - Sampled the following clients: ['74', '89', '15', '44', '54', '58', '5', '62', '63', '30', '55', '45', '56', '69', '2', '38', '67', '11', '37', '3']
[2024-03-22 00:26:09,827][flwr][DEBUG] - evaluate_round 30: strategy sampled 20 clients (out of 100)
[2024-03-22 00:26:11,073][flwr][DEBUG] - evaluate_round 30 received 20 results and 0 failures
[2024-03-22 00:26:11,096][flwr][INFO] - Sampled the following clients: ['76', '17', '34', '45', '93', '8', '25', '96', '98', '91', '18', '29', '85', '68', '55', '20', '9', '95', '14', '26']
[2024-03-22 00:26:11,096][flwr][DEBUG] - fit_round 31: strategy sampled 20 clients (out of 100)
[2024-03-22 00:33:02,552][flwr][DEBUG] - fit_round 31 received 20 results and 0 failures
[2024-03-22 00:33:05,781][flwr][INFO] - fit progress: (31, 0.1266278943389654, {'test_accuracy': 0.6645}, 11142.789063457865)
[2024-03-22 00:33:05,781][flwr][INFO] - Sampled the following clients: ['64', '36', '62', '47', '5', '75', '48', '0', '13', '25', '8', '95', '38', '18', '70', '60', '30', '72', '87', '41']
[2024-03-22 00:33:05,781][flwr][DEBUG] - evaluate_round 31: strategy sampled 20 clients (out of 100)
[2024-03-22 00:33:07,247][flwr][DEBUG] - evaluate_round 31 received 20 results and 0 failures
[2024-03-22 00:33:07,274][flwr][INFO] - Sampled the following clients: ['98', '87', '24', '22', '59', '20', '42', '80', '39', '53', '97', '67', '38', '14', '45', '48', '3', '54', '16', '62']
[2024-03-22 00:33:07,274][flwr][DEBUG] - fit_round 32: strategy sampled 20 clients (out of 100)
[2024-03-22 00:40:26,627][flwr][DEBUG] - fit_round 32 received 20 results and 0 failures
[2024-03-22 00:40:30,204][flwr][INFO] - fit progress: (32, 0.12568653328716756, {'test_accuracy': 0.6768}, 11587.21002095798)
[2024-03-22 00:40:30,204][flwr][INFO] - Sampled the following clients: ['27', '63', '8', '0', '1', '50', '59', '44', '49', '89', '64', '55', '9', '66', '71', '16', '42', '34', '87', '99']
[2024-03-22 00:40:30,204][flwr][DEBUG] - evaluate_round 32: strategy sampled 20 clients (out of 100)
[2024-03-22 00:40:31,842][flwr][DEBUG] - evaluate_round 32 received 20 results and 0 failures
[2024-03-22 00:40:31,880][flwr][INFO] - Sampled the following clients: ['14', '44', '54', '95', '61', '12', '49', '91', '7', '98', '30', '50', '72', '82', '41', '11', '52', '13', '18', '28']
[2024-03-22 00:40:31,880][flwr][DEBUG] - fit_round 33: strategy sampled 20 clients (out of 100)
[2024-03-22 00:47:48,555][flwr][DEBUG] - fit_round 33 received 20 results and 0 failures
[2024-03-22 00:47:52,137][flwr][INFO] - fit progress: (33, 0.12014795090556145, {'test_accuracy': 0.7146}, 12029.164814791875)
[2024-03-22 00:47:52,137][flwr][INFO] - Sampled the following clients: ['50', '19', '85', '14', '94', '33', '56', '68', '51', '58', '70', '16', '45', '9', '63', '11', '31', '4', '27', '22']
[2024-03-22 00:47:52,137][flwr][DEBUG] - evaluate_round 33: strategy sampled 20 clients (out of 100)
[2024-03-22 00:47:53,776][flwr][DEBUG] - evaluate_round 33 received 20 results and 0 failures
[2024-03-22 00:47:53,808][flwr][INFO] - Sampled the following clients: ['70', '39', '19', '91', '11', '40', '72', '13', '97', '71', '66', '2', '58', '4', '23', '84', '27', '16', '96', '44']
[2024-03-22 00:47:53,808][flwr][DEBUG] - fit_round 34: strategy sampled 20 clients (out of 100)
[2024-03-22 00:55:35,859][flwr][DEBUG] - fit_round 34 received 20 results and 0 failures
[2024-03-22 00:55:38,871][flwr][INFO] - fit progress: (34, 0.12077626766562462, {'test_accuracy': 0.6933}, 12495.900662916945)
[2024-03-22 00:55:38,872][flwr][INFO] - Sampled the following clients: ['54', '29', '22', '96', '66', '31', '55', '98', '79', '93', '63', '78', '50', '65', '20', '46', '64', '0', '76', '97']
[2024-03-22 00:55:38,872][flwr][DEBUG] - evaluate_round 34: strategy sampled 20 clients (out of 100)
[2024-03-22 00:55:40,471][flwr][DEBUG] - evaluate_round 34 received 20 results and 0 failures
[2024-03-22 00:55:40,496][flwr][INFO] - Sampled the following clients: ['88', '95', '18', '78', '63', '85', '26', '15', '66', '96', '6', '45', '22', '71', '79', '60', '62', '76', '32', '83']
[2024-03-22 00:55:40,496][flwr][DEBUG] - fit_round 35: strategy sampled 20 clients (out of 100)
[2024-03-22 01:01:06,833][flwr][DEBUG] - fit_round 35 received 20 results and 0 failures
[2024-03-22 01:01:10,012][flwr][INFO] - fit progress: (35, 0.11946290385723114, {'test_accuracy': 0.7157}, 12827.042080957908)
[2024-03-22 01:01:10,012][flwr][INFO] - Sampled the following clients: ['45', '73', '56', '26', '59', '33', '1', '74', '49', '5', '89', '68', '35', '79', '39', '42', '70', '14', '9', '21']
[2024-03-22 01:01:10,012][flwr][DEBUG] - evaluate_round 35: strategy sampled 20 clients (out of 100)
[2024-03-22 01:01:11,434][flwr][DEBUG] - evaluate_round 35 received 20 results and 0 failures
[2024-03-22 01:01:11,452][flwr][INFO] - Sampled the following clients: ['15', '4', '63', '45', '75', '46', '90', '99', '12', '8', '60', '0', '80', '21', '54', '11', '30', '82', '22', '65']
[2024-03-22 01:01:11,452][flwr][DEBUG] - fit_round 36: strategy sampled 20 clients (out of 100)
[2024-03-22 01:04:52,858][flwr][DEBUG] - fit_round 36 received 20 results and 0 failures
[2024-03-22 01:04:55,817][flwr][INFO] - fit progress: (36, 0.12021154579520225, {'test_accuracy': 0.707}, 13052.847890457837)
[2024-03-22 01:04:55,817][flwr][INFO] - Sampled the following clients: ['18', '16', '70', '28', '4', '48', '55', '42', '68', '11', '57', '53', '20', '59', '82', '10', '94', '5', '38', '51']
[2024-03-22 01:04:55,817][flwr][DEBUG] - evaluate_round 36: strategy sampled 20 clients (out of 100)
[2024-03-22 01:04:57,449][flwr][DEBUG] - evaluate_round 36 received 20 results and 0 failures
[2024-03-22 01:04:57,477][flwr][INFO] - Sampled the following clients: ['55', '2', '38', '34', '26', '66', '29', '63', '19', '82', '78', '25', '70', '68', '93', '52', '31', '35', '73', '41']
[2024-03-22 01:04:57,477][flwr][DEBUG] - fit_round 37: strategy sampled 20 clients (out of 100)
[2024-03-22 01:08:52,703][flwr][DEBUG] - fit_round 37 received 20 results and 0 failures
[2024-03-22 01:08:55,687][flwr][INFO] - fit progress: (37, 0.11612024011313915, {'test_accuracy': 0.7227}, 13292.7191407918)
[2024-03-22 01:08:55,688][flwr][INFO] - Sampled the following clients: ['17', '3', '16', '25', '53', '66', '67', '44', '47', '41', '0', '18', '65', '76', '92', '50', '33', '22', '34', '26']
[2024-03-22 01:08:55,688][flwr][DEBUG] - evaluate_round 37: strategy sampled 20 clients (out of 100)
[2024-03-22 01:08:57,513][flwr][DEBUG] - evaluate_round 37 received 20 results and 0 failures
[2024-03-22 01:08:57,539][flwr][INFO] - Sampled the following clients: ['49', '24', '86', '91', '5', '65', '13', '54', '10', '20', '56', '95', '31', '50', '11', '34', '39', '74', '32', '52']
[2024-03-22 01:08:57,539][flwr][DEBUG] - fit_round 38: strategy sampled 20 clients (out of 100)
[2024-03-22 01:12:54,647][flwr][DEBUG] - fit_round 38 received 20 results and 0 failures
[2024-03-22 01:12:57,666][flwr][INFO] - fit progress: (38, 0.11580177485346795, {'test_accuracy': 0.7242}, 13534.698902874952)
[2024-03-22 01:12:57,667][flwr][INFO] - Sampled the following clients: ['17', '93', '68', '88', '13', '28', '20', '83', '84', '87', '76', '37', '60', '64', '70', '96', '30', '95', '98', '6']
[2024-03-22 01:12:57,667][flwr][DEBUG] - evaluate_round 38: strategy sampled 20 clients (out of 100)
[2024-03-22 01:12:59,089][flwr][DEBUG] - evaluate_round 38 received 20 results and 0 failures
[2024-03-22 01:12:59,110][flwr][INFO] - Sampled the following clients: ['67', '2', '30', '74', '62', '82', '22', '35', '14', '9', '57', '8', '99', '33', '19', '90', '23', '66', '58', '37']
[2024-03-22 01:12:59,110][flwr][DEBUG] - fit_round 39: strategy sampled 20 clients (out of 100)
[2024-03-22 01:16:51,314][flwr][DEBUG] - fit_round 39 received 20 results and 0 failures
[2024-03-22 01:16:54,301][flwr][INFO] - fit progress: (39, 0.11546365744769574, {'test_accuracy': 0.6912}, 13771.334072042024)
[2024-03-22 01:16:54,301][flwr][INFO] - Sampled the following clients: ['26', '67', '91', '27', '71', '15', '41', '17', '6', '46', '59', '31', '22', '40', '83', '65', '56', '39', '80', '53']
[2024-03-22 01:16:54,301][flwr][DEBUG] - evaluate_round 39: strategy sampled 20 clients (out of 100)
[2024-03-22 01:16:55,942][flwr][DEBUG] - evaluate_round 39 received 20 results and 0 failures
[2024-03-22 01:16:55,965][flwr][INFO] - Sampled the following clients: ['61', '85', '96', '57', '44', '65', '94', '62', '39', '73', '7', '18', '74', '75', '88', '98', '16', '83', '34', '68']
[2024-03-22 01:16:55,965][flwr][DEBUG] - fit_round 40: strategy sampled 20 clients (out of 100)
[2024-03-22 01:20:57,481][flwr][DEBUG] - fit_round 40 received 20 results and 0 failures
[2024-03-22 01:21:00,491][flwr][INFO] - fit progress: (40, 0.1161854334950447, {'test_accuracy': 0.7109}, 14017.46878191689)
[2024-03-22 01:21:00,492][flwr][INFO] - Sampled the following clients: ['72', '27', '76', '82', '39', '25', '50', '61', '74', '54', '92', '46', '13', '77', '91', '90', '60', '40', '99', '71']
[2024-03-22 01:21:00,492][flwr][DEBUG] - evaluate_round 40: strategy sampled 20 clients (out of 100)
[2024-03-22 01:21:02,222][flwr][DEBUG] - evaluate_round 40 received 20 results and 0 failures
[2024-03-22 01:21:02,250][flwr][INFO] - Sampled the following clients: ['21', '93', '32', '23', '39', '55', '34', '81', '20', '88', '82', '94', '3', '87', '25', '66', '70', '99', '7', '45']
[2024-03-22 01:21:02,251][flwr][DEBUG] - fit_round 41: strategy sampled 20 clients (out of 100)
[2024-03-22 01:25:11,626][flwr][DEBUG] - fit_round 41 received 20 results and 0 failures
[2024-03-22 01:25:14,718][flwr][INFO] - fit progress: (41, 0.11481214207410813, {'test_accuracy': 0.7044}, 14271.690796250012)
[2024-03-22 01:25:14,721][flwr][INFO] - Sampled the following clients: ['38', '70', '59', '23', '24', '20', '12', '86', '73', '81', '49', '68', '51', '71', '85', '0', '80', '41', '61', '7']
[2024-03-22 01:25:14,721][flwr][DEBUG] - evaluate_round 41: strategy sampled 20 clients (out of 100)
[2024-03-22 01:25:16,274][flwr][DEBUG] - evaluate_round 41 received 20 results and 0 failures
[2024-03-22 01:25:16,311][flwr][INFO] - Sampled the following clients: ['45', '12', '91', '6', '85', '56', '8', '5', '13', '47', '43', '18', '88', '66', '29', '35', '58', '53', '34', '17']
[2024-03-22 01:25:16,311][flwr][DEBUG] - fit_round 42: strategy sampled 20 clients (out of 100)
[2024-03-22 01:29:25,371][flwr][DEBUG] - fit_round 42 received 20 results and 0 failures
[2024-03-22 01:29:28,374][flwr][INFO] - fit progress: (42, 0.11294133769869805, {'test_accuracy': 0.7019}, 14525.341741041979)
[2024-03-22 01:29:28,374][flwr][INFO] - Sampled the following clients: ['86', '7', '1', '93', '81', '61', '60', '88', '62', '40', '69', '35', '44', '90', '79', '53', '21', '50', '26', '58']
[2024-03-22 01:29:28,374][flwr][DEBUG] - evaluate_round 42: strategy sampled 20 clients (out of 100)
[2024-03-22 01:29:29,890][flwr][DEBUG] - evaluate_round 42 received 20 results and 0 failures
[2024-03-22 01:29:29,919][flwr][INFO] - Sampled the following clients: ['90', '25', '82', '35', '51', '3', '97', '84', '10', '37', '6', '15', '86', '38', '5', '85', '1', '17', '42', '29']
[2024-03-22 01:29:29,920][flwr][DEBUG] - fit_round 43: strategy sampled 20 clients (out of 100)
[2024-03-22 01:33:55,400][flwr][DEBUG] - fit_round 43 received 20 results and 0 failures
[2024-03-22 01:33:58,429][flwr][INFO] - fit progress: (43, 0.11143677084445953, {'test_accuracy': 0.6985}, 14795.391716624843)
[2024-03-22 01:33:58,429][flwr][INFO] - Sampled the following clients: ['13', '44', '9', '42', '82', '12', '69', '50', '48', '21', '45', '95', '71', '34', '46', '59', '93', '22', '64', '10']
[2024-03-22 01:33:58,429][flwr][DEBUG] - evaluate_round 43: strategy sampled 20 clients (out of 100)
[2024-03-22 01:33:59,945][flwr][DEBUG] - evaluate_round 43 received 20 results and 0 failures
[2024-03-22 01:33:59,970][flwr][INFO] - Sampled the following clients: ['79', '7', '85', '69', '34', '87', '66', '25', '27', '52', '55', '38', '75', '30', '43', '91', '95', '40', '17', '35']
[2024-03-22 01:33:59,970][flwr][DEBUG] - fit_round 44: strategy sampled 20 clients (out of 100)
[2024-03-22 01:38:46,354][flwr][DEBUG] - fit_round 44 received 20 results and 0 failures
[2024-03-22 01:38:49,313][flwr][INFO] - fit progress: (44, 0.10886190972328186, {'test_accuracy': 0.7381}, 15086.270866208011)
[2024-03-22 01:38:49,313][flwr][INFO] - Sampled the following clients: ['37', '73', '34', '63', '55', '66', '58', '24', '86', '93', '80', '32', '59', '83', '88', '12', '9', '13', '29', '14']
[2024-03-22 01:38:49,313][flwr][DEBUG] - evaluate_round 44: strategy sampled 20 clients (out of 100)
[2024-03-22 01:38:50,894][flwr][DEBUG] - evaluate_round 44 received 20 results and 0 failures
[2024-03-22 01:38:50,923][flwr][INFO] - Sampled the following clients: ['87', '5', '38', '6', '65', '3', '30', '52', '29', '57', '22', '83', '70', '7', '40', '58', '8', '63', '99', '56']
[2024-03-22 01:38:50,923][flwr][DEBUG] - fit_round 45: strategy sampled 20 clients (out of 100)
[2024-03-22 01:43:39,437][flwr][DEBUG] - fit_round 45 received 20 results and 0 failures
[2024-03-22 01:43:42,472][flwr][INFO] - fit progress: (45, 0.1104180361777544, {'test_accuracy': 0.6915}, 15379.424779125024)
[2024-03-22 01:43:42,473][flwr][INFO] - Sampled the following clients: ['41', '34', '97', '31', '24', '28', '45', '16', '89', '73', '10', '43', '90', '60', '57', '32', '3', '78', '50', '40']
[2024-03-22 01:43:42,473][flwr][DEBUG] - evaluate_round 45: strategy sampled 20 clients (out of 100)
[2024-03-22 01:43:44,212][flwr][DEBUG] - evaluate_round 45 received 20 results and 0 failures
[2024-03-22 01:43:44,240][flwr][INFO] - Sampled the following clients: ['73', '34', '72', '36', '14', '39', '21', '86', '37', '3', '26', '92', '4', '24', '81', '50', '67', '52', '40', '94']
[2024-03-22 01:43:44,240][flwr][DEBUG] - fit_round 46: strategy sampled 20 clients (out of 100)
[2024-03-22 01:48:45,800][flwr][DEBUG] - fit_round 46 received 20 results and 0 failures
[2024-03-22 01:48:48,875][flwr][INFO] - fit progress: (46, 0.10788046696186065, {'test_accuracy': 0.736}, 15685.821656957967)
[2024-03-22 01:48:48,875][flwr][INFO] - Sampled the following clients: ['67', '47', '19', '92', '73', '38', '6', '10', '61', '60', '7', '79', '93', '52', '58', '62', '56', '63', '33', '31']
[2024-03-22 01:48:48,875][flwr][DEBUG] - evaluate_round 46: strategy sampled 20 clients (out of 100)
[2024-03-22 01:48:50,295][flwr][DEBUG] - evaluate_round 46 received 20 results and 0 failures
[2024-03-22 01:48:50,327][flwr][INFO] - Sampled the following clients: ['99', '64', '61', '8', '97', '42', '88', '57', '44', '46', '32', '11', '49', '20', '28', '60', '40', '10', '69', '80']
[2024-03-22 01:48:50,327][flwr][DEBUG] - fit_round 47: strategy sampled 20 clients (out of 100)
[2024-03-22 01:54:34,509][flwr][DEBUG] - fit_round 47 received 20 results and 0 failures
[2024-03-22 01:54:38,153][flwr][INFO] - fit progress: (47, 0.11146435704231263, {'test_accuracy': 0.6995}, 16035.092876042007)
[2024-03-22 01:54:38,153][flwr][INFO] - Sampled the following clients: ['3', '31', '95', '17', '53', '18', '88', '37', '40', '64', '24', '30', '67', '85', '58', '90', '45', '74', '11', '65']
[2024-03-22 01:54:38,153][flwr][DEBUG] - evaluate_round 47: strategy sampled 20 clients (out of 100)
[2024-03-22 01:54:39,950][flwr][DEBUG] - evaluate_round 47 received 20 results and 0 failures
[2024-03-22 01:54:39,978][flwr][INFO] - Sampled the following clients: ['55', '48', '40', '10', '67', '39', '26', '58', '11', '93', '89', '3', '51', '35', '12', '59', '52', '72', '99', '53']
[2024-03-22 01:54:39,978][flwr][DEBUG] - fit_round 48: strategy sampled 20 clients (out of 100)
[2024-03-22 02:11:36,154][flwr][DEBUG] - fit_round 48 received 20 results and 0 failures
[2024-03-22 02:11:39,462][flwr][INFO] - fit progress: (48, 0.10674135829210281, {'test_accuracy': 0.7227}, 16462.884254166856)
[2024-03-22 02:11:39,463][flwr][INFO] - Sampled the following clients: ['82', '2', '84', '6', '17', '65', '46', '19', '38', '47', '85', '14', '74', '27', '43', '95', '83', '52', '49', '89']
[2024-03-22 02:11:39,463][flwr][DEBUG] - evaluate_round 48: strategy sampled 20 clients (out of 100)
[2024-03-22 02:11:41,267][flwr][DEBUG] - evaluate_round 48 received 20 results and 0 failures
[2024-03-22 02:11:41,295][flwr][INFO] - Sampled the following clients: ['20', '50', '8', '97', '24', '32', '89', '46', '63', '65', '83', '6', '40', '66', '47', '9', '68', '61', '7', '93']
[2024-03-22 02:11:41,295][flwr][DEBUG] - fit_round 49: strategy sampled 20 clients (out of 100)
[2024-03-22 02:56:20,214][flwr][DEBUG] - fit_round 49 received 20 results and 0 failures
[2024-03-22 02:56:23,986][flwr][INFO] - fit progress: (49, 0.10661893652081489, {'test_accuracy': 0.7277}, 16964.671889499994)
[2024-03-22 02:56:23,990][flwr][INFO] - Sampled the following clients: ['25', '15', '92', '57', '34', '79', '41', '59', '93', '42', '4', '86', '95', '50', '71', '22', '8', '20', '17', '96']
[2024-03-22 02:56:23,990][flwr][DEBUG] - evaluate_round 49: strategy sampled 20 clients (out of 100)
[2024-03-22 02:56:26,290][flwr][DEBUG] - evaluate_round 49 received 20 results and 0 failures
[2024-03-22 02:56:26,318][flwr][INFO] - Sampled the following clients: ['48', '9', '22', '82', '71', '57', '19', '34', '15', '7', '68', '56', '89', '78', '31', '74', '18', '62', '36', '3']
[2024-03-22 02:56:26,319][flwr][DEBUG] - fit_round 50: strategy sampled 20 clients (out of 100)
[2024-03-22 03:06:04,837][flwr][DEBUG] - fit_round 50 received 20 results and 0 failures
[2024-03-22 03:06:08,062][flwr][INFO] - fit progress: (50, 0.11067709782719612, {'test_accuracy': 0.696}, 17548.75790566695)
[2024-03-22 03:06:08,065][flwr][INFO] - Sampled the following clients: ['21', '57', '20', '99', '28', '50', '37', '66', '39', '9', '78', '35', '52', '11', '25', '77', '93', '10', '89', '56']
[2024-03-22 03:06:08,065][flwr][DEBUG] - evaluate_round 50: strategy sampled 20 clients (out of 100)
[2024-03-22 03:07:31,133][flwr][DEBUG] - evaluate_round 50 received 20 results and 0 failures
[2024-03-22 03:07:31,171][flwr][INFO] - FL finished in 17551.770113999955
[2024-03-22 03:07:31,177][flwr][INFO] - app_fit: losses_distributed [(1, 0.30348919969923954), (2, 0.3050531364612646), (3, 0.29454984451968697), (4, 0.2788531753487718), (5, 0.2760814804177097), (6, 0.2726481544961091), (7, 0.2646063807781715), (8, 0.25241440839871554), (9, 0.24976643261702164), (10, 0.22992508822610327), (11, 0.21251616113466726), (12, 0.19532280125516527), (13, 0.19757506129428343), (14, 0.19132839283478648), (15, 0.19763448796947763), (16, 0.18389199684370833), (17, 0.16290798191338368), (18, 0.1657200238387573), (19, 0.16698516090341473), (20, 0.16822652447193534), (21, 0.15495306037105525), (22, 0.1493704377176916), (23, 0.1412417101541195), (24, 0.16274973822921418), (25, 0.1483931514681602), (26, 0.12969521045684815), (27, 0.13114709121475315), (28, 0.15427610454901916), (29, 0.14681574438222614), (30, 0.13190302586893446), (31, 0.1310954227391317), (32, 0.13109320811833639), (33, 0.1381823182705562), (34, 0.1431859233563831), (35, 0.11747711165064186), (36, 0.12637791810399396), (37, 0.11714136933086207), (38, 0.1293879752024496), (39, 0.1300004430774118), (40, 0.12897635112232012), (41, 0.12134714692510053), (42, 0.118083355953167), (43, 0.12182721729860657), (44, 0.11783258446482071), (45, 0.11972427243244148), (46, 0.1073040232600936), (47, 0.12537670449239796), (48, 0.11867435341616456), (49, 0.1100674301435633), (50, 0.11454123797624008)]
[2024-03-22 03:07:31,177][flwr][INFO] - app_fit: metrics_distributed_fit {'train_loss': [(1, 0.3286235064544902), (2, 0.30454966940272693), (3, 0.29751978827736275), (4, 0.3020427811727391), (5, 0.3065068213373726), (6, 0.26116388889585723), (7, 0.25465396734938717), (8, 0.22454738935059684), (9, 0.2081857734931087), (10, 0.2218863367498968), (11, 0.19987052791657742), (12, 0.21441379286146708), (13, 0.19347231823682157), (14, 0.18967506093649508), (15, 0.19373927282469094), (16, 0.17385054542097586), (17, 0.1589508252940214), (18, 0.18041055926138125), (19, 0.1626116697823855), (20, 0.1456303618433718), (21, 0.14402973858452747), (22, 0.13935597685280318), (23, 0.1395336879151208), (24, 0.14159604940180728), (25, 0.11821625282752368), (26, 0.113666914784885), (27, 0.1100913142741503), (28, 0.1293698753115205), (29, 0.12963923764297333), (30, 0.10843951935395324), (31, 0.12397499848584458), (32, 0.12399037016207766), (33, 0.11442193351477489), (34, 0.09940004135485606), (35, 0.11267813328963618), (36, 0.1218284252350589), (37, 0.10647695938325567), (38, 0.11557085250817993), (39, 0.09055211696495345), (40, 0.10468597231035269), (41, 0.11081525258853842), (42, 0.11643953457209329), (43, 0.09660382045639962), (44, 0.1089657393556682), (45, 0.1027998630501693), (46, 0.10321219016564967), (47, 0.11241328796998981), (48, 0.09584133161292922), (49, 0.1085010860516379), (50, 0.08806179043946613)], 'train_accuracy': [(1, 0.6554199569274947), (2, 0.6609445877434849), (3, 0.6876125485735949), (4, 0.7014625228519196), (5, 0.673671315491896), (6, 0.7443235128541941), (7, 0.737656595431098), (8, 0.790255905511811), (9, 0.8302748020493712), (10, 0.7583392476933996), (11, 0.8226591760299625), (12, 0.8065141169957557), (13, 0.8216687874931831), (14, 0.8210746431493772), (15, 0.8236533528765115), (16, 0.8540410132689988), (17, 0.8796588169849805), (18, 0.8253275109170306), (19, 0.8632971185640057), (20, 0.8721624850657109), (21, 0.8728062072787733), (22, 0.8845241484011765), (23, 0.8756647716853109), (24, 0.8688030160226202), (25, 0.9078611295052502), (26, 0.9069858329262335), (27, 0.9052871814378091), (28, 0.882412337066275), (29, 0.8749425287356322), (30, 0.9095018450184502), (31, 0.8841989355845109), (32, 0.8904122452812471), (33, 0.8920406033583151), (34, 0.9240756421112052), (35, 0.8918326329252695), (36, 0.8829879518072289), (37, 0.9027259148618372), (38, 0.891796256634696), (39, 0.9298177588212485), (40, 0.9057781919850886), (41, 0.8867413993042134), (42, 0.8855771892590201), (43, 0.9197644460802356), (44, 0.8932898415657037), (45, 0.9079552925706772), (46, 0.8948054366039844), (47, 0.8784144210429504), (48, 0.9123475609756098), (49, 0.8950250603304251), (50, 0.9301717699775952)]}
[2024-03-22 03:07:31,178][flwr][INFO] - app_fit: metrics_distributed {'test_accuracy': [(1, 0.11148936170212766), (2, 0.11800699300699301), (3, 0.4649737302977233), (4, 0.33665835411471323), (5, 0.45676855895196505), (6, 0.31070496083550914), (7, 0.24317617866004962), (8, 0.4995801847187238), (9, 0.3130434782608696), (10, 0.5149253731343284), (11, 0.5939849624060151), (12, 0.6646808510638298), (13, 0.5926892950391645), (14, 0.6627810158201499), (15, 0.5708298407376362), (16, 0.6219931271477663), (17, 0.6883561643835616), (18, 0.6625615763546798), (19, 0.6466610312764159), (20, 0.6107834877843302), (21, 0.6584116140051238), (22, 0.7116237799467613), (23, 0.7471958584987057), (24, 0.5757328990228013), (25, 0.6326530612244898), (26, 0.7131914893617022), (27, 0.7502061005770816), (28, 0.6357560568086884), (29, 0.6218211648892535), (30, 0.7353951890034365), (31, 0.6708754208754208), (32, 0.6739312657166806), (33, 0.6697401508801342), (34, 0.6089850249584027), (35, 0.7827557058326289), (36, 0.7008474576271186), (37, 0.7644991212653779), (38, 0.6947626841243862), (39, 0.6607142857142857), (40, 0.6788194444444444), (41, 0.6917978458989229), (42, 0.7264069264069264), (43, 0.6714046822742475), (44, 0.7359125315391085), (45, 0.6800684345594525), (46, 0.7654618473895582), (47, 0.6641350210970464), (48, 0.7007419620774938), (49, 0.7245409015025042), (50, 0.7017391304347826)]}
[2024-03-22 03:07:31,179][flwr][INFO] - app_fit: losses_centralized [(0, 0.28782366318702696), (1, 0.28602484266757966), (2, 0.2829693235754967), (3, 0.2745652006864548), (4, 0.26727179160118103), (5, 0.2582021075129509), (6, 0.2518089261174202), (7, 0.24116255007982254), (8, 0.23287240955829622), (9, 0.22550972133874894), (10, 0.21508274154663085), (11, 0.20609419243335725), (12, 0.1930958205461502), (13, 0.19020299592018128), (14, 0.1798699748158455), (15, 0.17487949361205102), (16, 0.17164068925976753), (17, 0.16291942766308784), (18, 0.16072173652648925), (19, 0.152738225543499), (20, 0.15151498349905013), (21, 0.1487900457561016), (22, 0.14213919789195062), (23, 0.13983734257221223), (24, 0.13919173889756203), (25, 0.13721166472434998), (26, 0.13647280399203301), (27, 0.1329056791305542), (28, 0.13151771647334098), (29, 0.13158727947473525), (30, 0.12573901939988136), (31, 0.1266278943389654), (32, 0.12568653328716756), (33, 0.12014795090556145), (34, 0.12077626766562462), (35, 0.11946290385723114), (36, 0.12021154579520225), (37, 0.11612024011313915), (38, 0.11580177485346795), (39, 0.11546365744769574), (40, 0.1161854334950447), (41, 0.11481214207410813), (42, 0.11294133769869805), (43, 0.11143677084445953), (44, 0.10886190972328186), (45, 0.1104180361777544), (46, 0.10788046696186065), (47, 0.11146435704231263), (48, 0.10674135829210281), (49, 0.10661893652081489), (50, 0.11067709782719612)]
[2024-03-22 03:07:31,183][flwr][INFO] - app_fit: metrics_centralized {'test_accuracy': [(0, 0.106), (1, 0.1), (2, 0.1319), (3, 0.3843), (4, 0.3429), (5, 0.4708), (6, 0.3039), (7, 0.2898), (8, 0.5336), (9, 0.3792), (10, 0.4916), (11, 0.5278), (12, 0.6049), (13, 0.4885), (14, 0.6427), (15, 0.6278), (16, 0.584), (17, 0.6163), (18, 0.6282), (19, 0.6601), (20, 0.6469), (21, 0.6512), (22, 0.686), (23, 0.689), (24, 0.6885), (25, 0.6717), (26, 0.6544), (27, 0.6756), (28, 0.6761), (29, 0.6389), (30, 0.6913), (31, 0.6645), (32, 0.6768), (33, 0.7146), (34, 0.6933), (35, 0.7157), (36, 0.707), (37, 0.7227), (38, 0.7242), (39, 0.6912), (40, 0.7109), (41, 0.7044), (42, 0.7019), (43, 0.6985), (44, 0.7381), (45, 0.6915), (46, 0.736), (47, 0.6995), (48, 0.7227), (49, 0.7277), (50, 0.696)]}
[2024-03-22 03:07:33,411][flwr][INFO] - Cleaned up ray temp session: /tmp/ray/session_2024-03-21_19-52-44_441002_50638 with size: 885347516416
[2024-03-22 03:07:33,412][flwr][INFO] - Saving ['yaml', 'log', 'wandb']
